/home/nfs/weitseyang/.bashrc: line 20: dirname: command not found
/home/nfs/weitseyang/.bashrc: line 21: dirname: command not found
              total        used        free      shared  buff/cache   available
Mem:         385423       35089      318577         521       31756      348699
Swap:         57080           0       57080
Mon Aug  2 07:55:27 2021       
+-----------------------------------------------------------------------------+
| NVIDIA-SMI 470.57.02    Driver Version: 470.57.02    CUDA Version: 11.4     |
|-------------------------------+----------------------+----------------------+
| GPU  Name        Persistence-M| Bus-Id        Disp.A | Volatile Uncorr. ECC |
| Fan  Temp  Perf  Pwr:Usage/Cap|         Memory-Usage | GPU-Util  Compute M. |
|                               |                      |               MIG M. |
|===============================+======================+======================|
|   0  NVIDIA GeForce ...  On   | 00000000:89:00.0 Off |                  N/A |
| 31%   36C    P8    14W / 250W |      1MiB / 11019MiB |      0%      Default |
|                               |                      |                  N/A |
+-------------------------------+----------------------+----------------------+
                                                                               
+-----------------------------------------------------------------------------+
| Processes:                                                                  |
|  GPU   GI   CI        PID   Type   Process name                  GPU Memory |
|        ID   ID                                                   Usage      |
|=============================================================================|
|  No running processes found                                                 |
+-----------------------------------------------------------------------------+
BML_FOLDER: /tudelft.net/staff-bulk/ewi/insy/VisionLab/students/wyang/dataset/HDF5/BML/
DATASET:
  ANTIALIAS:
    TEST: 1
    TRAIN: 1
  BBOX:
    PARTIAL_VISUALBILITY: False
  COLOR:
    AUG: True
  DATASETPERIMG: 2000
  GEOM:
    AUG: True
    HFLIP: False
    ROT: 20
    SCALE_DOWN: 25
    SCALE_UP: 25
    SHIFT_AUG: 10
  INTERPOLATION:
    TEST: nearest
    TRAIN: nearest
  OCCLUSION:
    PROB: 0.7
    SCALE: 0.8
  TRAINING_USEDEACHFRAME: 2
  USEDEACHFRAME: 1
EVAL_WORKERS: 16
HYP:
  ANGLE: 0.03
  BODY: 0.1
  INTERMEDIATE_MARKER: 1.5
  INTERMEDIATE_POS: 1.5
  MARKER: 2.0
  POS: 1.0
  ROTMAT: 0.1
  SY_BODY: 0.05
LAYER:
  OS_TRANSIT:
    ACT_TYPE: 1
    BN: False
LOSS:
  ANGLE:
    BETA: 5
    EVAL_TYPE: 1
    H: 0.1
    MASKMINVALUE: 0
    TYPE: 3
    USE: True
    USEMASK: True
  BODY:
    BETA: 0.05
    EVAL_TYPE: 1
    H: 0.1
    TYPE: 3
    USE: True
  MARKER:
    BETA: 0.02
    TYPE: 1
    USE: True
  POS:
    BETA: 0.02
    TYPE: 1
    USE: True
  ROTMAT:
    BETA: 0.02
    EVAL_TYPE: 1
    TYPE: 1
    USE: False
  SY_BODY:
    EVAL_TYPE: 1
    TYPE: 1
    USE: False
MODEL:
  CONV_CHANNEL_SIZE: [2048]
  CONV_LAYER: 1
  FULLCONV: True
  IMGSIZE: (256, 256)
  INTERMEDIATE_POSE_ESTIMATION: False
  METRIC_SCALE:
    BBOX_SIZE: 2.2
    DEPTH: 8
    EVAL_STRIDING: 4
    STRIDING: 32
  NUMPRED: 115
  NUM_PRED: 115
  RESNET:
    CENTER_STRIDING: True
    NEXT: True
    PRETRAINED: True
MODEL_FOLDER: /tudelft.net/staff-bulk/ewi/insy/VisionLab/students/wyang/dataset/models/
PASCAL_PATH: /tudelft.net/staff-bulk/ewi/insy/VisionLab/students/wyang/dataset/HDF5/PASCAL/pascal.hdf5
PCA_PATH: None
POSTFIX: OS_MARKER2_Joint3
PREDICTION:
  BODY: ['pelvis', 'lumbar5', 'lumbar4', 'lumbar3', 'lumbar2', 'lumbar1', 'thoracic12', 'thoracic11', 'thoracic10', 'thoracic9', 'thoracic8', 'thoracic7', 'thoracic6', 'thoracic5', 'thoracic4', 'thoracic3', 'thoracic2', 'thoracic1', 'head_neck', 'femur_r', 'tibia_r', 'talus_r', 'calcn_r', 'toes_r', 'femur_l', 'tibia_l', 'talus_l', 'calcn_l', 'toes_l', 'cerv6', 'cerv5', 'cerv4', 'cerv3', 'cerv2', 'cerv1', 'jaw', 'skull', 'thorax', 'clavicle', 'scapula', 'humerus', 'ulna', 'radius', 'clavicle_l', 'scapula_l', 'humerus_l', 'ulna_l', 'radius_l']
  BODY_AMPITUDE_VALUE: [0.38330534, 0.11688988, 0.27979052, 0.18767838, 0.12217734, 0.17559392, 0.25814359, 0.19320878, 0.09488225, 0.23721306, 0.3308586, 0.22396367, 0.08659548, 1e-06, 0.1634575, 0.18397586, 0.23942574, 0.23136499, 0.14410597, 0.14576365, 0.17185328, 0.18178275, 0.15676707, 0.19965802, 0.12167494, 0.14225374, 0.19253547, 0.08705724, 0.13519439, 0.09673029, 0.16227082, 0.25709417, 0.27539152, 0.21485549, 0.11401759, 0.22396367, 0.21485549, 0.1838405, 0.18214334, 0.43287996, 0.43287996, 0.13003099, 0.13036308, 0.2175328, 0.20085876, 0.30206298, 0.3034652, 0.2025831, 0.20302752, 0.1691131, 0.22653959]
  BODY_AVG_VALUE: [1.21267658, 1.19278473, 1.09221309, 0.82231784, 0.65399921, 0.86740023, 1.23414558, 1.13399419, 1.00263798, 1.01988775, 1.04674897, 0.92795962, 0.80902216, 0.94262153, 0.96230629, 0.95413619, 1.04046246, 1.03910667, 0.68939832, 0.71175453, 0.74281865, 0.76454479, 0.9076589, 1.02388528, 0.64942223, 0.89473501, 0.89226717, 0.61283192, 0.7215803, 0.68092433, 1.08504841, 1.17846495, 1.14104316, 1.14461103, 0.74801221, 0.92795962, 1.14461103, 0.89621243, 0.8843008, 1.13165459, 1.13165459, 0.73835266, 0.74087435, 1.07924646, 1.08077973, 1.01209745, 0.99989337, 1.0244289, 1.03203484, 0.82801554, 0.7559647]
  BODY_SCALE_MAPPING: [[0, 1, 2], [10, 3, 9], [10, 3, 9], [10, 3, 9], [10, 3, 9], [10, 3, 9], [10, 3, 9], [10, 4, 9], [10, 4, 9], [10, 5, 9], [10, 5, 9], [10, 6, 9], [10, 6, 9], [10, 6, 9], [10, 6, 9], [10, 6, 9], [10, 6, 9], [10, 6, 9], [11, 7, 9], [16, 14, 16], [20, 18, 20], [20, 18, 20], [22, 23, 24], [28, 30, 30], [17, 15, 17], [21, 19, 21], [21, 19, 21], [25, 26, 27], [29, 31, 31], [11, 7, 9], [11, 7, 9], [11, 7, 9], [11, 7, 9], [11, 7, 9], [11, 7, 9], [12, 8, 13], [12, 8, 13], [32, 33, 34], [37, 35, 41], [39, 36, 41], [45, 43, 45], [49, 47, 49], [49, 47, 49], [38, 35, 42], [40, 36, 42], [46, 44, 46], [50, 48, 50], [50, 48, 50]]
  BODY_SCALE_UNIQUE_NUMS: 51
  BODY_WEIGHTS: [[2.0, 2.0, 2.0], [1.0, 2.0, 1.0], [1.0, 2.0, 1.0], [1.0, 2.0, 1.0], [1.0, 2.0, 1.0], [1.0, 2.0, 1.0], [1.0, 2.0, 1.0], [1.0, 2.0, 1.0], [1.0, 2.0, 1.0], [1.0, 2.0, 1.0], [1.0, 2.0, 1.0], [1.0, 2.0, 1.0], [1.0, 2.0, 1.0], [1.0, 2.0, 1.0], [1.0, 2.0, 1.0], [1.0, 2.0, 1.0], [1.0, 2.0, 1.0], [1.0, 2.0, 1.0], [1.0, 2.0, 1.0], [1.0, 2.0, 1.0], [1.0, 2.0, 1.0], [1.0, 2.0, 1.0], [2.0, 1.0, 1.0], [2.0, 1.0, 1.0], [1.0, 2.0, 1.0], [1.0, 2.0, 1.0], [1.0, 2.0, 1.0], [2.0, 1.0, 1.0], [2.0, 1.0, 1.0], [1.0, 2.0, 1.0], [1.0, 2.0, 1.0], [1.0, 2.0, 1.0], [1.0, 2.0, 1.0], [1.0, 2.0, 1.0], [1.0, 2.0, 1.0], [1.0, 1.0, 2.0], [1.0, 1.0, 2.0], [2.0, 1.0, 1.0], [1.0, 1.0, 2.0], [1.0, 1.0, 2.0], [1.0, 2.0, 1.0], [1.0, 2.0, 1.0], [1.0, 2.0, 1.0], [1.0, 1.0, 2.0], [1.0, 1.0, 2.0], [1.0, 2.0, 1.0], [1.0, 2.0, 1.0], [1.0, 2.0, 1.0]]
  COORDINATES: ['L5_S1_FE', 'L5_S1_LB', 'L5_S1_AR', 'L4_L5_FE', 'L4_L5_LB', 'L4_L5_AR', 'T12_L1_FE', 'T12_L1_LB', 'T12_L1_AR', 'T11_T12_FE', 'T11_T12_LB', 'T11_T12_AR', 'T10_T11_FE', 'T10_T11_LB', 'T10_T11_AR', 'T9_T10_FE', 'T9_T10_LB', 'T9_T10_AR', 'T8_T9_FE', 'T8_T9_LB', 'T8_T9_AR', 'T1_T2_FE', 'T1_T2_LB', 'T1_T2_AR', 'T1_head_neck_FE', 'T1_head_neck_LB', 'T1_head_neck_AR', 'hip_flexion_r', 'hip_adduction_r', 'hip_rotation_r', 'knee_angle_r', 'knee_angle_y_r', 'knee_angle_x_r', 'ankle_angle_r', 'subtalar_angle_r', 'mtp_angle_r', 'hip_flexion_l', 'hip_adduction_l', 'hip_rotation_l', 'knee_angle_l', 'knee_angle_y_l', 'knee_angle_x_l', 'ankle_angle_l', 'subtalar_angle_l', 'mtp_angle_l', 'skull_z', 'skull_y', 'skull_x', 'sternoclavicular_r2', 'sternoclavicular_r3', 'acromioclavicular_r2', 'elv_angle', 'shoulder_elv', 'shoulder1_r2', 'shoulder_rot', 'elbow_flexion', 'elbow_x', 'pro_sup', 'sternoclavicular_r2_l', 'sternoclavicular_r3_l', 'acromioclavicular_r2_l', 'elv_angle_l', 'shoulder_elv_l', 'shoulder1_r2_l', 'shoulder_rot_l', 'elbow_flexion_l', 'elbow_x_l', 'pro_sup_l', 'ribs_bending']
  JOINTS: ['ground_pelvis', 'L5_S1_IVDjnt', 'L4_L5_IVDjnt', 'L3_L4_IVDjnt', 'L2_L3_IVDjnt', 'L1_L2_IVDjnt', 'T12_L1_IVDjnt', 'T11_T12_IVDjnt', 'T10_T11_IVDjnt', 'T9_T10_IVDjnt', 'T8_T9_IVDjnt', 'T7_T8_IVDjnt', 'T6_T7_IVDjnt', 'T5_T6_IVDjnt', 'T4_T5_IVDjnt', 'T3_T4_IVDjnt', 'T2_T3_IVDjnt', 'T1_T2_IVDjnt', 'T1_head_neck', 'hip_r', 'knee_r', 'ankle_r', 'subtalar_r', 'mtp_r', 'hip_l', 'knee_l', 'ankle_l', 'subtalar_l', 'mtp_l', 'C7_cerv6', 'C7_cerv5', 'C7_cerv4', 'C7_cerv3', 'C7_cerv2', 'C7_cerv1', 'skull_jaw', 'C7_skull', 'sternoclavicular', 'acromioclavicular', 'shoulder2', 'elbow', 'radioulnar', 'sternoclavicular_l', 'acromioclavicular_l', 'shoulder2_l', 'elbow_l', 'radioulnar_l', 'T1_rib']
  Joints_Inside_Cylinder_Body_LIST: [['ROOT', 'Torso'], ['RHIPJ', 'Torso'], ['LHIPJ', 'Torso'], ['Spine1', 'Torso'], ['Spine2', 'Torso'], ['Spine3', 'Torso'], ['LCOL', 'Torso'], ['RCOL', 'Torso'], ['NECK', 'Torso'], ['HEAD', 'HEAD'], ['RKNE', 'RightLeg'], ['RKNI', 'RightLeg'], ['LKNE', 'LeftLeg'], ['LKNI', 'LeftLeg'], ['LANK', 'LeftShrank'], ['RANK', 'RightShrank'], ['LANI', 'LeftShrank'], ['RANI', 'RightShrank'], ['RTOE', 'RightFOOT'], ['LTOE', 'LeftFOOT'], ['RMT1', 'RightFOOT'], ['LMT1', 'LeftFOOT'], ['RMT5', 'RightFOOT'], ['LMT5', 'LeftFOOT'], ['LELB', 'LeftArm'], ['RELB', 'RightArm'], ['LELBIN', 'LeftArm'], ['RELBIN', 'RightArm'], ['LIWR', 'LeftForearm'], ['RIWR', 'RightForearm'], ['LOWR', 'LeftForearm'], ['ROWR', 'RightForearm'], ['ground_pelvis', 'Torso'], ['L5_S1_IVDjnt', 'Torso'], ['L4_L5_IVDjnt', 'Torso'], ['L3_L4_IVDjnt', 'Torso'], ['L2_L3_IVDjnt', 'Torso'], ['L1_L2_IVDjnt', 'Torso'], ['T12_L1_IVDjnt', 'Torso'], ['T11_T12_IVDjnt', 'Torso'], ['T10_T11_IVDjnt', 'Torso'], ['T9_T10_IVDjnt', 'Torso'], ['T8_T9_IVDjnt', 'Torso'], ['T7_T8_IVDjnt', 'Torso'], ['T6_T7_IVDjnt', 'Torso'], ['T5_T6_IVDjnt', 'Torso'], ['T4_T5_IVDjnt', 'Torso'], ['T3_T4_IVDjnt', 'Torso'], ['T2_T3_IVDjnt', 'Torso'], ['T1_T2_IVDjnt', 'Torso'], ['T1_head_neck', 'HEAD'], ['hip_r', 'RightLeg'], ['knee_r', 'RightLeg'], ['ankle_r', 'RightShrank'], ['subtalar_r', 'RightShrank'], ['mtp_r', 'RightFOOT'], ['hip_l', 'LeftLeg'], ['knee_l', 'LeftLeg'], ['ankle_l', 'LeftShrank'], ['subtalar_l', 'LeftShrank'], ['mtp_l', 'LeftFOOT'], ['C7_cerv6', 'HEAD'], ['C7_cerv5', 'HEAD'], ['C7_cerv4', 'HEAD'], ['C7_cerv3', 'HEAD'], ['C7_cerv2', 'HEAD'], ['C7_cerv1', 'HEAD'], ['skull_jaw', 'HEAD'], ['C7_skull', 'HEAD'], ['sternoclavicular', 'RightArm'], ['acromioclavicular', 'RightArm'], ['shoulder2', 'RightArm'], ['elbow', 'RightArm'], ['radioulnar', 'RightForearm'], ['sternoclavicular_l', 'LeftArm'], ['acromioclavicular_l', 'LeftArm'], ['shoulder2_l', 'LeftArm'], ['elbow_l', 'LeftArm'], ['radioulnar_l', 'LeftForearm'], ['T1_rib', 'Torso'], ['radiocarpal', 'RightForearm'], ['radiocarpal_l', 'LeftForearm']]
  LEAFJOINTS: ['radiocarpal', 'radiocarpal_l']
  MARKER: ['ROOT', 'LHIPJ', 'RHIPJ', 'Spine1', 'LKJC', 'RKJC', 'Spine2', 'LAJC', 'RAJC', 'Spine3', 'LFOOT', 'RFOOT', 'NECK', 'LCOL', 'RCOL', 'HEAD', 'LSHOULDER', 'RSHOULDER', 'LELC', 'RELC', 'LWRIST', 'RWRIST', 'LPSI', 'RPSI', 'RASI', 'LASI', 'T12', 'T10', 'T8', 'T1', 'C7', 'RKNE', 'RKNI', 'LKNE', 'LKNI', 'LANK', 'RANK', 'LANI', 'RANI', 'LHEE', 'RHEE', 'RTOE', 'LTOE', 'RMT1', 'LMT1', 'RMT5', 'LMT5', 'LSHO', 'RSHO', 'STRN', 'CLAV', 'RCLAV', 'LCLAV', 'LELB', 'RELB', 'LELBIN', 'RELBIN', 'LIWR', 'RIWR', 'LOWR', 'ROWR', 'LFHD', 'RFHD', 'LBHD', 'RBHD']
  MIRROR_BONES: [0, 1, 2, 3, 4, 5, 6, 7, 8, 9, 10, 11, 12, 13, 14, 15, 16, 17, 18, 24, 25, 26, 27, 28, 19, 20, 21, 22, 23, 29, 30, 31, 32, 33, 34, 35, 36, 37, 43, 44, 45, 46, 47, 38, 39, 40, 41, 42]
  NUM_JOINTS: 50
  NUM_MARKERS: 65
  NUM_SMPL_JOINTS: 22
  POS_NAME: ['ground_pelvis', 'L5_S1_IVDjnt', 'L4_L5_IVDjnt', 'L3_L4_IVDjnt', 'L2_L3_IVDjnt', 'L1_L2_IVDjnt', 'T12_L1_IVDjnt', 'T11_T12_IVDjnt', 'T10_T11_IVDjnt', 'T9_T10_IVDjnt', 'T8_T9_IVDjnt', 'T7_T8_IVDjnt', 'T6_T7_IVDjnt', 'T5_T6_IVDjnt', 'T4_T5_IVDjnt', 'T3_T4_IVDjnt', 'T2_T3_IVDjnt', 'T1_T2_IVDjnt', 'T1_head_neck', 'hip_r', 'knee_r', 'ankle_r', 'subtalar_r', 'mtp_r', 'hip_l', 'knee_l', 'ankle_l', 'subtalar_l', 'mtp_l', 'C7_cerv6', 'C7_cerv5', 'C7_cerv4', 'C7_cerv3', 'C7_cerv2', 'C7_cerv1', 'skull_jaw', 'C7_skull', 'sternoclavicular', 'acromioclavicular', 'shoulder2', 'elbow', 'radioulnar', 'sternoclavicular_l', 'acromioclavicular_l', 'shoulder2_l', 'elbow_l', 'radioulnar_l', 'T1_rib', 'radiocarpal', 'radiocarpal_l', 'ROOT', 'LHIPJ', 'RHIPJ', 'Spine1', 'LKJC', 'RKJC', 'Spine2', 'LAJC', 'RAJC', 'Spine3', 'LFOOT', 'RFOOT', 'NECK', 'LCOL', 'RCOL', 'HEAD', 'LSHOULDER', 'RSHOULDER', 'LELC', 'RELC', 'LWRIST', 'RWRIST', 'LPSI', 'RPSI', 'RASI', 'LASI', 'T12', 'T10', 'T8', 'T1', 'C7', 'RKNE', 'RKNI', 'LKNE', 'LKNI', 'LANK', 'RANK', 'LANI', 'RANI', 'LHEE', 'RHEE', 'RTOE', 'LTOE', 'RMT1', 'LMT1', 'RMT5', 'LMT5', 'LSHO', 'RSHO', 'STRN', 'CLAV', 'RCLAV', 'LCLAV', 'LELB', 'RELB', 'LELBIN', 'RELBIN', 'LIWR', 'RIWR', 'LOWR', 'ROWR', 'LFHD', 'RFHD', 'LBHD', 'RBHD']
PROGRESSBAR: False
RESNETPATH: None
SEED: 100
STARTMODELPATH: None
TESTMODE: False
TEST_SUBJECTS: [2, 29, 19, 21, 51, 26, 7, 72, 77, 17, 65, 80, 6, 76, 10, 73, 13, 38]
TRAINING:
  AWARED_OCCLUSION:
    GT: False
    USE: False
  BATCHSIZE: 64
  COORDINATE_MAX_WEIGHT: 2
  END_LR: [3.33e-05, 1e-06]
  EPOCH: [28, 2]
  EVALUATION_BATCHSIZE: 64
  LOSS2D: False
  LOSSTYPE: 1
  MARKER_PREDICTION: True
  MARKER_TYPE: [10, 10, 10, 1, 1, 1, 1, 1, 1, 1, 20, 20, 10, 1, 1, 10, 0, 0, 1, 1, 1, 1, 20, 20, 20, 20, 10, 20, 10, 10, 20, 20, 20, 20, 20, 20, 20, 20, 20, 20, 20, 10, 10, 1, 1, 1, 1, 20, 20, 20, 20, 1, 1, 20, 20, 20, 20, 20, 20, 20, 20, 10, 10, 10, 10]
  MARKER_WEIGHT: [1.0, 1.0, 1.0, 0.1, 0.1, 0.1, 0.1, 0.1, 0.1, 0.1, 2.0, 2.0, 1.0, 0.1, 0.1, 1.0, 0.0, 0.0, 0.1, 0.1, 0.1, 0.1, 2.0, 2.0, 2.0, 2.0, 1.0, 2.0, 1.0, 1.0, 2.0, 2.0, 2.0, 2.0, 2.0, 2.0, 2.0, 2.0, 2.0, 2.0, 2.0, 1.0, 1.0, 0.1, 0.1, 0.1, 0.1, 2.0, 2.0, 2.0, 2.0, 0.1, 0.1, 2.0, 2.0, 2.0, 2.0, 2.0, 2.0, 2.0, 2.0, 1.0, 1.0, 1.0, 1.0]
  PCA: False
  PCA_COMPONENTS: 51
  START_LR: [0.0005, 3.33e-06]
  TRAINING_STEPS: 2
  USE_BODY_WEIGHTS: False
  USE_OS_SIMULATION: False
  VALID_BATCHSIZE: 64
TRAINING_SUBJECTS: [78, 59, 79, 44, 56, 88, 75, 61, 53, 47, 40, 41, 32, 70, 28, 39, 69, 11, 3, 90, 71, 54, 20, 85, 37, 34, 33, 46, 67, 63, 55, 36, 42, 50, 24, 35, 84, 45, 60, 16, 74, 82, 27, 89, 57, 5, 49, 22, 4, 66, 31, 83, 43, 48, 52, 68, 25, 9, 18, 1, 81, 58, 23, 62, 64, 8, 87]
VALID_SUBJECTS: [14, 86, 15, 30]
VALID_WORKERS: 16
WORKERS: 16
84900 training data, 21822 valid data, 100839 test data
layer3 uses center striding.
Use ResNet50 Next with center striding and Petrained model
Image size : (256, 256)
Training with lr from 0.0005 to 3.33e-05 in 28 epochs.
LR decay rate : 0.904534157262606
Evaluation : False
Train , Epoch 0 : : total loss : 0.6523522936695482   Marker : 0.4202735241092348   Joint : 0.12524073454656753   Angle : 0.09377104831721808   body : 0.013066986713384252   
Evaluation : True
/tudelft.net/staff-bulk/ewi/insy/VisionLab/students/wyang/miniconda/miniconda/lib/python3.8/site-packages/torch/nn/functional.py:718: UserWarning: Named tensors and all their associated APIs are an experimental feature and subject to change. Please do not use them for anything important until they are released as stable. (Triggered internally at  /opt/conda/conda-bld/pytorch_1623448278899/work/c10/core/TensorImpl.h:1156.)
  return torch.max_pool2d(input, kernel_size, stride, padding, dilation, ceil_mode)
Valid, Epoch 0 : : total loss : 0.43419142252758   Marker : 0.19768153341735778   Joint : 0.06906276420694302   Angle : 0.15000476031722512   body : 0.017442364820954605   
Current LR:  [0.00045226707863130303]
Best Loss : 0.19768153341735778
Evaluation : False
Train , Epoch 1 : : total loss : 0.4647728646367923   Marker : 0.29665450235972035   Joint : 0.08733239521582921   Angle : 0.07042281978888659   body : 0.010363147122754546   
Evaluation : True
Valid, Epoch 1 : : total loss : 0.3591148216339159   Marker : 0.1493700043592015   Joint : 0.05336088731498463   Angle : 0.13993115550098797   body : 0.016452775515794164   
Current LR:  [0.00040909102082738646]
Best Loss : 0.1493700043592015
Evaluation : False
Train , Epoch 2 : : total loss : 0.40159459205324655   Marker : 0.2557245215814038   Joint : 0.07525727891139855   Angle : 0.06235956115476776   body : 0.008253230410944081   
Evaluation : True
Valid, Epoch 2 : : total loss : 0.3284819815971928   Marker : 0.13360989601821208   Joint : 0.04978877361158809   Angle : 0.13047104477937013   body : 0.014612268389839157   
Current LR:  [0.0003700368017677992]
Best Loss : 0.13360989601821208
Evaluation : False
Train , Epoch 3 : : total loss : 0.3554607758335039   Marker : 0.22609037590152717   Joint : 0.06607568895846021   Angle : 0.056124500216716736   body : 0.007170210654607118   
Evaluation : True
Valid, Epoch 3 : : total loss : 0.308066996281683   Marker : 0.12525726951083083   Joint : 0.044062237245288564   Angle : 0.12510933855060433   body : 0.01363815049150121   
Current LR:  [0.00033471092664318623]
Best Loss : 0.12525726951083083
Evaluation : False
Train , Epoch 4 : : total loss : 0.323845133837172   Marker : 0.20582183398767115   Joint : 0.05992105039086637   Angle : 0.05158054900003055   body : 0.0065217003651907276   
Evaluation : True
Valid, Epoch 4 : : total loss : 0.29986422943179564   Marker : 0.12096048314808903   Joint : 0.044105807776281106   Angle : 0.12071109956502368   body : 0.014086839693537249   
Current LR:  [0.0003027574659577804]
Best Loss : 0.12096048314808903
Evaluation : False
Train , Epoch 5 : : total loss : 0.30160621642437097   Marker : 0.19183007631096904   Joint : 0.055607870246422775   Angle : 0.04812713107023933   body : 0.006041138449776496   
Evaluation : True
Valid, Epoch 5 : : total loss : 0.29111402503031003   Marker : 0.11616416025987719   Joint : 0.04238129649784178   Angle : 0.11926070278784104   body : 0.01330786440038362   
Current LR:  [0.000273854469325083]
Best Loss : 0.11616416025987719
Evaluation : False
Train , Epoch 6 : : total loss : 0.28151216759131503   Marker : 0.17925615799732697   Joint : 0.05158533359601037   Angle : 0.04501944907335494   body : 0.005651226502507475   
Evaluation : True
Valid, Epoch 6 : : total loss : 0.2827580333269546   Marker : 0.11078031774773824   Joint : 0.04067698642495419   Angle : 0.11764613929366051   body : 0.013654589732225782   
Current LR:  [0.0002477107216235621]
Best Loss : 0.11078031774773824
Evaluation : False
Train , Epoch 7 : : total loss : 0.2891175163120346   Marker : 0.18507170652462165   Joint : 0.05349560725315843   Angle : 0.04492124601591766   body : 0.005628956505694451   
Evaluation : True
Valid, Epoch 7 : : total loss : 0.3198617690097465   Marker : 0.13075818430764485   Joint : 0.04707697392515166   Angle : 0.12729641860438884   body : 0.014730191740999737   
Current LR:  [0.00022406280882868076]
Evaluation : False
Train , Epoch 8 : : total loss : 0.28462199332981986   Marker : 0.18134005096927847   Joint : 0.0525025658331935   Angle : 0.045013910145421554   body : 0.005765466702200169   
Evaluation : True
Valid, Epoch 8 : : total loss : 0.276064079324175   Marker : 0.10706289836525884   Joint : 0.04009969817238389   Angle : 0.11503560330448005   body : 0.013865878722722541   
Current LR:  [0.00020267246395774314]
Best Loss : 0.10706289836525884
Evaluation : False
Train , Epoch 9 : : total loss : 0.2492494574252117   Marker : 0.15875521220188155   Joint : 0.0453610123945667   Angle : 0.04001848582953754   body : 0.00511474695322167   
Evaluation : True
Valid, Epoch 9 : : total loss : 0.26647401806545806   Marker : 0.1021770167532134   Joint : 0.037984123294223036   Angle : 0.11273862946078272   body : 0.01357424794267356   
Current LR:  [0.00018332416638635308]
Best Loss : 0.1021770167532134
Evaluation : False
Train , Epoch 10 : : total loss : 0.2373399812261803   Marker : 0.15137618788002483   Joint : 0.04307308044638569   Angle : 0.03802272435530548   body : 0.004867988806969429   
Evaluation : True
Valid, Epoch 10 : : total loss : 0.2655129370183755   Marker : 0.10244629099239909   Joint : 0.03721945869880028   Angle : 0.11226453985218254   body : 0.013582647316572308   
Current LR:  [0.00016582297034814964]
Evaluation : False
Train , Epoch 11 : : total loss : 0.22915488292728614   Marker : 0.1464346256416128   Joint : 0.041566662265614326   Angle : 0.03645967805215901   body : 0.0046939171656129   
Evaluation : True
Valid, Epoch 11 : : total loss : 0.262976702799468   Marker : 0.10024708736151519   Joint : 0.037377164820769936   Angle : 0.11176298704978559   body : 0.013589463990764498   
Current LR:  [0.00014999254073864564]
Best Loss : 0.10024708736151519
Evaluation : False
Train , Epoch 12 : : total loss : 0.22225025850228775   Marker : 0.14221001810325395   Joint : 0.040314382540559336   Angle : 0.035180764650675954   body : 0.004545093055036295   
Evaluation : True
Valid, Epoch 12 : : total loss : 0.2599459856068462   Marker : 0.0992130519117709   Joint : 0.03659441992032759   Angle : 0.11057203345464399   body : 0.0135664809892971   
Current LR:  [0.00013567337643270792]
Best Loss : 0.0992130519117709
Evaluation : False
Train , Epoch 13 : : total loss : 0.21597898598664847   Marker : 0.1383566364398729   Joint : 0.039190150845127225   Angle : 0.034025819348466345   body : 0.004406379582852035   
Evaluation : True
Valid, Epoch 13 : : total loss : 0.2598116597359236   Marker : 0.0986258968534724   Joint : 0.03668986796109096   Angle : 0.11128615179263796   body : 0.013209743920828724   
Current LR:  [0.00012272120321453177]
Best Loss : 0.0986258968534724
Evaluation : False
Train , Epoch 14 : : total loss : 0.20888384993484477   Marker : 0.13397887687944718   Joint : 0.037808546448073056   Angle : 0.03281089685138085   body : 0.004285529809147063   
Evaluation : True
Valid, Epoch 14 : : total loss : 0.25928027753748667   Marker : 0.0981092362320398   Joint : 0.036647608606639   Angle : 0.11070706868147656   body : 0.01381636436695074   
Current LR:  [0.0001110055201279095]
Best Loss : 0.0981092362320398
Evaluation : False
Train , Epoch 15 : : total loss : 0.20380201025516198   Marker : 0.13092809375010284   Joint : 0.03687948034725083   Angle : 0.031824769436762435   body : 0.0041696666097226324   
Evaluation : True
Valid, Epoch 15 : : total loss : 0.2580253246472743   Marker : 0.09712298951504288   Joint : 0.036966602925298936   Angle : 0.11043575454420332   body : 0.01349997835650517   
Current LR:  [0.00010040828460039587]
Best Loss : 0.09712298951504288
Evaluation : False
Train , Epoch 16 : : total loss : 0.19920116431482957   Marker : 0.12812847574978933   Joint : 0.03603516592114579   Angle : 0.03097498809376543   body : 0.004062534989100821   
Evaluation : True
Valid, Epoch 16 : : total loss : 0.2557719115452263   Marker : 0.09622236150791048   Joint : 0.03628517629551566   Angle : 0.10964139949367503   body : 0.013622974963752369   
Current LR:  [9.082272309320297e-05]
Best Loss : 0.09622236150791048
Evaluation : False
Train , Epoch 17 : : total loss : 0.19360663935115074   Marker : 0.1246875735957788   Joint : 0.03495770396010144   Angle : 0.029998002910978115   body : 0.003963359206322114   
Evaluation : True
Valid, Epoch 17 : : total loss : 0.251610316011801   Marker : 0.09450926163185419   Joint : 0.03542399322852218   Angle : 0.10809069053028279   body : 0.013586370427212327   
Current LR:  [8.215225529340538e-05]
Best Loss : 0.09450926163185419
Evaluation : False
Train , Epoch 18 : : total loss : 0.18940629386434368   Marker : 0.12212797339730314   Joint : 0.03416697925650606   Angle : 0.02922338470367105   body : 0.003887956644349407   
Evaluation : True
Valid, Epoch 18 : : total loss : 0.2548386136592445   Marker : 0.09601940589518805   Joint : 0.03648161462570196   Angle : 0.10845440581895704   body : 0.013883187841095154   
Current LR:  [7.43095210090429e-05]
Evaluation : False
Train , Epoch 19 : : total loss : 0.18513745771858667   Marker : 0.11946788433585231   Joint : 0.03337321099354626   Angle : 0.028481718650028718   body : 0.0038146433669112925   
Evaluation : True
Valid, Epoch 19 : : total loss : 0.25215731116375184   Marker : 0.09438477315492781   Joint : 0.03576886402064923   Angle : 0.10852432725147873   body : 0.013479347059001473   
Current LR:  [6.721549996250254e-05]
Best Loss : 0.09438477315492781
Evaluation : False
Train , Epoch 20 : : total loss : 0.182555495242997   Marker : 0.11794751257176313   Joint : 0.03288095878074746   Angle : 0.027981354065554083   body : 0.0037456702921739014   
Evaluation : True
Valid, Epoch 20 : : total loss : 0.252970075358196   Marker : 0.09396833104355702   Joint : 0.035547898665935024   Angle : 0.10978245960235945   body : 0.013671385773204335   
Current LR:  [6.0798715613566956e-05]
Best Loss : 0.09396833104355702
Evaluation : False
Train , Epoch 21 : : total loss : 0.17929232703749412   Marker : 0.1159013212401403   Joint : 0.032251688033668256   Angle : 0.02745090621533392   body : 0.0036884118768781265   
Evaluation : True
Valid, Epoch 21 : : total loss : 0.2517174757561602   Marker : 0.09378834107697649   Joint : 0.03578394682004661   Angle : 0.10824014707660928   body : 0.01390503978010343   
Current LR:  [5.499451499016663e-05]
Best Loss : 0.09378834107697649
Evaluation : False
Train , Epoch 22 : : total loss : 0.17636786775486502   Marker : 0.11412167342921907   Joint : 0.03169679896959397   Angle : 0.026914546587876696   body : 0.00363484898748559   
Evaluation : True
Valid, Epoch 22 : : total loss : 0.2498160708716477   Marker : 0.09329795765293343   Joint : 0.035162069425826746   Angle : 0.10759722145282646   body : 0.013758823014717252   
Current LR:  [4.974441727069613e-05]
Best Loss : 0.09329795765293343
Evaluation : False
Train , Epoch 23 : : total loss : 0.17366291748902019   Marker : 0.1124423284077986   Joint : 0.03115997469504989   Angle : 0.02646023594264396   body : 0.0036003785910222507   
Evaluation : True
Valid, Epoch 23 : : total loss : 0.2500614997130268   Marker : 0.09241979208037131   Joint : 0.03546029140833219   Angle : 0.10847132689530467   body : 0.013710089490171336   
Current LR:  [4.4995524554468545e-05]
Best Loss : 0.09241979208037131
Evaluation : False
Train , Epoch 24 : : total loss : 0.17116659813382148   Marker : 0.11089557269377406   Joint : 0.030716015365913084   Angle : 0.026013557761233316   body : 0.003541452440554009   
Evaluation : True
Valid, Epoch 24 : : total loss : 0.25017595937933584   Marker : 0.09320714056147696   Joint : 0.03525357060226596   Angle : 0.10792242223145096   body : 0.013792826590513115   
Current LR:  [4.06999888834651e-05]
Evaluation : False
Train , Epoch 25 : : total loss : 0.16911369311548827   Marker : 0.10965111921927688   Joint : 0.03030188354139594   Angle : 0.025644785488589047   body : 0.0035159050695581268   
Evaluation : True
Valid, Epoch 25 : : total loss : 0.24896074138938884   Marker : 0.09256322173453439   Joint : 0.035191147276728285   Angle : 0.1075298412507597   body : 0.013676532083356995   
Current LR:  [3.681453014530254e-05]
Evaluation : False
Train , Epoch 26 : : total loss : 0.1670803231486368   Marker : 0.10840059600512007   Joint : 0.02991957266900694   Angle : 0.025289266661011795   body : 0.0034708875581919924   
Evaluation : True
Valid, Epoch 26 : : total loss : 0.24904617744496846   Marker : 0.09164874552150835   Joint : 0.03513116786727087   Angle : 0.10840037613956904   body : 0.013865887203724375   
Current LR:  [3.330000000000004e-05]
Best Loss : 0.09164874552150835
Evaluation : False
Train , Epoch 27 : : total loss : 0.1655398320243729   Marker : 0.10745762553779607   Joint : 0.02961649132827873   Angle : 0.025021963049046594   body : 0.0034437524901034357   
Evaluation : True
Valid, Epoch 27 : : total loss : 0.2475257128758431   Marker : 0.09181240802177881   Joint : 0.03499261906380593   Angle : 0.10693680537565306   body : 0.01378388084889813   
Training with lr from 3.33e-06 to 1e-06 in 2 epochs.
LR decay rate : 0.3003003003003003
Evaluation : False
Train , Epoch 28 : : total loss : 0.16126001299236695   Marker : 0.10458910100577823   Joint : 0.028695890195330614   Angle : 0.02457050605765565   body : 0.0034045156716196313   
Evaluation : True
Valid, Epoch 28 : : total loss : 0.24671162930519092   Marker : 0.09102640793529136   Joint : 0.03474248780872959   Angle : 0.10721038109156424   body : 0.013732352144568926   
Current LR:  [1e-06]
Best Loss : 0.09102640793529136
Evaluation : False
Train , Epoch 29 : : total loss : 0.16082961540416355   Marker : 0.10426126878433278   Joint : 0.028639729842712167   Angle : 0.02452421058980723   body : 0.003404406441915022   
Evaluation : True
Valid, Epoch 29 : : total loss : 0.24681175562498736   Marker : 0.09111223392575725   Joint : 0.0346848576832141   Angle : 0.10721671304850473   body : 0.013797951000288092   
Finished Training
Load  /tudelft.net/staff-bulk/ewi/insy/VisionLab/students/wyang/dataset/models/model_28_OS_MARKER2_Joint3.pt
layer3 uses center striding.
Use ResNet50 Next with center striding and Petrained model
Image size : (256, 256)
Load Pose Estimation Model : /tudelft.net/staff-bulk/ewi/insy/VisionLab/students/wyang/dataset/models/model_28_OS_MARKER2_Joint3.pt
 OS Joint error : 0.03474249690771103 , SMPLH Joint error : 0.04256424680352211 , Marker error : 0.04522175341844559 , BonyLandmark : 0.04551320523023605
 OS Joint error : 0.02951776422560215 , SMPLH Joint error : 0.036441411823034286 , Marker error : 0.03760174661874771 , BonyLandmark : 0.03757024556398392
 OS Joint error : 0.016262181103229523 , SMPLH Joint error : 0.027594855055212975 , Marker error : 0.024449916556477547 , BonyLandmark : 0.024947693571448326
