/home/nfs/weitseyang/.bashrc: line 20: dirname: command not found
/home/nfs/weitseyang/.bashrc: line 21: dirname: command not found
              total        used        free      shared  buff/cache   available
Mem:         772433       31276      712465         291       28691      739023
Swap:          4090           0        4090
Thu Jul 22 20:30:26 2021       
+-----------------------------------------------------------------------------+
| NVIDIA-SMI 470.57.02    Driver Version: 470.57.02    CUDA Version: 11.4     |
|-------------------------------+----------------------+----------------------+
| GPU  Name        Persistence-M| Bus-Id        Disp.A | Volatile Uncorr. ECC |
| Fan  Temp  Perf  Pwr:Usage/Cap|         Memory-Usage | GPU-Util  Compute M. |
|                               |                      |               MIG M. |
|===============================+======================+======================|
|   0  NVIDIA GeForce ...  On   | 00000000:5E:00.0 Off |                  N/A |
| 30%   32C    P8    28W / 250W |      1MiB / 11019MiB |      0%      Default |
|                               |                      |                  N/A |
+-------------------------------+----------------------+----------------------+
                                                                               
+-----------------------------------------------------------------------------+
| Processes:                                                                  |
|  GPU   GI   CI        PID   Type   Process name                  GPU Memory |
|        ID   ID                                                   Usage      |
|=============================================================================|
|  No running processes found                                                 |
+-----------------------------------------------------------------------------+
BML_FOLDER: /tudelft.net/staff-bulk/ewi/insy/VisionLab/students/wyang/dataset/HDF5/BML/
DATASET:
  ANTIALIAS:
    TEST: 1
    TRAIN: 1
  BBOX:
    PARTIAL_VISUALBILITY: False
  COLOR:
    AUG: True
  DATASETPERIMG: 2000
  GEOM:
    AUG: True
    HFLIP: False
    ROT: 20
    SCALE_DOWN: 25
    SCALE_UP: 25
    SHIFT_AUG: 10
  INTERPOLATION:
    TEST: nearest
    TRAIN: nearest
  OCCLUSION:
    PROB: 0.7
    SCALE: 0.8
  TRAINING_USEDEACHFRAME: 2
  USEDEACHFRAME: 1
EVAL_WORKERS: 16
HYP:
  ANGLE: 0.015
  BODY: 0.1
  INTERMEDIATE_MARKER: 1.5
  INTERMEDIATE_POS: 1.5
  MARKER: 1.5
  POS: 1.0
  ROTMAT: 0.1
  SY_BODY: 0.05
LAYER:
  OS_TRANSIT:
    ACT_TYPE: 1
    BN: False
LOSS:
  ANGLE:
    BETA: 5
    EVAL_TYPE: 1
    H: 0.1
    MASKMINVALUE: 0
    TYPE: 3
    USE: True
    USEMASK: True
  BODY:
    BETA: 0.05
    EVAL_TYPE: 1
    H: 0.1
    TYPE: 3
    USE: True
  MARKER:
    BETA: 0.04
    TYPE: 1
    USE: True
  POS:
    BETA: 0.04
    TYPE: 1
    USE: True
  ROTMAT:
    BETA: 0.02
    EVAL_TYPE: 1
    TYPE: 1
    USE: False
  SY_BODY:
    EVAL_TYPE: 1
    TYPE: 1
    USE: False
MODEL:
  CONV_CHANNEL_SIZE: [2048]
  CONV_LAYER: 1
  FULLCONV: True
  IMGSIZE: (256, 256)
  INTERMEDIATE_POSE_ESTIMATION: False
  METRIC_SCALE:
    BBOX_SIZE: 2.2
    DEPTH: 8
    EVAL_STRIDING: 4
    STRIDING: 32
  NUMPRED: 115
  NUM_PRED: 115
  RESNET:
    CENTER_STRIDING: True
    NEXT: True
    PRETRAINED: True
MODEL_FOLDER: /tudelft.net/staff-bulk/ewi/insy/VisionLab/students/wyang/dataset/models/
PASCAL_PATH: /tudelft.net/staff-bulk/ewi/insy/VisionLab/students/wyang/dataset/HDF5/PASCAL/pascal.hdf5
PCA_PATH: None
POSTFIX: OS_MARKER15
PREDICTION:
  BODY: ['pelvis', 'lumbar5', 'lumbar4', 'lumbar3', 'lumbar2', 'lumbar1', 'thoracic12', 'thoracic11', 'thoracic10', 'thoracic9', 'thoracic8', 'thoracic7', 'thoracic6', 'thoracic5', 'thoracic4', 'thoracic3', 'thoracic2', 'thoracic1', 'head_neck', 'femur_r', 'tibia_r', 'talus_r', 'calcn_r', 'toes_r', 'femur_l', 'tibia_l', 'talus_l', 'calcn_l', 'toes_l', 'cerv6', 'cerv5', 'cerv4', 'cerv3', 'cerv2', 'cerv1', 'jaw', 'skull', 'thorax', 'clavicle', 'scapula', 'humerus', 'ulna', 'radius', 'clavicle_l', 'scapula_l', 'humerus_l', 'ulna_l', 'radius_l']
  BODY_AMPITUDE_VALUE: [0.38330534, 0.11688988, 0.27979052, 0.18767838, 0.12217734, 0.17559392, 0.25814359, 0.19320878, 0.09488225, 0.23721306, 0.3308586, 0.22396367, 0.08659548, 1e-06, 0.1634575, 0.18397586, 0.23942574, 0.23136499, 0.14410597, 0.14576365, 0.17185328, 0.18178275, 0.15676707, 0.19965802, 0.12167494, 0.14225374, 0.19253547, 0.08705724, 0.13519439, 0.09673029, 0.16227082, 0.25709417, 0.27539152, 0.21485549, 0.11401759, 0.22396367, 0.21485549, 0.1838405, 0.18214334, 0.43287996, 0.43287996, 0.13003099, 0.13036308, 0.2175328, 0.20085876, 0.30206298, 0.3034652, 0.2025831, 0.20302752, 0.1691131, 0.22653959]
  BODY_AVG_VALUE: [1.21267658, 1.19278473, 1.09221309, 0.82231784, 0.65399921, 0.86740023, 1.23414558, 1.13399419, 1.00263798, 1.01988775, 1.04674897, 0.92795962, 0.80902216, 0.94262153, 0.96230629, 0.95413619, 1.04046246, 1.03910667, 0.68939832, 0.71175453, 0.74281865, 0.76454479, 0.9076589, 1.02388528, 0.64942223, 0.89473501, 0.89226717, 0.61283192, 0.7215803, 0.68092433, 1.08504841, 1.17846495, 1.14104316, 1.14461103, 0.74801221, 0.92795962, 1.14461103, 0.89621243, 0.8843008, 1.13165459, 1.13165459, 0.73835266, 0.74087435, 1.07924646, 1.08077973, 1.01209745, 0.99989337, 1.0244289, 1.03203484, 0.82801554, 0.7559647]
  BODY_SCALE_MAPPING: [[0, 1, 2], [10, 3, 9], [10, 3, 9], [10, 3, 9], [10, 3, 9], [10, 3, 9], [10, 3, 9], [10, 4, 9], [10, 4, 9], [10, 5, 9], [10, 5, 9], [10, 6, 9], [10, 6, 9], [10, 6, 9], [10, 6, 9], [10, 6, 9], [10, 6, 9], [10, 6, 9], [11, 7, 9], [16, 14, 16], [20, 18, 20], [20, 18, 20], [22, 23, 24], [28, 30, 30], [17, 15, 17], [21, 19, 21], [21, 19, 21], [25, 26, 27], [29, 31, 31], [11, 7, 9], [11, 7, 9], [11, 7, 9], [11, 7, 9], [11, 7, 9], [11, 7, 9], [12, 8, 13], [12, 8, 13], [32, 33, 34], [37, 35, 41], [39, 36, 41], [45, 43, 45], [49, 47, 49], [49, 47, 49], [38, 35, 42], [40, 36, 42], [46, 44, 46], [50, 48, 50], [50, 48, 50]]
  BODY_SCALE_UNIQUE_NUMS: 51
  BODY_WEIGHTS: [[2.0, 2.0, 2.0], [1.0, 2.0, 1.0], [1.0, 2.0, 1.0], [1.0, 2.0, 1.0], [1.0, 2.0, 1.0], [1.0, 2.0, 1.0], [1.0, 2.0, 1.0], [1.0, 2.0, 1.0], [1.0, 2.0, 1.0], [1.0, 2.0, 1.0], [1.0, 2.0, 1.0], [1.0, 2.0, 1.0], [1.0, 2.0, 1.0], [1.0, 2.0, 1.0], [1.0, 2.0, 1.0], [1.0, 2.0, 1.0], [1.0, 2.0, 1.0], [1.0, 2.0, 1.0], [1.0, 2.0, 1.0], [1.0, 2.0, 1.0], [1.0, 2.0, 1.0], [1.0, 2.0, 1.0], [2.0, 1.0, 1.0], [2.0, 1.0, 1.0], [1.0, 2.0, 1.0], [1.0, 2.0, 1.0], [1.0, 2.0, 1.0], [2.0, 1.0, 1.0], [2.0, 1.0, 1.0], [1.0, 2.0, 1.0], [1.0, 2.0, 1.0], [1.0, 2.0, 1.0], [1.0, 2.0, 1.0], [1.0, 2.0, 1.0], [1.0, 2.0, 1.0], [1.0, 1.0, 2.0], [1.0, 1.0, 2.0], [2.0, 1.0, 1.0], [1.0, 1.0, 2.0], [1.0, 1.0, 2.0], [1.0, 2.0, 1.0], [1.0, 2.0, 1.0], [1.0, 2.0, 1.0], [1.0, 1.0, 2.0], [1.0, 1.0, 2.0], [1.0, 2.0, 1.0], [1.0, 2.0, 1.0], [1.0, 2.0, 1.0]]
  COORDINATES: ['L5_S1_FE', 'L5_S1_LB', 'L5_S1_AR', 'L4_L5_FE', 'L4_L5_LB', 'L4_L5_AR', 'T12_L1_FE', 'T12_L1_LB', 'T12_L1_AR', 'T11_T12_FE', 'T11_T12_LB', 'T11_T12_AR', 'T10_T11_FE', 'T10_T11_LB', 'T10_T11_AR', 'T9_T10_FE', 'T9_T10_LB', 'T9_T10_AR', 'T8_T9_FE', 'T8_T9_LB', 'T8_T9_AR', 'T1_T2_FE', 'T1_T2_LB', 'T1_T2_AR', 'T1_head_neck_FE', 'T1_head_neck_LB', 'T1_head_neck_AR', 'hip_flexion_r', 'hip_adduction_r', 'hip_rotation_r', 'knee_angle_r', 'knee_angle_y_r', 'knee_angle_x_r', 'ankle_angle_r', 'subtalar_angle_r', 'mtp_angle_r', 'hip_flexion_l', 'hip_adduction_l', 'hip_rotation_l', 'knee_angle_l', 'knee_angle_y_l', 'knee_angle_x_l', 'ankle_angle_l', 'subtalar_angle_l', 'mtp_angle_l', 'skull_z', 'skull_y', 'skull_x', 'sternoclavicular_r2', 'sternoclavicular_r3', 'acromioclavicular_r2', 'elv_angle', 'shoulder_elv', 'shoulder1_r2', 'shoulder_rot', 'elbow_flexion', 'elbow_x', 'pro_sup', 'sternoclavicular_r2_l', 'sternoclavicular_r3_l', 'acromioclavicular_r2_l', 'elv_angle_l', 'shoulder_elv_l', 'shoulder1_r2_l', 'shoulder_rot_l', 'elbow_flexion_l', 'elbow_x_l', 'pro_sup_l', 'ribs_bending']
  JOINTS: ['ground_pelvis', 'L5_S1_IVDjnt', 'L4_L5_IVDjnt', 'L3_L4_IVDjnt', 'L2_L3_IVDjnt', 'L1_L2_IVDjnt', 'T12_L1_IVDjnt', 'T11_T12_IVDjnt', 'T10_T11_IVDjnt', 'T9_T10_IVDjnt', 'T8_T9_IVDjnt', 'T7_T8_IVDjnt', 'T6_T7_IVDjnt', 'T5_T6_IVDjnt', 'T4_T5_IVDjnt', 'T3_T4_IVDjnt', 'T2_T3_IVDjnt', 'T1_T2_IVDjnt', 'T1_head_neck', 'hip_r', 'knee_r', 'ankle_r', 'subtalar_r', 'mtp_r', 'hip_l', 'knee_l', 'ankle_l', 'subtalar_l', 'mtp_l', 'C7_cerv6', 'C7_cerv5', 'C7_cerv4', 'C7_cerv3', 'C7_cerv2', 'C7_cerv1', 'skull_jaw', 'C7_skull', 'sternoclavicular', 'acromioclavicular', 'shoulder2', 'elbow', 'radioulnar', 'sternoclavicular_l', 'acromioclavicular_l', 'shoulder2_l', 'elbow_l', 'radioulnar_l', 'T1_rib']
  Joints_Inside_Cylinder_Body_LIST: [['ROOT', 'Torso'], ['RHIPJ', 'Torso'], ['LHIPJ', 'Torso'], ['Spine1', 'Torso'], ['Spine2', 'Torso'], ['Spine3', 'Torso'], ['LCOL', 'Torso'], ['RCOL', 'Torso'], ['NECK', 'Torso'], ['HEAD', 'HEAD'], ['RKNE', 'RightLeg'], ['RKNI', 'RightLeg'], ['LKNE', 'LeftLeg'], ['LKNI', 'LeftLeg'], ['LANK', 'LeftShrank'], ['RANK', 'RightShrank'], ['LANI', 'LeftShrank'], ['RANI', 'RightShrank'], ['RTOE', 'RightFOOT'], ['LTOE', 'LeftFOOT'], ['RMT1', 'RightFOOT'], ['LMT1', 'LeftFOOT'], ['RMT5', 'RightFOOT'], ['LMT5', 'LeftFOOT'], ['LELB', 'LeftArm'], ['RELB', 'RightArm'], ['LELBIN', 'LeftArm'], ['RELBIN', 'RightArm'], ['LIWR', 'LeftForearm'], ['RIWR', 'RightForearm'], ['LOWR', 'LeftForearm'], ['ROWR', 'RightForearm'], ['ground_pelvis', 'Torso'], ['L5_S1_IVDjnt', 'Torso'], ['L4_L5_IVDjnt', 'Torso'], ['L3_L4_IVDjnt', 'Torso'], ['L2_L3_IVDjnt', 'Torso'], ['L1_L2_IVDjnt', 'Torso'], ['T12_L1_IVDjnt', 'Torso'], ['T11_T12_IVDjnt', 'Torso'], ['T10_T11_IVDjnt', 'Torso'], ['T9_T10_IVDjnt', 'Torso'], ['T8_T9_IVDjnt', 'Torso'], ['T7_T8_IVDjnt', 'Torso'], ['T6_T7_IVDjnt', 'Torso'], ['T5_T6_IVDjnt', 'Torso'], ['T4_T5_IVDjnt', 'Torso'], ['T3_T4_IVDjnt', 'Torso'], ['T2_T3_IVDjnt', 'Torso'], ['T1_T2_IVDjnt', 'Torso'], ['T1_head_neck', 'HEAD'], ['hip_r', 'RightLeg'], ['knee_r', 'RightLeg'], ['ankle_r', 'RightShrank'], ['subtalar_r', 'RightShrank'], ['mtp_r', 'RightFOOT'], ['hip_l', 'LeftLeg'], ['knee_l', 'LeftLeg'], ['ankle_l', 'LeftShrank'], ['subtalar_l', 'LeftShrank'], ['mtp_l', 'LeftFOOT'], ['C7_cerv6', 'HEAD'], ['C7_cerv5', 'HEAD'], ['C7_cerv4', 'HEAD'], ['C7_cerv3', 'HEAD'], ['C7_cerv2', 'HEAD'], ['C7_cerv1', 'HEAD'], ['skull_jaw', 'HEAD'], ['C7_skull', 'HEAD'], ['sternoclavicular', 'RightArm'], ['acromioclavicular', 'RightArm'], ['shoulder2', 'RightArm'], ['elbow', 'RightArm'], ['radioulnar', 'RightForearm'], ['sternoclavicular_l', 'LeftArm'], ['acromioclavicular_l', 'LeftArm'], ['shoulder2_l', 'LeftArm'], ['elbow_l', 'LeftArm'], ['radioulnar_l', 'LeftForearm'], ['T1_rib', 'Torso'], ['radiocarpal', 'RightForearm'], ['radiocarpal_l', 'LeftForearm']]
  LEAFJOINTS: ['radiocarpal', 'radiocarpal_l']
  MARKER: ['ROOT', 'LHIPJ', 'RHIPJ', 'Spine1', 'LKJC', 'RKJC', 'Spine2', 'LAJC', 'RAJC', 'Spine3', 'LFOOT', 'RFOOT', 'NECK', 'LCOL', 'RCOL', 'HEAD', 'LSHOULDER', 'RSHOULDER', 'LELC', 'RELC', 'LWRIST', 'RWRIST', 'LPSI', 'RPSI', 'RASI', 'LASI', 'T12', 'T10', 'T8', 'T1', 'C7', 'RKNE', 'RKNI', 'LKNE', 'LKNI', 'LANK', 'RANK', 'LANI', 'RANI', 'LHEE', 'RHEE', 'RTOE', 'LTOE', 'RMT1', 'LMT1', 'RMT5', 'LMT5', 'LSHO', 'RSHO', 'STRN', 'CLAV', 'RCLAV', 'LCLAV', 'LELB', 'RELB', 'LELBIN', 'RELBIN', 'LIWR', 'RIWR', 'LOWR', 'ROWR', 'LFHD', 'RFHD', 'LBHD', 'RBHD']
  MIRROR_BONES: [0, 1, 2, 3, 4, 5, 6, 7, 8, 9, 10, 11, 12, 13, 14, 15, 16, 17, 18, 24, 25, 26, 27, 28, 19, 20, 21, 22, 23, 29, 30, 31, 32, 33, 34, 35, 36, 37, 43, 44, 45, 46, 47, 38, 39, 40, 41, 42]
  NUM_JOINTS: 50
  NUM_MARKERS: 65
  NUM_SMPL_JOINTS: 22
  POS_NAME: ['ground_pelvis', 'L5_S1_IVDjnt', 'L4_L5_IVDjnt', 'L3_L4_IVDjnt', 'L2_L3_IVDjnt', 'L1_L2_IVDjnt', 'T12_L1_IVDjnt', 'T11_T12_IVDjnt', 'T10_T11_IVDjnt', 'T9_T10_IVDjnt', 'T8_T9_IVDjnt', 'T7_T8_IVDjnt', 'T6_T7_IVDjnt', 'T5_T6_IVDjnt', 'T4_T5_IVDjnt', 'T3_T4_IVDjnt', 'T2_T3_IVDjnt', 'T1_T2_IVDjnt', 'T1_head_neck', 'hip_r', 'knee_r', 'ankle_r', 'subtalar_r', 'mtp_r', 'hip_l', 'knee_l', 'ankle_l', 'subtalar_l', 'mtp_l', 'C7_cerv6', 'C7_cerv5', 'C7_cerv4', 'C7_cerv3', 'C7_cerv2', 'C7_cerv1', 'skull_jaw', 'C7_skull', 'sternoclavicular', 'acromioclavicular', 'shoulder2', 'elbow', 'radioulnar', 'sternoclavicular_l', 'acromioclavicular_l', 'shoulder2_l', 'elbow_l', 'radioulnar_l', 'T1_rib', 'radiocarpal', 'radiocarpal_l', 'ROOT', 'LHIPJ', 'RHIPJ', 'Spine1', 'LKJC', 'RKJC', 'Spine2', 'LAJC', 'RAJC', 'Spine3', 'LFOOT', 'RFOOT', 'NECK', 'LCOL', 'RCOL', 'HEAD', 'LSHOULDER', 'RSHOULDER', 'LELC', 'RELC', 'LWRIST', 'RWRIST', 'LPSI', 'RPSI', 'RASI', 'LASI', 'T12', 'T10', 'T8', 'T1', 'C7', 'RKNE', 'RKNI', 'LKNE', 'LKNI', 'LANK', 'RANK', 'LANI', 'RANI', 'LHEE', 'RHEE', 'RTOE', 'LTOE', 'RMT1', 'LMT1', 'RMT5', 'LMT5', 'LSHO', 'RSHO', 'STRN', 'CLAV', 'RCLAV', 'LCLAV', 'LELB', 'RELB', 'LELBIN', 'RELBIN', 'LIWR', 'RIWR', 'LOWR', 'ROWR', 'LFHD', 'RFHD', 'LBHD', 'RBHD']
PROGRESSBAR: False
RESNETPATH: None
SEED: 100
STARTMODELPATH: None
TESTMODE: False
TEST_SUBJECTS: [2, 29, 19, 21, 51, 26, 7, 72, 77, 17, 65, 80, 6, 76, 10, 73, 13, 38]
TRAINING:
  AWARED_OCCLUSION:
    GT: False
    USE: False
  BATCHSIZE: 64
  COORDINATE_MAX_WEIGHT: 2
  END_LR: [3.33e-05, 1e-06]
  EPOCH: [28, 2]
  EVALUATION_BATCHSIZE: 64
  LOSS2D: False
  LOSSTYPE: 1
  MARKER_PREDICTION: True
  MARKER_TYPE: [10, 10, 10, 1, 1, 1, 1, 1, 1, 1, 20, 20, 10, 1, 1, 10, 0, 0, 1, 1, 1, 1, 20, 20, 20, 20, 10, 20, 10, 10, 20, 20, 20, 20, 20, 20, 20, 20, 20, 20, 20, 10, 10, 1, 1, 1, 1, 20, 20, 20, 20, 1, 1, 20, 20, 20, 20, 20, 20, 20, 20, 10, 10, 10, 10]
  MARKER_WEIGHT: [1.0, 1.0, 1.0, 0.1, 0.1, 0.1, 0.1, 0.1, 0.1, 0.1, 2.0, 2.0, 1.0, 0.1, 0.1, 1.0, 0.0, 0.0, 0.1, 0.1, 0.1, 0.1, 2.0, 2.0, 2.0, 2.0, 1.0, 2.0, 1.0, 1.0, 2.0, 2.0, 2.0, 2.0, 2.0, 2.0, 2.0, 2.0, 2.0, 2.0, 2.0, 1.0, 1.0, 0.1, 0.1, 0.1, 0.1, 2.0, 2.0, 2.0, 2.0, 0.1, 0.1, 2.0, 2.0, 2.0, 2.0, 2.0, 2.0, 2.0, 2.0, 1.0, 1.0, 1.0, 1.0]
  PCA: False
  PCA_COMPONENTS: 51
  START_LR: [0.0005, 3.33e-06]
  TRAINING_STEPS: 2
  USE_BODY_WEIGHTS: False
  USE_OS_SIMULATION: False
  VALID_BATCHSIZE: 64
TRAINING_SUBJECTS: [78, 59, 79, 44, 56, 88, 75, 61, 53, 47, 40, 41, 32, 70, 28, 39, 69, 11, 3, 90, 71, 54, 20, 85, 37, 34, 33, 46, 67, 63, 55, 36, 42, 50, 24, 35, 84, 45, 60, 16, 74, 82, 27, 89, 57, 5, 49, 22, 4, 66, 31, 83, 43, 48, 52, 68, 25, 9, 18, 1, 81, 58, 23, 62, 64, 8, 87]
VALID_SUBJECTS: [14, 86, 15, 30]
VALID_WORKERS: 16
WORKERS: 16
84900 training data, 21822 valid data, 100839 test data
layer3 uses center striding.
Use ResNet50 Next with center striding and Petrained model
Image size : (256, 256)
Training with lr from 0.0005 to 3.33e-05 in 28 epochs.
LR decay rate : 0.904534157262606
Evaluation : False
Train , Epoch 0 : : total loss : 0.5150779768217743   Marker : 0.3238043416948879   Joint : 0.12854723504788015   Angle : 0.04976063847631711   body : 0.012965762021994924   
Evaluation : True
/tudelft.net/staff-bulk/ewi/insy/VisionLab/students/wyang/miniconda/miniconda/lib/python3.8/site-packages/torch/nn/functional.py:718: UserWarning: Named tensors and all their associated APIs are an experimental feature and subject to change. Please do not use them for anything important until they are released as stable. (Triggered internally at  /opt/conda/conda-bld/pytorch_1623448278899/work/c10/core/TensorImpl.h:1156.)
  return torch.max_pool2d(input, kernel_size, stride, padding, dilation, ceil_mode)
Valid, Epoch 0 : : total loss : 0.2977689967322837   Marker : 0.1388837170419526   Joint : 0.064773796590414   Angle : 0.07751471683179499   body : 0.016596765702721967   
Current LR:  [0.00045226707863130303]
Best Loss : 0.1388837170419526
Evaluation : False
Train , Epoch 1 : : total loss : 0.37136966217067624   Marker : 0.2323959802655253   Joint : 0.09088085532233366   Angle : 0.03760769679232151   body : 0.010485130119900224   
Evaluation : True
Valid, Epoch 1 : : total loss : 0.2527688936487519   Marker : 0.11239862337130782   Joint : 0.05291221186828683   Angle : 0.07112039857404107   body : 0.016337658996575914   
Current LR:  [0.00040909102082738646]
Best Loss : 0.11239862337130782
Evaluation : False
Train , Epoch 2 : : total loss : 0.30883970131836325   Marker : 0.1927980429536437   Joint : 0.07495281515786281   Angle : 0.03289372758268411   body : 0.008195115140952496   
Evaluation : True
Valid, Epoch 2 : : total loss : 0.24224553782543748   Marker : 0.10545711626153022   Joint : 0.05259976970669811   Angle : 0.0684091284517385   body : 0.015779523066776876   
Current LR:  [0.0003700368017677992]
Best Loss : 0.10545711626153022
Evaluation : False
Train , Epoch 3 : : total loss : 0.2820283778427593   Marker : 0.17617397657616646   Joint : 0.06829655390418223   Angle : 0.03032029356784995   body : 0.007237553726081058   
Evaluation : True
Valid, Epoch 3 : : total loss : 0.22506243786424188   Marker : 0.0992935482385604   Joint : 0.045662416446854655   Angle : 0.06583359807213486   body : 0.014272875164051386   
Current LR:  [0.00033471092664318623]
Best Loss : 0.0992935482385604
Evaluation : False
Train , Epoch 4 : : total loss : 0.26209622564224094   Marker : 0.16379251589557525   Joint : 0.06316909450211676   Angle : 0.02844499244156601   body : 0.00668962283072597   
Evaluation : True
Valid, Epoch 4 : : total loss : 0.21062078035431706   Marker : 0.09069750385688234   Joint : 0.04319934288420322   Angle : 0.06236746273822171   body : 0.01435647088866679   
Current LR:  [0.0003027574659577804]
Best Loss : 0.09069750385688234
Evaluation : False
Train , Epoch 5 : : total loss : 0.24041429782345283   Marker : 0.15022218917941796   Joint : 0.05761071129914143   Angle : 0.026470024662645784   body : 0.006111372627112818   
Evaluation : True
Valid, Epoch 5 : : total loss : 0.20994471730129188   Marker : 0.09046237545854262   Joint : 0.04429348987222384   Angle : 0.06155783452053313   body : 0.013631017537397138   
Current LR:  [0.000273854469325083]
Best Loss : 0.09046237545854262
Evaluation : False
Train , Epoch 6 : : total loss : 0.22044041966331132   Marker : 0.13761160496852695   Joint : 0.052457086227800515   Angle : 0.02471175603568554   body : 0.00565997244007773   
Evaluation : True
Valid, Epoch 6 : : total loss : 0.20149310163306158   Marker : 0.0850445191742858   Joint : 0.04128008194273895   Angle : 0.0614172247434862   body : 0.01375127547209646   
Current LR:  [0.0002477107216235621]
Best Loss : 0.0850445191742858
Evaluation : False
Train , Epoch 7 : : total loss : 0.20749774144830388   Marker : 0.12965078120362886   Joint : 0.04924611652868366   Angle : 0.02329436694110321   body : 0.005306476420198945   
Evaluation : True
Valid, Epoch 7 : : total loss : 0.2003935072798087   Marker : 0.08448715977375519   Joint : 0.04248917560596622   Angle : 0.059835882128328396   body : 0.013581290178737722   
Current LR:  [0.00022406280882868076]
Best Loss : 0.08448715977375519
Evaluation : False
Train , Epoch 8 : : total loss : 0.19694828800576125   Marker : 0.12316807622980568   Joint : 0.04657320009592252   Angle : 0.022149078758661025   body : 0.0050579329845839675   
Evaluation : True
Valid, Epoch 8 : : total loss : 0.1933236938492645   Marker : 0.08059953128960488   Joint : 0.04020086526542959   Angle : 0.05883743008884629   body : 0.013685867598705556   
Current LR:  [0.00020267246395774314]
Best Loss : 0.08059953128960488
Evaluation : False
Train , Epoch 9 : : total loss : 0.18768442984035472   Marker : 0.11747256298949815   Joint : 0.044296092431020236   Angle : 0.021083690209923872   body : 0.004832084081030337   
Evaluation : True
Valid, Epoch 9 : : total loss : 0.187179226692192   Marker : 0.07745485381828353   Joint : 0.0383909145116959   Angle : 0.05799034486146035   body : 0.01334311396235911   
Current LR:  [0.00018332416638635308]
Best Loss : 0.07745485381828353
Evaluation : False
Train , Epoch 10 : : total loss : 0.17976019367418317   Marker : 0.1126124145656959   Joint : 0.04236767363494338   Angle : 0.020154394000785517   body : 0.004625711461520707   
Evaluation : True
Valid, Epoch 10 : : total loss : 0.18560648943411856   Marker : 0.07729507668209976   Joint : 0.03750776882930305   Angle : 0.05707285391313107   body : 0.013730790170737382   
Current LR:  [0.00016582297034814964]
Best Loss : 0.07729507668209976
Evaluation : False
Train , Epoch 11 : : total loss : 0.1733141941767113   Marker : 0.10872737776774627   Joint : 0.04075098284948645   Angle : 0.019396146767116734   body : 0.0044396868336251845   
Evaluation : True
Valid, Epoch 11 : : total loss : 0.183191928622288   Marker : 0.07530566564610107   Joint : 0.03708671191667136   Angle : 0.05737434005160433   body : 0.013425211630670805   
Current LR:  [0.00014999254073864564]
Best Loss : 0.07530566564610107
Evaluation : False
Train , Epoch 12 : : total loss : 0.16734909369620082   Marker : 0.10507542410722145   Joint : 0.039332141051824636   Angle : 0.018665243007613522   body : 0.004276285139207488   
Evaluation : True
Valid, Epoch 12 : : total loss : 0.18066038389208555   Marker : 0.07376846652257761   Joint : 0.03637328701597907   Angle : 0.057068436231657735   body : 0.013450194337651858   
Current LR:  [0.00013567337643270792]
Best Loss : 0.07376846652257761
Evaluation : False
Train , Epoch 13 : : total loss : 0.16308812640865825   Marker : 0.10248441366004009   Joint : 0.038298674054207844   Angle : 0.018137985979506062   body : 0.004167052652394655   
Evaluation : True
Valid, Epoch 13 : : total loss : 0.1878632104601129   Marker : 0.07835496325244191   Joint : 0.03861620803985442   Angle : 0.05707889978307249   body : 0.013813139567747965   
Current LR:  [0.00012272120321453177]
Evaluation : False
Train , Epoch 14 : : total loss : 0.1589544706754555   Marker : 0.09996434094364647   Joint : 0.03723124412715795   Angle : 0.017691209262621844   body : 0.004067676235446889   
Evaluation : True
Valid, Epoch 14 : : total loss : 0.17824941065601835   Marker : 0.07242621334059496   Joint : 0.036012412592510555   Angle : 0.05610422446303621   body : 0.013706560388252504   
Current LR:  [0.0001110055201279095]
Best Loss : 0.07242621334059496
Evaluation : False
Train , Epoch 15 : : total loss : 0.15326341552881814   Marker : 0.09644403497984866   Joint : 0.03580172886288139   Angle : 0.017080722441320865   body : 0.0039369291409942836   
Evaluation : True
Valid, Epoch 15 : : total loss : 0.1796609703992554   Marker : 0.07285883402411414   Joint : 0.03662703182791038   Angle : 0.056481943625641635   body : 0.013693161448749741   
Current LR:  [0.00010040828460039587]
Evaluation : False
Train , Epoch 16 : : total loss : 0.14970950693521384   Marker : 0.09427236790907868   Joint : 0.034940661602621256   Angle : 0.016663186667208892   body : 0.003833290707140172   
Evaluation : True
Valid, Epoch 16 : : total loss : 0.17737135149886088   Marker : 0.07133685235808482   Joint : 0.03622733378167791   Angle : 0.0560428798280642   body : 0.013764285413583687   
Current LR:  [9.082272309320297e-05]
Best Loss : 0.07133685235808482
Evaluation : False
Train , Epoch 17 : : total loss : 0.1467725550966565   Marker : 0.0925318756187124   Joint : 0.03420445035165386   Angle : 0.016279766149257014   body : 0.003756463071499947   
Evaluation : True
Valid, Epoch 17 : : total loss : 0.17571263601292436   Marker : 0.07082358061934073   Joint : 0.03557035078127021   Angle : 0.055482945502509054   body : 0.01383575883666423   
Current LR:  [8.215225529340538e-05]
Best Loss : 0.07082358061934073
Evaluation : False
Train , Epoch 18 : : total loss : 0.14355459885157612   Marker : 0.09054969632113141   Joint : 0.03340800673606754   Angle : 0.015911298238589437   body : 0.0036855974772995615   
Evaluation : True
Valid, Epoch 18 : : total loss : 0.17654263076243812   Marker : 0.07128193378229974   Joint : 0.035914820346896956   Angle : 0.05546967995919553   body : 0.013876196870706814   
Current LR:  [7.43095210090429e-05]
Evaluation : False
Train , Epoch 19 : : total loss : 0.14026181146412595   Marker : 0.08851700761604094   Joint : 0.03259273314901921   Angle : 0.015538079545413162   body : 0.0036139912493484794   
Evaluation : True
Valid, Epoch 19 : : total loss : 0.17506632548337372   Marker : 0.07046161348229095   Joint : 0.0353942267202717   Angle : 0.05538276014073655   body : 0.013827725858433133   
Current LR:  [6.721549996250254e-05]
Best Loss : 0.07046161348229095
Evaluation : False
Train , Epoch 20 : : total loss : 0.1380954194381316   Marker : 0.08723674711193974   Joint : 0.032048548797923695   Angle : 0.015267260830574086   body : 0.003542862749843947   
Evaluation : True
Valid, Epoch 20 : : total loss : 0.1764631541880315   Marker : 0.07051066413348323   Joint : 0.03559335563395006   Angle : 0.056306344059295695   body : 0.014052791087855319   
Current LR:  [6.0798715613566956e-05]
Evaluation : False
Train , Epoch 21 : : total loss : 0.1359922977762794   Marker : 0.08593589627657361   Joint : 0.03152997214712348   Angle : 0.015032614957749124   body : 0.0034938142248633042   
Evaluation : True
Valid, Epoch 21 : : total loss : 0.17430855515306717   Marker : 0.06969628671865155   Joint : 0.03516040460926378   Angle : 0.055686160849668334   body : 0.013765703098396587   
Current LR:  [5.499451499016663e-05]
Best Loss : 0.06969628671865155
Evaluation : False
Train , Epoch 22 : : total loss : 0.1336665959750635   Marker : 0.0845019811340137   Joint : 0.03095780169313175   Angle : 0.014769360756004287   body : 0.0034374522442436393   
Evaluation : True
Valid, Epoch 22 : : total loss : 0.17483703428682207   Marker : 0.0700387672284993   Joint : 0.03560712913601113   Angle : 0.055276044325609605   body : 0.013915093654061465   
Current LR:  [4.974441727069613e-05]
Evaluation : False
Train , Epoch 23 : : total loss : 0.1319798452788079   Marker : 0.08347985984513123   Joint : 0.030517942399955263   Angle : 0.014570999764844349   body : 0.0034110431334981486   
Evaluation : True
Valid, Epoch 23 : : total loss : 0.17550679719827209   Marker : 0.06971321120378832   Joint : 0.03570839254373853   Angle : 0.055925883061179384   body : 0.014159310930383357   
Current LR:  [4.4995524554468545e-05]
Evaluation : False
Train , Epoch 24 : : total loss : 0.13033109816243565   Marker : 0.08248653097659754   Joint : 0.0301114964463255   Angle : 0.014377845155544366   body : 0.003355225854374884   
Evaluation : True
Valid, Epoch 24 : : total loss : 0.17391172909362979   Marker : 0.06943599532717101   Joint : 0.03524066786009563   Angle : 0.05519828522372514   body : 0.01403678066898098   
Current LR:  [4.06999888834651e-05]
Best Loss : 0.06943599532717101
Evaluation : False
Train , Epoch 25 : : total loss : 0.12874234747563013   Marker : 0.0815563606404521   Joint : 0.029680792750793526   Angle : 0.014175660573198919   body : 0.003329533592307572   
Evaluation : True
Valid, Epoch 25 : : total loss : 0.17419121270000132   Marker : 0.06962305145143054   Joint : 0.035590188726803286   Angle : 0.05484315102636383   body : 0.01413482275184839   
Current LR:  [3.681453014530254e-05]
Evaluation : False
Train , Epoch 26 : : total loss : 0.12742870937060807   Marker : 0.08074234876090584   Joint : 0.029383870723852564   Angle : 0.014014436957478343   body : 0.003288052863754658   
Evaluation : True
Valid, Epoch 26 : : total loss : 0.17346400111550406   Marker : 0.06876721542529013   Joint : 0.03528751474549534   Angle : 0.055309963853448156   body : 0.01409930754468308   
Current LR:  [3.330000000000004e-05]
Best Loss : 0.06876721542529013
Evaluation : False
Train , Epoch 27 : : total loss : 0.12615233678848314   Marker : 0.07996716434037704   Joint : 0.029033399920286907   Angle : 0.013894985467167416   body : 0.003256787148621748   
Evaluation : True
Valid, Epoch 27 : : total loss : 0.17262513507965035   Marker : 0.06890899611048208   Joint : 0.035056089002329385   Angle : 0.05447190932792263   body : 0.014188141715088464   
Training with lr from 3.33e-06 to 1e-06 in 2 epochs.
LR decay rate : 0.3003003003003003
Evaluation : False
Train , Epoch 28 : : total loss : 0.1228434458026609   Marker : 0.07784803127968293   Joint : 0.02810554549682374   Angle : 0.013667382546426618   body : 0.0032224863568155113   
Evaluation : True
Valid, Epoch 28 : : total loss : 0.1714252266609836   Marker : 0.06803678441425695   Joint : 0.03475641507230991   Angle : 0.05461157280543735   body : 0.014020455196594058   
Current LR:  [1e-06]
Best Loss : 0.06803678441425695
Evaluation : False
Train , Epoch 29 : : total loss : 0.12257641392056219   Marker : 0.07763842551731596   Joint : 0.028071252307482343   Angle : 0.013644426815256724   body : 0.003222309155663585   
Evaluation : True
Valid, Epoch 29 : : total loss : 0.17144836176327807   Marker : 0.06809643536175153   Joint : 0.03468996608151315   Angle : 0.054552931362106996   body : 0.014109028692960456   
Finished Training
Load  /tudelft.net/staff-bulk/ewi/insy/VisionLab/students/wyang/dataset/models/model_28_OS_MARKER15.pt
layer3 uses center striding.
Use ResNet50 Next with center striding and Petrained model
Image size : (256, 256)
Load Pose Estimation Model : /tudelft.net/staff-bulk/ewi/insy/VisionLab/students/wyang/dataset/models/model_28_OS_MARKER15.pt
 OS Joint error : 0.03475642949342728 , SMPLH Joint error : 0.0423300676047802 , Marker error : 0.045314207673072815 , BonyLandmark : 0.045357853174209595
 OS Joint error : 0.029938163235783577 , SMPLH Joint error : 0.03656929358839989 , Marker error : 0.0380142517387867 , BonyLandmark : 0.037779927253723145
 OS Joint error : 0.016034547239542007 , SMPLH Joint error : 0.02740422450006008 , Marker error : 0.024417612701654434 , BonyLandmark : 0.024850521236658096
