/home/nfs/weitseyang/.bashrc: line 20: dirname: command not found
/home/nfs/weitseyang/.bashrc: line 21: dirname: command not found
              total        used        free      shared  buff/cache   available
Mem:         257670        9580      228073          78       20016      247147
Swap:        262143           0      262143
Mon Aug  2 11:00:48 2021       
+-----------------------------------------------------------------------------+
| NVIDIA-SMI 470.57.02    Driver Version: 470.57.02    CUDA Version: 11.4     |
|-------------------------------+----------------------+----------------------+
| GPU  Name        Persistence-M| Bus-Id        Disp.A | Volatile Uncorr. ECC |
| Fan  Temp  Perf  Pwr:Usage/Cap|         Memory-Usage | GPU-Util  Compute M. |
|                               |                      |               MIG M. |
|===============================+======================+======================|
|   0  NVIDIA GeForce ...  On   | 00000000:08:00.0 Off |                  N/A |
| 20%   33C    P8     9W / 250W |      1MiB / 11178MiB |      0%      Default |
|                               |                      |                  N/A |
+-------------------------------+----------------------+----------------------+
                                                                               
+-----------------------------------------------------------------------------+
| Processes:                                                                  |
|  GPU   GI   CI        PID   Type   Process name                  GPU Memory |
|        ID   ID                                                   Usage      |
|=============================================================================|
|  No running processes found                                                 |
+-----------------------------------------------------------------------------+
BML_FOLDER: /tudelft.net/staff-bulk/ewi/insy/VisionLab/students/wyang/dataset/HDF5/BML/
DATASET:
  ANTIALIAS:
    TEST: 1
    TRAIN: 1
  BBOX:
    PARTIAL_VISUALBILITY: False
  COLOR:
    AUG: True
  DATASETPERIMG: 2000
  GEOM:
    AUG: True
    HFLIP: False
    ROT: 20
    SCALE_DOWN: 25
    SCALE_UP: 25
    SHIFT_AUG: 10
  INTERPOLATION:
    TEST: nearest
    TRAIN: nearest
  OCCLUSION:
    PROB: 0.7
    SCALE: 0.8
  TRAINING_USEDEACHFRAME: 2
  USEDEACHFRAME: 1
EVAL_WORKERS: 16
HYP:
  ANGLE: 0.015
  BODY: 0.1
  INTERMEDIATE_MARKER: 1.5
  INTERMEDIATE_POS: 1.5
  MARKER: 1.0
  POS: 1.0
  ROTMAT: 0.1
  SY_BODY: 0.05
LAYER:
  OS_TRANSIT:
    ACT_TYPE: 1
    BN: False
LOSS:
  ANGLE:
    BETA: 5
    EVAL_TYPE: 1
    H: 0.1
    MASKMINVALUE: 0
    TYPE: 3
    USE: True
    USEMASK: True
  BODY:
    BETA: 0.05
    EVAL_TYPE: 1
    H: 0.1
    TYPE: 3
    USE: True
  MARKER:
    BETA: 0.02
    TYPE: 1
    USE: True
  POS:
    BETA: 0.02
    TYPE: 1
    USE: True
  ROTMAT:
    BETA: 0.02
    EVAL_TYPE: 1
    TYPE: 1
    USE: False
  SY_BODY:
    EVAL_TYPE: 1
    TYPE: 1
    USE: False
MODEL:
  CONV_CHANNEL_SIZE: [2048]
  CONV_LAYER: 1
  FULLCONV: True
  IMGSIZE: (256, 256)
  INTERMEDIATE_POSE_ESTIMATION: False
  METRIC_SCALE:
    BBOX_SIZE: 2.2
    DEPTH: 8
    EVAL_STRIDING: 4
    STRIDING: 32
  NUMPRED: 115
  NUM_PRED: 115
  RESNET:
    CENTER_STRIDING: True
    NEXT: True
    PRETRAINED: True
MODEL_FOLDER: /tudelft.net/staff-bulk/ewi/insy/VisionLab/students/wyang/dataset/models/
PASCAL_PATH: /tudelft.net/staff-bulk/ewi/insy/VisionLab/students/wyang/dataset/HDF5/PASCAL/pascal.hdf5
PCA_PATH: None
POSTFIX: OS_MARKER1
PREDICTION:
  BODY: ['pelvis', 'lumbar5', 'lumbar4', 'lumbar3', 'lumbar2', 'lumbar1', 'thoracic12', 'thoracic11', 'thoracic10', 'thoracic9', 'thoracic8', 'thoracic7', 'thoracic6', 'thoracic5', 'thoracic4', 'thoracic3', 'thoracic2', 'thoracic1', 'head_neck', 'femur_r', 'tibia_r', 'talus_r', 'calcn_r', 'toes_r', 'femur_l', 'tibia_l', 'talus_l', 'calcn_l', 'toes_l', 'cerv6', 'cerv5', 'cerv4', 'cerv3', 'cerv2', 'cerv1', 'jaw', 'skull', 'thorax', 'clavicle', 'scapula', 'humerus', 'ulna', 'radius', 'clavicle_l', 'scapula_l', 'humerus_l', 'ulna_l', 'radius_l']
  BODY_AMPITUDE_VALUE: [0.38330534, 0.11688988, 0.27979052, 0.18767838, 0.12217734, 0.17559392, 0.25814359, 0.19320878, 0.09488225, 0.23721306, 0.3308586, 0.22396367, 0.08659548, 1e-06, 0.1634575, 0.18397586, 0.23942574, 0.23136499, 0.14410597, 0.14576365, 0.17185328, 0.18178275, 0.15676707, 0.19965802, 0.12167494, 0.14225374, 0.19253547, 0.08705724, 0.13519439, 0.09673029, 0.16227082, 0.25709417, 0.27539152, 0.21485549, 0.11401759, 0.22396367, 0.21485549, 0.1838405, 0.18214334, 0.43287996, 0.43287996, 0.13003099, 0.13036308, 0.2175328, 0.20085876, 0.30206298, 0.3034652, 0.2025831, 0.20302752, 0.1691131, 0.22653959]
  BODY_AVG_VALUE: [1.21267658, 1.19278473, 1.09221309, 0.82231784, 0.65399921, 0.86740023, 1.23414558, 1.13399419, 1.00263798, 1.01988775, 1.04674897, 0.92795962, 0.80902216, 0.94262153, 0.96230629, 0.95413619, 1.04046246, 1.03910667, 0.68939832, 0.71175453, 0.74281865, 0.76454479, 0.9076589, 1.02388528, 0.64942223, 0.89473501, 0.89226717, 0.61283192, 0.7215803, 0.68092433, 1.08504841, 1.17846495, 1.14104316, 1.14461103, 0.74801221, 0.92795962, 1.14461103, 0.89621243, 0.8843008, 1.13165459, 1.13165459, 0.73835266, 0.74087435, 1.07924646, 1.08077973, 1.01209745, 0.99989337, 1.0244289, 1.03203484, 0.82801554, 0.7559647]
  BODY_SCALE_MAPPING: [[0, 1, 2], [10, 3, 9], [10, 3, 9], [10, 3, 9], [10, 3, 9], [10, 3, 9], [10, 3, 9], [10, 4, 9], [10, 4, 9], [10, 5, 9], [10, 5, 9], [10, 6, 9], [10, 6, 9], [10, 6, 9], [10, 6, 9], [10, 6, 9], [10, 6, 9], [10, 6, 9], [11, 7, 9], [16, 14, 16], [20, 18, 20], [20, 18, 20], [22, 23, 24], [28, 30, 30], [17, 15, 17], [21, 19, 21], [21, 19, 21], [25, 26, 27], [29, 31, 31], [11, 7, 9], [11, 7, 9], [11, 7, 9], [11, 7, 9], [11, 7, 9], [11, 7, 9], [12, 8, 13], [12, 8, 13], [32, 33, 34], [37, 35, 41], [39, 36, 41], [45, 43, 45], [49, 47, 49], [49, 47, 49], [38, 35, 42], [40, 36, 42], [46, 44, 46], [50, 48, 50], [50, 48, 50]]
  BODY_SCALE_UNIQUE_NUMS: 51
  BODY_WEIGHTS: [[2.0, 2.0, 2.0], [1.0, 2.0, 1.0], [1.0, 2.0, 1.0], [1.0, 2.0, 1.0], [1.0, 2.0, 1.0], [1.0, 2.0, 1.0], [1.0, 2.0, 1.0], [1.0, 2.0, 1.0], [1.0, 2.0, 1.0], [1.0, 2.0, 1.0], [1.0, 2.0, 1.0], [1.0, 2.0, 1.0], [1.0, 2.0, 1.0], [1.0, 2.0, 1.0], [1.0, 2.0, 1.0], [1.0, 2.0, 1.0], [1.0, 2.0, 1.0], [1.0, 2.0, 1.0], [1.0, 2.0, 1.0], [1.0, 2.0, 1.0], [1.0, 2.0, 1.0], [1.0, 2.0, 1.0], [2.0, 1.0, 1.0], [2.0, 1.0, 1.0], [1.0, 2.0, 1.0], [1.0, 2.0, 1.0], [1.0, 2.0, 1.0], [2.0, 1.0, 1.0], [2.0, 1.0, 1.0], [1.0, 2.0, 1.0], [1.0, 2.0, 1.0], [1.0, 2.0, 1.0], [1.0, 2.0, 1.0], [1.0, 2.0, 1.0], [1.0, 2.0, 1.0], [1.0, 1.0, 2.0], [1.0, 1.0, 2.0], [2.0, 1.0, 1.0], [1.0, 1.0, 2.0], [1.0, 1.0, 2.0], [1.0, 2.0, 1.0], [1.0, 2.0, 1.0], [1.0, 2.0, 1.0], [1.0, 1.0, 2.0], [1.0, 1.0, 2.0], [1.0, 2.0, 1.0], [1.0, 2.0, 1.0], [1.0, 2.0, 1.0]]
  COORDINATES: ['L5_S1_FE', 'L5_S1_LB', 'L5_S1_AR', 'L4_L5_FE', 'L4_L5_LB', 'L4_L5_AR', 'T12_L1_FE', 'T12_L1_LB', 'T12_L1_AR', 'T11_T12_FE', 'T11_T12_LB', 'T11_T12_AR', 'T10_T11_FE', 'T10_T11_LB', 'T10_T11_AR', 'T9_T10_FE', 'T9_T10_LB', 'T9_T10_AR', 'T8_T9_FE', 'T8_T9_LB', 'T8_T9_AR', 'T1_T2_FE', 'T1_T2_LB', 'T1_T2_AR', 'T1_head_neck_FE', 'T1_head_neck_LB', 'T1_head_neck_AR', 'hip_flexion_r', 'hip_adduction_r', 'hip_rotation_r', 'knee_angle_r', 'knee_angle_y_r', 'knee_angle_x_r', 'ankle_angle_r', 'subtalar_angle_r', 'mtp_angle_r', 'hip_flexion_l', 'hip_adduction_l', 'hip_rotation_l', 'knee_angle_l', 'knee_angle_y_l', 'knee_angle_x_l', 'ankle_angle_l', 'subtalar_angle_l', 'mtp_angle_l', 'skull_z', 'skull_y', 'skull_x', 'sternoclavicular_r2', 'sternoclavicular_r3', 'acromioclavicular_r2', 'elv_angle', 'shoulder_elv', 'shoulder1_r2', 'shoulder_rot', 'elbow_flexion', 'elbow_x', 'pro_sup', 'sternoclavicular_r2_l', 'sternoclavicular_r3_l', 'acromioclavicular_r2_l', 'elv_angle_l', 'shoulder_elv_l', 'shoulder1_r2_l', 'shoulder_rot_l', 'elbow_flexion_l', 'elbow_x_l', 'pro_sup_l', 'ribs_bending']
  JOINTS: ['ground_pelvis', 'L5_S1_IVDjnt', 'L4_L5_IVDjnt', 'L3_L4_IVDjnt', 'L2_L3_IVDjnt', 'L1_L2_IVDjnt', 'T12_L1_IVDjnt', 'T11_T12_IVDjnt', 'T10_T11_IVDjnt', 'T9_T10_IVDjnt', 'T8_T9_IVDjnt', 'T7_T8_IVDjnt', 'T6_T7_IVDjnt', 'T5_T6_IVDjnt', 'T4_T5_IVDjnt', 'T3_T4_IVDjnt', 'T2_T3_IVDjnt', 'T1_T2_IVDjnt', 'T1_head_neck', 'hip_r', 'knee_r', 'ankle_r', 'subtalar_r', 'mtp_r', 'hip_l', 'knee_l', 'ankle_l', 'subtalar_l', 'mtp_l', 'C7_cerv6', 'C7_cerv5', 'C7_cerv4', 'C7_cerv3', 'C7_cerv2', 'C7_cerv1', 'skull_jaw', 'C7_skull', 'sternoclavicular', 'acromioclavicular', 'shoulder2', 'elbow', 'radioulnar', 'sternoclavicular_l', 'acromioclavicular_l', 'shoulder2_l', 'elbow_l', 'radioulnar_l', 'T1_rib']
  Joints_Inside_Cylinder_Body_LIST: [['ROOT', 'Torso'], ['RHIPJ', 'Torso'], ['LHIPJ', 'Torso'], ['Spine1', 'Torso'], ['Spine2', 'Torso'], ['Spine3', 'Torso'], ['LCOL', 'Torso'], ['RCOL', 'Torso'], ['NECK', 'Torso'], ['HEAD', 'HEAD'], ['RKNE', 'RightLeg'], ['RKNI', 'RightLeg'], ['LKNE', 'LeftLeg'], ['LKNI', 'LeftLeg'], ['LANK', 'LeftShrank'], ['RANK', 'RightShrank'], ['LANI', 'LeftShrank'], ['RANI', 'RightShrank'], ['RTOE', 'RightFOOT'], ['LTOE', 'LeftFOOT'], ['RMT1', 'RightFOOT'], ['LMT1', 'LeftFOOT'], ['RMT5', 'RightFOOT'], ['LMT5', 'LeftFOOT'], ['LELB', 'LeftArm'], ['RELB', 'RightArm'], ['LELBIN', 'LeftArm'], ['RELBIN', 'RightArm'], ['LIWR', 'LeftForearm'], ['RIWR', 'RightForearm'], ['LOWR', 'LeftForearm'], ['ROWR', 'RightForearm'], ['ground_pelvis', 'Torso'], ['L5_S1_IVDjnt', 'Torso'], ['L4_L5_IVDjnt', 'Torso'], ['L3_L4_IVDjnt', 'Torso'], ['L2_L3_IVDjnt', 'Torso'], ['L1_L2_IVDjnt', 'Torso'], ['T12_L1_IVDjnt', 'Torso'], ['T11_T12_IVDjnt', 'Torso'], ['T10_T11_IVDjnt', 'Torso'], ['T9_T10_IVDjnt', 'Torso'], ['T8_T9_IVDjnt', 'Torso'], ['T7_T8_IVDjnt', 'Torso'], ['T6_T7_IVDjnt', 'Torso'], ['T5_T6_IVDjnt', 'Torso'], ['T4_T5_IVDjnt', 'Torso'], ['T3_T4_IVDjnt', 'Torso'], ['T2_T3_IVDjnt', 'Torso'], ['T1_T2_IVDjnt', 'Torso'], ['T1_head_neck', 'HEAD'], ['hip_r', 'RightLeg'], ['knee_r', 'RightLeg'], ['ankle_r', 'RightShrank'], ['subtalar_r', 'RightShrank'], ['mtp_r', 'RightFOOT'], ['hip_l', 'LeftLeg'], ['knee_l', 'LeftLeg'], ['ankle_l', 'LeftShrank'], ['subtalar_l', 'LeftShrank'], ['mtp_l', 'LeftFOOT'], ['C7_cerv6', 'HEAD'], ['C7_cerv5', 'HEAD'], ['C7_cerv4', 'HEAD'], ['C7_cerv3', 'HEAD'], ['C7_cerv2', 'HEAD'], ['C7_cerv1', 'HEAD'], ['skull_jaw', 'HEAD'], ['C7_skull', 'HEAD'], ['sternoclavicular', 'RightArm'], ['acromioclavicular', 'RightArm'], ['shoulder2', 'RightArm'], ['elbow', 'RightArm'], ['radioulnar', 'RightForearm'], ['sternoclavicular_l', 'LeftArm'], ['acromioclavicular_l', 'LeftArm'], ['shoulder2_l', 'LeftArm'], ['elbow_l', 'LeftArm'], ['radioulnar_l', 'LeftForearm'], ['T1_rib', 'Torso'], ['radiocarpal', 'RightForearm'], ['radiocarpal_l', 'LeftForearm']]
  LEAFJOINTS: ['radiocarpal', 'radiocarpal_l']
  MARKER: ['ROOT', 'LHIPJ', 'RHIPJ', 'Spine1', 'LKJC', 'RKJC', 'Spine2', 'LAJC', 'RAJC', 'Spine3', 'LFOOT', 'RFOOT', 'NECK', 'LCOL', 'RCOL', 'HEAD', 'LSHOULDER', 'RSHOULDER', 'LELC', 'RELC', 'LWRIST', 'RWRIST', 'LPSI', 'RPSI', 'RASI', 'LASI', 'T12', 'T10', 'T8', 'T1', 'C7', 'RKNE', 'RKNI', 'LKNE', 'LKNI', 'LANK', 'RANK', 'LANI', 'RANI', 'LHEE', 'RHEE', 'RTOE', 'LTOE', 'RMT1', 'LMT1', 'RMT5', 'LMT5', 'LSHO', 'RSHO', 'STRN', 'CLAV', 'RCLAV', 'LCLAV', 'LELB', 'RELB', 'LELBIN', 'RELBIN', 'LIWR', 'RIWR', 'LOWR', 'ROWR', 'LFHD', 'RFHD', 'LBHD', 'RBHD']
  MIRROR_BONES: [0, 1, 2, 3, 4, 5, 6, 7, 8, 9, 10, 11, 12, 13, 14, 15, 16, 17, 18, 24, 25, 26, 27, 28, 19, 20, 21, 22, 23, 29, 30, 31, 32, 33, 34, 35, 36, 37, 43, 44, 45, 46, 47, 38, 39, 40, 41, 42]
  NUM_JOINTS: 50
  NUM_MARKERS: 65
  NUM_SMPL_JOINTS: 22
  POS_NAME: ['ground_pelvis', 'L5_S1_IVDjnt', 'L4_L5_IVDjnt', 'L3_L4_IVDjnt', 'L2_L3_IVDjnt', 'L1_L2_IVDjnt', 'T12_L1_IVDjnt', 'T11_T12_IVDjnt', 'T10_T11_IVDjnt', 'T9_T10_IVDjnt', 'T8_T9_IVDjnt', 'T7_T8_IVDjnt', 'T6_T7_IVDjnt', 'T5_T6_IVDjnt', 'T4_T5_IVDjnt', 'T3_T4_IVDjnt', 'T2_T3_IVDjnt', 'T1_T2_IVDjnt', 'T1_head_neck', 'hip_r', 'knee_r', 'ankle_r', 'subtalar_r', 'mtp_r', 'hip_l', 'knee_l', 'ankle_l', 'subtalar_l', 'mtp_l', 'C7_cerv6', 'C7_cerv5', 'C7_cerv4', 'C7_cerv3', 'C7_cerv2', 'C7_cerv1', 'skull_jaw', 'C7_skull', 'sternoclavicular', 'acromioclavicular', 'shoulder2', 'elbow', 'radioulnar', 'sternoclavicular_l', 'acromioclavicular_l', 'shoulder2_l', 'elbow_l', 'radioulnar_l', 'T1_rib', 'radiocarpal', 'radiocarpal_l', 'ROOT', 'LHIPJ', 'RHIPJ', 'Spine1', 'LKJC', 'RKJC', 'Spine2', 'LAJC', 'RAJC', 'Spine3', 'LFOOT', 'RFOOT', 'NECK', 'LCOL', 'RCOL', 'HEAD', 'LSHOULDER', 'RSHOULDER', 'LELC', 'RELC', 'LWRIST', 'RWRIST', 'LPSI', 'RPSI', 'RASI', 'LASI', 'T12', 'T10', 'T8', 'T1', 'C7', 'RKNE', 'RKNI', 'LKNE', 'LKNI', 'LANK', 'RANK', 'LANI', 'RANI', 'LHEE', 'RHEE', 'RTOE', 'LTOE', 'RMT1', 'LMT1', 'RMT5', 'LMT5', 'LSHO', 'RSHO', 'STRN', 'CLAV', 'RCLAV', 'LCLAV', 'LELB', 'RELB', 'LELBIN', 'RELBIN', 'LIWR', 'RIWR', 'LOWR', 'ROWR', 'LFHD', 'RFHD', 'LBHD', 'RBHD']
PROGRESSBAR: False
RESNETPATH: None
SEED: 100
STARTMODELPATH: None
TESTMODE: False
TEST_SUBJECTS: [2, 29, 19, 21, 51, 26, 7, 72, 77, 17, 65, 80, 6, 76, 10, 73, 13, 38]
TRAINING:
  AWARED_OCCLUSION:
    GT: False
    USE: False
  BATCHSIZE: 64
  COORDINATE_MAX_WEIGHT: 2
  END_LR: [3.33e-05, 1e-06]
  EPOCH: [28, 2]
  EVALUATION_BATCHSIZE: 64
  LOSS2D: False
  LOSSTYPE: 1
  MARKER_PREDICTION: True
  MARKER_TYPE: [10, 10, 10, 1, 1, 1, 1, 1, 1, 1, 20, 20, 10, 1, 1, 10, 0, 0, 1, 1, 1, 1, 20, 20, 20, 20, 10, 20, 10, 10, 20, 20, 20, 20, 20, 20, 20, 20, 20, 20, 20, 10, 10, 1, 1, 1, 1, 20, 20, 20, 20, 1, 1, 20, 20, 20, 20, 20, 20, 20, 20, 10, 10, 10, 10]
  MARKER_WEIGHT: [1.0, 1.0, 1.0, 0.1, 0.1, 0.1, 0.1, 0.1, 0.1, 0.1, 2.0, 2.0, 1.0, 0.1, 0.1, 1.0, 0.0, 0.0, 0.1, 0.1, 0.1, 0.1, 2.0, 2.0, 2.0, 2.0, 1.0, 2.0, 1.0, 1.0, 2.0, 2.0, 2.0, 2.0, 2.0, 2.0, 2.0, 2.0, 2.0, 2.0, 2.0, 1.0, 1.0, 0.1, 0.1, 0.1, 0.1, 2.0, 2.0, 2.0, 2.0, 0.1, 0.1, 2.0, 2.0, 2.0, 2.0, 2.0, 2.0, 2.0, 2.0, 1.0, 1.0, 1.0, 1.0]
  PCA: False
  PCA_COMPONENTS: 51
  START_LR: [0.0005, 3.33e-06]
  TRAINING_STEPS: 2
  USE_BODY_WEIGHTS: False
  USE_OS_SIMULATION: False
  VALID_BATCHSIZE: 64
TRAINING_SUBJECTS: [78, 59, 79, 44, 56, 88, 75, 61, 53, 47, 40, 41, 32, 70, 28, 39, 69, 11, 3, 90, 71, 54, 20, 85, 37, 34, 33, 46, 67, 63, 55, 36, 42, 50, 24, 35, 84, 45, 60, 16, 74, 82, 27, 89, 57, 5, 49, 22, 4, 66, 31, 83, 43, 48, 52, 68, 25, 9, 18, 1, 81, 58, 23, 62, 64, 8, 87]
VALID_SUBJECTS: [14, 86, 15, 30]
VALID_WORKERS: 16
WORKERS: 16
84900 training data, 21822 valid data, 100839 test data
layer3 uses center striding.
Use ResNet50 Next with center striding and Petrained model
Image size : (256, 256)
Training with lr from 0.0005 to 3.33e-05 in 28 epochs.
LR decay rate : 0.904534157262606
Evaluation : False
Train , Epoch 0 : : total loss : 0.44673212618759495   Marker : 0.2388642618311836   Joint : 0.14278893910494506   Angle : 0.05194665372461575   body : 0.013132271273300434   
Evaluation : True
/tudelft.net/staff-bulk/ewi/insy/VisionLab/students/wyang/miniconda/miniconda/lib/python3.8/site-packages/torch/nn/functional.py:718: UserWarning: Named tensors and all their associated APIs are an experimental feature and subject to change. Please do not use them for anything important until they are released as stable. (Triggered internally at  /opt/conda/conda-bld/pytorch_1623448278899/work/c10/core/TensorImpl.h:1156.)
  return torch.max_pool2d(input, kernel_size, stride, padding, dilation, ceil_mode)
Valid, Epoch 0 : : total loss : 0.3543348988891467   Marker : 0.13880294689761982   Joint : 0.10335637122220576   Angle : 0.0940816311534259   body : 0.01809394920618503   
Current LR:  [0.00045226707863130303]
Best Loss : 0.13880294689761982
Evaluation : False
Train , Epoch 1 : : total loss : 0.33202998548026896   Marker : 0.17654050601193988   Joint : 0.10363342552298334   Angle : 0.040703425515403756   body : 0.01115262784277332   
Evaluation : True
Valid, Epoch 1 : : total loss : 0.23394315671706634   Marker : 0.08415087754605573   Joint : 0.058860337228366845   Angle : 0.07402622110847373   body : 0.016905720875141066   
Current LR:  [0.00040909102082738646]
Best Loss : 0.08415087754605573
Evaluation : False
Train , Epoch 2 : : total loss : 0.28880527379555937   Marker : 0.15370509680781969   Joint : 0.08948853860017851   Angle : 0.03627382971200289   body : 0.009337808846581733   
Evaluation : True
Valid, Epoch 2 : : total loss : 0.2173560453853165   Marker : 0.0780762949148071   Joint : 0.054997842697096004   Angle : 0.06968632525347099   body : 0.014595582839516385   
Current LR:  [0.0003700368017677992]
Best Loss : 0.0780762949148071
Evaluation : False
Train , Epoch 3 : : total loss : 0.24198158828156746   Marker : 0.12822728758034482   Joint : 0.07390074210233008   Angle : 0.03221658394611574   body : 0.0076369743486571365   
Evaluation : True
Valid, Epoch 3 : : total loss : 0.19852774132948925   Marker : 0.06971488345522632   Joint : 0.04780661686128203   Angle : 0.06717412165417241   body : 0.013832119522692575   
Current LR:  [0.00033471092664318623]
Best Loss : 0.06971488345522632
Evaluation : False
Train , Epoch 4 : : total loss : 0.2164576045191126   Marker : 0.11451888095087415   Joint : 0.06576919602019485   Angle : 0.029394579944544967   body : 0.006774947708500703   
Evaluation : True
Valid, Epoch 4 : : total loss : 0.1877872143905286   Marker : 0.0643274535421337   Joint : 0.04605039861044693   Angle : 0.06371382159914064   body : 0.013695541015740723   
Current LR:  [0.0003027574659577804]
Best Loss : 0.0643274535421337
Evaluation : False
Train , Epoch 5 : : total loss : 0.21185532619061334   Marker : 0.11241517059201568   Joint : 0.06473110139448629   Angle : 0.028196132754510883   body : 0.006512922036066808   
Evaluation : True
Valid, Epoch 5 : : total loss : 0.18454736676031264   Marker : 0.0628811604335758   Joint : 0.04485046061616411   Angle : 0.06323804514249254   body : 0.01357770062270823   
Current LR:  [0.000273854469325083]
Best Loss : 0.0628811604335758
Evaluation : False
Train , Epoch 6 : : total loss : 0.1867539194352127   Marker : 0.09881240264884847   Joint : 0.05639003332687449   Angle : 0.025713417079260358   body : 0.00583806662605359   
Evaluation : True
Valid, Epoch 6 : : total loss : 0.1768394940365531   Marker : 0.059028637091275066   Joint : 0.04223338749808381   Angle : 0.06219287032703466   body : 0.013384599589960635   
Current LR:  [0.0002477107216235621]
Best Loss : 0.059028637091275066
Evaluation : False
Train , Epoch 7 : : total loss : 0.1722924900135843   Marker : 0.09123196842803495   Joint : 0.05169846581050713   Angle : 0.023958965567071243   body : 0.005403090544398958   
Evaluation : True
Valid, Epoch 7 : : total loss : 0.17055230848228295   Marker : 0.0569314065354083   Joint : 0.041959287003454304   Angle : 0.059150728435567054   body : 0.012510886494196278   
Current LR:  [0.00022406280882868076]
Best Loss : 0.0569314065354083
Evaluation : False
Train , Epoch 8 : : total loss : 0.16236542265294723   Marker : 0.08609232549214255   Joint : 0.048536879290035764   Angle : 0.022614474571274867   body : 0.005121743459279788   
Evaluation : True
Valid, Epoch 8 : : total loss : 0.1685901651809856   Marker : 0.055972236486111014   Joint : 0.04132370348538698   Angle : 0.05829038028701308   body : 0.013003845534308476   
Current LR:  [0.00020267246395774314]
Best Loss : 0.055972236486111014
Evaluation : False
Train , Epoch 9 : : total loss : 0.15691666761314887   Marker : 0.0833671516366584   Joint : 0.04695765556399549   Angle : 0.02165497391488892   body : 0.004936886801901323   
Evaluation : True
Valid, Epoch 9 : : total loss : 0.16303812997520992   Marker : 0.053608564001514626   Joint : 0.03945924818717901   Angle : 0.05734398244620571   body : 0.01262633544956662   
Current LR:  [0.00018332416638635308]
Best Loss : 0.053608564001514626
Evaluation : False
Train , Epoch 10 : : total loss : 0.14769340568920247   Marker : 0.0785345350129482   Joint : 0.04398929834545648   Angle : 0.020517538566434502   body : 0.004652033487284278   
Evaluation : True
Valid, Epoch 10 : : total loss : 0.15973123504614897   Marker : 0.05209669997128128   Joint : 0.0380933143600689   Angle : 0.05661486473674353   body : 0.01292635663905444   
Current LR:  [0.00016582297034814964]
Best Loss : 0.05209669997128128
Evaluation : False
Train , Epoch 11 : : total loss : 0.14199139251967902   Marker : 0.07562122116958214   Joint : 0.04225815183358045   Angle : 0.019635244296529353   body : 0.0044767754554515355   
Evaluation : True
Valid, Epoch 11 : : total loss : 0.15789849960708932   Marker : 0.05079233402751803   Joint : 0.03751055013902923   Angle : 0.05680463970903843   body : 0.012790976201304703   
Current LR:  [0.00014999254073864564]
Best Loss : 0.05079233402751803
Evaluation : False
Train , Epoch 12 : : total loss : 0.13686526286363782   Marker : 0.07297421658347006   Joint : 0.04073434617218658   Angle : 0.018860125949333787   body : 0.0042965741151013885   
Evaluation : True
Valid, Epoch 12 : : total loss : 0.15550066996271894   Marker : 0.04968936451413806   Joint : 0.0365323613024514   Angle : 0.05625539765153881   body : 0.013023546420842826   
Current LR:  [0.00013567337643270792]
Best Loss : 0.04968936451413806
Evaluation : False
Train , Epoch 13 : : total loss : 0.13236581074526227   Marker : 0.07070170308366351   Joint : 0.0392971006257187   Angle : 0.01821596840421808   body : 0.004151038643075251   
Evaluation : True
Valid, Epoch 13 : : total loss : 0.15848339402635203   Marker : 0.05139721777205091   Joint : 0.03801610737276956   Angle : 0.056045735300805456   body : 0.013024333441424639   
Current LR:  [0.00012272120321453177]
Evaluation : False
Train , Epoch 14 : : total loss : 0.12812551160428678   Marker : 0.0685237368728915   Joint : 0.03796127845068233   Angle : 0.01761741321365353   body : 0.0040230832498472854   
Evaluation : True
Valid, Epoch 14 : : total loss : 0.15344208253313843   Marker : 0.04874830492453356   Joint : 0.03587123408849424   Angle : 0.05559128297259156   body : 0.013231260703208958   
Current LR:  [0.0001110055201279095]
Best Loss : 0.04874830492453356
Evaluation : False
Train , Epoch 15 : : total loss : 0.12475298360259825   Marker : 0.06681588241833278   Joint : 0.0369275990778055   Angle : 0.017090709952336944   body : 0.003918792093720506   
Evaluation : True
Valid, Epoch 15 : : total loss : 0.155751802494978   Marker : 0.049267842236234705   Joint : 0.03770032861844373   Angle : 0.05561901040217494   body : 0.013164621617789448   
Current LR:  [0.00010040828460039587]
Evaluation : False
Train , Epoch 16 : : total loss : 0.12160549195958119   Marker : 0.06522104972032311   Joint : 0.0359367009822622   Angle : 0.016637331466885848   body : 0.0038104098585896406   
Evaluation : True
Valid, Epoch 16 : : total loss : 0.15261046952653265   Marker : 0.04813352182689153   Joint : 0.03606285943784828   Angle : 0.055127288471187315   body : 0.013286799776948521   
Current LR:  [9.082272309320297e-05]
Best Loss : 0.04813352182689153
Evaluation : False
Train , Epoch 17 : : total loss : 0.11866391815953126   Marker : 0.06372485744175509   Joint : 0.035019861952841375   Angle : 0.01619711218522595   body : 0.0037220867136830457   
Evaluation : True
Valid, Epoch 17 : : total loss : 0.15023954628521444   Marker : 0.04721818636956371   Joint : 0.03551551034542087   Angle : 0.05434964523887057   body : 0.013156204959581648   
Current LR:  [8.215225529340538e-05]
Best Loss : 0.04721818636956371
Evaluation : False
Train , Epoch 18 : : total loss : 0.11664037605913337   Marker : 0.0627345823448258   Joint : 0.0344047137770695   Angle : 0.01584893740786641   body : 0.0036521424993459658   
Evaluation : True
Valid, Epoch 18 : : total loss : 0.15148221590966682   Marker : 0.0478173995715059   Joint : 0.03594448039057755   Angle : 0.05449357606151694   body : 0.013226760041756325   
Current LR:  [7.43095210090429e-05]
Evaluation : False
Train , Epoch 19 : : total loss : 0.11367885154836319   Marker : 0.06118104527360264   Joint : 0.033471814922842326   Angle : 0.015443728988790718   body : 0.003582262349607167   
Evaluation : True
Valid, Epoch 19 : : total loss : 0.15042411578519896   Marker : 0.04737319782186457   Joint : 0.035399549112957125   Angle : 0.05442935726009142   body : 0.013222011459178572   
Current LR:  [6.721549996250254e-05]
Evaluation : False
Train , Epoch 20 : : total loss : 0.11152581089537247   Marker : 0.06008148549874714   Joint : 0.032796130751626254   Angle : 0.015138904453812906   body : 0.0035092901922397167   
Evaluation : True
Valid, Epoch 20 : : total loss : 0.15027375431461104   Marker : 0.046918312872420875   Joint : 0.035352832460783655   Angle : 0.05465971338640768   body : 0.01334289472368174   
Current LR:  [6.0798715613566956e-05]
Best Loss : 0.046918312872420875
Evaluation : False
Train , Epoch 21 : : total loss : 0.1099891946068087   Marker : 0.05930979961183815   Joint : 0.032331926687754024   Angle : 0.014893537495414506   body : 0.0034539308767698334   
Evaluation : True
Valid, Epoch 21 : : total loss : 0.14980985429784946   Marker : 0.0467020458834668   Joint : 0.03526985770392381   Angle : 0.05453392858630238   body : 0.013304022334474395   
Current LR:  [5.499451499016663e-05]
Best Loss : 0.0467020458834668
Evaluation : False
Train , Epoch 22 : : total loss : 0.10810726725385379   Marker : 0.05835452196813367   Joint : 0.031728311305581895   Angle : 0.01462297101658214   body : 0.0034014631043782465   
Evaluation : True
Valid, Epoch 22 : : total loss : 0.1497486879906223   Marker : 0.046779657249303844   Joint : 0.03530208236431947   Angle : 0.054388360933033404   body : 0.013278587539564644   
Current LR:  [4.974441727069613e-05]
Evaluation : False
Train , Epoch 23 : : total loss : 0.10754406728063953   Marker : 0.058117956951327994   Joint : 0.03157199854466665   Angle : 0.014474911280931571   body : 0.003379200769554638   
Evaluation : True
Valid, Epoch 23 : : total loss : 0.15020728279521425   Marker : 0.0465161938156416   Joint : 0.035537204731724545   Angle : 0.05466999136640066   body : 0.01348389267112953   
Current LR:  [4.4995524554468545e-05]
Best Loss : 0.0465161938156416
Evaluation : False
Train , Epoch 24 : : total loss : 0.10535677238107627   Marker : 0.05697115443557006   Joint : 0.030841687687168384   Angle : 0.01422229045959889   body : 0.003321639968182043   
Evaluation : True
Valid, Epoch 24 : : total loss : 0.14911329227280043   Marker : 0.04650542304710533   Joint : 0.035161178513655314   Angle : 0.05428568261013428   body : 0.013161008599020583   
Current LR:  [4.06999888834651e-05]
Best Loss : 0.04650542304710533
Evaluation : False
Train , Epoch 25 : : total loss : 0.10432892051127882   Marker : 0.056466622339901525   Joint : 0.03053625899213921   Angle : 0.014032251617364124   body : 0.003293787630177967   
Evaluation : True
Valid, Epoch 25 : : total loss : 0.14951394111445204   Marker : 0.046633005896078744   Joint : 0.03532148299607487   Angle : 0.0541141530615459   body : 0.013445299537685963   
Current LR:  [3.681453014530254e-05]
Evaluation : False
Train , Epoch 26 : : total loss : 0.10284468977744403   Marker : 0.055691544514368564   Joint : 0.030056619426715968   Angle : 0.013852797369268999   body : 0.0032437285039641334   
Evaluation : True
Valid, Epoch 26 : : total loss : 0.1486186472504946   Marker : 0.04596323062776809   Joint : 0.03508766277519683   Angle : 0.05424926443985387   body : 0.013318489353047776   
Current LR:  [3.330000000000004e-05]
Best Loss : 0.04596323062776809
Evaluation : False
Train , Epoch 27 : : total loss : 0.10200461212034319   Marker : 0.05526861730193211   Joint : 0.029807826181028042   Angle : 0.013713579240000806   body : 0.0032145894567312205   
Evaluation : True
Valid, Epoch 27 : : total loss : 0.1475273841090146   Marker : 0.045918627222739594   Joint : 0.03467650692553167   Angle : 0.05358024465536265   body : 0.013352005832541187   
Best Loss : 0.045918627222739594
Training with lr from 3.33e-06 to 1e-06 in 2 epochs.
LR decay rate : 0.3003003003003003
Evaluation : False
Train , Epoch 28 : : total loss : 0.09939195041518047   Marker : 0.053873088081587854   Joint : 0.028865669993051575   Angle : 0.013476060876878453   body : 0.003177131472266424   
Evaluation : True
Valid, Epoch 28 : : total loss : 0.14701176681742312   Marker : 0.045522457005592834   Joint : 0.03447203046295953   Angle : 0.05378951295225619   body : 0.013227766516796228   
Current LR:  [1e-06]
Best Loss : 0.045522457005592834
Evaluation : False
Train , Epoch 29 : : total loss : 0.09909769880893003   Marker : 0.053678338181334204   Joint : 0.028798962079359395   Angle : 0.01344821682876906   body : 0.0031721819196385225   
Evaluation : True
Valid, Epoch 29 : : total loss : 0.14729375286834748   Marker : 0.04561229319612218   Joint : 0.03453656677342763   Angle : 0.05387332080844211   body : 0.013271572642098665   
Finished Training
Load  /tudelft.net/staff-bulk/ewi/insy/VisionLab/students/wyang/dataset/models/model_28_OS_MARKER1.pt
layer3 uses center striding.
Use ResNet50 Next with center striding and Petrained model
Image size : (256, 256)
Load Pose Estimation Model : /tudelft.net/staff-bulk/ewi/insy/VisionLab/students/wyang/dataset/models/model_28_OS_MARKER1.pt
 OS Joint error : 0.0344720296561718 , SMPLH Joint error : 0.04252702370285988 , Marker error : 0.045319829136133194 , BonyLandmark : 0.045522451400756836
 OS Joint error : 0.029569074511528015 , SMPLH Joint error : 0.03667528182268143 , Marker error : 0.03792202100157738 , BonyLandmark : 0.03788051754236221
srun: Job step aborted: Waiting up to 32 seconds for job step to finish.
slurmstepd: error: *** STEP 6587196.0 ON ewi1 CANCELLED AT 2021-08-03T12:00:55 DUE TO TIME LIMIT ***
slurmstepd: error: *** JOB 6587196 ON ewi1 CANCELLED AT 2021-08-03T12:00:55 DUE TO TIME LIMIT ***
