/home/nfs/weitseyang/.bashrc: line 20: dirname: command not found
/home/nfs/weitseyang/.bashrc: line 21: dirname: command not found
              total        used        free      shared  buff/cache   available
Mem:         257670       10069      220660         425       26940      246311
Swap:        262143           0      262143
Mon Aug  9 10:49:09 2021       
+-----------------------------------------------------------------------------+
| NVIDIA-SMI 470.57.02    Driver Version: 470.57.02    CUDA Version: 11.4     |
|-------------------------------+----------------------+----------------------+
| GPU  Name        Persistence-M| Bus-Id        Disp.A | Volatile Uncorr. ECC |
| Fan  Temp  Perf  Pwr:Usage/Cap|         Memory-Usage | GPU-Util  Compute M. |
|                               |                      |               MIG M. |
|===============================+======================+======================|
|   0  NVIDIA GeForce ...  On   | 00000000:88:00.0 Off |                  N/A |
| 27%   24C    P8     9W / 250W |      1MiB / 11178MiB |      0%      Default |
|                               |                      |                  N/A |
+-------------------------------+----------------------+----------------------+
                                                                               
+-----------------------------------------------------------------------------+
| Processes:                                                                  |
|  GPU   GI   CI        PID   Type   Process name                  GPU Memory |
|        ID   ID                                                   Usage      |
|=============================================================================|
|  No running processes found                                                 |
+-----------------------------------------------------------------------------+
BML_FOLDER: /tudelft.net/staff-bulk/ewi/insy/VisionLab/students/wyang/dataset/HDF5/BML/
DATASET:
  ANTIALIAS:
    TEST: 1
    TRAIN: 1
  BBOX:
    PARTIAL_VISUALBILITY: False
  COLOR:
    AUG: True
  DATASETPERIMG: 2000
  GEOM:
    AUG: True
    HFLIP: False
    ROT: 20
    SCALE_DOWN: 25
    SCALE_UP: 25
    SHIFT_AUG: 10
  INTERPOLATION:
    TEST: nearest
    TRAIN: nearest
  OCCLUSION:
    PROB: 0.7
    SCALE: 0.8
  TRAINING_USEDEACHFRAME: 2
  USEDEACHFRAME: 1
EVAL_WORKERS: 16
HYP:
  ANGLE: 0.06
  BODY: 0.1
  INTERMEDIATE_MARKER: 1.5
  INTERMEDIATE_POS: 1.5
  MARKER: 2.0
  POS: 1.0
  ROTMAT: 0.1
  SY_BODY: 0.05
LAYER:
  OS_TRANSIT:
    ACT_TYPE: 1
    BN: False
LOSS:
  ANGLE:
    BETA: 5
    EVAL_TYPE: 1
    H: 0.1
    MASKMINVALUE: 0
    TYPE: 3
    USE: True
    USEMASK: True
  BODY:
    BETA: 0.05
    EVAL_TYPE: 1
    H: 0.1
    TYPE: 3
    USE: True
  MARKER:
    BETA: 0.02
    TYPE: 2
    USE: True
  POS:
    BETA: 0.02
    TYPE: 2
    USE: True
  ROTMAT:
    BETA: 0.02
    EVAL_TYPE: 1
    TYPE: 1
    USE: False
  SY_BODY:
    EVAL_TYPE: 1
    TYPE: 1
    USE: False
LSTM:
  BIDIRECTIONAL: True
  DROPOUTPROB: 0.1
  HIDDEN_STATE: 512
  NUM_LAYERS: 3
MODEL:
  CAUSAL: False
  CONV_CHANNEL_SIZE: [2048]
  CONV_LAYER: 1
  FULLCONV: True
  IMGSIZE: (256, 256)
  INFEATURES: 567
  INTERMEDIATE_POSE_ESTIMATION: False
  METRIC_SCALE:
    BBOX_SIZE: 2.2
    DEPTH: 8
    EVAL_STRIDING: 4
    STRIDING: 32
  NUMPRED: 115
  NUM_PRED: 115
  OUTFEATURES: 126
  POS: True
  RECEPTIVE_FIELD: 243
  RESNET:
    CENTER_STRIDING: True
    NEXT: True
    PRETRAINED: True
  TYPE: 0
MODEL_FOLDER: /tudelft.net/staff-bulk/ewi/insy/VisionLab/students/wyang/dataset/models/
PASCAL_PATH: /tudelft.net/staff-bulk/ewi/insy/VisionLab/students/wyang/dataset/HDF5/PASCAL/pascal.hdf5
PCA_PATH: None
POSTFIX: OS_TEMPORAL_TCN_L2_Huber
PREDICTION:
  BODY: ['pelvis', 'lumbar5', 'lumbar4', 'lumbar3', 'lumbar2', 'lumbar1', 'thoracic12', 'thoracic11', 'thoracic10', 'thoracic9', 'thoracic8', 'thoracic7', 'thoracic6', 'thoracic5', 'thoracic4', 'thoracic3', 'thoracic2', 'thoracic1', 'head_neck', 'femur_r', 'tibia_r', 'talus_r', 'calcn_r', 'toes_r', 'femur_l', 'tibia_l', 'talus_l', 'calcn_l', 'toes_l', 'cerv6', 'cerv5', 'cerv4', 'cerv3', 'cerv2', 'cerv1', 'jaw', 'skull', 'thorax', 'clavicle', 'scapula', 'humerus', 'ulna', 'radius', 'clavicle_l', 'scapula_l', 'humerus_l', 'ulna_l', 'radius_l']
  BODY_AMPITUDE_VALUE: [0.38330534, 0.11688988, 0.27979052, 0.18767838, 0.12217734, 0.17559392, 0.25814359, 0.19320878, 0.09488225, 0.23721306, 0.3308586, 0.22396367, 0.08659548, 1e-06, 0.1634575, 0.18397586, 0.23942574, 0.23136499, 0.14410597, 0.14576365, 0.17185328, 0.18178275, 0.15676707, 0.19965802, 0.12167494, 0.14225374, 0.19253547, 0.08705724, 0.13519439, 0.09673029, 0.16227082, 0.25709417, 0.27539152, 0.21485549, 0.11401759, 0.22396367, 0.21485549, 0.1838405, 0.18214334, 0.43287996, 0.43287996, 0.13003099, 0.13036308, 0.2175328, 0.20085876, 0.30206298, 0.3034652, 0.2025831, 0.20302752, 0.1691131, 0.22653959]
  BODY_AVG_VALUE: [1.21267658, 1.19278473, 1.09221309, 0.82231784, 0.65399921, 0.86740023, 1.23414558, 1.13399419, 1.00263798, 1.01988775, 1.04674897, 0.92795962, 0.80902216, 0.94262153, 0.96230629, 0.95413619, 1.04046246, 1.03910667, 0.68939832, 0.71175453, 0.74281865, 0.76454479, 0.9076589, 1.02388528, 0.64942223, 0.89473501, 0.89226717, 0.61283192, 0.7215803, 0.68092433, 1.08504841, 1.17846495, 1.14104316, 1.14461103, 0.74801221, 0.92795962, 1.14461103, 0.89621243, 0.8843008, 1.13165459, 1.13165459, 0.73835266, 0.74087435, 1.07924646, 1.08077973, 1.01209745, 0.99989337, 1.0244289, 1.03203484, 0.82801554, 0.7559647]
  BODY_SCALE_MAPPING: [[0, 1, 2], [10, 3, 9], [10, 3, 9], [10, 3, 9], [10, 3, 9], [10, 3, 9], [10, 3, 9], [10, 4, 9], [10, 4, 9], [10, 5, 9], [10, 5, 9], [10, 6, 9], [10, 6, 9], [10, 6, 9], [10, 6, 9], [10, 6, 9], [10, 6, 9], [10, 6, 9], [11, 7, 9], [16, 14, 16], [20, 18, 20], [20, 18, 20], [22, 23, 24], [28, 30, 30], [17, 15, 17], [21, 19, 21], [21, 19, 21], [25, 26, 27], [29, 31, 31], [11, 7, 9], [11, 7, 9], [11, 7, 9], [11, 7, 9], [11, 7, 9], [11, 7, 9], [12, 8, 13], [12, 8, 13], [32, 33, 34], [37, 35, 41], [39, 36, 41], [45, 43, 45], [49, 47, 49], [49, 47, 49], [38, 35, 42], [40, 36, 42], [46, 44, 46], [50, 48, 50], [50, 48, 50]]
  BODY_SCALE_UNIQUE_NUMS: 51
  BODY_WEIGHTS: [[2.0, 2.0, 2.0], [1.0, 2.0, 1.0], [1.0, 2.0, 1.0], [1.0, 2.0, 1.0], [1.0, 2.0, 1.0], [1.0, 2.0, 1.0], [1.0, 2.0, 1.0], [1.0, 2.0, 1.0], [1.0, 2.0, 1.0], [1.0, 2.0, 1.0], [1.0, 2.0, 1.0], [1.0, 2.0, 1.0], [1.0, 2.0, 1.0], [1.0, 2.0, 1.0], [1.0, 2.0, 1.0], [1.0, 2.0, 1.0], [1.0, 2.0, 1.0], [1.0, 2.0, 1.0], [1.0, 2.0, 1.0], [1.0, 2.0, 1.0], [1.0, 2.0, 1.0], [1.0, 2.0, 1.0], [2.0, 1.0, 1.0], [2.0, 1.0, 1.0], [1.0, 2.0, 1.0], [1.0, 2.0, 1.0], [1.0, 2.0, 1.0], [2.0, 1.0, 1.0], [2.0, 1.0, 1.0], [1.0, 2.0, 1.0], [1.0, 2.0, 1.0], [1.0, 2.0, 1.0], [1.0, 2.0, 1.0], [1.0, 2.0, 1.0], [1.0, 2.0, 1.0], [1.0, 1.0, 2.0], [1.0, 1.0, 2.0], [2.0, 1.0, 1.0], [1.0, 1.0, 2.0], [1.0, 1.0, 2.0], [1.0, 2.0, 1.0], [1.0, 2.0, 1.0], [1.0, 2.0, 1.0], [1.0, 1.0, 2.0], [1.0, 1.0, 2.0], [1.0, 2.0, 1.0], [1.0, 2.0, 1.0], [1.0, 2.0, 1.0]]
  COORDINATES: ['L5_S1_FE', 'L5_S1_LB', 'L5_S1_AR', 'L4_L5_FE', 'L4_L5_LB', 'L4_L5_AR', 'T12_L1_FE', 'T12_L1_LB', 'T12_L1_AR', 'T11_T12_FE', 'T11_T12_LB', 'T11_T12_AR', 'T10_T11_FE', 'T10_T11_LB', 'T10_T11_AR', 'T9_T10_FE', 'T9_T10_LB', 'T9_T10_AR', 'T8_T9_FE', 'T8_T9_LB', 'T8_T9_AR', 'T1_T2_FE', 'T1_T2_LB', 'T1_T2_AR', 'T1_head_neck_FE', 'T1_head_neck_LB', 'T1_head_neck_AR', 'hip_flexion_r', 'hip_adduction_r', 'hip_rotation_r', 'knee_angle_r', 'knee_angle_y_r', 'knee_angle_x_r', 'ankle_angle_r', 'subtalar_angle_r', 'mtp_angle_r', 'hip_flexion_l', 'hip_adduction_l', 'hip_rotation_l', 'knee_angle_l', 'knee_angle_y_l', 'knee_angle_x_l', 'ankle_angle_l', 'subtalar_angle_l', 'mtp_angle_l', 'skull_z', 'skull_y', 'skull_x', 'sternoclavicular_r2', 'sternoclavicular_r3', 'acromioclavicular_r2', 'elv_angle', 'shoulder_elv', 'shoulder1_r2', 'shoulder_rot', 'elbow_flexion', 'elbow_x', 'pro_sup', 'sternoclavicular_r2_l', 'sternoclavicular_r3_l', 'acromioclavicular_r2_l', 'elv_angle_l', 'shoulder_elv_l', 'shoulder1_r2_l', 'shoulder_rot_l', 'elbow_flexion_l', 'elbow_x_l', 'pro_sup_l', 'ribs_bending']
  JOINTS: ['ground_pelvis', 'L5_S1_IVDjnt', 'L4_L5_IVDjnt', 'L3_L4_IVDjnt', 'L2_L3_IVDjnt', 'L1_L2_IVDjnt', 'T12_L1_IVDjnt', 'T11_T12_IVDjnt', 'T10_T11_IVDjnt', 'T9_T10_IVDjnt', 'T8_T9_IVDjnt', 'T7_T8_IVDjnt', 'T6_T7_IVDjnt', 'T5_T6_IVDjnt', 'T4_T5_IVDjnt', 'T3_T4_IVDjnt', 'T2_T3_IVDjnt', 'T1_T2_IVDjnt', 'T1_head_neck', 'hip_r', 'knee_r', 'ankle_r', 'subtalar_r', 'mtp_r', 'hip_l', 'knee_l', 'ankle_l', 'subtalar_l', 'mtp_l', 'C7_cerv6', 'C7_cerv5', 'C7_cerv4', 'C7_cerv3', 'C7_cerv2', 'C7_cerv1', 'skull_jaw', 'C7_skull', 'sternoclavicular', 'acromioclavicular', 'shoulder2', 'elbow', 'radioulnar', 'sternoclavicular_l', 'acromioclavicular_l', 'shoulder2_l', 'elbow_l', 'radioulnar_l', 'T1_rib']
  Joints_Inside_Cylinder_Body_LIST: [['ROOT', 'Torso'], ['RHIPJ', 'Torso'], ['LHIPJ', 'Torso'], ['Spine1', 'Torso'], ['Spine2', 'Torso'], ['Spine3', 'Torso'], ['LCOL', 'Torso'], ['RCOL', 'Torso'], ['NECK', 'Torso'], ['HEAD', 'HEAD'], ['RKNE', 'RightLeg'], ['RKNI', 'RightLeg'], ['LKNE', 'LeftLeg'], ['LKNI', 'LeftLeg'], ['LANK', 'LeftShrank'], ['RANK', 'RightShrank'], ['LANI', 'LeftShrank'], ['RANI', 'RightShrank'], ['RTOE', 'RightFOOT'], ['LTOE', 'LeftFOOT'], ['RMT1', 'RightFOOT'], ['LMT1', 'LeftFOOT'], ['RMT5', 'RightFOOT'], ['LMT5', 'LeftFOOT'], ['LELB', 'LeftArm'], ['RELB', 'RightArm'], ['LELBIN', 'LeftArm'], ['RELBIN', 'RightArm'], ['LIWR', 'LeftForearm'], ['RIWR', 'RightForearm'], ['LOWR', 'LeftForearm'], ['ROWR', 'RightForearm'], ['ground_pelvis', 'Torso'], ['L5_S1_IVDjnt', 'Torso'], ['L4_L5_IVDjnt', 'Torso'], ['L3_L4_IVDjnt', 'Torso'], ['L2_L3_IVDjnt', 'Torso'], ['L1_L2_IVDjnt', 'Torso'], ['T12_L1_IVDjnt', 'Torso'], ['T11_T12_IVDjnt', 'Torso'], ['T10_T11_IVDjnt', 'Torso'], ['T9_T10_IVDjnt', 'Torso'], ['T8_T9_IVDjnt', 'Torso'], ['T7_T8_IVDjnt', 'Torso'], ['T6_T7_IVDjnt', 'Torso'], ['T5_T6_IVDjnt', 'Torso'], ['T4_T5_IVDjnt', 'Torso'], ['T3_T4_IVDjnt', 'Torso'], ['T2_T3_IVDjnt', 'Torso'], ['T1_T2_IVDjnt', 'Torso'], ['T1_head_neck', 'HEAD'], ['hip_r', 'RightLeg'], ['knee_r', 'RightLeg'], ['ankle_r', 'RightShrank'], ['subtalar_r', 'RightShrank'], ['mtp_r', 'RightFOOT'], ['hip_l', 'LeftLeg'], ['knee_l', 'LeftLeg'], ['ankle_l', 'LeftShrank'], ['subtalar_l', 'LeftShrank'], ['mtp_l', 'LeftFOOT'], ['C7_cerv6', 'HEAD'], ['C7_cerv5', 'HEAD'], ['C7_cerv4', 'HEAD'], ['C7_cerv3', 'HEAD'], ['C7_cerv2', 'HEAD'], ['C7_cerv1', 'HEAD'], ['skull_jaw', 'HEAD'], ['C7_skull', 'HEAD'], ['sternoclavicular', 'RightArm'], ['acromioclavicular', 'RightArm'], ['shoulder2', 'RightArm'], ['elbow', 'RightArm'], ['radioulnar', 'RightForearm'], ['sternoclavicular_l', 'LeftArm'], ['acromioclavicular_l', 'LeftArm'], ['shoulder2_l', 'LeftArm'], ['elbow_l', 'LeftArm'], ['radioulnar_l', 'LeftForearm'], ['T1_rib', 'Torso'], ['radiocarpal', 'RightForearm'], ['radiocarpal_l', 'LeftForearm']]
  LEAFJOINTS: ['radiocarpal', 'radiocarpal_l']
  MARKER: ['ROOT', 'LHIPJ', 'RHIPJ', 'Spine1', 'LKJC', 'RKJC', 'Spine2', 'LAJC', 'RAJC', 'Spine3', 'LFOOT', 'RFOOT', 'NECK', 'LCOL', 'RCOL', 'HEAD', 'LSHOULDER', 'RSHOULDER', 'LELC', 'RELC', 'LWRIST', 'RWRIST', 'LPSI', 'RPSI', 'RASI', 'LASI', 'T12', 'T10', 'T8', 'T1', 'C7', 'RKNE', 'RKNI', 'LKNE', 'LKNI', 'LANK', 'RANK', 'LANI', 'RANI', 'LHEE', 'RHEE', 'RTOE', 'LTOE', 'RMT1', 'LMT1', 'RMT5', 'LMT5', 'LSHO', 'RSHO', 'STRN', 'CLAV', 'RCLAV', 'LCLAV', 'LELB', 'RELB', 'LELBIN', 'RELBIN', 'LIWR', 'RIWR', 'LOWR', 'ROWR', 'LFHD', 'RFHD', 'LBHD', 'RBHD']
  MIRROR_BONES: [0, 1, 2, 3, 4, 5, 6, 7, 8, 9, 10, 11, 12, 13, 14, 15, 16, 17, 18, 24, 25, 26, 27, 28, 19, 20, 21, 22, 23, 29, 30, 31, 32, 33, 34, 35, 36, 37, 43, 44, 45, 46, 47, 38, 39, 40, 41, 42]
  NUM_JOINTS: 50
  NUM_MARKERS: 65
  NUM_SMPL_JOINTS: 22
  POS_NAME: ['ground_pelvis', 'L5_S1_IVDjnt', 'L4_L5_IVDjnt', 'L3_L4_IVDjnt', 'L2_L3_IVDjnt', 'L1_L2_IVDjnt', 'T12_L1_IVDjnt', 'T11_T12_IVDjnt', 'T10_T11_IVDjnt', 'T9_T10_IVDjnt', 'T8_T9_IVDjnt', 'T7_T8_IVDjnt', 'T6_T7_IVDjnt', 'T5_T6_IVDjnt', 'T4_T5_IVDjnt', 'T3_T4_IVDjnt', 'T2_T3_IVDjnt', 'T1_T2_IVDjnt', 'T1_head_neck', 'hip_r', 'knee_r', 'ankle_r', 'subtalar_r', 'mtp_r', 'hip_l', 'knee_l', 'ankle_l', 'subtalar_l', 'mtp_l', 'C7_cerv6', 'C7_cerv5', 'C7_cerv4', 'C7_cerv3', 'C7_cerv2', 'C7_cerv1', 'skull_jaw', 'C7_skull', 'sternoclavicular', 'acromioclavicular', 'shoulder2', 'elbow', 'radioulnar', 'sternoclavicular_l', 'acromioclavicular_l', 'shoulder2_l', 'elbow_l', 'radioulnar_l', 'T1_rib', 'radiocarpal', 'radiocarpal_l', 'ROOT', 'LHIPJ', 'RHIPJ', 'Spine1', 'LKJC', 'RKJC', 'Spine2', 'LAJC', 'RAJC', 'Spine3', 'LFOOT', 'RFOOT', 'NECK', 'LCOL', 'RCOL', 'HEAD', 'LSHOULDER', 'RSHOULDER', 'LELC', 'RELC', 'LWRIST', 'RWRIST', 'LPSI', 'RPSI', 'RASI', 'LASI', 'T12', 'T10', 'T8', 'T1', 'C7', 'RKNE', 'RKNI', 'LKNE', 'LKNI', 'LANK', 'RANK', 'LANI', 'RANI', 'LHEE', 'RHEE', 'RTOE', 'LTOE', 'RMT1', 'LMT1', 'RMT5', 'LMT5', 'LSHO', 'RSHO', 'STRN', 'CLAV', 'RCLAV', 'LCLAV', 'LELB', 'RELB', 'LELBIN', 'RELBIN', 'LIWR', 'RIWR', 'LOWR', 'ROWR', 'LFHD', 'RFHD', 'LBHD', 'RBHD']
PROGRESSBAR: False
RESNETPATH: None
SEED: 100
STARTMODELPATH: None
TESTMODE: False
TEST_SUBJECTS: [2, 29, 19, 21, 51, 26, 7, 72, 77, 17, 65, 80, 6, 76, 10, 73, 13, 38]
TRAINING:
  AMSGRAD: True
  AWARED_OCCLUSION:
    GT: False
    USE: False
  BATCHSIZE: 128
  COORDINATE_MAX_WEIGHT: 2
  END_LR: [5e-06]
  END_MOMENTUM: 0.001
  EPOCH: [80]
  EVALUATION_BATCHSIZE: 128
  INITIAL_MOMENTUM: 0.1
  LOSS2D: False
  LOSSTYPE: 1
  MARKER_PREDICTION: True
  MARKER_TYPE: [10, 10, 10, 1, 1, 1, 1, 1, 1, 1, 20, 20, 10, 1, 1, 10, 0, 0, 1, 1, 1, 1, 20, 20, 20, 20, 10, 20, 10, 10, 20, 20, 20, 20, 20, 20, 20, 20, 20, 20, 20, 10, 10, 1, 1, 1, 1, 20, 20, 20, 20, 1, 1, 20, 20, 20, 20, 20, 20, 20, 20, 10, 10, 10, 10]
  MARKER_WEIGHT: [1.0, 1.0, 1.0, 0.1, 0.1, 0.1, 0.1, 0.1, 0.1, 0.1, 2.0, 2.0, 1.0, 0.1, 0.1, 1.0, 0.0, 0.0, 0.1, 0.1, 0.1, 0.1, 2.0, 2.0, 2.0, 2.0, 1.0, 2.0, 1.0, 1.0, 2.0, 2.0, 2.0, 2.0, 2.0, 2.0, 2.0, 2.0, 2.0, 2.0, 2.0, 1.0, 1.0, 0.1, 0.1, 0.1, 0.1, 2.0, 2.0, 2.0, 2.0, 0.1, 0.1, 2.0, 2.0, 2.0, 2.0, 2.0, 2.0, 2.0, 2.0, 1.0, 1.0, 1.0, 1.0]
  PCA: False
  PCA_COMPONENTS: 51
  START_LR: [0.001]
  TRAINING_STEPS: 1
  USE_BODY_WEIGHTS: False
  USE_OS_SIMULATION: False
  VALID_BATCHSIZE: 64
TRAINING_SUBJECTS: [78, 59, 79, 44, 56, 88, 75, 61, 53, 47, 40, 41, 32, 70, 28, 39, 69, 11, 3, 90, 71, 54, 20, 85, 37, 34, 33, 46, 67, 63, 55, 36, 42, 50, 24, 35, 84, 45, 60, 16, 74, 82, 27, 89, 57, 5, 49, 22, 4, 66, 31, 83, 43, 48, 52, 68, 25, 9, 18, 1, 81, 58, 23, 62, 64, 8, 87]
TRANSFORMER:
  BATCHNORM: False
  DROPOUT: False
  D_CHANNEL: 512
  D_MODEL: 256
  N1: 3
  N_HEADS: 8
  POS_ENCODNIG_EVERY_BLOCK: False
  STRIDES: [3, 9, 9]
VALID_SUBJECTS: [14, 86, 15, 30]
VALID_WORKERS: 16
WORKERS: 16
83696 training data, 21822 valid data, 100839 test data
Casual : False
Use Temporal Convolutional Network
Receptive Field: 243
Filter Widths: [3, 3, 3, 3, 3]
LR starts from 0.001, LR decay rate : 0.9366821028821064
Evaluation : False
Train , Epoch 0 : : total loss : 0.49646305312241384   marker : 0.22510275135179025   pose : 0.0635906179730779   angle : 0.19916600576540594   body : 0.008603678924954321   
Evaluation : True
Valid, Epoch 0 : : total loss : 0.5108975908756475   marker : 0.16706444937218537   pose : 0.059755843278522854   angle : 0.2666894714135908   body : 0.017387825838969504   
Current LR:  [0.0009366821028821065]
Epoch 0, Momentum: 0.09447320346528115
Best Loss : 0.2666894714135908
Evaluation : False
Train , Epoch 1 : : total loss : 0.29182427786119497   marker : 0.14124325536202872   pose : 0.040072343376383844   angle : 0.10531341946280204   body : 0.005195259868921812   
Evaluation : True
Valid, Epoch 1 : : total loss : 0.9610901669046092   marker : 0.3372233931581911   pose : 0.11983662402856013   angle : 0.48264009274502045   body : 0.021390054367080462   
Current LR:  [0.000877373361859645]
Epoch 1, Momentum: 0.0892518617299241
Evaluation : False
Train , Epoch 2 : : total loss : 0.24085777548425596   marker : 0.1209563940740654   pose : 0.03409811171487681   angle : 0.08124057087722088   body : 0.004562699857451718   
Evaluation : True
Valid, Epoch 2 : : total loss : 3.187535509443908   marker : 0.9068125939021767   pose : 0.3429775893573483   angle : 1.8936466265638112   body : 0.04409870321509622   
Current LR:  [0.0008218199255994355]
Epoch 2, Momentum: 0.08431909292866258
Evaluation : False
Train , Epoch 3 : : total loss : 0.21324069962293413   marker : 0.11090990019018034   pose : 0.031177066534666335   angle : 0.06698852153937082   body : 0.0041652116692763325   
Evaluation : True
Valid, Epoch 3 : : total loss : 0.43469976887192935   marker : 0.13189574112191602   pose : 0.04554207169182545   angle : 0.23999898700925631   body : 0.017262969059857185   
Current LR:  [0.0007697840161008955]
Epoch 3, Momentum: 0.07965894822257488
Best Loss : 0.23999898700925631
Evaluation : False
Train , Epoch 4 : : total loss : 0.1924951147932736   marker : 0.10268398094779682   pose : 0.028767877895881352   angle : 0.05709866050396908   body : 0.003944595859943679   
Evaluation : True
Valid, Epoch 4 : : total loss : 0.42962531896616885   marker : 0.12711063081190507   pose : 0.04705242420813961   angle : 0.23938613453178836   body : 0.016076129791269204   
Current LR:  [0.00072104291096642]
Epoch 4, Momentum: 0.07525636023261612
Best Loss : 0.23938613453178836
Evaluation : False
Train , Epoch 5 : : total loss : 0.1793184655092394   marker : 0.09668004930384491   pose : 0.027092389086372636   angle : 0.051800573578426705   body : 0.0037454535555704904   
Evaluation : True
Valid, Epoch 5 : : total loss : 0.3981391085831932   marker : 0.11684214980319728   pose : 0.04227040976698376   angle : 0.2239285151251142   body : 0.01509803478926046   
Current LR:  [0.0006753879901122617]
Epoch 5, Momentum: 0.07109709432312435
Best Loss : 0.2239285151251142
Evaluation : False
Train , Epoch 6 : : total loss : 0.1667052963791361   marker : 0.09150264406459803   pose : 0.02555526302097676   angle : 0.046070542003942304   body : 0.0035768472204472626   
Evaluation : True
Valid, Epoch 6 : : total loss : 0.38927111749349247   marker : 0.11109729230966568   pose : 0.040277342400381715   angle : 0.22220686548145802   body : 0.015689615794253407   
Current LR:  [0.0006326238428396725]
Epoch 6, Momentum: 0.06716770257778812
Best Loss : 0.22220686548145802
Evaluation : False
Train , Epoch 7 : : total loss : 0.15468180560682304   marker : 0.08778514214441933   pose : 0.02447653534732314   angle : 0.039045774188195034   body : 0.0033743536965507915   
Evaluation : True
Valid, Epoch 7 : : total loss : 0.37992207117494114   marker : 0.10680029291945367   pose : 0.039950156996311555   angle : 0.2178656754883976   body : 0.015305947720999023   
Current LR:  [0.0005925674314444237]
Epoch 7, Momentum: 0.06345548031926865
Best Loss : 0.2178656754883976
Evaluation : False
Train , Epoch 8 : : total loss : 0.1454724900846642   marker : 0.08380299697061044   pose : 0.023244309925101982   angle : 0.03519375500473184   body : 0.0032314283093708533   
Evaluation : True
Valid, Epoch 8 : : total loss : 0.36925968334137516   marker : 0.10269271933008711   pose : 0.03846427329289532   angle : 0.2121646442068955   body : 0.015938047429248137   
Current LR:  [0.0005550473077848112]
Epoch 8, Momentum: 0.059948425031894105
Best Loss : 0.2121646442068955
Evaluation : False
Train , Epoch 9 : : total loss : 0.1394675588420668   marker : 0.08058748457004611   pose : 0.02227638975059639   angle : 0.03347705221901809   body : 0.003126632505999293   
Evaluation : True
Valid, Epoch 9 : : total loss : 0.3617368610190838   marker : 0.1007118117589691   pose : 0.037219651513898985   angle : 0.20924613430130526   body : 0.014559264007579198   
Current LR:  [0.0005199028794549287]
Epoch 9, Momentum: 0.056635197554612854
Best Loss : 0.20924613430130526
Evaluation : False
Train , Epoch 10 : : total loss : 0.13606832724115933   marker : 0.0787764968062433   pose : 0.021745138971354657   angle : 0.03250496235218293   body : 0.0030417294640116862   
Evaluation : True
Valid, Epoch 10 : : total loss : 0.36564333250297326   marker : 0.10227171936171507   pose : 0.03765464091255077   angle : 0.21057331716093283   body : 0.015143654548808292   
Current LR:  [0.00048698372242230494]
Epoch 10, Momentum: 0.05350508541873333
Evaluation : False
Train , Epoch 11 : : total loss : 0.13294522011307444   marker : 0.07702369549829416   pose : 0.02118170592551666   angle : 0.03175645090559723   body : 0.0029833675176760962   
Evaluation : True
Valid, Epoch 11 : : total loss : 0.3575160398283119   marker : 0.09915022928263961   pose : 0.03656411275845292   angle : 0.20684344687019146   body : 0.01495825114646564   
Current LR:  [0.0004561489371878806]
Epoch 11, Momentum: 0.0505479682119124
Best Loss : 0.20684344687019146
Evaluation : False
Train , Epoch 12 : : total loss : 0.13113150114669916   marker : 0.07612697897652937   pose : 0.020872344289996174   angle : 0.031208338404208377   body : 0.002923839114418119   
Evaluation : True
Valid, Epoch 12 : : total loss : 0.3762494901745034   marker : 0.10679369673765216   pose : 0.03836505819050948   angle : 0.21653666114754686   body : 0.014554073806534918   
Current LR:  [0.0004272665457125819]
Epoch 12, Momentum: 0.04775428485640564
Evaluation : False
Train , Epoch 13 : : total loss : 0.1325912128272502   marker : 0.0768139101621933   pose : 0.021139645526844546   angle : 0.03169198084628327   body : 0.0029456764398995577   
Evaluation : True
Valid, Epoch 13 : : total loss : 0.3537155870184672   marker : 0.09642096324469995   pose : 0.035985616658262935   angle : 0.20680484224574155   body : 0.014504166243657786   
Current LR:  [0.00040021292652923484]
Epoch 13, Momentum: 0.04511500269578204
Best Loss : 0.20680484224574155
Evaluation : False
Train , Epoch 14 : : total loss : 0.12723596455674807   marker : 0.07390961178776681   pose : 0.020223655876279972   angle : 0.03025195094119261   body : 0.0028507456416620733   
Evaluation : True
Valid, Epoch 14 : : total loss : 0.3692153710054222   marker : 0.09993770952655637   pose : 0.03677334816927172   angle : 0.2176075170920953   body : 0.014896797553154126   
Current LR:  [0.00037487228562200565]
Epoch 14, Momentum: 0.042621588290153244
Evaluation : False
Train , Epoch 15 : : total loss : 0.12528297074629738   marker : 0.07283246544564848   pose : 0.01987587813156761   angle : 0.02976215721762655   body : 0.0028124700145650467   
Evaluation : True
Valid, Epoch 15 : : total loss : 0.3578652262239733   marker : 0.09775521086352892   pose : 0.03679946518634834   angle : 0.20952290765809353   body : 0.013787643283526364   
Current LR:  [0.0003511361608086419]
Epoch 15, Momentum: 0.040265979825490905
Evaluation : False
Train , Epoch 16 : : total loss : 0.12342270505921216   marker : 0.0717648393253455   pose : 0.01958327921846194   angle : 0.029293309475022837   body : 0.002781277134155949   
Evaluation : True
Valid, Epoch 16 : : total loss : 0.3557033337787205   marker : 0.09880803877115796   pose : 0.037018747555216426   angle : 0.20517271741283724   body : 0.01470382925286519   
Current LR:  [0.0003289029575041882]
Epoch 16, Momentum: 0.03804056104782508
Best Loss : 0.20517271741283724
Evaluation : False
Train , Epoch 17 : : total loss : 0.12834739089468536   marker : 0.07442773087877227   pose : 0.02039279369423437   angle : 0.03066284638782464   body : 0.002864019704232446   
Evaluation : True
Valid, Epoch 17 : : total loss : 0.3563763112657372   marker : 0.09819536298259392   pose : 0.036733816856752775   angle : 0.2071809048023771   body : 0.014266226801554536   
Current LR:  [0.00030807751387916705]
Epoch 17, Momentum: 0.03593813663804627
Evaluation : False
Train , Epoch 18 : : total loss : 0.12298153984327594   marker : 0.0715627828769808   pose : 0.019483515285354844   angle : 0.029161598353688055   body : 0.0027736433539938916   
Evaluation : True
Valid, Epoch 18 : : total loss : 0.36153254571466636   marker : 0.1015254681821202   pose : 0.03745259793756776   angle : 0.20807787321214988   body : 0.014476606393754128   
Current LR:  [0.0002885706935510295]
Epoch 18, Momentum: 0.0339519089476922
Evaluation : False
Train , Epoch 19 : : total loss : 0.12081997160433262   marker : 0.07040845542278991   pose : 0.019136872065537373   angle : 0.02855734610117139   body : 0.002717297928547558   
Evaluation : True
Valid, Epoch 19 : : total loss : 0.3624785907239462   marker : 0.0986810351104219   pose : 0.03642712467783761   angle : 0.21223146735600312   body : 0.015138962738411902   
Current LR:  [0.00027029900406552623]
Epoch 19, Momentum: 0.03207545602050025
Evaluation : False
Train , Epoch 20 : : total loss : 0.11951684590092479   marker : 0.06964992932621589   pose : 0.018900013778352993   angle : 0.028264664732501665   body : 0.002702237996465283   
Evaluation : True
Valid, Epoch 20 : : total loss : 0.3555929688985183   marker : 0.09745573352886791   pose : 0.035965429940065054   angle : 0.2073975346634908   body : 0.014774271626486021   
Current LR:  [0.0002531842395350361]
Epoch 20, Momentum: 0.030302710828663967
Evaluation : False
Train , Epoch 21 : : total loss : 0.11842086276818198   marker : 0.06907124528704157   pose : 0.01874437714266558   angle : 0.0279288104639758   body : 0.00267643025102148   
Evaluation : True
Valid, Epoch 21 : : total loss : 0.3574317361899666   marker : 0.09716288347028373   pose : 0.03696526017921915   angle : 0.20876634932713706   body : 0.014537242806347838   
Current LR:  [0.00023715314590428457]
Epoch 21, Momentum: 0.02862794165665949
Evaluation : False
Train , Epoch 22 : : total loss : 0.11767190379899274   marker : 0.06868729030122983   pose : 0.018608050389503448   angle : 0.02770843768170015   body : 0.0026681254098012155   
Evaluation : True
Valid, Epoch 22 : : total loss : 0.3630926709773396   marker : 0.09929182872294987   pose : 0.03641031308698999   angle : 0.21300747955919416   body : 0.01438305004249844   
Current LR:  [0.00022213710741073226]
Epoch 22, Momentum: 0.0270457335692179
Evaluation : False
Train , Epoch 23 : : total loss : 0.116800931143998   marker : 0.06823547138257742   pose : 0.018433820807116866   angle : 0.02747841561027727   body : 0.002653223423894843   
Evaluation : True
Valid, Epoch 23 : : total loss : 0.36610662933886623   marker : 0.09976344300435189   pose : 0.03728874680670577   angle : 0.21366871778823618   body : 0.015385721165978082   
Current LR:  [0.00020807185289763305]
Epoch 23, Momentum: 0.025550970903525067
Evaluation : False
Train , Epoch 24 : : total loss : 0.1163094092223217   marker : 0.06794558224734631   pose : 0.0183652191070603   angle : 0.027357533308827127   body : 0.0026410745105964304   
Evaluation : True
Valid, Epoch 24 : : total loss : 0.3514586887354375   marker : 0.09638035147712994   pose : 0.03598946824037518   angle : 0.2046345067979129   body : 0.014454362823659216   
Current LR:  [0.00019489718072273121]
Epoch 24, Momentum: 0.024138820729042023
Best Loss : 0.2046345067979129
Evaluation : False
Train , Epoch 25 : : total loss : 0.11577666020320349   marker : 0.06769505734191737   pose : 0.01829289368269637   angle : 0.02716704990834591   body : 0.002621659259547181   
Evaluation : True
Valid, Epoch 25 : : total loss : 0.3463542728635592   marker : 0.09456376589772551   pose : 0.03518819380676197   angle : 0.2027176880244319   body : 0.013884625852998439   
Current LR:  [0.0001825567010851618]
Epoch 25, Momentum: 0.02280471722146733
Best Loss : 0.2027176880244319
Evaluation : False
Train , Epoch 26 : : total loss : 0.11489846989809098   marker : 0.06716750267248424   pose : 0.01814269509514477   angle : 0.026976457113830822   body : 0.0026118149271357523   
Evaluation : True
Valid, Epoch 26 : : total loss : 0.35356427331574297   marker : 0.09718480567732846   pose : 0.035776463462631004   angle : 0.20644158218337638   body : 0.014161423057653695   
Current LR:  [0.00017099759466766948]
Epoch 26, Momentum: 0.021544346900318836
Evaluation : False
Train , Epoch 27 : : total loss : 0.11423686212912817   marker : 0.06686692505755432   pose : 0.018022048693566738   angle : 0.026746421741467158   body : 0.0026014667449327923   
Evaluation : True
Valid, Epoch 27 : : total loss : 0.3644582435328914   marker : 0.09920080153208563   pose : 0.035777242818900046   angle : 0.21499236909860914   body : 0.014487830334585514   
Current LR:  [0.00016017038656109472]
Epoch 27, Momentum: 0.02035363468240421
Evaluation : False
Train , Epoch 28 : : total loss : 0.11378573750646337   marker : 0.06660011827169844   pose : 0.01794715545455402   angle : 0.02664420112773525   body : 0.002594262551570491   
Evaluation : True
Valid, Epoch 28 : : total loss : 0.34658637443194956   marker : 0.09444418981372245   pose : 0.034941386754785274   angle : 0.20328786569580828   body : 0.01391293128812229   
Current LR:  [0.00015002873450348608]
Epoch 28, Momentum: 0.019228730706087754
Evaluation : False
Train , Epoch 29 : : total loss : 0.11307516506948662   marker : 0.06621414318589484   pose : 0.017828474916620422   angle : 0.026449055035825345   body : 0.002583492080899238   
Evaluation : True
Valid, Epoch 29 : : total loss : 0.3511416869031969   marker : 0.09435178326507196   pose : 0.035015982052395124   angle : 0.20729434891173606   body : 0.014479572226043888   
Current LR:  [0.00014052923052746658]
Epoch 29, Momentum: 0.01816599788375328
Evaluation : False
Train , Epoch 30 : : total loss : 0.11237814052638015   marker : 0.06582561975621702   pose : 0.0177168316973707   angle : 0.026251072651645307   body : 0.0025846165801707947   
Evaluation : True
Valid, Epoch 30 : : total loss : 0.35192416623492867   marker : 0.09462863539548112   pose : 0.03577485673205355   angle : 0.2070669583336438   body : 0.014453716311836295   
Current LR:  [0.0001316312151668717]
Epoch 30, Momentum: 0.017162000142216898
Evaluation : False
Train , Epoch 31 : : total loss : 0.11238042169334694   marker : 0.06585629619258651   pose : 0.017735695383678352   angle : 0.02621673118568398   body : 0.0025716989970042915   
Evaluation : True
Valid, Epoch 31 : : total loss : 0.3549289518070859   marker : 0.09611003436697861   pose : 0.035925384053344   angle : 0.20855201157080505   body : 0.014341522818382605   
Current LR:  [0.0001232966034274324]
Epoch 31, Momentum: 0.016213491313068408
Evaluation : False
Train , Epoch 32 : : total loss : 0.11183364805729794   marker : 0.0655705777908266   pose : 0.01763194762056217   angle : 0.02607298379972189   body : 0.002558138805896523   
Evaluation : True
Valid, Epoch 32 : : total loss : 0.3473328919122707   marker : 0.09421345877522848   pose : 0.03539628107839911   angle : 0.20346101033306288   body : 0.014262142930128278   
Current LR:  [0.00011548972177662851]
Epoch 32, Momentum: 0.015317404637020802
Evaluation : False
Train , Epoch 33 : : total loss : 0.11144438397373212   marker : 0.0653295796107826   pose : 0.01754050763754622   angle : 0.026019677442782323   body : 0.002554619339669828   
Evaluation : True
Valid, Epoch 33 : : total loss : 0.3491288998771376   marker : 0.09498475904851925   pose : 0.03580073658699579   angle : 0.2039222465996213   body : 0.014421157844124963   
Current LR:  [0.0001081771554550018]
Epoch 33, Momentum: 0.014470842848333068
Evaluation : False
Train , Epoch 34 : : total loss : 0.11131862394660026   marker : 0.06529426531920389   pose : 0.01754795839784704   angle : 0.025920432266332838   body : 0.002555968111900079   
Evaluation : True
Valid, Epoch 34 : : total loss : 0.3715539041945176   marker : 0.10190362408490898   pose : 0.036659213059021284   angle : 0.21736734246215597   body : 0.015623726033342823   
Current LR:  [0.0001013276054553956]
Epoch 34, Momentum: 0.013671068807246785
Evaluation : False
Train , Epoch 35 : : total loss : 0.11094252619133609   marker : 0.06509117439252311   pose : 0.017491265088833217   angle : 0.025816546313772705   body : 0.0025435403605515157   
Evaluation : True
Valid, Epoch 35 : : total loss : 0.35161320879767266   marker : 0.09602692706066401   pose : 0.035851423751968106   angle : 0.20516165742165293   body : 0.014573200353069688   
Current LR:  [9.491175455796835e-05]
Epoch 35, Momentum: 0.01291549665014884
Evaluation : False
Train , Epoch 36 : : total loss : 0.11060320453612764   marker : 0.06491746119070929   pose : 0.017402534993510882   angle : 0.025735063909069503   body : 0.0025481443865022196   
Evaluation : True
Valid, Epoch 36 : : total loss : 0.3481368002036284   marker : 0.09423448287559008   pose : 0.03559766906328877   angle : 0.20410229049499418   body : 0.014202358515428018   
Current LR:  [8.890214184758814e-05]
Epoch 36, Momentum: 0.012201683428846682
Evaluation : False
Train , Epoch 37 : : total loss : 0.11013262155273242   marker : 0.06465012285784229   pose : 0.017331675256946184   angle : 0.025618299231458037   body : 0.0025325241900843553   
Evaluation : True
Valid, Epoch 37 : : total loss : 0.3492895962282757   marker : 0.0943483297246458   pose : 0.035310431630656655   angle : 0.20508661415233653   body : 0.014544220215327449   
Current LR:  [8.327304517652218e-05]
Epoch 37, Momentum: 0.011527321211923817
Evaluation : False
Train , Epoch 38 : : total loss : 0.10988117966681125   marker : 0.06452105148120642   pose : 0.01729962042751073   angle : 0.02552736249922063   body : 0.0025331452036073936   
Evaluation : True
Valid, Epoch 38 : : total loss : 0.34891942969689216   marker : 0.09439824289782173   pose : 0.03562102448043285   angle : 0.2044510760957167   body : 0.01444908601806577   
Current LR:  [7.800037106934144e-05]
Epoch 38, Momentum: 0.010890229622637297
Evaluation : False
Train , Epoch 39 : : total loss : 0.10962059152573575   marker : 0.06437178594480977   pose : 0.017264453182210874   angle : 0.025458400344524595   body : 0.0025259519315354675   
Evaluation : True
Valid, Epoch 39 : : total loss : 0.35001688035879835   marker : 0.09440980754275773   pose : 0.0354557537964793   angle : 0.20569246008223305   body : 0.014458857530656453   
Current LR:  [7.306155159881535e-05]
Epoch 39, Momentum: 0.010288348789230456
Evaluation : False
Train , Epoch 40 : : total loss : 0.10923434832742349   marker : 0.06417524980617884   pose : 0.01718909810561042   angle : 0.025346752010844933   body : 0.0025232485302967827   
Evaluation : True
Valid, Epoch 40 : : total loss : 0.34993303786844066   marker : 0.09390171652982592   pose : 0.03520482974663826   angle : 0.20644700692167817   body : 0.014379485588049258   
Current LR:  [6.84354477914079e-05]
Epoch 40, Momentum: 0.009719732684867474
Evaluation : False
Train , Epoch 41 : : total loss : 0.1089905217221466   marker : 0.06405470490022055   pose : 0.017145634218080578   angle : 0.025271735300993116   body : 0.002518447478634133   
Evaluation : True
Valid, Epoch 41 : : total loss : 0.3487889555828915   marker : 0.09476192641483307   pose : 0.035543684255365554   angle : 0.20402145106046668   body : 0.014461894851919165   
Current LR:  [6.410225914893455e-05]
Epoch 41, Momentum: 0.009182542835656284
Evaluation : False
Train , Epoch 42 : : total loss : 0.10875600733855599   marker : 0.06393512892344279   pose : 0.017118683971955255   angle : 0.025195548915593766   body : 0.0025066456491495575   
Evaluation : True
Valid, Epoch 42 : : total loss : 0.3491521372431064   marker : 0.0951884685499226   pose : 0.03565882371289408   angle : 0.2038579109925396   body : 0.014446933318556704   
Current LR:  [6.0043438899117754e-05]
Epoch 42, Momentum: 0.008675042376416158
Evaluation : False
Train , Epoch 43 : : total loss : 0.10862060040691911   marker : 0.06386011240470464   pose : 0.01708801830355734   angle : 0.02515891933696741   body : 0.0025135503766650353   
Evaluation : True
Valid, Epoch 43 : : total loss : 0.346531503065709   marker : 0.09386491465225479   pose : 0.03521287383347949   angle : 0.20325434680995008   body : 0.01419936744498787   
Current LR:  [5.6241614612298886e-05]
Epoch 43, Momentum: 0.008195590434970996
Evaluation : False
Train , Epoch 44 : : total loss : 0.1084093872292301   marker : 0.06371458639800093   pose : 0.01705342557731942   angle : 0.02513948315968466   body : 0.002501892134872412   
Evaluation : True
Valid, Epoch 44 : : total loss : 0.3467720831667467   marker : 0.093648653093327   pose : 0.0348537832883678   angle : 0.20416351737378224   body : 0.014106131208531852   
Current LR:  [5.268051384453312e-05]
Epoch 44, Momentum: 0.0077426368268112685
Evaluation : False
Train , Epoch 45 : : total loss : 0.10822362045416606   marker : 0.06362215087821801   pose : 0.017030534497070003   angle : 0.025066980969440336   body : 0.0025039540983844907   
Evaluation : True
Valid, Epoch 45 : : total loss : 0.34679840784682087   marker : 0.09410755532262699   pose : 0.035217846830740564   angle : 0.20318043294240068   body : 0.014292572751052656   
Current LR:  [4.93448944888072e-05]
Epoch 45, Momentum: 0.007314717042971199
Evaluation : False
Train , Epoch 46 : : total loss : 0.10811946672283307   marker : 0.06359471612899446   pose : 0.017001431043135718   angle : 0.02502266797101607   body : 0.002500651566850829   
Evaluation : True
Valid, Epoch 46 : : total loss : 0.3472254071966798   marker : 0.09348118590364621   pose : 0.03508875279561615   angle : 0.2043110802284837   body : 0.014344388509297085   
Current LR:  [4.6220479536271594e-05]
Epoch 46, Momentum: 0.006910447514915773
Evaluation : False
Train , Epoch 47 : : total loss : 0.1079529057189845   marker : 0.0635105700247777   pose : 0.016985440016317695   angle : 0.0249623497049531   body : 0.0024945459847023304   
Evaluation : True
Valid, Epoch 47 : : total loss : 0.34727424526835177   marker : 0.0938291023068397   pose : 0.035078351542008106   angle : 0.20411792451307695   body : 0.014248864975326079   
Current LR:  [4.329389596825424e-05]
Epoch 47, Momentum: 0.006528521141127845
Evaluation : False
Train , Epoch 48 : : total loss : 0.10796944633879303   marker : 0.06351804695053634   pose : 0.016984250119803146   angle : 0.024971013132819356   body : 0.002496136063966575   
Evaluation : True
Valid, Epoch 48 : : total loss : 0.3469074280034085   marker : 0.09331101088986674   pose : 0.03522571751728535   angle : 0.20425800795996946   body : 0.014112690893345756   
Current LR:  [4.055261751750353e-05]
Epoch 48, Momentum: 0.006167703060931604
Evaluation : False
Train , Epoch 49 : : total loss : 0.10768947258568833   marker : 0.06335585790858882   pose : 0.01692967342746203   angle : 0.02490149004809889   body : 0.002502451169448598   
Evaluation : True
Valid, Epoch 49 : : total loss : 0.34628254818158083   marker : 0.09379054081668317   pose : 0.03510506403740096   angle : 0.20318779872390486   body : 0.014199144169299   
Current LR:  [3.798491105366895e-05]
Epoch 49, Momentum: 0.0058268266618882875
Evaluation : False
Train , Epoch 50 : : total loss : 0.1076585768421065   marker : 0.0633603601073233   pose : 0.016928560223150854   angle : 0.024871755733652464   body : 0.0024979006742222795   
Evaluation : True
Valid, Epoch 50 : : total loss : 0.3455589340932974   marker : 0.09380746755249482   pose : 0.03485262117533579   angle : 0.2025931020255443   body : 0.014305744462528497   
Current LR:  [3.55797863635404e-05]
Epoch 50, Momentum: 0.005504789807854969
Best Loss : 0.2025931020255443
Evaluation : False
Train , Epoch 51 : : total loss : 0.10731455859418668   marker : 0.06314329222803094   pose : 0.016862943759943953   angle : 0.02482458643592426   body : 0.002483736377802733   
Evaluation : True
Valid, Epoch 51 : : total loss : 0.34528361974196475   marker : 0.09274866255161557   pose : 0.03473326454305942   angle : 0.20360502105466757   body : 0.014196671180180566   
Current LR:  [3.3326949111097114e-05]
Epoch 51, Momentum: 0.005200551275510885
Evaluation : False
Train , Epoch 52 : : total loss : 0.10726608543629668   marker : 0.06315417499331384   pose : 0.016862664420220424   angle : 0.02476334791761719   body : 0.00248589807376836   
Evaluation : True
Valid, Epoch 52 : : total loss : 0.3453691329760268   marker : 0.09340856248129956   pose : 0.034837276685818035   angle : 0.20298230109408386   body : 0.014140993416795547   
Current LR:  [3.121675677602739e-05]
Epoch 52, Momentum: 0.004913127387829672
Evaluation : False
Train , Epoch 53 : : total loss : 0.10719324488643482   marker : 0.06309799831731396   pose : 0.016852330345129892   angle : 0.02475405365776322   body : 0.0024888623130734536   
Evaluation : True
Valid, Epoch 53 : : total loss : 0.34767067363572246   marker : 0.09385042935241078   pose : 0.035206484014528416   angle : 0.20441858404203422   body : 0.014195176439798346   
Current LR:  [2.924017738212858e-05]
Epoch 53, Momentum: 0.004641588833612777
Evaluation : False
Train , Epoch 54 : : total loss : 0.10719241082074997   marker : 0.06309949315137374   pose : 0.01684588773652432   angle : 0.02476000939574304   body : 0.0024870205709816256   
Evaluation : True
Valid, Epoch 54 : : total loss : 0.34641953421910776   marker : 0.09369255665864858   pose : 0.03510199372900165   angle : 0.2034639970004837   body : 0.014160985462541662   
Current LR:  [2.7388750838938003e-05]
Epoch 54, Momentum: 0.0043850576628007695
Evaluation : False
Train , Epoch 55 : : total loss : 0.10686723040174378   marker : 0.06291723532593634   pose : 0.016791956898560934   angle : 0.024671339014884525   body : 0.0024866993010620292   
Evaluation : True
Valid, Epoch 55 : : total loss : 0.3456797786401835   marker : 0.09387879152693918   pose : 0.03506585979929286   angle : 0.20239945264754577   body : 0.014335675679755664   
Current LR:  [2.5654552731130504e-05]
Epoch 55, Momentum: 0.0041427044478476735
Best Loss : 0.20239945264754577
Evaluation : False
Train , Epoch 56 : : total loss : 0.10684998149756815   marker : 0.06291503416428522   pose : 0.01678922019362632   angle : 0.02466713238912556   body : 0.0024785946025605815   
Evaluation : True
Valid, Epoch 56 : : total loss : 0.3474857053074082   marker : 0.09383213726544007   pose : 0.03499026937015377   angle : 0.20442879594396074   body : 0.014234504238318681   
Current LR:  [2.4030160400695207e-05]
Epoch 56, Momentum: 0.003913745601980382
Evaluation : False
Train , Epoch 57 : : total loss : 0.10667453690290817   marker : 0.06283827316569332   pose : 0.016767881245881456   angle : 0.024586923497445186   body : 0.002481459116899789   
Evaluation : True
Valid, Epoch 57 : : total loss : 0.3475633257087216   marker : 0.09393381725014452   pose : 0.03510332381776662   angle : 0.20425914068312073   body : 0.014267043395021006   
Current LR:  [2.2508621176717508e-05]
Epoch 57, Momentum: 0.0036974408456724203
Evaluation : False
Train , Epoch 58 : : total loss : 0.10677128746124358   marker : 0.06289759078626428   pose : 0.016792637184775715   angle : 0.02459849926085421   body : 0.002482560304939108   
Evaluation : True
Valid, Epoch 58 : : total loss : 0.3471503724930387   marker : 0.09402807225841026   pose : 0.03504253470616887   angle : 0.20386502898129455   body : 0.014214737041548731   
Current LR:  [2.1083422616784468e-05]
Epoch 58, Momentum: 0.003493090813140517
Evaluation : False
Train , Epoch 59 : : total loss : 0.10667751259405799   marker : 0.06280523278446694   pose : 0.016775937218954973   angle : 0.024615734701499824   body : 0.00248060812660212   
Evaluation : True
Valid, Epoch 59 : : total loss : 0.3464154115071514   marker : 0.09337625524517203   pose : 0.03500047920714071   angle : 0.20378001150754071   body : 0.014258666331210174   
Current LR:  [1.9748464632641838e-05]
Epoch 59, Momentum: 0.0033000347911252854
Evaluation : False
Train , Epoch 60 : : total loss : 0.10669367359936877   marker : 0.06286209451453974   pose : 0.016764245054486336   angle : 0.02458965954346551   body : 0.002477674682626064   
Evaluation : True
Valid, Epoch 60 : : total loss : 0.3454724537245721   marker : 0.09308067712826641   pose : 0.03496698661921671   angle : 0.20321744981405115   body : 0.014207339805224215   
Current LR:  [1.849803338079586e-05]
Epoch 60, Momentum: 0.0031176485826448544
Evaluation : False
Train , Epoch 61 : : total loss : 0.10643552155854326   marker : 0.06268870952620441   pose : 0.016727242225162104   angle : 0.02454623762535282   body : 0.002473332277024208   
Evaluation : True
Valid, Epoch 61 : : total loss : 0.3466729307554894   marker : 0.0935993024140621   pose : 0.03517480340562047   angle : 0.20367851856921487   body : 0.014220306396637334   
Current LR:  [1.7326776806307267e-05]
Epoch 61, Momentum: 0.002945342488814528
Evaluation : False
Train , Epoch 62 : : total loss : 0.10642760409010862   marker : 0.06269882126478835   pose : 0.016733871034102638   angle : 0.02452396310774601   body : 0.0024709488720894087   
Evaluation : True
Valid, Epoch 62 : : total loss : 0.3468056322946829   marker : 0.09352305859543097   pose : 0.03501816022495511   angle : 0.2039739517688795   body : 0.014290462847143186   
Current LR:  [1.62296817351008e-05]
Epoch 62, Momentum: 0.002782559402207124
Evaluation : False
Train , Epoch 63 : : total loss : 0.10659534495557797   marker : 0.06275827625900461   pose : 0.016743459908511334   angle : 0.02461205446838785   body : 0.0024815543485551526   
Evaluation : True
Valid, Epoch 63 : : total loss : 0.34518987804053086   marker : 0.09332810561779974   pose : 0.034733774528506914   angle : 0.2030571764149813   body : 0.014070822271349318   
Current LR:  [1.520205241674153e-05]
Epoch 63, Momentum: 0.002628773005589447
Evaluation : False
Train , Epoch 64 : : total loss : 0.10634201215109453   marker : 0.06263406523952623   pose : 0.01671469199027621   angle : 0.024514172500025078   body : 0.002479082327136402   
Evaluation : True
Valid, Epoch 64 : : total loss : 0.34724680582682294   marker : 0.09387298517906309   pose : 0.035089306964215236   angle : 0.20394866978496123   body : 0.014335843726505051   
Current LR:  [1.4239490425837463e-05]
Epoch 64, Momentum: 0.0024834860702109044
Evaluation : False
Train , Epoch 65 : : total loss : 0.10603483364693421   marker : 0.06248093590391358   pose : 0.01665979977354841   angle : 0.02442632166021268   body : 0.002467776203362605   
Evaluation : True
Valid, Epoch 65 : : total loss : 0.34491416739560915   marker : 0.09279311364276764   pose : 0.03460844071557548   angle : 0.2033517396304732   body : 0.014160874592221064   
Current LR:  [1.3337875836043055e-05]
Epoch 65, Momentum: 0.0023462288481422636
Evaluation : False
Train , Epoch 66 : : total loss : 0.10620454450068029   marker : 0.06258035336505582   pose : 0.0166953083578423   angle : 0.024456982245557524   body : 0.0024719005885603875   
Evaluation : True
Valid, Epoch 66 : : total loss : 0.344802966750233   marker : 0.09310472224615483   pose : 0.034829712997882636   angle : 0.2026882999354787   body : 0.014180230803192946   
Current LR:  [1.2493349586085242e-05]
Epoch 66, Momentum: 0.0022165575534665613
Evaluation : False
Train , Epoch 67 : : total loss : 0.10625731409919573   marker : 0.06262833065999412   pose : 0.01670231986619749   angle : 0.024455467615544704   body : 0.0024711961079257644   
Evaluation : True
Valid, Epoch 67 : : total loss : 0.3481066024398489   marker : 0.09413468871607417   pose : 0.03504253120997487   angle : 0.20487676585871079   body : 0.014052615521557444   
Current LR:  [1.1702296962335618e-05]
Epoch 67, Momentum: 0.002094052927411523
Evaluation : False
Train , Epoch 68 : : total loss : 0.10612946717927138   marker : 0.06252821508059092   pose : 0.016663578013742592   angle : 0.024465712540387926   body : 0.0024719617898600207   
Evaluation : True
Valid, Epoch 68 : : total loss : 0.3454596802924143   marker : 0.09307484451523296   pose : 0.03470385829574869   angle : 0.20351458312544965   body : 0.014166394448850652   
Current LR:  [1.0961332127231412e-05]
Epoch 68, Momentum: 0.001978318882784164
Evaluation : False
Train , Epoch 69 : : total loss : 0.1061447272690478   marker : 0.06254603846674674   pose : 0.016680439161122485   angle : 0.024449708707527947   body : 0.002468540819909475   
Evaluation : True
Valid, Epoch 69 : : total loss : 0.3458024239017856   marker : 0.09345810438052465   pose : 0.034863114772167664   angle : 0.203277069317651   body : 0.014204137108522837   
Current LR:  [1.0267283627324311e-05]
Epoch 69, Momentum: 0.0018689812233247595
Evaluation : False
Train , Epoch 70 : : total loss : 0.10608184007873579   marker : 0.06252669694777835   pose : 0.016672820122384826   angle : 0.024410294665517158   body : 0.0024720285013660353   
Evaluation : True
Valid, Epoch 70 : : total loss : 0.3455085885501806   marker : 0.09283295122188036   pose : 0.03472814997179285   angle : 0.20378996102010807   body : 0.014157525456888016   
Current LR:  [9.617180818929157e-06]
Epoch 70, Momentum: 0.0017656864338395006
Evaluation : False
Train , Epoch 71 : : total loss : 0.10610025347557038   marker : 0.06252413034827019   pose : 0.016688713605642592   angle : 0.024415312685745597   body : 0.0024720969756817012   
Evaluation : True
Valid, Epoch 71 : : total loss : 0.3452404435816546   marker : 0.0931922874620249   pose : 0.034954154822470426   angle : 0.20287103725500127   body : 0.014222965686461761   
Current LR:  [9.008241153272021e-06]
Epoch 71, Momentum: 0.0016681005372000586
Evaluation : False
Train , Epoch 72 : : total loss : 0.10608120526188548   marker : 0.0625235896734421   pose : 0.01665370212939167   angle : 0.024431646067027295   body : 0.0024722674308889536   
Evaluation : True
Valid, Epoch 72 : : total loss : 0.34680813740508365   marker : 0.09343172092068895   pose : 0.03510281981955133   angle : 0.20402957324354123   body : 0.014244023549678006   
Current LR:  [8.437858266715968e-06]
Epoch 72, Momentum: 0.0015759080145144582
Evaluation : False
Train , Epoch 73 : : total loss : 0.10597700242289723   marker : 0.06246704886029909   pose : 0.01664253924566836   angle : 0.024402832703673456   body : 0.0024645817733496703   
Evaluation : True
Valid, Epoch 73 : : total loss : 0.3467259554320629   marker : 0.09355836023430854   pose : 0.035166325594063214   angle : 0.20376669870005465   body : 0.014234570196203477   
Current LR:  [7.90359082508868e-06]
Epoch 73, Momentum: 0.001488810784977917
Evaluation : False
Train , Epoch 74 : : total loss : 0.10600396324445424   marker : 0.062474592424826454   pose : 0.016658219433236997   angle : 0.024395938249587284   body : 0.0024752130205664574   
Evaluation : True
Valid, Epoch 74 : : total loss : 0.3455871283631093   marker : 0.0930284878890987   pose : 0.034771380880315804   angle : 0.20364563271298153   body : 0.014141628388446887   
Current LR:  [7.403152074363786e-06]
Epoch 74, Momentum: 0.0014065272421052361
Evaluation : False
Train , Epoch 75 : : total loss : 0.10586871565027223   marker : 0.06238773039001601   pose : 0.016618814104012745   angle : 0.024395781696116576   body : 0.002466389516462639   
Evaluation : True
Valid, Epoch 75 : : total loss : 0.345239175162474   marker : 0.0931387142544651   pose : 0.034858928844653636   angle : 0.20307894725867737   body : 0.014162583509993568   
Current LR:  [6.934400052971099e-06]
Epoch 75, Momentum: 0.0013287913432286876
Evaluation : False
Train , Epoch 76 : : total loss : 0.10596288301358726   marker : 0.06244778473951367   pose : 0.01664324508834442   angle : 0.024403155103873513   body : 0.0024686980387124634   
Evaluation : True
Valid, Epoch 76 : : total loss : 0.34570633712823096   marker : 0.09304288296528647   pose : 0.0348083307670745   angle : 0.20367459483439912   body : 0.014180529640374487   
Current LR:  [6.495328423842759e-06]
Epoch 76, Momentum: 0.0012553517493174807
Evaluation : False
Train , Epoch 77 : : total loss : 0.10589629321560196   marker : 0.06239227076584493   pose : 0.016633198232850657   angle : 0.024402992138111392   body : 0.002467832323035388   
Evaluation : True
Valid, Epoch 77 : : total loss : 0.34598306420415126   marker : 0.09329794600623718   pose : 0.03496576483052348   angle : 0.2034907927052936   body : 0.01422856348909758   
Current LR:  [6.084057886954953e-06]
Epoch 77, Momentum: 0.0011859710123376692
Evaluation : False
Train , Epoch 78 : : total loss : 0.10593285656906379   marker : 0.06247261301207871   pose : 0.016650810578173372   angle : 0.024342707185727896   body : 0.002466725969222156   
Evaluation : True
Valid, Epoch 78 : : total loss : 0.34588476442720395   marker : 0.09337916521483715   pose : 0.03489749449746614   angle : 0.20341596947768664   body : 0.014192134513392608   
Current LR:  [5.6988281356094305e-06]
Epoch 78, Momentum: 0.0011204248075250209
Evaluation : False
Train , Epoch 79 : : total loss : 0.10588395327420914   marker : 0.06238589750725496   pose : 0.016637125129527648   angle : 0.02439116625255045   body : 0.002469764600592062   
Evaluation : True
Valid, Epoch 79 : : total loss : 0.3457339404538532   marker : 0.09311552782367255   pose : 0.03487468740372181   angle : 0.2035507148918884   body : 0.014193008840493786   
Epoch 79, Momentum: 0.001058501208088598
Finished Training
Load  /tudelft.net/staff-bulk/ewi/insy/VisionLab/students/wyang/dataset/models/model_best_OS_TEMPORAL_TCN_L2_Huber.pt
Casual : False
Use Temporal Convolutional Network
Receptive Field: 243
Filter Widths: [3, 3, 3, 3, 3]
 OS Joint error : 0.03506586328148842 , SMPLH Joint error : 0.043857675045728683 , Marker error : 0.04662211984395981 , BonyLandmark : 0.04693939536809921
 OS Joint error : 0.030434798449277878 , SMPLH Joint error : 0.037303078919649124 , Marker error : 0.03858088701963425 , BonyLandmark : 0.0385434664785862
 OS Joint error : 0.012528957799077034 , SMPLH Joint error : 0.024536455050110817 , Marker error : 0.020240483805537224 , BonyLandmark : 0.020796529948711395
