/home/nfs/weitseyang/.bashrc: line 20: dirname: command not found
/home/nfs/weitseyang/.bashrc: line 21: dirname: command not found
              total        used        free      shared  buff/cache   available
Mem:         257670       11444      227171          86       19054      245276
Swap:        262143           0      262143
Mon Aug  9 10:49:09 2021       
+-----------------------------------------------------------------------------+
| NVIDIA-SMI 470.57.02    Driver Version: 470.57.02    CUDA Version: 11.4     |
|-------------------------------+----------------------+----------------------+
| GPU  Name        Persistence-M| Bus-Id        Disp.A | Volatile Uncorr. ECC |
| Fan  Temp  Perf  Pwr:Usage/Cap|         Memory-Usage | GPU-Util  Compute M. |
|                               |                      |               MIG M. |
|===============================+======================+======================|
|   0  NVIDIA GeForce ...  On   | 00000000:04:00.0 Off |                  N/A |
| 23%   18C    P8     8W / 250W |      1MiB / 11178MiB |      0%      Default |
|                               |                      |                  N/A |
+-------------------------------+----------------------+----------------------+
                                                                               
+-----------------------------------------------------------------------------+
| Processes:                                                                  |
|  GPU   GI   CI        PID   Type   Process name                  GPU Memory |
|        ID   ID                                                   Usage      |
|=============================================================================|
|  No running processes found                                                 |
+-----------------------------------------------------------------------------+
BML_FOLDER: /tudelft.net/staff-bulk/ewi/insy/VisionLab/students/wyang/dataset/HDF5/BML/
DATASET:
  ANTIALIAS:
    TEST: 1
    TRAIN: 1
  BBOX:
    PARTIAL_VISUALBILITY: False
  COLOR:
    AUG: True
  DATASETPERIMG: 2000
  GEOM:
    AUG: True
    HFLIP: False
    ROT: 20
    SCALE_DOWN: 25
    SCALE_UP: 25
    SHIFT_AUG: 10
  INTERPOLATION:
    TEST: nearest
    TRAIN: nearest
  OCCLUSION:
    PROB: 0.7
    SCALE: 0.8
  TRAINING_USEDEACHFRAME: 2
  USEDEACHFRAME: 1
EVAL_WORKERS: 16
HYP:
  ANGLE: 0.06
  BODY: 0.1
  INTERMEDIATE_MARKER: 1.5
  INTERMEDIATE_POS: 1.5
  MARKER: 2.0
  POS: 1.0
  ROTMAT: 0.1
  SY_BODY: 0.05
LAYER:
  OS_TRANSIT:
    ACT_TYPE: 1
    BN: False
LOSS:
  ANGLE:
    BETA: 5
    EVAL_TYPE: 1
    H: 0.1
    MASKMINVALUE: 0
    TYPE: 3
    USE: True
    USEMASK: True
  BODY:
    BETA: 0.05
    EVAL_TYPE: 1
    H: 0.1
    TYPE: 3
    USE: True
  MARKER:
    BETA: 0.02
    TYPE: 2
    USE: True
  POS:
    BETA: 0.02
    TYPE: 2
    USE: True
  ROTMAT:
    BETA: 0.02
    EVAL_TYPE: 1
    TYPE: 1
    USE: False
  SY_BODY:
    EVAL_TYPE: 1
    TYPE: 1
    USE: False
LSTM:
  BIDIRECTIONAL: True
  DROPOUTPROB: 0.1
  HIDDEN_STATE: 512
  NUM_LAYERS: 3
MODEL:
  CAUSAL: False
  CONV_CHANNEL_SIZE: [2048]
  CONV_LAYER: 1
  FULLCONV: True
  IMGSIZE: (256, 256)
  INFEATURES: 567
  INTERMEDIATE_POSE_ESTIMATION: False
  METRIC_SCALE:
    BBOX_SIZE: 2.2
    DEPTH: 8
    EVAL_STRIDING: 4
    STRIDING: 32
  NUMPRED: 115
  NUM_PRED: 115
  OUTFEATURES: 126
  POS: True
  RECEPTIVE_FIELD: 243
  RESNET:
    CENTER_STRIDING: True
    NEXT: True
    PRETRAINED: True
  TYPE: 1
MODEL_FOLDER: /tudelft.net/staff-bulk/ewi/insy/VisionLab/students/wyang/dataset/models/
PASCAL_PATH: /tudelft.net/staff-bulk/ewi/insy/VisionLab/students/wyang/dataset/HDF5/PASCAL/pascal.hdf5
PCA_PATH: None
POSTFIX: OS_TEMPORAL_TRANSFORMER_L2_Huber
PREDICTION:
  BODY: ['pelvis', 'lumbar5', 'lumbar4', 'lumbar3', 'lumbar2', 'lumbar1', 'thoracic12', 'thoracic11', 'thoracic10', 'thoracic9', 'thoracic8', 'thoracic7', 'thoracic6', 'thoracic5', 'thoracic4', 'thoracic3', 'thoracic2', 'thoracic1', 'head_neck', 'femur_r', 'tibia_r', 'talus_r', 'calcn_r', 'toes_r', 'femur_l', 'tibia_l', 'talus_l', 'calcn_l', 'toes_l', 'cerv6', 'cerv5', 'cerv4', 'cerv3', 'cerv2', 'cerv1', 'jaw', 'skull', 'thorax', 'clavicle', 'scapula', 'humerus', 'ulna', 'radius', 'clavicle_l', 'scapula_l', 'humerus_l', 'ulna_l', 'radius_l']
  BODY_AMPITUDE_VALUE: [0.38330534, 0.11688988, 0.27979052, 0.18767838, 0.12217734, 0.17559392, 0.25814359, 0.19320878, 0.09488225, 0.23721306, 0.3308586, 0.22396367, 0.08659548, 1e-06, 0.1634575, 0.18397586, 0.23942574, 0.23136499, 0.14410597, 0.14576365, 0.17185328, 0.18178275, 0.15676707, 0.19965802, 0.12167494, 0.14225374, 0.19253547, 0.08705724, 0.13519439, 0.09673029, 0.16227082, 0.25709417, 0.27539152, 0.21485549, 0.11401759, 0.22396367, 0.21485549, 0.1838405, 0.18214334, 0.43287996, 0.43287996, 0.13003099, 0.13036308, 0.2175328, 0.20085876, 0.30206298, 0.3034652, 0.2025831, 0.20302752, 0.1691131, 0.22653959]
  BODY_AVG_VALUE: [1.21267658, 1.19278473, 1.09221309, 0.82231784, 0.65399921, 0.86740023, 1.23414558, 1.13399419, 1.00263798, 1.01988775, 1.04674897, 0.92795962, 0.80902216, 0.94262153, 0.96230629, 0.95413619, 1.04046246, 1.03910667, 0.68939832, 0.71175453, 0.74281865, 0.76454479, 0.9076589, 1.02388528, 0.64942223, 0.89473501, 0.89226717, 0.61283192, 0.7215803, 0.68092433, 1.08504841, 1.17846495, 1.14104316, 1.14461103, 0.74801221, 0.92795962, 1.14461103, 0.89621243, 0.8843008, 1.13165459, 1.13165459, 0.73835266, 0.74087435, 1.07924646, 1.08077973, 1.01209745, 0.99989337, 1.0244289, 1.03203484, 0.82801554, 0.7559647]
  BODY_SCALE_MAPPING: [[0, 1, 2], [10, 3, 9], [10, 3, 9], [10, 3, 9], [10, 3, 9], [10, 3, 9], [10, 3, 9], [10, 4, 9], [10, 4, 9], [10, 5, 9], [10, 5, 9], [10, 6, 9], [10, 6, 9], [10, 6, 9], [10, 6, 9], [10, 6, 9], [10, 6, 9], [10, 6, 9], [11, 7, 9], [16, 14, 16], [20, 18, 20], [20, 18, 20], [22, 23, 24], [28, 30, 30], [17, 15, 17], [21, 19, 21], [21, 19, 21], [25, 26, 27], [29, 31, 31], [11, 7, 9], [11, 7, 9], [11, 7, 9], [11, 7, 9], [11, 7, 9], [11, 7, 9], [12, 8, 13], [12, 8, 13], [32, 33, 34], [37, 35, 41], [39, 36, 41], [45, 43, 45], [49, 47, 49], [49, 47, 49], [38, 35, 42], [40, 36, 42], [46, 44, 46], [50, 48, 50], [50, 48, 50]]
  BODY_SCALE_UNIQUE_NUMS: 51
  BODY_WEIGHTS: [[2.0, 2.0, 2.0], [1.0, 2.0, 1.0], [1.0, 2.0, 1.0], [1.0, 2.0, 1.0], [1.0, 2.0, 1.0], [1.0, 2.0, 1.0], [1.0, 2.0, 1.0], [1.0, 2.0, 1.0], [1.0, 2.0, 1.0], [1.0, 2.0, 1.0], [1.0, 2.0, 1.0], [1.0, 2.0, 1.0], [1.0, 2.0, 1.0], [1.0, 2.0, 1.0], [1.0, 2.0, 1.0], [1.0, 2.0, 1.0], [1.0, 2.0, 1.0], [1.0, 2.0, 1.0], [1.0, 2.0, 1.0], [1.0, 2.0, 1.0], [1.0, 2.0, 1.0], [1.0, 2.0, 1.0], [2.0, 1.0, 1.0], [2.0, 1.0, 1.0], [1.0, 2.0, 1.0], [1.0, 2.0, 1.0], [1.0, 2.0, 1.0], [2.0, 1.0, 1.0], [2.0, 1.0, 1.0], [1.0, 2.0, 1.0], [1.0, 2.0, 1.0], [1.0, 2.0, 1.0], [1.0, 2.0, 1.0], [1.0, 2.0, 1.0], [1.0, 2.0, 1.0], [1.0, 1.0, 2.0], [1.0, 1.0, 2.0], [2.0, 1.0, 1.0], [1.0, 1.0, 2.0], [1.0, 1.0, 2.0], [1.0, 2.0, 1.0], [1.0, 2.0, 1.0], [1.0, 2.0, 1.0], [1.0, 1.0, 2.0], [1.0, 1.0, 2.0], [1.0, 2.0, 1.0], [1.0, 2.0, 1.0], [1.0, 2.0, 1.0]]
  COORDINATES: ['L5_S1_FE', 'L5_S1_LB', 'L5_S1_AR', 'L4_L5_FE', 'L4_L5_LB', 'L4_L5_AR', 'T12_L1_FE', 'T12_L1_LB', 'T12_L1_AR', 'T11_T12_FE', 'T11_T12_LB', 'T11_T12_AR', 'T10_T11_FE', 'T10_T11_LB', 'T10_T11_AR', 'T9_T10_FE', 'T9_T10_LB', 'T9_T10_AR', 'T8_T9_FE', 'T8_T9_LB', 'T8_T9_AR', 'T1_T2_FE', 'T1_T2_LB', 'T1_T2_AR', 'T1_head_neck_FE', 'T1_head_neck_LB', 'T1_head_neck_AR', 'hip_flexion_r', 'hip_adduction_r', 'hip_rotation_r', 'knee_angle_r', 'knee_angle_y_r', 'knee_angle_x_r', 'ankle_angle_r', 'subtalar_angle_r', 'mtp_angle_r', 'hip_flexion_l', 'hip_adduction_l', 'hip_rotation_l', 'knee_angle_l', 'knee_angle_y_l', 'knee_angle_x_l', 'ankle_angle_l', 'subtalar_angle_l', 'mtp_angle_l', 'skull_z', 'skull_y', 'skull_x', 'sternoclavicular_r2', 'sternoclavicular_r3', 'acromioclavicular_r2', 'elv_angle', 'shoulder_elv', 'shoulder1_r2', 'shoulder_rot', 'elbow_flexion', 'elbow_x', 'pro_sup', 'sternoclavicular_r2_l', 'sternoclavicular_r3_l', 'acromioclavicular_r2_l', 'elv_angle_l', 'shoulder_elv_l', 'shoulder1_r2_l', 'shoulder_rot_l', 'elbow_flexion_l', 'elbow_x_l', 'pro_sup_l', 'ribs_bending']
  JOINTS: ['ground_pelvis', 'L5_S1_IVDjnt', 'L4_L5_IVDjnt', 'L3_L4_IVDjnt', 'L2_L3_IVDjnt', 'L1_L2_IVDjnt', 'T12_L1_IVDjnt', 'T11_T12_IVDjnt', 'T10_T11_IVDjnt', 'T9_T10_IVDjnt', 'T8_T9_IVDjnt', 'T7_T8_IVDjnt', 'T6_T7_IVDjnt', 'T5_T6_IVDjnt', 'T4_T5_IVDjnt', 'T3_T4_IVDjnt', 'T2_T3_IVDjnt', 'T1_T2_IVDjnt', 'T1_head_neck', 'hip_r', 'knee_r', 'ankle_r', 'subtalar_r', 'mtp_r', 'hip_l', 'knee_l', 'ankle_l', 'subtalar_l', 'mtp_l', 'C7_cerv6', 'C7_cerv5', 'C7_cerv4', 'C7_cerv3', 'C7_cerv2', 'C7_cerv1', 'skull_jaw', 'C7_skull', 'sternoclavicular', 'acromioclavicular', 'shoulder2', 'elbow', 'radioulnar', 'sternoclavicular_l', 'acromioclavicular_l', 'shoulder2_l', 'elbow_l', 'radioulnar_l', 'T1_rib']
  Joints_Inside_Cylinder_Body_LIST: [['ROOT', 'Torso'], ['RHIPJ', 'Torso'], ['LHIPJ', 'Torso'], ['Spine1', 'Torso'], ['Spine2', 'Torso'], ['Spine3', 'Torso'], ['LCOL', 'Torso'], ['RCOL', 'Torso'], ['NECK', 'Torso'], ['HEAD', 'HEAD'], ['RKNE', 'RightLeg'], ['RKNI', 'RightLeg'], ['LKNE', 'LeftLeg'], ['LKNI', 'LeftLeg'], ['LANK', 'LeftShrank'], ['RANK', 'RightShrank'], ['LANI', 'LeftShrank'], ['RANI', 'RightShrank'], ['RTOE', 'RightFOOT'], ['LTOE', 'LeftFOOT'], ['RMT1', 'RightFOOT'], ['LMT1', 'LeftFOOT'], ['RMT5', 'RightFOOT'], ['LMT5', 'LeftFOOT'], ['LELB', 'LeftArm'], ['RELB', 'RightArm'], ['LELBIN', 'LeftArm'], ['RELBIN', 'RightArm'], ['LIWR', 'LeftForearm'], ['RIWR', 'RightForearm'], ['LOWR', 'LeftForearm'], ['ROWR', 'RightForearm'], ['ground_pelvis', 'Torso'], ['L5_S1_IVDjnt', 'Torso'], ['L4_L5_IVDjnt', 'Torso'], ['L3_L4_IVDjnt', 'Torso'], ['L2_L3_IVDjnt', 'Torso'], ['L1_L2_IVDjnt', 'Torso'], ['T12_L1_IVDjnt', 'Torso'], ['T11_T12_IVDjnt', 'Torso'], ['T10_T11_IVDjnt', 'Torso'], ['T9_T10_IVDjnt', 'Torso'], ['T8_T9_IVDjnt', 'Torso'], ['T7_T8_IVDjnt', 'Torso'], ['T6_T7_IVDjnt', 'Torso'], ['T5_T6_IVDjnt', 'Torso'], ['T4_T5_IVDjnt', 'Torso'], ['T3_T4_IVDjnt', 'Torso'], ['T2_T3_IVDjnt', 'Torso'], ['T1_T2_IVDjnt', 'Torso'], ['T1_head_neck', 'HEAD'], ['hip_r', 'RightLeg'], ['knee_r', 'RightLeg'], ['ankle_r', 'RightShrank'], ['subtalar_r', 'RightShrank'], ['mtp_r', 'RightFOOT'], ['hip_l', 'LeftLeg'], ['knee_l', 'LeftLeg'], ['ankle_l', 'LeftShrank'], ['subtalar_l', 'LeftShrank'], ['mtp_l', 'LeftFOOT'], ['C7_cerv6', 'HEAD'], ['C7_cerv5', 'HEAD'], ['C7_cerv4', 'HEAD'], ['C7_cerv3', 'HEAD'], ['C7_cerv2', 'HEAD'], ['C7_cerv1', 'HEAD'], ['skull_jaw', 'HEAD'], ['C7_skull', 'HEAD'], ['sternoclavicular', 'RightArm'], ['acromioclavicular', 'RightArm'], ['shoulder2', 'RightArm'], ['elbow', 'RightArm'], ['radioulnar', 'RightForearm'], ['sternoclavicular_l', 'LeftArm'], ['acromioclavicular_l', 'LeftArm'], ['shoulder2_l', 'LeftArm'], ['elbow_l', 'LeftArm'], ['radioulnar_l', 'LeftForearm'], ['T1_rib', 'Torso'], ['radiocarpal', 'RightForearm'], ['radiocarpal_l', 'LeftForearm']]
  LEAFJOINTS: ['radiocarpal', 'radiocarpal_l']
  MARKER: ['ROOT', 'LHIPJ', 'RHIPJ', 'Spine1', 'LKJC', 'RKJC', 'Spine2', 'LAJC', 'RAJC', 'Spine3', 'LFOOT', 'RFOOT', 'NECK', 'LCOL', 'RCOL', 'HEAD', 'LSHOULDER', 'RSHOULDER', 'LELC', 'RELC', 'LWRIST', 'RWRIST', 'LPSI', 'RPSI', 'RASI', 'LASI', 'T12', 'T10', 'T8', 'T1', 'C7', 'RKNE', 'RKNI', 'LKNE', 'LKNI', 'LANK', 'RANK', 'LANI', 'RANI', 'LHEE', 'RHEE', 'RTOE', 'LTOE', 'RMT1', 'LMT1', 'RMT5', 'LMT5', 'LSHO', 'RSHO', 'STRN', 'CLAV', 'RCLAV', 'LCLAV', 'LELB', 'RELB', 'LELBIN', 'RELBIN', 'LIWR', 'RIWR', 'LOWR', 'ROWR', 'LFHD', 'RFHD', 'LBHD', 'RBHD']
  MIRROR_BONES: [0, 1, 2, 3, 4, 5, 6, 7, 8, 9, 10, 11, 12, 13, 14, 15, 16, 17, 18, 24, 25, 26, 27, 28, 19, 20, 21, 22, 23, 29, 30, 31, 32, 33, 34, 35, 36, 37, 43, 44, 45, 46, 47, 38, 39, 40, 41, 42]
  NUM_JOINTS: 50
  NUM_MARKERS: 65
  NUM_SMPL_JOINTS: 22
  POS_NAME: ['ground_pelvis', 'L5_S1_IVDjnt', 'L4_L5_IVDjnt', 'L3_L4_IVDjnt', 'L2_L3_IVDjnt', 'L1_L2_IVDjnt', 'T12_L1_IVDjnt', 'T11_T12_IVDjnt', 'T10_T11_IVDjnt', 'T9_T10_IVDjnt', 'T8_T9_IVDjnt', 'T7_T8_IVDjnt', 'T6_T7_IVDjnt', 'T5_T6_IVDjnt', 'T4_T5_IVDjnt', 'T3_T4_IVDjnt', 'T2_T3_IVDjnt', 'T1_T2_IVDjnt', 'T1_head_neck', 'hip_r', 'knee_r', 'ankle_r', 'subtalar_r', 'mtp_r', 'hip_l', 'knee_l', 'ankle_l', 'subtalar_l', 'mtp_l', 'C7_cerv6', 'C7_cerv5', 'C7_cerv4', 'C7_cerv3', 'C7_cerv2', 'C7_cerv1', 'skull_jaw', 'C7_skull', 'sternoclavicular', 'acromioclavicular', 'shoulder2', 'elbow', 'radioulnar', 'sternoclavicular_l', 'acromioclavicular_l', 'shoulder2_l', 'elbow_l', 'radioulnar_l', 'T1_rib', 'radiocarpal', 'radiocarpal_l', 'ROOT', 'LHIPJ', 'RHIPJ', 'Spine1', 'LKJC', 'RKJC', 'Spine2', 'LAJC', 'RAJC', 'Spine3', 'LFOOT', 'RFOOT', 'NECK', 'LCOL', 'RCOL', 'HEAD', 'LSHOULDER', 'RSHOULDER', 'LELC', 'RELC', 'LWRIST', 'RWRIST', 'LPSI', 'RPSI', 'RASI', 'LASI', 'T12', 'T10', 'T8', 'T1', 'C7', 'RKNE', 'RKNI', 'LKNE', 'LKNI', 'LANK', 'RANK', 'LANI', 'RANI', 'LHEE', 'RHEE', 'RTOE', 'LTOE', 'RMT1', 'LMT1', 'RMT5', 'LMT5', 'LSHO', 'RSHO', 'STRN', 'CLAV', 'RCLAV', 'LCLAV', 'LELB', 'RELB', 'LELBIN', 'RELBIN', 'LIWR', 'RIWR', 'LOWR', 'ROWR', 'LFHD', 'RFHD', 'LBHD', 'RBHD']
PROGRESSBAR: False
RESNETPATH: None
SEED: 100
STARTMODELPATH: None
TESTMODE: False
TEST_SUBJECTS: [2, 29, 19, 21, 51, 26, 7, 72, 77, 17, 65, 80, 6, 76, 10, 73, 13, 38]
TRAINING:
  AMSGRAD: False
  AWARED_OCCLUSION:
    GT: False
    USE: False
  BATCHSIZE: 128
  COORDINATE_MAX_WEIGHT: 2
  END_LR: [5e-06]
  END_MOMENTUM: 0.001
  EPOCH: [50]
  EVALUATION_BATCHSIZE: 128
  INITIAL_MOMENTUM: 0.1
  LOSS2D: False
  LOSSTYPE: 1
  MARKER_PREDICTION: True
  MARKER_TYPE: [10, 10, 10, 1, 1, 1, 1, 1, 1, 1, 20, 20, 10, 1, 1, 10, 0, 0, 1, 1, 1, 1, 20, 20, 20, 20, 10, 20, 10, 10, 20, 20, 20, 20, 20, 20, 20, 20, 20, 20, 20, 10, 10, 1, 1, 1, 1, 20, 20, 20, 20, 1, 1, 20, 20, 20, 20, 20, 20, 20, 20, 10, 10, 10, 10]
  MARKER_WEIGHT: [1.0, 1.0, 1.0, 0.1, 0.1, 0.1, 0.1, 0.1, 0.1, 0.1, 2.0, 2.0, 1.0, 0.1, 0.1, 1.0, 0.0, 0.0, 0.1, 0.1, 0.1, 0.1, 2.0, 2.0, 2.0, 2.0, 1.0, 2.0, 1.0, 1.0, 2.0, 2.0, 2.0, 2.0, 2.0, 2.0, 2.0, 2.0, 2.0, 2.0, 2.0, 1.0, 1.0, 0.1, 0.1, 0.1, 0.1, 2.0, 2.0, 2.0, 2.0, 0.1, 0.1, 2.0, 2.0, 2.0, 2.0, 2.0, 2.0, 2.0, 2.0, 1.0, 1.0, 1.0, 1.0]
  PCA: False
  PCA_COMPONENTS: 51
  START_LR: [0.001]
  TRAINING_STEPS: 1
  USE_BODY_WEIGHTS: False
  USE_OS_SIMULATION: False
  VALID_BATCHSIZE: 64
TRAINING_SUBJECTS: [78, 59, 79, 44, 56, 88, 75, 61, 53, 47, 40, 41, 32, 70, 28, 39, 69, 11, 3, 90, 71, 54, 20, 85, 37, 34, 33, 46, 67, 63, 55, 36, 42, 50, 24, 35, 84, 45, 60, 16, 74, 82, 27, 89, 57, 5, 49, 22, 4, 66, 31, 83, 43, 48, 52, 68, 25, 9, 18, 1, 81, 58, 23, 62, 64, 8, 87]
TRANSFORMER:
  BATCHNORM: False
  DROPOUT: False
  D_CHANNEL: 512
  D_MODEL: 256
  N1: 3
  N_HEADS: 8
  POS_ENCODNIG_EVERY_BLOCK: False
  STRIDES: [3, 9, 9]
VALID_SUBJECTS: [14, 86, 15, 30]
VALID_WORKERS: 16
WORKERS: 16
83696 training data, 21822 valid data, 100839 test data
Use Transformer, Receptive Field : 243
LR starts from 0.001, LR decay rate : 0.9013257213104922
Evaluation : False
Train , Epoch 0 : : total loss : 0.9887422023378142   marker : 0.28366268184292737   pose : 0.08453726292706193   angle : 0.16470012275265333   body : 0.011855863940375778   inter pose : 0.06813421807213363   inter marker : 0.22938638174789422   inter angle : 0.13560909227358253   inter body : 0.010856578671366296   
Evaluation : True
Valid, Epoch 0 : : total loss : 0.7795973910538962   marker : 0.11848606509146709   pose : 0.04335214219623433   angle : 0.221698835848582   body : 0.015808864145577854   inter pose : 0.04023237071501849   inter marker : 0.1125424365142495   inter angle : 0.2116458978216804   inter body : 0.015830780073130407   
Current LR:  [0.0009013257213104922]
Best Loss : 0.221698835848582
Evaluation : False
Train , Epoch 1 : : total loss : 0.3012729999573636   marker : 0.08730531911755046   pose : 0.024236854465298958   angle : 0.04241904850826694   body : 0.004417301037606953   inter pose : 0.021571721054419624   inter marker : 0.07878421499161406   inter angle : 0.03839624118042759   inter body : 0.00414229943638077   
Evaluation : True
Valid, Epoch 1 : : total loss : 0.7115220882837762   marker : 0.10343218223387178   pose : 0.03853306354277622   angle : 0.2117536109261438   body : 0.014979290791233502   inter pose : 0.03676946741579084   inter marker : 0.09652938904830881   inter angle : 0.19431073273826657   inter body : 0.015214352723647732   
Current LR:  [0.000812388055895879]
Best Loss : 0.2117536109261438
Evaluation : False
Train , Epoch 2 : : total loss : 0.24744097525638972   marker : 0.07378086872159248   pose : 0.0201700360529912   angle : 0.03151431411025535   body : 0.0035480909925924005   inter pose : 0.0182891694449493   inter marker : 0.06779045990994842   inter angle : 0.02899013545540993   inter body : 0.003357900416401499   
Evaluation : True
Valid, Epoch 2 : : total loss : 0.70268130641123   marker : 0.10229153519928395   pose : 0.03878805324013233   angle : 0.20927350840770884   body : 0.014901164507037745   inter pose : 0.03526825199489053   inter marker : 0.09263644829404724   inter angle : 0.19462285746729197   inter body : 0.014899485017385614   
Current LR:  [0.0007322262504643815]
Best Loss : 0.20927350840770884
Evaluation : False
Train , Epoch 3 : : total loss : 0.22649154021400406   marker : 0.06832386752388013   pose : 0.01858811328903548   angle : 0.027701103021526226   body : 0.0032144105154593085   inter pose : 0.016904257839776657   inter marker : 0.06308420080046924   inter angle : 0.025654860108999526   inter body : 0.003020727464638274   
Evaluation : True
Valid, Epoch 3 : : total loss : 0.6862187064346259   marker : 0.09621341048649629   pose : 0.035388080427620636   angle : 0.20662831189422426   body : 0.014075112748720744   inter pose : 0.03371832840777637   inter marker : 0.09206461661699526   inter angle : 0.19376920541520845   inter body : 0.014361642849411474   
Current LR:  [0.0006599743533622857]
Best Loss : 0.20662831189422426
Evaluation : False
Train , Epoch 4 : : total loss : 0.21388728197829465   marker : 0.06495888876924105   pose : 0.017538768089566076   angle : 0.025430488701093983   body : 0.002961814032359816   inter pose : 0.016088348673585273   inter marker : 0.06046275024346517   inter angle : 0.023687095414122616   inter body : 0.002759127626994234   
Evaluation : True
Valid, Epoch 4 : : total loss : 0.6816406206297575   marker : 0.09692185509162254   pose : 0.035999939111946114   angle : 0.20582439328909422   body : 0.014318590500802498   inter pose : 0.03336780444477254   inter marker : 0.0889400708206676   inter angle : 0.19205489253464633   inter body : 0.014213073522401505   
Current LR:  [0.0005948518600906879]
Best Loss : 0.20582439328909422
Evaluation : False
Train , Epoch 5 : : total loss : 0.2035345265136926   marker : 0.062055483209411365   pose : 0.016640440174371322   angle : 0.023693161136591964   body : 0.0027262578143597014   inter pose : 0.015401978285307176   inter marker : 0.05818152766543545   inter angle : 0.0222919434194908   inter body : 0.0025437341822570855   
Evaluation : True
Valid, Epoch 5 : : total loss : 0.6782789769634603   marker : 0.09522222194299286   pose : 0.03602430510396383   angle : 0.206347240709863   body : 0.014098981123077215   inter pose : 0.03374766667596515   inter marker : 0.08918378499740533   inter angle : 0.18945472101255775   inter body : 0.01420005574725461   
Current LR:  [0.0005361552818691272]
Evaluation : False
Train , Epoch 6 : : total loss : 0.19638480923807455   marker : 0.0601381183035706   pose : 0.01605478545528185   angle : 0.022401699993137562   body : 0.0025083928135085343   inter pose : 0.014931099319610898   inter marker : 0.05669427707585953   inter angle : 0.021284930487869346   inter body : 0.002371505712933416   
Evaluation : True
Valid, Epoch 6 : : total loss : 0.6765405485167009   marker : 0.0955903539516871   pose : 0.03576163069573214   angle : 0.20399689519233832   body : 0.014692142200168424   inter pose : 0.033171533762551   inter marker : 0.08840604823097367   inter angle : 0.1902694473147731   inter body : 0.014652499293507473   
Current LR:  [0.0004832505461651213]
Best Loss : 0.20399689519233832
Evaluation : False
Train , Epoch 7 : : total loss : 0.1895681700425345   marker : 0.05821345072770192   pose : 0.01541869922799228   angle : 0.02122457179983944   body : 0.0023364715800858796   inter pose : 0.014480677929636986   inter marker : 0.05526201093247072   inter angle : 0.020395964378374095   inter body : 0.002236322996136697   
Evaluation : True
Valid, Epoch 7 : : total loss : 0.6708968386904871   marker : 0.09358010087962898   pose : 0.03500890948138527   angle : 0.2039100471988147   body : 0.01452791981993822   inter pose : 0.0327056639463914   inter marker : 0.0874643090686618   inter angle : 0.18916157991767488   inter body : 0.014538308967974563   
Current LR:  [0.0004355661470959672]
Best Loss : 0.2039100471988147
Evaluation : False
Train , Epoch 8 : : total loss : 0.18468245060666597   marker : 0.05686716625258714   pose : 0.014997142361360067   angle : 0.020289442500535965   body : 0.0022245154692541813   inter pose : 0.014164756892240431   inter marker : 0.05427533366459252   inter angle : 0.019712494224150185   inter body : 0.002151598888599124   
Evaluation : True
Valid, Epoch 8 : : total loss : 0.6680870727421591   marker : 0.09232626314419304   pose : 0.034908673162585314   angle : 0.20256314427548244   body : 0.014483009692171887   inter pose : 0.03303371753190923   inter marker : 0.08707127672932607   inter angle : 0.18917622250254612   inter body : 0.014524766034444523   
Current LR:  [0.00039258697170970456]
Best Loss : 0.20256314427548244
Evaluation : False
Train , Epoch 9 : : total loss : 0.17932337045578278   marker : 0.055202499853524094   pose : 0.014480273364822039   angle : 0.0193645531072026   body : 0.0021391744835225217   inter pose : 0.013823168121198418   inter marker : 0.05316278134767896   inter angle : 0.019069031334466444   inter body : 0.002081888618916102   
Evaluation : True
Valid, Epoch 9 : : total loss : 0.6711500211723914   marker : 0.09322180139211061   pose : 0.03508169447159682   angle : 0.20386764767429763   body : 0.0149582273887349   inter pose : 0.033036038261779276   inter marker : 0.08743617773034179   inter angle : 0.18885087529894695   inter body : 0.014697561877183107   
Current LR:  [0.00035384873545335125]
Evaluation : False
Train , Epoch 10 : : total loss : 0.17484861461710965   marker : 0.053855916368240234   pose : 0.014028515588281075   angle : 0.01851650989638673   body : 0.0020743137388454483   inter pose : 0.01351974961728679   inter marker : 0.05229998824356343   inter angle : 0.018526636345018197   inter body : 0.0020269844331600308   
Evaluation : True
Valid, Epoch 10 : : total loss : 0.6754397872212979   marker : 0.09361053557610514   pose : 0.03521926817563155   angle : 0.20512882920891803   body : 0.014596941149122238   inter pose : 0.03352120007639156   inter marker : 0.08898336982849418   inter angle : 0.1898168128654026   inter body : 0.014562826509076268   
Current LR:  [0.0003189329667172973]
Evaluation : False
Train , Epoch 11 : : total loss : 0.1711474404218186   marker : 0.052751334392641076   pose : 0.01368273387892688   angle : 0.017765939786208718   body : 0.002037285266416989   inter pose : 0.013297731797018332   inter marker : 0.05156297513938425   inter angle : 0.01805695809800446   inter body : 0.001992481366865291   
Evaluation : True
Valid, Epoch 11 : : total loss : 0.669801237602608   marker : 0.09321746969515829   pose : 0.03534979661174638   angle : 0.2029060517689472   body : 0.014362665521662609   inter pose : 0.03297535490458701   inter marker : 0.08739482024644431   inter angle : 0.18908260635817895   inter body : 0.014512475574172807   
Current LR:  [0.0002874624862761632]
Evaluation : False
Train , Epoch 12 : : total loss : 0.16706232562273238   marker : 0.05147385641727112   pose : 0.013291414584650746   angle : 0.017067736245771646   body : 0.0019926602922231643   inter pose : 0.013018459043141802   inter marker : 0.05064676908539411   inter angle : 0.017618077235213647   inter body : 0.0019533528274589805   
Evaluation : True
Valid, Epoch 12 : : total loss : 0.6707882432340647   marker : 0.0931776204037957   pose : 0.03509468832786028   angle : 0.20409928831321247   body : 0.014402670767859898   inter pose : 0.03307915260500939   inter marker : 0.08745739399026572   inter angle : 0.18908444439476585   inter body : 0.014392985537512996   
Current LR:  [0.00025909733279257026]
Evaluation : False
Train , Epoch 13 : : total loss : 0.16370722576177138   marker : 0.05040084884414994   pose : 0.01292756649952205   angle : 0.016439996160578216   body : 0.0019678072007315926   inter pose : 0.012798318707856249   inter marker : 0.05000528642425676   inter angle : 0.017236906741310773   inter body : 0.0019304948749454267   
Evaluation : True
Valid, Epoch 13 : : total loss : 0.6683826706999656   marker : 0.09257067723711693   pose : 0.03490098766506609   angle : 0.2027664417067213   body : 0.014276369241208054   inter pose : 0.03306151919552413   inter marker : 0.08681926630275538   inter angle : 0.18967137080197724   inter body : 0.014316035728058646   
Current LR:  [0.00023353109036888803]
Evaluation : False
Train , Epoch 14 : : total loss : 0.16066507509072378   marker : 0.04937825738174262   pose : 0.012610993089915964   angle : 0.01588942151471037   body : 0.0019430385985957947   inter pose : 0.012612108624672907   inter marker : 0.04941617245650401   inter angle : 0.01690220021447352   inter body : 0.0019128830614250159   
Evaluation : True
Valid, Epoch 14 : : total loss : 0.6709712536063381   marker : 0.09268601302778937   pose : 0.035055248910615316   angle : 0.2042317214321122   body : 0.014312377119466393   inter pose : 0.03323023223754586   inter marker : 0.08753410358934155   inter angle : 0.1894035334548202   inter body : 0.01451802512386872   
Current LR:  [0.00021048757847516372]
Evaluation : False
Train , Epoch 15 : : total loss : 0.15812586902841858   marker : 0.048518154570464885   pose : 0.012325303340943995   angle : 0.015449955320673186   body : 0.0019154453574883742   inter pose : 0.01245632690090863   inter marker : 0.0489509019709747   inter angle : 0.01661390800936116   inter body : 0.0018958740271870361   
Evaluation : True
Valid, Epoch 15 : : total loss : 0.6679021670831221   marker : 0.09123325046353659   pose : 0.03449274053408413   angle : 0.2048330091553881   body : 0.014398873753687954   inter pose : 0.0328332023827755   inter marker : 0.08639211027970313   inter angle : 0.1894190113678412   inter body : 0.014299968446866696   
Current LR:  [0.00018971786849602577]
Evaluation : False
Train , Epoch 16 : : total loss : 0.15572365383641826   marker : 0.04773192062038375   pose : 0.012075971456880682   angle : 0.015020948499555245   body : 0.0019007642212527794   inter pose : 0.0122942687732497   inter marker : 0.04846960157840577   inter angle : 0.01634587534057236   inter body : 0.0018843036228049243   
Evaluation : True
Valid, Epoch 16 : : total loss : 0.6704070991779726   marker : 0.09227161321813951   pose : 0.035022468289821154   angle : 0.20430936836079752   body : 0.014588645128727004   inter pose : 0.03324089439463063   inter marker : 0.08700410280270489   inter angle : 0.1894562353015809   inter body : 0.014513771736199036   
Current LR:  [0.00017099759466766953]
Evaluation : False
Train , Epoch 17 : : total loss : 0.15343040307758413   marker : 0.046906556511956736   pose : 0.01181540217473076   angle : 0.014627551066633571   body : 0.0018873496373664662   inter pose : 0.012161493080327284   inter marker : 0.04804450542213906   inter angle : 0.016115174895497596   inter body : 0.001872370327797192   
Evaluation : True
Valid, Epoch 17 : : total loss : 0.6666981436004233   marker : 0.09114945805615787   pose : 0.03426869488496652   angle : 0.20442255506287377   body : 0.014549553987031765   inter pose : 0.03235241771563744   inter marker : 0.08584394722414895   inter angle : 0.18963043369170496   inter body : 0.014481082532683582   
Current LR:  [0.0001541245303561964]
Evaluation : False
Train , Epoch 18 : : total loss : 0.1513461207038228   marker : 0.04616319492550575   pose : 0.011564089949449572   angle : 0.014299780033403297   body : 0.001876573201524205   inter pose : 0.012022002879672814   inter marker : 0.04764221469439555   inter angle : 0.01591616515555115   inter body : 0.0018620999094247134   
Evaluation : True
Valid, Epoch 18 : : total loss : 0.6680372114219103   marker : 0.09193725966585621   pose : 0.03469108875310669   angle : 0.20374880220743424   body : 0.01443523546043538   inter pose : 0.03279038400329248   inter marker : 0.08667673045058658   inter angle : 0.18937685015264719   inter body : 0.014380855964987189   
Current LR:  [0.00013891640349493958]
Evaluation : False
Train , Epoch 19 : : total loss : 0.14969298307417364   marker : 0.04562397249853081   pose : 0.011387894543352754   angle : 0.013986919199331888   body : 0.0018677405909967436   inter pose : 0.011922900068643539   inter marker : 0.04732171499710901   inter angle : 0.015725627523001176   inter body : 0.001856213718457333   
Evaluation : True
Valid, Epoch 19 : : total loss : 0.6690988405171897   marker : 0.09144028449580777   pose : 0.03445758122307889   angle : 0.20489249964942963   body : 0.014463435042823294   inter pose : 0.032812840122862355   inter marker : 0.08660058105104447   inter angle : 0.19000693156819504   inter body : 0.014424689256809512   
Current LR:  [0.0001252089275819358]
Evaluation : False
Train , Epoch 20 : : total loss : 0.1478290393560623   marker : 0.0449171168800974   pose : 0.011161449676234086   angle : 0.013696848078250064   body : 0.0018607352847435938   inter pose : 0.011805909662970996   inter marker : 0.046975057589241045   inter angle : 0.015562217117816347   inter body : 0.0018497049533241466   
Evaluation : True
Valid, Epoch 20 : : total loss : 0.6676998161152995   marker : 0.0919021842744324   pose : 0.0345730864371271   angle : 0.20358597033730283   body : 0.014517654754011804   inter pose : 0.03280558745415944   inter marker : 0.08703213133107031   inter angle : 0.18884263516302757   inter body : 0.014440570761724567   
Current LR:  [0.00011285402696730145]
Evaluation : False
Train , Epoch 21 : : total loss : 0.14645738518621437   marker : 0.044423331875941656   pose : 0.011011283963085773   angle : 0.013445198370477507   body : 0.0018532920317156712   inter pose : 0.011727736119015475   inter marker : 0.0467378115638018   inter angle : 0.015413330923509178   inter body : 0.001845399960540349   
Evaluation : True
Valid, Epoch 21 : : total loss : 0.6673939008890201   marker : 0.09167364023638824   pose : 0.03464466647500461   angle : 0.20394329539185296   body : 0.014486801724267393   inter pose : 0.032742972477100125   inter marker : 0.08671753129669796   inter angle : 0.18871878865287192   inter body : 0.014466207314341723   
Current LR:  [0.00010171823725909672]
Evaluation : False
Train , Epoch 22 : : total loss : 0.14494489598876667   marker : 0.043870045502554585   pose : 0.010813609186337425   angle : 0.013212725194955493   body : 0.0018444663428189448   inter pose : 0.011626570926234696   inter marker : 0.04645627386765312   inter angle : 0.015282331251326784   inter body : 0.001838874349771367   
Evaluation : True
Valid, Epoch 22 : : total loss : 0.6638486229546314   marker : 0.09097591262396441   pose : 0.03428124587178154   angle : 0.20259848437249392   body : 0.014361698463478574   inter pose : 0.03270025626296095   inter marker : 0.08630724569888286   inter angle : 0.18833497249941353   inter body : 0.01428880595983894   
Current LR:  [9.168126356798713e-05]
Evaluation : False
Train , Epoch 23 : : total loss : 0.14364716218952744   marker : 0.04351626389629991   pose : 0.010692265773246244   angle : 0.012791949981797892   body : 0.0018424223154672003   inter pose : 0.011556546892657032   inter marker : 0.04624091578821493   inter angle : 0.015170505621212365   inter body : 0.0018362920655716343   
Evaluation : True
Valid, Epoch 23 : : total loss : 0.6671006850629906   marker : 0.09066303057561774   pose : 0.03423644157763133   angle : 0.2045217412124031   body : 0.014442665356128313   inter pose : 0.03256456764117355   inter marker : 0.08616445265794344   inter angle : 0.19006091267233774   inter body : 0.014446872861714644   
Current LR:  [8.263468101607335e-05]
Evaluation : False
Train , Epoch 24 : : total loss : 0.1423891762907618   marker : 0.043072478152571925   pose : 0.010548861228089328   angle : 0.012521974679658826   body : 0.001837908262515278   inter pose : 0.011485103971309172   inter marker : 0.04603206983569205   inter angle : 0.015058962579753827   inter body : 0.0018318178047316226   
Evaluation : True
Valid, Epoch 24 : : total loss : 0.6691269020190347   marker : 0.09088267594775275   pose : 0.03440964577036548   angle : 0.2057622075791036   body : 0.014398554660432467   inter pose : 0.03272267619146019   inter marker : 0.08607294620443642   inter angle : 0.1904728374388552   inter body : 0.014405359005078028   
Current LR:  [7.448076347207475e-05]
Evaluation : False
Train , Epoch 25 : : total loss : 0.14137677074756594   marker : 0.04269132600558114   pose : 0.010429455165624345   angle : 0.012347197642187613   body : 0.001834738787633023   inter pose : 0.011425149150671948   inter marker : 0.04585312174527605   inter angle : 0.01496657866921852   inter body : 0.001829203188271015   
Evaluation : True
Valid, Epoch 25 : : total loss : 0.6675614939198333   marker : 0.09072214527250745   pose : 0.03464084825969378   angle : 0.20482330634300938   body : 0.014432987694495124   inter pose : 0.032861887518223984   inter marker : 0.08569548969340471   inter angle : 0.19001334503015802   inter body : 0.014371486536556899   
Current LR:  [6.713142786022393e-05]
Evaluation : False
Train , Epoch 26 : : total loss : 0.1404329243516849   marker : 0.04233671268975935   pose : 0.010306739325351318   angle : 0.012190478819652045   body : 0.00183132271817921   inter pose : 0.01136785085280219   inter marker : 0.045695058402432785   inter angle : 0.01487894054890181   inter body : 0.0018258209436187722   
Evaluation : True
Valid, Epoch 26 : : total loss : 0.6692578318619223   marker : 0.09089459901812665   pose : 0.03429413487500203   angle : 0.20625131567898292   body : 0.01443961625979349   inter pose : 0.03260947632949126   inter marker : 0.08594678774859814   inter angle : 0.19041962007829025   inter body : 0.014402280925841284   
Current LR:  [6.05072826387196e-05]
Evaluation : False
Train , Epoch 27 : : total loss : 0.13960031811347598   marker : 0.04203129256255411   pose : 0.010208805583725479   angle : 0.012051345528050641   body : 0.0018288108176490432   inter pose : 0.011316799714157263   inter marker : 0.045535477902312375   inter angle : 0.014804289031596954   inter body : 0.0018234968885699513   
Evaluation : True
Valid, Epoch 27 : : total loss : 0.6659223727657251   marker : 0.09089158872954514   pose : 0.034262128125822584   angle : 0.20432593979589467   body : 0.014338701873288432   inter pose : 0.03251674121508469   inter marker : 0.08592367954514617   inter angle : 0.18939375276472029   inter body : 0.014269840787239554   
Current LR:  [5.453677016888176e-05]
Evaluation : False
srun: Job step aborted: Waiting up to 32 seconds for job step to finish.
slurmstepd: error: *** JOB 6599873 ON insy12 CANCELLED AT 2021-08-10T03:49:23 DUE TO TIME LIMIT ***
slurmstepd: error: *** STEP 6599873.0 ON insy12 CANCELLED AT 2021-08-10T03:49:23 DUE TO TIME LIMIT ***
