/home/nfs/weitseyang/.bashrc: line 20: dirname: command not found
/home/nfs/weitseyang/.bashrc: line 21: dirname: command not found
              total        used        free      shared  buff/cache   available
Mem:         772433       45852      698918          76       27663      724664
Swap:          4090           0        4090
Wed Aug  4 00:01:45 2021       
+-----------------------------------------------------------------------------+
| NVIDIA-SMI 470.57.02    Driver Version: 470.57.02    CUDA Version: 11.4     |
|-------------------------------+----------------------+----------------------+
| GPU  Name        Persistence-M| Bus-Id        Disp.A | Volatile Uncorr. ECC |
| Fan  Temp  Perf  Pwr:Usage/Cap|         Memory-Usage | GPU-Util  Compute M. |
|                               |                      |               MIG M. |
|===============================+======================+======================|
|   0  NVIDIA GeForce ...  On   | 00000000:B1:00.0 Off |                  N/A |
| 30%   30C    P8    18W / 250W |      1MiB / 11019MiB |      0%      Default |
|                               |                      |                  N/A |
+-------------------------------+----------------------+----------------------+
                                                                               
+-----------------------------------------------------------------------------+
| Processes:                                                                  |
|  GPU   GI   CI        PID   Type   Process name                  GPU Memory |
|        ID   ID                                                   Usage      |
|=============================================================================|
|  No running processes found                                                 |
+-----------------------------------------------------------------------------+
BML_FOLDER: /tudelft.net/staff-bulk/ewi/insy/VisionLab/students/wyang/dataset/HDF5/BML/
DATASET:
  ANTIALIAS:
    TEST: 1
    TRAIN: 1
  BBOX:
    PARTIAL_VISUALBILITY: False
  COLOR:
    AUG: True
  DATASETPERIMG: 2000
  GEOM:
    AUG: True
    HFLIP: False
    ROT: 20
    SCALE_DOWN: 25
    SCALE_UP: 25
    SHIFT_AUG: 10
  INTERPOLATION:
    TEST: nearest
    TRAIN: nearest
  OCCLUSION:
    PROB: 0.7
    SCALE: 0.8
  TRAINING_USEDEACHFRAME: 2
  USEDEACHFRAME: 1
EVAL_WORKERS: 16
HYP:
  ANGLE: 0.01
  BODY: 0.1
  INTERMEDIATE_MARKER: 1.5
  INTERMEDIATE_POS: 1.5
  MARKER: 2.0
  POS: 1.0
  ROTMAT: 0.1
  SY_BODY: 0.05
LAYER:
  OS_TRANSIT:
    ACT_TYPE: 1
    BN: False
LOSS:
  ANGLE:
    BETA: 5
    EVAL_TYPE: 1
    H: 0.1
    MASKMINVALUE: 0
    TYPE: 3
    USE: True
    USEMASK: True
  BODY:
    BETA: 0.05
    EVAL_TYPE: 1
    H: 0.1
    TYPE: 3
    USE: True
  MARKER:
    BETA: 0.04
    TYPE: 2
    USE: True
  POS:
    BETA: 0.04
    TYPE: 2
    USE: True
  ROTMAT:
    BETA: 0.02
    EVAL_TYPE: 1
    TYPE: 1
    USE: False
  SY_BODY:
    EVAL_TYPE: 1
    TYPE: 1
    USE: False
LSTM:
  BIDIRECTIONAL: True
  DROPOUTPROB: 0.1
  HIDDEN_STATE: 512
  NUM_LAYERS: 3
MODEL:
  CAUSAL: False
  CONV_CHANNEL_SIZE: [2048]
  CONV_LAYER: 1
  FULLCONV: True
  IMGSIZE: (256, 256)
  INFEATURES: 567
  INTERMEDIATE_POSE_ESTIMATION: False
  METRIC_SCALE:
    BBOX_SIZE: 2.2
    DEPTH: 8
    EVAL_STRIDING: 4
    STRIDING: 32
  NUMPRED: 115
  NUM_PRED: 115
  OUTFEATURES: 126
  POS: True
  RECEPTIVE_FIELD: 243
  RESNET:
    CENTER_STRIDING: True
    NEXT: True
    PRETRAINED: True
  TYPE: 1
MODEL_FOLDER: /tudelft.net/staff-bulk/ewi/insy/VisionLab/students/wyang/dataset/models/
PASCAL_PATH: /tudelft.net/staff-bulk/ewi/insy/VisionLab/students/wyang/dataset/HDF5/PASCAL/pascal.hdf5
PCA_PATH: None
POSTFIX: OS_TEMPORAL_TRANSFORMER_512_512
PREDICTION:
  BODY: ['pelvis', 'lumbar5', 'lumbar4', 'lumbar3', 'lumbar2', 'lumbar1', 'thoracic12', 'thoracic11', 'thoracic10', 'thoracic9', 'thoracic8', 'thoracic7', 'thoracic6', 'thoracic5', 'thoracic4', 'thoracic3', 'thoracic2', 'thoracic1', 'head_neck', 'femur_r', 'tibia_r', 'talus_r', 'calcn_r', 'toes_r', 'femur_l', 'tibia_l', 'talus_l', 'calcn_l', 'toes_l', 'cerv6', 'cerv5', 'cerv4', 'cerv3', 'cerv2', 'cerv1', 'jaw', 'skull', 'thorax', 'clavicle', 'scapula', 'humerus', 'ulna', 'radius', 'clavicle_l', 'scapula_l', 'humerus_l', 'ulna_l', 'radius_l']
  BODY_AMPITUDE_VALUE: [0.38330534, 0.11688988, 0.27979052, 0.18767838, 0.12217734, 0.17559392, 0.25814359, 0.19320878, 0.09488225, 0.23721306, 0.3308586, 0.22396367, 0.08659548, 1e-06, 0.1634575, 0.18397586, 0.23942574, 0.23136499, 0.14410597, 0.14576365, 0.17185328, 0.18178275, 0.15676707, 0.19965802, 0.12167494, 0.14225374, 0.19253547, 0.08705724, 0.13519439, 0.09673029, 0.16227082, 0.25709417, 0.27539152, 0.21485549, 0.11401759, 0.22396367, 0.21485549, 0.1838405, 0.18214334, 0.43287996, 0.43287996, 0.13003099, 0.13036308, 0.2175328, 0.20085876, 0.30206298, 0.3034652, 0.2025831, 0.20302752, 0.1691131, 0.22653959]
  BODY_AVG_VALUE: [1.21267658, 1.19278473, 1.09221309, 0.82231784, 0.65399921, 0.86740023, 1.23414558, 1.13399419, 1.00263798, 1.01988775, 1.04674897, 0.92795962, 0.80902216, 0.94262153, 0.96230629, 0.95413619, 1.04046246, 1.03910667, 0.68939832, 0.71175453, 0.74281865, 0.76454479, 0.9076589, 1.02388528, 0.64942223, 0.89473501, 0.89226717, 0.61283192, 0.7215803, 0.68092433, 1.08504841, 1.17846495, 1.14104316, 1.14461103, 0.74801221, 0.92795962, 1.14461103, 0.89621243, 0.8843008, 1.13165459, 1.13165459, 0.73835266, 0.74087435, 1.07924646, 1.08077973, 1.01209745, 0.99989337, 1.0244289, 1.03203484, 0.82801554, 0.7559647]
  BODY_SCALE_MAPPING: [[0, 1, 2], [10, 3, 9], [10, 3, 9], [10, 3, 9], [10, 3, 9], [10, 3, 9], [10, 3, 9], [10, 4, 9], [10, 4, 9], [10, 5, 9], [10, 5, 9], [10, 6, 9], [10, 6, 9], [10, 6, 9], [10, 6, 9], [10, 6, 9], [10, 6, 9], [10, 6, 9], [11, 7, 9], [16, 14, 16], [20, 18, 20], [20, 18, 20], [22, 23, 24], [28, 30, 30], [17, 15, 17], [21, 19, 21], [21, 19, 21], [25, 26, 27], [29, 31, 31], [11, 7, 9], [11, 7, 9], [11, 7, 9], [11, 7, 9], [11, 7, 9], [11, 7, 9], [12, 8, 13], [12, 8, 13], [32, 33, 34], [37, 35, 41], [39, 36, 41], [45, 43, 45], [49, 47, 49], [49, 47, 49], [38, 35, 42], [40, 36, 42], [46, 44, 46], [50, 48, 50], [50, 48, 50]]
  BODY_SCALE_UNIQUE_NUMS: 51
  BODY_WEIGHTS: [[2.0, 2.0, 2.0], [1.0, 2.0, 1.0], [1.0, 2.0, 1.0], [1.0, 2.0, 1.0], [1.0, 2.0, 1.0], [1.0, 2.0, 1.0], [1.0, 2.0, 1.0], [1.0, 2.0, 1.0], [1.0, 2.0, 1.0], [1.0, 2.0, 1.0], [1.0, 2.0, 1.0], [1.0, 2.0, 1.0], [1.0, 2.0, 1.0], [1.0, 2.0, 1.0], [1.0, 2.0, 1.0], [1.0, 2.0, 1.0], [1.0, 2.0, 1.0], [1.0, 2.0, 1.0], [1.0, 2.0, 1.0], [1.0, 2.0, 1.0], [1.0, 2.0, 1.0], [1.0, 2.0, 1.0], [2.0, 1.0, 1.0], [2.0, 1.0, 1.0], [1.0, 2.0, 1.0], [1.0, 2.0, 1.0], [1.0, 2.0, 1.0], [2.0, 1.0, 1.0], [2.0, 1.0, 1.0], [1.0, 2.0, 1.0], [1.0, 2.0, 1.0], [1.0, 2.0, 1.0], [1.0, 2.0, 1.0], [1.0, 2.0, 1.0], [1.0, 2.0, 1.0], [1.0, 1.0, 2.0], [1.0, 1.0, 2.0], [2.0, 1.0, 1.0], [1.0, 1.0, 2.0], [1.0, 1.0, 2.0], [1.0, 2.0, 1.0], [1.0, 2.0, 1.0], [1.0, 2.0, 1.0], [1.0, 1.0, 2.0], [1.0, 1.0, 2.0], [1.0, 2.0, 1.0], [1.0, 2.0, 1.0], [1.0, 2.0, 1.0]]
  COORDINATES: ['L5_S1_FE', 'L5_S1_LB', 'L5_S1_AR', 'L4_L5_FE', 'L4_L5_LB', 'L4_L5_AR', 'T12_L1_FE', 'T12_L1_LB', 'T12_L1_AR', 'T11_T12_FE', 'T11_T12_LB', 'T11_T12_AR', 'T10_T11_FE', 'T10_T11_LB', 'T10_T11_AR', 'T9_T10_FE', 'T9_T10_LB', 'T9_T10_AR', 'T8_T9_FE', 'T8_T9_LB', 'T8_T9_AR', 'T1_T2_FE', 'T1_T2_LB', 'T1_T2_AR', 'T1_head_neck_FE', 'T1_head_neck_LB', 'T1_head_neck_AR', 'hip_flexion_r', 'hip_adduction_r', 'hip_rotation_r', 'knee_angle_r', 'knee_angle_y_r', 'knee_angle_x_r', 'ankle_angle_r', 'subtalar_angle_r', 'mtp_angle_r', 'hip_flexion_l', 'hip_adduction_l', 'hip_rotation_l', 'knee_angle_l', 'knee_angle_y_l', 'knee_angle_x_l', 'ankle_angle_l', 'subtalar_angle_l', 'mtp_angle_l', 'skull_z', 'skull_y', 'skull_x', 'sternoclavicular_r2', 'sternoclavicular_r3', 'acromioclavicular_r2', 'elv_angle', 'shoulder_elv', 'shoulder1_r2', 'shoulder_rot', 'elbow_flexion', 'elbow_x', 'pro_sup', 'sternoclavicular_r2_l', 'sternoclavicular_r3_l', 'acromioclavicular_r2_l', 'elv_angle_l', 'shoulder_elv_l', 'shoulder1_r2_l', 'shoulder_rot_l', 'elbow_flexion_l', 'elbow_x_l', 'pro_sup_l', 'ribs_bending']
  JOINTS: ['ground_pelvis', 'L5_S1_IVDjnt', 'L4_L5_IVDjnt', 'L3_L4_IVDjnt', 'L2_L3_IVDjnt', 'L1_L2_IVDjnt', 'T12_L1_IVDjnt', 'T11_T12_IVDjnt', 'T10_T11_IVDjnt', 'T9_T10_IVDjnt', 'T8_T9_IVDjnt', 'T7_T8_IVDjnt', 'T6_T7_IVDjnt', 'T5_T6_IVDjnt', 'T4_T5_IVDjnt', 'T3_T4_IVDjnt', 'T2_T3_IVDjnt', 'T1_T2_IVDjnt', 'T1_head_neck', 'hip_r', 'knee_r', 'ankle_r', 'subtalar_r', 'mtp_r', 'hip_l', 'knee_l', 'ankle_l', 'subtalar_l', 'mtp_l', 'C7_cerv6', 'C7_cerv5', 'C7_cerv4', 'C7_cerv3', 'C7_cerv2', 'C7_cerv1', 'skull_jaw', 'C7_skull', 'sternoclavicular', 'acromioclavicular', 'shoulder2', 'elbow', 'radioulnar', 'sternoclavicular_l', 'acromioclavicular_l', 'shoulder2_l', 'elbow_l', 'radioulnar_l', 'T1_rib']
  Joints_Inside_Cylinder_Body_LIST: [['ROOT', 'Torso'], ['RHIPJ', 'Torso'], ['LHIPJ', 'Torso'], ['Spine1', 'Torso'], ['Spine2', 'Torso'], ['Spine3', 'Torso'], ['LCOL', 'Torso'], ['RCOL', 'Torso'], ['NECK', 'Torso'], ['HEAD', 'HEAD'], ['RKNE', 'RightLeg'], ['RKNI', 'RightLeg'], ['LKNE', 'LeftLeg'], ['LKNI', 'LeftLeg'], ['LANK', 'LeftShrank'], ['RANK', 'RightShrank'], ['LANI', 'LeftShrank'], ['RANI', 'RightShrank'], ['RTOE', 'RightFOOT'], ['LTOE', 'LeftFOOT'], ['RMT1', 'RightFOOT'], ['LMT1', 'LeftFOOT'], ['RMT5', 'RightFOOT'], ['LMT5', 'LeftFOOT'], ['LELB', 'LeftArm'], ['RELB', 'RightArm'], ['LELBIN', 'LeftArm'], ['RELBIN', 'RightArm'], ['LIWR', 'LeftForearm'], ['RIWR', 'RightForearm'], ['LOWR', 'LeftForearm'], ['ROWR', 'RightForearm'], ['ground_pelvis', 'Torso'], ['L5_S1_IVDjnt', 'Torso'], ['L4_L5_IVDjnt', 'Torso'], ['L3_L4_IVDjnt', 'Torso'], ['L2_L3_IVDjnt', 'Torso'], ['L1_L2_IVDjnt', 'Torso'], ['T12_L1_IVDjnt', 'Torso'], ['T11_T12_IVDjnt', 'Torso'], ['T10_T11_IVDjnt', 'Torso'], ['T9_T10_IVDjnt', 'Torso'], ['T8_T9_IVDjnt', 'Torso'], ['T7_T8_IVDjnt', 'Torso'], ['T6_T7_IVDjnt', 'Torso'], ['T5_T6_IVDjnt', 'Torso'], ['T4_T5_IVDjnt', 'Torso'], ['T3_T4_IVDjnt', 'Torso'], ['T2_T3_IVDjnt', 'Torso'], ['T1_T2_IVDjnt', 'Torso'], ['T1_head_neck', 'HEAD'], ['hip_r', 'RightLeg'], ['knee_r', 'RightLeg'], ['ankle_r', 'RightShrank'], ['subtalar_r', 'RightShrank'], ['mtp_r', 'RightFOOT'], ['hip_l', 'LeftLeg'], ['knee_l', 'LeftLeg'], ['ankle_l', 'LeftShrank'], ['subtalar_l', 'LeftShrank'], ['mtp_l', 'LeftFOOT'], ['C7_cerv6', 'HEAD'], ['C7_cerv5', 'HEAD'], ['C7_cerv4', 'HEAD'], ['C7_cerv3', 'HEAD'], ['C7_cerv2', 'HEAD'], ['C7_cerv1', 'HEAD'], ['skull_jaw', 'HEAD'], ['C7_skull', 'HEAD'], ['sternoclavicular', 'RightArm'], ['acromioclavicular', 'RightArm'], ['shoulder2', 'RightArm'], ['elbow', 'RightArm'], ['radioulnar', 'RightForearm'], ['sternoclavicular_l', 'LeftArm'], ['acromioclavicular_l', 'LeftArm'], ['shoulder2_l', 'LeftArm'], ['elbow_l', 'LeftArm'], ['radioulnar_l', 'LeftForearm'], ['T1_rib', 'Torso'], ['radiocarpal', 'RightForearm'], ['radiocarpal_l', 'LeftForearm']]
  LEAFJOINTS: ['radiocarpal', 'radiocarpal_l']
  MARKER: ['ROOT', 'LHIPJ', 'RHIPJ', 'Spine1', 'LKJC', 'RKJC', 'Spine2', 'LAJC', 'RAJC', 'Spine3', 'LFOOT', 'RFOOT', 'NECK', 'LCOL', 'RCOL', 'HEAD', 'LSHOULDER', 'RSHOULDER', 'LELC', 'RELC', 'LWRIST', 'RWRIST', 'LPSI', 'RPSI', 'RASI', 'LASI', 'T12', 'T10', 'T8', 'T1', 'C7', 'RKNE', 'RKNI', 'LKNE', 'LKNI', 'LANK', 'RANK', 'LANI', 'RANI', 'LHEE', 'RHEE', 'RTOE', 'LTOE', 'RMT1', 'LMT1', 'RMT5', 'LMT5', 'LSHO', 'RSHO', 'STRN', 'CLAV', 'RCLAV', 'LCLAV', 'LELB', 'RELB', 'LELBIN', 'RELBIN', 'LIWR', 'RIWR', 'LOWR', 'ROWR', 'LFHD', 'RFHD', 'LBHD', 'RBHD']
  MIRROR_BONES: [0, 1, 2, 3, 4, 5, 6, 7, 8, 9, 10, 11, 12, 13, 14, 15, 16, 17, 18, 24, 25, 26, 27, 28, 19, 20, 21, 22, 23, 29, 30, 31, 32, 33, 34, 35, 36, 37, 43, 44, 45, 46, 47, 38, 39, 40, 41, 42]
  NUM_JOINTS: 50
  NUM_MARKERS: 65
  NUM_SMPL_JOINTS: 22
  POS_NAME: ['ground_pelvis', 'L5_S1_IVDjnt', 'L4_L5_IVDjnt', 'L3_L4_IVDjnt', 'L2_L3_IVDjnt', 'L1_L2_IVDjnt', 'T12_L1_IVDjnt', 'T11_T12_IVDjnt', 'T10_T11_IVDjnt', 'T9_T10_IVDjnt', 'T8_T9_IVDjnt', 'T7_T8_IVDjnt', 'T6_T7_IVDjnt', 'T5_T6_IVDjnt', 'T4_T5_IVDjnt', 'T3_T4_IVDjnt', 'T2_T3_IVDjnt', 'T1_T2_IVDjnt', 'T1_head_neck', 'hip_r', 'knee_r', 'ankle_r', 'subtalar_r', 'mtp_r', 'hip_l', 'knee_l', 'ankle_l', 'subtalar_l', 'mtp_l', 'C7_cerv6', 'C7_cerv5', 'C7_cerv4', 'C7_cerv3', 'C7_cerv2', 'C7_cerv1', 'skull_jaw', 'C7_skull', 'sternoclavicular', 'acromioclavicular', 'shoulder2', 'elbow', 'radioulnar', 'sternoclavicular_l', 'acromioclavicular_l', 'shoulder2_l', 'elbow_l', 'radioulnar_l', 'T1_rib', 'radiocarpal', 'radiocarpal_l', 'ROOT', 'LHIPJ', 'RHIPJ', 'Spine1', 'LKJC', 'RKJC', 'Spine2', 'LAJC', 'RAJC', 'Spine3', 'LFOOT', 'RFOOT', 'NECK', 'LCOL', 'RCOL', 'HEAD', 'LSHOULDER', 'RSHOULDER', 'LELC', 'RELC', 'LWRIST', 'RWRIST', 'LPSI', 'RPSI', 'RASI', 'LASI', 'T12', 'T10', 'T8', 'T1', 'C7', 'RKNE', 'RKNI', 'LKNE', 'LKNI', 'LANK', 'RANK', 'LANI', 'RANI', 'LHEE', 'RHEE', 'RTOE', 'LTOE', 'RMT1', 'LMT1', 'RMT5', 'LMT5', 'LSHO', 'RSHO', 'STRN', 'CLAV', 'RCLAV', 'LCLAV', 'LELB', 'RELB', 'LELBIN', 'RELBIN', 'LIWR', 'RIWR', 'LOWR', 'ROWR', 'LFHD', 'RFHD', 'LBHD', 'RBHD']
PROGRESSBAR: False
RESNETPATH: None
SEED: 100
STARTMODELPATH: None
TESTMODE: False
TEST_SUBJECTS: [2, 29, 19, 21, 51, 26, 7, 72, 77, 17, 65, 80, 6, 76, 10, 73, 13, 38]
TRAINING:
  AMSGRAD: False
  AWARED_OCCLUSION:
    GT: False
    USE: False
  BATCHSIZE: 128
  COORDINATE_MAX_WEIGHT: 2
  END_LR: [5e-06]
  END_MOMENTUM: 0.001
  EPOCH: [50]
  EVALUATION_BATCHSIZE: 128
  INITIAL_MOMENTUM: 0.1
  LOSS2D: False
  LOSSTYPE: 1
  MARKER_PREDICTION: True
  MARKER_TYPE: [10, 10, 10, 1, 1, 1, 1, 1, 1, 1, 20, 20, 10, 1, 1, 10, 0, 0, 1, 1, 1, 1, 20, 20, 20, 20, 10, 20, 10, 10, 20, 20, 20, 20, 20, 20, 20, 20, 20, 20, 20, 10, 10, 1, 1, 1, 1, 20, 20, 20, 20, 1, 1, 20, 20, 20, 20, 20, 20, 20, 20, 10, 10, 10, 10]
  MARKER_WEIGHT: [1.0, 1.0, 1.0, 0.1, 0.1, 0.1, 0.1, 0.1, 0.1, 0.1, 2.0, 2.0, 1.0, 0.1, 0.1, 1.0, 0.0, 0.0, 0.1, 0.1, 0.1, 0.1, 2.0, 2.0, 2.0, 2.0, 1.0, 2.0, 1.0, 1.0, 2.0, 2.0, 2.0, 2.0, 2.0, 2.0, 2.0, 2.0, 2.0, 2.0, 2.0, 1.0, 1.0, 0.1, 0.1, 0.1, 0.1, 2.0, 2.0, 2.0, 2.0, 0.1, 0.1, 2.0, 2.0, 2.0, 2.0, 2.0, 2.0, 2.0, 2.0, 1.0, 1.0, 1.0, 1.0]
  PCA: False
  PCA_COMPONENTS: 51
  START_LR: [0.001]
  TRAINING_STEPS: 1
  USE_BODY_WEIGHTS: False
  USE_OS_SIMULATION: False
  VALID_BATCHSIZE: 64
TRAINING_SUBJECTS: [78, 59, 79, 44, 56, 88, 75, 61, 53, 47, 40, 41, 32, 70, 28, 39, 69, 11, 3, 90, 71, 54, 20, 85, 37, 34, 33, 46, 67, 63, 55, 36, 42, 50, 24, 35, 84, 45, 60, 16, 74, 82, 27, 89, 57, 5, 49, 22, 4, 66, 31, 83, 43, 48, 52, 68, 25, 9, 18, 1, 81, 58, 23, 62, 64, 8, 87]
TRANSFORMER:
  BATCHNORM: False
  DROPOUT: False
  D_CHANNEL: 512
  D_MODEL: 512
  N1: 3
  N_HEADS: 8
  POS_ENCODNIG_EVERY_BLOCK: False
  STRIDES: [3, 9, 9]
VALID_SUBJECTS: [14, 86, 15, 30]
VALID_WORKERS: 16
WORKERS: 16
83696 training data, 21822 valid data, 100839 test data
Use Transformer, Receptive Field : 243
LR starts from 0.001, LR decay rate : 0.9013257213104922
Evaluation : False
Train , Epoch 0 : : total loss : 1.6140081877000116   marker : 0.5381416983754127   pose : 0.16504913477218536   angle : 0.11413954079698822   body : 0.016850020033328767   inter pose : 0.15394824195601856   inter marker : 0.49910714638178416   inter angle : 0.11050948996958287   inter body : 0.016262913044330994   
Evaluation : True
Valid, Epoch 0 : : total loss : 1.4965855330379032   marker : 0.46046522703564974   pose : 0.1706271129178472   angle : 0.12706087284789122   body : 0.022213891532329118   inter pose : 0.15677571539240354   inter marker : 0.4179723208377346   inter angle : 0.12013956582925353   inter body : 0.021330823509145336   
Current LR:  [0.0009013257213104922]
Best Loss : 0.46046522703564974
Evaluation : False
Train , Epoch 1 : : total loss : 1.5762463919419059   marker : 0.5287211522756637   pose : 0.16206719433092961   angle : 0.11044207780092817   body : 0.016427189348462348   inter pose : 0.150240830221366   inter marker : 0.4869879316224804   inter angle : 0.10541246466304405   inter body : 0.015947547948036406   
Evaluation : True
Valid, Epoch 1 : : total loss : 1.4914498670478535   marker : 0.4552143027174758   pose : 0.16844023614589218   angle : 0.12823758165948432   body : 0.02211058982711546   inter pose : 0.15728113083362624   inter marker : 0.41974683332788487   inter angle : 0.11898294485912195   inter body : 0.02143624645358493   
Current LR:  [0.000812388055895879]
Best Loss : 0.4552143027174758
Evaluation : False
Train , Epoch 2 : : total loss : 1.5742614334976874   marker : 0.5281911491891327   pose : 0.1618933254827219   angle : 0.1100138642726777   body : 0.016376494434284215   inter pose : 0.15013351201280883   inter marker : 0.48663264992226135   inter angle : 0.10509436607223922   inter body : 0.015926073165539123   
Evaluation : True
Valid, Epoch 2 : : total loss : 1.4913944625120292   marker : 0.45540513267723365   pose : 0.16751126270226013   angle : 0.12805287923857442   body : 0.022171043549916034   inter pose : 0.1573355243138504   inter marker : 0.42092889302068165   inter angle : 0.1185713514880926   inter body : 0.021418370402773758   
Current LR:  [0.0007322262504643815]
Evaluation : False
Train , Epoch 3 : : total loss : 1.5722854979005378   marker : 0.5275230779216994   pose : 0.16164713559435484   angle : 0.10961392931469002   body : 0.01630896456385599   inter pose : 0.1500187396638061   inter marker : 0.4864189240048892   inter angle : 0.10485275382971873   inter body : 0.015901974032976725   
Evaluation : True
Valid, Epoch 3 : : total loss : 1.488506361889955   marker : 0.45497541949419257   pose : 0.1672271365872903   angle : 0.12568295134183477   body : 0.022251758257722826   inter pose : 0.15754754466169663   inter marker : 0.42103435781019305   inter angle : 0.11837624445941357   inter body : 0.021410951927070734   
Current LR:  [0.0006599743533622857]
Best Loss : 0.45497541949419257
Evaluation : False
Train , Epoch 4 : : total loss : 1.5709066900323398   marker : 0.5271448185396413   pose : 0.16151033115971145   angle : 0.10936518753971476   body : 0.016285771228783802   inter pose : 0.14994724464544293   inter marker : 0.4861790663341651   inter angle : 0.1045937261460021   inter body : 0.015880545395872858   
Evaluation : True
Valid, Epoch 4 : : total loss : 1.4857855373687088   marker : 0.4540471882925452   pose : 0.167912362465532   angle : 0.1258222698870353   body : 0.021829477180078546   inter pose : 0.15626896589095798   inter marker : 0.4194195396619826   inter angle : 0.11939470327235899   inter body : 0.021091039983132137   
Current LR:  [0.0005948518600906879]
Best Loss : 0.4540471882925452
Evaluation : False
Train , Epoch 5 : : total loss : 1.5703733056829314   marker : 0.5269359745895333   pose : 0.1614339604038192   angle : 0.10924285902409239   body : 0.016270289859330853   inter pose : 0.14990765805631465   inter marker : 0.48607976298784955   inter angle : 0.10462346417432905   inter body : 0.015879335884535387   
Evaluation : True
Valid, Epoch 5 : : total loss : 1.4838564231801936   marker : 0.4534239231005083   pose : 0.16665846669327578   angle : 0.12638593421455657   body : 0.021825470847679686   inter pose : 0.15669626097512632   inter marker : 0.4186376564313266   inter angle : 0.11914819388852396   inter body : 0.021080517105675566   
Current LR:  [0.0005361552818691272]
Best Loss : 0.4534239231005083
Evaluation : False
Train , Epoch 6 : : total loss : 1.5700227891139196   marker : 0.526879000581607   pose : 0.161403977031182   angle : 0.10923932735761128   body : 0.016255639161155837   inter pose : 0.1498755486325502   inter marker : 0.4859627953075888   inter angle : 0.10453579732278222   inter body : 0.015870699085648903   
Evaluation : True
Valid, Epoch 6 : : total loss : 1.488168511029267   marker : 0.4542685216708424   pose : 0.16796503931450565   angle : 0.1258105618981456   body : 0.022480799623899657   inter pose : 0.15682124156320842   inter marker : 0.42018151556404315   inter angle : 0.11885803255607878   inter body : 0.021782793922020507   
Current LR:  [0.0004832505461651213]
Evaluation : False
Train , Epoch 7 : : total loss : 1.569406464125442   marker : 0.5266927953518551   pose : 0.16135121553360413   angle : 0.10907370520678633   body : 0.016248282008044204   inter pose : 0.14983680431273227   inter marker : 0.4858832225591446   inter angle : 0.104450930634465   inter body : 0.015869508122320745   
Evaluation : True
Valid, Epoch 7 : : total loss : 1.489735894652884   marker : 0.4539293391098625   pose : 0.16815454478487174   angle : 0.1259078978618139   body : 0.02235996618289229   inter pose : 0.15712321155307907   inter marker : 0.42091459655901564   inter angle : 0.11977805357981904   inter body : 0.021568286174181217   
Current LR:  [0.0004355661470959672]
Evaluation : False
Train , Epoch 8 : : total loss : 1.5691840132016683   marker : 0.5265939451103736   pose : 0.16131587424650673   angle : 0.10906340840171344   body : 0.01623646638985113   inter pose : 0.1498257254477117   inter marker : 0.48584459432233895   inter angle : 0.10443983677700504   inter body : 0.01586416006590287   
Evaluation : True
Valid, Epoch 8 : : total loss : 1.4849929959906654   marker : 0.45371591342313844   pose : 0.16719143826150182   angle : 0.12616653375081077   body : 0.022187228584560507   inter pose : 0.15665778693352203   inter marker : 0.4190212639931109   inter angle : 0.11878449970812094   inter body : 0.021268338874568315   
Current LR:  [0.00039258697170970456]
Evaluation : False
Train , Epoch 9 : : total loss : 1.5688818300664882   marker : 0.5265401536527491   pose : 0.16129140558140567   angle : 0.10898481474855592   body : 0.016234837841830156   inter pose : 0.14980254047314934   inter marker : 0.4857868416203474   inter angle : 0.10438470115705435   inter body : 0.015856530628584976   
Evaluation : True
Valid, Epoch 9 : : total loss : 1.486663983729351   marker : 0.45377948873913393   pose : 0.1675374578483469   angle : 0.1259702838381667   body : 0.022239211428100973   inter pose : 0.15710666856826055   inter marker : 0.4200482326951935   inter angle : 0.11848240123312105   inter body : 0.021500232009705893   
Current LR:  [0.00035384873545335125]
Evaluation : False
Train , Epoch 10 : : total loss : 1.5687620537569475   marker : 0.5264817477185365   pose : 0.1612587567264782   angle : 0.10896144887207113   body : 0.016229400814868865   inter pose : 0.14980634850710858   inter marker : 0.48579375028245114   inter angle : 0.10437323899217989   inter body : 0.015857356735954422   
Evaluation : True
Valid, Epoch 10 : : total loss : 1.4852961743962874   marker : 0.45286372942291253   pose : 0.16662950937912496   angle : 0.12629105694931375   body : 0.022188427522348314   inter pose : 0.1566488451114683   inter marker : 0.41986333568923667   inter angle : 0.1193145082082356   inter body : 0.02149675406147542   
Current LR:  [0.0003189329667172973]
Best Loss : 0.45286372942291253
Evaluation : False
Train , Epoch 11 : : total loss : 1.568716532420966   marker : 0.5264377436539298   pose : 0.16125919538654193   angle : 0.10895182526631889   body : 0.016231038912868336   inter pose : 0.14980804879121357   inter marker : 0.4857951740849803   inter angle : 0.10437603921245835   inter body : 0.015857469742607103   
Evaluation : True
Valid, Epoch 11 : : total loss : 1.4863763280754378   marker : 0.4544518696006458   pose : 0.1670735157024477   angle : 0.12599533618769324   body : 0.022179325733030983   inter pose : 0.15709521075390226   inter marker : 0.41968571941986516   inter angle : 0.11831170924150608   inter body : 0.021583648253924993   
Current LR:  [0.0002874624862761632]
Evaluation : False
Train , Epoch 12 : : total loss : 1.5684653160948119   marker : 0.5264074833433259   pose : 0.1612467758505852   angle : 0.10893215786717023   body : 0.016221950003224073   inter pose : 0.14976912492723596   inter marker : 0.48570137152628   inter angle : 0.1043328800071801   inter body : 0.01585357175115924   
Evaluation : True
Valid, Epoch 12 : : total loss : 1.4851955703652842   marker : 0.45376034130830284   pose : 0.16715584455931856   angle : 0.12662379906208332   body : 0.022082649271731394   inter pose : 0.15717779404629098   inter marker : 0.4189648927596474   inter angle : 0.11801780842366855   inter body : 0.021412444911161753   
Current LR:  [0.00025909733279257026]
Evaluation : False
Train , Epoch 13 : : total loss : 1.568196780101081   marker : 0.5263161436521989   pose : 0.16120566528113658   angle : 0.10889423788050233   body : 0.01622114789345591   inter pose : 0.1497644791650553   inter marker : 0.48565582527135814   inter angle : 0.10428737843292231   inter body : 0.015851906158463606   
Evaluation : True
Valid, Epoch 13 : : total loss : 1.4857543390816133   marker : 0.4546166916355052   pose : 0.16756475171709834   angle : 0.12576645616540638   body : 0.02201603533705742   inter pose : 0.15688163346346615   inter marker : 0.4199013398423683   inter angle : 0.11762086932790912   inter body : 0.021386553994043208   
Current LR:  [0.00023353109036888803]
Evaluation : False
Train , Epoch 14 : : total loss : 1.56819107612826   marker : 0.5262983378370907   pose : 0.16121508842861854   angle : 0.10889020991179334   body : 0.01622071575835507   inter pose : 0.14974727005816163   inter marker : 0.48565005051231674   inter angle : 0.10431936010147858   inter body : 0.01585004013031721   
Evaluation : True
Valid, Epoch 14 : : total loss : 1.4863156865906315   marker : 0.4543536105543585   pose : 0.16712840227713213   angle : 0.12640099597123636   body : 0.022200318575233163   inter pose : 0.15722205520670438   inter marker : 0.41932752210861624   inter angle : 0.11814013953038921   inter body : 0.021542640575162104   
Current LR:  [0.00021048757847516372]
Evaluation : False
Train , Epoch 15 : : total loss : 1.5685053762579038   marker : 0.526273849455905   pose : 0.1611910385249402   angle : 0.10890208791718914   body : 0.016218445506260643   inter pose : 0.1498232438452941   inter marker : 0.4859018460897355   inter angle : 0.10434225667125416   inter body : 0.015852606665645405   
Evaluation : True
Valid, Epoch 15 : : total loss : 1.4872675698068551   marker : 0.4540922792309004   pose : 0.16750614523570792   angle : 0.12633864460720412   body : 0.022238377711478147   inter pose : 0.1568788916607321   inter marker : 0.4202304430508764   inter angle : 0.1184032248288199   inter body : 0.021579561924237333   
Current LR:  [0.00018971786849602577]
Evaluation : False
Train , Epoch 16 : : total loss : 1.4958925336644988   marker : 0.513298248989111   pose : 0.15734980855519337   angle : 0.10938514081068097   body : 0.016090150260770122   inter pose : 0.1362905868801187   inter marker : 0.4420783551235842   inter angle : 0.105914298462101   inter body : 0.015485943393470866   
Evaluation : True
Valid, Epoch 16 : : total loss : 1.4806451808847982   marker : 0.4534392754127601   pose : 0.16700035495878676   angle : 0.126255749017287   body : 0.022218823946425856   inter pose : 0.1554121560764601   inter marker : 0.41630076129652166   inter angle : 0.11863267833617767   inter body : 0.021385373280166587   
Current LR:  [0.00017099759466766953]
Evaluation : False
Train , Epoch 17 : : total loss : 1.3458013320954982   marker : 0.44411005159614647   pose : 0.13542674742011526   angle : 0.1082503236202697   body : 0.01571927373518577   inter pose : 0.12196075310431433   inter marker : 0.3986925851970135   inter angle : 0.10670354758114034   inter body : 0.01493804633423435   
Evaluation : True
Valid, Epoch 17 : : total loss : 1.2146975353214047   marker : 0.3534206065759247   pose : 0.12552863613471638   angle : 0.12198998217687151   body : 0.021665778619844724   inter pose : 0.12222732102201202   inter marker : 0.33008850222819996   inter angle : 0.11923569383482242   inter body : 0.02054101900092492   
Current LR:  [0.0001541245303561964]
Best Loss : 0.3534206065759247
Evaluation : False
Train , Epoch 18 : : total loss : 1.3432890647768427   marker : 0.43903898626885407   pose : 0.13218041645166154   angle : 0.10627906881329842   body : 0.01595033672146191   inter pose : 0.12392146662904512   inter marker : 0.4043230416672518   inter angle : 0.10651060338681179   inter body : 0.015085144122494855   
Evaluation : True
Valid, Epoch 18 : : total loss : 1.273542283031683   marker : 0.38171976876296   pose : 0.13542907728129286   angle : 0.12135703171897946   body : 0.022071398377429444   inter pose : 0.1287376712172904   inter marker : 0.3463999866488742   inter angle : 0.1170748540280272   inter body : 0.020752505540039285   
Current LR:  [0.00013891640349493958]
Evaluation : False
Train , Epoch 19 : : total loss : 1.290027712059605   marker : 0.4115797403578006   pose : 0.121599815728836   angle : 0.10555258712761252   body : 0.015955534134670567   inter pose : 0.12016285539449266   inter marker : 0.3946568486245084   inter angle : 0.10513615276190989   inter body : 0.015384177908381222   
Evaluation : True
Valid, Epoch 19 : : total loss : 1.195303113418368   marker : 0.34258072457756245   pose : 0.1195418111411147   angle : 0.12230883843410835   body : 0.02171576904798229   inter pose : 0.12064997250257409   inter marker : 0.3279126602311301   inter angle : 0.11913604127116321   inter body : 0.021457295901352976   
Current LR:  [0.0001252089275819358]
Best Loss : 0.34258072457756245
Evaluation : False
Train , Epoch 20 : : total loss : 1.2457899539795623   marker : 0.38639275909930604   pose : 0.11366011759132193   angle : 0.10607090557014047   body : 0.01553878299378509   inter pose : 0.11714430179612377   inter marker : 0.3845556065280441   inter angle : 0.10703140706006455   inter body : 0.015396071202870442   
Evaluation : True
Valid, Epoch 20 : : total loss : 1.1769844193625063   marker : 0.3343131857518806   pose : 0.11544872805218072   angle : 0.12220269601664746   body : 0.021338143370326548   inter pose : 0.11897044102722341   inter marker : 0.32273443384793726   inter angle : 0.1207589166169424   inter body : 0.02121787691911717   
Current LR:  [0.00011285402696730145]
Best Loss : 0.3343131857518806
Evaluation : False
Train , Epoch 21 : : total loss : 1.2572651948169398   marker : 0.3917603736449529   pose : 0.1162259951576157   angle : 0.10690788974897054   body : 0.015272730577788437   inter pose : 0.11793876877468176   inter marker : 0.3853048353155028   inter angle : 0.10860489000770253   inter body : 0.015249711652478891   
Evaluation : True
Valid, Epoch 21 : : total loss : 1.2655433715618931   marker : 0.370939973665632   pose : 0.13350383499651758   angle : 0.12461061108812667   body : 0.02132418766193042   inter pose : 0.12908878427805642   inter marker : 0.34282911325307347   inter angle : 0.12233074147763977   inter body : 0.020916113423204218   
Current LR:  [0.00010171823725909672]
Evaluation : False
Train , Epoch 22 : : total loss : 1.26292917611588   marker : 0.39474516344837174   pose : 0.11695889078913567   angle : 0.10634502640727103   body : 0.015280911991312804   inter pose : 0.11869382756729403   inter marker : 0.388050358519985   inter angle : 0.10775855208702877   inter body : 0.015096451235709749   
Evaluation : True
Valid, Epoch 22 : : total loss : 1.1784534658873052   marker : 0.3371451030609184   pose : 0.11758092273309746   angle : 0.12098125855980167   body : 0.021205126550914104   inter pose : 0.11902954348743415   inter marker : 0.3226817153505527   inter angle : 0.11894726770715833   inter body : 0.02088253642404651   
Current LR:  [9.168126356798713e-05]
Evaluation : False
Train , Epoch 23 : : total loss : 1.220768777918852   marker : 0.37256920150556755   pose : 0.10830030322166169   angle : 0.10501676591349962   body : 0.015263778260220157   inter pose : 0.11623066157148224   inter marker : 0.38188778409366403   inter angle : 0.10627958563029492   inter body : 0.015220699933105096   
Evaluation : True
Valid, Epoch 23 : : total loss : 1.1607608171095387   marker : 0.3262148658620285   pose : 0.11325299157502834   angle : 0.11991161465830572   body : 0.021299638387405426   inter pose : 0.1182800983816683   inter marker : 0.3212232905253187   inter angle : 0.11947469199548315   inter body : 0.02110362055648882   
Current LR:  [8.263468101607335e-05]
Best Loss : 0.3262148658620285
Evaluation : False
Train , Epoch 24 : : total loss : 1.1917497250058933   marker : 0.35555295109931395   pose : 0.10239436315403963   angle : 0.10363497262161687   body : 0.015049142830051014   inter pose : 0.11502851672459159   inter marker : 0.37864917347843763   inter angle : 0.10616914956483871   inter body : 0.015271455662789972   
Evaluation : True
Valid, Epoch 24 : : total loss : 1.133663499489701   marker : 0.31208313061002085   pose : 0.10642754689614219   angle : 0.11910909876990805   body : 0.020714261029033437   inter pose : 0.11725976514986723   inter marker : 0.31858727694016614   inter angle : 0.1184446565194349   inter body : 0.021037764268904316   
Current LR:  [7.448076347207475e-05]
Best Loss : 0.31208313061002085
Evaluation : False
Train , Epoch 25 : : total loss : 1.1721854312131452   marker : 0.34657672303193926   pose : 0.09945457057876207   angle : 0.10305457355691316   body : 0.014925938772799227   inter pose : 0.11372723879940112   inter marker : 0.3745063882874493   inter angle : 0.10466754045137767   inter body : 0.015272457098408644   
Evaluation : True
Valid, Epoch 25 : : total loss : 1.113915378828226   marker : 0.30455679872079466   pose : 0.103395745511912   angle : 0.11840217468140052   body : 0.020707452480760877   inter pose : 0.11512938280851154   inter marker : 0.3128395644327688   inter angle : 0.11775401914472618   inter body : 0.021130237769669765   
Current LR:  [6.713142786022393e-05]
Best Loss : 0.30455679872079466
Evaluation : False
Train , Epoch 26 : : total loss : 1.167099215535256   marker : 0.34298066870176774   pose : 0.09807043786162074   angle : 0.10238486869548766   body : 0.014948349357632547   inter pose : 0.11400131284505996   inter marker : 0.37456023154543516   inter angle : 0.10485856554500907   inter body : 0.015294780267279874   
Evaluation : True
Valid, Epoch 26 : : total loss : 1.1181367729577887   marker : 0.3035489826938341   pose : 0.10262635149469342   angle : 0.11747764629881101   body : 0.02063549254862922   inter pose : 0.1170278470005542   inter marker : 0.31784261620106985   inter angle : 0.11823051800245807   inter body : 0.02074731141943377   
Current LR:  [6.05072826387196e-05]
Best Loss : 0.3035489826938341
Evaluation : False
Train , Epoch 27 : : total loss : 1.1926469264315245   marker : 0.35539456325687274   pose : 0.1033118395491362   angle : 0.10363141103871566   body : 0.014933602947165553   inter pose : 0.11540215942797581   inter marker : 0.3783290859477261   inter angle : 0.10648428341787405   inter body : 0.015159978363006896   
Evaluation : True
Valid, Epoch 27 : : total loss : 1.1426799551462365   marker : 0.3169942224247516   pose : 0.10864237774938178   angle : 0.1197571074882859   body : 0.020562559248775928   inter pose : 0.11757778052874637   inter marker : 0.31940012298925213   inter angle : 0.11888039548022752   inter body : 0.020865388002221694   
Current LR:  [5.453677016888176e-05]
Evaluation : False
Train , Epoch 28 : : total loss : 1.1642116653243761   marker : 0.345200502626016   pose : 0.09940170956515974   angle : 0.10219960741892709   body : 0.014987312439846226   inter pose : 0.11270452108217052   inter marker : 0.37041412798222867   inter angle : 0.10405716998288679   inter body : 0.015246716600373546   
Evaluation : True
Valid, Epoch 28 : : total loss : 1.1186261604035679   marker : 0.30773641916519234   pose : 0.1047996560415681   angle : 0.11816798774254944   body : 0.020606115254174995   inter pose : 0.11546668981437275   inter marker : 0.31382881418374464   inter angle : 0.11706782940950307   inter body : 0.0209526471536217   
Current LR:  [4.915539371041189e-05]
Evaluation : False
Train , Epoch 29 : : total loss : 1.1399786260555202   marker : 0.33686653984451004   pose : 0.09624383225466537   angle : 0.10152389192426003   body : 0.014943245152271085   inter pose : 0.10978862886270009   inter marker : 0.36160394485475095   inter angle : 0.10387240885364699   inter body : 0.015136134077667916   
Evaluation : True
Valid, Epoch 29 : : total loss : 1.0933002877132711   marker : 0.2978807100945089   pose : 0.10034852346483744   angle : 0.1172458397873424   body : 0.020719405793212815   inter pose : 0.11211606551785591   inter marker : 0.3064691074914297   inter angle : 0.11771082869372308   inter body : 0.020809809252143114   
Current LR:  [4.430502069233822e-05]
Best Loss : 0.2978807100945089
Evaluation : False
Train , Epoch 30 : : total loss : 1.1233136807247472   marker : 0.33126695985815974   pose : 0.09433762714335235   angle : 0.10129799927723171   body : 0.014901547135063553   inter pose : 0.1075975316224383   inter marker : 0.3546916407520154   inter angle : 0.10419319557513797   inter body : 0.01502718211966032   
Evaluation : True
Valid, Epoch 30 : : total loss : 1.0880495088367674   marker : 0.29721645263973945   pose : 0.10040348929386944   angle : 0.11765537580116545   body : 0.020497673624825515   inter pose : 0.11080376180432563   inter marker : 0.3027902464525322   inter angle : 0.11799205617980706   inter body : 0.02069044864294608   
Current LR:  [3.993325473319803e-05]
Best Loss : 0.29721645263973945
Evaluation : False
Train , Epoch 31 : : total loss : 1.112310097739671   marker : 0.32941926680334127   pose : 0.09365892242554684   angle : 0.10117697239971818   body : 0.014857205732013877   inter pose : 0.10560532759698207   inter marker : 0.34831705150889036   inter angle : 0.10428406551457474   inter body : 0.014991285714390724   
Evaluation : True
Valid, Epoch 31 : : total loss : 1.0858936000401285   marker : 0.29870342327709126   pose : 0.1006480094744298   angle : 0.11702069866046516   body : 0.020472921057545442   inter pose : 0.1104320882603727   inter marker : 0.30087498558309445   inter angle : 0.11717509128642928   inter body : 0.020566384576656414   
Current LR:  [3.5992869626675335e-05]
Evaluation : False
Train , Epoch 32 : : total loss : 1.10684041553398   marker : 0.3279969629704678   pose : 0.09341953958386119   angle : 0.10131925325070552   body : 0.014833841092063036   inter pose : 0.10460095755630394   inter marker : 0.3450917205438132   inter angle : 0.10465435893667055   inter body : 0.014923779748859394   
Evaluation : True
Valid, Epoch 32 : : total loss : 1.0889506416506098   marker : 0.299683562383546   pose : 0.10176042257925513   angle : 0.11796500660761086   body : 0.020473337268514687   inter pose : 0.1098981185724641   inter marker : 0.3003241665126663   inter angle : 0.11830398888037738   inter body : 0.02054203891172908   
Current LR:  [3.244129917829765e-05]
Evaluation : False
Train , Epoch 33 : : total loss : 1.1002871374988994   marker : 0.32555959965879666   pose : 0.0926406722042316   angle : 0.10126536426235669   body : 0.014808733011973853   inter pose : 0.10379311046456122   inter marker : 0.3426436215045806   inter angle : 0.10467523393459378   inter body : 0.014900801964332371   
Evaluation : True
Valid, Epoch 33 : : total loss : 1.0737611415591384   marker : 0.2921723100160353   pose : 0.09865517441899298   angle : 0.11677850036788912   body : 0.02047104942471939   inter pose : 0.109160519795614   inter marker : 0.2984073102425047   inter angle : 0.11750931899758003   inter body : 0.02060695560810361   
Current LR:  [2.9240177382128606e-05]
Best Loss : 0.2921723100160353
Evaluation : False
Train , Epoch 34 : : total loss : 1.097718686823823   marker : 0.3251966979656979   pose : 0.09235637639556508   angle : 0.10091765982542432   body : 0.014806866339175388   inter pose : 0.103369037644969   inter marker : 0.34141811011943846   inter angle : 0.1047615893470383   inter body : 0.014892346304121097   
Evaluation : True
Valid, Epoch 34 : : total loss : 1.0804752863444413   marker : 0.29603645631323244   pose : 0.09988972048374442   angle : 0.11630610547377333   body : 0.020550517859549387   inter pose : 0.10974171176728947   inter marker : 0.29941882235834966   inter angle : 0.11798545049272813   inter body : 0.02054650361701162   
Current LR:  [2.6354923970193805e-05]
Evaluation : False
Train , Epoch 35 : : total loss : 1.1005391643752   marker : 0.32546441314048824   pose : 0.09247254758251754   angle : 0.10087525207908742   body : 0.014790927989844797   inter pose : 0.10397267445442687   inter marker : 0.34302310232546573   inter angle : 0.1050837207442951   inter body : 0.014856524610033353   
Evaluation : True
Valid, Epoch 35 : : total loss : 1.0648548179362851   marker : 0.28815262224352794   pose : 0.0969989187458938   angle : 0.1161434728429971   body : 0.020464069617569212   inter pose : 0.10851448334582117   inter marker : 0.29639092764313835   inter angle : 0.11792447553656844   inter body : 0.02026584382542724   
Current LR:  [2.375437085751811e-05]
Best Loss : 0.28815262224352794
Evaluation : False
Train , Epoch 36 : : total loss : 1.090854590556158   marker : 0.32160030878156104   pose : 0.09106625221772362   angle : 0.10054273084148331   body : 0.014762121881679226   inter pose : 0.10302751381263982   inter marker : 0.3401047621624028   inter angle : 0.10492707191072233   inter body : 0.01482382886522488   
Evaluation : True
Valid, Epoch 36 : : total loss : 1.0648429105987842   marker : 0.28834124898923635   pose : 0.0965483916056013   angle : 0.11626875038905647   body : 0.020538848372496036   inter pose : 0.10834985950145873   inter marker : 0.29641922776022334   inter angle : 0.11777663285524027   inter body : 0.020599951578884425   
Current LR:  [2.1410425447429443e-05]
Evaluation : False
Train , Epoch 37 : : total loss : 1.0879633209424215   marker : 0.3201008030137826   pose : 0.0905100161959895   angle : 0.10044587121714495   body : 0.014745576407013041   inter pose : 0.10283712966290587   inter marker : 0.339572715677127   inter angle : 0.10494142981847979   inter body : 0.01480977699605557   
Evaluation : True
Valid, Epoch 37 : : total loss : 1.0629000392365267   marker : 0.28789251563682555   pose : 0.09719120928439459   angle : 0.11593410088395167   body : 0.020374669424281986   inter pose : 0.10805284752984301   inter marker : 0.2956782933520895   inter angle : 0.11741884944965766   inter body : 0.02035755463147314   
Current LR:  [1.929776715996886e-05]
Best Loss : 0.28789251563682555
Evaluation : False
Train , Epoch 38 : : total loss : 1.0855007626196145   marker : 0.31912491072374316   pose : 0.09015739832364399   angle : 0.10018134509622595   body : 0.01472068296896599   inter pose : 0.10265206466863933   inter marker : 0.33912104829164597   inter angle : 0.10473389480873417   inter body : 0.014809418723534844   
Evaluation : True
Valid, Epoch 38 : : total loss : 1.0617570336039175   marker : 0.28668818536310386   pose : 0.09677833857888994   angle : 0.11519172106181633   body : 0.02051881746983137   inter pose : 0.10830923407688094   inter marker : 0.2962639691270072   inter angle : 0.11751063426576017   inter body : 0.02049613431616409   
Current LR:  [1.739357390514086e-05]
Best Loss : 0.28668818536310386
Evaluation : False
Train , Epoch 39 : : total loss : 1.0833443455272576   marker : 0.31888926115919586   pose : 0.08996285653315131   angle : 0.09974271432135773   body : 0.014714600013463457   inter pose : 0.10228449781674886   inter marker : 0.33833178750041065   inter angle : 0.1046244016239508   inter body : 0.014794225691836242   
Evaluation : True
srun: Job step aborted: Waiting up to 32 seconds for job step to finish.
slurmstepd: error: *** JOB 6589474 ON insy15 CANCELLED AT 2021-08-04T10:33:07 ***
slurmstepd: error: *** STEP 6589474.0 ON insy15 CANCELLED AT 2021-08-04T10:33:07 ***
