/home/nfs/weitseyang/.bashrc: line 20: dirname: command not found
/home/nfs/weitseyang/.bashrc: line 21: dirname: command not found
              total        used        free      shared  buff/cache   available
Mem:         191725        6821      180166         244        4737      183925
Swap:         51637           0       51637
Sun Jul 25 01:31:08 2021       
+-----------------------------------------------------------------------------+
| NVIDIA-SMI 470.57.02    Driver Version: 470.57.02    CUDA Version: 11.4     |
|-------------------------------+----------------------+----------------------+
| GPU  Name        Persistence-M| Bus-Id        Disp.A | Volatile Uncorr. ECC |
| Fan  Temp  Perf  Pwr:Usage/Cap|         Memory-Usage | GPU-Util  Compute M. |
|                               |                      |               MIG M. |
|===============================+======================+======================|
|   0  NVIDIA GeForce ...  On   | 00000000:3B:00.0 Off |                  N/A |
| 30%   30C    P8    27W / 250W |      1MiB / 11019MiB |      0%      Default |
|                               |                      |                  N/A |
+-------------------------------+----------------------+----------------------+
                                                                               
+-----------------------------------------------------------------------------+
| Processes:                                                                  |
|  GPU   GI   CI        PID   Type   Process name                  GPU Memory |
|        ID   ID                                                   Usage      |
|=============================================================================|
|  No running processes found                                                 |
+-----------------------------------------------------------------------------+
BML_FOLDER: /tudelft.net/staff-bulk/ewi/insy/VisionLab/students/wyang/dataset/HDF5/BML/
DATASET:
  ANTIALIAS:
    TEST: 1
    TRAIN: 1
  BBOX:
    PARTIAL_VISUALBILITY: False
  COLOR:
    AUG: True
  DATASETPERIMG: 2000
  GEOM:
    AUG: True
    HFLIP: False
    ROT: 20
    SCALE_DOWN: 25
    SCALE_UP: 25
    SHIFT_AUG: 10
  INTERPOLATION:
    TEST: nearest
    TRAIN: nearest
  OCCLUSION:
    PROB: 0.7
    SCALE: 0.8
  TRAINING_USEDEACHFRAME: 2
  USEDEACHFRAME: 1
EVAL_WORKERS: 16
HYP:
  ANGLE: 0.015
  BODY: 0.1
  INTERMEDIATE_MARKER: 1.5
  INTERMEDIATE_POS: 1.5
  MARKER: 2.0
  POS: 1.0
  ROTMAT: 0.1
  SY_BODY: 0.05
LAYER:
  OS_TRANSIT:
    ACT_TYPE: 1
    BN: False
LOSS:
  ANGLE:
    BETA: 5
    EVAL_TYPE: 1
    H: 0.1
    MASKMINVALUE: 0
    TYPE: 3
    USE: True
    USEMASK: True
  BODY:
    BETA: 0.05
    EVAL_TYPE: 1
    H: 0.1
    TYPE: 3
    USE: True
  MARKER:
    BETA: 0.02
    TYPE: 3
    USE: True
  POS:
    BETA: 0.02
    TYPE: 3
    USE: True
  ROTMAT:
    BETA: 0.02
    EVAL_TYPE: 1
    TYPE: 1
    USE: False
  SY_BODY:
    EVAL_TYPE: 1
    TYPE: 1
    USE: False
MODEL:
  CONV_CHANNEL_SIZE: [2048]
  CONV_LAYER: 1
  FULLCONV: True
  IMGSIZE: (256, 256)
  INTERMEDIATE_POSE_ESTIMATION: False
  METRIC_SCALE:
    BBOX_SIZE: 2.2
    DEPTH: 8
    EVAL_STRIDING: 4
    STRIDING: 32
  NUMPRED: 115
  NUM_PRED: 115
  RESNET:
    CENTER_STRIDING: True
    NEXT: True
    PRETRAINED: True
MODEL_FOLDER: /tudelft.net/staff-bulk/ewi/insy/VisionLab/students/wyang/dataset/models/
PASCAL_PATH: /tudelft.net/staff-bulk/ewi/insy/VisionLab/students/wyang/dataset/HDF5/PASCAL/pascal.hdf5
PCA_PATH: None
POSTFIX: OS_MARKER20_BETA002
PREDICTION:
  BODY: ['pelvis', 'lumbar5', 'lumbar4', 'lumbar3', 'lumbar2', 'lumbar1', 'thoracic12', 'thoracic11', 'thoracic10', 'thoracic9', 'thoracic8', 'thoracic7', 'thoracic6', 'thoracic5', 'thoracic4', 'thoracic3', 'thoracic2', 'thoracic1', 'head_neck', 'femur_r', 'tibia_r', 'talus_r', 'calcn_r', 'toes_r', 'femur_l', 'tibia_l', 'talus_l', 'calcn_l', 'toes_l', 'cerv6', 'cerv5', 'cerv4', 'cerv3', 'cerv2', 'cerv1', 'jaw', 'skull', 'thorax', 'clavicle', 'scapula', 'humerus', 'ulna', 'radius', 'clavicle_l', 'scapula_l', 'humerus_l', 'ulna_l', 'radius_l']
  BODY_AMPITUDE_VALUE: [0.38330534, 0.11688988, 0.27979052, 0.18767838, 0.12217734, 0.17559392, 0.25814359, 0.19320878, 0.09488225, 0.23721306, 0.3308586, 0.22396367, 0.08659548, 1e-06, 0.1634575, 0.18397586, 0.23942574, 0.23136499, 0.14410597, 0.14576365, 0.17185328, 0.18178275, 0.15676707, 0.19965802, 0.12167494, 0.14225374, 0.19253547, 0.08705724, 0.13519439, 0.09673029, 0.16227082, 0.25709417, 0.27539152, 0.21485549, 0.11401759, 0.22396367, 0.21485549, 0.1838405, 0.18214334, 0.43287996, 0.43287996, 0.13003099, 0.13036308, 0.2175328, 0.20085876, 0.30206298, 0.3034652, 0.2025831, 0.20302752, 0.1691131, 0.22653959]
  BODY_AVG_VALUE: [1.21267658, 1.19278473, 1.09221309, 0.82231784, 0.65399921, 0.86740023, 1.23414558, 1.13399419, 1.00263798, 1.01988775, 1.04674897, 0.92795962, 0.80902216, 0.94262153, 0.96230629, 0.95413619, 1.04046246, 1.03910667, 0.68939832, 0.71175453, 0.74281865, 0.76454479, 0.9076589, 1.02388528, 0.64942223, 0.89473501, 0.89226717, 0.61283192, 0.7215803, 0.68092433, 1.08504841, 1.17846495, 1.14104316, 1.14461103, 0.74801221, 0.92795962, 1.14461103, 0.89621243, 0.8843008, 1.13165459, 1.13165459, 0.73835266, 0.74087435, 1.07924646, 1.08077973, 1.01209745, 0.99989337, 1.0244289, 1.03203484, 0.82801554, 0.7559647]
  BODY_SCALE_MAPPING: [[0, 1, 2], [10, 3, 9], [10, 3, 9], [10, 3, 9], [10, 3, 9], [10, 3, 9], [10, 3, 9], [10, 4, 9], [10, 4, 9], [10, 5, 9], [10, 5, 9], [10, 6, 9], [10, 6, 9], [10, 6, 9], [10, 6, 9], [10, 6, 9], [10, 6, 9], [10, 6, 9], [11, 7, 9], [16, 14, 16], [20, 18, 20], [20, 18, 20], [22, 23, 24], [28, 30, 30], [17, 15, 17], [21, 19, 21], [21, 19, 21], [25, 26, 27], [29, 31, 31], [11, 7, 9], [11, 7, 9], [11, 7, 9], [11, 7, 9], [11, 7, 9], [11, 7, 9], [12, 8, 13], [12, 8, 13], [32, 33, 34], [37, 35, 41], [39, 36, 41], [45, 43, 45], [49, 47, 49], [49, 47, 49], [38, 35, 42], [40, 36, 42], [46, 44, 46], [50, 48, 50], [50, 48, 50]]
  BODY_SCALE_UNIQUE_NUMS: 51
  BODY_WEIGHTS: [[2.0, 2.0, 2.0], [1.0, 2.0, 1.0], [1.0, 2.0, 1.0], [1.0, 2.0, 1.0], [1.0, 2.0, 1.0], [1.0, 2.0, 1.0], [1.0, 2.0, 1.0], [1.0, 2.0, 1.0], [1.0, 2.0, 1.0], [1.0, 2.0, 1.0], [1.0, 2.0, 1.0], [1.0, 2.0, 1.0], [1.0, 2.0, 1.0], [1.0, 2.0, 1.0], [1.0, 2.0, 1.0], [1.0, 2.0, 1.0], [1.0, 2.0, 1.0], [1.0, 2.0, 1.0], [1.0, 2.0, 1.0], [1.0, 2.0, 1.0], [1.0, 2.0, 1.0], [1.0, 2.0, 1.0], [2.0, 1.0, 1.0], [2.0, 1.0, 1.0], [1.0, 2.0, 1.0], [1.0, 2.0, 1.0], [1.0, 2.0, 1.0], [2.0, 1.0, 1.0], [2.0, 1.0, 1.0], [1.0, 2.0, 1.0], [1.0, 2.0, 1.0], [1.0, 2.0, 1.0], [1.0, 2.0, 1.0], [1.0, 2.0, 1.0], [1.0, 2.0, 1.0], [1.0, 1.0, 2.0], [1.0, 1.0, 2.0], [2.0, 1.0, 1.0], [1.0, 1.0, 2.0], [1.0, 1.0, 2.0], [1.0, 2.0, 1.0], [1.0, 2.0, 1.0], [1.0, 2.0, 1.0], [1.0, 1.0, 2.0], [1.0, 1.0, 2.0], [1.0, 2.0, 1.0], [1.0, 2.0, 1.0], [1.0, 2.0, 1.0]]
  COORDINATES: ['L5_S1_FE', 'L5_S1_LB', 'L5_S1_AR', 'L4_L5_FE', 'L4_L5_LB', 'L4_L5_AR', 'T12_L1_FE', 'T12_L1_LB', 'T12_L1_AR', 'T11_T12_FE', 'T11_T12_LB', 'T11_T12_AR', 'T10_T11_FE', 'T10_T11_LB', 'T10_T11_AR', 'T9_T10_FE', 'T9_T10_LB', 'T9_T10_AR', 'T8_T9_FE', 'T8_T9_LB', 'T8_T9_AR', 'T1_T2_FE', 'T1_T2_LB', 'T1_T2_AR', 'T1_head_neck_FE', 'T1_head_neck_LB', 'T1_head_neck_AR', 'hip_flexion_r', 'hip_adduction_r', 'hip_rotation_r', 'knee_angle_r', 'knee_angle_y_r', 'knee_angle_x_r', 'ankle_angle_r', 'subtalar_angle_r', 'mtp_angle_r', 'hip_flexion_l', 'hip_adduction_l', 'hip_rotation_l', 'knee_angle_l', 'knee_angle_y_l', 'knee_angle_x_l', 'ankle_angle_l', 'subtalar_angle_l', 'mtp_angle_l', 'skull_z', 'skull_y', 'skull_x', 'sternoclavicular_r2', 'sternoclavicular_r3', 'acromioclavicular_r2', 'elv_angle', 'shoulder_elv', 'shoulder1_r2', 'shoulder_rot', 'elbow_flexion', 'elbow_x', 'pro_sup', 'sternoclavicular_r2_l', 'sternoclavicular_r3_l', 'acromioclavicular_r2_l', 'elv_angle_l', 'shoulder_elv_l', 'shoulder1_r2_l', 'shoulder_rot_l', 'elbow_flexion_l', 'elbow_x_l', 'pro_sup_l', 'ribs_bending']
  JOINTS: ['ground_pelvis', 'L5_S1_IVDjnt', 'L4_L5_IVDjnt', 'L3_L4_IVDjnt', 'L2_L3_IVDjnt', 'L1_L2_IVDjnt', 'T12_L1_IVDjnt', 'T11_T12_IVDjnt', 'T10_T11_IVDjnt', 'T9_T10_IVDjnt', 'T8_T9_IVDjnt', 'T7_T8_IVDjnt', 'T6_T7_IVDjnt', 'T5_T6_IVDjnt', 'T4_T5_IVDjnt', 'T3_T4_IVDjnt', 'T2_T3_IVDjnt', 'T1_T2_IVDjnt', 'T1_head_neck', 'hip_r', 'knee_r', 'ankle_r', 'subtalar_r', 'mtp_r', 'hip_l', 'knee_l', 'ankle_l', 'subtalar_l', 'mtp_l', 'C7_cerv6', 'C7_cerv5', 'C7_cerv4', 'C7_cerv3', 'C7_cerv2', 'C7_cerv1', 'skull_jaw', 'C7_skull', 'sternoclavicular', 'acromioclavicular', 'shoulder2', 'elbow', 'radioulnar', 'sternoclavicular_l', 'acromioclavicular_l', 'shoulder2_l', 'elbow_l', 'radioulnar_l', 'T1_rib']
  Joints_Inside_Cylinder_Body_LIST: [['ROOT', 'Torso'], ['RHIPJ', 'Torso'], ['LHIPJ', 'Torso'], ['Spine1', 'Torso'], ['Spine2', 'Torso'], ['Spine3', 'Torso'], ['LCOL', 'Torso'], ['RCOL', 'Torso'], ['NECK', 'Torso'], ['HEAD', 'HEAD'], ['RKNE', 'RightLeg'], ['RKNI', 'RightLeg'], ['LKNE', 'LeftLeg'], ['LKNI', 'LeftLeg'], ['LANK', 'LeftShrank'], ['RANK', 'RightShrank'], ['LANI', 'LeftShrank'], ['RANI', 'RightShrank'], ['RTOE', 'RightFOOT'], ['LTOE', 'LeftFOOT'], ['RMT1', 'RightFOOT'], ['LMT1', 'LeftFOOT'], ['RMT5', 'RightFOOT'], ['LMT5', 'LeftFOOT'], ['LELB', 'LeftArm'], ['RELB', 'RightArm'], ['LELBIN', 'LeftArm'], ['RELBIN', 'RightArm'], ['LIWR', 'LeftForearm'], ['RIWR', 'RightForearm'], ['LOWR', 'LeftForearm'], ['ROWR', 'RightForearm'], ['ground_pelvis', 'Torso'], ['L5_S1_IVDjnt', 'Torso'], ['L4_L5_IVDjnt', 'Torso'], ['L3_L4_IVDjnt', 'Torso'], ['L2_L3_IVDjnt', 'Torso'], ['L1_L2_IVDjnt', 'Torso'], ['T12_L1_IVDjnt', 'Torso'], ['T11_T12_IVDjnt', 'Torso'], ['T10_T11_IVDjnt', 'Torso'], ['T9_T10_IVDjnt', 'Torso'], ['T8_T9_IVDjnt', 'Torso'], ['T7_T8_IVDjnt', 'Torso'], ['T6_T7_IVDjnt', 'Torso'], ['T5_T6_IVDjnt', 'Torso'], ['T4_T5_IVDjnt', 'Torso'], ['T3_T4_IVDjnt', 'Torso'], ['T2_T3_IVDjnt', 'Torso'], ['T1_T2_IVDjnt', 'Torso'], ['T1_head_neck', 'HEAD'], ['hip_r', 'RightLeg'], ['knee_r', 'RightLeg'], ['ankle_r', 'RightShrank'], ['subtalar_r', 'RightShrank'], ['mtp_r', 'RightFOOT'], ['hip_l', 'LeftLeg'], ['knee_l', 'LeftLeg'], ['ankle_l', 'LeftShrank'], ['subtalar_l', 'LeftShrank'], ['mtp_l', 'LeftFOOT'], ['C7_cerv6', 'HEAD'], ['C7_cerv5', 'HEAD'], ['C7_cerv4', 'HEAD'], ['C7_cerv3', 'HEAD'], ['C7_cerv2', 'HEAD'], ['C7_cerv1', 'HEAD'], ['skull_jaw', 'HEAD'], ['C7_skull', 'HEAD'], ['sternoclavicular', 'RightArm'], ['acromioclavicular', 'RightArm'], ['shoulder2', 'RightArm'], ['elbow', 'RightArm'], ['radioulnar', 'RightForearm'], ['sternoclavicular_l', 'LeftArm'], ['acromioclavicular_l', 'LeftArm'], ['shoulder2_l', 'LeftArm'], ['elbow_l', 'LeftArm'], ['radioulnar_l', 'LeftForearm'], ['T1_rib', 'Torso'], ['radiocarpal', 'RightForearm'], ['radiocarpal_l', 'LeftForearm']]
  LEAFJOINTS: ['radiocarpal', 'radiocarpal_l']
  MARKER: ['ROOT', 'LHIPJ', 'RHIPJ', 'Spine1', 'LKJC', 'RKJC', 'Spine2', 'LAJC', 'RAJC', 'Spine3', 'LFOOT', 'RFOOT', 'NECK', 'LCOL', 'RCOL', 'HEAD', 'LSHOULDER', 'RSHOULDER', 'LELC', 'RELC', 'LWRIST', 'RWRIST', 'LPSI', 'RPSI', 'RASI', 'LASI', 'T12', 'T10', 'T8', 'T1', 'C7', 'RKNE', 'RKNI', 'LKNE', 'LKNI', 'LANK', 'RANK', 'LANI', 'RANI', 'LHEE', 'RHEE', 'RTOE', 'LTOE', 'RMT1', 'LMT1', 'RMT5', 'LMT5', 'LSHO', 'RSHO', 'STRN', 'CLAV', 'RCLAV', 'LCLAV', 'LELB', 'RELB', 'LELBIN', 'RELBIN', 'LIWR', 'RIWR', 'LOWR', 'ROWR', 'LFHD', 'RFHD', 'LBHD', 'RBHD']
  MIRROR_BONES: [0, 1, 2, 3, 4, 5, 6, 7, 8, 9, 10, 11, 12, 13, 14, 15, 16, 17, 18, 24, 25, 26, 27, 28, 19, 20, 21, 22, 23, 29, 30, 31, 32, 33, 34, 35, 36, 37, 43, 44, 45, 46, 47, 38, 39, 40, 41, 42]
  NUM_JOINTS: 50
  NUM_MARKERS: 65
  NUM_SMPL_JOINTS: 22
  POS_NAME: ['ground_pelvis', 'L5_S1_IVDjnt', 'L4_L5_IVDjnt', 'L3_L4_IVDjnt', 'L2_L3_IVDjnt', 'L1_L2_IVDjnt', 'T12_L1_IVDjnt', 'T11_T12_IVDjnt', 'T10_T11_IVDjnt', 'T9_T10_IVDjnt', 'T8_T9_IVDjnt', 'T7_T8_IVDjnt', 'T6_T7_IVDjnt', 'T5_T6_IVDjnt', 'T4_T5_IVDjnt', 'T3_T4_IVDjnt', 'T2_T3_IVDjnt', 'T1_T2_IVDjnt', 'T1_head_neck', 'hip_r', 'knee_r', 'ankle_r', 'subtalar_r', 'mtp_r', 'hip_l', 'knee_l', 'ankle_l', 'subtalar_l', 'mtp_l', 'C7_cerv6', 'C7_cerv5', 'C7_cerv4', 'C7_cerv3', 'C7_cerv2', 'C7_cerv1', 'skull_jaw', 'C7_skull', 'sternoclavicular', 'acromioclavicular', 'shoulder2', 'elbow', 'radioulnar', 'sternoclavicular_l', 'acromioclavicular_l', 'shoulder2_l', 'elbow_l', 'radioulnar_l', 'T1_rib', 'radiocarpal', 'radiocarpal_l', 'ROOT', 'LHIPJ', 'RHIPJ', 'Spine1', 'LKJC', 'RKJC', 'Spine2', 'LAJC', 'RAJC', 'Spine3', 'LFOOT', 'RFOOT', 'NECK', 'LCOL', 'RCOL', 'HEAD', 'LSHOULDER', 'RSHOULDER', 'LELC', 'RELC', 'LWRIST', 'RWRIST', 'LPSI', 'RPSI', 'RASI', 'LASI', 'T12', 'T10', 'T8', 'T1', 'C7', 'RKNE', 'RKNI', 'LKNE', 'LKNI', 'LANK', 'RANK', 'LANI', 'RANI', 'LHEE', 'RHEE', 'RTOE', 'LTOE', 'RMT1', 'LMT1', 'RMT5', 'LMT5', 'LSHO', 'RSHO', 'STRN', 'CLAV', 'RCLAV', 'LCLAV', 'LELB', 'RELB', 'LELBIN', 'RELBIN', 'LIWR', 'RIWR', 'LOWR', 'ROWR', 'LFHD', 'RFHD', 'LBHD', 'RBHD']
PROGRESSBAR: False
RESNETPATH: None
SEED: 100
STARTMODELPATH: None
TESTMODE: False
TEST_SUBJECTS: [2, 29, 19, 21, 51, 26, 7, 72, 77, 17, 65, 80, 6, 76, 10, 73, 13, 38]
TRAINING:
  AWARED_OCCLUSION:
    GT: False
    USE: False
  BATCHSIZE: 64
  COORDINATE_MAX_WEIGHT: 2
  END_LR: [3.33e-05, 1e-06]
  EPOCH: [28, 2]
  EVALUATION_BATCHSIZE: 64
  LOSS2D: False
  LOSSTYPE: 1
  MARKER_PREDICTION: True
  MARKER_TYPE: [10, 10, 10, 1, 1, 1, 1, 1, 1, 1, 20, 20, 10, 1, 1, 10, 0, 0, 1, 1, 1, 1, 20, 20, 20, 20, 10, 20, 10, 10, 20, 20, 20, 20, 20, 20, 20, 20, 20, 20, 20, 10, 10, 1, 1, 1, 1, 20, 20, 20, 20, 1, 1, 20, 20, 20, 20, 20, 20, 20, 20, 10, 10, 10, 10]
  MARKER_WEIGHT: [1.0, 1.0, 1.0, 0.1, 0.1, 0.1, 0.1, 0.1, 0.1, 0.1, 2.0, 2.0, 1.0, 0.1, 0.1, 1.0, 0.0, 0.0, 0.1, 0.1, 0.1, 0.1, 2.0, 2.0, 2.0, 2.0, 1.0, 2.0, 1.0, 1.0, 2.0, 2.0, 2.0, 2.0, 2.0, 2.0, 2.0, 2.0, 2.0, 2.0, 2.0, 1.0, 1.0, 0.1, 0.1, 0.1, 0.1, 2.0, 2.0, 2.0, 2.0, 0.1, 0.1, 2.0, 2.0, 2.0, 2.0, 2.0, 2.0, 2.0, 2.0, 1.0, 1.0, 1.0, 1.0]
  PCA: False
  PCA_COMPONENTS: 51
  START_LR: [0.0005, 3.33e-06]
  TRAINING_STEPS: 2
  USE_BODY_WEIGHTS: False
  USE_OS_SIMULATION: False
  VALID_BATCHSIZE: 64
TRAINING_SUBJECTS: [78, 59, 79, 44, 56, 88, 75, 61, 53, 47, 40, 41, 32, 70, 28, 39, 69, 11, 3, 90, 71, 54, 20, 85, 37, 34, 33, 46, 67, 63, 55, 36, 42, 50, 24, 35, 84, 45, 60, 16, 74, 82, 27, 89, 57, 5, 49, 22, 4, 66, 31, 83, 43, 48, 52, 68, 25, 9, 18, 1, 81, 58, 23, 62, 64, 8, 87]
VALID_SUBJECTS: [14, 86, 15, 30]
VALID_WORKERS: 16
WORKERS: 16
84900 training data, 21822 valid data, 100839 test data
layer3 uses center striding.
Use ResNet50 Next with center striding and Petrained model
Image size : (256, 256)
Training with lr from 0.0005 to 3.33e-05 in 28 epochs.
LR decay rate : 0.904534157262606
Evaluation : False
Train , Epoch 0 : : total loss : 0.5544405471460492   Marker : 0.3805563356362137   Joint : 0.10840613295522211   Angle : 0.052127740364156516   body : 0.0133503384404952   
Evaluation : True
/tudelft.net/staff-bulk/ewi/insy/VisionLab/students/wyang/miniconda/miniconda/lib/python3.8/site-packages/torch/nn/functional.py:718: UserWarning: Named tensors and all their associated APIs are an experimental feature and subject to change. Please do not use them for anything important until they are released as stable. (Triggered internally at  /opt/conda/conda-bld/pytorch_1623448278899/work/c10/core/TensorImpl.h:1156.)
  return torch.max_pool2d(input, kernel_size, stride, padding, dilation, ceil_mode)
Valid, Epoch 0 : : total loss : 0.3708214470079583   Marker : 0.2001821031361537   Joint : 0.07205858385515916   Angle : 0.08136811526052654   body : 0.017212646179179114   
Current LR:  [0.00045226707863130303]
Best Loss : 0.2001821031361537
Evaluation : False
Train , Epoch 1 : : total loss : 0.3840026564862394   Marker : 0.26131508094827516   Joint : 0.07191631639851075   Angle : 0.039513825621528956   body : 0.011257432795201357   
Evaluation : True
Valid, Epoch 1 : : total loss : 0.31048253366790063   Marker : 0.16258306226222524   Joint : 0.05652592682770701   Angle : 0.07469272764298757   body : 0.016680817729818668   
Current LR:  [0.00040909102082738646]
Best Loss : 0.16258306226222524
Evaluation : False
Train , Epoch 2 : : total loss : 0.3156783155433912   Marker : 0.21341047668618854   Joint : 0.05801674520785093   Angle : 0.034956789904219264   body : 0.009294303106691907   
Evaluation : True
Valid, Epoch 2 : : total loss : 0.2821824153592132   Marker : 0.14421174550469446   Joint : 0.053138411631779514   Angle : 0.06934087998204287   body : 0.015491379049191192   
Current LR:  [0.0003700368017677992]
Best Loss : 0.14421174550469446
Evaluation : False
Train , Epoch 3 : : total loss : 0.2852238471174492   Marker : 0.19235541120868282   Joint : 0.05192730350484496   Angle : 0.03268475059650243   body : 0.008256381874493861   
Evaluation : True
Valid, Epoch 3 : : total loss : 0.2661519039235514   Marker : 0.13638336198946785   Joint : 0.04746186630545151   Angle : 0.06740174281718411   body : 0.014904933447864487   
Current LR:  [0.00033471092664318623]
Best Loss : 0.13638336198946785
Evaluation : False
Train , Epoch 4 : : total loss : 0.23613849257541816   Marker : 0.15798098795666593   Joint : 0.04175512149626583   Angle : 0.029279696874511547   body : 0.007122686889576044   
Evaluation : True
Valid, Epoch 4 : : total loss : 0.2472598888994017   Marker : 0.12390722932152148   Joint : 0.0457282208705864   Angle : 0.06313352764674346   body : 0.014490911743400755   
Current LR:  [0.0003027574659577804]
Best Loss : 0.12390722932152148
Evaluation : False
Train , Epoch 5 : : total loss : 0.22234469002638108   Marker : 0.14878140469706796   Joint : 0.039190313820958944   Angle : 0.027719777508682344   body : 0.006653194042515476   
Evaluation : True
Valid, Epoch 5 : : total loss : 0.24010352613770572   Marker : 0.1190799794727193   Joint : 0.04339050689437149   Angle : 0.06339570950679518   body : 0.014237330362150207   
Current LR:  [0.000273854469325083]
Best Loss : 0.1190799794727193
Evaluation : False
Train , Epoch 6 : : total loss : 0.19975571335485798   Marker : 0.13307488413013485   Joint : 0.03463804985074886   Angle : 0.025887998801460813   body : 0.0061547804179953956   
Evaluation : True
Valid, Epoch 6 : : total loss : 0.2559176416513343   Marker : 0.13100094568411466   Joint : 0.04642219536246131   Angle : 0.0645704606901156   body : 0.013924039362899631   
Current LR:  [0.0002477107216235621]
Evaluation : False
Train , Epoch 7 : : total loss : 0.18552922977761085   Marker : 0.1232775589774277   Joint : 0.03181146546288044   Angle : 0.024614335460585526   body : 0.005825869833873543   
Evaluation : True
Valid, Epoch 7 : : total loss : 0.22865222103708704   Marker : 0.11181831932365048   Joint : 0.04246578078016047   Angle : 0.060695827264045446   body : 0.013672293633722427   
Current LR:  [0.00022406280882868076]
Best Loss : 0.11181831932365048
Evaluation : False
Train , Epoch 8 : : total loss : 0.1718004651558705   Marker : 0.11386115124187858   Joint : 0.02908199094516839   Angle : 0.02333273254840622   body : 0.005524590343860615   
Evaluation : True
Valid, Epoch 8 : : total loss : 0.22300216116112886   Marker : 0.10874203691210715   Joint : 0.041123251355149965   Angle : 0.05938538704376459   body : 0.013751486426432905   
Current LR:  [0.00020267246395774314]
Best Loss : 0.10874203691210715
Evaluation : False
Train , Epoch 9 : : total loss : 0.16178768034883934   Marker : 0.10702725773505856   Joint : 0.02719589291339906   Angle : 0.022276759976422804   body : 0.00528776986513225   
Evaluation : True
Valid, Epoch 9 : : total loss : 0.2210078183501814   Marker : 0.10738992695410282   Joint : 0.040473379908315135   Angle : 0.05905492759605298   body : 0.01408958351204566   
Current LR:  [0.00018332416638635308]
Best Loss : 0.10738992695410282
Evaluation : False
Train , Epoch 10 : : total loss : 0.15305903264030613   Marker : 0.10105533219120981   Joint : 0.025520566992776335   Angle : 0.02138900668268987   body : 0.005094126637022083   
Evaluation : True
Valid, Epoch 10 : : total loss : 0.214080242502756   Marker : 0.10396053458689201   Joint : 0.03896010121966182   Angle : 0.05762449844588653   body : 0.013535108050923334   
Current LR:  [0.00016582297034814964]
Best Loss : 0.10396053458689201
Evaluation : False
Train , Epoch 11 : : total loss : 0.1442282867265323   Marker : 0.09504023812947231   Joint : 0.023822225457504054   Angle : 0.020490598256614055   body : 0.004875225028856117   
Evaluation : True
Valid, Epoch 11 : : total loss : 0.2097984352335573   Marker : 0.10048834705711143   Joint : 0.03816521197254264   Angle : 0.05752103355581825   body : 0.013623842298465562   
Current LR:  [0.00014999254073864564]
Best Loss : 0.10048834705711143
Evaluation : False
Train , Epoch 12 : : total loss : 0.13719225751845726   Marker : 0.09026675515135309   Joint : 0.022514774204199492   Angle : 0.019708827631702563   body : 0.004701900414786783   
Evaluation : True
Valid, Epoch 12 : : total loss : 0.2094474723780257   Marker : 0.10052636670275271   Joint : 0.03791129260766343   Angle : 0.05729149291675083   body : 0.013718319519904956   
Current LR:  [0.00013567337643270792]
Evaluation : False
Train , Epoch 13 : : total loss : 0.1362616582738508   Marker : 0.08973782425282767   Joint : 0.02246667574571381   Angle : 0.01943257275117536   body : 0.0046245860256153536   
Evaluation : True
Valid, Epoch 13 : : total loss : 0.20751669907065123   Marker : 0.09966220777922574   Joint : 0.03759253350637997   Angle : 0.05665191410114693   body : 0.013610043724869602   
Current LR:  [0.00012272120321453177]
Best Loss : 0.09966220777922574
Evaluation : False
Train , Epoch 14 : : total loss : 0.12762094998161896   Marker : 0.08375087041593245   Joint : 0.020700610875605773   Angle : 0.01870080472783468   body : 0.004468664002104706   
Evaluation : True
Valid, Epoch 14 : : total loss : 0.20605830020465768   Marker : 0.09832610103738984   Joint : 0.03766704588956416   Angle : 0.055968086077742826   body : 0.014097067093436194   
Current LR:  [0.0001110055201279095]
Best Loss : 0.09832610103738984
Evaluation : False
Train , Epoch 15 : : total loss : 0.12238371794759598   Marker : 0.0801770081898116   Joint : 0.019725231886426966   Angle : 0.018132149477153567   body : 0.004349328383317338   
Evaluation : True
Valid, Epoch 15 : : total loss : 0.20489173769765132   Marker : 0.09753899584768368   Joint : 0.03758386043238821   Angle : 0.0560891707476026   body : 0.013679710877563348   
Current LR:  [0.00010040828460039587]
Best Loss : 0.09753899584768368
Evaluation : False
Train , Epoch 16 : : total loss : 0.11847911188505354   Marker : 0.07752670008312702   Joint : 0.019000284877348676   Angle : 0.017713376489463705   body : 0.004238750466017746   
Evaluation : True
Valid, Epoch 16 : : total loss : 0.2043697639757614   Marker : 0.09690979243570348   Joint : 0.037195739120275025   Angle : 0.056344092454911156   body : 0.013920140011305551   
Current LR:  [9.082272309320297e-05]
Best Loss : 0.09690979243570348
Evaluation : False
Train , Epoch 17 : : total loss : 0.1148603940115705   Marker : 0.07510710651754524   Joint : 0.018327142197644367   Angle : 0.01726879860200044   body : 0.004157346796748673   
Evaluation : True
Valid, Epoch 17 : : total loss : 0.20174639887753376   Marker : 0.09626653838819746   Joint : 0.03671826023566451   Angle : 0.054862492954836965   body : 0.013899106834496579   
Current LR:  [8.215225529340538e-05]
Best Loss : 0.09626653838819746
Evaluation : False
Train , Epoch 18 : : total loss : 0.11184570616389292   Marker : 0.0730989359145026   Joint : 0.017797414341949903   Angle : 0.016874626955245012   body : 0.004074728866683693   
Evaluation : True
Valid, Epoch 18 : : total loss : 0.20356234367013296   Marker : 0.09717536311289007   Joint : 0.03706942387106176   Angle : 0.05520653050560506   body : 0.014111026647645714   
Current LR:  [7.43095210090429e-05]
Evaluation : False
Train , Epoch 19 : : total loss : 0.10821580946962399   Marker : 0.07056951633237336   Joint : 0.017125755733196506   Angle : 0.016509870461259898   body : 0.004010667177205161   
Evaluation : True
Valid, Epoch 19 : : total loss : 0.20000096737939685   Marker : 0.09507384766536807   Joint : 0.03628998251339767   Angle : 0.05487279561577441   body : 0.013764341647678941   
Current LR:  [6.721549996250254e-05]
Best Loss : 0.09507384766536807
Evaluation : False
Train , Epoch 20 : : total loss : 0.1060435883026587   Marker : 0.06915505164124487   Joint : 0.016732791958441382   Angle : 0.016228258296521452   body : 0.003927486439812844   
Evaluation : True
Valid, Epoch 20 : : total loss : 0.20051260770661902   Marker : 0.094986264553355   Joint : 0.03630232889092205   Angle : 0.0554271462791596   body : 0.01379686819623168   
Current LR:  [6.0798715613566956e-05]
Best Loss : 0.094986264553355
Evaluation : False
Train , Epoch 21 : : total loss : 0.10375424667765831   Marker : 0.06760348773492587   Joint : 0.01632257763557642   Angle : 0.015949576785492952   body : 0.0038786047681896394   
Evaluation : True
Valid, Epoch 21 : : total loss : 0.19898191703227905   Marker : 0.09391263623622628   Joint : 0.036170417322224015   Angle : 0.055028865245815246   body : 0.013869998768831018   
Current LR:  [5.499451499016663e-05]
Best Loss : 0.09391263623622628
Evaluation : False
Train , Epoch 22 : : total loss : 0.10123169809849554   Marker : 0.06590707081497885   Joint : 0.01585231407589053   Angle : 0.015655985005834837   body : 0.00381632823813819   
Evaluation : True
Valid, Epoch 22 : : total loss : 0.19901957209044052   Marker : 0.09418749881374137   Joint : 0.03608444411467702   Angle : 0.05486729881217396   body : 0.013880330008422953   
Current LR:  [4.974441727069613e-05]
Evaluation : False
Train , Epoch 23 : : total loss : 0.09931471337020667   Marker : 0.06459961395266818   Joint : 0.015501267366605736   Angle : 0.01543262271985951   body : 0.0037812094589018265   
Evaluation : True
Valid, Epoch 23 : : total loss : 0.19897459215624458   Marker : 0.09354769157648808   Joint : 0.03613104888317992   Angle : 0.0553229959274822   body : 0.013972856006726327   
Current LR:  [4.4995524554468545e-05]
Best Loss : 0.09354769157648808
Evaluation : False
Train , Epoch 24 : : total loss : 0.09769874606084859   Marker : 0.06350109330905239   Joint : 0.015221550166578808   Angle : 0.015245609198939926   body : 0.003730493526924036   
Evaluation : True
Valid, Epoch 24 : : total loss : 0.19924915666137058   Marker : 0.09401244300389179   Joint : 0.036265264301686376   Angle : 0.05497552584622872   body : 0.013995923952050742   
Current LR:  [4.06999888834651e-05]
Evaluation : False
Train , Epoch 25 : : total loss : 0.09713130030179815   Marker : 0.06319074146730508   Joint : 0.015126282571875357   Angle : 0.015104283127079676   body : 0.003709993196642911   
Evaluation : True
Valid, Epoch 25 : : total loss : 0.19864913202557946   Marker : 0.09359215234772728   Joint : 0.03608568077312033   Angle : 0.05490690846128956   body : 0.014064390205810361   
Current LR:  [3.681453014530254e-05]
Evaluation : False
Train , Epoch 26 : : total loss : 0.09458632477830259   Marker : 0.06142995373358554   Joint : 0.014637231759356158   Angle : 0.014869711802201977   body : 0.003649427778850314   
Evaluation : True
Valid, Epoch 26 : : total loss : 0.19814474219286457   Marker : 0.09312142354300758   Joint : 0.036053709067822855   Angle : 0.05503739578434816   body : 0.01393221423471021   
Current LR:  [3.330000000000004e-05]
Best Loss : 0.09312142354300758
Evaluation : False
Train , Epoch 27 : : total loss : 0.09358113302904017   Marker : 0.0607511006818233   Joint : 0.014456536152384625   Angle : 0.014744861543088657   body : 0.0036286348139875613   
Evaluation : True
Valid, Epoch 27 : : total loss : 0.19669497250177695   Marker : 0.0925313071646947   Joint : 0.03560069192178024   Angle : 0.05460736546373512   body : 0.013955607954298321   
Best Loss : 0.0925313071646947
Training with lr from 3.33e-06 to 1e-06 in 2 epochs.
LR decay rate : 0.3003003003003003
Evaluation : False
Train , Epoch 28 : : total loss : 0.09028196351695385   Marker : 0.058375726719450086   Joint : 0.013808650213264233   Angle : 0.014509218756873637   body : 0.0035883679086634633   
Evaluation : True
Valid, Epoch 28 : : total loss : 0.19595954591025463   Marker : 0.09189174070595144   Joint : 0.035494623443359484   Angle : 0.054647621548194386   body : 0.013925560212749334   
Current LR:  [1e-06]
Best Loss : 0.09189174070595144
Evaluation : False
Train , Epoch 29 : : total loss : 0.08999364616891557   Marker : 0.058144816212906736   Joint : 0.013778423828664229   Angle : 0.014484798195764849   body : 0.0035856080204276523   
Evaluation : True
Valid, Epoch 29 : : total loss : 0.19611386450431095   Marker : 0.09197034157116771   Joint : 0.035443164187646266   Angle : 0.05471292767687729   body : 0.01398743134175985   
Finished Training
Load  /tudelft.net/staff-bulk/ewi/insy/VisionLab/students/wyang/dataset/models/model_28_OS_MARKER20_BETA002.pt
layer3 uses center striding.
Use ResNet50 Next with center striding and Petrained model
Image size : (256, 256)
Load Pose Estimation Model : /tudelft.net/staff-bulk/ewi/insy/VisionLab/students/wyang/dataset/models/model_28_OS_MARKER20_BETA002.pt
 OS Joint error : 0.03549462929368019 , SMPLH Joint error : 0.04302551969885826 , Marker error : 0.0459064356982708 , BonyLandmark : 0.04594586789608002
 OS Joint error : 0.029720501974225044 , SMPLH Joint error : 0.03667720779776573 , Marker error : 0.03787459433078766 , BonyLandmark : 0.037770744413137436
 OS Joint error : 0.016913600265979767 , SMPLH Joint error : 0.027846703305840492 , Marker error : 0.02502771094441414 , BonyLandmark : 0.025420479476451874
