/home/nfs/weitseyang/.bashrc: line 20: dirname: command not found
/home/nfs/weitseyang/.bashrc: line 21: dirname: command not found
              total        used        free      shared  buff/cache   available
Mem:         257670       28630      186969         117       42070      228064
Swap:        262143           0      262143
Thu Aug  5 23:18:52 2021       
+-----------------------------------------------------------------------------+
| NVIDIA-SMI 470.57.02    Driver Version: 470.57.02    CUDA Version: 11.4     |
|-------------------------------+----------------------+----------------------+
| GPU  Name        Persistence-M| Bus-Id        Disp.A | Volatile Uncorr. ECC |
| Fan  Temp  Perf  Pwr:Usage/Cap|         Memory-Usage | GPU-Util  Compute M. |
|                               |                      |               MIG M. |
|===============================+======================+======================|
|   0  NVIDIA GeForce ...  On   | 00000000:04:00.0 Off |                  N/A |
| 20%   25C    P8     7W / 250W |      1MiB / 11178MiB |      0%      Default |
|                               |                      |                  N/A |
+-------------------------------+----------------------+----------------------+
                                                                               
+-----------------------------------------------------------------------------+
| Processes:                                                                  |
|  GPU   GI   CI        PID   Type   Process name                  GPU Memory |
|        ID   ID                                                   Usage      |
|=============================================================================|
|  No running processes found                                                 |
+-----------------------------------------------------------------------------+
BML_FOLDER: /tudelft.net/staff-bulk/ewi/insy/VisionLab/students/wyang/dataset/HDF5/BML/
DATASET:
  ANTIALIAS:
    TEST: 1
    TRAIN: 1
  BBOX:
    PARTIAL_VISUALBILITY: False
  COLOR:
    AUG: True
  DATASETPERIMG: 2000
  GEOM:
    AUG: True
    HFLIP: False
    ROT: 20
    SCALE_DOWN: 25
    SCALE_UP: 25
    SHIFT_AUG: 10
  INTERPOLATION:
    TEST: nearest
    TRAIN: nearest
  OCCLUSION:
    PROB: 0.7
    SCALE: 0.8
  TRAINING_USEDEACHFRAME: 2
  USEDEACHFRAME: 1
EVAL_WORKERS: 16
HYP:
  ANGLE: 0.06
  BODY: 0.1
  INTERMEDIATE_MARKER: 1.5
  INTERMEDIATE_POS: 1.5
  MARKER: 2.0
  POS: 1.0
  ROTMAT: 0.1
  SY_BODY: 0.05
LAYER:
  OS_TRANSIT:
    ACT_TYPE: 1
    BN: False
LOSS:
  ANGLE:
    BETA: 5
    EVAL_TYPE: 1
    H: 0.1
    MASKMINVALUE: 0
    TYPE: 2
    USE: True
    USEMASK: True
  BODY:
    BETA: 0.05
    EVAL_TYPE: 1
    H: 0.1
    TYPE: 2
    USE: True
  MARKER:
    BETA: 0.02
    TYPE: 2
    USE: True
  POS:
    BETA: 0.02
    TYPE: 2
    USE: True
  ROTMAT:
    BETA: 0.02
    EVAL_TYPE: 1
    TYPE: 1
    USE: False
  SY_BODY:
    EVAL_TYPE: 1
    TYPE: 1
    USE: False
MODEL:
  CONV_CHANNEL_SIZE: [2048]
  CONV_LAYER: 1
  FULLCONV: True
  IMGSIZE: (256, 256)
  INTERMEDIATE_POSE_ESTIMATION: False
  METRIC_SCALE:
    BBOX_SIZE: 2.2
    DEPTH: 8
    EVAL_STRIDING: 4
    STRIDING: 32
  NUMPRED: 115
  NUM_PRED: 115
  RESNET:
    CENTER_STRIDING: True
    NEXT: True
    PRETRAINED: True
MODEL_FOLDER: /tudelft.net/staff-bulk/ewi/insy/VisionLab/students/wyang/dataset/models/
PASCAL_PATH: /tudelft.net/staff-bulk/ewi/insy/VisionLab/students/wyang/dataset/HDF5/PASCAL/pascal.hdf5
PCA_PATH: None
POSTFIX: OS_ALL_L2_ANGLE006
PREDICTION:
  BODY: ['pelvis', 'lumbar5', 'lumbar4', 'lumbar3', 'lumbar2', 'lumbar1', 'thoracic12', 'thoracic11', 'thoracic10', 'thoracic9', 'thoracic8', 'thoracic7', 'thoracic6', 'thoracic5', 'thoracic4', 'thoracic3', 'thoracic2', 'thoracic1', 'head_neck', 'femur_r', 'tibia_r', 'talus_r', 'calcn_r', 'toes_r', 'femur_l', 'tibia_l', 'talus_l', 'calcn_l', 'toes_l', 'cerv6', 'cerv5', 'cerv4', 'cerv3', 'cerv2', 'cerv1', 'jaw', 'skull', 'thorax', 'clavicle', 'scapula', 'humerus', 'ulna', 'radius', 'clavicle_l', 'scapula_l', 'humerus_l', 'ulna_l', 'radius_l']
  BODY_AMPITUDE_VALUE: [0.38330534, 0.11688988, 0.27979052, 0.18767838, 0.12217734, 0.17559392, 0.25814359, 0.19320878, 0.09488225, 0.23721306, 0.3308586, 0.22396367, 0.08659548, 1e-06, 0.1634575, 0.18397586, 0.23942574, 0.23136499, 0.14410597, 0.14576365, 0.17185328, 0.18178275, 0.15676707, 0.19965802, 0.12167494, 0.14225374, 0.19253547, 0.08705724, 0.13519439, 0.09673029, 0.16227082, 0.25709417, 0.27539152, 0.21485549, 0.11401759, 0.22396367, 0.21485549, 0.1838405, 0.18214334, 0.43287996, 0.43287996, 0.13003099, 0.13036308, 0.2175328, 0.20085876, 0.30206298, 0.3034652, 0.2025831, 0.20302752, 0.1691131, 0.22653959]
  BODY_AVG_VALUE: [1.21267658, 1.19278473, 1.09221309, 0.82231784, 0.65399921, 0.86740023, 1.23414558, 1.13399419, 1.00263798, 1.01988775, 1.04674897, 0.92795962, 0.80902216, 0.94262153, 0.96230629, 0.95413619, 1.04046246, 1.03910667, 0.68939832, 0.71175453, 0.74281865, 0.76454479, 0.9076589, 1.02388528, 0.64942223, 0.89473501, 0.89226717, 0.61283192, 0.7215803, 0.68092433, 1.08504841, 1.17846495, 1.14104316, 1.14461103, 0.74801221, 0.92795962, 1.14461103, 0.89621243, 0.8843008, 1.13165459, 1.13165459, 0.73835266, 0.74087435, 1.07924646, 1.08077973, 1.01209745, 0.99989337, 1.0244289, 1.03203484, 0.82801554, 0.7559647]
  BODY_SCALE_MAPPING: [[0, 1, 2], [10, 3, 9], [10, 3, 9], [10, 3, 9], [10, 3, 9], [10, 3, 9], [10, 3, 9], [10, 4, 9], [10, 4, 9], [10, 5, 9], [10, 5, 9], [10, 6, 9], [10, 6, 9], [10, 6, 9], [10, 6, 9], [10, 6, 9], [10, 6, 9], [10, 6, 9], [11, 7, 9], [16, 14, 16], [20, 18, 20], [20, 18, 20], [22, 23, 24], [28, 30, 30], [17, 15, 17], [21, 19, 21], [21, 19, 21], [25, 26, 27], [29, 31, 31], [11, 7, 9], [11, 7, 9], [11, 7, 9], [11, 7, 9], [11, 7, 9], [11, 7, 9], [12, 8, 13], [12, 8, 13], [32, 33, 34], [37, 35, 41], [39, 36, 41], [45, 43, 45], [49, 47, 49], [49, 47, 49], [38, 35, 42], [40, 36, 42], [46, 44, 46], [50, 48, 50], [50, 48, 50]]
  BODY_SCALE_UNIQUE_NUMS: 51
  BODY_WEIGHTS: [[2.0, 2.0, 2.0], [1.0, 2.0, 1.0], [1.0, 2.0, 1.0], [1.0, 2.0, 1.0], [1.0, 2.0, 1.0], [1.0, 2.0, 1.0], [1.0, 2.0, 1.0], [1.0, 2.0, 1.0], [1.0, 2.0, 1.0], [1.0, 2.0, 1.0], [1.0, 2.0, 1.0], [1.0, 2.0, 1.0], [1.0, 2.0, 1.0], [1.0, 2.0, 1.0], [1.0, 2.0, 1.0], [1.0, 2.0, 1.0], [1.0, 2.0, 1.0], [1.0, 2.0, 1.0], [1.0, 2.0, 1.0], [1.0, 2.0, 1.0], [1.0, 2.0, 1.0], [1.0, 2.0, 1.0], [2.0, 1.0, 1.0], [2.0, 1.0, 1.0], [1.0, 2.0, 1.0], [1.0, 2.0, 1.0], [1.0, 2.0, 1.0], [2.0, 1.0, 1.0], [2.0, 1.0, 1.0], [1.0, 2.0, 1.0], [1.0, 2.0, 1.0], [1.0, 2.0, 1.0], [1.0, 2.0, 1.0], [1.0, 2.0, 1.0], [1.0, 2.0, 1.0], [1.0, 1.0, 2.0], [1.0, 1.0, 2.0], [2.0, 1.0, 1.0], [1.0, 1.0, 2.0], [1.0, 1.0, 2.0], [1.0, 2.0, 1.0], [1.0, 2.0, 1.0], [1.0, 2.0, 1.0], [1.0, 1.0, 2.0], [1.0, 1.0, 2.0], [1.0, 2.0, 1.0], [1.0, 2.0, 1.0], [1.0, 2.0, 1.0]]
  COORDINATES: ['L5_S1_FE', 'L5_S1_LB', 'L5_S1_AR', 'L4_L5_FE', 'L4_L5_LB', 'L4_L5_AR', 'T12_L1_FE', 'T12_L1_LB', 'T12_L1_AR', 'T11_T12_FE', 'T11_T12_LB', 'T11_T12_AR', 'T10_T11_FE', 'T10_T11_LB', 'T10_T11_AR', 'T9_T10_FE', 'T9_T10_LB', 'T9_T10_AR', 'T8_T9_FE', 'T8_T9_LB', 'T8_T9_AR', 'T1_T2_FE', 'T1_T2_LB', 'T1_T2_AR', 'T1_head_neck_FE', 'T1_head_neck_LB', 'T1_head_neck_AR', 'hip_flexion_r', 'hip_adduction_r', 'hip_rotation_r', 'knee_angle_r', 'knee_angle_y_r', 'knee_angle_x_r', 'ankle_angle_r', 'subtalar_angle_r', 'mtp_angle_r', 'hip_flexion_l', 'hip_adduction_l', 'hip_rotation_l', 'knee_angle_l', 'knee_angle_y_l', 'knee_angle_x_l', 'ankle_angle_l', 'subtalar_angle_l', 'mtp_angle_l', 'skull_z', 'skull_y', 'skull_x', 'sternoclavicular_r2', 'sternoclavicular_r3', 'acromioclavicular_r2', 'elv_angle', 'shoulder_elv', 'shoulder1_r2', 'shoulder_rot', 'elbow_flexion', 'elbow_x', 'pro_sup', 'sternoclavicular_r2_l', 'sternoclavicular_r3_l', 'acromioclavicular_r2_l', 'elv_angle_l', 'shoulder_elv_l', 'shoulder1_r2_l', 'shoulder_rot_l', 'elbow_flexion_l', 'elbow_x_l', 'pro_sup_l', 'ribs_bending']
  JOINTS: ['ground_pelvis', 'L5_S1_IVDjnt', 'L4_L5_IVDjnt', 'L3_L4_IVDjnt', 'L2_L3_IVDjnt', 'L1_L2_IVDjnt', 'T12_L1_IVDjnt', 'T11_T12_IVDjnt', 'T10_T11_IVDjnt', 'T9_T10_IVDjnt', 'T8_T9_IVDjnt', 'T7_T8_IVDjnt', 'T6_T7_IVDjnt', 'T5_T6_IVDjnt', 'T4_T5_IVDjnt', 'T3_T4_IVDjnt', 'T2_T3_IVDjnt', 'T1_T2_IVDjnt', 'T1_head_neck', 'hip_r', 'knee_r', 'ankle_r', 'subtalar_r', 'mtp_r', 'hip_l', 'knee_l', 'ankle_l', 'subtalar_l', 'mtp_l', 'C7_cerv6', 'C7_cerv5', 'C7_cerv4', 'C7_cerv3', 'C7_cerv2', 'C7_cerv1', 'skull_jaw', 'C7_skull', 'sternoclavicular', 'acromioclavicular', 'shoulder2', 'elbow', 'radioulnar', 'sternoclavicular_l', 'acromioclavicular_l', 'shoulder2_l', 'elbow_l', 'radioulnar_l', 'T1_rib']
  Joints_Inside_Cylinder_Body_LIST: [['ROOT', 'Torso'], ['RHIPJ', 'Torso'], ['LHIPJ', 'Torso'], ['Spine1', 'Torso'], ['Spine2', 'Torso'], ['Spine3', 'Torso'], ['LCOL', 'Torso'], ['RCOL', 'Torso'], ['NECK', 'Torso'], ['HEAD', 'HEAD'], ['RKNE', 'RightLeg'], ['RKNI', 'RightLeg'], ['LKNE', 'LeftLeg'], ['LKNI', 'LeftLeg'], ['LANK', 'LeftShrank'], ['RANK', 'RightShrank'], ['LANI', 'LeftShrank'], ['RANI', 'RightShrank'], ['RTOE', 'RightFOOT'], ['LTOE', 'LeftFOOT'], ['RMT1', 'RightFOOT'], ['LMT1', 'LeftFOOT'], ['RMT5', 'RightFOOT'], ['LMT5', 'LeftFOOT'], ['LELB', 'LeftArm'], ['RELB', 'RightArm'], ['LELBIN', 'LeftArm'], ['RELBIN', 'RightArm'], ['LIWR', 'LeftForearm'], ['RIWR', 'RightForearm'], ['LOWR', 'LeftForearm'], ['ROWR', 'RightForearm'], ['ground_pelvis', 'Torso'], ['L5_S1_IVDjnt', 'Torso'], ['L4_L5_IVDjnt', 'Torso'], ['L3_L4_IVDjnt', 'Torso'], ['L2_L3_IVDjnt', 'Torso'], ['L1_L2_IVDjnt', 'Torso'], ['T12_L1_IVDjnt', 'Torso'], ['T11_T12_IVDjnt', 'Torso'], ['T10_T11_IVDjnt', 'Torso'], ['T9_T10_IVDjnt', 'Torso'], ['T8_T9_IVDjnt', 'Torso'], ['T7_T8_IVDjnt', 'Torso'], ['T6_T7_IVDjnt', 'Torso'], ['T5_T6_IVDjnt', 'Torso'], ['T4_T5_IVDjnt', 'Torso'], ['T3_T4_IVDjnt', 'Torso'], ['T2_T3_IVDjnt', 'Torso'], ['T1_T2_IVDjnt', 'Torso'], ['T1_head_neck', 'HEAD'], ['hip_r', 'RightLeg'], ['knee_r', 'RightLeg'], ['ankle_r', 'RightShrank'], ['subtalar_r', 'RightShrank'], ['mtp_r', 'RightFOOT'], ['hip_l', 'LeftLeg'], ['knee_l', 'LeftLeg'], ['ankle_l', 'LeftShrank'], ['subtalar_l', 'LeftShrank'], ['mtp_l', 'LeftFOOT'], ['C7_cerv6', 'HEAD'], ['C7_cerv5', 'HEAD'], ['C7_cerv4', 'HEAD'], ['C7_cerv3', 'HEAD'], ['C7_cerv2', 'HEAD'], ['C7_cerv1', 'HEAD'], ['skull_jaw', 'HEAD'], ['C7_skull', 'HEAD'], ['sternoclavicular', 'RightArm'], ['acromioclavicular', 'RightArm'], ['shoulder2', 'RightArm'], ['elbow', 'RightArm'], ['radioulnar', 'RightForearm'], ['sternoclavicular_l', 'LeftArm'], ['acromioclavicular_l', 'LeftArm'], ['shoulder2_l', 'LeftArm'], ['elbow_l', 'LeftArm'], ['radioulnar_l', 'LeftForearm'], ['T1_rib', 'Torso'], ['radiocarpal', 'RightForearm'], ['radiocarpal_l', 'LeftForearm']]
  LEAFJOINTS: ['radiocarpal', 'radiocarpal_l']
  MARKER: ['ROOT', 'LHIPJ', 'RHIPJ', 'Spine1', 'LKJC', 'RKJC', 'Spine2', 'LAJC', 'RAJC', 'Spine3', 'LFOOT', 'RFOOT', 'NECK', 'LCOL', 'RCOL', 'HEAD', 'LSHOULDER', 'RSHOULDER', 'LELC', 'RELC', 'LWRIST', 'RWRIST', 'LPSI', 'RPSI', 'RASI', 'LASI', 'T12', 'T10', 'T8', 'T1', 'C7', 'RKNE', 'RKNI', 'LKNE', 'LKNI', 'LANK', 'RANK', 'LANI', 'RANI', 'LHEE', 'RHEE', 'RTOE', 'LTOE', 'RMT1', 'LMT1', 'RMT5', 'LMT5', 'LSHO', 'RSHO', 'STRN', 'CLAV', 'RCLAV', 'LCLAV', 'LELB', 'RELB', 'LELBIN', 'RELBIN', 'LIWR', 'RIWR', 'LOWR', 'ROWR', 'LFHD', 'RFHD', 'LBHD', 'RBHD']
  MIRROR_BONES: [0, 1, 2, 3, 4, 5, 6, 7, 8, 9, 10, 11, 12, 13, 14, 15, 16, 17, 18, 24, 25, 26, 27, 28, 19, 20, 21, 22, 23, 29, 30, 31, 32, 33, 34, 35, 36, 37, 43, 44, 45, 46, 47, 38, 39, 40, 41, 42]
  NUM_JOINTS: 50
  NUM_MARKERS: 65
  NUM_SMPL_JOINTS: 22
  POS_NAME: ['ground_pelvis', 'L5_S1_IVDjnt', 'L4_L5_IVDjnt', 'L3_L4_IVDjnt', 'L2_L3_IVDjnt', 'L1_L2_IVDjnt', 'T12_L1_IVDjnt', 'T11_T12_IVDjnt', 'T10_T11_IVDjnt', 'T9_T10_IVDjnt', 'T8_T9_IVDjnt', 'T7_T8_IVDjnt', 'T6_T7_IVDjnt', 'T5_T6_IVDjnt', 'T4_T5_IVDjnt', 'T3_T4_IVDjnt', 'T2_T3_IVDjnt', 'T1_T2_IVDjnt', 'T1_head_neck', 'hip_r', 'knee_r', 'ankle_r', 'subtalar_r', 'mtp_r', 'hip_l', 'knee_l', 'ankle_l', 'subtalar_l', 'mtp_l', 'C7_cerv6', 'C7_cerv5', 'C7_cerv4', 'C7_cerv3', 'C7_cerv2', 'C7_cerv1', 'skull_jaw', 'C7_skull', 'sternoclavicular', 'acromioclavicular', 'shoulder2', 'elbow', 'radioulnar', 'sternoclavicular_l', 'acromioclavicular_l', 'shoulder2_l', 'elbow_l', 'radioulnar_l', 'T1_rib', 'radiocarpal', 'radiocarpal_l', 'ROOT', 'LHIPJ', 'RHIPJ', 'Spine1', 'LKJC', 'RKJC', 'Spine2', 'LAJC', 'RAJC', 'Spine3', 'LFOOT', 'RFOOT', 'NECK', 'LCOL', 'RCOL', 'HEAD', 'LSHOULDER', 'RSHOULDER', 'LELC', 'RELC', 'LWRIST', 'RWRIST', 'LPSI', 'RPSI', 'RASI', 'LASI', 'T12', 'T10', 'T8', 'T1', 'C7', 'RKNE', 'RKNI', 'LKNE', 'LKNI', 'LANK', 'RANK', 'LANI', 'RANI', 'LHEE', 'RHEE', 'RTOE', 'LTOE', 'RMT1', 'LMT1', 'RMT5', 'LMT5', 'LSHO', 'RSHO', 'STRN', 'CLAV', 'RCLAV', 'LCLAV', 'LELB', 'RELB', 'LELBIN', 'RELBIN', 'LIWR', 'RIWR', 'LOWR', 'ROWR', 'LFHD', 'RFHD', 'LBHD', 'RBHD']
PROGRESSBAR: False
RESNETPATH: None
SEED: 100
STARTMODELPATH: None
TESTMODE: False
TEST_SUBJECTS: [2, 29, 19, 21, 51, 26, 7, 72, 77, 17, 65, 80, 6, 76, 10, 73, 13, 38]
TRAINING:
  AWARED_OCCLUSION:
    GT: False
    USE: False
  BATCHSIZE: 64
  COORDINATE_MAX_WEIGHT: 2
  END_LR: [3.33e-05, 1e-06]
  EPOCH: [28, 2]
  EVALUATION_BATCHSIZE: 64
  LOSS2D: False
  LOSSTYPE: 1
  MARKER_PREDICTION: True
  MARKER_TYPE: [10, 10, 10, 1, 1, 1, 1, 1, 1, 1, 20, 20, 10, 1, 1, 10, 0, 0, 1, 1, 1, 1, 20, 20, 20, 20, 10, 20, 10, 10, 20, 20, 20, 20, 20, 20, 20, 20, 20, 20, 20, 10, 10, 1, 1, 1, 1, 20, 20, 20, 20, 1, 1, 20, 20, 20, 20, 20, 20, 20, 20, 10, 10, 10, 10]
  MARKER_WEIGHT: [1.0, 1.0, 1.0, 0.1, 0.1, 0.1, 0.1, 0.1, 0.1, 0.1, 2.0, 2.0, 1.0, 0.1, 0.1, 1.0, 0.0, 0.0, 0.1, 0.1, 0.1, 0.1, 2.0, 2.0, 2.0, 2.0, 1.0, 2.0, 1.0, 1.0, 2.0, 2.0, 2.0, 2.0, 2.0, 2.0, 2.0, 2.0, 2.0, 2.0, 2.0, 1.0, 1.0, 0.1, 0.1, 0.1, 0.1, 2.0, 2.0, 2.0, 2.0, 0.1, 0.1, 2.0, 2.0, 2.0, 2.0, 2.0, 2.0, 2.0, 2.0, 1.0, 1.0, 1.0, 1.0]
  PCA: False
  PCA_COMPONENTS: 51
  START_LR: [0.0005, 3.33e-06]
  TRAINING_STEPS: 2
  USE_BODY_WEIGHTS: False
  USE_OS_SIMULATION: False
  VALID_BATCHSIZE: 64
TRAINING_SUBJECTS: [78, 59, 79, 44, 56, 88, 75, 61, 53, 47, 40, 41, 32, 70, 28, 39, 69, 11, 3, 90, 71, 54, 20, 85, 37, 34, 33, 46, 67, 63, 55, 36, 42, 50, 24, 35, 84, 45, 60, 16, 74, 82, 27, 89, 57, 5, 49, 22, 4, 66, 31, 83, 43, 48, 52, 68, 25, 9, 18, 1, 81, 58, 23, 62, 64, 8, 87]
VALID_SUBJECTS: [14, 86, 15, 30]
VALID_WORKERS: 16
WORKERS: 16
84900 training data, 21822 valid data, 100839 test data
layer3 uses center striding.
Use ResNet50 Next with center striding and Petrained model
Image size : (256, 256)
Training with lr from 0.0005 to 3.33e-05 in 28 epochs.
LR decay rate : 0.904534157262606
Evaluation : False
Train , Epoch 0 : : total loss : 0.4841339373076124   Marker : 0.26949925753280946   Joint : 0.08061827741405993   Angle : 0.13182716875661551   body : 0.002189233509572939   
Evaluation : True
/tudelft.net/staff-bulk/ewi/insy/VisionLab/students/wyang/miniconda/miniconda/lib/python3.8/site-packages/torch/nn/functional.py:718: UserWarning: Named tensors and all their associated APIs are an experimental feature and subject to change. Please do not use them for anything important until they are released as stable. (Triggered internally at  /opt/conda/conda-bld/pytorch_1623448278899/work/c10/core/TensorImpl.h:1156.)
  return torch.max_pool2d(input, kernel_size, stride, padding, dilation, ceil_mode)
Valid, Epoch 0 : : total loss : 0.5322948358266735   Marker : 0.16934095011569436   Joint : 0.05823975241530576   Angle : 0.28731469371209345   body : 0.017399438622126537   
Current LR:  [0.00045226707863130303]
Best Loss : 0.16934095011569436
Evaluation : False
Train , Epoch 1 : : total loss : 0.3407320479327198   Marker : 0.1884342915354631   Joint : 0.055679853674063674   Angle : 0.09497077951030763   body : 0.0016471238701139348   
Evaluation : True
Valid, Epoch 1 : : total loss : 0.4780530650743959   Marker : 0.1429780183578322   Joint : 0.05145662857472061   Angle : 0.26712357520445296   body : 0.0164948429046133   
Current LR:  [0.00040909102082738646]
Best Loss : 0.1429780183578322
Evaluation : False
Train , Epoch 2 : : total loss : 0.2968599257898007   Marker : 0.164594862739335   Joint : 0.04862912349841174   Angle : 0.0822481617814725   body : 0.0013877777561392961   
Evaluation : True
Valid, Epoch 2 : : total loss : 0.4762679552706338   Marker : 0.14798924400917648   Joint : 0.05545074160076523   Angle : 0.2562889496026517   body : 0.016539020399465622   
Current LR:  [0.0003700368017677992]
Evaluation : False
Train , Epoch 3 : : total loss : 0.2608352977765631   Marker : 0.14528143877334904   Joint : 0.04267929003294417   Angle : 0.07175523111509612   body : 0.0011193376517103814   
Evaluation : True
Valid, Epoch 3 : : total loss : 0.4500212252888449   Marker : 0.13533542018775357   Joint : 0.048164479116964774   Angle : 0.25007005433159585   body : 0.016451271589708508   
Current LR:  [0.00033471092664318623]
Best Loss : 0.13533542018775357
Evaluation : False
Train , Epoch 4 : : total loss : 0.23524596564595335   Marker : 0.131614775055539   Joint : 0.03848738920612213   Angle : 0.0641895048404576   body : 0.0009542962403734092   
Evaluation : True
Valid, Epoch 4 : : total loss : 0.4031039570901147   Marker : 0.11447443080182233   Joint : 0.04282771847270147   Angle : 0.23051511573808986   body : 0.015286692888727329   
Current LR:  [0.0003027574659577804]
Best Loss : 0.11447443080182233
Evaluation : False
Train , Epoch 5 : : total loss : 0.22288705882803167   Marker : 0.12585855215270955   Joint : 0.03672633707231166   Angle : 0.059420920287569366   body : 0.0008812492427034767   
Evaluation : True
Valid, Epoch 5 : : total loss : 0.40109744031317196   Marker : 0.11237172527171636   Joint : 0.0423978181121745   Angle : 0.23124506431805444   body : 0.015082833807580511   
Current LR:  [0.000273854469325083]
Best Loss : 0.11237172527171636
Evaluation : False
Train , Epoch 6 : : total loss : 0.20381060324687944   Marker : 0.11591800671986685   Joint : 0.03363098878537053   Angle : 0.05345103357318749   body : 0.000810573844449471   
Evaluation : True
Valid, Epoch 6 : : total loss : 0.4001228784227795   Marker : 0.1107608282798786   Joint : 0.042236548953353076   Angle : 0.232201821927943   body : 0.01492367890105983   
Current LR:  [0.0002477107216235621]
Best Loss : 0.1107608282798786
Evaluation : False
Train , Epoch 7 : : total loss : 0.19228423095756347   Marker : 0.11015004557901557   Joint : 0.03185669545696691   Angle : 0.04950734443940099   body : 0.0007701452528172191   
Evaluation : True
Valid, Epoch 7 : : total loss : 0.3871569721325761   Marker : 0.10791354419308637   Joint : 0.04106609524798627   Angle : 0.22312385969710016   body : 0.01505347293977525   
Current LR:  [0.00022406280882868076]
Best Loss : 0.10791354419308637
Evaluation : False
Train , Epoch 8 : : total loss : 0.1833389368059948   Marker : 0.10576132641119115   Joint : 0.030534637858739985   Angle : 0.04630327365623835   body : 0.0007396988539259774   
Evaluation : True
Valid, Epoch 8 : : total loss : 0.38456454638457627   Marker : 0.10529993487457648   Joint : 0.040795660851452094   Angle : 0.22349688567814563   body : 0.01497206628054924   
Current LR:  [0.00020267246395774314]
Best Loss : 0.10529993487457648
Evaluation : False
Train , Epoch 9 : : total loss : 0.1737114625503934   Marker : 0.10100779281774618   Joint : 0.02902996761311368   Angle : 0.04296345820265568   body : 0.0007102440082279159   
Evaluation : True
Valid, Epoch 9 : : total loss : 0.3770394480399956   Marker : 0.1025531183361144   Joint : 0.03916945652808335   Angle : 0.22088209534530492   body : 0.0144347776119808   
Current LR:  [0.00018332416638635308]
Best Loss : 0.1025531183361144
Evaluation : False
Train , Epoch 10 : : total loss : 0.1649679484388048   Marker : 0.09654902429130283   Joint : 0.027695479965733637   Angle : 0.04004090976779143   body : 0.0006825343915015504   
Evaluation : True
Valid, Epoch 10 : : total loss : 0.3706431590323159   Marker : 0.10041302658331382   Joint : 0.037467743963448374   Angle : 0.2179845104229766   body : 0.01477787759823887   
Current LR:  [0.00016582297034814964]
Best Loss : 0.10041302658331382
Evaluation : False
Train , Epoch 11 : : total loss : 0.15851059962811334   Marker : 0.09338278980254228   Joint : 0.02672611110524849   Angle : 0.037738097434074004   body : 0.0006636012686896918   
Evaluation : True
Valid, Epoch 11 : : total loss : 0.37034280511441603   Marker : 0.09934180712199497   Joint : 0.03810497696399033   Angle : 0.2182589872610382   body : 0.014637034269970416   
Current LR:  [0.00014999254073864564]
Best Loss : 0.09934180712199497
Evaluation : False
Train , Epoch 12 : : total loss : 0.153557522090357   Marker : 0.09090524493838867   Joint : 0.02597996584093409   Angle : 0.036025858319857544   body : 0.0006464529628630132   
Evaluation : True
Valid, Epoch 12 : : total loss : 0.3671299223173944   Marker : 0.09758513420205671   Joint : 0.03669949476402715   Angle : 0.21824517056459292   body : 0.014600123800067588   
Current LR:  [0.00013567337643270792]
Best Loss : 0.09758513420205671
Evaluation : False
Train , Epoch 13 : : total loss : 0.1476320791006268   Marker : 0.08784123949515514   Joint : 0.025057334348918985   Angle : 0.03410327025909724   body : 0.000630234753123736   
Evaluation : True
Valid, Epoch 13 : : total loss : 0.36331798555914135   Marker : 0.09695055943428678   Joint : 0.037035300646220695   Angle : 0.21496574208515942   body : 0.014366383289681183   
Current LR:  [0.00012272120321453177]
Best Loss : 0.09695055943428678
Evaluation : False
Train , Epoch 14 : : total loss : 0.14266863075361713   Marker : 0.08533412293386315   Joint : 0.024251453876270607   Angle : 0.03246654608591739   body : 0.0006165079296012388   
Evaluation : True
Valid, Epoch 14 : : total loss : 0.3624871033444849   Marker : 0.09592161345969155   Joint : 0.03625128298913206   Angle : 0.2157092264860844   body : 0.014604980447816539   
Current LR:  [0.0001110055201279095]
Best Loss : 0.09592161345969155
Evaluation : False
Train , Epoch 15 : : total loss : 0.13888612623870103   Marker : 0.08343991872659276   Joint : 0.023672136389629332   Angle : 0.03116778940732168   body : 0.000606281579844197   
Evaluation : True
Valid, Epoch 15 : : total loss : 0.3634121412973489   Marker : 0.09711108916992993   Joint : 0.03687988753585809   Angle : 0.21467785616316964   body : 0.014743308838101446   
Current LR:  [0.00010040828460039587]
Evaluation : False
Train , Epoch 16 : : total loss : 0.1352494948825955   Marker : 0.08148029329730015   Joint : 0.02309410153223738   Angle : 0.030078920625644663   body : 0.0005961793309053389   
Evaluation : True
Valid, Epoch 16 : : total loss : 0.36127510207152347   Marker : 0.09612404014196528   Joint : 0.036975669637957474   Angle : 0.21345494637162862   body : 0.014720446378847559   
Current LR:  [9.082272309320297e-05]
Evaluation : False
Train , Epoch 17 : : total loss : 0.13189403498109828   Marker : 0.07980977121296691   Joint : 0.02256943097515074   Angle : 0.028928189487849695   body : 0.0005866432994243101   
Evaluation : True
Valid, Epoch 17 : : total loss : 0.35742101117786923   Marker : 0.09467832861435248   Joint : 0.03622777460257518   Angle : 0.21153880481092405   body : 0.014976104007677595   
Current LR:  [8.215225529340538e-05]
Best Loss : 0.09467832861435248
Evaluation : False
Train , Epoch 18 : : total loss : 0.1294633780590639   Marker : 0.0785880257764643   Joint : 0.02220028835218147   Angle : 0.028094527915648294   body : 0.0005805360832933595   
Evaluation : True
Valid, Epoch 18 : : total loss : 0.3604426914082582   Marker : 0.09573354020519464   Joint : 0.03655822345791155   Angle : 0.21310818065328305   body : 0.015042747608103878   
Current LR:  [7.43095210090429e-05]
Evaluation : False
Train , Epoch 19 : : total loss : 0.1259027052822426   Marker : 0.07666193621393243   Joint : 0.021603240578141777   Angle : 0.02706417362142472   body : 0.0005733550368259671   
Evaluation : True
Valid, Epoch 19 : : total loss : 0.35607739017554046   Marker : 0.09413298045383803   Joint : 0.035650682213347724   Angle : 0.2116519211957986   body : 0.014641806053072992   
Current LR:  [6.721549996250254e-05]
Best Loss : 0.09413298045383803
Evaluation : False
Train , Epoch 20 : : total loss : 0.12436636315931202   Marker : 0.0758934863653388   Joint : 0.021376183271958726   Angle : 0.026529487208385993   body : 0.0005672060882823323   
Evaluation : True
Valid, Epoch 20 : : total loss : 0.35824860382359774   Marker : 0.09325810318283348   Joint : 0.035340610116203965   Angle : 0.21502208744678736   body : 0.014627803957284224   
Current LR:  [6.0798715613566956e-05]
Best Loss : 0.09325810318283348
Evaluation : False
Train , Epoch 21 : : total loss : 0.12262841198329293   Marker : 0.07499418659402594   Joint : 0.021075359090522133   Angle : 0.025995502995712006   body : 0.0005633635062328926   
Evaluation : True
Valid, Epoch 21 : : total loss : 0.35469356774956046   Marker : 0.09246276292668922   Joint : 0.03532695182466057   Angle : 0.2121742561182304   body : 0.014729596737947378   
Current LR:  [5.499451499016663e-05]
Best Loss : 0.09246276292668922
Evaluation : False
Train , Epoch 22 : : total loss : 0.11995479265062158   Marker : 0.07355618537551138   Joint : 0.02063635507736181   Angle : 0.025206028989503557   body : 0.0005562231412138453   
Evaluation : True
Valid, Epoch 22 : : total loss : 0.3562076377361704   Marker : 0.09339409555832523   Joint : 0.03560675074402784   Angle : 0.2125515846904132   body : 0.01465520775402273   
Current LR:  [4.974441727069613e-05]
Evaluation : False
Train , Epoch 23 : : total loss : 0.11840079615221304   Marker : 0.07274018332564453   Joint : 0.020398700452475705   Angle : 0.02470714227769799   body : 0.0005547701319734752   
Evaluation : True
Valid, Epoch 23 : : total loss : 0.3555799831599803   Marker : 0.09252704611271224   Joint : 0.03563098521359779   Angle : 0.21266734275576635   body : 0.014754609927369808   
Current LR:  [4.4995524554468545e-05]
Evaluation : False
Train , Epoch 24 : : total loss : 0.11670185843002202   Marker : 0.07178548784423648   Joint : 0.02009686808976967   Angle : 0.024271129825760695   body : 0.0005483726200368115   
Evaluation : True
Valid, Epoch 24 : : total loss : 0.35565593683821245   Marker : 0.0928970186708828   Joint : 0.035535273155559925   Angle : 0.2125059758346204   body : 0.014717669646950387   
Current LR:  [4.06999888834651e-05]
Evaluation : False
Train , Epoch 25 : : total loss : 0.11530750370717875   Marker : 0.07111932367625819   Joint : 0.019875963860462514   Angle : 0.02376508009992259   body : 0.0005471360837046175   
Evaluation : True
Valid, Epoch 25 : : total loss : 0.3531515358152294   Marker : 0.09230835926586281   Joint : 0.03539651805479819   Angle : 0.2108339629681538   body : 0.014612696771933739   
Current LR:  [3.681453014530254e-05]
Best Loss : 0.09230835926586281
Evaluation : False
Train , Epoch 26 : : total loss : 0.11392073922679614   Marker : 0.07034424468762554   Joint : 0.019637086085952694   Angle : 0.023396264831921813   body : 0.00054314372458616   
Evaluation : True
Valid, Epoch 26 : : total loss : 0.3546522852153217   Marker : 0.09204791798599044   Joint : 0.03561051945541685   Angle : 0.21234118849948636   body : 0.014652659588539244   
Current LR:  [3.330000000000004e-05]
Best Loss : 0.09204791798599044
Evaluation : False
Train , Epoch 27 : : total loss : 0.11298064486900426   Marker : 0.06983024098799419   Joint : 0.01948413865564905   Angle : 0.023125397939751904   body : 0.0005408673408317631   
Evaluation : True
Valid, Epoch 27 : : total loss : 0.35320976632465834   Marker : 0.09206376728221832   Joint : 0.03525763078697791   Angle : 0.2111692091643171   body : 0.014719160402217737   
Training with lr from 3.33e-06 to 1e-06 in 2 epochs.
LR decay rate : 0.3003003003003003
Evaluation : False
Train , Epoch 28 : : total loss : 0.1098058632213965   Marker : 0.06803409402647799   Joint : 0.018903996463904373   Angle : 0.02233044868812729   body : 0.0005373242211752525   
Evaluation : True
Valid, Epoch 28 : : total loss : 0.35163920833170553   Marker : 0.09109969355863148   Joint : 0.03500368179185462   Angle : 0.21093014540631658   body : 0.014605686468685179   
Current LR:  [1e-06]
Best Loss : 0.09109969355863148
Evaluation : False
Train , Epoch 29 : : total loss : 0.10959938564091966   Marker : 0.06788067607318654   Joint : 0.018870885111672488   Angle : 0.022310114755726463   body : 0.0005377097663335814   
Evaluation : True
Valid, Epoch 29 : : total loss : 0.35172629494046914   Marker : 0.0912719759470426   Joint : 0.03495166340185429   Angle : 0.21075883884935132   body : 0.014743817280307063   
Finished Training
Load  /tudelft.net/staff-bulk/ewi/insy/VisionLab/students/wyang/dataset/models/model_28_OS_ALL_L2_ANGLE006.pt
layer3 uses center striding.
Use ResNet50 Next with center striding and Petrained model
Image size : (256, 256)
Load Pose Estimation Model : /tudelft.net/staff-bulk/ewi/insy/VisionLab/students/wyang/dataset/models/model_28_OS_ALL_L2_ANGLE006.pt
 OS Joint error : 0.03500368073582649 , SMPLH Joint error : 0.04285373166203499 , Marker error : 0.04538843035697937 , BonyLandmark : 0.04554983973503113
 OS Joint error : 0.029829949140548706 , SMPLH Joint error : 0.036355387419462204 , Marker error : 0.03764467313885689 , BonyLandmark : 0.03757370635867119
srun: Job step aborted: Waiting up to 32 seconds for job step to finish.
slurmstepd: error: *** STEP 6596597.0 ON ewi1 CANCELLED AT 2021-08-07T00:19:09 DUE TO TIME LIMIT ***
slurmstepd: error: *** JOB 6596597 ON ewi1 CANCELLED AT 2021-08-07T00:19:09 DUE TO TIME LIMIT ***
