/home/nfs/weitseyang/.bashrc: line 20: dirname: command not found
/home/nfs/weitseyang/.bashrc: line 21: dirname: command not found
              total        used        free      shared  buff/cache   available
Mem:         257670       18300      205049        5184       34320      233320
Swap:        262143           0      262143
Mon Aug  9 10:51:28 2021       
+-----------------------------------------------------------------------------+
| NVIDIA-SMI 470.57.02    Driver Version: 470.57.02    CUDA Version: 11.4     |
|-------------------------------+----------------------+----------------------+
| GPU  Name        Persistence-M| Bus-Id        Disp.A | Volatile Uncorr. ECC |
| Fan  Temp  Perf  Pwr:Usage/Cap|         Memory-Usage | GPU-Util  Compute M. |
|                               |                      |               MIG M. |
|===============================+======================+======================|
|   0  NVIDIA GeForce ...  On   | 00000000:89:00.0 Off |                  N/A |
| 30%   26C    P8     8W / 250W |      1MiB / 11178MiB |      0%      Default |
|                               |                      |                  N/A |
+-------------------------------+----------------------+----------------------+
                                                                               
+-----------------------------------------------------------------------------+
| Processes:                                                                  |
|  GPU   GI   CI        PID   Type   Process name                  GPU Memory |
|        ID   ID                                                   Usage      |
|=============================================================================|
|  No running processes found                                                 |
+-----------------------------------------------------------------------------+
BML_FOLDER: /tudelft.net/staff-bulk/ewi/insy/VisionLab/students/wyang/dataset/HDF5/BML/
DATASET:
  ANTIALIAS:
    TEST: 1
    TRAIN: 1
  BBOX:
    PARTIAL_VISUALBILITY: False
  COLOR:
    AUG: True
  DATASETPERIMG: 2000
  GEOM:
    AUG: True
    HFLIP: False
    ROT: 20
    SCALE_DOWN: 25
    SCALE_UP: 25
    SHIFT_AUG: 10
  INTERPOLATION:
    TEST: nearest
    TRAIN: nearest
  OCCLUSION:
    PROB: 0.7
    SCALE: 0.8
  TRAINING_USEDEACHFRAME: 2
  USEDEACHFRAME: 1
EVAL_WORKERS: 16
HYP:
  ANGLE: 0.06
  BODY: 0.1
  INTERMEDIATE_MARKER: 1.5
  INTERMEDIATE_POS: 1.5
  MARKER: 2.0
  POS: 1.0
  ROTMAT: 0.1
  SY_BODY: 0.05
LAYER:
  OS_TRANSIT:
    ACT_TYPE: 1
    BN: False
LOSS:
  ANGLE:
    BETA: 5
    EVAL_TYPE: 1
    H: 0.1
    MASKMINVALUE: 0
    TYPE: 1
    USE: True
    USEMASK: True
  BODY:
    BETA: 0.05
    EVAL_TYPE: 1
    H: 0.1
    TYPE: 1
    USE: False
  MARKER:
    BETA: 0.02
    TYPE: 1
    USE: True
  POS:
    BETA: 0.02
    TYPE: 1
    USE: True
  ROTMAT:
    BETA: 0.02
    EVAL_TYPE: 1
    TYPE: 1
    USE: False
  SY_BODY:
    EVAL_TYPE: 1
    TYPE: 1
    USE: False
MODEL:
  CONV_CHANNEL_SIZE: [2048]
  CONV_LAYER: 1
  FULLCONV: True
  IMGSIZE: (256, 256)
  INTERMEDIATE_POSE_ESTIMATION: False
  METRIC_SCALE:
    BBOX_SIZE: 2.2
    DEPTH: 8
    EVAL_STRIDING: 4
    STRIDING: 32
  NUMPRED: 115
  NUM_PRED: 115
  RESNET:
    CENTER_STRIDING: True
    NEXT: True
    PRETRAINED: True
MODEL_FOLDER: /tudelft.net/staff-bulk/ewi/insy/VisionLab/students/wyang/dataset/models/
PASCAL_PATH: /tudelft.net/staff-bulk/ewi/insy/VisionLab/students/wyang/dataset/HDF5/PASCAL/pascal.hdf5
PCA_PATH: None
POSTFIX: OS_ALL_L1_ANGLE006_NO_BODY
PREDICTION:
  BODY: ['pelvis', 'lumbar5', 'lumbar4', 'lumbar3', 'lumbar2', 'lumbar1', 'thoracic12', 'thoracic11', 'thoracic10', 'thoracic9', 'thoracic8', 'thoracic7', 'thoracic6', 'thoracic5', 'thoracic4', 'thoracic3', 'thoracic2', 'thoracic1', 'head_neck', 'femur_r', 'tibia_r', 'talus_r', 'calcn_r', 'toes_r', 'femur_l', 'tibia_l', 'talus_l', 'calcn_l', 'toes_l', 'cerv6', 'cerv5', 'cerv4', 'cerv3', 'cerv2', 'cerv1', 'jaw', 'skull', 'thorax', 'clavicle', 'scapula', 'humerus', 'ulna', 'radius', 'clavicle_l', 'scapula_l', 'humerus_l', 'ulna_l', 'radius_l']
  BODY_AMPITUDE_VALUE: [0.38330534, 0.11688988, 0.27979052, 0.18767838, 0.12217734, 0.17559392, 0.25814359, 0.19320878, 0.09488225, 0.23721306, 0.3308586, 0.22396367, 0.08659548, 1e-06, 0.1634575, 0.18397586, 0.23942574, 0.23136499, 0.14410597, 0.14576365, 0.17185328, 0.18178275, 0.15676707, 0.19965802, 0.12167494, 0.14225374, 0.19253547, 0.08705724, 0.13519439, 0.09673029, 0.16227082, 0.25709417, 0.27539152, 0.21485549, 0.11401759, 0.22396367, 0.21485549, 0.1838405, 0.18214334, 0.43287996, 0.43287996, 0.13003099, 0.13036308, 0.2175328, 0.20085876, 0.30206298, 0.3034652, 0.2025831, 0.20302752, 0.1691131, 0.22653959]
  BODY_AVG_VALUE: [1.21267658, 1.19278473, 1.09221309, 0.82231784, 0.65399921, 0.86740023, 1.23414558, 1.13399419, 1.00263798, 1.01988775, 1.04674897, 0.92795962, 0.80902216, 0.94262153, 0.96230629, 0.95413619, 1.04046246, 1.03910667, 0.68939832, 0.71175453, 0.74281865, 0.76454479, 0.9076589, 1.02388528, 0.64942223, 0.89473501, 0.89226717, 0.61283192, 0.7215803, 0.68092433, 1.08504841, 1.17846495, 1.14104316, 1.14461103, 0.74801221, 0.92795962, 1.14461103, 0.89621243, 0.8843008, 1.13165459, 1.13165459, 0.73835266, 0.74087435, 1.07924646, 1.08077973, 1.01209745, 0.99989337, 1.0244289, 1.03203484, 0.82801554, 0.7559647]
  BODY_SCALE_MAPPING: [[0, 1, 2], [10, 3, 9], [10, 3, 9], [10, 3, 9], [10, 3, 9], [10, 3, 9], [10, 3, 9], [10, 4, 9], [10, 4, 9], [10, 5, 9], [10, 5, 9], [10, 6, 9], [10, 6, 9], [10, 6, 9], [10, 6, 9], [10, 6, 9], [10, 6, 9], [10, 6, 9], [11, 7, 9], [16, 14, 16], [20, 18, 20], [20, 18, 20], [22, 23, 24], [28, 30, 30], [17, 15, 17], [21, 19, 21], [21, 19, 21], [25, 26, 27], [29, 31, 31], [11, 7, 9], [11, 7, 9], [11, 7, 9], [11, 7, 9], [11, 7, 9], [11, 7, 9], [12, 8, 13], [12, 8, 13], [32, 33, 34], [37, 35, 41], [39, 36, 41], [45, 43, 45], [49, 47, 49], [49, 47, 49], [38, 35, 42], [40, 36, 42], [46, 44, 46], [50, 48, 50], [50, 48, 50]]
  BODY_SCALE_UNIQUE_NUMS: 51
  BODY_WEIGHTS: [[2.0, 2.0, 2.0], [1.0, 2.0, 1.0], [1.0, 2.0, 1.0], [1.0, 2.0, 1.0], [1.0, 2.0, 1.0], [1.0, 2.0, 1.0], [1.0, 2.0, 1.0], [1.0, 2.0, 1.0], [1.0, 2.0, 1.0], [1.0, 2.0, 1.0], [1.0, 2.0, 1.0], [1.0, 2.0, 1.0], [1.0, 2.0, 1.0], [1.0, 2.0, 1.0], [1.0, 2.0, 1.0], [1.0, 2.0, 1.0], [1.0, 2.0, 1.0], [1.0, 2.0, 1.0], [1.0, 2.0, 1.0], [1.0, 2.0, 1.0], [1.0, 2.0, 1.0], [1.0, 2.0, 1.0], [2.0, 1.0, 1.0], [2.0, 1.0, 1.0], [1.0, 2.0, 1.0], [1.0, 2.0, 1.0], [1.0, 2.0, 1.0], [2.0, 1.0, 1.0], [2.0, 1.0, 1.0], [1.0, 2.0, 1.0], [1.0, 2.0, 1.0], [1.0, 2.0, 1.0], [1.0, 2.0, 1.0], [1.0, 2.0, 1.0], [1.0, 2.0, 1.0], [1.0, 1.0, 2.0], [1.0, 1.0, 2.0], [2.0, 1.0, 1.0], [1.0, 1.0, 2.0], [1.0, 1.0, 2.0], [1.0, 2.0, 1.0], [1.0, 2.0, 1.0], [1.0, 2.0, 1.0], [1.0, 1.0, 2.0], [1.0, 1.0, 2.0], [1.0, 2.0, 1.0], [1.0, 2.0, 1.0], [1.0, 2.0, 1.0]]
  COORDINATES: ['L5_S1_FE', 'L5_S1_LB', 'L5_S1_AR', 'L4_L5_FE', 'L4_L5_LB', 'L4_L5_AR', 'T12_L1_FE', 'T12_L1_LB', 'T12_L1_AR', 'T11_T12_FE', 'T11_T12_LB', 'T11_T12_AR', 'T10_T11_FE', 'T10_T11_LB', 'T10_T11_AR', 'T9_T10_FE', 'T9_T10_LB', 'T9_T10_AR', 'T8_T9_FE', 'T8_T9_LB', 'T8_T9_AR', 'T1_T2_FE', 'T1_T2_LB', 'T1_T2_AR', 'T1_head_neck_FE', 'T1_head_neck_LB', 'T1_head_neck_AR', 'hip_flexion_r', 'hip_adduction_r', 'hip_rotation_r', 'knee_angle_r', 'knee_angle_y_r', 'knee_angle_x_r', 'ankle_angle_r', 'subtalar_angle_r', 'mtp_angle_r', 'hip_flexion_l', 'hip_adduction_l', 'hip_rotation_l', 'knee_angle_l', 'knee_angle_y_l', 'knee_angle_x_l', 'ankle_angle_l', 'subtalar_angle_l', 'mtp_angle_l', 'skull_z', 'skull_y', 'skull_x', 'sternoclavicular_r2', 'sternoclavicular_r3', 'acromioclavicular_r2', 'elv_angle', 'shoulder_elv', 'shoulder1_r2', 'shoulder_rot', 'elbow_flexion', 'elbow_x', 'pro_sup', 'sternoclavicular_r2_l', 'sternoclavicular_r3_l', 'acromioclavicular_r2_l', 'elv_angle_l', 'shoulder_elv_l', 'shoulder1_r2_l', 'shoulder_rot_l', 'elbow_flexion_l', 'elbow_x_l', 'pro_sup_l', 'ribs_bending']
  JOINTS: ['ground_pelvis', 'L5_S1_IVDjnt', 'L4_L5_IVDjnt', 'L3_L4_IVDjnt', 'L2_L3_IVDjnt', 'L1_L2_IVDjnt', 'T12_L1_IVDjnt', 'T11_T12_IVDjnt', 'T10_T11_IVDjnt', 'T9_T10_IVDjnt', 'T8_T9_IVDjnt', 'T7_T8_IVDjnt', 'T6_T7_IVDjnt', 'T5_T6_IVDjnt', 'T4_T5_IVDjnt', 'T3_T4_IVDjnt', 'T2_T3_IVDjnt', 'T1_T2_IVDjnt', 'T1_head_neck', 'hip_r', 'knee_r', 'ankle_r', 'subtalar_r', 'mtp_r', 'hip_l', 'knee_l', 'ankle_l', 'subtalar_l', 'mtp_l', 'C7_cerv6', 'C7_cerv5', 'C7_cerv4', 'C7_cerv3', 'C7_cerv2', 'C7_cerv1', 'skull_jaw', 'C7_skull', 'sternoclavicular', 'acromioclavicular', 'shoulder2', 'elbow', 'radioulnar', 'sternoclavicular_l', 'acromioclavicular_l', 'shoulder2_l', 'elbow_l', 'radioulnar_l', 'T1_rib']
  Joints_Inside_Cylinder_Body_LIST: [['ROOT', 'Torso'], ['RHIPJ', 'Torso'], ['LHIPJ', 'Torso'], ['Spine1', 'Torso'], ['Spine2', 'Torso'], ['Spine3', 'Torso'], ['LCOL', 'Torso'], ['RCOL', 'Torso'], ['NECK', 'Torso'], ['HEAD', 'HEAD'], ['RKNE', 'RightLeg'], ['RKNI', 'RightLeg'], ['LKNE', 'LeftLeg'], ['LKNI', 'LeftLeg'], ['LANK', 'LeftShrank'], ['RANK', 'RightShrank'], ['LANI', 'LeftShrank'], ['RANI', 'RightShrank'], ['RTOE', 'RightFOOT'], ['LTOE', 'LeftFOOT'], ['RMT1', 'RightFOOT'], ['LMT1', 'LeftFOOT'], ['RMT5', 'RightFOOT'], ['LMT5', 'LeftFOOT'], ['LELB', 'LeftArm'], ['RELB', 'RightArm'], ['LELBIN', 'LeftArm'], ['RELBIN', 'RightArm'], ['LIWR', 'LeftForearm'], ['RIWR', 'RightForearm'], ['LOWR', 'LeftForearm'], ['ROWR', 'RightForearm'], ['ground_pelvis', 'Torso'], ['L5_S1_IVDjnt', 'Torso'], ['L4_L5_IVDjnt', 'Torso'], ['L3_L4_IVDjnt', 'Torso'], ['L2_L3_IVDjnt', 'Torso'], ['L1_L2_IVDjnt', 'Torso'], ['T12_L1_IVDjnt', 'Torso'], ['T11_T12_IVDjnt', 'Torso'], ['T10_T11_IVDjnt', 'Torso'], ['T9_T10_IVDjnt', 'Torso'], ['T8_T9_IVDjnt', 'Torso'], ['T7_T8_IVDjnt', 'Torso'], ['T6_T7_IVDjnt', 'Torso'], ['T5_T6_IVDjnt', 'Torso'], ['T4_T5_IVDjnt', 'Torso'], ['T3_T4_IVDjnt', 'Torso'], ['T2_T3_IVDjnt', 'Torso'], ['T1_T2_IVDjnt', 'Torso'], ['T1_head_neck', 'HEAD'], ['hip_r', 'RightLeg'], ['knee_r', 'RightLeg'], ['ankle_r', 'RightShrank'], ['subtalar_r', 'RightShrank'], ['mtp_r', 'RightFOOT'], ['hip_l', 'LeftLeg'], ['knee_l', 'LeftLeg'], ['ankle_l', 'LeftShrank'], ['subtalar_l', 'LeftShrank'], ['mtp_l', 'LeftFOOT'], ['C7_cerv6', 'HEAD'], ['C7_cerv5', 'HEAD'], ['C7_cerv4', 'HEAD'], ['C7_cerv3', 'HEAD'], ['C7_cerv2', 'HEAD'], ['C7_cerv1', 'HEAD'], ['skull_jaw', 'HEAD'], ['C7_skull', 'HEAD'], ['sternoclavicular', 'RightArm'], ['acromioclavicular', 'RightArm'], ['shoulder2', 'RightArm'], ['elbow', 'RightArm'], ['radioulnar', 'RightForearm'], ['sternoclavicular_l', 'LeftArm'], ['acromioclavicular_l', 'LeftArm'], ['shoulder2_l', 'LeftArm'], ['elbow_l', 'LeftArm'], ['radioulnar_l', 'LeftForearm'], ['T1_rib', 'Torso'], ['radiocarpal', 'RightForearm'], ['radiocarpal_l', 'LeftForearm']]
  LEAFJOINTS: ['radiocarpal', 'radiocarpal_l']
  MARKER: ['ROOT', 'LHIPJ', 'RHIPJ', 'Spine1', 'LKJC', 'RKJC', 'Spine2', 'LAJC', 'RAJC', 'Spine3', 'LFOOT', 'RFOOT', 'NECK', 'LCOL', 'RCOL', 'HEAD', 'LSHOULDER', 'RSHOULDER', 'LELC', 'RELC', 'LWRIST', 'RWRIST', 'LPSI', 'RPSI', 'RASI', 'LASI', 'T12', 'T10', 'T8', 'T1', 'C7', 'RKNE', 'RKNI', 'LKNE', 'LKNI', 'LANK', 'RANK', 'LANI', 'RANI', 'LHEE', 'RHEE', 'RTOE', 'LTOE', 'RMT1', 'LMT1', 'RMT5', 'LMT5', 'LSHO', 'RSHO', 'STRN', 'CLAV', 'RCLAV', 'LCLAV', 'LELB', 'RELB', 'LELBIN', 'RELBIN', 'LIWR', 'RIWR', 'LOWR', 'ROWR', 'LFHD', 'RFHD', 'LBHD', 'RBHD']
  MIRROR_BONES: [0, 1, 2, 3, 4, 5, 6, 7, 8, 9, 10, 11, 12, 13, 14, 15, 16, 17, 18, 24, 25, 26, 27, 28, 19, 20, 21, 22, 23, 29, 30, 31, 32, 33, 34, 35, 36, 37, 43, 44, 45, 46, 47, 38, 39, 40, 41, 42]
  NUM_JOINTS: 50
  NUM_MARKERS: 65
  NUM_SMPL_JOINTS: 22
  POS_NAME: ['ground_pelvis', 'L5_S1_IVDjnt', 'L4_L5_IVDjnt', 'L3_L4_IVDjnt', 'L2_L3_IVDjnt', 'L1_L2_IVDjnt', 'T12_L1_IVDjnt', 'T11_T12_IVDjnt', 'T10_T11_IVDjnt', 'T9_T10_IVDjnt', 'T8_T9_IVDjnt', 'T7_T8_IVDjnt', 'T6_T7_IVDjnt', 'T5_T6_IVDjnt', 'T4_T5_IVDjnt', 'T3_T4_IVDjnt', 'T2_T3_IVDjnt', 'T1_T2_IVDjnt', 'T1_head_neck', 'hip_r', 'knee_r', 'ankle_r', 'subtalar_r', 'mtp_r', 'hip_l', 'knee_l', 'ankle_l', 'subtalar_l', 'mtp_l', 'C7_cerv6', 'C7_cerv5', 'C7_cerv4', 'C7_cerv3', 'C7_cerv2', 'C7_cerv1', 'skull_jaw', 'C7_skull', 'sternoclavicular', 'acromioclavicular', 'shoulder2', 'elbow', 'radioulnar', 'sternoclavicular_l', 'acromioclavicular_l', 'shoulder2_l', 'elbow_l', 'radioulnar_l', 'T1_rib', 'radiocarpal', 'radiocarpal_l', 'ROOT', 'LHIPJ', 'RHIPJ', 'Spine1', 'LKJC', 'RKJC', 'Spine2', 'LAJC', 'RAJC', 'Spine3', 'LFOOT', 'RFOOT', 'NECK', 'LCOL', 'RCOL', 'HEAD', 'LSHOULDER', 'RSHOULDER', 'LELC', 'RELC', 'LWRIST', 'RWRIST', 'LPSI', 'RPSI', 'RASI', 'LASI', 'T12', 'T10', 'T8', 'T1', 'C7', 'RKNE', 'RKNI', 'LKNE', 'LKNI', 'LANK', 'RANK', 'LANI', 'RANI', 'LHEE', 'RHEE', 'RTOE', 'LTOE', 'RMT1', 'LMT1', 'RMT5', 'LMT5', 'LSHO', 'RSHO', 'STRN', 'CLAV', 'RCLAV', 'LCLAV', 'LELB', 'RELB', 'LELBIN', 'RELBIN', 'LIWR', 'RIWR', 'LOWR', 'ROWR', 'LFHD', 'RFHD', 'LBHD', 'RBHD']
PROGRESSBAR: False
RESNETPATH: None
SEED: 100
STARTMODELPATH: None
TESTMODE: False
TEST_SUBJECTS: [2, 29, 19, 21, 51, 26, 7, 72, 77, 17, 65, 80, 6, 76, 10, 73, 13, 38]
TRAINING:
  AWARED_OCCLUSION:
    GT: False
    USE: False
  BATCHSIZE: 64
  COORDINATE_MAX_WEIGHT: 2
  END_LR: [3.33e-05, 1e-06]
  EPOCH: [28, 2]
  EVALUATION_BATCHSIZE: 64
  LOSS2D: False
  LOSSTYPE: 1
  MARKER_PREDICTION: True
  MARKER_TYPE: [10, 10, 10, 1, 1, 1, 1, 1, 1, 1, 20, 20, 10, 1, 1, 10, 0, 0, 1, 1, 1, 1, 20, 20, 20, 20, 10, 20, 10, 10, 20, 20, 20, 20, 20, 20, 20, 20, 20, 20, 20, 10, 10, 1, 1, 1, 1, 20, 20, 20, 20, 1, 1, 20, 20, 20, 20, 20, 20, 20, 20, 10, 10, 10, 10]
  MARKER_WEIGHT: [1.0, 1.0, 1.0, 0.1, 0.1, 0.1, 0.1, 0.1, 0.1, 0.1, 2.0, 2.0, 1.0, 0.1, 0.1, 1.0, 0.0, 0.0, 0.1, 0.1, 0.1, 0.1, 2.0, 2.0, 2.0, 2.0, 1.0, 2.0, 1.0, 1.0, 2.0, 2.0, 2.0, 2.0, 2.0, 2.0, 2.0, 2.0, 2.0, 2.0, 2.0, 1.0, 1.0, 0.1, 0.1, 0.1, 0.1, 2.0, 2.0, 2.0, 2.0, 0.1, 0.1, 2.0, 2.0, 2.0, 2.0, 2.0, 2.0, 2.0, 2.0, 1.0, 1.0, 1.0, 1.0]
  PCA: False
  PCA_COMPONENTS: 51
  START_LR: [0.0005, 3.33e-06]
  TRAINING_STEPS: 2
  USE_BODY_WEIGHTS: False
  USE_OS_SIMULATION: False
  VALID_BATCHSIZE: 64
TRAINING_SUBJECTS: [78, 59, 79, 44, 56, 88, 75, 61, 53, 47, 40, 41, 32, 70, 28, 39, 69, 11, 3, 90, 71, 54, 20, 85, 37, 34, 33, 46, 67, 63, 55, 36, 42, 50, 24, 35, 84, 45, 60, 16, 74, 82, 27, 89, 57, 5, 49, 22, 4, 66, 31, 83, 43, 48, 52, 68, 25, 9, 18, 1, 81, 58, 23, 62, 64, 8, 87]
VALID_SUBJECTS: [14, 86, 15, 30]
VALID_WORKERS: 16
WORKERS: 16
84900 training data, 21822 valid data, 100839 test data
layer3 uses center striding.
Use ResNet50 Next with center striding and Petrained model
Image size : (256, 256)
Training with lr from 0.0005 to 3.33e-05 in 28 epochs.
LR decay rate : 0.904534157262606
Evaluation : False
Train , Epoch 0 : : total loss : 0.9688795982982239   Marker : 0.43558255804430124   Joint : 0.13161228157209057   Angle : 0.4016847596538912   
Evaluation : True
/tudelft.net/staff-bulk/ewi/insy/VisionLab/students/wyang/miniconda/miniconda/lib/python3.8/site-packages/torch/nn/functional.py:718: UserWarning: Named tensors and all their associated APIs are an experimental feature and subject to change. Please do not use them for anything important until they are released as stable. (Triggered internally at  /opt/conda/conda-bld/pytorch_1623448278899/work/c10/core/TensorImpl.h:1156.)
  return torch.max_pool2d(input, kernel_size, stride, padding, dilation, ceil_mode)
Valid, Epoch 0 : : total loss : 0.5476613031191018   Marker : 0.19123853582606484   Joint : 0.06667739246322259   Angle : 0.28974537398854266   
Current LR:  [0.00045226707863130303]
Best Loss : 0.19123853582606484
Evaluation : False
Train , Epoch 1 : : total loss : 0.7533198126211066   Marker : 0.3159115581603252   Joint : 0.09390683224365722   Angle : 0.34350142222274305   
Evaluation : True
Valid, Epoch 1 : : total loss : 0.4747844120396581   Marker : 0.152284570579819   Joint : 0.05517158843935405   Angle : 0.2673282525397584   
Current LR:  [0.00040909102082738646]
Best Loss : 0.152284570579819
Evaluation : False
Train , Epoch 2 : : total loss : 0.6509482707732763   Marker : 0.2617078327979797   Joint : 0.07765824962997328   Angle : 0.31158218790143505   
Evaluation : True
Valid, Epoch 2 : : total loss : 0.44652017910313774   Marker : 0.1412077340772921   Joint : 0.05267677035299823   Angle : 0.2526356747602523   
Current LR:  [0.0003700368017677992]
Best Loss : 0.1412077340772921
Evaluation : False
Train , Epoch 3 : : total loss : 0.5798540639706506   Marker : 0.2271513751234584   Joint : 0.06699558633462516   Angle : 0.2857071028216033   
Evaluation : True
Valid, Epoch 3 : : total loss : 0.45092526396432464   Marker : 0.14472473968933794   Joint : 0.05196227649099262   Angle : 0.25423824827564634   
Current LR:  [0.00033471092664318623]
Evaluation : False
Train , Epoch 4 : : total loss : 0.5563223612344462   Marker : 0.21733828938564745   Joint : 0.06411755719077443   Angle : 0.2748665146383585   
Evaluation : True
Valid, Epoch 4 : : total loss : 0.3934847562781351   Marker : 0.12036647679508361   Joint : 0.04403260361426102   Angle : 0.22908567558472473   
Current LR:  [0.0003027574659577804]
Best Loss : 0.12036647679508361
Evaluation : False
Train , Epoch 5 : : total loss : 0.5071947642491055   Marker : 0.1939926112174628   Joint : 0.056841079274903235   Angle : 0.2563610737455017   
Evaluation : True
Valid, Epoch 5 : : total loss : 0.38798361241506096   Marker : 0.11695729295358072   Joint : 0.04295814678656083   Angle : 0.22806817230344878   
Current LR:  [0.000273854469325083]
Best Loss : 0.11695729295358072
Evaluation : False
Train , Epoch 6 : : total loss : 0.4721800947890562   Marker : 0.17839875527366794   Joint : 0.052009040835351426   Angle : 0.2417722989441223   
Evaluation : True
Valid, Epoch 6 : : total loss : 0.37778289376427454   Marker : 0.111624956393196   Joint : 0.04125095314027277   Angle : 0.22490698379378152   
Current LR:  [0.0002477107216235621]
Best Loss : 0.111624956393196
Evaluation : False
Train , Epoch 7 : : total loss : 0.4469560803016746   Marker : 0.16765929057317622   Joint : 0.04860592183697727   Angle : 0.23069086732682778   
Evaluation : True
Valid, Epoch 7 : : total loss : 0.38621446553383154   Marker : 0.11691317804333226   Joint : 0.044843527007939865   Angle : 0.22445776084310445   
Current LR:  [0.00022406280882868076]
Evaluation : False
Train , Epoch 8 : : total loss : 0.4313270363332999   Marker : 0.161813458335076   Joint : 0.04676856187089356   Angle : 0.2227450161947564   
Evaluation : True
Valid, Epoch 8 : : total loss : 0.36540852863884093   Marker : 0.1081958686100356   Joint : 0.04042368773830198   Angle : 0.21678897198458638   
Current LR:  [0.00020267246395774314]
Best Loss : 0.1081958686100356
Evaluation : False
Train , Epoch 9 : : total loss : 0.4084111591899377   Marker : 0.1521168651275595   Joint : 0.04382207815508677   Angle : 0.21247221549711615   
Evaluation : True
Valid, Epoch 9 : : total loss : 0.3610742452896086   Marker : 0.10430163365216273   Joint : 0.039513557742358936   Angle : 0.21725905392786374   
Current LR:  [0.00018332416638635308]
Best Loss : 0.10430163365216273
Evaluation : False
Train , Epoch 10 : : total loss : 0.39361909512840604   Marker : 0.14633323370196702   Joint : 0.04201551228705484   Angle : 0.2052703495298935   
Evaluation : True
Valid, Epoch 10 : : total loss : 0.3556276583975302   Marker : 0.1038182634621621   Joint : 0.03770405574697544   Angle : 0.21410533796472472   
Current LR:  [0.00016582297034814964]
Best Loss : 0.1038182634621621
Evaluation : False
Train , Epoch 11 : : total loss : 0.38055453246085713   Marker : 0.14123667366409373   Joint : 0.040432208382031494   Angle : 0.19888565082490714   
Evaluation : True
Valid, Epoch 11 : : total loss : 0.3499160014395425   Marker : 0.10086091488378533   Joint : 0.037285733743020286   Angle : 0.21176935205887004   
Current LR:  [0.00014999254073864564]
Best Loss : 0.10086091488378533
Evaluation : False
Train , Epoch 12 : : total loss : 0.3679807526403603   Marker : 0.13631382725042815   Joint : 0.038954330394732825   Angle : 0.1927125954025651   
Evaluation : True
Valid, Epoch 12 : : total loss : 0.35073896582366326   Marker : 0.10215725027753347   Joint : 0.03748510689316306   Angle : 0.21109660964719687   
Current LR:  [0.00013567337643270792]
Evaluation : False
Train , Epoch 13 : : total loss : 0.35708378446407807   Marker : 0.13193519814656332   Joint : 0.03762598833010208   Angle : 0.1875225978581794   
Evaluation : True
Valid, Epoch 13 : : total loss : 0.3468940633648465   Marker : 0.10031842431557975   Joint : 0.037536970396306706   Angle : 0.20903866761502746   
Current LR:  [0.00012272120321453177]
Best Loss : 0.10031842431557975
Evaluation : False
Train , Epoch 14 : : total loss : 0.34900323725214194   Marker : 0.129004902120674   Joint : 0.03668351117999126   Angle : 0.1833148236143463   
Evaluation : True
Valid, Epoch 14 : : total loss : 0.3415834447682237   Marker : 0.09795421293638179   Joint : 0.036398382019072334   Angle : 0.20723084924463805   
Current LR:  [0.0001110055201279095]
Best Loss : 0.09795421293638179
Evaluation : False
Train , Epoch 15 : : total loss : 0.3394256427681824   Marker : 0.12514491233171202   Joint : 0.03549633819475028   Angle : 0.17878439269544133   
Evaluation : True
Valid, Epoch 15 : : total loss : 0.34234970193463826   Marker : 0.09823008012338952   Joint : 0.03703842404760347   Angle : 0.20708119793845495   
Current LR:  [0.00010040828460039587]
Evaluation : False
Train , Epoch 16 : : total loss : 0.33250374125589255   Marker : 0.12252535725498451   Joint : 0.03471128087277281   Angle : 0.17526710350319272   
Evaluation : True
Valid, Epoch 16 : : total loss : 0.3420639309040972   Marker : 0.09739317980075711   Joint : 0.03625840794842377   Angle : 0.20841234299103223   
Current LR:  [9.082272309320297e-05]
Best Loss : 0.09739317980075711
Evaluation : False
Train , Epoch 17 : : total loss : 0.325687880879254   Marker : 0.11997210631093648   Joint : 0.033886081713278456   Angle : 0.17182969254740763   
Evaluation : True
Valid, Epoch 17 : : total loss : 0.3363814343891313   Marker : 0.09582930178900555   Joint : 0.03585144879345758   Angle : 0.2047006843310973   
Current LR:  [8.215225529340538e-05]
Best Loss : 0.09582930178900555
Evaluation : False
Train , Epoch 18 : : total loss : 0.318915528769227   Marker : 0.11735515717872128   Joint : 0.03309817328138859   Angle : 0.16846219824450048   
Evaluation : True
Valid, Epoch 18 : : total loss : 0.33866589579155243   Marker : 0.09729022167308249   Joint : 0.03614792016607716   Angle : 0.20522775476088764   
Current LR:  [7.43095210090429e-05]
Evaluation : False
Train , Epoch 19 : : total loss : 0.312984798626123   Marker : 0.11499502117637415   Joint : 0.03237359216478885   Angle : 0.16561618519224913   
Evaluation : True
Valid, Epoch 19 : : total loss : 0.3371881354402506   Marker : 0.09601886691318162   Joint : 0.03568549942723357   Angle : 0.2054837691162238   
Current LR:  [6.721549996250254e-05]
Evaluation : False
Train , Epoch 20 : : total loss : 0.3084885825263968   Marker : 0.1133656510310655   Joint : 0.031842818214006016   Angle : 0.1632801131605203   
Evaluation : True
Valid, Epoch 20 : : total loss : 0.34036389398876377   Marker : 0.09582113946525371   Joint : 0.03585994569751172   Angle : 0.20868280912645248   
Current LR:  [6.0798715613566956e-05]
Best Loss : 0.09582113946525371
Evaluation : False
Train , Epoch 21 : : total loss : 0.30431883210150545   Marker : 0.1118135624038418   Joint : 0.0313799103278088   Angle : 0.16112535926731103   
Evaluation : True
Valid, Epoch 21 : : total loss : 0.3350690871042834   Marker : 0.09430921146559591   Joint : 0.03551067729971278   Angle : 0.20524919696234836   
Current LR:  [5.499451499016663e-05]
Best Loss : 0.09430921146559591
Evaluation : False
Train , Epoch 22 : : total loss : 0.30018730591954507   Marker : 0.11024945429884471   Joint : 0.030904841135911992   Angle : 0.1590330099538081   
Evaluation : True
Valid, Epoch 22 : : total loss : 0.3359536289917473   Marker : 0.09575920954555608   Joint : 0.03601087734271184   Angle : 0.20418354234930552   
Current LR:  [4.974441727069613e-05]
Evaluation : False
Train , Epoch 23 : : total loss : 0.29617994601190717   Marker : 0.10870241998592294   Joint : 0.030400412327147807   Angle : 0.15707711370866942   
Evaluation : True
Valid, Epoch 23 : : total loss : 0.33395694272566884   Marker : 0.09433287165252571   Joint : 0.03552039982188514   Angle : 0.20410367179753833   
Current LR:  [4.4995524554468545e-05]
Evaluation : False
Train , Epoch 24 : : total loss : 0.2937129929684226   Marker : 0.10783840949066983   Joint : 0.0301252034089639   Angle : 0.155749380116549   
Evaluation : True
Valid, Epoch 24 : : total loss : 0.33501747672558485   Marker : 0.09465995663934904   Joint : 0.03519453772724128   Angle : 0.2051629813866156   
Current LR:  [4.06999888834651e-05]
Evaluation : False
Train , Epoch 25 : : total loss : 0.2897081849352087   Marker : 0.10630751351178322   Joint : 0.029652210300841662   Angle : 0.15374846097930345   
Evaluation : True
Valid, Epoch 25 : : total loss : 0.33419595661920254   Marker : 0.09485570808213459   Joint : 0.03525243944147638   Angle : 0.20408780899726114   
Current LR:  [3.681453014530254e-05]
Evaluation : False
Train , Epoch 26 : : total loss : 0.2870207204515758   Marker : 0.10528032411434891   Joint : 0.029341994135796485   Angle : 0.15239840244725458   
Evaluation : True
Valid, Epoch 26 : : total loss : 0.3344889737740084   Marker : 0.09407041645565738   Joint : 0.03532019792080756   Angle : 0.2050983586108998   
Current LR:  [3.330000000000004e-05]
Best Loss : 0.09407041645565738
Evaluation : False
Train , Epoch 27 : : total loss : 0.28530140622304034   Marker : 0.10470255203039398   Joint : 0.0291468614521317   Angle : 0.1514519933908953   
Evaluation : True
Valid, Epoch 27 : : total loss : 0.3332131697576322   Marker : 0.09440974010991608   Joint : 0.03541956127274431   Angle : 0.20338386838589742   
Training with lr from 3.33e-06 to 1e-06 in 2 epochs.
LR decay rate : 0.3003003003003003
Evaluation : False
Train , Epoch 28 : : total loss : 0.2786305582721129   Marker : 0.10182449023827889   Joint : 0.028225589706527342   Angle : 0.14858047797331983   
Evaluation : True
srun: Job step aborted: Waiting up to 32 seconds for job step to finish.
slurmstepd: error: *** STEP 6599876.0 ON insy14 CANCELLED AT 2021-08-10T11:51:54 DUE TO TIME LIMIT ***
slurmstepd: error: *** JOB 6599876 ON insy14 CANCELLED AT 2021-08-10T11:51:54 DUE TO TIME LIMIT ***
