/home/nfs/weitseyang/.bashrc: line 20: dirname: command not found
/home/nfs/weitseyang/.bashrc: line 21: dirname: command not found
              total        used        free      shared  buff/cache   available
Mem:         385423       26991      323760         868       34671      356451
Swap:         57080           0       57080
Sat Jul 31 19:28:37 2021       
+-----------------------------------------------------------------------------+
| NVIDIA-SMI 470.57.02    Driver Version: 470.57.02    CUDA Version: 11.4     |
|-------------------------------+----------------------+----------------------+
| GPU  Name        Persistence-M| Bus-Id        Disp.A | Volatile Uncorr. ECC |
| Fan  Temp  Perf  Pwr:Usage/Cap|         Memory-Usage | GPU-Util  Compute M. |
|                               |                      |               MIG M. |
|===============================+======================+======================|
|   0  NVIDIA GeForce ...  On   | 00000000:B2:00.0 Off |                  N/A |
| 27%   31C    P8    19W / 250W |      1MiB / 11019MiB |      0%      Default |
|                               |                      |                  N/A |
+-------------------------------+----------------------+----------------------+
                                                                               
+-----------------------------------------------------------------------------+
| Processes:                                                                  |
|  GPU   GI   CI        PID   Type   Process name                  GPU Memory |
|        ID   ID                                                   Usage      |
|=============================================================================|
|  No running processes found                                                 |
+-----------------------------------------------------------------------------+
BML_FOLDER: /tudelft.net/staff-bulk/ewi/insy/VisionLab/students/wyang/dataset/HDF5/BML/
DATASET:
  ANTIALIAS:
    TEST: 1
    TRAIN: 1
  BBOX:
    PARTIAL_VISUALBILITY: False
  COLOR:
    AUG: True
  DATASETPERIMG: 2000
  GEOM:
    AUG: True
    HFLIP: False
    ROT: 20
    SCALE_DOWN: 25
    SCALE_UP: 25
    SHIFT_AUG: 10
  INTERPOLATION:
    TEST: nearest
    TRAIN: nearest
  OCCLUSION:
    PROB: 0.7
    SCALE: 0.8
  TRAINING_USEDEACHFRAME: 2
  USEDEACHFRAME: 1
EVAL_WORKERS: 16
HYP:
  ANGLE: 0.01
  BODY: 0.1
  INTERMEDIATE_MARKER: 1.5
  INTERMEDIATE_POS: 1.5
  MARKER: 2.0
  POS: 1.0
  ROTMAT: 0.1
  SY_BODY: 0.05
LAYER:
  OS_TRANSIT:
    ACT_TYPE: 1
    BN: False
LOSS:
  ANGLE:
    BETA: 5
    EVAL_TYPE: 1
    H: 0.1
    MASKMINVALUE: 0
    TYPE: 3
    USE: True
    USEMASK: True
  BODY:
    BETA: 0.05
    EVAL_TYPE: 1
    H: 0.1
    TYPE: 3
    USE: True
  MARKER:
    BETA: 0.04
    TYPE: 1
    USE: True
  POS:
    BETA: 0.04
    TYPE: 1
    USE: True
  ROTMAT:
    BETA: 0.02
    EVAL_TYPE: 1
    TYPE: 1
    USE: False
  SY_BODY:
    EVAL_TYPE: 1
    TYPE: 1
    USE: False
LSTM:
  BIDIRECTIONAL: True
  DROPOUTPROB: 0.1
  HIDDEN_STATE: 512
  NUM_LAYERS: 3
MODEL:
  CAUSAL: False
  CONV_CHANNEL_SIZE: [2048]
  CONV_LAYER: 1
  FULLCONV: True
  IMGSIZE: (256, 256)
  INFEATURES: 567
  INTERMEDIATE_POSE_ESTIMATION: False
  METRIC_SCALE:
    BBOX_SIZE: 2.2
    DEPTH: 8
    EVAL_STRIDING: 4
    STRIDING: 32
  NUMPRED: 115
  NUM_PRED: 115
  OUTFEATURES: 126
  POS: True
  RECEPTIVE_FIELD: 243
  RESNET:
    CENTER_STRIDING: True
    NEXT: True
    PRETRAINED: True
  TYPE: 1
MODEL_FOLDER: /tudelft.net/staff-bulk/ewi/insy/VisionLab/students/wyang/dataset/models/
PASCAL_PATH: /tudelft.net/staff-bulk/ewi/insy/VisionLab/students/wyang/dataset/HDF5/PASCAL/pascal.hdf5
PCA_PATH: None
POSTFIX: OS_TEMPORAL_TRANSFORMER_L1
PREDICTION:
  BODY: ['pelvis', 'lumbar5', 'lumbar4', 'lumbar3', 'lumbar2', 'lumbar1', 'thoracic12', 'thoracic11', 'thoracic10', 'thoracic9', 'thoracic8', 'thoracic7', 'thoracic6', 'thoracic5', 'thoracic4', 'thoracic3', 'thoracic2', 'thoracic1', 'head_neck', 'femur_r', 'tibia_r', 'talus_r', 'calcn_r', 'toes_r', 'femur_l', 'tibia_l', 'talus_l', 'calcn_l', 'toes_l', 'cerv6', 'cerv5', 'cerv4', 'cerv3', 'cerv2', 'cerv1', 'jaw', 'skull', 'thorax', 'clavicle', 'scapula', 'humerus', 'ulna', 'radius', 'clavicle_l', 'scapula_l', 'humerus_l', 'ulna_l', 'radius_l']
  BODY_AMPITUDE_VALUE: [0.38330534, 0.11688988, 0.27979052, 0.18767838, 0.12217734, 0.17559392, 0.25814359, 0.19320878, 0.09488225, 0.23721306, 0.3308586, 0.22396367, 0.08659548, 1e-06, 0.1634575, 0.18397586, 0.23942574, 0.23136499, 0.14410597, 0.14576365, 0.17185328, 0.18178275, 0.15676707, 0.19965802, 0.12167494, 0.14225374, 0.19253547, 0.08705724, 0.13519439, 0.09673029, 0.16227082, 0.25709417, 0.27539152, 0.21485549, 0.11401759, 0.22396367, 0.21485549, 0.1838405, 0.18214334, 0.43287996, 0.43287996, 0.13003099, 0.13036308, 0.2175328, 0.20085876, 0.30206298, 0.3034652, 0.2025831, 0.20302752, 0.1691131, 0.22653959]
  BODY_AVG_VALUE: [1.21267658, 1.19278473, 1.09221309, 0.82231784, 0.65399921, 0.86740023, 1.23414558, 1.13399419, 1.00263798, 1.01988775, 1.04674897, 0.92795962, 0.80902216, 0.94262153, 0.96230629, 0.95413619, 1.04046246, 1.03910667, 0.68939832, 0.71175453, 0.74281865, 0.76454479, 0.9076589, 1.02388528, 0.64942223, 0.89473501, 0.89226717, 0.61283192, 0.7215803, 0.68092433, 1.08504841, 1.17846495, 1.14104316, 1.14461103, 0.74801221, 0.92795962, 1.14461103, 0.89621243, 0.8843008, 1.13165459, 1.13165459, 0.73835266, 0.74087435, 1.07924646, 1.08077973, 1.01209745, 0.99989337, 1.0244289, 1.03203484, 0.82801554, 0.7559647]
  BODY_SCALE_MAPPING: [[0, 1, 2], [10, 3, 9], [10, 3, 9], [10, 3, 9], [10, 3, 9], [10, 3, 9], [10, 3, 9], [10, 4, 9], [10, 4, 9], [10, 5, 9], [10, 5, 9], [10, 6, 9], [10, 6, 9], [10, 6, 9], [10, 6, 9], [10, 6, 9], [10, 6, 9], [10, 6, 9], [11, 7, 9], [16, 14, 16], [20, 18, 20], [20, 18, 20], [22, 23, 24], [28, 30, 30], [17, 15, 17], [21, 19, 21], [21, 19, 21], [25, 26, 27], [29, 31, 31], [11, 7, 9], [11, 7, 9], [11, 7, 9], [11, 7, 9], [11, 7, 9], [11, 7, 9], [12, 8, 13], [12, 8, 13], [32, 33, 34], [37, 35, 41], [39, 36, 41], [45, 43, 45], [49, 47, 49], [49, 47, 49], [38, 35, 42], [40, 36, 42], [46, 44, 46], [50, 48, 50], [50, 48, 50]]
  BODY_SCALE_UNIQUE_NUMS: 51
  BODY_WEIGHTS: [[2.0, 2.0, 2.0], [1.0, 2.0, 1.0], [1.0, 2.0, 1.0], [1.0, 2.0, 1.0], [1.0, 2.0, 1.0], [1.0, 2.0, 1.0], [1.0, 2.0, 1.0], [1.0, 2.0, 1.0], [1.0, 2.0, 1.0], [1.0, 2.0, 1.0], [1.0, 2.0, 1.0], [1.0, 2.0, 1.0], [1.0, 2.0, 1.0], [1.0, 2.0, 1.0], [1.0, 2.0, 1.0], [1.0, 2.0, 1.0], [1.0, 2.0, 1.0], [1.0, 2.0, 1.0], [1.0, 2.0, 1.0], [1.0, 2.0, 1.0], [1.0, 2.0, 1.0], [1.0, 2.0, 1.0], [2.0, 1.0, 1.0], [2.0, 1.0, 1.0], [1.0, 2.0, 1.0], [1.0, 2.0, 1.0], [1.0, 2.0, 1.0], [2.0, 1.0, 1.0], [2.0, 1.0, 1.0], [1.0, 2.0, 1.0], [1.0, 2.0, 1.0], [1.0, 2.0, 1.0], [1.0, 2.0, 1.0], [1.0, 2.0, 1.0], [1.0, 2.0, 1.0], [1.0, 1.0, 2.0], [1.0, 1.0, 2.0], [2.0, 1.0, 1.0], [1.0, 1.0, 2.0], [1.0, 1.0, 2.0], [1.0, 2.0, 1.0], [1.0, 2.0, 1.0], [1.0, 2.0, 1.0], [1.0, 1.0, 2.0], [1.0, 1.0, 2.0], [1.0, 2.0, 1.0], [1.0, 2.0, 1.0], [1.0, 2.0, 1.0]]
  COORDINATES: ['L5_S1_FE', 'L5_S1_LB', 'L5_S1_AR', 'L4_L5_FE', 'L4_L5_LB', 'L4_L5_AR', 'T12_L1_FE', 'T12_L1_LB', 'T12_L1_AR', 'T11_T12_FE', 'T11_T12_LB', 'T11_T12_AR', 'T10_T11_FE', 'T10_T11_LB', 'T10_T11_AR', 'T9_T10_FE', 'T9_T10_LB', 'T9_T10_AR', 'T8_T9_FE', 'T8_T9_LB', 'T8_T9_AR', 'T1_T2_FE', 'T1_T2_LB', 'T1_T2_AR', 'T1_head_neck_FE', 'T1_head_neck_LB', 'T1_head_neck_AR', 'hip_flexion_r', 'hip_adduction_r', 'hip_rotation_r', 'knee_angle_r', 'knee_angle_y_r', 'knee_angle_x_r', 'ankle_angle_r', 'subtalar_angle_r', 'mtp_angle_r', 'hip_flexion_l', 'hip_adduction_l', 'hip_rotation_l', 'knee_angle_l', 'knee_angle_y_l', 'knee_angle_x_l', 'ankle_angle_l', 'subtalar_angle_l', 'mtp_angle_l', 'skull_z', 'skull_y', 'skull_x', 'sternoclavicular_r2', 'sternoclavicular_r3', 'acromioclavicular_r2', 'elv_angle', 'shoulder_elv', 'shoulder1_r2', 'shoulder_rot', 'elbow_flexion', 'elbow_x', 'pro_sup', 'sternoclavicular_r2_l', 'sternoclavicular_r3_l', 'acromioclavicular_r2_l', 'elv_angle_l', 'shoulder_elv_l', 'shoulder1_r2_l', 'shoulder_rot_l', 'elbow_flexion_l', 'elbow_x_l', 'pro_sup_l', 'ribs_bending']
  JOINTS: ['ground_pelvis', 'L5_S1_IVDjnt', 'L4_L5_IVDjnt', 'L3_L4_IVDjnt', 'L2_L3_IVDjnt', 'L1_L2_IVDjnt', 'T12_L1_IVDjnt', 'T11_T12_IVDjnt', 'T10_T11_IVDjnt', 'T9_T10_IVDjnt', 'T8_T9_IVDjnt', 'T7_T8_IVDjnt', 'T6_T7_IVDjnt', 'T5_T6_IVDjnt', 'T4_T5_IVDjnt', 'T3_T4_IVDjnt', 'T2_T3_IVDjnt', 'T1_T2_IVDjnt', 'T1_head_neck', 'hip_r', 'knee_r', 'ankle_r', 'subtalar_r', 'mtp_r', 'hip_l', 'knee_l', 'ankle_l', 'subtalar_l', 'mtp_l', 'C7_cerv6', 'C7_cerv5', 'C7_cerv4', 'C7_cerv3', 'C7_cerv2', 'C7_cerv1', 'skull_jaw', 'C7_skull', 'sternoclavicular', 'acromioclavicular', 'shoulder2', 'elbow', 'radioulnar', 'sternoclavicular_l', 'acromioclavicular_l', 'shoulder2_l', 'elbow_l', 'radioulnar_l', 'T1_rib']
  Joints_Inside_Cylinder_Body_LIST: [['ROOT', 'Torso'], ['RHIPJ', 'Torso'], ['LHIPJ', 'Torso'], ['Spine1', 'Torso'], ['Spine2', 'Torso'], ['Spine3', 'Torso'], ['LCOL', 'Torso'], ['RCOL', 'Torso'], ['NECK', 'Torso'], ['HEAD', 'HEAD'], ['RKNE', 'RightLeg'], ['RKNI', 'RightLeg'], ['LKNE', 'LeftLeg'], ['LKNI', 'LeftLeg'], ['LANK', 'LeftShrank'], ['RANK', 'RightShrank'], ['LANI', 'LeftShrank'], ['RANI', 'RightShrank'], ['RTOE', 'RightFOOT'], ['LTOE', 'LeftFOOT'], ['RMT1', 'RightFOOT'], ['LMT1', 'LeftFOOT'], ['RMT5', 'RightFOOT'], ['LMT5', 'LeftFOOT'], ['LELB', 'LeftArm'], ['RELB', 'RightArm'], ['LELBIN', 'LeftArm'], ['RELBIN', 'RightArm'], ['LIWR', 'LeftForearm'], ['RIWR', 'RightForearm'], ['LOWR', 'LeftForearm'], ['ROWR', 'RightForearm'], ['ground_pelvis', 'Torso'], ['L5_S1_IVDjnt', 'Torso'], ['L4_L5_IVDjnt', 'Torso'], ['L3_L4_IVDjnt', 'Torso'], ['L2_L3_IVDjnt', 'Torso'], ['L1_L2_IVDjnt', 'Torso'], ['T12_L1_IVDjnt', 'Torso'], ['T11_T12_IVDjnt', 'Torso'], ['T10_T11_IVDjnt', 'Torso'], ['T9_T10_IVDjnt', 'Torso'], ['T8_T9_IVDjnt', 'Torso'], ['T7_T8_IVDjnt', 'Torso'], ['T6_T7_IVDjnt', 'Torso'], ['T5_T6_IVDjnt', 'Torso'], ['T4_T5_IVDjnt', 'Torso'], ['T3_T4_IVDjnt', 'Torso'], ['T2_T3_IVDjnt', 'Torso'], ['T1_T2_IVDjnt', 'Torso'], ['T1_head_neck', 'HEAD'], ['hip_r', 'RightLeg'], ['knee_r', 'RightLeg'], ['ankle_r', 'RightShrank'], ['subtalar_r', 'RightShrank'], ['mtp_r', 'RightFOOT'], ['hip_l', 'LeftLeg'], ['knee_l', 'LeftLeg'], ['ankle_l', 'LeftShrank'], ['subtalar_l', 'LeftShrank'], ['mtp_l', 'LeftFOOT'], ['C7_cerv6', 'HEAD'], ['C7_cerv5', 'HEAD'], ['C7_cerv4', 'HEAD'], ['C7_cerv3', 'HEAD'], ['C7_cerv2', 'HEAD'], ['C7_cerv1', 'HEAD'], ['skull_jaw', 'HEAD'], ['C7_skull', 'HEAD'], ['sternoclavicular', 'RightArm'], ['acromioclavicular', 'RightArm'], ['shoulder2', 'RightArm'], ['elbow', 'RightArm'], ['radioulnar', 'RightForearm'], ['sternoclavicular_l', 'LeftArm'], ['acromioclavicular_l', 'LeftArm'], ['shoulder2_l', 'LeftArm'], ['elbow_l', 'LeftArm'], ['radioulnar_l', 'LeftForearm'], ['T1_rib', 'Torso'], ['radiocarpal', 'RightForearm'], ['radiocarpal_l', 'LeftForearm']]
  LEAFJOINTS: ['radiocarpal', 'radiocarpal_l']
  MARKER: ['ROOT', 'LHIPJ', 'RHIPJ', 'Spine1', 'LKJC', 'RKJC', 'Spine2', 'LAJC', 'RAJC', 'Spine3', 'LFOOT', 'RFOOT', 'NECK', 'LCOL', 'RCOL', 'HEAD', 'LSHOULDER', 'RSHOULDER', 'LELC', 'RELC', 'LWRIST', 'RWRIST', 'LPSI', 'RPSI', 'RASI', 'LASI', 'T12', 'T10', 'T8', 'T1', 'C7', 'RKNE', 'RKNI', 'LKNE', 'LKNI', 'LANK', 'RANK', 'LANI', 'RANI', 'LHEE', 'RHEE', 'RTOE', 'LTOE', 'RMT1', 'LMT1', 'RMT5', 'LMT5', 'LSHO', 'RSHO', 'STRN', 'CLAV', 'RCLAV', 'LCLAV', 'LELB', 'RELB', 'LELBIN', 'RELBIN', 'LIWR', 'RIWR', 'LOWR', 'ROWR', 'LFHD', 'RFHD', 'LBHD', 'RBHD']
  MIRROR_BONES: [0, 1, 2, 3, 4, 5, 6, 7, 8, 9, 10, 11, 12, 13, 14, 15, 16, 17, 18, 24, 25, 26, 27, 28, 19, 20, 21, 22, 23, 29, 30, 31, 32, 33, 34, 35, 36, 37, 43, 44, 45, 46, 47, 38, 39, 40, 41, 42]
  NUM_JOINTS: 50
  NUM_MARKERS: 65
  NUM_SMPL_JOINTS: 22
  POS_NAME: ['ground_pelvis', 'L5_S1_IVDjnt', 'L4_L5_IVDjnt', 'L3_L4_IVDjnt', 'L2_L3_IVDjnt', 'L1_L2_IVDjnt', 'T12_L1_IVDjnt', 'T11_T12_IVDjnt', 'T10_T11_IVDjnt', 'T9_T10_IVDjnt', 'T8_T9_IVDjnt', 'T7_T8_IVDjnt', 'T6_T7_IVDjnt', 'T5_T6_IVDjnt', 'T4_T5_IVDjnt', 'T3_T4_IVDjnt', 'T2_T3_IVDjnt', 'T1_T2_IVDjnt', 'T1_head_neck', 'hip_r', 'knee_r', 'ankle_r', 'subtalar_r', 'mtp_r', 'hip_l', 'knee_l', 'ankle_l', 'subtalar_l', 'mtp_l', 'C7_cerv6', 'C7_cerv5', 'C7_cerv4', 'C7_cerv3', 'C7_cerv2', 'C7_cerv1', 'skull_jaw', 'C7_skull', 'sternoclavicular', 'acromioclavicular', 'shoulder2', 'elbow', 'radioulnar', 'sternoclavicular_l', 'acromioclavicular_l', 'shoulder2_l', 'elbow_l', 'radioulnar_l', 'T1_rib', 'radiocarpal', 'radiocarpal_l', 'ROOT', 'LHIPJ', 'RHIPJ', 'Spine1', 'LKJC', 'RKJC', 'Spine2', 'LAJC', 'RAJC', 'Spine3', 'LFOOT', 'RFOOT', 'NECK', 'LCOL', 'RCOL', 'HEAD', 'LSHOULDER', 'RSHOULDER', 'LELC', 'RELC', 'LWRIST', 'RWRIST', 'LPSI', 'RPSI', 'RASI', 'LASI', 'T12', 'T10', 'T8', 'T1', 'C7', 'RKNE', 'RKNI', 'LKNE', 'LKNI', 'LANK', 'RANK', 'LANI', 'RANI', 'LHEE', 'RHEE', 'RTOE', 'LTOE', 'RMT1', 'LMT1', 'RMT5', 'LMT5', 'LSHO', 'RSHO', 'STRN', 'CLAV', 'RCLAV', 'LCLAV', 'LELB', 'RELB', 'LELBIN', 'RELBIN', 'LIWR', 'RIWR', 'LOWR', 'ROWR', 'LFHD', 'RFHD', 'LBHD', 'RBHD']
PROGRESSBAR: False
RESNETPATH: None
SEED: 100
STARTMODELPATH: None
TESTMODE: False
TEST_SUBJECTS: [2, 29, 19, 21, 51, 26, 7, 72, 77, 17, 65, 80, 6, 76, 10, 73, 13, 38]
TRAINING:
  AMSGRAD: False
  AWARED_OCCLUSION:
    GT: False
    USE: False
  BATCHSIZE: 128
  COORDINATE_MAX_WEIGHT: 2
  END_LR: [5e-06]
  END_MOMENTUM: 0.001
  EPOCH: [50]
  EVALUATION_BATCHSIZE: 128
  INITIAL_MOMENTUM: 0.1
  LOSS2D: False
  LOSSTYPE: 1
  MARKER_PREDICTION: True
  MARKER_TYPE: [10, 10, 10, 1, 1, 1, 1, 1, 1, 1, 20, 20, 10, 1, 1, 10, 0, 0, 1, 1, 1, 1, 20, 20, 20, 20, 10, 20, 10, 10, 20, 20, 20, 20, 20, 20, 20, 20, 20, 20, 20, 10, 10, 1, 1, 1, 1, 20, 20, 20, 20, 1, 1, 20, 20, 20, 20, 20, 20, 20, 20, 10, 10, 10, 10]
  MARKER_WEIGHT: [1.0, 1.0, 1.0, 0.1, 0.1, 0.1, 0.1, 0.1, 0.1, 0.1, 2.0, 2.0, 1.0, 0.1, 0.1, 1.0, 0.0, 0.0, 0.1, 0.1, 0.1, 0.1, 2.0, 2.0, 2.0, 2.0, 1.0, 2.0, 1.0, 1.0, 2.0, 2.0, 2.0, 2.0, 2.0, 2.0, 2.0, 2.0, 2.0, 2.0, 2.0, 1.0, 1.0, 0.1, 0.1, 0.1, 0.1, 2.0, 2.0, 2.0, 2.0, 0.1, 0.1, 2.0, 2.0, 2.0, 2.0, 2.0, 2.0, 2.0, 2.0, 1.0, 1.0, 1.0, 1.0]
  PCA: False
  PCA_COMPONENTS: 51
  START_LR: [0.001]
  TRAINING_STEPS: 1
  USE_BODY_WEIGHTS: False
  USE_OS_SIMULATION: False
  VALID_BATCHSIZE: 64
TRAINING_SUBJECTS: [78, 59, 79, 44, 56, 88, 75, 61, 53, 47, 40, 41, 32, 70, 28, 39, 69, 11, 3, 90, 71, 54, 20, 85, 37, 34, 33, 46, 67, 63, 55, 36, 42, 50, 24, 35, 84, 45, 60, 16, 74, 82, 27, 89, 57, 5, 49, 22, 4, 66, 31, 83, 43, 48, 52, 68, 25, 9, 18, 1, 81, 58, 23, 62, 64, 8, 87]
TRANSFORMER:
  BATCHNORM: False
  DROPOUT: False
  D_CHANNEL: 512
  D_MODEL: 256
  N1: 3
  N_HEADS: 8
  POS_ENCODNIG_EVERY_BLOCK: False
  STRIDES: [3, 9, 9]
VALID_SUBJECTS: [14, 86, 15, 30]
VALID_WORKERS: 16
WORKERS: 16
83696 training data, 21822 valid data, 100839 test data
Use Transformer, Receptive Field : 243
LR starts from 0.001, LR decay rate : 0.9013257213104922
Evaluation : False
Train , Epoch 0 : : total loss : 1.3503920533573097   marker : 0.4615605157239514   pose : 0.13499384217112573   angle : 0.1157547466308563   body : 0.013582612842800606   inter pose : 0.11261344722730278   inter marker : 0.38901704720936   inter angle : 0.10950603741142688   inter body : 0.013363809453160895   
Evaluation : True
Valid, Epoch 0 : : total loss : 0.6816603966762685   marker : 0.15905790955672267   pose : 0.05451027418994388   angle : 0.12354792354196711   body : 0.017736994371264723   inter pose : 0.049980785110105834   inter marker : 0.14514737701276167   inter angle : 0.11435745907642698   inter body : 0.01732167545045376   
Current LR:  [0.0009013257213104922]
Best Loss : 0.15905790955672267
Evaluation : False
Train , Epoch 1 : : total loss : 0.6929555109047415   marker : 0.19835277008973803   pose : 0.053308019708345714   angle : 0.1032187781577636   body : 0.006810724010026427   inter pose : 0.0483264600997862   inter marker : 0.1778757660257506   inter angle : 0.09847206535647876   inter body : 0.006590926315875048   
Evaluation : True
Valid, Epoch 1 : : total loss : 0.6207649944879845   marker : 0.1396294766785233   pose : 0.04919259095430134   angle : 0.11758893950592313   body : 0.015402906879628352   inter pose : 0.045400687944833346   inter marker : 0.1293196309313155   inter angle : 0.10930409281558202   inter body : 0.014926669755719255   
Current LR:  [0.000812388055895879]
Best Loss : 0.1396294766785233
Evaluation : False
Train , Epoch 2 : : total loss : 0.6352004219890554   marker : 0.17676193704101248   pose : 0.04744531982114815   angle : 0.10057332381537644   body : 0.005974682825966917   inter pose : 0.04343037925101531   inter marker : 0.15927640226588316   inter angle : 0.09596087323761278   inter body : 0.0057775039100309246   
Evaluation : True
Valid, Epoch 2 : : total loss : 0.6081725227090945   marker : 0.13524764467581482   pose : 0.047950005271281605   angle : 0.11717050261921848   body : 0.015214083445693841   inter pose : 0.04406133152345789   inter marker : 0.12435816534170144   inter angle : 0.10885436988731274   inter body : 0.015316415361321908   
Current LR:  [0.0007322262504643815]
Best Loss : 0.13524764467581482
Evaluation : False
Train , Epoch 3 : : total loss : 0.6078440451147363   marker : 0.16692333172145335   pose : 0.04465633615349372   angle : 0.09956575579838585   body : 0.005598066515855457   inter pose : 0.04108784306697422   inter marker : 0.1505672795894865   inter angle : 0.09402503438328164   inter body : 0.005420396006758828   
Evaluation : True
Valid, Epoch 3 : : total loss : 0.5955336723436019   marker : 0.13284333848503113   pose : 0.04764447250677372   angle : 0.1158332961058597   body : 0.0149704906333215   inter pose : 0.042836062915383506   inter marker : 0.12057314042745246   inter angle : 0.1060984162425112   inter body : 0.014734458843036638   
Current LR:  [0.0006599743533622857]
Best Loss : 0.13284333848503113
Evaluation : False
Train , Epoch 4 : : total loss : 0.49197116402900604   marker : 0.16428513822657773   pose : 0.04388624354968757   angle : 0.0991536143362796   body : 0.005454304196642196   inter pose : 0.031679443612831655   inter marker : 0.117551228159876   inter angle : 0.0260312950486748   inter body : 0.0039298959753146625   
Evaluation : True
Valid, Epoch 4 : : total loss : 0.4772276512567637   marker : 0.12898761744722526   pose : 0.046325916188980985   angle : 0.1171280009402832   body : 0.015098001356905403   inter pose : 0.03300483380171634   inter marker : 0.08710667112660052   inter angle : 0.03595671655058631   inter body : 0.013619893423829854   
Current LR:  [0.0005948518600906879]
Best Loss : 0.12898761744722526
Evaluation : False
Train , Epoch 5 : : total loss : 0.43138845029870365   marker : 0.15743074044699326   pose : 0.04185126357316788   angle : 0.09859943913601077   body : 0.005164760531455415   inter pose : 0.024582037901873792   inter marker : 0.09158421242766504   inter angle : 0.00895192957045382   inter body : 0.0032240677012378783   
Evaluation : True
Valid, Epoch 5 : : total loss : 0.47489171678866315   marker : 0.1285034745983522   pose : 0.04672016359776212   angle : 0.11643391446094445   body : 0.015293716540335298   inter pose : 0.03333166617759807   inter marker : 0.08535064474033638   inter angle : 0.0352262532106843   inter body : 0.014031883364319856   
Current LR:  [0.0005361552818691272]
Best Loss : 0.1285034745983522
Evaluation : False
Train , Epoch 6 : : total loss : 0.4204473773881816   marker : 0.1538805071190342   pose : 0.04080321763572248   angle : 0.09820471252179255   body : 0.004985757755432249   inter pose : 0.023473521925588846   inter marker : 0.08760015535272464   inter angle : 0.008459114177925527   inter body : 0.003040392581119586   
Evaluation : True
Valid, Epoch 6 : : total loss : 0.476022659240924   marker : 0.12887354533402035   pose : 0.0465130221230793   angle : 0.1159530247113257   body : 0.016177461994807626   inter pose : 0.03318939453936467   inter marker : 0.0858816373753576   inter angle : 0.035038393322351424   inter body : 0.01439618194925939   
Current LR:  [0.0004832505461651213]
Evaluation : False
Train , Epoch 7 : : total loss : 0.41224751141133387   marker : 0.15103647151639596   pose : 0.039890929360575915   angle : 0.09790068942408832   body : 0.004835675751496603   inter pose : 0.022659831048541374   inter marker : 0.08489923398217235   inter angle : 0.008129282998545794   inter body : 0.0028953966727426096   
Evaluation : True
Valid, Epoch 7 : : total loss : 0.4729172855454463   marker : 0.12728455343972794   pose : 0.04624248623858887   angle : 0.11670930111793908   body : 0.01583621544750984   inter pose : 0.032764223884699295   inter marker : 0.08441825101382354   inter angle : 0.03517053140618058   inter body : 0.014491720773616313   
Current LR:  [0.0004355661470959672]
Best Loss : 0.12728455343972794
Evaluation : False
Train , Epoch 8 : : total loss : 0.4055024547927413   marker : 0.14872684860302515   pose : 0.03918327301010421   angle : 0.09762014568445328   body : 0.004684239290055646   inter pose : 0.0219946506291993   inter marker : 0.08266897457345157   inter angle : 0.007862356842237355   inter body : 0.0027619667720637222   
Evaluation : True
Valid, Epoch 8 : : total loss : 0.46923184571831245   marker : 0.12761234489810117   pose : 0.045745464241392135   angle : 0.1157219378476881   body : 0.01567328562931861   inter pose : 0.03215495534476783   inter marker : 0.08301395529099427   inter angle : 0.03503622206570018   inter body : 0.014273682377884908   
Current LR:  [0.00039258697170970456]
Evaluation : False
Train , Epoch 9 : : total loss : 0.39923706545764054   marker : 0.14629104534937082   pose : 0.03842083378987327   angle : 0.09737900160766487   body : 0.0045750425175790765   inter pose : 0.02143655285513054   inter marker : 0.08084537223506302   inter angle : 0.007631503906283545   inter body : 0.0026577133079206325   
Evaluation : True
Valid, Epoch 9 : : total loss : 0.46484927826934636   marker : 0.12545508397028673   pose : 0.044606675313729846   angle : 0.11609600635007981   body : 0.015249007386364123   inter pose : 0.03184559656406627   inter marker : 0.08261979405246944   inter angle : 0.03503562901286853   inter body : 0.013941486337840224   
Current LR:  [0.00035384873545335125]
Best Loss : 0.12545508397028673
Evaluation : False
Train , Epoch 10 : : total loss : 0.393983089905603   marker : 0.14436653715089123   pose : 0.037838718575777724   angle : 0.09715345095711864   body : 0.004479732256736407   inter pose : 0.020937068205309682   inter marker : 0.07920627560677608   inter angle : 0.007435676484164792   inter body : 0.002565630764028722   
Evaluation : True
Valid, Epoch 10 : : total loss : 0.468257859476261   marker : 0.12625608154903814   pose : 0.04558560417985711   angle : 0.11594473792306773   body : 0.015414003599969422   inter pose : 0.0323645343877537   inter marker : 0.08336311749736348   inter angle : 0.03516857748168842   inter body : 0.014161201396223146   
Current LR:  [0.0003189329667172973]
Evaluation : False
Train , Epoch 11 : : total loss : 0.38976739189526205   marker : 0.14274894545399577   pose : 0.03731465202172902   angle : 0.09697672693917433   body : 0.004413776483335411   inter pose : 0.020542710859779195   inter marker : 0.07800194737465786   inter angle : 0.007267849018532001   inter body : 0.0025007846974874712   
Evaluation : True
Valid, Epoch 11 : : total loss : 0.46615783218371204   marker : 0.12608215450727037   pose : 0.04523312347355471   angle : 0.11572937112758756   body : 0.01575152198626571   inter pose : 0.031793681710573354   inter marker : 0.08231267762133886   inter angle : 0.03474685486640647   inter body : 0.014508446554752617   
Current LR:  [0.0002874624862761632]
Evaluation : False
Train , Epoch 12 : : total loss : 0.38482907428128066   marker : 0.14088127699325498   pose : 0.03673993594157203   angle : 0.0968177165682064   body : 0.004354511018254855   inter pose : 0.020099594812572095   inter marker : 0.07655048216329417   inter angle : 0.006949481309019314   inter body : 0.002436076919512558   
Evaluation : True
Valid, Epoch 12 : : total loss : 0.46594117068204266   marker : 0.12552804101694517   pose : 0.045188285605016566   angle : 0.11593696013695269   body : 0.015752655023528156   inter pose : 0.03200278000503399   inter marker : 0.08233959202193479   inter angle : 0.0348153627166804   inter body : 0.014377499588708613   
Current LR:  [0.00025909733279257026]
Evaluation : False
Train , Epoch 13 : : total loss : 0.3804535251025219   marker : 0.13948125518847024   pose : 0.03630764898237919   angle : 0.09667186183458448   body : 0.004311708436785394   inter pose : 0.01969463424685812   inter marker : 0.07514778890890877   inter angle : 0.00645597640761555   inter body : 0.0023826532622807837   
Evaluation : True
Valid, Epoch 13 : : total loss : 0.4648960028917496   marker : 0.12536325805205362   pose : 0.04500114830350277   angle : 0.11546182678333836   body : 0.015714098184948476   inter pose : 0.03209356028812308   inter marker : 0.082430760218673   inter angle : 0.0345003339942965   inter body : 0.014331014622209402   
Current LR:  [0.00023353109036888803]
Best Loss : 0.12536325805205362
Evaluation : False
Train , Epoch 14 : : total loss : 0.3758671196551272   marker : 0.1376580930732841   pose : 0.03573372213321112   angle : 0.0965318026143778   body : 0.0042715655492866845   inter pose : 0.019279651971359897   inter marker : 0.0738153130979852   inter angle : 0.006235347405378386   inter body : 0.0023416240323779914   
Evaluation : True
Valid, Epoch 14 : : total loss : 0.46713360087286593   marker : 0.12560533104977745   pose : 0.0456552215855343   angle : 0.11596050372581283   body : 0.01591555938232547   inter pose : 0.032443572167963015   inter marker : 0.08268495637832318   inter angle : 0.034417735515315136   inter body : 0.014450725126677283   
Current LR:  [0.00021048757847516372]
Evaluation : False
Train , Epoch 15 : : total loss : 0.37263715536451997   marker : 0.13633507401161865   pose : 0.035327062866497914   angle : 0.09641832541132411   body : 0.00424175667055921   inter pose : 0.01899489739290788   inter marker : 0.07287317335286148   inter angle : 0.006135103836866698   inter body : 0.002311760558251856   
Evaluation : True
Valid, Epoch 15 : : total loss : 0.46503751597606824   marker : 0.12457316964741817   pose : 0.04495358941273361   angle : 0.11654621913882991   body : 0.015690561878004886   inter pose : 0.03218688625931445   inter marker : 0.08218323890518917   inter angle : 0.034689570672898164   inter body : 0.014214281528442483   
Current LR:  [0.00018971786849602577]
Best Loss : 0.12457316964741817
Evaluation : False
Train , Epoch 16 : : total loss : 0.3699983460158338   marker : 0.13514746734687053   pose : 0.03497248246786605   angle : 0.09631484671628493   body : 0.004224995320169384   inter pose : 0.018788718346044262   inter marker : 0.07221220106251572   inter angle : 0.006047131965766913   inter body : 0.002290501537023948   
Evaluation : True
Valid, Epoch 16 : : total loss : 0.4676184784032042   marker : 0.12552333090069553   pose : 0.0455931815466515   angle : 0.11608872386539751   body : 0.016009307920457506   inter pose : 0.03257247039437261   inter marker : 0.08283779455273566   inter angle : 0.03450687695747007   inter body : 0.014486794338557582   
Current LR:  [0.00017099759466766953]
Evaluation : False
Train , Epoch 17 : : total loss : 0.3669569050097356   marker : 0.13388115425478628   pose : 0.034571246379504345   angle : 0.09622029102140693   body : 0.004203218819108573   inter pose : 0.0185048428105952   inter marker : 0.07134003837979405   inter angle : 0.00596811920461483   inter body : 0.0022679947253892835   
Evaluation : True
Valid, Epoch 17 : : total loss : 0.46351495023805556   marker : 0.12421028055308687   pose : 0.04502729170591844   angle : 0.11605965288123948   body : 0.0156427976814377   inter pose : 0.031897917626135926   inter marker : 0.08177361655722573   inter angle : 0.034526005497927975   inter body : 0.01437739356935718   
Current LR:  [0.0001541245303561964]
Best Loss : 0.12421028055308687
Evaluation : False
Train , Epoch 18 : : total loss : 0.36448428742188227   marker : 0.13282306170573097   pose : 0.03423698186007247   angle : 0.09614871654539707   body : 0.004189622630529208   inter pose : 0.01828458825066389   inter marker : 0.07065154986304857   inter angle : 0.005899165487444602   inter body : 0.002250601337854658   
Evaluation : True
Valid, Epoch 18 : : total loss : 0.4646623671934351   marker : 0.12425846293542663   pose : 0.04520497917746571   angle : 0.11629726858124179   body : 0.015982970624039517   inter pose : 0.031970597495627154   inter marker : 0.08186438721485573   inter angle : 0.03450839794388985   inter body : 0.01457530232772044   
Current LR:  [0.00013891640349493958]
Evaluation : False
Train , Epoch 19 : : total loss : 0.36233921784901874   marker : 0.1318719635673358   pose : 0.033925864069649855   angle : 0.09607514781252713   body : 0.004178079522241928   inter pose : 0.018115570169700963   inter marker : 0.07009601741344604   inter angle : 0.005840633527317282   inter body : 0.0022359428760434456   
Evaluation : True
Valid, Epoch 19 : : total loss : 0.46296887777540185   marker : 0.12433338200245143   pose : 0.0449206336326204   angle : 0.11627851715993405   body : 0.01547105142071839   inter pose : 0.031729608973577496   inter marker : 0.08174241955935185   inter angle : 0.03437544905989693   inter body : 0.014117814584762124   
Current LR:  [0.0001252089275819358]
Evaluation : False
Train , Epoch 20 : : total loss : 0.3602421232149758   marker : 0.13090131662295387   pose : 0.033647569709359046   angle : 0.09601641051573921   body : 0.004166880586850607   inter pose : 0.01794286300449605   inter marker : 0.06955965680239942   inter angle : 0.0057844994981897276   inter body : 0.002222926917473057   
Evaluation : True
Valid, Epoch 20 : : total loss : 0.4639669581257601   marker : 0.12412528167471484   pose : 0.04498853398094845   angle : 0.11633009589807697   body : 0.015858806017589946   inter pose : 0.031949590089591876   inter marker : 0.0817823079206823   inter angle : 0.03448303328590928   inter body : 0.01444930797721909   
Current LR:  [0.00011285402696730145]
Best Loss : 0.12412528167471484
Evaluation : False
Train , Epoch 21 : : total loss : 0.35852690750752986   marker : 0.13016590962092325   pose : 0.03340910688886964   angle : 0.09595860079912095   body : 0.004158205618000779   inter pose : 0.01779724229669133   inter marker : 0.06908415745127985   inter angle : 0.00573983491693622   inter body : 0.002213850931534016   
Evaluation : True
Valid, Epoch 21 : : total loss : 0.4630687288136238   marker : 0.12404461643805306   pose : 0.044959582479220134   angle : 0.11635696779806469   body : 0.015693108729684224   inter pose : 0.03174223306362378   inter marker : 0.08163989782224118   inter angle : 0.03436337069295611   inter body : 0.014268952816787599   
Current LR:  [0.00010171823725909672]
Best Loss : 0.12404461643805306
Evaluation : False
Train , Epoch 22 : : total loss : 0.3568516201118598   marker : 0.12941950841437438   pose : 0.033166147554564256   angle : 0.09591071908954092   body : 0.004151969886018366   inter pose : 0.017654324249916382   inter marker : 0.06864633291366455   inter angle : 0.0056976393787946215   inter body : 0.0022049786859572756   
Evaluation : True
Valid, Epoch 22 : : total loss : 0.46323218960535206   marker : 0.12391054598595283   pose : 0.044911738047732214   angle : 0.11629976370563845   body : 0.015806464027521557   inter pose : 0.03183976557894813   inter marker : 0.08159206669814165   inter angle : 0.03446892594648712   inter body : 0.014402917153937341   
Current LR:  [9.168126356798713e-05]
Best Loss : 0.12391054598595283
Evaluation : False
Train , Epoch 23 : : total loss : 0.3553701596731066   marker : 0.12874019601215447   pose : 0.03296510725186576   angle : 0.09586406091818583   body : 0.004147992710758337   inter pose : 0.017533528351811135   inter marker : 0.06826138729158258   inter angle : 0.0056609219527742035   inter body : 0.0021969650210284988   
Evaluation : True
Valid, Epoch 23 : : total loss : 0.46433660521012116   marker : 0.12419529016246696   pose : 0.04506020005797501   angle : 0.1165922346019841   body : 0.01573904938248117   inter pose : 0.03196587577638372   inter marker : 0.08186131735986908   inter angle : 0.03457422987829807   inter body : 0.014348408140890124   
Current LR:  [8.263468101607335e-05]
Evaluation : False
Train , Epoch 24 : : total loss : 0.3538861894954401   marker : 0.12807072192476135   pose : 0.03274078628370627   angle : 0.09582575959414472   body : 0.004143729677942979   inter pose : 0.017407037882536513   inter marker : 0.06788131291157984   inter angle : 0.005626690885619721   inter body : 0.0021901510297185293   
Evaluation : True
Valid, Epoch 24 : : total loss : 0.46373961776175404   marker : 0.12429290210694859   pose : 0.04502274204312187   angle : 0.11662611241585807   body : 0.015726251613535483   inter pose : 0.031708186995413896   inter marker : 0.08141193410869742   inter angle : 0.03464395142685383   inter body : 0.01430753835966624   
Current LR:  [7.448076347207475e-05]
Evaluation : False
Train , Epoch 25 : : total loss : 0.3526531815255035   marker : 0.1275010671563572   pose : 0.03257187010340997   angle : 0.09579616555713037   body : 0.00413788717445471   inter pose : 0.017307281545484596   inter marker : 0.06755802248694448   inter angle : 0.005596832912072973   inter body : 0.0021840548092873046   
Evaluation : True
Valid, Epoch 25 : : total loss : 0.46403406241256717   marker : 0.12399031613139881   pose : 0.04503604968279619   angle : 0.1163574104380754   body : 0.01583962784756575   inter pose : 0.03211399166342122   inter marker : 0.08187703633546589   inter angle : 0.0343620049156984   inter body : 0.014457624059758761   
Current LR:  [6.713142786022393e-05]
Evaluation : False
Train , Epoch 26 : : total loss : 0.35158405766735396   marker : 0.12699088129068042   pose : 0.03241266085157259   angle : 0.09576381512476875   body : 0.004134615175468793   inter pose : 0.017225953192659762   inter marker : 0.06730646964099835   inter angle : 0.005571292389532235   inter body : 0.0021783697028796988   
Evaluation : True
Valid, Epoch 26 : : total loss : 0.4627444923945586   marker : 0.12364011684463524   pose : 0.04451348469987404   angle : 0.11680530715126371   body : 0.015853635550921914   inter pose : 0.0316890582910719   inter marker : 0.08133397868459466   inter angle : 0.03456269952884003   inter body : 0.014346214328324823   
Current LR:  [6.05072826387196e-05]
Best Loss : 0.12364011684463524
Evaluation : False
Train , Epoch 27 : : total loss : 0.3505110821899192   marker : 0.12649747728160476   pose : 0.03226407978735054   angle : 0.0957423351123176   body : 0.00413233825186721   inter pose : 0.017135888292449903   inter marker : 0.06701683266741576   inter angle : 0.005547678694243088   inter body : 0.002174451196663207   
Evaluation : True
Valid, Epoch 27 : : total loss : 0.4639966467562894   marker : 0.12389118220626723   pose : 0.04493438586798895   angle : 0.11654961829158828   body : 0.01592793275975425   inter pose : 0.03192697889196721   inter marker : 0.08176538712840045   inter angle : 0.03448665310313662   inter body : 0.014514507840724425   
Current LR:  [5.453677016888176e-05]
Evaluation : False
Train , Epoch 28 : : total loss : 0.3496233941858797   marker : 0.12609093418347708   pose : 0.0321229446913254   angle : 0.09571646804283808   body : 0.004129942333622398   inter pose : 0.01706337930198194   inter marker : 0.0668043158320884   inter angle : 0.005525359701348118   inter body : 0.0021700496285452092   
Evaluation : True
Valid, Epoch 28 : : total loss : 0.4639540184495779   marker : 0.12390916190830469   pose : 0.04521324031240026   angle : 0.11643916666207267   body : 0.015965381250210155   inter pose : 0.031962930675431774   inter marker : 0.08154641518878211   inter angle : 0.03443868409788649   inter body : 0.0144790383981922   
Current LR:  [4.915539371041189e-05]
Evaluation : False
Train , Epoch 29 : : total loss : 0.3487677811024565   marker : 0.125674881885373   pose : 0.03199367155855776   angle : 0.09569184915668931   body : 0.0041295691902476835   inter pose : 0.017001890668654058   inter marker : 0.06660199373572563   inter angle : 0.005507179612941344   inter body : 0.0021667456854089157   
Evaluation : True
Valid, Epoch 29 : : total loss : 0.46421217758882144   marker : 0.12403241773648524   pose : 0.045041283550757164   angle : 0.11648407385358232   body : 0.015938850267376365   inter pose : 0.03200368277695098   inter marker : 0.0818945156010357   inter angle : 0.034385882107019095   inter body : 0.014431473145988813   
Current LR:  [4.430502069233822e-05]
Evaluation : False
Train , Epoch 30 : : total loss : 0.34802874881677204   marker : 0.12533991506599906   pose : 0.03189196862896496   angle : 0.09567266232569403   body : 0.004127026778741371   inter pose : 0.016938301031499143   inter marker : 0.06640638957002627   inter angle : 0.005489401695436896   inter body : 0.00216308479150258   
Evaluation : True
Valid, Epoch 30 : : total loss : 0.46421433911075755   marker : 0.12404861708913668   pose : 0.045194231767875556   angle : 0.11643002739246316   body : 0.015924712557500293   inter pose : 0.03203844272427178   inter marker : 0.08180232946556525   inter angle : 0.0343393669940409   inter body : 0.014436613436132444   
Current LR:  [3.993325473319803e-05]
Evaluation : False
Train , Epoch 31 : : total loss : 0.3472933636416337   marker : 0.1249861864296072   pose : 0.031780571843658616   angle : 0.09565564582714808   body : 0.00412491346733676   inter pose : 0.01688237961775311   inter marker : 0.06622976132570145   inter angle : 0.0054733888110627986   inter body : 0.0021605164755369674   
Evaluation : True
Valid, Epoch 31 : : total loss : 0.46434496627065025   marker : 0.12371138605994118   pose : 0.04496741236955127   angle : 0.11683446062374875   body : 0.01598158760344378   inter pose : 0.03198902572657708   inter marker : 0.08175843533996745   inter angle : 0.034561578791078795   inter body : 0.01454107958426365   
Current LR:  [3.5992869626675335e-05]
Evaluation : False
Train , Epoch 32 : : total loss : 0.3466709320066899   marker : 0.12468950154907306   pose : 0.03169479472120542   angle : 0.09564302793231894   body : 0.004123256316445597   inter pose : 0.016830432529676746   inter marker : 0.06607328499645954   inter angle : 0.005459300269462613   inter body : 0.0021573336820644405   
Evaluation : True
Valid, Epoch 32 : : total loss : 0.4640544281795999   marker : 0.12385750494282118   pose : 0.04506801135292434   angle : 0.1167661046557898   body : 0.015924555758662518   inter pose : 0.03183946293965562   inter marker : 0.08158481550439557   inter angle : 0.03458650326731006   inter body : 0.01442746868186862   
Current LR:  [3.244129917829765e-05]
Evaluation : False
Train , Epoch 33 : : total loss : 0.34614987655401597   marker : 0.12443262262192839   pose : 0.031613181683179246   angle : 0.09563326173865594   body : 0.004121623532547063   inter pose : 0.016794672757843552   inter marker : 0.06595117844652619   inter angle : 0.005447456973303925   inter body : 0.0021558794240035106   
Evaluation : True
Valid, Epoch 33 : : total loss : 0.4634230757664284   marker : 0.12376127178799427   pose : 0.04503431211808416   angle : 0.11648547276820373   body : 0.01589477987077909   inter pose : 0.031939677347152286   inter marker : 0.08160402219571483   inter angle : 0.03432537184966909   inter body : 0.014378170104088414   
Current LR:  [2.9240177382128606e-05]
Evaluation : False
Train , Epoch 34 : : total loss : 0.34560827803648264   marker : 0.12417052839105382   pose : 0.031528995311027465   angle : 0.0956198693485574   body : 0.004122660669339835   inter pose : 0.016753568951536832   inter marker : 0.06582344889321334   inter angle : 0.0054356544927492804   inter body : 0.0021535516356418955   
Evaluation : True
Valid, Epoch 34 : : total loss : 0.46316705795860064   marker : 0.12373964859294079   pose : 0.044973703879897506   angle : 0.11661749414470715   body : 0.015805799488448364   inter pose : 0.03179221297040255   inter marker : 0.08153663382129461   inter angle : 0.03437513429318151   inter body : 0.014326431076376524   
Current LR:  [2.6354923970193805e-05]
Evaluation : False
Train , Epoch 35 : : total loss : 0.34512986505195886   marker : 0.12395184149375188   pose : 0.03146503193683318   angle : 0.09560776479074455   body : 0.004121653255001053   inter pose : 0.016711055734701125   inter marker : 0.06569630627564595   inter angle : 0.0054246272355500625   inter body : 0.0021515842933624205   
Evaluation : True
Valid, Epoch 35 : : total loss : 0.46391722738835695   marker : 0.12403446869128631   pose : 0.045111620680744605   angle : 0.11667821923225241   body : 0.015915840424425867   inter pose : 0.03185221694062276   inter marker : 0.08148367404282207   inter angle : 0.034435031776980624   inter body : 0.014406156885712429   
Current LR:  [2.375437085751811e-05]
Evaluation : False
Train , Epoch 36 : : total loss : 0.34469654635849994   marker : 0.1237393293820698   pose : 0.03139394423018736   angle : 0.09559806494490111   body : 0.004120802247588727   inter pose : 0.016680028934208578   inter marker : 0.06559795506332772   inter angle : 0.005416299475308445   inter body : 0.0021501235074861402   
Evaluation : True
Valid, Epoch 36 : : total loss : 0.4632507846375323   marker : 0.1235840104478667   pose : 0.044883126747530616   angle : 0.11658666680379438   body : 0.01595526724990965   inter pose : 0.03184133983862388   inter marker : 0.08153553291350868   inter angle : 0.03443437322513964   inter body : 0.014430468211459388   
Current LR:  [2.1410425447429443e-05]
Best Loss : 0.1235840104478667
Evaluation : False
Train , Epoch 37 : : total loss : 0.3443274424506913   marker : 0.12355901476617612   pose : 0.031342064145992395   angle : 0.09558960823926956   body : 0.004121035700778022   inter pose : 0.01665203902402616   inter marker : 0.06550752589476236   inter angle : 0.00540759392042757   inter body : 0.002148560740718273   
Evaluation : True
Valid, Epoch 37 : : total loss : 0.46334954119222477   marker : 0.12376732304425957   pose : 0.045005132063599164   angle : 0.116635275590694   body : 0.01580235270004685   inter pose : 0.03184388578894071   inter marker : 0.08161908299094127   inter angle : 0.034387396199381345   inter body : 0.014289092795242039   
Current LR:  [1.929776715996886e-05]
Evaluation : False
Train , Epoch 38 : : total loss : 0.34399063120757273   marker : 0.12339489969780032   pose : 0.03129110582298378   angle : 0.09557972807340198   body : 0.00411961522704963   inter pose : 0.016627776571998733   inter marker : 0.06542973050913256   inter angle : 0.005400296627967455   inter body : 0.0021474794145947347   
Evaluation : True
Valid, Epoch 38 : : total loss : 0.46431044756071493   marker : 0.12387239420602984   pose : 0.04511583529890059   angle : 0.11670298801859492   body : 0.015947937755075147   inter pose : 0.03200037676498571   inter marker : 0.081727754904756   inter angle : 0.03446825191306211   inter body : 0.014474909379429609   
Current LR:  [1.739357390514086e-05]
Evaluation : False
Train , Epoch 39 : : total loss : 0.3436534532544076   marker : 0.123228851334972   pose : 0.03124074246819954   angle : 0.09557815748416629   body : 0.004119650424411021   inter pose : 0.01660013719993839   inter marker : 0.06534685699374716   inter angle : 0.005393052905809368   inter body : 0.0021460057937955144   
Evaluation : True
Valid, Epoch 39 : : total loss : 0.4638115148060963   marker : 0.1239097075330797   pose : 0.04493340120865328   angle : 0.11678277549205239   body : 0.015873691814650034   inter pose : 0.031864512251863646   inter marker : 0.0815648915907299   inter angle : 0.034493425962916435   inter body : 0.014389113991586768   
Current LR:  [1.567727554621844e-05]
Evaluation : False
Train , Epoch 40 : : total loss : 0.34334716698294576   marker : 0.12308892589433269   pose : 0.031194289567185764   angle : 0.09556689526412242   body : 0.004117605436855719   inter pose : 0.016576703324069655   inter marker : 0.06527070862000058   inter angle : 0.005386690061488068   inter body : 0.0021453505342007594   
Evaluation : True
Valid, Epoch 40 : : total loss : 0.463810550555793   marker : 0.12372218499469032   pose : 0.044964611000412054   angle : 0.11685025271350244   body : 0.01590046418509642   inter pose : 0.03188024556185583   inter marker : 0.08157951208402536   inter angle : 0.03449674701944148   inter body : 0.014416528743976918   
Current LR:  [1.4130331689878675e-05]
Evaluation : False
Train , Epoch 41 : : total loss : 0.3430854574553269   marker : 0.12295347036848024   pose : 0.031150525778098456   angle : 0.0955646368938785   body : 0.004118630020047722   inter pose : 0.016557754920210808   inter marker : 0.0652156468554989   inter angle : 0.005380968367866316   inter body : 0.0021438236928803087   
Evaluation : True
Valid, Epoch 41 : : total loss : 0.46368902923315475   marker : 0.12381722253857651   pose : 0.04494801167224223   angle : 0.11672021499006571   body : 0.01593315159134965   inter pose : 0.03181054665115618   inter marker : 0.08160281537510213   inter angle : 0.03442268018247926   inter body : 0.014434385614886356   
Current LR:  [1.2736031402736402e-05]
Evaluation : False
Train , Epoch 42 : : total loss : 0.34286160888021977   marker : 0.12284771681607774   pose : 0.031118942975176422   angle : 0.0955539436448953   body : 0.004119297335848531   inter pose : 0.01654141921276201   inter marker : 0.06516093730492942   inter angle : 0.005376001519035508   inter body : 0.002143351244205355   
Evaluation : True
Valid, Epoch 42 : : total loss : 0.4638594564536284   marker : 0.12372246691903342   pose : 0.044930814341941135   angle : 0.11688117058398842   body : 0.015894131277628183   inter pose : 0.03183335859040687   inter marker : 0.08161562466509958   inter angle : 0.03457129220129556   inter body : 0.014410599466642356   
Current LR:  [1.1479312690704467e-05]
Evaluation : False
Train , Epoch 43 : : total loss : 0.3426272479808714   marker : 0.12272777452859543   pose : 0.03108413732264071   angle : 0.0955513746892694   body : 0.004117576255296196   inter pose : 0.016524629801466125   inter marker : 0.0651082320917529   inter angle : 0.005371111584185504   inter body : 0.002142411612108304   
Evaluation : True
Valid, Epoch 43 : : total loss : 0.4636957444603617   marker : 0.12379129642461749   pose : 0.044980618991070406   angle : 0.11675530637657705   body : 0.015897833640541977   inter pose : 0.03188843356078229   inter marker : 0.08155005310973898   inter angle : 0.03442642679136687   inter body : 0.014405776131066795   
Current LR:  [1.034659979109789e-05]
Evaluation : False
Train , Epoch 44 : : total loss : 0.34243880383453545   marker : 0.12263204446019658   pose : 0.031055803523380394   angle : 0.09554783971395463   body : 0.004118511603024159   inter pose : 0.016510753213480733   inter marker : 0.06506602517450386   inter angle : 0.005366277833188247   inter body : 0.00214154878952134   
Evaluation : True
Valid, Epoch 44 : : total loss : 0.4636648381928696   marker : 0.12365774030635604   pose : 0.04490385251328856   angle : 0.11685603991971642   body : 0.015913950010482708   inter pose : 0.031821165433584216   inter marker : 0.08153362831812863   inter angle : 0.03456232493350491   inter body : 0.014416138221839314   
Current LR:  [9.325656519822294e-06]
Evaluation : False
Train , Epoch 45 : : total loss : 0.34225266108469066   marker : 0.12254703619943826   pose : 0.031029367822280888   angle : 0.09554271082783183   body : 0.004117322534431132   inter pose : 0.016494896893274   inter marker : 0.06501727907206709   inter angle : 0.005363137745063118   inter body : 0.002140911024671396   
Evaluation : True
Valid, Epoch 45 : : total loss : 0.4633519862554937   marker : 0.12356981000042827   pose : 0.04489547781760288   angle : 0.11676189222275506   body : 0.015840908399632078   inter pose : 0.03190604945105797   inter marker : 0.08155791432378316   inter angle : 0.03446244163196778   inter body : 0.01435749323041834   
Current LR:  [8.405454089422724e-06]
Best Loss : 0.12356981000042827
Evaluation : False
Train , Epoch 46 : : total loss : 0.3420952830070011   marker : 0.12246765437069568   pose : 0.03100494426856271   angle : 0.0955403883460835   body : 0.004116718723277517   inter pose : 0.016483150103099496   inter marker : 0.06498205878559335   inter angle : 0.005359832724416557   inter body : 0.0021405360118769805   
Evaluation : True
Valid, Epoch 46 : : total loss : 0.46402297606882065   marker : 0.12373802244756106   pose : 0.04506523392178837   angle : 0.11673564054758168   body : 0.015929235747552967   inter pose : 0.03194149345058469   inter marker : 0.08165848575277733   inter angle : 0.03450111173357582   inter body : 0.014453754518681274   
Current LR:  [7.576051970091162e-06]
Evaluation : False
Train , Epoch 47 : : total loss : 0.34194789459475333   marker : 0.12239278754815573   pose : 0.03098154680983122   angle : 0.09553557553344262   body : 0.004117388348130775   inter pose : 0.016474298217189806   inter marker : 0.06495025865790673   inter angle : 0.005356036902478059   inter body : 0.002140003373449922   
Evaluation : True
Valid, Epoch 47 : : total loss : 0.4631680601426087   marker : 0.12356500268998565   pose : 0.04482853165709473   angle : 0.11677811215924863   body : 0.015851723927645667   inter pose : 0.03185341983894283   inter marker : 0.08152496780858404   inter angle : 0.03441960167441247   inter body : 0.014346703656182347   
Current LR:  [6.828490506628192e-06]
Best Loss : 0.12356500268998565
Evaluation : False
Train , Epoch 48 : : total loss : 0.34181912720294677   marker : 0.12232730751015691   pose : 0.030962316051216805   angle : 0.09553366174969885   body : 0.004117772934792897   inter pose : 0.016463903636082574   inter marker : 0.06492089918296881   inter angle : 0.005353889597086364   inter body : 0.0021393791477197343   
Evaluation : True
Valid, Epoch 48 : : total loss : 0.46391145115145166   marker : 0.12373752611912135   pose : 0.04499955977498529   angle : 0.1167900515087758   body : 0.01595360911162349   inter pose : 0.03188793039291308   inter marker : 0.0816705027833648   inter angle : 0.034443758135153955   inter body : 0.014428512822935993   
Current LR:  [6.154694131348503e-06]
Evaluation : False
Train , Epoch 49 : : total loss : 0.3416931322942649   marker : 0.12226552159096161   pose : 0.03094214513886486   angle : 0.09553122348159232   body : 0.004116936045189661   inter pose : 0.016454887681941616   inter marker : 0.06489242528883275   inter angle : 0.005351047459447822   inter body : 0.0021389454419925742   
Evaluation : True
Valid, Epoch 49 : : total loss : 0.46375358392049254   marker : 0.12377616917985397   pose : 0.0450001950334338   angle : 0.11678901753125362   body : 0.015892195235622016   inter pose : 0.031843665020678466   inter marker : 0.08159379792600206   inter angle : 0.03446901448759999   inter body : 0.014389527618650139   
Finished Training
Load  /tudelft.net/staff-bulk/ewi/insy/VisionLab/students/wyang/dataset/models/model_47_OS_TEMPORAL_TRANSFORMER_L1.pt
Use Transformer, Receptive Field : 243
 OS Joint error : 0.04482853412628174 , SMPLH Joint error : 0.05672462284564972 , Marker error : 0.05778871104121208 , BonyLandmark : 0.06178249791264534
 OS Joint error : 0.037756502628326416 , SMPLH Joint error : 0.049166761338710785 , Marker error : 0.04896490275859833 , BonyLandmark : 0.0525304414331913
 OS Joint error : 0.021813662722706795 , SMPLH Joint error : 0.03694038838148117 , Marker error : 0.031905438750982285 , BonyLandmark : 0.03623894602060318
