 /home/nfs/weitseyang/.bashrc: line 20: dirname: command not found
/home/nfs/weitseyang/.bashrc: line 21: dirname: command not found
              total        used        free      shared  buff/cache   available
Mem:         191725       28842      113881         265       49002      161885
Swap:         51637           0       51637
Fri May 14 13:40:43 2021       
+-----------------------------------------------------------------------------+
| NVIDIA-SMI 460.32.03    Driver Version: 460.32.03    CUDA Version: 11.2     |
|-------------------------------+----------------------+----------------------+
| GPU  Name        Persistence-M| Bus-Id        Disp.A | Volatile Uncorr. ECC |
| Fan  Temp  Perf  Pwr:Usage/Cap|         Memory-Usage | GPU-Util  Compute M. |
|                               |                      |               MIG M. |
|===============================+======================+======================|
|   0  GeForce RTX 208...  On   | 00000000:5E:00.0 Off |                  N/A |
| 30%   28C    P8    27W / 250W |      1MiB / 11019MiB |      0%      Default |
|                               |                      |                  N/A |
+-------------------------------+----------------------+----------------------+
                                                                               
+-----------------------------------------------------------------------------+
| Processes:                                                                  |
|  GPU   GI   CI        PID   Type   Process name                  GPU Memory |
|        ID   ID                                                   Usage      |
|=============================================================================|
|  No running processes found                                                 |
+-----------------------------------------------------------------------------+
BML_FOLDER: /tudelft.net/staff-bulk/ewi/insy/VisionLab/students/wyang/dataset/HDF5/BML/
DATASET:
  ANTIALIAS:
    TEST: 4
    TRAIN: 1
  BBOX:
    PARTIAL_VISUALBILITY: False
  COLOR:
    AUG: True
  DATASETPERIMG: 2000
  GEOM:
    AUG: True
    HFLIP: False
    ROT: 20
    SCALE_DOWN: 25
    SCALE_UP: 25
    SHIFT_AUG: 10
  INTERPOLATION:
    TEST: linear
    TRAIN: nearest
  OCCLUSION:
    PROB: 0.7
    SCALE: 0.8
  TRAINING_USEDEACHFRAME: 1
  USEDEACHFRAME: 1
HYP:
  ANGLE: 0.01
  BODY: 0.1
  MARKER: 1
  POS: 1
  SY_BODY: 0.005
LOSS:
  ANGLE:
    USE: True
  BODY:
    EVAL_TYPE: 1
    TYPE: 1
    USE: True
  POS:
    TYPE: 1
  SY_BODY:
    EVAL_TYPE: 1
    TYPE: 1
    USE: True
MODEL_FOLDER: /tudelft.net/staff-bulk/ewi/insy/VisionLab/students/wyang/dataset/models/
NUM_JOINTS: 50
PASCAL_PATH: /tudelft.net/staff-bulk/ewi/insy/VisionLab/students/wyang/dataset/HDF5/PASCAL/pascal.hdf5
PCA_PATH: /tudelft.net/staff-bulk/ewi/insy/VisionLab/students/wyang/dataset/HDF5/BML/pca.pkl
POSTFIX: OS_SY
PREDICTION:
  BODY: ['pelvis', 'lumbar5', 'lumbar4', 'lumbar3', 'lumbar2', 'lumbar1', 'thoracic12', 'thoracic11', 'thoracic10', 'thoracic9', 'thoracic8', 'thoracic7', 'thoracic6', 'thoracic5', 'thoracic4', 'thoracic3', 'thoracic2', 'thoracic1', 'head_neck', 'femur_r', 'tibia_r', 'talus_r', 'calcn_r', 'toes_r', 'femur_l', 'tibia_l', 'talus_l', 'calcn_l', 'toes_l', 'cerv6', 'cerv5', 'cerv4', 'cerv3', 'cerv2', 'cerv1', 'jaw', 'skull', 'thorax', 'clavicle', 'scapula', 'humerus', 'ulna', 'radius', 'clavicle_l', 'scapula_l', 'humerus_l', 'ulna_l', 'radius_l']
  COORDINATES: ['L5_S1_FE', 'L5_S1_LB', 'L5_S1_AR', 'L4_L5_FE', 'L4_L5_LB', 'L4_L5_AR', 'T12_L1_FE', 'T12_L1_LB', 'T12_L1_AR', 'T11_T12_FE', 'T11_T12_LB', 'T11_T12_AR', 'T10_T11_FE', 'T10_T11_LB', 'T10_T11_AR', 'T9_T10_FE', 'T9_T10_LB', 'T9_T10_AR', 'T8_T9_FE', 'T8_T9_LB', 'T8_T9_AR', 'T1_T2_FE', 'T1_T2_LB', 'T1_T2_AR', 'T1_head_neck_FE', 'T1_head_neck_LB', 'T1_head_neck_AR', 'hip_flexion_r', 'hip_adduction_r', 'hip_rotation_r', 'knee_angle_r', 'knee_angle_y_r', 'knee_angle_x_r', 'ankle_angle_r', 'subtalar_angle_r', 'mtp_angle_r', 'hip_flexion_l', 'hip_adduction_l', 'hip_rotation_l', 'knee_angle_l', 'knee_angle_y_l', 'knee_angle_x_l', 'ankle_angle_l', 'subtalar_angle_l', 'mtp_angle_l', 'skull_z', 'skull_y', 'skull_x', 'sternoclavicular_r2', 'sternoclavicular_r3', 'acromioclavicular_r2', 'elv_angle', 'shoulder_elv', 'shoulder1_r2', 'shoulder_rot', 'elbow_flexion', 'elbow_x', 'pro_sup', 'sternoclavicular_r2_l', 'sternoclavicular_r3_l', 'acromioclavicular_r2_l', 'elv_angle_l', 'shoulder_elv_l', 'shoulder1_r2_l', 'shoulder_rot_l', 'elbow_flexion_l', 'elbow_x_l', 'pro_sup_l', 'ribs_bending']
  JOINTS: ['ground_pelvis', 'L5_S1_IVDjnt', 'L4_L5_IVDjnt', 'L3_L4_IVDjnt', 'L2_L3_IVDjnt', 'L1_L2_IVDjnt', 'T12_L1_IVDjnt', 'T11_T12_IVDjnt', 'T10_T11_IVDjnt', 'T9_T10_IVDjnt', 'T8_T9_IVDjnt', 'T7_T8_IVDjnt', 'T6_T7_IVDjnt', 'T5_T6_IVDjnt', 'T4_T5_IVDjnt', 'T3_T4_IVDjnt', 'T2_T3_IVDjnt', 'T1_T2_IVDjnt', 'T1_head_neck', 'hip_r', 'knee_r', 'ankle_r', 'subtalar_r', 'mtp_r', 'hip_l', 'knee_l', 'ankle_l', 'subtalar_l', 'mtp_l', 'C7_cerv6', 'C7_cerv5', 'C7_cerv4', 'C7_cerv3', 'C7_cerv2', 'C7_cerv1', 'skull_jaw', 'C7_skull', 'sternoclavicular', 'acromioclavicular', 'shoulder2', 'elbow', 'radioulnar', 'sternoclavicular_l', 'acromioclavicular_l', 'shoulder2_l', 'elbow_l', 'radioulnar_l', 'T1_rib']
  LEAFJOINTS: ['radiocarpal', 'radiocarpal_l']
  MARKER: ['LPSI', 'RPSI', 'RASI', 'LASI', 'T12', 'T10', 'T8', 'T1', 'C7', 'RKNE', 'RKNI', 'LKNE', 'LKNI', 'LANK', 'RANK', 'LANI', 'RANI', 'LHEE', 'RHEE', 'RTOE', 'LTOE', 'RMT1', 'LMT1', 'RMT5', 'LMT5', 'LSHO', 'RSHO', 'STRN', 'CLAV', 'RCLAV', 'LCLAV', 'LELB', 'RELB', 'LELBIN', 'RELBIN', 'LIWR', 'RIWR', 'LOWR', 'ROWR', 'LFHD', 'RFHD', 'LBHD', 'RBHD']
  MIRROR_BONES: [0, 1, 2, 3, 4, 5, 6, 7, 8, 9, 10, 11, 12, 13, 14, 15, 16, 17, 18, 24, 25, 26, 27, 28, 19, 20, 21, 22, 23, 29, 30, 31, 32, 33, 34, 35, 36, 37, 43, 44, 45, 46, 47, 38, 39, 40, 41, 42]
SEED: 100
TESTMODE: False
TRAINING:
  BATCHSIZE: 64
  COORDINATE_MAX_WEIGHT: 2
  END_LR: [3.33e-05, 1e-06]
  EPOCH: [60, 2]
  EVALUATION_BATCHSIZE: 32
  IMGSIZE: (256, 256)
  MARKER_PREDICTION: True
  METRIC_SCALE:
    BBOX_SIZE: 2.2
    DEPTH: 8
    STRIDING: 32
  PCA: False
  PCA_COMPONENTS: 30
  RESNET:
    CENTER_STRIDING: True
    NEXT: True
    PRETRAINED: True
  START_LR: [0.0005, 3.33e-06]
  TRAINING_STEPS: 2
WORKERS: 16
22085 training data, 1357 valid data, 5900 test data
layer3 uses center striding.
Use ResNet50 Next with center striding and Petrained model
Image size : (256, 256)
Training with lr from 0.0005 to 3.33e-05 in 60 epochs.
LR decay rate : 0.9551220805987556
Train , Epoch 0 : : total loss : 0.6467846097289652   3d pose loss : 0.21552556653817495   3d marker loss : 0.27812864616297295   angle loss : 0.12103806429583093   bone scale loss : 0.031822248877606533   symmetric loss : 0.00027008684431337687   
Valid, Epoch 0 : : total loss : 1.6852042662719637   3d pose loss : 0.6794043760925158   3d marker loss : 0.8201337349089789   angle loss : 0.1473909365225998   bone scale loss : 0.03792547318719289   symmetric loss : 0.0003497461467849567   
Current LR:  [0.0004775610402993778]
Train , Epoch 1 : : total loss : 0.5106777444265891   3d pose loss : 0.17368297477563222   3d marker loss : 0.2257858907830888   angle loss : 0.08860075171442999   bone scale loss : 0.022458005091850308   symmetric loss : 0.0001501237257574415   
Valid, Epoch 1 : : total loss : 0.46304664632899845   3d pose loss : 0.15001969154740225   3d marker loss : 0.20441054436944386   angle loss : 0.08748189245152316   bone scale loss : 0.021002791124665746   symmetric loss : 0.00013172273877898316   
Current LR:  [0.0004561290944236479]
Train , Epoch 2 : : total loss : 0.4363085542899975   3d pose loss : 0.14712744154359983   3d marker loss : 0.19332805012447246   angle loss : 0.07657323736643445   bone scale loss : 0.01915099426996017   symmetric loss : 0.00012882906455121448   
Valid, Epoch 2 : : total loss : 0.39785580856446934   3d pose loss : 0.1270787492778781   3d marker loss : 0.17142556920680563   angle loss : 0.07801983215041079   bone scale loss : 0.02114455892746292   symmetric loss : 0.00018710170803192176   
Current LR:  [0.00043565896968754083]
Train , Epoch 3 : : total loss : 0.39193781484728274   3d pose loss : 0.12959986931603887   3d marker loss : 0.17354461917842645   angle loss : 0.07115045771866604   bone scale loss : 0.0175164546844536   symmetric loss : 0.0001264143949652941   
Valid, Epoch 3 : : total loss : 0.40825204982771623   3d pose loss : 0.1313282800405976   3d marker loss : 0.17964922968921365   angle loss : 0.07639619007476042   bone scale loss : 0.020726395667960914   symmetric loss : 0.00015195599632226506   
Current LR:  [0.0004161075015594742]
Train , Epoch 4 : : total loss : 0.3395942012468974   3d pose loss : 0.10897469527047614   3d marker loss : 0.14834824740022853   angle loss : 0.06654785712775976   bone scale loss : 0.015600307609723961   symmetric loss : 0.00012309373783679894   
Valid, Epoch 4 : : total loss : 0.3511885653195701   3d pose loss : 0.1103052917261201   3d marker loss : 0.14966748730610993   angle loss : 0.07196716754508528   bone scale loss : 0.01909444060014642   symmetric loss : 0.00015418211515655215   
Current LR:  [0.00039743346264223495]
Train , Epoch 5 : : total loss : 0.3171329596768255   3d pose loss : 0.10063298061706018   3d marker loss : 0.13838072056355682   angle loss : 0.06385603168088456   bone scale loss : 0.014140158861983514   symmetric loss : 0.0001230672725849191   
Valid, Epoch 5 : : total loss : 0.3335791431812126   3d pose loss : 0.10057967659648763   3d marker loss : 0.14203834533691406   angle loss : 0.07182944312900327   bone scale loss : 0.018978887541643733   symmetric loss : 0.0001527921234201928   
Current LR:  [0.00037959747573841927]
Train , Epoch 6 : : total loss : 0.30457541182421255   3d pose loss : 0.09643772933362187   3d marker loss : 0.13275682099055552   angle loss : 0.06200029580057531   bone scale loss : 0.01325707727422317   symmetric loss : 0.00012348874286913813   
Valid, Epoch 6 : : total loss : 0.32833774738129046   3d pose loss : 0.10098856832494434   3d marker loss : 0.13977986402870016   angle loss : 0.06929449101274472   bone scale loss : 0.018128559531406522   symmetric loss : 0.00014626489639592437   
Current LR:  [0.0003625619308173147]
Train , Epoch 7 : : total loss : 0.2965325717476831   3d pose loss : 0.0937792297506678   3d marker loss : 0.12915350913569548   angle loss : 0.060774908333584884   bone scale loss : 0.012702246380133042   symmetric loss : 0.0001226786502967656   
Valid, Epoch 7 : : total loss : 0.3303168373417134   3d pose loss : 0.10264972403546686   3d marker loss : 0.1406222370150516   angle loss : 0.06875431269692778   bone scale loss : 0.018142948079478152   symmetric loss : 0.00014761284109707386   
Current LR:  [0.0003462909057081357]
Train , Epoch 8 : : total loss : 0.27865282474220665   3d pose loss : 0.08701514210821926   3d marker loss : 0.12079408909531607   angle loss : 0.05884244332926861   bone scale loss : 0.01187816170192715   symmetric loss : 0.00012298885596227711   
Valid, Epoch 8 : : total loss : 0.303333826423482   3d pose loss : 0.0897999437046824   3d marker loss : 0.12960694208686283   angle loss : 0.06655363915330273   bone scale loss : 0.01720682042393512   symmetric loss : 0.00016648324076758866   
Current LR:  [0.00033075009035238203]
Train , Epoch 9 : : total loss : 0.25986385034478227   3d pose loss : 0.08004150541796201   3d marker loss : 0.11184828283562176   angle loss : 0.05676429203670958   bone scale loss : 0.011085707092306753   symmetric loss : 0.00012406311139204554   
Valid, Epoch 9 : : total loss : 0.31578285534239553   3d pose loss : 0.0986566769347616   3d marker loss : 0.1343030095012555   angle loss : 0.06536667541976175   bone scale loss : 0.017324297873518794   symmetric loss : 0.00013219421079509953   
Current LR:  [0.0003159067144555935]
Train , Epoch 10 : : total loss : 0.2491875665775244   3d pose loss : 0.0762708086034526   3d marker loss : 0.1067368548201478   angle loss : 0.055361509139555086   bone scale loss : 0.01069362077160158   symmetric loss : 0.00012477254904165485   
Valid, Epoch 10 : : total loss : 0.3467094562645774   3d pose loss : 0.1110770249946555   3d marker loss : 0.15230822738866728   angle loss : 0.06640389273952015   bone scale loss : 0.01677110898819757   symmetric loss : 0.00014920364077049928   
Current LR:  [0.0003017294783859434]
Train , Epoch 11 : : total loss : 0.24334133414254672   3d pose loss : 0.07437491304632546   3d marker loss : 0.10419827043146326   angle loss : 0.054268721534290174   bone scale loss : 0.01037525822395   symmetric loss : 0.00012417169833181264   
Valid, Epoch 11 : : total loss : 0.3154724447184305   3d pose loss : 0.1012384993413308   3d marker loss : 0.13385832406355339   angle loss : 0.06331986825784165   bone scale loss : 0.01691680864411061   symmetric loss : 0.00013894749853029771   
Current LR:  [0.0002881884871739595]
Train , Epoch 12 : : total loss : 0.23412407805090366   3d pose loss : 0.07119696816240532   3d marker loss : 0.09969499452390533   angle loss : 0.05307542316723561   bone scale loss : 0.01003210713573988   symmetric loss : 0.00012458542054367213   
Valid, Epoch 12 : : total loss : 0.3021814385669233   3d pose loss : 0.09308487734727852   3d marker loss : 0.12917085570628448   angle loss : 0.06364820130010168   bone scale loss : 0.016140005400976716   symmetric loss : 0.00013749260366492812   
Current LR:  [0.00027525518747420003]
Train , Epoch 13 : : total loss : 0.224613081847412   3d pose loss : 0.06769408474581828   3d marker loss : 0.09525122981572497   angle loss : 0.05190470907567204   bone scale loss : 0.009637179387652356   symmetric loss : 0.00012587885774310975   
Valid, Epoch 13 : : total loss : 0.2728767447728134   3d pose loss : 0.08044235101937369   3d marker loss : 0.11212484557222775   angle loss : 0.06363995380935725   bone scale loss : 0.016535270989336506   symmetric loss : 0.00013432552311885154   
Current LR:  [0.00026290230735595847]
Train , Epoch 14 : : total loss : 0.21575902212357176   3d pose loss : 0.06458746797364691   3d marker loss : 0.09102564801772435   angle loss : 0.05070926732775094   bone scale loss : 0.009310466847449973   symmetric loss : 0.00012617298820312471   
Valid, Epoch 14 : : total loss : 0.2839372655268355   3d pose loss : 0.08854231108789859   3d marker loss : 0.11904003607849031   angle loss : 0.06005289384171465   bone scale loss : 0.01617148851285371   symmetric loss : 0.00013053742816977824   
Current LR:  [0.00025110379879603656]
Train , Epoch 15 : : total loss : 0.20936793101870496   3d pose loss : 0.06266214764420537   3d marker loss : 0.08790022607730782   angle loss : 0.04958225278102833   bone scale loss : 0.009096060044037691   symmetric loss : 0.0001272442753374428   
Valid, Epoch 15 : : total loss : 0.25738805308443885   3d pose loss : 0.07637723136141446   3d marker loss : 0.10567359811871388   angle loss : 0.05949038605349154   bone scale loss : 0.015705293507020792   symmetric loss : 0.00014154321576524237   
Current LR:  [0.00023983478275232172]
Train , Epoch 16 : : total loss : 0.20411312485086744   3d pose loss : 0.06112671986870144   3d marker loss : 0.08543085764715637   angle loss : 0.04867939860492513   bone scale loss : 0.008747472991977912   symmetric loss : 0.00012867657811063734   
Valid, Epoch 16 : : total loss : 0.2515171890146344   3d pose loss : 0.0739115826242007   3d marker loss : 0.10182684875184679   angle loss : 0.05928199200746147   bone scale loss : 0.01635600424419015   symmetric loss : 0.0001407648125655164   
Current LR:  [0.00022907149670234805]
Train , Epoch 17 : : total loss : 0.195917990717335   3d pose loss : 0.05806735905184262   3d marker loss : 0.08163140467975451   angle loss : 0.047567155212163925   bone scale loss : 0.008522600407941618   symmetric loss : 0.00012947148934472352   
Valid, Epoch 17 : : total loss : 0.2465729402459186   3d pose loss : 0.07358950995836701   3d marker loss : 0.09925211582802286   angle loss : 0.05762908607172281   bone scale loss : 0.015956814873719267   symmetric loss : 0.00014541735750806293   
Current LR:  [0.00021879124453621764]
Train , Epoch 18 : : total loss : 0.1922035739041757   3d pose loss : 0.05700581669807434   3d marker loss : 0.08001378988442213   angle loss : 0.046795612454846286   bone scale loss : 0.008258799977762544   symmetric loss : 0.0001295550465685032   
Valid, Epoch 18 : : total loss : 0.25407862364586964   3d pose loss : 0.07580325668492384   3d marker loss : 0.10294088029474921   angle loss : 0.057818004947949087   bone scale loss : 0.017374379314652418   symmetric loss : 0.00014210109771884753   
Current LR:  [0.0002089723486982233]
Train , Epoch 19 : : total loss : 0.19031617274318915   3d pose loss : 0.05664392986159394   3d marker loss : 0.07916901673095814   angle loss : 0.04621908291094545   bone scale loss : 0.00815318708402523   symmetric loss : 0.00013095597657240065   
Valid, Epoch 19 : : total loss : 0.4766158210765639   3d pose loss : 0.1595591558809217   3d marker loss : 0.21719999496077647   angle loss : 0.08302320595954214   bone scale loss : 0.016684313150302575   symmetric loss : 0.0001491506658796449   
Current LR:  [0.00019959410447625568]
Train , Epoch 20 : : total loss : 0.21168220086374145   3d pose loss : 0.06429998786121174   3d marker loss : 0.08966782151356988   angle loss : 0.048638696169507674   bone scale loss : 0.008946720409490492   symmetric loss : 0.00012897464680397693   
Valid, Epoch 20 : : total loss : 0.2504430989087638   3d pose loss : 0.07553300505274785   3d marker loss : 0.10081015515169328   angle loss : 0.056724014665242406   bone scale loss : 0.017245017074449323   symmetric loss : 0.00013090801185412866   
Current LR:  [0.00019063673634260673]
Train , Epoch 21 : : total loss : 0.18802722994832025   3d pose loss : 0.055719929857962376   3d marker loss : 0.07818626115719478   angle loss : 0.04589906108120213   bone scale loss : 0.008090467641696983   symmetric loss : 0.0001315114091730852   
Valid, Epoch 21 : : total loss : 0.24567423748811906   3d pose loss : 0.0738421938572197   3d marker loss : 0.097780514923017   angle loss : 0.056203903392912626   bone scale loss : 0.01771178963479525   symmetric loss : 0.00013583498391307006   
Current LR:  [0.00018208135625410695]
Train , Epoch 22 : : total loss : 0.18139093043147653   3d pose loss : 0.053437098461216775   3d marker loss : 0.07510236751126206   angle loss : 0.04483467183899188   bone scale loss : 0.007884146090920852   symmetric loss : 0.0001326468153991669   
Valid, Epoch 22 : : total loss : 0.24001506504629497   3d pose loss : 0.07222592887758945   3d marker loss : 0.09437577489025029   angle loss : 0.05625327114858606   bone scale loss : 0.017030002081227284   symmetric loss : 0.00013008961660269984   
Current LR:  [0.00017390992382366587]
Train , Epoch 23 : : total loss : 0.1788728557203127   3d pose loss : 0.05275303285191025   3d marker loss : 0.07403812617927358   angle loss : 0.04432688522813977   bone scale loss : 0.007621913150870714   symmetric loss : 0.00013289803869354175   
Valid, Epoch 23 : : total loss : 0.2530724394382935   3d pose loss : 0.07610498492824917   3d marker loss : 0.10266977816534639   angle loss : 0.057207864527326346   bone scale loss : 0.01693509599261189   symmetric loss : 0.00015471371813137124   
Current LR:  [0.00016610520827923083]
Train , Epoch 24 : : total loss : 0.17452521902927454   3d pose loss : 0.051174643700537474   3d marker loss : 0.07190104990765668   angle loss : 0.04380840734727141   bone scale loss : 0.007507317590162806   symmetric loss : 0.00013380051140025583   
Valid, Epoch 24 : : total loss : 0.24877771438705457   3d pose loss : 0.0777987605434353   3d marker loss : 0.09936107505132104   angle loss : 0.05428497762300552   bone scale loss : 0.017193439312954552   symmetric loss : 0.00013946614114261543   
Current LR:  [0.00015865075212994858]
Train , Epoch 25 : : total loss : 0.16865498376065408   3d pose loss : 0.0489533392307551   3d marker loss : 0.06935384674132734   angle loss : 0.04296763145189354   bone scale loss : 0.007245786655424298   symmetric loss : 0.00013437965320443491   
Valid, Epoch 25 : : total loss : 0.2501278975999083   3d pose loss : 0.07595257233765165   3d marker loss : 0.09944799988253994   angle loss : 0.05622868847126634   bone scale loss : 0.018370511376778694   symmetric loss : 0.00012812627185693364   
Current LR:  [0.00015153083646291394]
Train , Epoch 26 : : total loss : 0.16606949667135876   3d pose loss : 0.04821695230793262   3d marker loss : 0.0682241767320944   angle loss : 0.04238829065276229   bone scale loss : 0.0071060116537779135   symmetric loss : 0.00013406619609272836   
Valid, Epoch 26 : : total loss : 0.23829076407846495   3d pose loss : 0.07168446776615668   3d marker loss : 0.09368974721510795   angle loss : 0.05546260090900328   bone scale loss : 0.01731871542855054   symmetric loss : 0.0001352339262017869   
Current LR:  [0.00014473044779732814]
Train , Epoch 27 : : total loss : 0.16271141275115636   3d pose loss : 0.04711554006173991   3d marker loss : 0.06673145681835603   angle loss : 0.04179566690455312   bone scale loss : 0.006933843109594739   symmetric loss : 0.00013490573661671817   
Valid, Epoch 27 : : total loss : 0.2347983528606665   3d pose loss : 0.07104724215161036   3d marker loss : 0.0921521381850443   angle loss : 0.05421139382226729   bone scale loss : 0.017255822733297187   symmetric loss : 0.0001317559747099492   
Current LR:  [0.00013823524642617364]
Train , Epoch 28 : : total loss : 0.1596790617790775   3d pose loss : 0.045974522224370984   3d marker loss : 0.06540655411671902   angle loss : 0.04134454415112302   bone scale loss : 0.006818163675674494   symmetric loss : 0.0001352771443265922   
Valid, Epoch 28 : : total loss : 0.22887175453877573   3d pose loss : 0.06853889197923721   3d marker loss : 0.08951854899075423   angle loss : 0.053117026585204334   bone scale loss : 0.017551087342647393   symmetric loss : 0.00014620092493264374   
Current LR:  [0.00013203153617864866]
Train , Epoch 29 : : total loss : 0.16044432486312976   3d pose loss : 0.04641783616465071   3d marker loss : 0.06584875713223996   angle loss : 0.041251025154538774   bone scale loss : 0.0067919389236772406   symmetric loss : 0.00013476750485268355   
Valid, Epoch 29 : : total loss : 0.23361645679572265   3d pose loss : 0.07087974348047153   3d marker loss : 0.09286766967618826   angle loss : 0.05306968802288339   bone scale loss : 0.01666295715088166   symmetric loss : 0.00013639850930743849   
Current LR:  [0.00012610623553960078]
Train , Epoch 30 : : total loss : 0.15621135744495668   3d pose loss : 0.044824980933597124   3d marker loss : 0.0638394645590713   angle loss : 0.04074166219519532   bone scale loss : 0.006669428200879391   symmetric loss : 0.00013582090163043281   
Valid, Epoch 30 : : total loss : 0.23097703047508517   3d pose loss : 0.0699752661438663   3d marker loss : 0.09051145326590486   angle loss : 0.05384602754012398   bone scale loss : 0.01650466511332119   symmetric loss : 0.00013961817818030156   
Current LR:  [0.00012044685006506023]
Train , Epoch 31 : : total loss : 0.15256589547447535   3d pose loss : 0.04361335192469583   3d marker loss : 0.062278325024290364   angle loss : 0.04002587699155877   bone scale loss : 0.006512307263640822   symmetric loss : 0.0001360346454759196   
Valid, Epoch 31 : : total loss : 0.2252950455743597   3d pose loss : 0.06778378792343195   3d marker loss : 0.08780653738501147   angle loss : 0.05281062967740356   bone scale loss : 0.016751177932905113   symmetric loss : 0.0001429133854124231   
Current LR:  [0.00011504144603570669]
Train , Epoch 32 : : total loss : 0.14987954354804495   3d pose loss : 0.042665094590705374   3d marker loss : 0.06099980653844018   angle loss : 0.03963739151755969   bone scale loss : 0.0064413177308397015   symmetric loss : 0.00013593303533591518   
Valid, Epoch 32 : : total loss : 0.2261747303655592   3d pose loss : 0.06745543696024704   3d marker loss : 0.08879167065518519   angle loss : 0.052751453333948144   bone scale loss : 0.0170387134625794   symmetric loss : 0.0001374550129258806   
Current LR:  [0.00010987862529271364]
Train , Epoch 33 : : total loss : 0.1503032636815223   3d pose loss : 0.042877821062785995   3d marker loss : 0.061289700336646345   angle loss : 0.03955655252372009   bone scale loss : 0.0064426045054974766   symmetric loss : 0.00013658491598502934   
Valid, Epoch 33 : : total loss : 0.22629001374269286   3d pose loss : 0.06751305264590327   3d marker loss : 0.08821838176153825   angle loss : 0.05337265048206248   bone scale loss : 0.017046209141974425   symmetric loss : 0.00013972132653066602   
Current LR:  [0.0001049475012029077]
Train , Epoch 34 : : total loss : 0.1465148021345553   3d pose loss : 0.04153671143711477   3d marker loss : 0.05956687938044037   angle loss : 0.039004771551792175   bone scale loss : 0.006270387000741734   symmetric loss : 0.0001360529382456688   
Valid, Epoch 34 : : total loss : 0.2308421539048017   3d pose loss : 0.06994318189037663   3d marker loss : 0.08936549726442633   angle loss : 0.05369192660513746   bone scale loss : 0.017706400904922513   symmetric loss : 0.00013514761963973127   
Current LR:  [0.00010023767570256161]
Train , Epoch 35 : : total loss : 0.14392940050018008   3d pose loss : 0.04064273716530938   3d marker loss : 0.058429647431425424   angle loss : 0.0385148327851641   bone scale loss : 0.006205652880927791   symmetric loss : 0.00013652994420608857   
Valid, Epoch 35 : : total loss : 0.21929397368659495   3d pose loss : 0.06481745599734054   3d marker loss : 0.08474419410385098   angle loss : 0.05298243578339466   bone scale loss : 0.01661527447825244   symmetric loss : 0.00013461343708325263   
Current LR:  [9.573921737141397e-05]
Train , Epoch 36 : : total loss : 0.1422314636517262   3d pose loss : 0.04013989634703899   3d marker loss : 0.057742056077805116   angle loss : 0.03810012589978135   bone scale loss : 0.0061123468319251055   symmetric loss : 0.00013703864204454356   
Valid, Epoch 36 : : total loss : 0.22526128834982348   3d pose loss : 0.06775908779377611   3d marker loss : 0.08857037578335385   angle loss : 0.05196978076029632   bone scale loss : 0.016827263690218298   symmetric loss : 0.00013478186723413105   
Current LR:  [9.144264049068144e-05]
Train , Epoch 37 : : total loss : 0.14066427369480547   3d pose loss : 0.03956780325675356   3d marker loss : 0.05702290624596071   angle loss : 0.03791054244274678   bone scale loss : 0.006026153925104418   symmetric loss : 0.00013686814109214405   
Valid, Epoch 37 : : total loss : 0.22126971102850176   3d pose loss : 0.0658299323821999   3d marker loss : 0.08546430922292486   angle loss : 0.05300213531615019   bone scale loss : 0.01683264070340791   symmetric loss : 0.00014069443997531008   
Current LR:  [8.733888504090368e-05]
Train , Epoch 38 : : total loss : 0.13876485561115154   3d pose loss : 0.0389466679074626   3d marker loss : 0.05622048266771911   angle loss : 0.037531671608271804   bone scale loss : 0.005928793145964543   symmetric loss : 0.0001372397766133055   
Valid, Epoch 38 : : total loss : 0.22438554053984763   3d pose loss : 0.06809095266380114   3d marker loss : 0.08726901619769935   angle loss : 0.05255958852999862   bone scale loss : 0.01632909072657763   symmetric loss : 0.0001368937407728002   
Current LR:  [8.341929759744346e-05]
Train , Epoch 39 : : total loss : 0.13729215752387391   3d pose loss : 0.03845619319033795   3d marker loss : 0.055605714293061825   angle loss : 0.03725915351423664   bone scale loss : 0.005833417972198863   symmetric loss : 0.00013767857327247443   
Valid, Epoch 39 : : total loss : 0.22318461631797393   3d pose loss : 0.0681312394739515   3d marker loss : 0.08619276995859167   angle loss : 0.052186664097785246   bone scale loss : 0.016537285885480545   symmetric loss : 0.0001366565359328093   
Current LR:  [7.967561308335696e-05]
Train , Epoch 40 : : total loss : 0.13616085927123608   3d pose loss : 0.038139237198924675   3d marker loss : 0.05515575527712919   angle loss : 0.036973505575155864   bone scale loss : 0.005754168149407791   symmetric loss : 0.00013819264287662193   
Valid, Epoch 40 : : total loss : 0.22879152659906038   3d pose loss : 0.06967139648178876   3d marker loss : 0.08878258641537447   angle loss : 0.05307491842929107   bone scale loss : 0.017127093655182845   symmetric loss : 0.0001355304536989608   
Current LR:  [7.609993734115733e-05]
Train , Epoch 41 : : total loss : 0.13435486468715943   3d pose loss : 0.037487620763156725   3d marker loss : 0.05430151934640995   angle loss : 0.03669842464336451   bone scale loss : 0.005729201464387386   symmetric loss : 0.00013809922822764602   
Valid, Epoch 41 : : total loss : 0.22249455740105692   3d pose loss : 0.06714185253170016   3d marker loss : 0.08532592867258812   angle loss : 0.052577070040832834   bone scale loss : 0.017316956333843503   symmetric loss : 0.00013274787957783495   
Current LR:  [7.268473048672112e-05]
Train , Epoch 42 : : total loss : 0.1345406085036803   3d pose loss : 0.037625102941756666   3d marker loss : 0.054492990629396575   angle loss : 0.03653747947967571   bone scale loss : 0.005747002448238756   symmetric loss : 0.0001380323394002609   
Valid, Epoch 42 : : total loss : 0.22025036196894915   3d pose loss : 0.06602853154468466   3d marker loss : 0.08523820372478173   angle loss : 0.05214018275303795   bone scale loss : 0.016707722567071263   symmetric loss : 0.0001357223401216731   
Current LR:  [6.942279101023687e-05]
Train , Epoch 43 : : total loss : 0.1329024172347525   3d pose loss : 0.03695688446362813   3d marker loss : 0.05366418687761694   angle loss : 0.03645074537050897   bone scale loss : 0.005692557882571566   symmetric loss : 0.00013804272457491608   
Valid, Epoch 43 : : total loss : 0.21620582673333547   3d pose loss : 0.06455307728943793   3d marker loss : 0.08287686430186846   angle loss : 0.05200879351567414   bone scale loss : 0.01663145879743375   symmetric loss : 0.00013563328771937745   
Current LR:  [6.630724059067003e-05]
Train , Epoch 44 : : total loss : 0.1304958571990331   3d pose loss : 0.0362297966806353   3d marker loss : 0.052622156028730285   angle loss : 0.03591050108813721   bone scale loss : 0.0055950892333319225   symmetric loss : 0.00013831499179460757   
Valid, Epoch 44 : : total loss : 0.21835354732606194   3d pose loss : 0.06613903486649605   3d marker loss : 0.08456670886554872   angle loss : 0.051226698570420136   bone scale loss : 0.0162886916251418   symmetric loss : 0.00013241290542734244   
Current LR:  [6.333150959172302e-05]
Train , Epoch 45 : : total loss : 0.12980597116377043   3d pose loss : 0.036033786649721254   3d marker loss : 0.05238154134240703   angle loss : 0.0356901187395704   bone scale loss : 0.0055623505291515505   symmetric loss : 0.00013817389089904348   
Valid, Epoch 45 : : total loss : 0.21742016371331324   3d pose loss : 0.06510247943501483   3d marker loss : 0.08361550192667794   angle loss : 0.05224512821624801   bone scale loss : 0.016318416992969695   symmetric loss : 0.00013863603615695466   
Current LR:  [6.048932320870654e-05]
Train , Epoch 46 : : total loss : 0.12801433721746225   3d pose loss : 0.035399208309641786   3d marker loss : 0.05155341975066973   angle loss : 0.03543374243097893   bone scale loss : 0.00548915399670385   symmetric loss : 0.00013881250340710865   
Valid, Epoch 46 : : total loss : 0.22020228627682084   3d pose loss : 0.06695863492539812   3d marker loss : 0.08462631447664849   angle loss : 0.05139091437409358   bone scale loss : 0.01709455450449081   symmetric loss : 0.00013186856857229877   
Current LR:  [5.777468823711038e-05]
Train , Epoch 47 : : total loss : 0.12657609191061794   3d pose loss : 0.03485514713262302   3d marker loss : 0.05093606631608977   angle loss : 0.03524200048135675   bone scale loss : 0.005404412786921729   symmetric loss : 0.0001384652611559959   
Valid, Epoch 47 : : total loss : 0.21808284297091343   3d pose loss : 0.06521138748704465   3d marker loss : 0.0839072436906875   angle loss : 0.05168787969239248   bone scale loss : 0.0171485637138236   symmetric loss : 0.00012776672180574565   
Current LR:  [5.518188043497332e-05]
Train , Epoch 48 : : total loss : 0.12572745952917183   3d pose loss : 0.034624382929093596   3d marker loss : 0.05060342126998348   angle loss : 0.03494537439251291   bone scale loss : 0.005415837300698395   symmetric loss : 0.0001384438701780459   
Valid, Epoch 48 : : total loss : 0.22032382967899017   3d pose loss : 0.06784298535032841   3d marker loss : 0.0843265751485185   angle loss : 0.05140110742720771   bone scale loss : 0.01661897452332645   symmetric loss : 0.00013419007496426517   
Current LR:  [5.270543245240348e-05]
Train , Epoch 49 : : total loss : 0.12561148953610574   3d pose loss : 0.03455102450713731   3d marker loss : 0.05055375641238862   angle loss : 0.03497403115574001   bone scale loss : 0.005394206390432689   symmetric loss : 0.00013847131703042197   
Valid, Epoch 49 : : total loss : 0.21625959618441218   3d pose loss : 0.06601164362056341   3d marker loss : 0.08260700389929528   angle loss : 0.05100718634745261   bone scale loss : 0.016498644967332166   symmetric loss : 0.00013511902333546757   
Current LR:  [5.0340122302796785e-05]
Train , Epoch 50 : : total loss : 0.1255201492620551   3d pose loss : 0.034701090651577796   3d marker loss : 0.05059389920122381   angle loss : 0.03470736740939859   bone scale loss : 0.005378944564448751   symmetric loss : 0.00013884739297361154   
Valid, Epoch 50 : : total loss : 0.2190232640605862   3d pose loss : 0.06632631529581046   3d marker loss : 0.08460617232340262   angle loss : 0.05138298019206779   bone scale loss : 0.01657098603099255   symmetric loss : 0.00013681016975633563   
Current LR:  [4.808096235144308e-05]
Train , Epoch 51 : : total loss : 0.12343312668195669   3d pose loss : 0.03386424709165442   3d marker loss : 0.04957796219682348   angle loss : 0.034508926615766856   bone scale loss : 0.005343139009631198   symmetric loss : 0.0001388519860220317   
Valid, Epoch 51 : : total loss : 0.21453308918586791   3d pose loss : 0.0639999392459563   3d marker loss : 0.08144728304624733   angle loss : 0.05211191679856842   bone scale loss : 0.016839894065983435   symmetric loss : 0.00013405616671758358   
Current LR:  [4.592318879830075e-05]
Train , Epoch 52 : : total loss : 0.12241537307483563   3d pose loss : 0.03353499383058237   3d marker loss : 0.049185241002967395   angle loss : 0.034304668489789615   bone scale loss : 0.005251542176457419   symmetric loss : 0.0001389275183496268   
Valid, Epoch 52 : : total loss : 0.21661360226928442   3d pose loss : 0.06523821401350095   3d marker loss : 0.0826453072408059   angle loss : 0.05145783216178461   bone scale loss : 0.01713808478242611   symmetric loss : 0.00013416357465052679   
Current LR:  [4.386225163276248e-05]
Train , Epoch 53 : : total loss : 0.12186315400876861   3d pose loss : 0.033392417916785114   3d marker loss : 0.04895396060917689   angle loss : 0.03412736899934817   bone scale loss : 0.005250070343954839   symmetric loss : 0.00013933594509844493   
Valid, Epoch 53 : : total loss : 0.21486300902060929   3d pose loss : 0.06379070313607584   3d marker loss : 0.08162296912032362   angle loss : 0.052173910328985225   bone scale loss : 0.01714020658918576   symmetric loss : 0.00013521924508871428   
Current LR:  [4.1893805039230266e-05]
Train , Epoch 54 : : total loss : 0.12063602550306182   3d pose loss : 0.03297046158408773   3d marker loss : 0.048362696246392486   angle loss : 0.033995669286536134   bone scale loss : 0.00516811304361276   symmetric loss : 0.00013908529276639034   
Valid, Epoch 54 : : total loss : 0.21910371970146478   3d pose loss : 0.06605927884446933   3d marker loss : 0.08421305742172433   angle loss : 0.051794518946547144   bone scale loss : 0.016906015920832303   symmetric loss : 0.00013084973204488382   
Current LR:  [4.001369823326824e-05]
Train , Epoch 55 : : total loss : 0.11975861779157666   3d pose loss : 0.032620989617662154   3d marker loss : 0.04799069277402283   angle loss : 0.0338432122885749   bone scale loss : 0.005164010334166064   symmetric loss : 0.00013971271780420744   
Valid, Epoch 55 : : total loss : 0.2167388275430408   3d pose loss : 0.06485578086153057   3d marker loss : 0.08266418429974168   angle loss : 0.05201682797581638   bone scale loss : 0.017071362093431422   symmetric loss : 0.00013067321047151163   
Current LR:  [3.821796670900991e-05]
Train , Epoch 56 : : total loss : 0.11867030833078468   3d pose loss : 0.03222050329373367   3d marker loss : 0.047593606349782665   angle loss : 0.033591372460342835   bone scale loss : 0.005124945185430672   symmetric loss : 0.00013988094749789603   
Valid, Epoch 56 : : total loss : 0.2080318514880839   3d pose loss : 0.06150587024983889   3d marker loss : 0.07944293758319244   angle loss : 0.05111866763346144   bone scale loss : 0.01582759590208662   symmetric loss : 0.00013677977051588657   
Current LR:  [3.650282387936352e-05]
Train , Epoch 57 : : total loss : 0.11856635428857112   3d pose loss : 0.032223653399210045   3d marker loss : 0.04751672041804894   angle loss : 0.03358057244964268   bone scale loss : 0.005105889592643666   symmetric loss : 0.00013951854194021798   
Valid, Epoch 57 : : total loss : 0.2101461049292838   3d pose loss : 0.0625469536138266   3d marker loss : 0.07979351233803532   angle loss : 0.05121188653068852   bone scale loss : 0.016458218029165583   symmetric loss : 0.00013553564460411414   
Current LR:  [3.486465309138762e-05]
Train , Epoch 58 : : total loss : 0.11804537174926288   3d pose loss : 0.032115189223617745   3d marker loss : 0.0473343447174715   angle loss : 0.03337176729911479   bone scale loss : 0.005084743493816991   symmetric loss : 0.00013932701026467416   
Valid, Epoch 58 : : total loss : 0.21320050151012535   3d pose loss : 0.06418586172597235   3d marker loss : 0.08162925150259154   angle loss : 0.05065286423058394   bone scale loss : 0.016597214863857276   symmetric loss : 0.00013531061061283927   
Current LR:  [3.329999999999998e-05]
Train , Epoch 59 : : total loss : 0.11739991760772207   3d pose loss : 0.03196333777429401   3d marker loss : 0.04699028406454169   angle loss : 0.033259236062134524   bone scale loss : 0.00504730931226758   symmetric loss : 0.0001397504064210596   
Valid, Epoch 59 : : total loss : 0.2137716203027555   3d pose loss : 0.06413835634092417   3d marker loss : 0.08139563415010097   angle loss : 0.05103458019416826   bone scale loss : 0.01707173359025113   symmetric loss : 0.00013131604352506124   
Training with lr from 3.33e-06 to 1e-06 in 2 epochs.
LR decay rate : 0.3003003003003003
Train , Epoch 60 : : total loss : 0.11482475330864174   3d pose loss : 0.030874076604411223   3d marker loss : 0.04578633568641068   angle loss : 0.03300423001249631   bone scale loss : 0.005021267610372624   symmetric loss : 0.000138843368968346   
Valid, Epoch 60 : : total loss : 0.20968668726145914   3d pose loss : 0.06243317752703201   3d marker loss : 0.07942297340932802   angle loss : 0.05123232126060267   bone scale loss : 0.01646373105251183   symmetric loss : 0.00013448424430052058   
Current LR:  [1e-06]
Train , Epoch 61 : : total loss : 0.11365769717140474   3d pose loss : 0.030470003274039946   3d marker loss : 0.04527084664374158   angle loss : 0.03278763760691104   bone scale loss : 0.004990347781879963   symmetric loss : 0.00013886207855556268   
Valid, Epoch 61 : : total loss : 0.21224378204205147   3d pose loss : 0.0633430169976276   3d marker loss : 0.08056047038287034   angle loss : 0.051249030590408765   bone scale loss : 0.016957886775100416   symmetric loss : 0.00013337864893280633   
Finished Training
Load  /tudelft.net/staff-bulk/ewi/insy/VisionLab/students/wyang/dataset/models/model_56_OS_SY.pt
layer3 uses center striding.
Use ResNet50 Next with center striding and Petrained model
Image size : (256, 256)
test set : total loss : 0.12946305412357137   3d pose loss : 0.033652772246781044   3d marker loss : 0.04312880852464902   angle loss : 0.03976683678263325   bone scale loss : 0.012797768131151037   symmetric loss : 0.00011686902110449086   
