/home/nfs/weitseyang/.bashrc: line 20: dirname: command not found
/home/nfs/weitseyang/.bashrc: line 21: dirname: command not found
              total        used        free      shared  buff/cache   available
Mem:         257670       89772        1963         735      165934      166299
Swap:        262143           3      262140
Thu Jun 24 00:08:36 2021       
+-----------------------------------------------------------------------------+
| NVIDIA-SMI 465.19.01    Driver Version: 465.19.01    CUDA Version: 11.3     |
|-------------------------------+----------------------+----------------------+
| GPU  Name        Persistence-M| Bus-Id        Disp.A | Volatile Uncorr. ECC |
| Fan  Temp  Perf  Pwr:Usage/Cap|         Memory-Usage | GPU-Util  Compute M. |
|                               |                      |               MIG M. |
|===============================+======================+======================|
|   0  NVIDIA GeForce ...  On   | 00000000:85:00.0 Off |                  N/A |
| 23%   25C    P8     8W / 250W |      1MiB / 11178MiB |      0%      Default |
|                               |                      |                  N/A |
+-------------------------------+----------------------+----------------------+
|   1  NVIDIA GeForce ...  On   | 00000000:8A:00.0 Off |                  N/A |
| 23%   21C    P8     8W / 250W |    679MiB / 11178MiB |      0%      Default |
|                               |                      |                  N/A |
+-------------------------------+----------------------+----------------------+
                                                                               
+-----------------------------------------------------------------------------+
| Processes:                                                                  |
|  GPU   GI   CI        PID   Type   Process name                  GPU Memory |
|        ID   ID                                                   Usage      |
|=============================================================================|
|    1   N/A  N/A     24895      C   ..._Framework/env/bin/python      135MiB |
|    1   N/A  N/A     25021      C   ..._Framework/env/bin/python      135MiB |
|    1   N/A  N/A     25024      C   ..._Framework/env/bin/python      135MiB |
|    1   N/A  N/A     25028      C   ..._Framework/env/bin/python      135MiB |
|    1   N/A  N/A     25031      C   ..._Framework/env/bin/python      135MiB |
+-----------------------------------------------------------------------------+
BML_FOLDER: /tudelft.net/staff-bulk/ewi/insy/VisionLab/students/wyang/dataset/HDF5/BML/
DATASET:
  ANTIALIAS:
    TEST: 1
    TRAIN: 1
  BBOX:
    PARTIAL_VISUALBILITY: False
  COLOR:
    AUG: True
  DATASETPERIMG: 2000
  GEOM:
    AUG: True
    HFLIP: True
    ROT: 10
    SCALE_DOWN: 25
    SCALE_UP: 25
    SHIFT_AUG: 10
  INTERPOLATION:
    TEST: nearest
    TRAIN: nearest
  MIX_PROB: 0.0
  OCCLUSION:
    PROB: 0.0
    SCALE: 0.8
    ZERO: True
  ROATION_PROB: 0.0
  SCALING_PROB: 0.0
  TRAINING_USEDEACHFRAME: 1
  USEDEACHFRAME: 1
EVAL_WORKERS: 16
HYP:
  MARKER: 1
  MARKERPAIRS: 1
  POS: 1
  SEQUENCE_LEN_LOSS: 1
  SEQUENCE_POS_LOSS: 1
  SYMARKERPAIRS: 1
LOSS:
  POS_LOSS_TYPE: 2
  SEQUENCE_LEN_LOSS:
    TYPE: 2
    USE: True
  SEQUENCE_POS_LOSS:
    LAMBDA: 16
    TYPE: 2
    USE: True
MODEL_FOLDER: /tudelft.net/staff-bulk/ewi/insy/VisionLab/students/wyang/dataset/models/
PASCAL_PATH: /tudelft.net/staff-bulk/ewi/insy/VisionLab/students/wyang/dataset/HDF5/PASCAL/pascal.hdf5
POSTFIX: BML_TEMPORAL_TRANSFORMERS_LOSS
PREDICTION:
  Joints_Inside_Cylinder_Body_LIST: [['ROOT', 'Torso'], ['RHIPJ', 'Torso'], ['LHIPJ', 'Torso'], ['Spine1', 'Torso'], ['Spine2', 'Torso'], ['Spine3', 'Torso'], ['LCOL', 'Torso'], ['RCOL', 'Torso'], ['NECK', 'Torso'], ['HEAD', 'HEAD'], ['RKNE', 'RightLeg'], ['RKNI', 'RightLeg'], ['LKNE', 'LeftLeg'], ['LKNI', 'LeftLeg'], ['LANK', 'LeftShrank'], ['RANK', 'RightShrank'], ['LANI', 'LeftShrank'], ['RANI', 'RightShrank'], ['RTOE', 'RightFOOT'], ['LTOE', 'LeftFOOT'], ['RMT1', 'RightFOOT'], ['LMT1', 'LeftFOOT'], ['RMT5', 'RightFOOT'], ['LMT5', 'LeftFOOT'], ['LELB', 'LeftArm'], ['RELB', 'RightArm'], ['LELBIN', 'LeftArm'], ['RELBIN', 'RightArm'], ['LIWR', 'LeftForearm'], ['RIWR', 'RightForearm'], ['LOWR', 'LeftForearm'], ['ROWR', 'RightForearm']]
  PAIR_MARKERS: [[0, 3], [3, 6], [6, 9], [0, 1], [0, 2], [1, 4], [2, 5], [4, 7], [5, 8], [7, 10], [8, 11], [9, 13], [9, 14], [9, 12], [12, 15], [13, 16], [14, 17], [16, 18], [17, 19], [18, 20], [19, 21]]
  POS_NAME: ['ROOT', 'LHIPJ', 'RHIPJ', 'Spine1', 'LKJC', 'RKJC', 'Spine2', 'LAJC', 'RAJC', 'Spine3', 'LFOOT', 'RFOOT', 'NECK', 'LCOL', 'RCOL', 'HEAD', 'LSHOULDER', 'RSHOULDER', 'LELC', 'RELC', 'LWRIST', 'RWRIST', 'LPSI', 'RPSI', 'RASI', 'LASI', 'T12', 'T10', 'T8', 'T1', 'C7', 'RKNE', 'RKNI', 'LKNE', 'LKNI', 'LANK', 'RANK', 'LANI', 'RANI', 'LHEE', 'RHEE', 'RTOE', 'LTOE', 'RMT1', 'LMT1', 'RMT5', 'LMT5', 'LSHO', 'RSHO', 'STRN', 'CLAV', 'RCLAV', 'LCLAV', 'LELB', 'RELB', 'LELBIN', 'RELBIN', 'LIWR', 'RIWR', 'LOWR', 'ROWR', 'LFHD', 'RFHD', 'LBHD', 'RBHD']
  SY_MARKERS: [[0, 1, 0, 2], [1, 4, 2, 5], [18, 7, 19, 8], [7, 10, 8, 11], [13, 16, 14, 17], [16, 18, 17, 19], [18, 20, 19, 21], [58, 60, 57, 59], [34, 33, 32, 31], [35, 37, 36, 38]]
PROGRESSBAR: False
SEED: 100
STARTMODELPATH: None
TESTMODE: False
TEST_SUBJECTS: [2, 29, 19, 21, 51, 26, 7, 72, 77, 17, 65, 80, 6, 76, 10, 73, 13, 38]
TRAINING:
  AMSGRAD: False
  AWARED_OCCLUSION:
    GT: False
    USE: False
    USE_PREDICTION: False
  BATCHSIZE: 256
  CAUSAL: False
  END_LR: [5e-06]
  END_MOMENTUM: 0.001
  EPOCH: [50]
  EVALUATION_BATCHSIZE: 256
  IMGSIZE: (256, 256)
  INITIAL_MOMENTUM: 0.1
  LOSS2D: False
  LOSSTYPE: 2
  METRIC_SCALE:
    BBOX_SIZE: 2.2
    DEPTH: 8
    EVAL_STRIDING: 4
    STRIDING: 32
  NUMPRED: 65
  NUM_JOINTS: 22
  NUM_MARKER: 43
  RECEPTIVE_FIELD: 243
  REFINE: False
  RESNET:
    CENTER_STRIDING: True
    NEXT: True
    PRETRAINED: True
  START_LR: [0.001]
  TCN: False
  TRAINING_STEPS: 1
  USE_2D: False
  USE_GT: False
  VALID_BATCHSIZE: 256
TRAINING_SUBJECTS: [78, 59, 79, 44, 56, 88, 75, 61, 53, 47, 40, 41, 32, 70, 28, 39, 69, 11, 3, 90, 71, 54, 20, 85, 37, 34, 33, 46, 67, 63, 55, 36, 42, 50, 24, 35, 84, 45, 60, 16, 74, 82, 27, 89, 57, 5, 49, 22, 4, 66, 31, 83, 43, 48, 52, 68, 25, 9, 18, 1, 81, 58, 23, 62, 64, 8, 87]
TRANSFOMER:
  BATCHNORM: False
  DROPOUT: False
  D_CHANNEL: 512
  D_MODEL: 256
  INFEATURES: 195
  N1: 3
  N_HEADS: 8
  OUTFEATURES: 195
  STRIDES: [3, 9, 9]
VALID_SUBJECTS: [14, 86, 15, 30]
VALID_WORKERS: 16
WORKERS: 16
166025 training data, 21822 valid data, 100839 test data
LR starts from 0.001, LR decay rate : 0.9013257213104922
Train , Epoch 0 : : total loss : 1.2091029307540553   3d pose loss : 0.23665285873928188   3d marker loss : 0.2386703470284924   intermediate pose loss : 0.20209117720110548   intermediate marker loss : 0.19290282147258153   intermediate sequence bone length loss : 0.33641976090493025   intermediate sequence bone length loss : 0.002365968271965638   
Valid, Epoch 0 : : total loss : 0.9377900211787685   3d pose loss : 0.19567581193714353   3d marker loss : 0.21769181906974847   intermediate pose loss : 0.12631306203800732   intermediate marker loss : 0.13237253754945913   intermediate sequence bone length loss : 0.26301144343031696   intermediate sequence bone length loss : 0.0027253429791457757   
Current LR:  [0.0009013257213104922]
Current momentum:  0.1
Best Loss : 0.206683815503446
Train , Epoch 1 : : total loss : 0.7115291186872824   3d pose loss : 0.17692410269821132   3d marker loss : 0.20730043924701066   intermediate pose loss : 0.08431295847037325   intermediate marker loss : 0.09143232656527817   intermediate sequence bone length loss : 0.1490294730497731   intermediate sequence bone length loss : 0.0025298183882338813   
Valid, Epoch 1 : : total loss : 0.6807272259643432   3d pose loss : 0.17741326155621892   3d marker loss : 0.2160615086304192   intermediate pose loss : 0.07799822284893225   intermediate marker loss : 0.08274906315950804   intermediate sequence bone length loss : 0.12395033566720784   intermediate sequence bone length loss : 0.0025548347698845703   
Current LR:  [0.000812388055895879]
Current momentum:  0.09136593726391777
Best Loss : 0.19673738509331906
Train , Epoch 2 : : total loss : 0.5236350330581636   3d pose loss : 0.1323135346059262   3d marker loss : 0.15731912184460664   intermediate pose loss : 0.06154437415462769   intermediate marker loss : 0.06552149394504082   intermediate sequence bone length loss : 0.10488533943799543   intermediate sequence bone length loss : 0.002051169060804467   
Valid, Epoch 2 : : total loss : 0.438594031471586   3d pose loss : 0.09456794310660577   3d marker loss : 0.11570539586802536   intermediate pose loss : 0.06382627665707023   intermediate marker loss : 0.06874734482858284   intermediate sequence bone length loss : 0.09432231961462612   intermediate sequence bone length loss : 0.0014247461120964965   
Current LR:  [0.0007322262504643815]
Current momentum:  0.08347734492114156
Best Loss : 0.10513666948731556
Train , Epoch 3 : : total loss : 0.32625109637960975   3d pose loss : 0.06908223538854975   3d marker loss : 0.08103325895183248   intermediate pose loss : 0.0439717059345617   intermediate marker loss : 0.047933126575554964   intermediate sequence bone length loss : 0.08306275999150527   intermediate sequence bone length loss : 0.0011680092134212581   
Valid, Epoch 3 : : total loss : 0.3001465535646791   3d pose loss : 0.059924269157373304   3d marker loss : 0.06738786246815695   intermediate pose loss : 0.04884931337777684   intermediate marker loss : 0.05366770451561186   intermediate sequence bone length loss : 0.06952727925885599   intermediate sequence bone length loss : 0.0007901236730044818   
Current LR:  [0.0006599743533622857]
Current momentum:  0.07626985859023444
Best Loss : 0.06365606581276513
Train , Epoch 4 : : total loss : 0.24575199876670484   3d pose loss : 0.045742454311959904   3d marker loss : 0.052325565091989656   intermediate pose loss : 0.0356084513363003   intermediate marker loss : 0.03975264622289457   intermediate sequence bone length loss : 0.07152591495671207   intermediate sequence bone length loss : 0.0007969664090333138   
Valid, Epoch 4 : : total loss : 0.28439740406561154   3d pose loss : 0.05417723986091016   3d marker loss : 0.05876854162869101   intermediate pose loss : 0.0454519344680677   intermediate marker loss : 0.0500932111824021   intermediate sequence bone length loss : 0.07524189622578531   intermediate sequence bone length loss : 0.0006645806724412688   
Current LR:  [0.0005948518600906879]
Current momentum:  0.06968467115083239
Best Loss : 0.05647289074480058
Train , Epoch 5 : : total loss : 0.2102761135471088   3d pose loss : 0.03678236890262292   3d marker loss : 0.04264125107776052   intermediate pose loss : 0.031150587768305416   intermediate marker loss : 0.03593700137104333   intermediate sequence bone length loss : 0.06312195656614171   intermediate sequence bone length loss : 0.0006429480455591585   
Valid, Epoch 5 : : total loss : 0.2629187384378068   3d pose loss : 0.047493219364684744   3d marker loss : 0.05595233717691056   intermediate pose loss : 0.044050725829906115   intermediate marker loss : 0.0520798568491341   intermediate sequence bone length loss : 0.06275887564049994   intermediate sequence bone length loss : 0.0005837242501325125   
Current LR:  [0.0005361552818691272]
Current momentum:  0.06366805292623692
Best Loss : 0.05172277827079765
Train , Epoch 6 : : total loss : 0.18885197449061605   3d pose loss : 0.03225813233753505   3d marker loss : 0.03835883508953783   intermediate pose loss : 0.028426010052409068   intermediate marker loss : 0.0335479499111067   intermediate sequence bone length loss : 0.05569022675447258   intermediate sequence bone length loss : 0.0005708207647757386   
Valid, Epoch 6 : : total loss : 0.22981491736537124   3d pose loss : 0.041495790403777065   3d marker loss : 0.049155924455916974   intermediate pose loss : 0.03932873434221129   intermediate marker loss : 0.04614855758910677   intermediate sequence bone length loss : 0.05321801451711976   intermediate sequence bone length loss : 0.0004678961490827633   
Current LR:  [0.0004832505461651213]
Current momentum:  0.05817091329374359
Best Loss : 0.04532585742984702
Train , Epoch 7 : : total loss : 0.17378611584412462   3d pose loss : 0.029670768621504123   3d marker loss : 0.0357139493442244   intermediate pose loss : 0.026723342634346565   intermediate marker loss : 0.031794106015751576   intermediate sequence bone length loss : 0.049359496067749496   intermediate sequence bone length loss : 0.000524452987766931   
Valid, Epoch 7 : : total loss : 0.2236327819957074   3d pose loss : 0.040353403968975354   3d marker loss : 0.04848741263563611   intermediate pose loss : 0.038721762976542846   intermediate marker loss : 0.04589611753492239   intermediate sequence bone length loss : 0.04972113210179718   intermediate sequence bone length loss : 0.00045295197087508296   
Current LR:  [0.0004355661470959672]
Current momentum:  0.05314840014580975
Best Loss : 0.04442040830230573
Train , Epoch 8 : : total loss : 0.16261088257126602   3d pose loss : 0.027912614576771487   3d marker loss : 0.03397368124605697   intermediate pose loss : 0.025529407715010975   intermediate marker loss : 0.030484348437806338   intermediate sequence bone length loss : 0.044213049573662844   intermediate sequence bone length loss : 0.0004977811354982816   
Valid, Epoch 8 : : total loss : 0.21730367838653544   3d pose loss : 0.039849951542349195   3d marker loss : 0.047975573943107266   intermediate pose loss : 0.03719291558308077   intermediate marker loss : 0.043947705371647966   intermediate sequence bone length loss : 0.04791744512922112   intermediate sequence bone length loss : 0.0004200881391274766   
Current LR:  [0.00039258697170970456]
Current momentum:  0.04855953393399652
Best Loss : 0.043912762742728234
Train , Epoch 9 : : total loss : 0.15337194500054108   3d pose loss : 0.02667307249488838   3d marker loss : 0.03254678062692193   intermediate pose loss : 0.024608176836835933   intermediate marker loss : 0.029322561980397614   intermediate sequence bone length loss : 0.039738727520783376   intermediate sequence bone length loss : 0.0004826256248364829   
Valid, Epoch 9 : : total loss : 0.20438981858152877   3d pose loss : 0.03948140586835197   3d marker loss : 0.048318538413608496   intermediate pose loss : 0.036834397343074504   intermediate marker loss : 0.04316847621110803   intermediate sequence bone length loss : 0.03617651507786941   intermediate sequence bone length loss : 0.00041048601730646   
Current LR:  [0.00035384873545335125]
Current momentum:  0.044366873309786115
Best Loss : 0.04389997214098023
Train , Epoch 10 : : total loss : 0.14520412931839624   3d pose loss : 0.025564010631592003   3d marker loss : 0.03128294056039994   intermediate pose loss : 0.023772039266740097   intermediate marker loss : 0.028285000203062356   intermediate sequence bone length loss : 0.035835654118362766   intermediate sequence bone length loss : 0.0004644844250575306   
Valid, Epoch 10 : : total loss : 0.20214157490821624   3d pose loss : 0.03867451202398522   3d marker loss : 0.04604836681915918   intermediate pose loss : 0.036250153926058876   intermediate marker loss : 0.04334073928304733   intermediate sequence bone length loss : 0.03743058457819026   intermediate sequence bone length loss : 0.0003972187098489543   
Current LR:  [0.0003189329667172973]
Current momentum:  0.04053620963418106
Best Loss : 0.0423614394215722
Train , Epoch 11 : : total loss : 0.13865279431604308   3d pose loss : 0.024751716825168257   3d marker loss : 0.03026901108764664   intermediate pose loss : 0.02316792352400996   intermediate marker loss : 0.02746480240567047   intermediate sequence bone length loss : 0.032548094297655754   intermediate sequence bone length loss : 0.00045124642655323835   
Valid, Epoch 11 : : total loss : 0.19597666349455586   3d pose loss : 0.037787284305667954   3d marker loss : 0.04540295730250291   intermediate pose loss : 0.03575935096966227   intermediate marker loss : 0.042839026267560656   intermediate sequence bone length loss : 0.0338098501571321   intermediate sequence bone length loss : 0.00037819411868152516   
Current LR:  [0.0002874624862761632]
Current momentum:  0.03703628786353605
Best Loss : 0.041595120804085436
Train , Epoch 12 : : total loss : 0.13307072529224334   3d pose loss : 0.024095901043763683   3d marker loss : 0.029356654345368344   intermediate pose loss : 0.022671373006255355   intermediate marker loss : 0.026740412118580238   intermediate sequence bone length loss : 0.02976510549010134   intermediate sequence bone length loss : 0.0004412792985044408   
Valid, Epoch 12 : : total loss : 0.19008345420829711   3d pose loss : 0.03687435916818125   3d marker loss : 0.043869964318864994   intermediate pose loss : 0.03499714182775996   intermediate marker loss : 0.04090393333602876   intermediate sequence bone length loss : 0.03307587773102187   intermediate sequence bone length loss : 0.0003621782772922459   
Current LR:  [0.00025909733279257026]
Current momentum:  0.03383855153428234
Best Loss : 0.04037216174352312
Train , Epoch 13 : : total loss : 0.12783863026372813   3d pose loss : 0.02347710706224596   3d marker loss : 0.028475548215440395   intermediate pose loss : 0.02220385922923868   intermediate marker loss : 0.026079373316333435   intermediate sequence bone length loss : 0.027173046928106084   intermediate sequence bone length loss : 0.00042969538485466063   
Valid, Epoch 13 : : total loss : 0.1857406641383534   3d pose loss : 0.03668479027467101   3d marker loss : 0.043750728305281386   intermediate pose loss : 0.03495358060538392   intermediate marker loss : 0.04124233870400964   intermediate sequence bone length loss : 0.028759993594329306   intermediate sequence bone length loss : 0.0003492319708035023   
Current LR:  [0.00023353109036888803]
Current momentum:  0.030916909765830888
Best Loss : 0.0402177592899762
Train , Epoch 14 : : total loss : 0.12369640747568121   3d pose loss : 0.022988853829533414   3d marker loss : 0.027770229376691543   intermediate pose loss : 0.02184039036122461   intermediate marker loss : 0.02562072343641409   intermediate sequence bone length loss : 0.025055867257631488   intermediate sequence bone length loss : 0.00042034318562119875   
Valid, Epoch 14 : : total loss : 0.1825066667332482   3d pose loss : 0.035856697192474835   3d marker loss : 0.042587248523625804   intermediate pose loss : 0.03430904474390404   intermediate marker loss : 0.040774723281891814   intermediate sequence bone length loss : 0.028634585918836965   intermediate sequence bone length loss : 0.00034436592225324395   
Current LR:  [0.00021048757847516372]
Current momentum:  0.0282475243805911
Best Loss : 0.03922197285805032
Train , Epoch 15 : : total loss : 0.11987727388371656   3d pose loss : 0.022555562006424605   3d marker loss : 0.027121531443647397   intermediate pose loss : 0.02152597125803615   intermediate marker loss : 0.02521008336744099   intermediate sequence bone length loss : 0.02305431327679091   intermediate sequence bone length loss : 0.00040981240404725227   
Valid, Epoch 15 : : total loss : 0.17716753584426742   3d pose loss : 0.03581432537529517   3d marker loss : 0.04284172042372596   intermediate pose loss : 0.03465925208283939   intermediate marker loss : 0.0409456961708429   intermediate sequence bone length loss : 0.022572281931816915   intermediate sequence bone length loss : 0.0003342578844316239   
Current LR:  [0.00018971786849602577]
Current momentum:  0.025808615404180748
Train , Epoch 16 : : total loss : 0.11671306322800157   3d pose loss : 0.022188213938433263   3d marker loss : 0.02660469597860895   intermediate pose loss : 0.02125718749565199   intermediate marker loss : 0.024872969824498818   intermediate sequence bone length loss : 0.02138741946790689   intermediate sequence bone length loss : 0.0004025762972122283   
Valid, Epoch 16 : : total loss : 0.17737754500651925   3d pose loss : 0.03607448835812571   3d marker loss : 0.0430442887018564   intermediate pose loss : 0.03465762064946625   intermediate marker loss : 0.04140293894258978   intermediate sequence bone length loss : 0.021879966777313443   intermediate sequence bone length loss : 0.0003182404970690634   
Current LR:  [0.00017099759466766953]
Current momentum:  0.023580283358869594
Train , Epoch 17 : : total loss : 0.11383479392087018   3d pose loss : 0.021880332972670412   3d marker loss : 0.02620094596914211   intermediate pose loss : 0.021011216767178275   intermediate marker loss : 0.02456687655541356   intermediate sequence bone length loss : 0.019778312813421642   intermediate sequence bone length loss : 0.0003971090432228434   
Valid, Epoch 17 : : total loss : 0.17208890366014534   3d pose loss : 0.03559947217071256   3d marker loss : 0.042519508727081275   intermediate pose loss : 0.034259319097833404   intermediate marker loss : 0.04090648891180467   intermediate sequence bone length loss : 0.018478638097068893   intermediate sequence bone length loss : 0.0003254775123657211   
Current LR:  [0.0001541245303561964]
Current momentum:  0.021544346900318836
Best Loss : 0.039059490448896915
Train , Epoch 18 : : total loss : 0.11152334081261982   3d pose loss : 0.02162387352264314   3d marker loss : 0.025872671051111854   intermediate pose loss : 0.020813209056440327   intermediate marker loss : 0.02432553214308472   intermediate sequence bone length loss : 0.01849528538770284   intermediate sequence bone length loss : 0.00039276950212050355   
Valid, Epoch 18 : : total loss : 0.1737349407229958   3d pose loss : 0.03537628072919226   3d marker loss : 0.04231379220273949   intermediate pose loss : 0.034044447396199454   intermediate marker loss : 0.04041751792828351   intermediate sequence bone length loss : 0.02126890309472513   intermediate sequence bone length loss : 0.00031399778644806547   
Current LR:  [0.00013891640349493958]
Current momentum:  0.01968419447286612
Best Loss : 0.038845036465965876
Train , Epoch 19 : : total loss : 0.10933970032190835   3d pose loss : 0.02135237938735956   3d marker loss : 0.02551567954885095   intermediate pose loss : 0.020631547212416744   intermediate marker loss : 0.024092118086201358   intermediate sequence bone length loss : 0.01735935177521803   intermediate sequence bone length loss : 0.0003886241385861254   
Valid, Epoch 19 : : total loss : 0.1708703652910609   3d pose loss : 0.03548703368692763   3d marker loss : 0.04234188903799504   intermediate pose loss : 0.033961636632689085   intermediate marker loss : 0.04048582918866178   intermediate sequence bone length loss : 0.01828134688128364   intermediate sequence bone length loss : 0.0003126308733540892   
Current LR:  [0.0001252089275819358]
Current momentum:  0.017984648772986424
Train , Epoch 20 : : total loss : 0.10753544601669282   3d pose loss : 0.02114834682441052   3d marker loss : 0.02524247162480965   intermediate pose loss : 0.02047774051948462   intermediate marker loss : 0.023907147123719805   intermediate sequence bone length loss : 0.01637447072785164   intermediate sequence bone length loss : 0.0003852689714457719   
Valid, Epoch 20 : : total loss : 0.16848165992636827   3d pose loss : 0.03499357533841661   3d marker loss : 0.04159867373475145   intermediate pose loss : 0.03365611234645163   intermediate marker loss : 0.04003595242785682   intermediate sequence bone length loss : 0.01788728290796826   intermediate sequence bone length loss : 0.0003100632820573739   
Current LR:  [0.00011285402696730145]
Current momentum:  0.016431842915062733
Best Loss : 0.03829612453658403
Train , Epoch 21 : : total loss : 0.10588035739406391   3d pose loss : 0.020943941140294443   3d marker loss : 0.024992970551398618   intermediate pose loss : 0.02033857354192914   intermediate marker loss : 0.02374203119105027   intermediate sequence bone length loss : 0.015480592487563874   intermediate sequence bone length loss : 0.0003822483427759352   
Valid, Epoch 21 : : total loss : 0.16593082385324948   3d pose loss : 0.034729231399222876   3d marker loss : 0.041594875152755006   intermediate pose loss : 0.03348140531472965   intermediate marker loss : 0.039816923347317915   intermediate sequence bone length loss : 0.015998934008179047   intermediate sequence bone length loss : 0.00030945403338019457   
Current LR:  [0.00010171823725909672]
Current momentum:  0.015013107289081735
Best Loss : 0.03816205327598894
Train , Epoch 22 : : total loss : 0.10447948374268082   3d pose loss : 0.02078004996004848   3d marker loss : 0.02478068494697872   intermediate pose loss : 0.020221012121319402   intermediate marker loss : 0.023595993487555304   intermediate sequence bone length loss : 0.014722283599024385   intermediate sequence bone length loss : 0.00037945963682701675   
Valid, Epoch 22 : : total loss : 0.1668161281732184   3d pose loss : 0.035033275855799205   3d marker loss : 0.04163162917617086   intermediate pose loss : 0.033709516971907334   intermediate marker loss : 0.04013906998197751   intermediate sequence bone length loss : 0.016000749595376555   intermediate sequence bone length loss : 0.0003018863647684541   
Current LR:  [9.168126356798713e-05]
Current momentum:  0.013716866187107078
Train , Epoch 23 : : total loss : 0.10322387394621785   3d pose loss : 0.020617473956749396   3d marker loss : 0.02457677165655718   intermediate pose loss : 0.02011379093380162   intermediate marker loss : 0.02346435140956331   intermediate sequence bone length loss : 0.014074073673260433   intermediate sequence bone length loss : 0.0003774123412127934   
Valid, Epoch 23 : : total loss : 0.16715267879936044   3d pose loss : 0.03473466941213621   3d marker loss : 0.04156546338801314   intermediate pose loss : 0.03359677320483318   intermediate marker loss : 0.04012707590608874   intermediate sequence bone length loss : 0.01682782046419706   intermediate sequence bone length loss : 0.00030087612577184904   
Current LR:  [8.263468101607335e-05]
Current momentum:  0.0125325433550878
Best Loss : 0.03815006640007467
Train , Epoch 24 : : total loss : 0.1020912041220768   3d pose loss : 0.020480153544656474   3d marker loss : 0.02440672824849133   intermediate pose loss : 0.020020679326406048   intermediate marker loss : 0.023353555213866964   intermediate sequence bone length loss : 0.013454703112523773   intermediate sequence bone length loss : 0.0003753845646573564   
Valid, Epoch 24 : : total loss : 0.16389166014123036   3d pose loss : 0.03450875144187935   3d marker loss : 0.04118713925273966   intermediate pose loss : 0.03336390865765749   intermediate marker loss : 0.039802657630307874   intermediate sequence bone length loss : 0.014732181960355787   intermediate sequence bone length loss : 0.0002970200280553315   
Current LR:  [7.448076347207475e-05]
Current momentum:  0.011450475699382817
Best Loss : 0.03784794534730951
Train , Epoch 25 : : total loss : 0.10112685577966916   3d pose loss : 0.020361008846925363   3d marker loss : 0.024255968299751848   intermediate pose loss : 0.019939746095419483   intermediate marker loss : 0.02325397846576424   intermediate sequence bone length loss : 0.012942617504719508   intermediate sequence bone length loss : 0.0003735365368171457   
Valid, Epoch 25 : : total loss : 0.16198465942342258   3d pose loss : 0.03441385007474919   3d marker loss : 0.04109326100307909   intermediate pose loss : 0.033328427095896555   intermediate marker loss : 0.03964688022745681   intermediate sequence bone length loss : 0.013205924629345679   intermediate sequence bone length loss : 0.0002963161591043362   
Current LR:  [6.713142786022393e-05]
Current momentum:  0.01046183444391825
Best Loss : 0.03775355553891414
Train , Epoch 26 : : total loss : 0.10028401362123313   3d pose loss : 0.020252311495880103   3d marker loss : 0.024122617095363914   intermediate pose loss : 0.01986579220155599   intermediate marker loss : 0.023164537614556373   intermediate sequence bone length loss : 0.01250668202187682   intermediate sequence bone length loss : 0.00037207319896149355   
Valid, Epoch 26 : : total loss : 0.1624792667305357   3d pose loss : 0.034440826882407904   3d marker loss : 0.04121634387891306   intermediate pose loss : 0.033441290487433294   intermediate marker loss : 0.039943074767065795   intermediate sequence bone length loss : 0.013145205018260544   intermediate sequence bone length loss : 0.0002925254652248809   
Current LR:  [6.05072826387196e-05]
Current momentum:  0.009558553094685292
Train , Epoch 27 : : total loss : 0.0994731686135501   3d pose loss : 0.020155372517758313   3d marker loss : 0.023995776953934518   intermediate pose loss : 0.01979710896970865   intermediate marker loss : 0.023077393764124057   intermediate sequence bone length loss : 0.012076963403227704   intermediate sequence bone length loss : 0.0003705527576388659   
Valid, Epoch 27 : : total loss : 0.16168612470636445   3d pose loss : 0.03421302844050955   3d marker loss : 0.04086160843340224   intermediate pose loss : 0.03326542947133033   intermediate marker loss : 0.03968748419414398   intermediate sequence bone length loss : 0.013364960960261971   intermediate sequence bone length loss : 0.0002936132550280534   
Current LR:  [5.453677016888176e-05]
Current momentum:  0.00873326162382843
Best Loss : 0.037537318436955895
Train , Epoch 28 : : total loss : 0.09884849827690625   3d pose loss : 0.020067863358920555   3d marker loss : 0.023885208782797426   intermediate pose loss : 0.019740809985425   intermediate marker loss : 0.023010214296296055   intermediate sequence bone length loss : 0.011774828269456824   intermediate sequence bone length loss : 0.00036957372373572185   
Valid, Epoch 28 : : total loss : 0.16174369666395239   3d pose loss : 0.034265832452614095   3d marker loss : 0.04111455503146815   intermediate pose loss : 0.033281440455604785   intermediate marker loss : 0.039749163021559286   intermediate sequence bone length loss : 0.013040180246614316   intermediate sequence bone length loss : 0.0002925251546133101   
Current LR:  [4.915539371041189e-05]
Current momentum:  0.007979226336320887
Train , Epoch 29 : : total loss : 0.0982164847607046   3d pose loss : 0.01998000017677744   3d marker loss : 0.023785258430619665   intermediate pose loss : 0.019681245755450227   intermediate marker loss : 0.022935094702758906   intermediate sequence bone length loss : 0.011466298820048479   intermediate sequence bone length loss : 0.00036858719824612094   
Valid, Epoch 29 : : total loss : 0.16170399371015962   3d pose loss : 0.03420681013172504   3d marker loss : 0.0410723846387649   intermediate pose loss : 0.03320185883149427   intermediate marker loss : 0.03983778909194285   intermediate sequence bone length loss : 0.013095575028603831   intermediate sequence bone length loss : 0.00028957573147447087   
Current LR:  [4.430502069233822e-05]
Current momentum:  0.007290294928588951
Train , Epoch 30 : : total loss : 0.09767703526871807   3d pose loss : 0.019919289500211126   3d marker loss : 0.02370450293277333   intermediate pose loss : 0.01963992529824652   intermediate marker loss : 0.022879217354649747   intermediate sequence bone length loss : 0.01116634718498882   intermediate sequence bone length loss : 0.0003677529265261888   
Valid, Epoch 30 : : total loss : 0.16044804055884584   3d pose loss : 0.0341497202555863   3d marker loss : 0.04099575196688252   intermediate pose loss : 0.03329978513844389   intermediate marker loss : 0.039740395320891984   intermediate sequence bone length loss : 0.011974362522464725   intermediate sequence bone length loss : 0.00028802505275657094   
Current LR:  [3.993325473319803e-05]
Current momentum:  0.006660846290809157
Train , Epoch 31 : : total loss : 0.09718286832449613   3d pose loss : 0.019849509414699342   3d marker loss : 0.023618478805148675   intermediate pose loss : 0.019592150611756943   intermediate marker loss : 0.02282182059975134   intermediate sequence bone length loss : 0.010933956786714218   intermediate sequence bone length loss : 0.0003669524311489012   
Valid, Epoch 31 : : total loss : 0.1601644362945319   3d pose loss : 0.03408965827585982   3d marker loss : 0.04095240747575722   intermediate pose loss : 0.03319592551714821   intermediate marker loss : 0.03965053443849256   intermediate sequence bone length loss : 0.011987958843969597   intermediate sequence bone length loss : 0.00028794992692244827   
Current LR:  [3.5992869626675335e-05]
Current momentum:  0.006085744643306689
Best Loss : 0.03752103287580852
Train , Epoch 32 : : total loss : 0.09677826153275407   3d pose loss : 0.019791056074340035   3d marker loss : 0.023540219036218377   intermediate pose loss : 0.019552334893011936   intermediate marker loss : 0.02277029986654259   intermediate sequence bone length loss : 0.010758113768526617   intermediate sequence bone length loss : 0.00036623772169229067   
Valid, Epoch 32 : : total loss : 0.15943649536026527   3d pose loss : 0.03394804050238232   3d marker loss : 0.040635652234449184   intermediate pose loss : 0.03311900327299837   intermediate marker loss : 0.039490979299701745   intermediate sequence bone length loss : 0.011955261795868873   intermediate sequence bone length loss : 0.00028755720831121254   
Current LR:  [3.244129917829765e-05]
Current momentum:  0.005560297632845824
Best Loss : 0.03729184636841575
Train , Epoch 33 : : total loss : 0.09637487170366961   3d pose loss : 0.01973400057442946   3d marker loss : 0.023468185931927076   intermediate pose loss : 0.0195188000941948   intermediate marker loss : 0.022723383270204067   intermediate sequence bone length loss : 0.010565040492234223   intermediate sequence bone length loss : 0.0003654611289136853   
Valid, Epoch 33 : : total loss : 0.1595576846755815   3d pose loss : 0.03402869451844652   3d marker loss : 0.04080879643467954   intermediate pose loss : 0.033167251558594894   intermediate marker loss : 0.03967435491499133   intermediate sequence bone length loss : 0.011591425093664016   intermediate sequence bone length loss : 0.00028716172347305   
Current LR:  [2.9240177382128606e-05]
Current momentum:  0.005080218046913019
Train , Epoch 34 : : total loss : 0.09601691362942442   3d pose loss : 0.019679833134567296   3d marker loss : 0.023405416009165805   intermediate pose loss : 0.01948275868953378   intermediate marker loss : 0.022678951376382216   intermediate sequence bone length loss : 0.010404975923859043   intermediate sequence bone length loss : 0.0003649785167111492   
Valid, Epoch 34 : : total loss : 0.15876529144875867   3d pose loss : 0.0339239788868285   3d marker loss : 0.040765067045372444   intermediate pose loss : 0.033112942697190964   intermediate marker loss : 0.039494127851830055   intermediate sequence bone length loss : 0.011182232193041762   intermediate sequence bone length loss : 0.0002869434179107381   
Current LR:  [2.6354923970193805e-05]
Current momentum:  0.004641588833612777
Train , Epoch 35 : : total loss : 0.09573376459288008   3d pose loss : 0.01964336870824573   3d marker loss : 0.023357990537022734   intermediate pose loss : 0.01945375536430489   intermediate marker loss : 0.022644463193568366   intermediate sequence bone length loss : 0.010269726649570612   intermediate sequence bone length loss : 0.0003644602069987651   
Valid, Epoch 35 : : total loss : 0.15833280298692606   3d pose loss : 0.033747365828472056   3d marker loss : 0.040518751350684626   intermediate pose loss : 0.03298945397878805   intermediate marker loss : 0.03941612519633157   intermediate sequence bone length loss : 0.01137610723397415   intermediate sequence bone length loss : 0.00028499945176722815   
Current LR:  [2.375437085751811e-05]
Current momentum:  0.0042408311417676614
Best Loss : 0.03713305858957834
Train , Epoch 36 : : total loss : 0.09544764279767319   3d pose loss : 0.01960178332426298   3d marker loss : 0.0233009110957982   intermediate pose loss : 0.01942632623867672   intermediate marker loss : 0.022607384812960655   intermediate sequence bone length loss : 0.010147279772309609   intermediate sequence bone length loss : 0.0003639572164558311   
Valid, Epoch 36 : : total loss : 0.1582755012851338   3d pose loss : 0.033791426635118464   3d marker loss : 0.040647451080680276   intermediate pose loss : 0.03301664630495522   intermediate marker loss : 0.03944914281537602   intermediate sequence bone length loss : 0.011085810008838714   intermediate sequence bone length loss : 0.00028502386503434404   
Current LR:  [2.1410425447429443e-05]
Current momentum:  0.0038746751204561296
Train , Epoch 37 : : total loss : 0.09518752483949985   3d pose loss : 0.019568023519061596   3d marker loss : 0.023262131214716736   intermediate pose loss : 0.019402774300909153   intermediate marker loss : 0.022576218128871218   intermediate sequence bone length loss : 0.010014658723382946   intermediate sequence bone length loss : 0.000363718789343199   
Valid, Epoch 37 : : total loss : 0.1588953826858147   3d pose loss : 0.033963082756854994   3d marker loss : 0.04078354233290839   intermediate pose loss : 0.03317012965826664   intermediate marker loss : 0.039662496513280694   intermediate sequence bone length loss : 0.011030367222466834   intermediate sequence bone length loss : 0.00028576330724707904   
Current LR:  [1.929776715996886e-05]
Current momentum:  0.0035401332397365782
Train , Epoch 38 : : total loss : 0.09498263084916053   3d pose loss : 0.01953289442534708   3d marker loss : 0.023220075012679087   intermediate pose loss : 0.019380332818714742   intermediate marker loss : 0.022549468032256874   intermediate sequence bone length loss : 0.00993665513139862   intermediate sequence bone length loss : 0.0003632053582502219   
Valid, Epoch 38 : : total loss : 0.15762543479437657   3d pose loss : 0.033679149948636154   3d marker loss : 0.04045246792652465   intermediate pose loss : 0.032982396834734196   intermediate marker loss : 0.03941102923137241   intermediate sequence bone length loss : 0.010815848685591394   intermediate sequence bone length loss : 0.00028454201268145716   
Current LR:  [1.739357390514086e-05]
Current momentum:  0.0032344759148768207
Best Loss : 0.0370658089375804
Train , Epoch 39 : : total loss : 0.09475227522399322   3d pose loss : 0.01949450865180956   3d marker loss : 0.023170048868237637   intermediate pose loss : 0.019358858609870997   intermediate marker loss : 0.022521199135362734   intermediate sequence bone length loss : 0.009844888984743092   intermediate sequence bone length loss : 0.00036277106676012115   
Valid, Epoch 39 : : total loss : 0.1582381938797625   3d pose loss : 0.03390981573940973   3d marker loss : 0.04070116214753945   intermediate pose loss : 0.03310585986703686   intermediate marker loss : 0.03962271190150697   intermediate sequence bone length loss : 0.010616450504884745   intermediate sequence bone length loss : 0.0002821932794583749   
Current LR:  [1.567727554621844e-05]
Current momentum:  0.002955209235202887
Train , Epoch 40 : : total loss : 0.09457631890926464   3d pose loss : 0.019471212666780677   3d marker loss : 0.02313841696265211   intermediate pose loss : 0.019341691178672106   intermediate marker loss : 0.022498744649145707   intermediate sequence bone length loss : 0.009763764875745515   intermediate sequence bone length loss : 0.00036248857276528545   
Valid, Epoch 40 : : total loss : 0.1576986597368997   3d pose loss : 0.03375796451871024   3d marker loss : 0.04054394560198486   intermediate pose loss : 0.033021859523520415   intermediate marker loss : 0.039435691351021325   intermediate sequence bone length loss : 0.010655583641878921   intermediate sequence bone length loss : 0.000283614585682956   
Current LR:  [1.4130331689878675e-05]
Current momentum:  0.002700054615852973
Train , Epoch 41 : : total loss : 0.09442401088682222   3d pose loss : 0.01944365226778627   3d marker loss : 0.02310807885096213   intermediate pose loss : 0.01932420232620688   intermediate marker loss : 0.022476055515631112   intermediate sequence bone length loss : 0.009709783663030392   intermediate sequence bone length loss : 0.00036223837930635826   
Valid, Epoch 41 : : total loss : 0.15817411694733385   3d pose loss : 0.03390117059126749   3d marker loss : 0.04069933934124763   intermediate pose loss : 0.03308022991894867   intermediate marker loss : 0.03958721761141478   intermediate sequence bone length loss : 0.010623941827067293   intermediate sequence bone length loss : 0.0002822174979424173   
Current LR:  [1.2736031402736402e-05]
Current momentum:  0.0024669302064117423
Train , Epoch 42 : : total loss : 0.09425194042930264   3d pose loss : 0.01941786359788643   3d marker loss : 0.02307423475531884   intermediate pose loss : 0.019307721276871033   intermediate marker loss : 0.022456024885522546   intermediate sequence bone length loss : 0.009634154256617214   intermediate sequence bone length loss : 0.0003619417955992559   
Valid, Epoch 42 : : total loss : 0.1574470534266522   3d pose loss : 0.03376173130719256   3d marker loss : 0.04051401247823941   intermediate pose loss : 0.032971760554947785   intermediate marker loss : 0.039391624961390134   intermediate sequence bone length loss : 0.010525654262216355   intermediate sequence bone length loss : 0.00028227012983115564   
Current LR:  [1.1479312690704467e-05]
Current momentum:  0.002253933904734791
Train , Epoch 43 : : total loss : 0.09411177449618224   3d pose loss : 0.019396537276743737   3d marker loss : 0.023045522399407662   intermediate pose loss : 0.019294067087617738   intermediate marker loss : 0.022437468199864214   intermediate sequence bone length loss : 0.009576541304093912   intermediate sequence bone length loss : 0.00036163810269769145   
Valid, Epoch 43 : : total loss : 0.15738166411040344   3d pose loss : 0.03366213401617526   3d marker loss : 0.0404472758490075   intermediate pose loss : 0.03292733409011214   intermediate marker loss : 0.03934891112903311   intermediate sequence bone length loss : 0.010714125454606085   intermediate sequence bone length loss : 0.0002818833251310721   
Current LR:  [1.034659979109789e-05]
Current momentum:  0.0020593278373701603
Best Loss : 0.03705470493259138
Train , Epoch 44 : : total loss : 0.09400155007793212   3d pose loss : 0.019384281129150846   3d marker loss : 0.02302954142142869   intermediate pose loss : 0.01928040118497095   intermediate marker loss : 0.022419585734260856   intermediate sequence bone length loss : 0.009526185297556682   intermediate sequence bone length loss : 0.0003615553515250392   
Valid, Epoch 44 : : total loss : 0.1574601964939199   3d pose loss : 0.03376707731557585   3d marker loss : 0.040542827475443514   intermediate pose loss : 0.03301138604619241   intermediate marker loss : 0.03942464291912838   intermediate sequence bone length loss : 0.010432770341052961   intermediate sequence bone length loss : 0.0002814941700599489   
Current LR:  [9.325656519822294e-06]
Current momentum:  0.0018815241799500148
Train , Epoch 45 : : total loss : 0.09386653845186954   3d pose loss : 0.019358881355412763   3d marker loss : 0.02300081725439264   intermediate pose loss : 0.01926854176354813   intermediate marker loss : 0.022405651150800197   intermediate sequence bone length loss : 0.009471214566103838   intermediate sequence bone length loss : 0.0003614320608724001   
Valid, Epoch 45 : : total loss : 0.15738995467892117   3d pose loss : 0.033749599055161825   3d marker loss : 0.04052353672250995   intermediate pose loss : 0.03299807946083909   intermediate marker loss : 0.039428077263264395   intermediate sequence bone length loss : 0.010408213686280962   intermediate sequence bone length loss : 0.00028244773435208615   
Current LR:  [8.405454089422724e-06]
Current momentum:  0.0017190722018585747
Train , Epoch 46 : : total loss : 0.0937858335558831   3d pose loss : 0.019350021534288924   3d marker loss : 0.022987577733641237   intermediate pose loss : 0.019259314610404366   intermediate marker loss : 0.02239223827469956   intermediate sequence bone length loss : 0.009435447034954933   intermediate sequence bone length loss : 0.00036123429764964743   
Valid, Epoch 46 : : total loss : 0.15705682599635207   3d pose loss : 0.033695117405295405   3d marker loss : 0.04043245032578557   intermediate pose loss : 0.032936178308262655   intermediate marker loss : 0.039385757921771444   intermediate sequence bone length loss : 0.010326455834368368   intermediate sequence bone length loss : 0.00028086691939795816   
Current LR:  [7.576051970091162e-06]
Current momentum:  0.001570646429471554
Train , Epoch 47 : : total loss : 0.09367931614641423   3d pose loss : 0.019334819110363353   3d marker loss : 0.02296955403469411   intermediate pose loss : 0.019248700056822946   intermediate marker loss : 0.022378854131625023   intermediate sequence bone length loss : 0.009386417984870481   intermediate sequence bone length loss : 0.0003609707558626039   
Valid, Epoch 47 : : total loss : 0.15765028705235068   3d pose loss : 0.03381929473188203   3d marker loss : 0.04063559485316528   intermediate pose loss : 0.03305972712842543   intermediate marker loss : 0.039553337470386675   intermediate sequence bone length loss : 0.01030155850826858   intermediate sequence bone length loss : 0.0002807744158749925   
Current LR:  [6.828490506628192e-06]
Current momentum:  0.0014350358313889448
Train , Epoch 48 : : total loss : 0.09358093712800815   3d pose loss : 0.019314842361864853   3d marker loss : 0.022941711764023813   intermediate pose loss : 0.019239926164578876   intermediate marker loss : 0.022367352458797854   intermediate sequence bone length loss : 0.00935623801117878   intermediate sequence bone length loss : 0.0003608664765685975   
Valid, Epoch 48 : : total loss : 0.1572205969878924   3d pose loss : 0.033706212587857394   3d marker loss : 0.04048556841629234   intermediate pose loss : 0.03296884370761354   intermediate marker loss : 0.03946264406771831   intermediate sequence bone length loss : 0.010316702283474323   intermediate sequence bone length loss : 0.0002806255763840303   
Current LR:  [6.154694131348503e-06]
Current momentum:  0.0013111339374215641
Train , Epoch 49 : : total loss : 0.09350675262832715   3d pose loss : 0.019301558884987493   3d marker loss : 0.02292684238565005   intermediate pose loss : 0.019231685865555466   intermediate marker loss : 0.022357370813641652   intermediate sequence bone length loss : 0.009328596423276596   intermediate sequence bone length loss : 0.0003606981323779716   
Valid, Epoch 49 : : total loss : 0.15724158914178138   3d pose loss : 0.03373412579644908   3d marker loss : 0.040540439716979265   intermediate pose loss : 0.03298568684068634   intermediate marker loss : 0.03943560535557471   intermediate sequence bone length loss : 0.010265171872019144   intermediate sequence bone length loss : 0.0002805613102610728   
Current momentum:  0.0011979298107105203
Finished Training
Load  /tudelft.net/staff-bulk/ewi/insy/VisionLab/students/wyang/dataset/models/model_43_BML_TEMPORAL_TRANSFORMERS_LOSS.pt
Joint Error : 0.0194370336830616 , Marker Error : 0.022915663197636604
Joint Error : 0.033662136644124985 , Marker Error : 0.04044727981090546
Joint Error : 0.028272004798054695 , Marker Error : 0.033478833734989166
