/home/nfs/weitseyang/.bashrc: line 20: dirname: command not found
/home/nfs/weitseyang/.bashrc: line 21: dirname: command not found
              total        used        free      shared  buff/cache   available
Mem:         515705       12213      475714          62       27777      502053
Swap:         32735           0       32735
Wed Aug  4 13:52:54 2021       
+-----------------------------------------------------------------------------+
| NVIDIA-SMI 470.57.02    Driver Version: 470.57.02    CUDA Version: 11.4     |
|-------------------------------+----------------------+----------------------+
| GPU  Name        Persistence-M| Bus-Id        Disp.A | Volatile Uncorr. ECC |
| Fan  Temp  Perf  Pwr:Usage/Cap|         Memory-Usage | GPU-Util  Compute M. |
|                               |                      |               MIG M. |
|===============================+======================+======================|
|   0  Tesla V100-SXM2...  On   | 00000000:84:00.0 Off |                    0 |
| N/A   35C    P0    39W / 300W |      0MiB / 16160MiB |      0%      Default |
|                               |                      |                  N/A |
+-------------------------------+----------------------+----------------------+
                                                                               
+-----------------------------------------------------------------------------+
| Processes:                                                                  |
|  GPU   GI   CI        PID   Type   Process name                  GPU Memory |
|        ID   ID                                                   Usage      |
|=============================================================================|
|  No running processes found                                                 |
+-----------------------------------------------------------------------------+
BML_FOLDER: /tudelft.net/staff-bulk/ewi/insy/VisionLab/students/wyang/dataset/HDF5/BML/
DATASET:
  GEOM:
    AUG: False
    HFLIP: True
    ROT: 10
  MIX_PROB: 0.0
  OCCLUSION:
    PROB: 0.0
    ZERO: True
  ROATION_PROB: 0.0
  SCALING_PROB: 0.0
  TRAINING_USEDEACHFRAME: 1
  USEDEACHFRAME: 1
EVAL_WORKERS: 16
HYP:
  MARKER: 1
  MARKERPAIRS: 1
  POS: 1
  SEQUENCE_LEN_LOSS: 1
  SEQUENCE_POS_LOSS: 1
  SYMARKERPAIRS: 1
LOSS:
  POS_LOSS_TYPE: 2
  SEQUENCE_LEN_LOSS:
    TYPE: 2
    USE: False
  SEQUENCE_POS_LOSS:
    LAMBDA: 16
    TYPE: 2
    USE: False
LSTM:
  BIDIRECTIONAL: True
  DROPOUTPROB: 0.1
  HIDDEN_STATE: 128
  NUM_LAYERS: 3
MODEL:
  AWARED_OCCLUSION:
    GT: False
    USE: False
    USE_PREDICTION: False
  CAUSAL: False
  INFEATURES: 231
  OUTFEATURES: 231
  RECEPTIVE_FIELD: 243
  REFINE: False
  TYPE: 4
  USE_2D: False
  USE_GT: False
MODEL_FOLDER: /tudelft.net/staff-bulk/ewi/insy/VisionLab/students/wyang/dataset/models/
PASCAL_PATH: /tudelft.net/staff-bulk/ewi/insy/VisionLab/students/wyang/dataset/HDF5/PASCAL/pascal.hdf5
POSTFIX: BML_TEMPORAL_LSTM_128
PREDICTION:
  NUMPRED: 77
  NUM_JOINTS: 22
  NUM_MARKER: 55
  POS_NAME: ['ROOT', 'LHIPJ', 'RHIPJ', 'Spine1', 'LKJC', 'RKJC', 'Spine2', 'LAJC', 'RAJC', 'Spine3', 'LFOOT', 'RFOOT', 'NECK', 'LCOL', 'RCOL', 'HEAD', 'LSHOULDER', 'RSHOULDER', 'LELC', 'RELC', 'LWRIST', 'RWRIST', 'LPSI', 'RPSI', 'RASI', 'LASI', 'T12', 'T10', 'T8', 'T1', 'C7', 'RKNE', 'RKNI', 'LKNE', 'LKNI', 'LANK', 'RANK', 'LANI', 'RANI', 'LHEE', 'RHEE', 'RTOE', 'LTOE', 'RMT1', 'LMT1', 'RMT5', 'LMT5', 'LSHO', 'RSHO', 'STRN', 'CLAV', 'RCLAV', 'LCLAV', 'LELB', 'RELB', 'LELBIN', 'RELBIN', 'LIWR', 'RIWR', 'LOWR', 'ROWR', 'LFHD', 'RFHD', 'LBHD', 'RBHD', 'Virtual_Ground_RAJC', 'Virtual_Ground_LAJC', 'Virtual_Ground_RFOOT', 'Virtual_Ground_LFOOT', 'Virtual_Ground_RTOE', 'Virtual_Ground_LTOE', 'Virtual_Ground_RMT1', 'Virtual_Ground_LMT1', 'Virtual_Ground_RMT5', 'Virtual_Ground_LMT5', 'Virtual_Ground_RHEE', 'Virtual_Ground_LHEE']
PROGRESSBAR: False
SEED: 100
STARTMODELPATH: None
TESTMODE: False
TEST_SUBJECTS: [2, 29, 19, 21, 51, 26, 7, 72, 77, 17, 65, 80, 6, 76, 10, 73, 13, 38]
TRAINING:
  AMSGRAD: False
  BATCHSIZE: 256
  END_LR: [1.82e-05]
  END_MOMENTUM: 0.001
  EPOCH: [50]
  EVALUATION_BATCHSIZE: 256
  INITIAL_MOMENTUM: 0.1
  START_LR: [0.001]
  TRAINING_STEPS: 1
TRAINING_SUBJECTS: [78, 59, 79, 44, 56, 88, 75, 61, 53, 47, 40, 41, 32, 70, 28, 39, 69, 11, 3, 90, 71, 54, 20, 85, 37, 34, 33, 46, 67, 63, 55, 36, 42, 50, 24, 35, 84, 45, 60, 16, 74, 82, 27, 89, 57, 5, 49, 22, 4, 66, 31, 83, 43, 48, 52, 68, 25, 9, 18, 1, 81, 58, 23, 62, 64, 8, 87]
TRANSFORMER:
  BATCHNORM: False
  DROPOUT: False
  D_CHANNEL: 512
  D_MODEL: 256
  N1: 3
  N_HEADS: 8
  POS_ENCODNIG_EVERY_BLOCK: False
  STRIDES: [3, 9, 9]
VALID_SUBJECTS: [14, 86, 15, 30]
VALID_WORKERS: 16
WORKERS: 16
167028 training data, 21822 valid data, 100839 test data
Use LSTM, Receptive Field : 243
LR starts from 0.001, LR decay rate : 0.9244506937600191
Train , Epoch 0 : : total loss : 0.21063084166748391   3d pose loss : 0.04714869193024248   3d marker loss : 0.06219190957904593   
Valid, Epoch 0 : : total loss : 0.1668538240494447   3d pose loss : 0.03651068577920688   3d marker loss : 0.048578814880710926   
Current LR:  [0.0009244506937600191]
Best Loss : 0.1668538240494447
Train , Epoch 1 : : total loss : 0.10566473827680196   3d pose loss : 0.023604020039248136   3d marker loss : 0.030565190768909234   
Valid, Epoch 1 : : total loss : 0.16204699975259254   3d pose loss : 0.03519979534747019   3d marker loss : 0.04760154368033736   
Current LR:  [0.0008546090851933807]
Best Loss : 0.16204699975259254
Train , Epoch 2 : : total loss : 0.09390295547164657   3d pose loss : 0.02103336064567778   3d marker loss : 0.027267923630042677   
Valid, Epoch 2 : : total loss : 0.14940850678553078   3d pose loss : 0.03281145697389074   3d marker loss : 0.043788146157606025   
Current LR:  [0.000790043961700636]
Best Loss : 0.14940850678553078
Train , Epoch 3 : : total loss : 0.08852652703737554   3d pose loss : 0.019904808264134304   3d marker loss : 0.02577511981083937   
Valid, Epoch 3 : : total loss : 0.15330084953766107   3d pose loss : 0.0336483507029198   3d marker loss : 0.044899169951417836   
Current LR:  [0.000730356688495067]
Train , Epoch 4 : : total loss : 0.0854836981400756   3d pose loss : 0.019269387657679847   3d marker loss : 0.024959338446107746   
Valid, Epoch 4 : : total loss : 0.15025740576188099   3d pose loss : 0.033058462729867906   3d marker loss : 0.044237460533756025   
Current LR:  [0.0006751787473715348]
Train , Epoch 5 : : total loss : 0.08326643332839012   3d pose loss : 0.018809761554916943   3d marker loss : 0.02437023311979109   
Valid, Epoch 5 : : total loss : 0.14737587536236793   3d pose loss : 0.032507748873027736   3d marker loss : 0.043403216837831514   
Current LR:  [0.0006241694614196361]
Best Loss : 0.14737587536236793
Train , Epoch 6 : : total loss : 0.08147556277597609   3d pose loss : 0.0184249446264531   3d marker loss : 0.0238805197813531   
Valid, Epoch 6 : : total loss : 0.148350407185492   3d pose loss : 0.032616501756510236   3d marker loss : 0.04363006652193626   
Current LR:  [0.0005770138916332]
Train , Epoch 7 : : total loss : 0.08019302673409322   3d pose loss : 0.018152981750849933   3d marker loss : 0.023526941874618727   
Valid, Epoch 7 : : total loss : 0.14935544487449123   3d pose loss : 0.032869687865715876   3d marker loss : 0.043862255724614205   
Current LR:  [0.0005334208924294802]
Train , Epoch 8 : : total loss : 0.07904394810870746   3d pose loss : 0.017890477181623683   3d marker loss : 0.02320050805852823   
Valid, Epoch 8 : : total loss : 0.1466180010202901   3d pose loss : 0.032334813952784675   3d marker loss : 0.043261538558346725   
Current LR:  [0.0004931213140725215]
Best Loss : 0.1466180010202901
Train , Epoch 9 : : total loss : 0.07807015561344434   3d pose loss : 0.017676121932368703   3d marker loss : 0.022927878210263933   
Valid, Epoch 9 : : total loss : 0.14725271812685797   3d pose loss : 0.03239615954921003   3d marker loss : 0.043427343832213   
Current LR:  [0.00045586634090219474]
Train , Epoch 10 : : total loss : 0.07713201820301863   3d pose loss : 0.01745367281858815   3d marker loss : 0.022647886351322286   
Valid, Epoch 10 : : total loss : 0.14611858963671379   3d pose loss : 0.03219616083163147   3d marker loss : 0.04307846332074916   
Current LR:  [0.0004214259551088753]
Best Loss : 0.14611858963671379
Train , Epoch 11 : : total loss : 0.0763093938628223   3d pose loss : 0.01727467296256518   3d marker loss : 0.02240579358753434   
Valid, Epoch 11 : : total loss : 0.14567765358355073   3d pose loss : 0.032000676345108475   3d marker loss : 0.04297090850646878   
Current LR:  [0.00038958751656887843]
Best Loss : 0.14567765358355073
Train , Epoch 12 : : total loss : 0.07554950174287053   3d pose loss : 0.01710597890217794   3d marker loss : 0.02218812600955184   
Valid, Epoch 12 : : total loss : 0.14461529509479956   3d pose loss : 0.031937650914874396   3d marker loss : 0.0426067854632445   
Current LR:  [0.0003601544499723426]
Best Loss : 0.14461529509479956
Train , Epoch 13 : : total loss : 0.07482792341087494   3d pose loss : 0.016936245317245188   3d marker loss : 0.02196888539060219   
Valid, Epoch 13 : : total loss : 0.14379496666613972   3d pose loss : 0.03164020861640618   3d marker loss : 0.04247906806543039   
Current LR:  [0.0003329450311376902]
Best Loss : 0.14379496666613972
Train , Epoch 14 : : total loss : 0.07426682015183879   3d pose loss : 0.0168034698574181   3d marker loss : 0.02180516816378554   
Valid, Epoch 14 : : total loss : 0.14301398068996957   3d pose loss : 0.03159994693803652   3d marker loss : 0.04208180039298927   
Current LR:  [0.00030779126501918885]
Best Loss : 0.14301398068996957
Train , Epoch 15 : : total loss : 0.0736438686748041   3d pose loss : 0.01666813643015007   3d marker loss : 0.021624974912158184   
Valid, Epoch 15 : : total loss : 0.1477216581257724   3d pose loss : 0.032468175141842616   3d marker loss : 0.043488920319474766   
Current LR:  [0.000284537848480263]
Train , Epoch 16 : : total loss : 0.0731200035661459   3d pose loss : 0.016545946788374174   3d marker loss : 0.021466530948031717   
Valid, Epoch 16 : : total loss : 0.14663649990713548   3d pose loss : 0.03208037833116   3d marker loss : 0.04331040780077321   
Current LR:  [0.0002630412114285623]
Train , Epoch 17 : : total loss : 0.07258949060838647   3d pose loss : 0.016424270329619843   3d marker loss : 0.021308205453279012   
Valid, Epoch 17 : : total loss : 0.14574796969267179   3d pose loss : 0.03223741034322541   3d marker loss : 0.042806241932060375   
Current LR:  [0.0002431686303926103]
Train , Epoch 18 : : total loss : 0.07218005830433472   3d pose loss : 0.016331763748090967   3d marker loss : 0.021181866515176426   
Valid, Epoch 18 : : total loss : 0.14590033159805757   3d pose loss : 0.03214547318593248   3d marker loss : 0.04297879220541058   
Current LR:  [0.00022479740906712227]
Train , Epoch 19 : : total loss : 0.07174645071746381   3d pose loss : 0.016229619193490755   3d marker loss : 0.02104961314735694   
Valid, Epoch 19 : : total loss : 0.14545401311054007   3d pose loss : 0.0320811511102141   3d marker loss : 0.042730478151790076   
Current LR:  [0.000207814120767556]
Train , Epoch 20 : : total loss : 0.07131413640054457   3d pose loss : 0.01612753406641262   3d marker loss : 0.02091901086019409   
Valid, Epoch 20 : : total loss : 0.14587309983045194   3d pose loss : 0.03206600474017687   3d marker loss : 0.04295230888553396   
Current LR:  [0.00019211390811669552]
Train , Epoch 21 : : total loss : 0.07095941985768775   3d pose loss : 0.0160535988669294   3d marker loss : 0.02081053074666419   
Valid, Epoch 21 : : total loss : 0.14344993182603516   3d pose loss : 0.03159977152742853   3d marker loss : 0.042307777044677176   
Current LR:  [0.00017759983563942774]
Train , Epoch 22 : : total loss : 0.07061231239167459   3d pose loss : 0.01597354807348156   3d marker loss : 0.02070356970024438   
Valid, Epoch 22 : : total loss : 0.14340643978459774   3d pose loss : 0.03156233305848494   3d marker loss : 0.042363880360424766   
Current LR:  [0.00016418229126853432]
Train , Epoch 23 : : total loss : 0.07029526791552458   3d pose loss : 0.015893990032523415   3d marker loss : 0.020603375737926713   
Valid, Epoch 23 : : total loss : 0.14390441130438053   3d pose loss : 0.03167142242878804   3d marker loss : 0.04244612742820742   
Current LR:  [0.00015177843306630608]
Train , Epoch 24 : : total loss : 0.06998436039805046   3d pose loss : 0.015824479925120535   3d marker loss : 0.020508724493345967   
Valid, Epoch 24 : : total loss : 0.14475612143921313   3d pose loss : 0.031846583047978175   3d marker loss : 0.042623980586573136   
Current LR:  [0.00014031167774595528]
Train , Epoch 25 : : total loss : 0.06971284538004661   3d pose loss : 0.01576612707358882   3d marker loss : 0.02042709241844028   
Valid, Epoch 25 : : total loss : 0.14425804612617119   3d pose loss : 0.03170803792644253   3d marker loss : 0.04260477651739938   
Current LR:  [0.0001297112278348806]
Train , Epoch 26 : : total loss : 0.06947143187323597   3d pose loss : 0.01570625789177838   3d marker loss : 0.02035752450190256   
Valid, Epoch 26 : : total loss : 0.143612833270427   3d pose loss : 0.03167218332078255   3d marker loss : 0.04231441650280495   
Current LR:  [0.00011991163456041926]
Train , Epoch 27 : : total loss : 0.06919871663754704   3d pose loss : 0.015641230247069173   3d marker loss : 0.020271904500875553   
Valid, Epoch 27 : : total loss : 0.14323326306976328   3d pose loss : 0.03146963392209967   3d marker loss : 0.04230620399774372   
Current LR:  [0.00011085239375927746]
Train , Epoch 28 : : total loss : 0.06896649711291117   3d pose loss : 0.01558962148939905   3d marker loss : 0.02020055818959979   
Valid, Epoch 28 : : total loss : 0.14375384687973133   3d pose loss : 0.031763151786513316   3d marker loss : 0.04227234867969296   
Current LR:  [0.00010247757231572286]
Train , Epoch 29 : : total loss : 0.06874677401744515   3d pose loss : 0.015536113337905038   3d marker loss : 0.02013180959124141   
Valid, Epoch 29 : : total loss : 0.14297268281617967   3d pose loss : 0.031492822505236655   3d marker loss : 0.04210145078410303   
Current LR:  [9.473546282211252e-05]
Best Loss : 0.14297268281617967
Train , Epoch 30 : : total loss : 0.06855111291483501   3d pose loss : 0.015489725363183698   3d marker loss : 0.02006738498075608   
Valid, Epoch 30 : : total loss : 0.1435097226868431   3d pose loss : 0.031593598051869176   3d marker loss : 0.042288046601646576   
Current LR:  [8.757826432957842e-05]
Train , Epoch 31 : : total loss : 0.06838331373831245   3d pose loss : 0.015457454080367746   3d marker loss : 0.020019324110718044   
Valid, Epoch 31 : : total loss : 0.1441041056454952   3d pose loss : 0.031749831052499934   3d marker loss : 0.04245426761668103   
Current LR:  [8.09617872177771e-05]
Train , Epoch 32 : : total loss : 0.06820756577503828   3d pose loss : 0.015415941689312   3d marker loss : 0.01996532273964465   
Valid, Epoch 32 : : total loss : 0.143763630323084   3d pose loss : 0.03166785002869173   3d marker loss : 0.042364016274966235   
Current LR:  [7.484518036152509e-05]
Train , Epoch 33 : : total loss : 0.06801365435900499   3d pose loss : 0.015370372929924561   3d marker loss : 0.01990215034664043   
Valid, Epoch 33 : : total loss : 0.1441667346291817   3d pose loss : 0.03167085137466453   3d marker loss : 0.042580889460256253   
Current LR:  [6.919067890980563e-05]
Train , Epoch 34 : : total loss : 0.06787437018852659   3d pose loss : 0.015333964492257204   3d marker loss : 0.019860195684492404   
Valid, Epoch 34 : : total loss : 0.14297780369152105   3d pose loss : 0.03147560130248595   3d marker loss : 0.04213143632890717   
Current LR:  [6.396337111989654e-05]
Train , Epoch 35 : : total loss : 0.06775394750564742   3d pose loss : 0.01530779381368332   3d marker loss : 0.019823908620154016   
Valid, Epoch 35 : : total loss : 0.14402743280015873   3d pose loss : 0.03170330389404087   3d marker loss : 0.04244269152170971   
Current LR:  [5.913098280701793e-05]
Train , Epoch 36 : : total loss : 0.06760077597859081   3d pose loss : 0.015273037042320232   3d marker loss : 0.019773896666460792   
Valid, Epoch 36 : : total loss : 0.14359569143127995   3d pose loss : 0.03161016142933171   3d marker loss : 0.04233772424060345   
Current LR:  [5.466367807865949e-05]
Train , Epoch 37 : : total loss : 0.06749394648005626   3d pose loss : 0.015249358498679897   3d marker loss : 0.019744417632992832   
Valid, Epoch 37 : : total loss : 0.14307094343575424   3d pose loss : 0.03146432560705787   3d marker loss : 0.04217785369048644   
Current LR:  [5.053387512329111e-05]
Train , Epoch 38 : : total loss : 0.06737161514583541   3d pose loss : 0.01522142508358586   3d marker loss : 0.019702258471262418   
Valid, Epoch 38 : : total loss : 0.14308474715257935   3d pose loss : 0.03148141341908214   3d marker loss : 0.04219860136208488   
Current LR:  [4.671607591610864e-05]
Train , Epoch 39 : : total loss : 0.0672688662000229   3d pose loss : 0.015195686655816125   3d marker loss : 0.019671546758089693   
Valid, Epoch 39 : : total loss : 0.1433309688870536   3d pose loss : 0.03155682803882861   3d marker loss : 0.04226150339852222   
Current LR:  [4.3186708790392355e-05]
Train , Epoch 40 : : total loss : 0.06717284056900835   3d pose loss : 0.0151724849664749   3d marker loss : 0.019642919684800267   
Valid, Epoch 40 : : total loss : 0.14345335224002323   3d pose loss : 0.03154039587243407   3d marker loss : 0.04230681066388073   
Current LR:  [3.992398290249013e-05]
Train , Epoch 41 : : total loss : 0.06707806414438904   3d pose loss : 0.015150813915783917   3d marker loss : 0.019614810758253182   
Valid, Epoch 41 : : total loss : 0.14325779123055424   3d pose loss : 0.03153557238663142   3d marker loss : 0.0422380752823943   
Current LR:  [3.690775369187014e-05]
Train , Epoch 42 : : total loss : 0.06698664235511075   3d pose loss : 0.015127230271342799   3d marker loss : 0.019585933984811503   
Valid, Epoch 42 : : total loss : 0.1440839747352939   3d pose loss : 0.031725041272605045   3d marker loss : 0.04245040026891899   
Current LR:  [3.4119398505573256e-05]
Train , Epoch 43 : : total loss : 0.06690515287540441   3d pose loss : 0.01510980957833353   3d marker loss : 0.019559916111703483   
Valid, Epoch 43 : : total loss : 0.1439859921068442   3d pose loss : 0.03171329433939195   3d marker loss : 0.04241315784905355   
Current LR:  [3.1541701619151756e-05]
Train , Epoch 44 : : total loss : 0.06682716580850581   3d pose loss : 0.015094227594626279   3d marker loss : 0.019532932079985646   
Valid, Epoch 44 : : total loss : 0.1434167229651793   3d pose loss : 0.031560646461725954   3d marker loss : 0.042266719982174135   
Current LR:  [2.915874794419636e-05]
Train , Epoch 45 : : total loss : 0.06676264476328174   3d pose loss : 0.015080532983253979   3d marker loss : 0.01951015378102843   
Valid, Epoch 45 : : total loss : 0.14324781151961127   3d pose loss : 0.03152252335059371   3d marker loss : 0.04222435969150904   
Current LR:  [2.6955824766185854e-05]
Train , Epoch 46 : : total loss : 0.06667993313695755   3d pose loss : 0.015056051746684989   3d marker loss : 0.019486001215623747   
Valid, Epoch 46 : : total loss : 0.14331841838096526   3d pose loss : 0.03153771589770565   3d marker loss : 0.04225540252907905   
Current LR:  [2.491933090597402e-05]
Train , Epoch 47 : : total loss : 0.06663746807290001   3d pose loss : 0.01504754711033925   3d marker loss : 0.01947252019279939   
Valid, Epoch 47 : : total loss : 0.14327714878264428   3d pose loss : 0.03153436937359249   3d marker loss : 0.042260378399774555   
Current LR:  [2.3036692744063167e-05]
Train , Epoch 48 : : total loss : 0.06657668717914016   3d pose loss : 0.015036904504465544   3d marker loss : 0.01945235008271011   
Valid, Epoch 48 : : total loss : 0.14374751981746242   3d pose loss : 0.03165958397177157   3d marker loss : 0.042339088783267656   
Current LR:  [2.1296286589185594e-05]
Train , Epoch 49 : : total loss : 0.06651184103377392   3d pose loss : 0.015019052651956494   3d marker loss : 0.01943110983155988   
Valid, Epoch 49 : : total loss : 0.14314640878309043   3d pose loss : 0.031517385103538444   3d marker loss : 0.04218147269921892   
Finished Training
Load  /tudelft.net/staff-bulk/ewi/insy/VisionLab/students/wyang/dataset/models/model_29_BML_TEMPORAL_LSTM_128.pt
Use LSTM, Receptive Field : 243
Joint Error : 0.014821569435298443 , Marker Error : 0.01914953999221325
Joint Error : 0.031492821872234344 , Marker Error : 0.042101453989744186
Joint Error : 0.026390565559267998 , Marker Error : 0.03268274664878845
