/home/nfs/weitseyang/.bashrc: line 20: dirname: command not found
/home/nfs/weitseyang/.bashrc: line 21: dirname: command not found
              total        used        free      shared  buff/cache   available
Mem:         257670       29846      194956         423       32866      226536
Swap:        262143           0      262143
Tue Jun 22 23:14:58 2021       
+-----------------------------------------------------------------------------+
| NVIDIA-SMI 465.19.01    Driver Version: 465.19.01    CUDA Version: 11.3     |
|-------------------------------+----------------------+----------------------+
| GPU  Name        Persistence-M| Bus-Id        Disp.A | Volatile Uncorr. ECC |
| Fan  Temp  Perf  Pwr:Usage/Cap|         Memory-Usage | GPU-Util  Compute M. |
|                               |                      |               MIG M. |
|===============================+======================+======================|
|   0  NVIDIA GeForce ...  On   | 00000000:09:00.0 Off |                  N/A |
| 41%   68C    P0    87W / 250W |      1MiB / 11178MiB |      0%      Default |
|                               |                      |                  N/A |
+-------------------------------+----------------------+----------------------+
                                                                               
+-----------------------------------------------------------------------------+
| Processes:                                                                  |
|  GPU   GI   CI        PID   Type   Process name                  GPU Memory |
|        ID   ID                                                   Usage      |
|=============================================================================|
|  No running processes found                                                 |
+-----------------------------------------------------------------------------+
BML_FOLDER: /tudelft.net/staff-bulk/ewi/insy/VisionLab/students/wyang/dataset/HDF5/BML/
DATASET:
  ANTIALIAS:
    TEST: 1
    TRAIN: 1
  BBOX:
    PARTIAL_VISUALBILITY: False
  COLOR:
    AUG: True
  DATASETPERIMG: 2000
  GEOM:
    AUG: True
    HFLIP: True
    ROT: 10
    SCALE_DOWN: 25
    SCALE_UP: 25
    SHIFT_AUG: 10
  INTERPOLATION:
    TEST: nearest
    TRAIN: nearest
  MIX_PROB: 0.0
  OCCLUSION:
    PROB: 0.0
    SCALE: 0.8
    ZERO: True
  ROATION_PROB: 0.0
  SCALING_PROB: 0.0
  TRAINING_USEDEACHFRAME: 1
  USEDEACHFRAME: 1
EVAL_WORKERS: 16
HYP:
  MARKER: 1
  MARKERPAIRS: 1
  POS: 1
  SEQUENCE_LEN_LOSS: 1
  SEQUENCE_POS_LOSS: 5
  SYMARKERPAIRS: 1
LOSS:
  POS_LOSS_TYPE: 2
  SEQUENCE_LEN_LOSS:
    TYPE: 2
    USE: True
  SEQUENCE_POS_LOSS:
    LAMBDA: 16
    TYPE: 2
    USE: True
MODEL_FOLDER: /tudelft.net/staff-bulk/ewi/insy/VisionLab/students/wyang/dataset/models/
PASCAL_PATH: /tudelft.net/staff-bulk/ewi/insy/VisionLab/students/wyang/dataset/HDF5/PASCAL/pascal.hdf5
POSTFIX: BML_TEMPORAL_TRANSFORMERS_LOSS
PREDICTION:
  Joints_Inside_Cylinder_Body_LIST: [['ROOT', 'Torso'], ['RHIPJ', 'Torso'], ['LHIPJ', 'Torso'], ['Spine1', 'Torso'], ['Spine2', 'Torso'], ['Spine3', 'Torso'], ['LCOL', 'Torso'], ['RCOL', 'Torso'], ['NECK', 'Torso'], ['HEAD', 'HEAD'], ['RKNE', 'RightLeg'], ['RKNI', 'RightLeg'], ['LKNE', 'LeftLeg'], ['LKNI', 'LeftLeg'], ['LANK', 'LeftShrank'], ['RANK', 'RightShrank'], ['LANI', 'LeftShrank'], ['RANI', 'RightShrank'], ['RTOE', 'RightFOOT'], ['LTOE', 'LeftFOOT'], ['RMT1', 'RightFOOT'], ['LMT1', 'LeftFOOT'], ['RMT5', 'RightFOOT'], ['LMT5', 'LeftFOOT'], ['LELB', 'LeftArm'], ['RELB', 'RightArm'], ['LELBIN', 'LeftArm'], ['RELBIN', 'RightArm'], ['LIWR', 'LeftForearm'], ['RIWR', 'RightForearm'], ['LOWR', 'LeftForearm'], ['ROWR', 'RightForearm']]
  PAIR_MARKERS: [[0, 3], [3, 6], [6, 9], [0, 1], [0, 2], [1, 4], [2, 5], [4, 7], [5, 8], [7, 10], [8, 11], [9, 13], [9, 14], [9, 12], [12, 15], [13, 16], [14, 17], [16, 18], [17, 19], [18, 20], [19, 21]]
  POS_NAME: ['ROOT', 'LHIPJ', 'RHIPJ', 'Spine1', 'LKJC', 'RKJC', 'Spine2', 'LAJC', 'RAJC', 'Spine3', 'LFOOT', 'RFOOT', 'NECK', 'LCOL', 'RCOL', 'HEAD', 'LSHOULDER', 'RSHOULDER', 'LELC', 'RELC', 'LWRIST', 'RWRIST', 'LPSI', 'RPSI', 'RASI', 'LASI', 'T12', 'T10', 'T8', 'T1', 'C7', 'RKNE', 'RKNI', 'LKNE', 'LKNI', 'LANK', 'RANK', 'LANI', 'RANI', 'LHEE', 'RHEE', 'RTOE', 'LTOE', 'RMT1', 'LMT1', 'RMT5', 'LMT5', 'LSHO', 'RSHO', 'STRN', 'CLAV', 'RCLAV', 'LCLAV', 'LELB', 'RELB', 'LELBIN', 'RELBIN', 'LIWR', 'RIWR', 'LOWR', 'ROWR', 'LFHD', 'RFHD', 'LBHD', 'RBHD']
  SY_MARKERS: [[0, 1, 0, 2], [1, 4, 2, 5], [18, 7, 19, 8], [7, 10, 8, 11], [13, 16, 14, 17], [16, 18, 17, 19], [18, 20, 19, 21], [58, 60, 57, 59], [34, 33, 32, 31], [35, 37, 36, 38]]
PROGRESSBAR: False
SEED: 100
STARTMODELPATH: None
TESTMODE: False
TEST_SUBJECTS: [2, 29, 19, 21, 51, 26, 7, 72, 77, 17, 65, 80, 6, 76, 10, 73, 13, 38]
TRAINING:
  AMSGRAD: False
  AWARED_OCCLUSION:
    GT: False
    USE: False
    USE_PREDICTION: False
  BATCHSIZE: 256
  CAUSAL: False
  END_LR: [5e-06]
  END_MOMENTUM: 0.001
  EPOCH: [50]
  EVALUATION_BATCHSIZE: 256
  IMGSIZE: (256, 256)
  INITIAL_MOMENTUM: 0.1
  LOSS2D: False
  LOSSTYPE: 2
  METRIC_SCALE:
    BBOX_SIZE: 2.2
    DEPTH: 8
    EVAL_STRIDING: 4
    STRIDING: 32
  NUMPRED: 65
  NUM_JOINTS: 22
  NUM_MARKER: 43
  RECEPTIVE_FIELD: 243
  REFINE: False
  RESNET:
    CENTER_STRIDING: True
    NEXT: True
    PRETRAINED: True
  START_LR: [0.001]
  TCN: False
  TRAINING_STEPS: 1
  USE_2D: False
  USE_GT: False
  VALID_BATCHSIZE: 256
TRAINING_SUBJECTS: [78, 59, 79, 44, 56, 88, 75, 61, 53, 47, 40, 41, 32, 70, 28, 39, 69, 11, 3, 90, 71, 54, 20, 85, 37, 34, 33, 46, 67, 63, 55, 36, 42, 50, 24, 35, 84, 45, 60, 16, 74, 82, 27, 89, 57, 5, 49, 22, 4, 66, 31, 83, 43, 48, 52, 68, 25, 9, 18, 1, 81, 58, 23, 62, 64, 8, 87]
TRANSFOMER:
  BATCHNORM: False
  DROPOUT: False
  D_CHANNEL: 512
  D_MODEL: 256
  INFEATURES: 195
  N1: 3
  N_HEADS: 8
  OUTFEATURES: 195
  STRIDES: [3, 9, 9]
VALID_SUBJECTS: [14, 86, 15, 30]
VALID_WORKERS: 16
WORKERS: 16
166025 training data, 21822 valid data, 100839 test data
LR starts from 0.001, LR decay rate : 0.9013257213104922
Train , Epoch 0 : : total loss : 0.8689210514227549   3d pose loss : 0.20674849536131928   3d marker loss : 0.2409663316046382   intermediate pose loss : 0.1906241537704144   intermediate marker loss : 0.21632170870348258   intermediate sequence bone length loss : 0.014131544244096236   intermediate sequence bone length loss : 0.0001288184490086667   
Valid, Epoch 0 : : total loss : 0.7759653015738064   3d pose loss : 0.17914695261641564   3d marker loss : 0.21478896009507947   intermediate pose loss : 0.17476555372658925   intermediate marker loss : 0.20692975352177775   intermediate sequence bone length loss : 0.00032662131980057434   intermediate sequence bone length loss : 7.460029848601426e-06   
Current LR:  [0.0009013257213104922]
Current momentum:  0.1
Best Loss : 0.19696795635574757
Train , Epoch 1 : : total loss : 0.7442884608919238   3d pose loss : 0.17368786322113908   3d marker loss : 0.20786696481575936   intermediate pose loss : 0.16505583433181414   intermediate marker loss : 0.19746895028669156   intermediate sequence bone length loss : 0.0002031707889402219   intermediate sequence bone length loss : 5.676856976269509e-06   
Valid, Epoch 1 : : total loss : 0.7744278731655106   3d pose loss : 0.18078244965953336   3d marker loss : 0.2160051603844312   intermediate pose loss : 0.17330355670884554   intermediate marker loss : 0.20420821975387757   intermediate sequence bone length loss : 0.0001240624388011181   intermediate sequence bone length loss : 4.425832046265089e-06   
Current LR:  [0.000812388055895879]
Current momentum:  0.09136593726391777
Train , Epoch 2 : : total loss : 0.721298170954357   3d pose loss : 0.17231090783061068   3d marker loss : 0.20681600723369623   intermediate pose loss : 0.15531038243415546   intermediate marker loss : 0.18508857950844146   intermediate sequence bone length loss : 0.001722481985241218   intermediate sequence bone length loss : 4.9811644799651e-05   
Valid, Epoch 2 : : total loss : 0.6873864549817419   3d pose loss : 0.1782942836066781   3d marker loss : 0.21223541477753322   intermediate pose loss : 0.13473137007790148   intermediate marker loss : 0.1563949064902081   intermediate sequence bone length loss : 0.005540927072273211   intermediate sequence bone length loss : 0.00018956080915911826   
Current LR:  [0.0007322262504643815]
Current momentum:  0.08347734492114156
Best Loss : 0.19526484919210566
Train , Epoch 3 : : total loss : 0.5704111208978259   3d pose loss : 0.14480811525366188   3d marker loss : 0.17374305307497212   intermediate pose loss : 0.11180391477673877   intermediate marker loss : 0.1305203948997789   intermediate sequence bone length loss : 0.009023702738987695   intermediate sequence bone length loss : 0.0005119393270343821   
Valid, Epoch 3 : : total loss : 0.5202850063499833   3d pose loss : 0.13687178535975367   3d marker loss : 0.1638405817084478   intermediate pose loss : 0.0943415082786951   intermediate marker loss : 0.1108273855871355   intermediate sequence bone length loss : 0.01376482000349641   intermediate sequence bone length loss : 0.0006389203723361278   
Current LR:  [0.0006599743533622857]
Current momentum:  0.07626985859023444
Best Loss : 0.15035618353410074
Train , Epoch 4 : : total loss : 0.37327248796268747   3d pose loss : 0.08841926464236077   3d marker loss : 0.10693011393793571   intermediate pose loss : 0.07584845985251444   intermediate marker loss : 0.08720959137757252   intermediate sequence bone length loss : 0.014000665939723453   intermediate sequence bone length loss : 0.0008643928216949944   
Valid, Epoch 4 : : total loss : 0.3531679997423613   3d pose loss : 0.0830697342910466   3d marker loss : 0.09863953279668826   intermediate pose loss : 0.07393942957848308   intermediate marker loss : 0.0816177369344028   intermediate sequence bone length loss : 0.015073348390183105   intermediate sequence bone length loss : 0.0008282173111189429   
Current LR:  [0.0005948518600906879]
Current momentum:  0.06968467115083239
Best Loss : 0.09085463354386743
Train , Epoch 5 : : total loss : 0.28177899092343855   3d pose loss : 0.06441830584986342   3d marker loss : 0.07852927053830137   intermediate pose loss : 0.05864834016832857   intermediate marker loss : 0.06433882375167292   intermediate sequence bone length loss : 0.01476814967499655   intermediate sequence bone length loss : 0.0010761015285503544   
Valid, Epoch 5 : : total loss : 0.27744346459925134   3d pose loss : 0.06313499564397303   3d marker loss : 0.07625065362482959   intermediate pose loss : 0.058530830788509666   intermediate marker loss : 0.06471336697496358   intermediate sequence bone length loss : 0.013719060344292235   intermediate sequence bone length loss : 0.0010945582838327679   
Current LR:  [0.0005361552818691272]
Current momentum:  0.06366805292623692
Best Loss : 0.06969282463440131
Train , Epoch 6 : : total loss : 0.2134130886629408   3d pose loss : 0.04718438098437072   3d marker loss : 0.0570216204131735   intermediate pose loss : 0.044900910951841025   intermediate marker loss : 0.0480013194516945   intermediate sequence bone length loss : 0.015064372880855737   intermediate sequence bone length loss : 0.0012404839678906065   
Valid, Epoch 6 : : total loss : 0.24104355821774692   3d pose loss : 0.05318100003817704   3d marker loss : 0.06454187230091027   intermediate pose loss : 0.05224956164667274   intermediate marker loss : 0.057475467211559265   intermediate sequence bone length loss : 0.012555460457447392   intermediate sequence bone length loss : 0.001040196197655251   
Current LR:  [0.0004832505461651213]
Current momentum:  0.05817091329374359
Best Loss : 0.05886143616954365
Train , Epoch 7 : : total loss : 0.17931856973855584   3d pose loss : 0.037876594644959696   3d marker loss : 0.046088662952828555   intermediate pose loss : 0.038799042675506185   intermediate marker loss : 0.041268814418372914   intermediate sequence bone length loss : 0.014120130782464036   intermediate sequence bone length loss : 0.0011653246824776201   
Valid, Epoch 7 : : total loss : 0.21390988826533197   3d pose loss : 0.04541045697731142   3d marker loss : 0.05518186569825701   intermediate pose loss : 0.047639029468081524   intermediate marker loss : 0.05197475924739675   intermediate sequence bone length loss : 0.012629561764697261   intermediate sequence bone length loss : 0.0010742158204352602   
Current LR:  [0.0004355661470959672]
Current momentum:  0.05314840014580975
Best Loss : 0.050296161337784216
Train , Epoch 8 : : total loss : 0.158561000853409   3d pose loss : 0.03248252167458428   3d marker loss : 0.039968690662472335   intermediate pose loss : 0.034624901991107584   intermediate marker loss : 0.036793208238381295   intermediate sequence bone length loss : 0.013508241701250276   intermediate sequence bone length loss : 0.0011834369844435082   
Valid, Epoch 8 : : total loss : 0.2059958998283559   3d pose loss : 0.044346419190106214   3d marker loss : 0.05313229036422952   intermediate pose loss : 0.045343445492603635   intermediate marker loss : 0.04959670146503017   intermediate sequence bone length loss : 0.012561086338891215   intermediate sequence bone length loss : 0.0010159567921012626   
Current LR:  [0.00039258697170970456]
Current momentum:  0.04855953393399652
Best Loss : 0.04873935477716786
Train , Epoch 9 : : total loss : 0.14626752053973852   3d pose loss : 0.02953310507165705   3d marker loss : 0.036576880147841606   intermediate pose loss : 0.031928215819744414   intermediate marker loss : 0.034475354546750034   intermediate sequence bone length loss : 0.012617982257111573   intermediate sequence bone length loss : 0.0011359824005652357   
Valid, Epoch 9 : : total loss : 0.202611781753024   3d pose loss : 0.04401206884995115   3d marker loss : 0.054016204324326696   intermediate pose loss : 0.04301120903629418   intermediate marker loss : 0.04845985442184198   intermediate sequence bone length loss : 0.012117260869859764   intermediate sequence bone length loss : 0.0009951841582240023   
Current LR:  [0.00035384873545335125]
Current momentum:  0.044366873309786115
Train , Epoch 10 : : total loss : 0.1381712225208312   3d pose loss : 0.027775431215694105   3d marker loss : 0.03451360658639007   intermediate pose loss : 0.03009830791802134   intermediate marker loss : 0.032800991056532953   intermediate sequence bone length loss : 0.011866222037991255   intermediate sequence bone length loss : 0.0011166635682277474   
Valid, Epoch 10 : : total loss : 0.19014575865777622   3d pose loss : 0.040095990720868994   3d marker loss : 0.04928126047582087   intermediate pose loss : 0.041245003503071004   intermediate marker loss : 0.04676300315107   intermediate sequence bone length loss : 0.011781621488442333   intermediate sequence bone length loss : 0.0009788785899016502   
Current LR:  [0.0003189329667172973]
Current momentum:  0.04053620963418106
Best Loss : 0.04468862559834493
Train , Epoch 11 : : total loss : 0.13246836113157096   3d pose loss : 0.026563009215564825   3d marker loss : 0.03305740823773782   intermediate pose loss : 0.028756425813714296   intermediate marker loss : 0.031580208964576875   intermediate sequence bone length loss : 0.011390328835581004   intermediate sequence bone length loss : 0.0011209799643292632   
Valid, Epoch 11 : : total loss : 0.18194249657200975   3d pose loss : 0.03875326004619177   3d marker loss : 0.04686334285888168   intermediate pose loss : 0.03979496966360164   intermediate marker loss : 0.045138942333312684   intermediate sequence bone length loss : 0.010404562048225484   intermediate sequence bone length loss : 0.000987421093168371   
Current LR:  [0.0002874624862761632]
Current momentum:  0.03703628786353605
Best Loss : 0.04280830145253673
Train , Epoch 12 : : total loss : 0.12714068791656583   3d pose loss : 0.025467338037596626   3d marker loss : 0.03174395318844436   intermediate pose loss : 0.027618613421778987   intermediate marker loss : 0.030569573987942234   intermediate sequence bone length loss : 0.010609942594727065   intermediate sequence bone length loss : 0.0011312665572651536   
Valid, Epoch 12 : : total loss : 0.18073025873782228   3d pose loss : 0.03837022756461688   3d marker loss : 0.046936117589948985   intermediate pose loss : 0.039135922379153275   intermediate marker loss : 0.04508375910656796   intermediate sequence bone length loss : 0.010192784497395038   intermediate sequence bone length loss : 0.001011447768462763   
Current LR:  [0.00025909733279257026]
Current momentum:  0.03383855153428234
Best Loss : 0.04265317257728293
Train , Epoch 13 : : total loss : 0.12363281779359152   3d pose loss : 0.024716480948421875   3d marker loss : 0.03080787994887358   intermediate pose loss : 0.026778474292016508   intermediate marker loss : 0.029813225130998978   intermediate sequence bone length loss : 0.010357376640766032   intermediate sequence bone length loss : 0.001159380994022847   
Valid, Epoch 13 : : total loss : 0.17645233840599756   3d pose loss : 0.03746952445486728   3d marker loss : 0.04563222179687293   intermediate pose loss : 0.03850962685004741   intermediate marker loss : 0.04407761107005904   intermediate sequence bone length loss : 0.009737466820196886   intermediate sequence bone length loss : 0.001025887077308774   
Current LR:  [0.00023353109036888803]
Current momentum:  0.030916909765830888
Best Loss : 0.04155087312587011
Train , Epoch 14 : : total loss : 0.12041418135948019   3d pose loss : 0.02411745748206697   3d marker loss : 0.03005348257203069   intermediate pose loss : 0.026087463675296785   intermediate marker loss : 0.029165172739598302   intermediate sequence bone length loss : 0.009808911921824386   intermediate sequence bone length loss : 0.00118169295285357   
Valid, Epoch 14 : : total loss : 0.1727160921499738   3d pose loss : 0.03643906486863647   3d marker loss : 0.04457085795346151   intermediate pose loss : 0.03752661888698382   intermediate marker loss : 0.04329509529050488   intermediate sequence bone length loss : 0.009844312426063014   intermediate sequence bone length loss : 0.0010401429305449382   
Current LR:  [0.00021048757847516372]
Current momentum:  0.0282475243805911
Best Loss : 0.040504961411048986
Train , Epoch 15 : : total loss : 0.11759428497127912   3d pose loss : 0.023535486132504394   3d marker loss : 0.029327253115443902   intermediate pose loss : 0.025525732483300898   intermediate marker loss : 0.02859862028034749   intermediate sequence bone length loss : 0.00941676823106123   intermediate sequence bone length loss : 0.0011904247314956638   
Valid, Epoch 15 : : total loss : 0.1719187858965425   3d pose loss : 0.036176138395743504   3d marker loss : 0.04431647936896414   intermediate pose loss : 0.037471639575753724   intermediate marker loss : 0.043088704557928396   intermediate sequence bone length loss : 0.009834208193254475   intermediate sequence bone length loss : 0.0010316165481809188   
Current LR:  [0.00018971786849602577]
Current momentum:  0.025808615404180748
Best Loss : 0.04024630888235382
Train , Epoch 16 : : total loss : 0.1152184507407156   3d pose loss : 0.023109048202541876   3d marker loss : 0.028739299127878048   intermediate pose loss : 0.02505293039513039   intermediate marker loss : 0.028067688733615256   intermediate sequence bone length loss : 0.009056627672786513   intermediate sequence bone length loss : 0.0011928568448279237   
Valid, Epoch 16 : : total loss : 0.17465582301227497   3d pose loss : 0.03757151616896863   3d marker loss : 0.04575068475826229   intermediate pose loss : 0.037736875951240964   intermediate marker loss : 0.04356736086234526   intermediate sequence bone length loss : 0.008992592422676594   intermediate sequence bone length loss : 0.001036792319572198   
Current LR:  [0.00017099759466766953]
Current momentum:  0.023580283358869594
Train , Epoch 17 : : total loss : 0.11326787889831597   3d pose loss : 0.02272105726332944   3d marker loss : 0.028177193509713736   intermediate pose loss : 0.02467888969939524   intermediate marker loss : 0.027633161396133126   intermediate sequence bone length loss : 0.008863492548339253   intermediate sequence bone length loss : 0.0011940841082653123   
Valid, Epoch 17 : : total loss : 0.17164735940033482   3d pose loss : 0.03654938086767636   3d marker loss : 0.04458205276662669   intermediate pose loss : 0.03741997076691306   intermediate marker loss : 0.04339125079704832   intermediate sequence bone length loss : 0.008676694420821593   intermediate sequence bone length loss : 0.001028010548431204   
Current LR:  [0.0001541245303561964]
Current momentum:  0.021544346900318836
Train , Epoch 18 : : total loss : 0.11129650640312905   3d pose loss : 0.022360938003309714   3d marker loss : 0.02762901784426728   intermediate pose loss : 0.024360302487894156   intermediate marker loss : 0.02723117503567518   intermediate sequence bone length loss : 0.008524106826955154   intermediate sequence bone length loss : 0.0011909663049147728   
Valid, Epoch 18 : : total loss : 0.17110431280617708   3d pose loss : 0.036498808716560804   3d marker loss : 0.043969303667244865   intermediate pose loss : 0.03699767876912535   intermediate marker loss : 0.04258014505500154   intermediate sequence bone length loss : 0.010034355236863185   intermediate sequence bone length loss : 0.0010240212910477525   
Current LR:  [0.00013891640349493958]
Current momentum:  0.01968419447286612
Best Loss : 0.04023405619190284
Train , Epoch 19 : : total loss : 0.10954831400311288   3d pose loss : 0.022020979680948786   3d marker loss : 0.02712573955571394   intermediate pose loss : 0.02408190985083764   intermediate marker loss : 0.026872693221832132   intermediate sequence bone length loss : 0.008259433273507718   intermediate sequence bone length loss : 0.0011875581330070733   
Valid, Epoch 19 : : total loss : 0.1669848771331706   3d pose loss : 0.035550998293198646   3d marker loss : 0.04343667861554595   intermediate pose loss : 0.03648367405331066   intermediate marker loss : 0.042256450425823565   intermediate sequence bone length loss : 0.008233024668992905   intermediate sequence bone length loss : 0.0010240509042205824   
Current LR:  [0.0001252089275819358]
Current momentum:  0.017984648772986424
Best Loss : 0.03949383845437229
Train , Epoch 20 : : total loss : 0.10801738430458455   3d pose loss : 0.02172412766132182   3d marker loss : 0.02669428562871928   intermediate pose loss : 0.023839575186785724   intermediate marker loss : 0.026558734769760457   intermediate sequence bone length loss : 0.008018838233073   intermediate sequence bone length loss : 0.001181822949603637   
Valid, Epoch 20 : : total loss : 0.16666516404619094   3d pose loss : 0.03564482770539938   3d marker loss : 0.043273148894167966   intermediate pose loss : 0.036426810009452644   intermediate marker loss : 0.042291799154063975   intermediate sequence bone length loss : 0.008012693209757825   intermediate sequence bone length loss : 0.0010158858774054903   
Current LR:  [0.00011285402696730145]
Current momentum:  0.016431842915062733
Best Loss : 0.03945898829978368
Train , Epoch 21 : : total loss : 0.10680964529330347   3d pose loss : 0.021484064912699437   3d marker loss : 0.026349009356725916   intermediate pose loss : 0.023638012971338114   intermediate marker loss : 0.02630039685647245   intermediate sequence bone length loss : 0.007861883805656552   intermediate sequence bone length loss : 0.001176277615875868   
Valid, Epoch 21 : : total loss : 0.16487921712247974   3d pose loss : 0.03503208760871709   3d marker loss : 0.04269570637203773   intermediate pose loss : 0.03610032187757194   intermediate marker loss : 0.04187881673423565   intermediate sequence bone length loss : 0.008162625426934059   intermediate sequence bone length loss : 0.0010096580834876453   
Current LR:  [0.00010171823725909672]
Current momentum:  0.015013107289081735
Best Loss : 0.03886389699037741
Train , Epoch 22 : : total loss : 0.10570887971761418   3d pose loss : 0.021257049806508017   3d marker loss : 0.026040732547249874   intermediate pose loss : 0.02345774689240864   intermediate marker loss : 0.026065460929394137   intermediate sequence bone length loss : 0.007716709142838271   intermediate sequence bone length loss : 0.0011711804254446179   
Valid, Epoch 22 : : total loss : 0.1650614909777861   3d pose loss : 0.0350923438566479   3d marker loss : 0.04265140567185537   intermediate pose loss : 0.03613088492807006   intermediate marker loss : 0.041998094745849604   intermediate sequence bone length loss : 0.008185341545886729   intermediate sequence bone length loss : 0.0010034204112853568   
Current LR:  [9.168126356798713e-05]
Current momentum:  0.013716866187107078
Train , Epoch 23 : : total loss : 0.1046386533934209   3d pose loss : 0.021041711499155673   3d marker loss : 0.0257391533067013   intermediate pose loss : 0.02328459955579429   intermediate marker loss : 0.02584514975329332   intermediate sequence bone length loss : 0.007560981075382895   intermediate sequence bone length loss : 0.0011670586403695015   
Valid, Epoch 23 : : total loss : 0.1652602113229568   3d pose loss : 0.035228146082888864   3d marker loss : 0.04298392332897059   intermediate pose loss : 0.03608100419301902   intermediate marker loss : 0.04201346740158021   intermediate sequence bone length loss : 0.00795916780991948   intermediate sequence bone length loss : 0.0009945041904876873   
Current LR:  [8.263468101607335e-05]
Current momentum:  0.0125325433550878
Train , Epoch 24 : : total loss : 0.10369174502054114   3d pose loss : 0.020830957960613346   3d marker loss : 0.025471858798100808   intermediate pose loss : 0.023136248061847355   intermediate marker loss : 0.02565644459258535   intermediate sequence bone length loss : 0.0074326575167454135   intermediate sequence bone length loss : 0.0011635779206968706   
Valid, Epoch 24 : : total loss : 0.1628499310762414   3d pose loss : 0.034562609479993504   3d marker loss : 0.04229241362108383   intermediate pose loss : 0.03581338604629974   intermediate marker loss : 0.04149609034444483   intermediate sequence bone length loss : 0.007693835443421624   intermediate sequence bone length loss : 0.0009915956817809761   
Current LR:  [7.448076347207475e-05]
Current momentum:  0.011450475699382817
Best Loss : 0.03842751155053867
Train , Epoch 25 : : total loss : 0.10292989384658911   3d pose loss : 0.020671468294214134   3d marker loss : 0.025265055915547743   intermediate pose loss : 0.023004144976306477   intermediate marker loss : 0.025501432190476743   intermediate sequence bone length loss : 0.007326393259579983   intermediate sequence bone length loss : 0.0011613991571070028   
Valid, Epoch 25 : : total loss : 0.16246526735795427   3d pose loss : 0.03458970570452829   3d marker loss : 0.04207345257429491   intermediate pose loss : 0.035677769566290256   intermediate marker loss : 0.041371278699011846   intermediate sequence bone length loss : 0.00776566144537504   intermediate sequence bone length loss : 0.0009873997030506408   
Current LR:  [6.713142786022393e-05]
Current momentum:  0.01046183444391825
Best Loss : 0.0383315791394116
Train , Epoch 26 : : total loss : 0.10214849095791578   3d pose loss : 0.020493735570782497   3d marker loss : 0.025051315432920315   intermediate pose loss : 0.022878330373377713   intermediate marker loss : 0.02535512127603094   intermediate sequence bone length loss : 0.0072134946096389565   intermediate sequence bone length loss : 0.0011564937384618032   
Valid, Epoch 26 : : total loss : 0.16276549689875286   3d pose loss : 0.034669558600515835   3d marker loss : 0.042289785837976365   intermediate pose loss : 0.03576328169686604   intermediate marker loss : 0.041562037238081787   intermediate sequence bone length loss : 0.007495165554066209   intermediate sequence bone length loss : 0.0009856696483271882   
Current LR:  [6.05072826387196e-05]
Current momentum:  0.009558553094685292
Train , Epoch 27 : : total loss : 0.10147136723461711   3d pose loss : 0.020339814891440818   3d marker loss : 0.02486645684140608   intermediate pose loss : 0.02276424663198859   intermediate marker loss : 0.025226211781831986   intermediate sequence bone length loss : 0.007120743102859706   intermediate sequence bone length loss : 0.0011538940898277853   
Valid, Epoch 27 : : total loss : 0.1616817627673341   3d pose loss : 0.034344975632146696   3d marker loss : 0.041892873280514456   intermediate pose loss : 0.03566520906327221   intermediate marker loss : 0.04142299642179159   intermediate sequence bone length loss : 0.007373156902956357   intermediate sequence bone length loss : 0.0009825508498681715   
Current LR:  [5.453677016888176e-05]
Current momentum:  0.00873326162382843
Best Loss : 0.038118924456330576
Train , Epoch 28 : : total loss : 0.10089116529734046   3d pose loss : 0.020206787235413987   3d marker loss : 0.024709228101404912   intermediate pose loss : 0.022661914804628418   intermediate marker loss : 0.025113428939984722   intermediate sequence bone length loss : 0.007049594926044207   intermediate sequence bone length loss : 0.0011502117283978602   
Valid, Epoch 28 : : total loss : 0.1619573739455367   3d pose loss : 0.034422515795807955   3d marker loss : 0.042069375400265265   intermediate pose loss : 0.03566609956573341   intermediate marker loss : 0.0413596018590255   intermediate sequence bone length loss : 0.007462463695967343   intermediate sequence bone length loss : 0.0009773169609095522   
Current LR:  [4.915539371041189e-05]
Current momentum:  0.007979226336320887
Train , Epoch 29 : : total loss : 0.10037795202461658   3d pose loss : 0.020087664860680147   3d marker loss : 0.02457451318781593   intermediate pose loss : 0.02256747076207381   intermediate marker loss : 0.025014830940046612   intermediate sequence bone length loss : 0.006985471734811587   intermediate sequence bone length loss : 0.0011480003872018215   
Valid, Epoch 29 : : total loss : 0.16145456137703926   3d pose loss : 0.03421942934895095   3d marker loss : 0.042039941817087756   intermediate pose loss : 0.035452515588826276   intermediate marker loss : 0.04134248974845298   intermediate sequence bone length loss : 0.007421987370406333   intermediate sequence bone length loss : 0.0009781965807840963   
Current LR:  [4.430502069233822e-05]
Current momentum:  0.007290294928588951
Train , Epoch 30 : : total loss : 0.09988603817965881   3d pose loss : 0.019969864837526354   3d marker loss : 0.02443991842633688   intermediate pose loss : 0.022481926403548798   intermediate marker loss : 0.024925544300335056   intermediate sequence bone length loss : 0.006922626484869577   intermediate sequence bone length loss : 0.0011461575186443459   
Valid, Epoch 30 : : total loss : 0.16144447861577838   3d pose loss : 0.034332014716586014   3d marker loss : 0.042023468537636985   intermediate pose loss : 0.035522172763710134   intermediate marker loss : 0.04130713822325737   intermediate sequence bone length loss : 0.007288232736611124   intermediate sequence bone length loss : 0.0009714519387723414   
Current LR:  [3.993325473319803e-05]
Current momentum:  0.006660846290809157
Train , Epoch 31 : : total loss : 0.09941420310901271   3d pose loss : 0.019852837320578135   3d marker loss : 0.02431637391068593   intermediate pose loss : 0.022401015734139048   intermediate marker loss : 0.02483991683276807   intermediate sequence bone length loss : 0.006859001566305251   intermediate sequence bone length loss : 0.0011450576507572637   
Valid, Epoch 31 : : total loss : 0.16065882731834413   3d pose loss : 0.034123790558028444   3d marker loss : 0.04176293910997356   intermediate pose loss : 0.03540979823842406   intermediate marker loss : 0.04121178415363316   intermediate sequence bone length loss : 0.007180481187670797   intermediate sequence bone length loss : 0.0009700327557856894   
Current LR:  [3.5992869626675335e-05]
Current momentum:  0.006085744643306689
Best Loss : 0.037943364834001
Train , Epoch 32 : : total loss : 0.0990124962028162   3d pose loss : 0.019755343187968306   3d marker loss : 0.024204680926085992   intermediate pose loss : 0.022330245644107093   intermediate marker loss : 0.02476934514318903   intermediate sequence bone length loss : 0.006811726937518903   intermediate sequence bone length loss : 0.0011411546343250522   
Valid, Epoch 32 : : total loss : 0.16044344677845135   3d pose loss : 0.034165820480212425   3d marker loss : 0.04168186945107164   intermediate pose loss : 0.03535499795417761   intermediate marker loss : 0.04114812934292673   intermediate sequence bone length loss : 0.007128090422964808   intermediate sequence bone length loss : 0.0009645394782539402   
Current LR:  [3.244129917829765e-05]
Current momentum:  0.005560297632845824
Best Loss : 0.03792384496564204
Train , Epoch 33 : : total loss : 0.09863056211421888   3d pose loss : 0.019666630671256118   3d marker loss : 0.024108550272721015   intermediate pose loss : 0.022265237483000497   intermediate marker loss : 0.024701073136249627   intermediate sequence bone length loss : 0.006749743238568628   intermediate sequence bone length loss : 0.0011393274721347463   
Valid, Epoch 33 : : total loss : 0.16009309492652243   3d pose loss : 0.0339589928544941   3d marker loss : 0.041623991751319034   intermediate pose loss : 0.0352819677824367   intermediate marker loss : 0.04106969966010883   intermediate sequence bone length loss : 0.007192738189639142   intermediate sequence bone length loss : 0.0009657057978150694   
Current LR:  [2.9240177382128606e-05]
Current momentum:  0.005080218046913019
Best Loss : 0.037791492302906564
Train , Epoch 34 : : total loss : 0.09830690074114153   3d pose loss : 0.01958459688718488   3d marker loss : 0.024016436841913763   intermediate pose loss : 0.022205511016058332   intermediate marker loss : 0.024640886130294314   intermediate sequence bone length loss : 0.006720857867212208   intermediate sequence bone length loss : 0.0011386121227980855   
Valid, Epoch 34 : : total loss : 0.15968585475403846   3d pose loss : 0.033968586618397065   3d marker loss : 0.04142118142730822   intermediate pose loss : 0.03523756552874446   intermediate marker loss : 0.04098566211490318   intermediate sequence bone length loss : 0.007106122062062269   intermediate sequence bone length loss : 0.0009667360240986362   
Current LR:  [2.6354923970193805e-05]
Current momentum:  0.004641588833612777
Best Loss : 0.03769488402285264
Train , Epoch 35 : : total loss : 0.09803433832425026   3d pose loss : 0.019520511195339537   3d marker loss : 0.023952187973155098   intermediate pose loss : 0.022153480211272836   intermediate marker loss : 0.024589999711117996   intermediate sequence bone length loss : 0.006681538145287813   intermediate sequence bone length loss : 0.0011366210246593748   
Valid, Epoch 35 : : total loss : 0.15945771502897835   3d pose loss : 0.03378119827922898   3d marker loss : 0.04140552914161182   intermediate pose loss : 0.03514903666347951   intermediate marker loss : 0.04100795943078653   intermediate sequence bone length loss : 0.0071509333854743815   intermediate sequence bone length loss : 0.0009630588890924734   
Current LR:  [2.375437085751811e-05]
Current momentum:  0.0042408311417676614
Best Loss : 0.0375933637104204
Train , Epoch 36 : : total loss : 0.09773834230217301   3d pose loss : 0.019448268371001807   3d marker loss : 0.023870989433087318   intermediate pose loss : 0.02210235503145758   intermediate marker loss : 0.02454033810472875   intermediate sequence bone length loss : 0.006641113707353073   intermediate sequence bone length loss : 0.0011352773000885743   
Valid, Epoch 36 : : total loss : 0.15981291474720022   3d pose loss : 0.03392960209969301   3d marker loss : 0.041565977306678874   intermediate pose loss : 0.035179604062368905   intermediate marker loss : 0.041006984899487835   intermediate sequence bone length loss : 0.007167862991989069   intermediate sequence bone length loss : 0.0009628822420131448   
Current LR:  [2.1410425447429443e-05]
Current momentum:  0.0038746751204561296
Train , Epoch 37 : : total loss : 0.09749996294209987   3d pose loss : 0.01939149056331335   3d marker loss : 0.023809147027125697   intermediate pose loss : 0.022059490349442688   intermediate marker loss : 0.02449838335648823   intermediate sequence bone length loss : 0.006606374770247688   intermediate sequence bone length loss : 0.0011350767479283896   
Valid, Epoch 37 : : total loss : 0.15967704674880978   3d pose loss : 0.03391621843965055   3d marker loss : 0.04161314669958602   intermediate pose loss : 0.03507520742567592   intermediate marker loss : 0.041045581286030655   intermediate sequence bone length loss : 0.007067791541952795   intermediate sequence bone length loss : 0.000959101985501889   
Current LR:  [1.929776715996886e-05]
Current momentum:  0.0035401332397365782
Train , Epoch 38 : : total loss : 0.09726540748903781   3d pose loss : 0.019333827441535247   3d marker loss : 0.02374202947212774   intermediate pose loss : 0.022017257336964025   intermediate marker loss : 0.024457914096498747   intermediate sequence bone length loss : 0.006581207970875878   intermediate sequence bone length loss : 0.0011331713744036761   
Valid, Epoch 38 : : total loss : 0.15884641494904808   3d pose loss : 0.0335681908793393   3d marker loss : 0.04126979321194945   intermediate pose loss : 0.035033710858811164   intermediate marker loss : 0.040955156926415645   intermediate sequence bone length loss : 0.007060486183148149   intermediate sequence bone length loss : 0.0009590773748910107   
Current LR:  [1.739357390514086e-05]
Current momentum:  0.0032344759148768207
Best Loss : 0.037418992045644375
Train , Epoch 39 : : total loss : 0.09707523084441085   3d pose loss : 0.019286737711180325   3d marker loss : 0.023695381188673186   intermediate pose loss : 0.02198057222168571   intermediate marker loss : 0.024423572257805018   intermediate sequence bone length loss : 0.0065562437255406916   intermediate sequence bone length loss : 0.001132723506335974   
Valid, Epoch 39 : : total loss : 0.15969355551462958   3d pose loss : 0.033935773635957255   3d marker loss : 0.04158722717376757   intermediate pose loss : 0.03516210076046541   intermediate marker loss : 0.04105775338374731   intermediate sequence bone length loss : 0.006995211416417918   intermediate sequence bone length loss : 0.0009554871612765942   
Current LR:  [1.567727554621844e-05]
Current momentum:  0.002955209235202887
Train , Epoch 40 : : total loss : 0.0968574412787954   3d pose loss : 0.019231475835068176   3d marker loss : 0.023632203024685567   intermediate pose loss : 0.02194520253630608   intermediate marker loss : 0.024387445568141562   intermediate sequence bone length loss : 0.006528918800248914   intermediate sequence bone length loss : 0.001132195717532958   
Valid, Epoch 40 : : total loss : 0.15888979603002865   3d pose loss : 0.03367309213700713   3d marker loss : 0.04132129980831445   intermediate pose loss : 0.0350291789173479   intermediate marker loss : 0.040923353295181576   intermediate sequence bone length loss : 0.006986803143612897   intermediate sequence bone length loss : 0.0009560675846195802   
Current LR:  [1.4130331689878675e-05]
Current momentum:  0.002700054615852973
Train , Epoch 41 : : total loss : 0.09670785630558744   3d pose loss : 0.019197871592355732   3d marker loss : 0.023597365222227426   intermediate pose loss : 0.02191452855060314   intermediate marker loss : 0.024358818606462006   intermediate sequence bone length loss : 0.006508790126880976   intermediate sequence bone length loss : 0.0011304824937847845   
Valid, Epoch 41 : : total loss : 0.15901025350453732   3d pose loss : 0.033730186394313966   3d marker loss : 0.041403612396957654   intermediate pose loss : 0.03504645705343265   intermediate marker loss : 0.04092493207805831   intermediate sequence bone length loss : 0.006950068924224034   intermediate sequence bone length loss : 0.0009549961623134561   
Current LR:  [1.2736031402736402e-05]
Current momentum:  0.0024669302064117423
Train , Epoch 42 : : total loss : 0.09653393000962189   3d pose loss : 0.01915181325863541   3d marker loss : 0.023545670389186268   intermediate pose loss : 0.02188672480909269   intermediate marker loss : 0.024331229753263385   intermediate sequence bone length loss : 0.006488888034378581   intermediate sequence bone length loss : 0.0011296036030183098   
Valid, Epoch 42 : : total loss : 0.15848195481809488   3d pose loss : 0.03360937797840766   3d marker loss : 0.04127398142291518   intermediate pose loss : 0.03492693733463212   intermediate marker loss : 0.040783729433915034   intermediate sequence bone length loss : 0.006932815635699245   intermediate sequence bone length loss : 0.0009551135518067196   
Current LR:  [1.1479312690704467e-05]
Current momentum:  0.002253933904734791
Train , Epoch 43 : : total loss : 0.09641002123186618   3d pose loss : 0.01912456052090375   3d marker loss : 0.02351509028022396   intermediate pose loss : 0.021861567647759744   intermediate marker loss : 0.02430701782398018   intermediate sequence bone length loss : 0.0064723127921123376   intermediate sequence bone length loss : 0.0011294723449226031   
Valid, Epoch 43 : : total loss : 0.15830655749564582   3d pose loss : 0.03349347925679995   3d marker loss : 0.04116366156713629   intermediate pose loss : 0.034939966578934153   intermediate marker loss : 0.040855755771881344   intermediate sequence bone length loss : 0.006900591722341913   intermediate sequence bone length loss : 0.000953103027040783   
Current LR:  [1.034659979109789e-05]
Current momentum:  0.0020593278373701603
Best Loss : 0.03732857041196812
Train , Epoch 44 : : total loss : 0.0962757570784033   3d pose loss : 0.01909267829650622   3d marker loss : 0.023482528288078345   intermediate pose loss : 0.021836954893337354   intermediate marker loss : 0.02428447892084534   intermediate sequence bone length loss : 0.006450187567949157   intermediate sequence bone length loss : 0.0011289295157271059   
Valid, Epoch 44 : : total loss : 0.15836897054565083   3d pose loss : 0.03353838686348264   3d marker loss : 0.04117173399500007   intermediate pose loss : 0.03493318669398954   intermediate marker loss : 0.04085496536982441   intermediate sequence bone length loss : 0.0069184831741607635   intermediate sequence bone length loss : 0.0009522151596992375   
Current LR:  [9.325656519822294e-06]
Current momentum:  0.0018815241799500148
Train , Epoch 45 : : total loss : 0.09614874005179715   3d pose loss : 0.019060402237637726   3d marker loss : 0.023444639438372335   intermediate pose loss : 0.021816526361407688   intermediate marker loss : 0.024263165871049337   intermediate sequence bone length loss : 0.006436275436117509   intermediate sequence bone length loss : 0.0011277306867320735   
Valid, Epoch 45 : : total loss : 0.15869874039094856   3d pose loss : 0.033679500835405767   3d marker loss : 0.04132449055513402   intermediate pose loss : 0.03500890074090029   intermediate marker loss : 0.04086483676430722   intermediate sequence bone length loss : 0.006871487475175729   intermediate sequence bone length loss : 0.0009495243732298932   
Current LR:  [8.405454089422724e-06]
Current momentum:  0.0017190722018585747
Train , Epoch 46 : : total loss : 0.0960513072686247   3d pose loss : 0.01903647798642424   3d marker loss : 0.02341988795425421   intermediate pose loss : 0.021797697608830567   intermediate marker loss : 0.024245402068589574   intermediate sequence bone length loss : 0.006424348863893775   intermediate sequence bone length loss : 0.0011274927418986566   
Valid, Epoch 46 : : total loss : 0.1582190962259934   3d pose loss : 0.03347981046028616   3d marker loss : 0.04117463313738942   intermediate pose loss : 0.03490332417151153   intermediate marker loss : 0.04083620849663916   intermediate sequence bone length loss : 0.006872469312973589   intermediate sequence bone length loss : 0.0009526525491025924   
Current LR:  [7.576051970091162e-06]
Current momentum:  0.001570646429471554
Best Loss : 0.03732722179883779
Train , Epoch 47 : : total loss : 0.09595591133391415   3d pose loss : 0.01901387158539836   3d marker loss : 0.023395364227371266   intermediate pose loss : 0.021779744940476468   intermediate marker loss : 0.0242286371872013   intermediate sequence bone length loss : 0.006411038025822721   intermediate sequence bone length loss : 0.0011272554377088162   
Valid, Epoch 47 : : total loss : 0.1587459154105429   3d pose loss : 0.033666490208336744   3d marker loss : 0.04132969671575759   intermediate pose loss : 0.03500246718674748   intermediate marker loss : 0.04094309841130134   intermediate sequence bone length loss : 0.006854209229834914   intermediate sequence bone length loss : 0.0009499541138553257   
Current LR:  [6.828490506628192e-06]
Current momentum:  0.0014350358313889448
Train , Epoch 48 : : total loss : 0.0958549438941258   3d pose loss : 0.01898694909637633   3d marker loss : 0.023363979036034443   intermediate pose loss : 0.021763862918395504   intermediate marker loss : 0.02421332434406159   intermediate sequence bone length loss : 0.006399959042656844   intermediate sequence bone length loss : 0.0011268692002358652   
Valid, Epoch 48 : : total loss : 0.15817679826591183   3d pose loss : 0.03351076153368946   3d marker loss : 0.041152501300738   intermediate pose loss : 0.03491873161437236   intermediate marker loss : 0.04079828164217158   intermediate sequence bone length loss : 0.006848343670635872   intermediate sequence bone length loss : 0.0009481795715997269   
Current LR:  [6.154694131348503e-06]
Current momentum:  0.0013111339374215641
Train , Epoch 49 : : total loss : 0.09577625635781406   3d pose loss : 0.01896997787817209   3d marker loss : 0.023346757407035724   intermediate pose loss : 0.02174799066370376   intermediate marker loss : 0.024198791788270075   intermediate sequence bone length loss : 0.006385804455796325   intermediate sequence bone length loss : 0.0011269341373491319   
Valid, Epoch 49 : : total loss : 0.15839118645484218   3d pose loss : 0.03356034714080228   3d marker loss : 0.04125005315438537   intermediate pose loss : 0.034904198973876574   intermediate marker loss : 0.04085301589205398   intermediate sequence bone length loss : 0.006874755954952203   intermediate sequence bone length loss : 0.000948815149792927   
Current momentum:  0.0011979298107105203
Finished Training
Load  /tudelft.net/staff-bulk/ewi/insy/VisionLab/students/wyang/dataset/models/model_46_BML_TEMPORAL_TRANSFORMERS_LOSS.pt
Joint Error : 0.019142843782901764 , Marker Error : 0.023405715823173523
Joint Error : 0.033479806035757065 , Marker Error : 0.04117462784051895
Joint Error : 0.028309276327490807 , Marker Error : 0.034004345536231995
