/home/nfs/weitseyang/.bashrc: line 20: dirname: command not found
/home/nfs/weitseyang/.bashrc: line 21: dirname: command not found
              total        used        free      shared  buff/cache   available
Mem:         257670       44347       66376         641      146945      211817
Swap:        262143           0      262143
Sat Jun 19 11:20:01 2021       
+-----------------------------------------------------------------------------+
| NVIDIA-SMI 465.19.01    Driver Version: 465.19.01    CUDA Version: 11.3     |
|-------------------------------+----------------------+----------------------+
| GPU  Name        Persistence-M| Bus-Id        Disp.A | Volatile Uncorr. ECC |
| Fan  Temp  Perf  Pwr:Usage/Cap|         Memory-Usage | GPU-Util  Compute M. |
|                               |                      |               MIG M. |
|===============================+======================+======================|
|   0  NVIDIA GeForce ...  On   | 00000000:08:00.0 Off |                  N/A |
| 23%   28C    P8     8W / 250W |      1MiB / 11178MiB |      0%      Default |
|                               |                      |                  N/A |
+-------------------------------+----------------------+----------------------+
|   1  NVIDIA GeForce ...  On   | 00000000:8A:00.0 Off |                  N/A |
| 23%   22C    P8     8W / 250W |      1MiB / 11178MiB |      0%      Default |
|                               |                      |                  N/A |
+-------------------------------+----------------------+----------------------+
                                                                               
+-----------------------------------------------------------------------------+
| Processes:                                                                  |
|  GPU   GI   CI        PID   Type   Process name                  GPU Memory |
|        ID   ID                                                   Usage      |
|=============================================================================|
|  No running processes found                                                 |
+-----------------------------------------------------------------------------+
BML_FOLDER: /tudelft.net/staff-bulk/ewi/insy/VisionLab/students/wyang/dataset/HDF5/BML/
DATASET:
  ANTIALIAS:
    TEST: 1
    TRAIN: 1
  BBOX:
    PARTIAL_VISUALBILITY: False
  COLOR:
    AUG: True
  DATASETPERIMG: 2000
  GEOM:
    AUG: True
    HFLIP: True
    ROT: 10
    SCALE_DOWN: 25
    SCALE_UP: 25
    SHIFT_AUG: 10
  INTERPOLATION:
    TEST: nearest
    TRAIN: nearest
  MIX_PROB: 0.2
  OCCLUSION:
    PROB: 0.0
    SCALE: 0.8
    ZERO: True
  ROATION_PROB: 0.0
  SCALING_PROB: 0.0
  TRAINING_USEDEACHFRAME: 1
  USEDEACHFRAME: 1
EVAL_WORKERS: 16
HYP:
  MARKER: 1
  POS: 1
MODEL_FOLDER: /tudelft.net/staff-bulk/ewi/insy/VisionLab/students/wyang/dataset/models/
PASCAL_PATH: /tudelft.net/staff-bulk/ewi/insy/VisionLab/students/wyang/dataset/HDF5/PASCAL/pascal.hdf5
POSTFIX: BML_TEMPORAL_TRANSFORMER
PREDICTION:
  Joints_Inside_Cylinder_Body_LIST: [['ROOT', 'Torso'], ['RHIPJ', 'Torso'], ['LHIPJ', 'Torso'], ['Spine1', 'Torso'], ['Spine2', 'Torso'], ['Spine3', 'Torso'], ['LCOL', 'Torso'], ['RCOL', 'Torso'], ['NECK', 'Torso'], ['HEAD', 'HEAD'], ['RKNE', 'RightLeg'], ['RKNI', 'RightLeg'], ['LKNE', 'LeftLeg'], ['LKNI', 'LeftLeg'], ['LANK', 'LeftShrank'], ['RANK', 'RightShrank'], ['LANI', 'LeftShrank'], ['RANI', 'RightShrank'], ['RTOE', 'RightFOOT'], ['LTOE', 'LeftFOOT'], ['RMT1', 'RightFOOT'], ['LMT1', 'LeftFOOT'], ['RMT5', 'RightFOOT'], ['LMT5', 'LeftFOOT'], ['LELB', 'LeftArm'], ['RELB', 'RightArm'], ['LELBIN', 'LeftArm'], ['RELBIN', 'RightArm'], ['LIWR', 'LeftForearm'], ['RIWR', 'RightForearm'], ['LOWR', 'LeftForearm'], ['ROWR', 'RightForearm']]
  POS_NAME: ['ROOT', 'LHIPJ', 'RHIPJ', 'Spine1', 'LKJC', 'RKJC', 'Spine2', 'LAJC', 'RAJC', 'Spine3', 'LFOOT', 'RFOOT', 'NECK', 'LCOL', 'RCOL', 'HEAD', 'LSHOULDER', 'RSHOULDER', 'LELC', 'RELC', 'LWRIST', 'RWRIST', 'LPSI', 'RPSI', 'RASI', 'LASI', 'T12', 'T10', 'T8', 'T1', 'C7', 'RKNE', 'RKNI', 'LKNE', 'LKNI', 'LANK', 'RANK', 'LANI', 'RANI', 'LHEE', 'RHEE', 'RTOE', 'LTOE', 'RMT1', 'LMT1', 'RMT5', 'LMT5', 'LSHO', 'RSHO', 'STRN', 'CLAV', 'RCLAV', 'LCLAV', 'LELB', 'RELB', 'LELBIN', 'RELBIN', 'LIWR', 'RIWR', 'LOWR', 'ROWR', 'LFHD', 'RFHD', 'LBHD', 'RBHD']
PROGRESSBAR: False
SEED: 100
STARTMODELPATH: None
TESTMODE: False
TEST_SUBJECTS: [2, 29, 19, 21, 51, 26, 7, 72, 77, 17, 65, 80, 6, 76, 10, 73, 13, 38]
TRAINING:
  AMSGRAD: False
  AWARED_OCCLUSION:
    GT: False
    USE: False
    USE_PREDICTION: False
  BATCHSIZE: 256
  CAUSAL: False
  END_LR: [5e-06]
  END_MOMENTUM: 0.001
  EPOCH: [60]
  EVALUATION_BATCHSIZE: 256
  HYP: [1, 0.1]
  IMGSIZE: (256, 256)
  INITIAL_MOMENTUM: 0.1
  LOSS2D: False
  LOSSTYPE: 2
  METRIC_SCALE:
    BBOX_SIZE: 2.2
    DEPTH: 8
    EVAL_STRIDING: 4
    STRIDING: 32
  NUMPRED: 65
  NUM_JOINTS: 22
  NUM_MARKER: 43
  RECEPTIVE_FIELD: 243
  REFINE: False
  RESNET:
    CENTER_STRIDING: True
    NEXT: True
    PRETRAINED: True
  START_LR: [0.001]
  TCN: False
  TRAINING_STEPS: 1
  USE_2D: False
  USE_GT: False
  VALID_BATCHSIZE: 256
TRAINING_SUBJECTS: [78, 59, 79, 44, 56, 88, 75, 61, 53, 47, 40, 41, 32, 70, 28, 39, 69, 11, 3, 90, 71, 54, 20, 85, 37, 34, 33, 46, 67, 63, 55, 36, 42, 50, 24, 35, 84, 45, 60, 16, 74, 82, 27, 89, 57, 5, 49, 22, 4, 66, 31, 83, 43, 48, 52, 68, 25, 9, 18, 1, 81, 58, 23, 62, 64, 8, 87]
TRANSFOMER:
  BATCHNORM: False
  DROPOUT: False
  D_CHANNEL: 512
  D_MODEL: 256
  INFEATURES: 195
  N1: 3
  N_HEADS: 8
  OUTFEATURES: 195
  STRIDES: [3, 9, 9]
VALID_SUBJECTS: [14, 86, 15, 30]
VALID_WORKERS: 16
WORKERS: 16
166025 training data, 21822 valid data, 100839 test data
Use Transformer, Receptive Field : 243
Train , Epoch 0 : : total loss : 0.3292453323755367   3d pose loss : 0.15276496423362398   3d marker loss : 0.17648036849259593   
Valid, Epoch 0 : : total loss : 0.17747528159031672   3d pose loss : 0.0841498938263222   3d marker loss : 0.09332538855063818   
Current LR:  [0.00095]
Current momentum:  0.1
Best Loss : 0.08873764118848018
Train , Epoch 1 : : total loss : 0.11088210524830186   3d pose loss : 0.05124318304782113   3d marker loss : 0.0596389221659873   
Valid, Epoch 1 : : total loss : 0.13314671822772456   3d pose loss : 0.06046429736707532   3d marker loss : 0.07268242105731015   
Current LR:  [0.0009025]
Current momentum:  0.09272847441516197
Best Loss : 0.06657335921219273
Train , Epoch 2 : : total loss : 0.08049096960436415   3d pose loss : 0.03704884967962165   3d marker loss : 0.0434421198040155   
Valid, Epoch 2 : : total loss : 0.1043019969067186   3d pose loss : 0.047036359994311605   3d marker loss : 0.057265636868704554   
Current LR:  [0.000857375]
Current momentum:  0.08598569967363347
Best Loss : 0.05215099843150808
Train , Epoch 3 : : total loss : 0.0735052409524351   3d pose loss : 0.03394754571598713   3d marker loss : 0.039557695383045044   
Valid, Epoch 3 : : total loss : 0.10720787084612857   3d pose loss : 0.049265925994158424   3d marker loss : 0.05794194463345802   
Current LR:  [0.0008145062499999999]
Current momentum:  0.07973322752256322
Train , Epoch 4 : : total loss : 0.06179156265922903   3d pose loss : 0.028333151109378646   3d marker loss : 0.03345841153260366   
Valid, Epoch 4 : : total loss : 0.10412290911114672   3d pose loss : 0.04803194829036855   3d marker loss : 0.05609096051486119   
Current LR:  [0.00040725312499999993]
Current momentum:  0.0739354054836429
Best Loss : 0.05206145440261487
Train , Epoch 5 : : total loss : 0.048618267043091266   3d pose loss : 0.02191801711824941   3d marker loss : 0.02670024996795864   
Valid, Epoch 5 : : total loss : 0.08823145190841959   3d pose loss : 0.039921118898228275   3d marker loss : 0.04831033314129859   
Current LR:  [0.0003868904687499999]
Current momentum:  0.06855917355764607
Best Loss : 0.04411572601976343
Train , Epoch 6 : : total loss : 0.04710042002944299   3d pose loss : 0.021280787882314606   3d marker loss : 0.025819632170124004   
Valid, Epoch 6 : : total loss : 0.0888700205970997   3d pose loss : 0.040173483664060136   3d marker loss : 0.04869653636490804   
Current LR:  [0.0003675459453124999]
Current momentum:  0.06357387571164833
Train , Epoch 7 : : total loss : 0.04620550776383391   3d pose loss : 0.02093096820200667   3d marker loss : 0.025274539636563002   
Valid, Epoch 7 : : total loss : 0.08992525989527926   3d pose loss : 0.040845121333059585   3d marker loss : 0.04908013891183907   
Current LR:  [0.00034916864804687486]
Current momentum:  0.05895108507400268
Train , Epoch 8 : : total loss : 0.04572510913612298   3d pose loss : 0.020742988915263133   3d marker loss : 0.02498212018924087   
Valid, Epoch 8 : : total loss : 0.08473968789925138   3d pose loss : 0.03790025205859538   3d marker loss : 0.04683943584065599   
Current LR:  [0.0003317102156445311]
Current momentum:  0.054664441840306936
Best Loss : 0.04236984394962569
Train , Epoch 9 : : total loss : 0.04455116720019299   3d pose loss : 0.020221068222006713   3d marker loss : 0.024330099018428614   
Valid, Epoch 9 : : total loss : 0.08499131424706073   3d pose loss : 0.03841643989626969   3d marker loss : 0.04657487452560074   
Current LR:  [0.00016585510782226554]
Current momentum:  0.0506895029660801
Train , Epoch 10 : : total loss : 0.04107563566117559   3d pose loss : 0.01850459271076101   3d marker loss : 0.0225710429734102   
Valid, Epoch 10 : : total loss : 0.07931334827508053   3d pose loss : 0.03564320252147301   3d marker loss : 0.043670145622500246   
Current LR:  [0.00015756235243115225]
Current momentum:  0.04700360278907436
Best Loss : 0.03965667407198663
Train , Epoch 11 : : total loss : 0.04058673600148824   3d pose loss : 0.018274151889699292   3d marker loss : 0.022312584126161203   
Valid, Epoch 11 : : total loss : 0.07904969674618148   3d pose loss : 0.03571376985398367   3d marker loss : 0.04333592697960265   
Current LR:  [0.00014968423480959462]
Current momentum:  0.043585723786471166
Best Loss : 0.039524848416793164
Train , Epoch 12 : : total loss : 0.04041744166134316   3d pose loss : 0.01820614783346285   3d marker loss : 0.022211293859499288   
Valid, Epoch 12 : : total loss : 0.07944079125444302   3d pose loss : 0.03590625742486718   3d marker loss : 0.043534534048087964   
Current LR:  [0.00014220002306911488]
Current momentum:  0.040416376730001084
Train , Epoch 13 : : total loss : 0.04045987304553022   3d pose loss : 0.01824384552633597   3d marker loss : 0.022216027481826366   
Valid, Epoch 13 : : total loss : 0.07827397300084607   3d pose loss : 0.035101705003468674   3d marker loss : 0.04317226812848467   
Current LR:  [0.00013509002191565913]
Current momentum:  0.03747748955561453
Best Loss : 0.039136986565976674
Train , Epoch 14 : : total loss : 0.04005650363655554   3d pose loss : 0.01805711482697523   3d marker loss : 0.021999388803831406   
Valid, Epoch 14 : : total loss : 0.07892367746071531   3d pose loss : 0.0354580248039154   3d marker loss : 0.04346565273327915   
Current LR:  [6.754501095782956e-05]
Current momentum:  0.03475230431402301
Train , Epoch 15 : : total loss : 0.0388539244627787   3d pose loss : 0.017465577391838585   3d marker loss : 0.021388347142801425   
Valid, Epoch 15 : : total loss : 0.0777355423879147   3d pose loss : 0.034926152701295274   3d marker loss : 0.042809389599214584   
Current LR:  [6.416776040993808e-05]
Current momentum:  0.03222528161450806
Best Loss : 0.03886777115025493
Train , Epoch 16 : : total loss : 0.038798674285687784   3d pose loss : 0.017445994148686254   3d marker loss : 0.02135268010681978   
Valid, Epoch 16 : : total loss : 0.07777713874926676   3d pose loss : 0.035047791791043066   3d marker loss : 0.04272934691452126   
Current LR:  [6.095937238944118e-05]
Current momentum:  0.029882012017122997
Train , Epoch 17 : : total loss : 0.038734244780591974   3d pose loss : 0.01741736726461691   3d marker loss : 0.021316877471421053   
Valid, Epoch 17 : : total loss : 0.07724563348480132   3d pose loss : 0.03471282502818464   3d marker loss : 0.04253280832550941   
Current LR:  [5.791140376996912e-05]
Current momentum:  0.02770913386803352
Best Loss : 0.03862281667684703
Train , Epoch 18 : : total loss : 0.03866371909662345   3d pose loss : 0.01739170914084685   3d marker loss : 0.0212720099227204   
Valid, Epoch 18 : : total loss : 0.07763934557165413   3d pose loss : 0.03496755581052436   3d marker loss : 0.04267178979390658   
Current LR:  [5.501583358147066e-05]
Current momentum:  0.02569425710948244
Train , Epoch 19 : : total loss : 0.038532474290947485   3d pose loss : 0.01733438304717434   3d marker loss : 0.0211980912466476   
Valid, Epoch 19 : : total loss : 0.07813587788317973   3d pose loss : 0.03536236224979935   3d marker loss : 0.0427735156661572   
Current LR:  [2.750791679073533e-05]
Current momentum:  0.023825892629932358
Train , Epoch 20 : : total loss : 0.03812472173300238   3d pose loss : 0.01713391647812117   3d marker loss : 0.020990805272127926   
Valid, Epoch 20 : : total loss : 0.07678039964818023   3d pose loss : 0.03452533897039445   3d marker loss : 0.04225506098370276   
Current LR:  [2.6132520951198564e-05]
Current momentum:  0.02209338675153079
Best Loss : 0.03839019997704861
Train , Epoch 21 : : total loss : 0.038082403159573855   3d pose loss : 0.017114486654553517   3d marker loss : 0.02096791646765246   
Valid, Epoch 21 : : total loss : 0.07715740851527358   3d pose loss : 0.03476311729804546   3d marker loss : 0.04239429107519525   
Current LR:  [2.4825894903638634e-05]
Current momentum:  0.02048686048133601
Train , Epoch 22 : : total loss : 0.03805303444832931   3d pose loss : 0.017105045975588352   3d marker loss : 0.020947988455494244   
Valid, Epoch 22 : : total loss : 0.07680725354276889   3d pose loss : 0.034584201296705905   3d marker loss : 0.042223052322542226   
Current LR:  [2.35846001584567e-05]
Current momentum:  0.018997153179905586
Train , Epoch 23 : : total loss : 0.037982789207433844   3d pose loss : 0.01707009741185624   3d marker loss : 0.020912691772581985   
Valid, Epoch 23 : : total loss : 0.07666310957247063   3d pose loss : 0.03453513030203483   3d marker loss : 0.04212797965283202   
Current LR:  [2.2405370150533864e-05]
Current momentum:  0.017615770326037884
Best Loss : 0.03833155497743342
Train , Epoch 24 : : total loss : 0.037974691213924945   3d pose loss : 0.017068227382238815   3d marker loss : 0.02090646383456058   
Valid, Epoch 24 : : total loss : 0.07650200827466329   3d pose loss : 0.03441900064588828   3d marker loss : 0.042083008415418656   
Current LR:  [1.1202685075266932e-05]
Current momentum:  0.01633483507981373
Best Loss : 0.038251004530653464
Train , Epoch 25 : : total loss : 0.03776982233480171   3d pose loss : 0.016970323131385225   3d marker loss : 0.020799499281026698   
Valid, Epoch 25 : : total loss : 0.07677518756587809   3d pose loss : 0.034558920831446925   3d marker loss : 0.04221626660332388   
Current LR:  [1.0642550821503585e-05]
Current momentum:  0.015147043367743973
Train , Epoch 26 : : total loss : 0.03779682797023359   3d pose loss : 0.01698257894122996   3d marker loss : 0.02081424902756641   
Valid, Epoch 26 : : total loss : 0.07671734004264988   3d pose loss : 0.03455278220310863   3d marker loss : 0.042164557664731546   
Current LR:  [1.0110423280428404e-05]
Current momentum:  0.014045622233911962
Train , Epoch 27 : : total loss : 0.03774297576006732   3d pose loss : 0.016958092514678468   3d marker loss : 0.020784883277007827   
Valid, Epoch 27 : : total loss : 0.0764816090971267   3d pose loss : 0.034445802217748706   3d marker loss : 0.04203580674827072   
Current LR:  [9.604902116406983e-06]
Current momentum:  0.01302429121962335
Best Loss : 0.03824080448300971
Train , Epoch 28 : : total loss : 0.03772075349511004   3d pose loss : 0.016948337686811515   3d marker loss : 0.020772415868662023   
Valid, Epoch 28 : : total loss : 0.07674574266377253   3d pose loss : 0.034553751872512556   3d marker loss : 0.042191990485342994   
Current LR:  [9.124657010586633e-06]
Current momentum:  0.012077226551344621
Train , Epoch 29 : : total loss : 0.03772941247249643   3d pose loss : 0.016949223903479214   3d marker loss : 0.020780188580515023   
Valid, Epoch 29 : : total loss : 0.07661140877345493   3d pose loss : 0.034495729932906526   3d marker loss : 0.042115678971655676   
Current LR:  [4.562328505293316e-06]
Current momentum:  0.01119902793272475
Train , Epoch 30 : : total loss : 0.03766392843429873   3d pose loss : 0.01691904680280268   3d marker loss : 0.020744881681798968   
Valid, Epoch 30 : : total loss : 0.07654670405569243   3d pose loss : 0.03448574123018964   3d marker loss : 0.04206096253051143   
Current LR:  [4.334212080028651e-06]
Current momentum:  0.01038468775134351
Train , Epoch 31 : : total loss : 0.037604303656858795   3d pose loss : 0.01689266454698633   3d marker loss : 0.020711639076816262   
Valid, Epoch 31 : : total loss : 0.07666542178036782   3d pose loss : 0.034530877793876445   3d marker loss : 0.04213454384445849   
Current LR:  [4.1175014760272175e-06]
Current momentum:  0.009629562524599025
Train , Epoch 32 : : total loss : 0.0376055149855897   3d pose loss : 0.01689448003674409   3d marker loss : 0.020711034964655102   
Valid, Epoch 32 : : total loss : 0.07647646975751081   3d pose loss : 0.0344349043734864   3d marker loss : 0.04204156535124759   
Current LR:  [3.911626402225856e-06]
Current momentum:  0.008929346421914829
Best Loss : 0.03823823486236699
Train , Epoch 33 : : total loss : 0.03762182263933398   3d pose loss : 0.016900193433415284   3d marker loss : 0.020721629198732567   
Valid, Epoch 33 : : total loss : 0.07660618779770931   3d pose loss : 0.03449449999371105   3d marker loss : 0.042111687803998266   
Current LR:  [3.7160450821145633e-06]
Current momentum:  0.008280046712286472
Train , Epoch 34 : : total loss : 0.03761300262937575   3d pose loss : 0.016897548096438432   3d marker loss : 0.02071545455593294   
Valid, Epoch 34 : : total loss : 0.07659810313316655   3d pose loss : 0.0345118970768708   3d marker loss : 0.04208620602351893   
Current LR:  [1.8580225410572816e-06]
Current momentum:  0.007677960997166023
Train , Epoch 35 : : total loss : 0.03757521590033983   3d pose loss : 0.016880419766415418   3d marker loss : 0.020694796182790104   
Valid, Epoch 35 : : total loss : 0.07662378709198912   3d pose loss : 0.034522910514046996   3d marker loss : 0.042100876272025155   
Current LR:  [1.7651214140044175e-06]
Current momentum:  0.007119656098863209
Train , Epoch 36 : : total loss : 0.03758758040903895   3d pose loss : 0.016885714547961582   3d marker loss : 0.02070186586107737   
Valid, Epoch 36 : : total loss : 0.07660033936439803   3d pose loss : 0.03451921120210874   3d marker loss : 0.04208112811858686   
Current LR:  [1.6768653433041966e-06]
Current momentum:  0.006601948484081889
Train , Epoch 37 : : total loss : 0.03755831117109384   3d pose loss : 0.01687226935295549   3d marker loss : 0.020686041782207697   
Valid, Epoch 37 : : total loss : 0.07651338834240766   3d pose loss : 0.03445410400686403   3d marker loss : 0.042059284630535   
Current LR:  [1.5930220761389867e-06]
Current momentum:  0.006121886110964047
Train , Epoch 38 : : total loss : 0.037563629603634276   3d pose loss : 0.016874755877874976   3d marker loss : 0.020688873747317694   
Valid, Epoch 38 : : total loss : 0.076577205442069   3d pose loss : 0.034487680208452484   3d marker loss : 0.04208952462178257   
Current LR:  [1.5133709723320373e-06]
Current momentum:  0.005676731596130649
Train , Epoch 39 : : total loss : 0.03758951183408499   3d pose loss : 0.016885667938716067   3d marker loss : 0.02070384389249447   
Valid, Epoch 39 : : total loss : 0.0765332595509489   3d pose loss : 0.034470580957318496   3d marker loss : 0.0420626791180595   
Current LR:  [7.566854861660186e-07]
Current momentum:  0.005263946605735424
Train , Epoch 40 : : total loss : 0.03754814573920068   3d pose loss : 0.01686513172117648   3d marker loss : 0.02068301397778186   
Valid, Epoch 40 : : total loss : 0.07657230050040913   3d pose loss : 0.03449836961399918   3d marker loss : 0.0420739307990051   
Current LR:  [7.188512118577177e-07]
Current momentum:  0.004881177381527161
Train , Epoch 41 : : total loss : 0.03756396578808809   3d pose loss : 0.016873759936173387   3d marker loss : 0.020690205851914705   
Valid, Epoch 41 : : total loss : 0.07653029571804508   3d pose loss : 0.03447642089050813   3d marker loss : 0.04205387468550407   
Current LR:  [6.829086512648317e-07]
Current momentum:  0.004526241319388086
Train , Epoch 42 : : total loss : 0.037568519104640055   3d pose loss : 0.016874394301945966   3d marker loss : 0.02069412486018314   
Valid, Epoch 42 : : total loss : 0.0765415765594337   3d pose loss : 0.03447535981748251   3d marker loss : 0.04206621696046332   
Current LR:  [6.487632187015901e-07]
Current momentum:  0.00419711452381727
Train , Epoch 43 : : total loss : 0.037545098865657676   3d pose loss : 0.01686703302771037   3d marker loss : 0.02067806580345388   
Valid, Epoch 43 : : total loss : 0.07646062290861871   3d pose loss : 0.03443464954464674   3d marker loss : 0.04202597350600484   
Current LR:  [6.163250577665106e-07]
Current momentum:  0.0038919202673929434
Best Loss : 0.03823031152532579
Train , Epoch 44 : : total loss : 0.037550758202502754   3d pose loss : 0.016868446834304912   3d marker loss : 0.02068231132076938   
Valid, Epoch 44 : : total loss : 0.07648343083270912   3d pose loss : 0.03444593154414963   3d marker loss : 0.04203749924485706   
Current LR:  [3.081625288832553e-07]
Current momentum:  0.0036089182894079685
Train , Epoch 45 : : total loss : 0.037540506623271436   3d pose loss : 0.016863901938461226   3d marker loss : 0.020676604638818975   
Valid, Epoch 45 : : total loss : 0.07644156930689391   3d pose loss : 0.034423607547935865   3d marker loss : 0.04201796211950305   
Current LR:  [2.927544024390925e-07]
Current momentum:  0.0033464948726577683
Best Loss : 0.03822078483371946
Train , Epoch 46 : : total loss : 0.03753951801286067   3d pose loss : 0.016862560496205624   3d marker loss : 0.02067695739161637   
Valid, Epoch 46 : : total loss : 0.0764962194733108   3d pose loss : 0.03445229585181016   3d marker loss : 0.042043922922261834   
Current LR:  [2.7811668231713786e-07]
Current momentum:  0.0031031536417971683
Train , Epoch 47 : : total loss : 0.037553763224018946   3d pose loss : 0.016866600355075926   3d marker loss : 0.02068716285313353   
Valid, Epoch 47 : : total loss : 0.07648964529568023   3d pose loss : 0.03445470858621025   3d marker loss : 0.04203493679687483   
Current LR:  [2.6421084820128093e-07]
Current momentum:  0.0028775070307970538
Train , Epoch 48 : : total loss : 0.03755395627224151   3d pose loss : 0.01686862520844802   3d marker loss : 0.020685331111221953   
Valid, Epoch 48 : : total loss : 0.07651292516225724   3d pose loss : 0.03445875582407883   3d marker loss : 0.04205416938188085   
Current LR:  [2.5100030579121687e-07]
Current momentum:  0.002668268370847132
Train , Epoch 49 : : total loss : 0.03753760543847342   3d pose loss : 0.016861339908863567   3d marker loss : 0.02067626551092591   
Valid, Epoch 49 : : total loss : 0.07648038038159911   3d pose loss : 0.03444960252599093   3d marker loss : 0.042030777943013034   
Current LR:  [1.2550015289560843e-07]
Current momentum:  0.002474244553588842
Train , Epoch 50 : : total loss : 0.03753268840021373   3d pose loss : 0.01685794030983047   3d marker loss : 0.02067474808463436   
Valid, Epoch 50 : : total loss : 0.07649482779144072   3d pose loss : 0.03445429681103713   3d marker loss : 0.0420405313627998   
Current LR:  [1.19225145250828e-07]
Current momentum:  0.002294329227843167
Train , Epoch 51 : : total loss : 0.03753842025374373   3d pose loss : 0.016860329853600742   3d marker loss : 0.020678090474878747   
Valid, Epoch 51 : : total loss : 0.07650220159233988   3d pose loss : 0.034460574719003614   3d marker loss : 0.04204162678593141   
Current LR:  [1.132638879882866e-07]
Current momentum:  0.0021274964910401343
Train , Epoch 52 : : total loss : 0.03751610876003533   3d pose loss : 0.016850602328719825   3d marker loss : 0.020665506449999448   
Valid, Epoch 52 : : total loss : 0.07647834349897886   3d pose loss : 0.03445077991302045   3d marker loss : 0.04202756358595841   
Current LR:  [1.0760069358887226e-07]
Current momentum:  0.00197279503937762
Train , Epoch 53 : : total loss : 0.03753478607783715   3d pose loss : 0.016859317823589123   3d marker loss : 0.020675468295927583   
Valid, Epoch 53 : : total loss : 0.07647969770601958   3d pose loss : 0.03444590970386278   3d marker loss : 0.04203378796937999   
Current LR:  [1.0222065890942864e-07]
Current momentum:  0.00182934274335286
Train , Epoch 54 : : total loss : 0.03751916875257904   3d pose loss : 0.01685399438518985   3d marker loss : 0.02066517429265343   
Valid, Epoch 54 : : total loss : 0.07650524583770553   3d pose loss : 0.03445760358779484   3d marker loss : 0.042047642348241154   
Current LR:  [5.111032945471432e-08]
Current momentum:  0.0016963216177355784
Train , Epoch 55 : : total loss : 0.03751934378373402   3d pose loss : 0.016853755158889625   3d marker loss : 0.020665588584602063   
Valid, Epoch 55 : : total loss : 0.07649891200156077   3d pose loss : 0.0344560874086418   3d marker loss : 0.04204282447273731   
Current LR:  [4.8554812981978603e-08]
Current momentum:  0.0015729731573007973
Train , Epoch 56 : : total loss : 0.03750075021022816   3d pose loss : 0.016843945555457915   3d marker loss : 0.02065680467489141   
Valid, Epoch 56 : : total loss : 0.07650084801898432   3d pose loss : 0.03445652476065909   3d marker loss : 0.042044323662572665   
Current LR:  [4.612707233287967e-08]
Current momentum:  0.001458594011725035
Train , Epoch 57 : : total loss : 0.037536531071650024   3d pose loss : 0.016860964798575476   3d marker loss : 0.020675566288884038   
Valid, Epoch 57 : : total loss : 0.0764966605400342   3d pose loss : 0.03445565096344982   3d marker loss : 0.04204100931436984   
Current LR:  [4.382071871623568e-08]
Current momentum:  0.0013525319749835335
Train , Epoch 58 : : total loss : 0.03754412872072907   3d pose loss : 0.016863860907090574   3d marker loss : 0.020680267806452365   
Valid, Epoch 58 : : total loss : 0.07648966360699627   3d pose loss : 0.0344518666284439   3d marker loss : 0.0420377968583707   
Current LR:  [4.16296827804239e-08]
Current momentum:  0.0012541822663794918
srun: Job step aborted: Waiting up to 32 seconds for job step to finish.
slurmstepd: error: *** JOB 6517767 ON insy11 CANCELLED AT 2021-06-19T21:50:07 DUE TO TIME LIMIT ***
slurmstepd: error: *** STEP 6517767.0 ON insy11 CANCELLED AT 2021-06-19T21:50:07 DUE TO TIME LIMIT ***
