/home/nfs/weitseyang/.bashrc: line 20: dirname: command not found
/home/nfs/weitseyang/.bashrc: line 21: dirname: command not found
              total        used        free      shared  buff/cache   available
Mem:         772433      126452      478679         279      167301      643860
Swap:          4090          10        4080
Mon May 24 17:41:11 2021       
+-----------------------------------------------------------------------------+
| NVIDIA-SMI 460.32.03    Driver Version: 460.32.03    CUDA Version: 11.2     |
|-------------------------------+----------------------+----------------------+
| GPU  Name        Persistence-M| Bus-Id        Disp.A | Volatile Uncorr. ECC |
| Fan  Temp  Perf  Pwr:Usage/Cap|         Memory-Usage | GPU-Util  Compute M. |
|                               |                      |               MIG M. |
|===============================+======================+======================|
|   0  GeForce RTX 208...  On   | 00000000:D9:00.0 Off |                  N/A |
| 30%   27C    P8    28W / 250W |      1MiB / 11019MiB |      0%      Default |
|                               |                      |                  N/A |
+-------------------------------+----------------------+----------------------+
                                                                               
+-----------------------------------------------------------------------------+
| Processes:                                                                  |
|  GPU   GI   CI        PID   Type   Process name                  GPU Memory |
|        ID   ID                                                   Usage      |
|=============================================================================|
|  No running processes found                                                 |
+-----------------------------------------------------------------------------+
BML_FOLDER: /tudelft.net/staff-bulk/ewi/insy/VisionLab/students/wyang/dataset/HDF5/BML/
DATASET:
  ANTIALIAS:
    TEST: 4
    TRAIN: 1
  BBOX:
    PARTIAL_VISUALBILITY: False
  COLOR:
    AUG: True
  DATASETPERIMG: 2000
  GEOM:
    AUG: True
    HFLIP: False
    ROT: 20
    SCALE_DOWN: 25
    SCALE_UP: 25
    SHIFT_AUG: 10
  INTERPOLATION:
    TEST: linear
    TRAIN: nearest
  OCCLUSION:
    PROB: 0.7
    SCALE: 0.8
  TRAINING_USEDEACHFRAME: 1
  USEDEACHFRAME: 1
EVAL_WORKERS: 16
HYP:
  ANGLE: 0.04
  BODY: 0.4
  INTERMEDIATE_MARKER: 1.2
  INTERMEDIATE_POS: 1
  MARKER: 1.2
  POS: 1
  SY_BODY: 0.05
LOSS:
  ANGLE:
    MASKMINVALUE: 0.5
    USE: True
    USEMASK: True
  BODY:
    EVAL_TYPE: 1
    TYPE: 1
    USE: True
  POS:
    TYPE: 1
  SY_BODY:
    EVAL_TYPE: 1
    TYPE: 1
    USE: False
MODEL_FOLDER: /tudelft.net/staff-bulk/ewi/insy/VisionLab/students/wyang/dataset/models/
NUM_JOINTS: 50
PASCAL_PATH: /tudelft.net/staff-bulk/ewi/insy/VisionLab/students/wyang/dataset/HDF5/PASCAL/pascal.hdf5
PCA_PATH: /tudelft.net/staff-bulk/ewi/insy/VisionLab/students/wyang/dataset/HDF5/BML/pca.pkl
POSTFIX: OS_PCA
PREDICTION:
  BODY: ['pelvis', 'lumbar5', 'lumbar4', 'lumbar3', 'lumbar2', 'lumbar1', 'thoracic12', 'thoracic11', 'thoracic10', 'thoracic9', 'thoracic8', 'thoracic7', 'thoracic6', 'thoracic5', 'thoracic4', 'thoracic3', 'thoracic2', 'thoracic1', 'head_neck', 'femur_r', 'tibia_r', 'talus_r', 'calcn_r', 'toes_r', 'femur_l', 'tibia_l', 'talus_l', 'calcn_l', 'toes_l', 'cerv6', 'cerv5', 'cerv4', 'cerv3', 'cerv2', 'cerv1', 'jaw', 'skull', 'thorax', 'clavicle', 'scapula', 'humerus', 'ulna', 'radius', 'clavicle_l', 'scapula_l', 'humerus_l', 'ulna_l', 'radius_l']
  COORDINATES: ['L5_S1_FE', 'L5_S1_LB', 'L5_S1_AR', 'L4_L5_FE', 'L4_L5_LB', 'L4_L5_AR', 'T12_L1_FE', 'T12_L1_LB', 'T12_L1_AR', 'T11_T12_FE', 'T11_T12_LB', 'T11_T12_AR', 'T10_T11_FE', 'T10_T11_LB', 'T10_T11_AR', 'T9_T10_FE', 'T9_T10_LB', 'T9_T10_AR', 'T8_T9_FE', 'T8_T9_LB', 'T8_T9_AR', 'T1_T2_FE', 'T1_T2_LB', 'T1_T2_AR', 'T1_head_neck_FE', 'T1_head_neck_LB', 'T1_head_neck_AR', 'hip_flexion_r', 'hip_adduction_r', 'hip_rotation_r', 'knee_angle_r', 'knee_angle_y_r', 'knee_angle_x_r', 'ankle_angle_r', 'subtalar_angle_r', 'mtp_angle_r', 'hip_flexion_l', 'hip_adduction_l', 'hip_rotation_l', 'knee_angle_l', 'knee_angle_y_l', 'knee_angle_x_l', 'ankle_angle_l', 'subtalar_angle_l', 'mtp_angle_l', 'skull_z', 'skull_y', 'skull_x', 'sternoclavicular_r2', 'sternoclavicular_r3', 'acromioclavicular_r2', 'elv_angle', 'shoulder_elv', 'shoulder1_r2', 'shoulder_rot', 'elbow_flexion', 'elbow_x', 'pro_sup', 'sternoclavicular_r2_l', 'sternoclavicular_r3_l', 'acromioclavicular_r2_l', 'elv_angle_l', 'shoulder_elv_l', 'shoulder1_r2_l', 'shoulder_rot_l', 'elbow_flexion_l', 'elbow_x_l', 'pro_sup_l', 'ribs_bending']
  JOINTS: ['ground_pelvis', 'L5_S1_IVDjnt', 'L4_L5_IVDjnt', 'L3_L4_IVDjnt', 'L2_L3_IVDjnt', 'L1_L2_IVDjnt', 'T12_L1_IVDjnt', 'T11_T12_IVDjnt', 'T10_T11_IVDjnt', 'T9_T10_IVDjnt', 'T8_T9_IVDjnt', 'T7_T8_IVDjnt', 'T6_T7_IVDjnt', 'T5_T6_IVDjnt', 'T4_T5_IVDjnt', 'T3_T4_IVDjnt', 'T2_T3_IVDjnt', 'T1_T2_IVDjnt', 'T1_head_neck', 'hip_r', 'knee_r', 'ankle_r', 'subtalar_r', 'mtp_r', 'hip_l', 'knee_l', 'ankle_l', 'subtalar_l', 'mtp_l', 'C7_cerv6', 'C7_cerv5', 'C7_cerv4', 'C7_cerv3', 'C7_cerv2', 'C7_cerv1', 'skull_jaw', 'C7_skull', 'sternoclavicular', 'acromioclavicular', 'shoulder2', 'elbow', 'radioulnar', 'sternoclavicular_l', 'acromioclavicular_l', 'shoulder2_l', 'elbow_l', 'radioulnar_l', 'T1_rib']
  LEAFJOINTS: ['radiocarpal', 'radiocarpal_l']
  MARKER: ['ROOT', 'LHIPJ', 'RHIPJ', 'Spine1', 'LKJC', 'RKJC', 'Spine2', 'LAJC', 'RAJC', 'Spine3', 'LFOOT', 'RFOOT', 'NECK', 'LCOL', 'RCOL', 'HEAD', 'LSHOULDER', 'RSHOULDER', 'LELC', 'RELC', 'LWRIST', 'RWRIST', 'LPSI', 'RPSI', 'RASI', 'LASI', 'T12', 'T10', 'T8', 'T1', 'C7', 'RKNE', 'RKNI', 'LKNE', 'LKNI', 'LANK', 'RANK', 'LANI', 'RANI', 'LHEE', 'RHEE', 'RTOE', 'LTOE', 'RMT1', 'LMT1', 'RMT5', 'LMT5', 'LSHO', 'RSHO', 'STRN', 'CLAV', 'RCLAV', 'LCLAV', 'LELB', 'RELB', 'LELBIN', 'RELBIN', 'LIWR', 'RIWR', 'LOWR', 'ROWR', 'LFHD', 'RFHD', 'LBHD', 'RBHD']
  MIRROR_BONES: [0, 1, 2, 3, 4, 5, 6, 7, 8, 9, 10, 11, 12, 13, 14, 15, 16, 17, 18, 24, 25, 26, 27, 28, 19, 20, 21, 22, 23, 29, 30, 31, 32, 33, 34, 35, 36, 37, 43, 44, 45, 46, 47, 38, 39, 40, 41, 42]
PROGRESSBAR: False
SEED: 100
STARTMODELPATH: None
TESTMODE: False
TRAINING:
  BATCHSIZE: 64
  CONV_CHANNEL_SIZE: [2048]
  CONV_LAYER: 1
  COORDINATE_MAX_WEIGHT: 4
  END_LR: [3.33e-05, 1e-06]
  EPOCH: [28, 2]
  EVALUATION_BATCHSIZE: 16
  FULLCONV: True
  IMGSIZE: (256, 256)
  INTERMEDIATE_POSE_ESTIMATION: False
  MARKER_MAX_WEIGHT: [0.5, 1.0, 2.0]
  MARKER_PREDICTION: True
  MARKER_WEIGHT: [1.0, 1.0, 1.0, 0.5, 1.0, 1.0, 0.5, 1.0, 1.0, 0.5, 1.0, 1.0, 1.0, 0.5, 0.5, 1.0, 0.5, 0.5, 1.0, 1.0, 1.0, 1.0, 2.0, 2.0, 2.0, 2.0, 2.0, 2.0, 2.0, 2.0, 2.0, 2.0, 2.0, 2.0, 2.0, 2.0, 2.0, 2.0, 2.0, 2.0, 2.0, 1.0, 1.0, 1.0, 1.0, 1.0, 1.0, 2.0, 2.0, 2.0, 2.0, 1.0, 1.0, 2.0, 2.0, 2.0, 2.0, 2.0, 2.0, 2.0, 2.0, 1.0, 1.0, 1.0, 1.0]
  METIRC_CONV_CHANNEL_SIZE: [345, 512, 512]
  METIRC_CONV_LAYER: 3
  METRIC_SCALE:
    BBOX_SIZE: 2.2
    DEPTH: 8
    EVAL_STRIDING: 4
    STRIDING: 32
  NUM_PRED: 115
  PCA: True
  PCA_COMPONENTS: 30
  RESNET:
    CENTER_STRIDING: True
    NEXT: True
    PRETRAINED: True
  START_LR: [0.0001, 3.33e-06]
  TRAINING_STEPS: 2
  VALID_BATCHSIZE: 64
VALID_WORKERS: 1
WORKERS: 16
55869 training data, 4420 valid data, 21879 test data
layer3 uses center striding.
Use ResNet50 Next with center striding and Petrained model
Image size : (256, 256)
Training with lr from 0.0001 to 3.33e-05 in 28 epochs.
LR decay rate : 0.9600917755170629
Train , Epoch 0 : : total loss : 1.3617506485876687   3d pose loss : 0.22246438121303505   3d marker loss : 0.47663627674273396   angle loss : 0.5898728129377059   bone scale loss : 0.0727771789587419   
Valid, Epoch 0 : : total loss : 0.5480362413156087   3d pose loss : 0.07849838861782626   3d marker loss : 0.12742353920483482   angle loss : 0.2760249794068919   bone scale loss : 0.06608933082937656   
Current LR:  [9.60091775517063e-05]
Best Loss: 0.12742353920483482
Train , Epoch 1 : : total loss : 0.9057524064812091   3d pose loss : 0.13433634074524456   3d marker loss : 0.2992704366632831   angle loss : 0.4178862769259225   bone scale loss : 0.05425935396241075   
Valid, Epoch 1 : : total loss : 0.4843974917183095   3d pose loss : 0.07504719458014716   3d marker loss : 0.11926484515224646   angle loss : 0.23292789612959952   bone scale loss : 0.05715755901185635   
Current LR:  [9.217762174155064e-05]
Best Loss: 0.11926484515224646
Train , Epoch 2 : : total loss : 0.8122630827470657   3d pose loss : 0.1217068640788624   3d marker loss : 0.27168766797067373   angle loss : 0.3680127744622734   bone scale loss : 0.0508557752270354   
Valid, Epoch 2 : : total loss : 0.6512793625641732   3d pose loss : 0.13926683141095605   3d marker loss : 0.20611021143818334   angle loss : 0.23818029861104975   bone scale loss : 0.06772202036229734   
Current LR:  [8.849897652078557e-05]
Train , Epoch 3 : : total loss : 0.7797297699325675   3d pose loss : 0.1207887340302861   3d marker loss : 0.2674269194654915   angle loss : 0.3433502009565677   bone scale loss : 0.04816391744967037   
Valid, Epoch 3 : : total loss : 1.1089818437714383   3d pose loss : 0.30576918858748214   3d marker loss : 0.41665922888803264   angle loss : 0.2942687280037824   bone scale loss : 0.09228469992385191   
Current LR:  [8.496713949928388e-05]
Train , Epoch 4 : : total loss : 0.7343926115320363   3d pose loss : 0.11145013542589519   3d marker loss : 0.2492932106171726   angle loss : 0.32781653246338216   bone scale loss : 0.04583273258128571   
Valid, Epoch 4 : : total loss : 0.3782891593098101   3d pose loss : 0.05492055131569168   3d marker loss : 0.09001243596567828   angle loss : 0.18431430457674   bone scale loss : 0.04904186664595863   
Current LR:  [8.157625182247343e-05]
Best Loss: 0.09001243596567828
Train , Epoch 5 : : total loss : 0.6610212683540966   3d pose loss : 0.09440647882469204   3d marker loss : 0.21625527760031027   angle loss : 0.3092609820289349   bone scale loss : 0.04109853043844667   
Valid, Epoch 5 : : total loss : 0.371862162966534   3d pose loss : 0.05574268488322987   3d marker loss : 0.0898302305540348   angle loss : 0.17892746132423434   bone scale loss : 0.047361787438932046   
Current LR:  [7.832068845226556e-05]
Best Loss: 0.0898302305540348
Train , Epoch 6 : : total loss : 0.6228502042796633   3d pose loss : 0.08704652234809387   3d marker loss : 0.20075613015903793   angle loss : 0.2961957139569685   bone scale loss : 0.03885183878533474   
Valid, Epoch 6 : : total loss : 0.35035304494572983   3d pose loss : 0.04907911738793774   3d marker loss : 0.08038260251013941   angle loss : 0.17214318001432116   bone scale loss : 0.04874814390731613   
Current LR:  [7.519504883585436e-05]
Best Loss: 0.08038260251013941
Train , Epoch 7 : : total loss : 0.6013698698183813   3d pose loss : 0.08344044860178998   3d marker loss : 0.19278829163709366   angle loss : 0.2877421384557671   bone scale loss : 0.03739899149967717   
Valid, Epoch 7 : : total loss : 0.35031485169182   3d pose loss : 0.04900183240752414   3d marker loss : 0.07879874010768412   angle loss : 0.1707097022242136   bone scale loss : 0.05180457699622504   
Current LR:  [7.219414794690768e-05]
Best Loss: 0.07879874010768412
Train , Epoch 8 : : total loss : 0.582435652374401   3d pose loss : 0.08083375616836438   3d marker loss : 0.18632069573558252   angle loss : 0.27941103488070157   bone scale loss : 0.035870166142992335   
Valid, Epoch 8 : : total loss : 0.34924499505785256   3d pose loss : 0.049590151723288844   3d marker loss : 0.07881510302896413   angle loss : 0.16940336340692788   bone scale loss : 0.05143637965639792   
Current LR:  [6.931300768428811e-05]
Train , Epoch 9 : : total loss : 0.5633543071533562   3d pose loss : 0.07764060623995071   3d marker loss : 0.17983340253250316   angle loss : 0.27169457083106585   bone scale loss : 0.034185729491515854   
Valid, Epoch 9 : : total loss : 0.3441809850580552   3d pose loss : 0.04899600029531108   3d marker loss : 0.07860524271745488   angle loss : 0.16674940081743095   bone scale loss : 0.04983034159870169   
Current LR:  [6.6546848614036e-05]
Best Loss: 0.07860524271745488
Train , Epoch 10 : : total loss : 0.5483346375713655   3d pose loss : 0.07524182509049909   3d marker loss : 0.1746985674963905   angle loss : 0.2652339137783018   bone scale loss : 0.0331603326651037   
Valid, Epoch 10 : : total loss : 0.3391552452048565   3d pose loss : 0.049289566500963666   3d marker loss : 0.07845990567455464   angle loss : 0.1634273878859179   bone scale loss : 0.04797838622560868   
Current LR:  [6.389108204091502e-05]
Best Loss: 0.07845990567455464
Train , Epoch 11 : : total loss : 0.5296625153187218   3d pose loss : 0.0729091306678404   3d marker loss : 0.16826593154750832   angle loss : 0.2570592327846573   bone scale loss : 0.03142821964799264   
Valid, Epoch 11 : : total loss : 0.3313133650775409   3d pose loss : 0.04751444524027643   3d marker loss : 0.07443506969855382   angle loss : 0.16098007942756376   bone scale loss : 0.04838376725893215   
Current LR:  [6.134130239636844e-05]
Best Loss: 0.07443506969855382
Train , Epoch 12 : : total loss : 0.5188638041940851   3d pose loss : 0.07061314575134887   3d marker loss : 0.16380227594679103   angle loss : 0.25372334810640285   bone scale loss : 0.030725034780441484   
Valid, Epoch 12 : : total loss : 0.32668969938657944   3d pose loss : 0.04490613715209033   3d marker loss : 0.07135877891768158   angle loss : 0.1591115234529271   bone scale loss : 0.05131326100338099   
Current LR:  [5.8893279930258444e-05]
Best Loss: 0.07135877891768158
Train , Epoch 13 : : total loss : 0.4996823670188768   3d pose loss : 0.06700665618233177   3d marker loss : 0.15643721382313092   angle loss : 0.24698637634379053   bone scale loss : 0.029252120120655915   
Valid, Epoch 13 : : total loss : 0.3301261555015771   3d pose loss : 0.0447764574672302   3d marker loss : 0.07143021474057193   angle loss : 0.1600957784852291   bone scale loss : 0.05382370786968939   
Current LR:  [5.654295369426524e-05]
Train , Epoch 14 : : total loss : 0.4895740186607619   3d pose loss : 0.06549602526094798   3d marker loss : 0.1527506065204603   angle loss : 0.24268063644818758   bone scale loss : 0.028646750593506687   
Valid, Epoch 14 : : total loss : 0.3323656746704654   3d pose loss : 0.0488196734052438   3d marker loss : 0.07683117458453545   angle loss : 0.1584370152578095   bone scale loss : 0.04827780990410444   
Current LR:  [5.428642480530619e-05]
Train , Epoch 15 : : total loss : 0.4781581143925496   3d pose loss : 0.06350408481656138   3d marker loss : 0.1484505846036957   angle loss : 0.23848215341909762   bone scale loss : 0.027721291813794353   
Valid, Epoch 15 : : total loss : 0.3145222459443554   3d pose loss : 0.04136028016719343   3d marker loss : 0.06670798372426723   angle loss : 0.15687366156286783   bone scale loss : 0.04958031989836315   
Current LR:  [5.211994997779994e-05]
Best Loss: 0.06670798372426723
Train , Epoch 16 : : total loss : 0.4767218526418603   3d pose loss : 0.06394155910067739   3d marker loss : 0.14939442994671132   angle loss : 0.2362042039872036   bone scale loss : 0.027181660023799868   
Valid, Epoch 16 : : total loss : 0.32420264590379877   3d pose loss : 0.045771898679873524   3d marker loss : 0.0704215587871107   angle loss : 0.15696678417840154   bone scale loss : 0.05104240745440867   
Current LR:  [5.0039935314046455e-05]
Train , Epoch 17 : : total loss : 0.4627232693409154   3d pose loss : 0.061079412912351826   3d marker loss : 0.14385308043330636   angle loss : 0.23142679254396245   bone scale loss : 0.026363983961813355   
Valid, Epoch 17 : : total loss : 0.3206860081103053   3d pose loss : 0.04375293228893259   3d marker loss : 0.06917840995872182   angle loss : 0.1542485976515852   bone scale loss : 0.05350606919885761   
Current LR:  [4.804293034242184e-05]
Train , Epoch 18 : : total loss : 0.4544226970489419   3d pose loss : 0.05965736412246703   3d marker loss : 0.14095508589178596   angle loss : 0.22808873735436605   bone scale loss : 0.025721510942734845   
Valid, Epoch 18 : : total loss : 0.3119530724993658   3d pose loss : 0.04120399492426156   3d marker loss : 0.06586262659586932   angle loss : 0.1538358319399044   bone scale loss : 0.051050617468303146   
Current LR:  [4.612562229349836e-05]
Best Loss: 0.06586262659586932
Train , Epoch 19 : : total loss : 0.4448307899912016   3d pose loss : 0.05821349227442107   3d marker loss : 0.13783534484650564   angle loss : 0.22399401748467476   bone scale loss : 0.024787936000785698   
Valid, Epoch 19 : : total loss : 0.3330716717297135   3d pose loss : 0.04608662997064817   3d marker loss : 0.07255359096494735   angle loss : 0.15799058550353504   bone scale loss : 0.05644086206593125   
Current LR:  [4.428483060459426e-05]
Train , Epoch 20 : : total loss : 0.4424658234171364   3d pose loss : 0.05760217638293264   3d marker loss : 0.13652268938139217   angle loss : 0.22352265696459955   bone scale loss : 0.024818301461466134   
Valid, Epoch 20 : : total loss : 0.3211005844681511   3d pose loss : 0.04351183094792237   3d marker loss : 0.0669630994523003   angle loss : 0.15474149979886964   bone scale loss : 0.05588415604573569   
Current LR:  [4.251750164363727e-05]
Train , Epoch 21 : : total loss : 0.4311918111159167   3d pose loss : 0.05576007301415052   3d marker loss : 0.13289093458597814   angle loss : 0.21854527040017308   bone scale loss : 0.023995534140924247   
Valid, Epoch 21 : : total loss : 0.31388444274798777   3d pose loss : 0.041644672955053426   3d marker loss : 0.06541518744974655   angle loss : 0.15331827290187594   bone scale loss : 0.05350630961324834   
Current LR:  [4.0820703643589344e-05]
Best Loss: 0.06541518744974655
Train , Epoch 22 : : total loss : 0.4222574185819254   3d pose loss : 0.0545495758388499   3d marker loss : 0.1300294362862996   angle loss : 0.21449912382170147   bone scale loss : 0.023179282203590106   
Valid, Epoch 22 : : total loss : 0.320091968046594   3d pose loss : 0.04226429854178321   3d marker loss : 0.06716448242578031   angle loss : 0.15710692417837377   bone scale loss : 0.05355626254329854   
Current LR:  [3.919162183902953e-05]
Train , Epoch 23 : : total loss : 0.4175179144453018   3d pose loss : 0.05392248821316646   3d marker loss : 0.12866130059397002   angle loss : 0.21204616918886474   bone scale loss : 0.022887956647954268   
Valid, Epoch 23 : : total loss : 0.392566029006   3d pose loss : 0.06796102007994285   3d marker loss : 0.10185586196534774   angle loss : 0.16760897804978747   bone scale loss : 0.05514016932559229   
Current LR:  [3.762755379682716e-05]
Train , Epoch 24 : : total loss : 0.41062532211525726   3d pose loss : 0.05291899124057878   3d marker loss : 0.1266039261218468   angle loss : 0.20894404497305188   bone scale loss : 0.02215836056798628   
Valid, Epoch 24 : : total loss : 0.34892323640137235   3d pose loss : 0.05432563022925303   3d marker loss : 0.08202038399908877   angle loss : 0.15879994046903842   bone scale loss : 0.053777284192014066   
Current LR:  [3.612590493315959e-05]
slurmstepd: error: *** JOB 6456309 ON insy16 CANCELLED AT 2021-05-25T13:41:26 DUE TO TIME LIMIT ***
slurmstepd: error: *** STEP 6456309.0 ON insy16 CANCELLED AT 2021-05-25T13:41:26 DUE TO TIME LIMIT ***
srun: Job step aborted: Waiting up to 32 seconds for job step to finish.
