/home/nfs/weitseyang/.bashrc: line 20: dirname: command not found
/home/nfs/weitseyang/.bashrc: line 21: dirname: command not found
              total        used        free      shared  buff/cache   available
Mem:         385423       36727      337061         171       11635      347413
Swap:         11969           0       11969
Mon Aug  2 06:58:36 2021       
+-----------------------------------------------------------------------------+
| NVIDIA-SMI 470.57.02    Driver Version: 470.57.02    CUDA Version: 11.4     |
|-------------------------------+----------------------+----------------------+
| GPU  Name        Persistence-M| Bus-Id        Disp.A | Volatile Uncorr. ECC |
| Fan  Temp  Perf  Pwr:Usage/Cap|         Memory-Usage | GPU-Util  Compute M. |
|                               |                      |               MIG M. |
|===============================+======================+======================|
|   0  NVIDIA GeForce ...  On   | 00000000:1A:00.0 Off |                  N/A |
| 67%   56C    P8    18W / 250W |      1MiB / 11019MiB |      0%      Default |
|                               |                      |                  N/A |
+-------------------------------+----------------------+----------------------+
                                                                               
+-----------------------------------------------------------------------------+
| Processes:                                                                  |
|  GPU   GI   CI        PID   Type   Process name                  GPU Memory |
|        ID   ID                                                   Usage      |
|=============================================================================|
|  No running processes found                                                 |
+-----------------------------------------------------------------------------+
BML_FOLDER: /tudelft.net/staff-bulk/ewi/insy/VisionLab/students/wyang/dataset/HDF5/BML/
DATASET:
  GEOM:
    AUG: False
    HFLIP: True
    ROT: 10
  MIX_PROB: 0.0
  OCCLUSION:
    PROB: 0.0
    ZERO: True
  ROATION_PROB: 0.0
  SCALING_PROB: 0.0
  TRAINING_USEDEACHFRAME: 1
  USEDEACHFRAME: 1
EVAL_WORKERS: 16
HYP:
  MARKER: 1
  MARKERPAIRS: 1
  POS: 1
  SEQUENCE_LEN_LOSS: 1
  SEQUENCE_POS_LOSS: 1
  SYMARKERPAIRS: 1
LOSS:
  POS_LOSS_TYPE: 2
  SEQUENCE_LEN_LOSS:
    TYPE: 2
    USE: False
  SEQUENCE_POS_LOSS:
    LAMBDA: 16
    TYPE: 2
    USE: False
LSTM:
  BIDIRECTIONAL: True
  DROPOUTPROB: 0.1
  HIDDEN_STATE: 512
  NUM_LAYERS: 3
MODEL:
  AWARED_OCCLUSION:
    GT: False
    USE: False
    USE_PREDICTION: False
  CAUSAL: False
  INFEATURES: 231
  OUTFEATURES: 231
  RECEPTIVE_FIELD: 243
  REFINE: False
  TYPE: 0
  USE_2D: False
  USE_GT: False
MODEL_FOLDER: /tudelft.net/staff-bulk/ewi/insy/VisionLab/students/wyang/dataset/models/
PASCAL_PATH: /tudelft.net/staff-bulk/ewi/insy/VisionLab/students/wyang/dataset/HDF5/PASCAL/pascal.hdf5
POSTFIX: BML_TEMPORAL_TCN
PREDICTION:
  NUMPRED: 77
  NUM_JOINTS: 22
  NUM_MARKER: 55
  POS_NAME: ['ROOT', 'LHIPJ', 'RHIPJ', 'Spine1', 'LKJC', 'RKJC', 'Spine2', 'LAJC', 'RAJC', 'Spine3', 'LFOOT', 'RFOOT', 'NECK', 'LCOL', 'RCOL', 'HEAD', 'LSHOULDER', 'RSHOULDER', 'LELC', 'RELC', 'LWRIST', 'RWRIST', 'LPSI', 'RPSI', 'RASI', 'LASI', 'T12', 'T10', 'T8', 'T1', 'C7', 'RKNE', 'RKNI', 'LKNE', 'LKNI', 'LANK', 'RANK', 'LANI', 'RANI', 'LHEE', 'RHEE', 'RTOE', 'LTOE', 'RMT1', 'LMT1', 'RMT5', 'LMT5', 'LSHO', 'RSHO', 'STRN', 'CLAV', 'RCLAV', 'LCLAV', 'LELB', 'RELB', 'LELBIN', 'RELBIN', 'LIWR', 'RIWR', 'LOWR', 'ROWR', 'LFHD', 'RFHD', 'LBHD', 'RBHD', 'Virtual_Ground_RAJC', 'Virtual_Ground_LAJC', 'Virtual_Ground_RFOOT', 'Virtual_Ground_LFOOT', 'Virtual_Ground_RTOE', 'Virtual_Ground_LTOE', 'Virtual_Ground_RMT1', 'Virtual_Ground_LMT1', 'Virtual_Ground_RMT5', 'Virtual_Ground_LMT5', 'Virtual_Ground_RHEE', 'Virtual_Ground_LHEE']
PROGRESSBAR: False
SEED: 100
STARTMODELPATH: /tudelft.net/staff-bulk/ewi/insy/VisionLab/students/wyang/dataset/models/model_69_BML_TEMPORAL_TCN.pt
TESTMODE: False
TEST_SUBJECTS: [2, 29, 19, 21, 51, 26, 7, 72, 77, 17, 65, 80, 6, 76, 10, 73, 13, 38]
TRAINING:
  AMSGRAD: True
  BATCHSIZE: 256
  END_LR: [1.82e-05]
  END_MOMENTUM: 0.001
  EPOCH: [50]
  EVALUATION_BATCHSIZE: 256
  INITIAL_MOMENTUM: 0.1
  START_LR: [9.8498e-05]
  TRAINING_STEPS: 1
TRAINING_SUBJECTS: [78, 59, 79, 44, 56, 88, 75, 61, 53, 47, 40, 41, 32, 70, 28, 39, 69, 11, 3, 90, 71, 54, 20, 85, 37, 34, 33, 46, 67, 63, 55, 36, 42, 50, 24, 35, 84, 45, 60, 16, 74, 82, 27, 89, 57, 5, 49, 22, 4, 66, 31, 83, 43, 48, 52, 68, 25, 9, 18, 1, 81, 58, 23, 62, 64, 8, 87]
TRANSFORMER:
  BATCHNORM: False
  DROPOUT: False
  D_CHANNEL: 512
  D_MODEL: 256
  N1: 3
  N_HEADS: 8
  POS_ENCODNIG_EVERY_BLOCK: False
  STRIDES: [3, 9, 9]
VALID_SUBJECTS: [14, 86, 15, 30]
VALID_WORKERS: 16
WORKERS: 16
167028 training data, 21822 valid data, 100839 test data
Casual : False
Use Temporal Convolutional Network
Receptive Field: 243
Filter Widths: [3, 3, 3, 3, 3]
LR starts from 9.8498e-05, LR decay rate : 0.9674320480067145
Train , Epoch 0 : : total loss : 0.049111308895645696   3d pose loss : 0.0217479639029576   3d marker loss : 0.027363344995544915   
Valid, Epoch 0 : : total loss : 0.07703664302607416   3d pose loss : 0.033101200533004985   3d marker loss : 0.04393544206697053   
Current LR:  [9.529012186456536e-05]
Best Loss : 0.07703664302607416
Train , Epoch 1 : : total loss : 0.04901262080765392   3d pose loss : 0.021696227902626517   3d marker loss : 0.027316393002159208   
Valid, Epoch 1 : : total loss : 0.07794746728966494   3d pose loss : 0.033527114500364455   3d marker loss : 0.04442035272374685   
Current LR:  [9.218671775024586e-05]
Train , Epoch 2 : : total loss : 0.04807492097028377   3d pose loss : 0.021267094123720024   3d marker loss : 0.02680782688655919   
Valid, Epoch 2 : : total loss : 0.07848822684852223   3d pose loss : 0.0338681023866662   3d marker loss : 0.04462012428704633   
Current LR:  [8.91843851521373e-05]
Train , Epoch 3 : : total loss : 0.047748809914601724   3d pose loss : 0.021124227535253837   3d marker loss : 0.026624582385061525   
Valid, Epoch 3 : : total loss : 0.08224559345949845   3d pose loss : 0.03525055465422043   3d marker loss : 0.04699503867417074   
Current LR:  [8.62798323779518e-05]
Train , Epoch 4 : : total loss : 0.0475925518645465   3d pose loss : 0.02104812376543971   3d marker loss : 0.02654442810196361   
Valid, Epoch 4 : : total loss : 0.07669818100882499   3d pose loss : 0.03293858563448766   3d marker loss : 0.04375959543989096   
Current LR:  [8.346987493907793e-05]
Best Loss : 0.07669818100882499
Train , Epoch 5 : : total loss : 0.046523431036049966   3d pose loss : 0.020564929296496823   3d marker loss : 0.025958501690987245   
Valid, Epoch 5 : : total loss : 0.07521327917871483   3d pose loss : 0.0323559075673159   3d marker loss : 0.04285737194462992   
Current LR:  [8.07514320591765e-05]
Best Loss : 0.07521327917871483
Train , Epoch 6 : : total loss : 0.046085758380409035   3d pose loss : 0.020382942006197627   3d marker loss : 0.025702816354213683   
Valid, Epoch 6 : : total loss : 0.07604639852050245   3d pose loss : 0.032604497071857814   3d marker loss : 0.04344190112087644   
Current LR:  [7.812152329648418e-05]
Train , Epoch 7 : : total loss : 0.045668308480294205   3d pose loss : 0.02019279573021308   3d marker loss : 0.02547551274151067   
Valid, Epoch 7 : : total loss : 0.07665331957375421   3d pose loss : 0.03313912605454861   3d marker loss : 0.04351419363938727   
Current LR:  [7.557726527612195e-05]
Train , Epoch 8 : : total loss : 0.045193389309513055   3d pose loss : 0.019968715050697694   3d marker loss : 0.025224674273099452   
Valid, Epoch 8 : : total loss : 0.07654167054149846   3d pose loss : 0.03285705112381758   3d marker loss : 0.04368461959249059   
Current LR:  [7.31158685288254e-05]
Train , Epoch 9 : : total loss : 0.044821881369167677   3d pose loss : 0.019811518990257584   3d marker loss : 0.025010362378910092   
Valid, Epoch 9 : : total loss : 0.08070608046738564   3d pose loss : 0.03476418253372705   3d marker loss : 0.04594189762774162   
Current LR:  [7.073463443263124e-05]
Train , Epoch 10 : : total loss : 0.046962947121884195   3d pose loss : 0.020782967026636828   3d marker loss : 0.026179980035254194   
Valid, Epoch 10 : : total loss : 0.07542247117117447   3d pose loss : 0.03253494573332149   3d marker loss : 0.04288752535044814   
Current LR:  [6.843095225416671e-05]
Train , Epoch 11 : : total loss : 0.04485394270302145   3d pose loss : 0.019822950466347435   3d marker loss : 0.025030992228103562   
Valid, Epoch 11 : : total loss : 0.07594936589536544   3d pose loss : 0.03287462662212703   3d marker loss : 0.043074739327866436   
Current LR:  [6.620229628629819e-05]
Train , Epoch 12 : : total loss : 0.04424609882082859   3d pose loss : 0.019564620959086836   3d marker loss : 0.024681477967444007   
Valid, Epoch 12 : : total loss : 0.07606246447150183   3d pose loss : 0.03267411850908371   3d marker loss : 0.04338834600612056   
Current LR:  [6.404622307900076e-05]
Train , Epoch 13 : : total loss : 0.0438085464714952   3d pose loss : 0.019358743167842276   3d marker loss : 0.02444980337507337   
Valid, Epoch 13 : : total loss : 0.0768571563147677   3d pose loss : 0.03318196290923175   3d marker loss : 0.04367519285925564   
Current LR:  [6.196036876041261e-05]
Train , Epoch 14 : : total loss : 0.04334616989605814   3d pose loss : 0.019139381588373812   3d marker loss : 0.024206788290543426   
Valid, Epoch 14 : : total loss : 0.07518044025888583   3d pose loss : 0.032440336374868976   3d marker loss : 0.04274010400419853   
Current LR:  [5.994244644513722e-05]
Best Loss : 0.07518044025888583
Train , Epoch 15 : : total loss : 0.042992531887592715   3d pose loss : 0.01898643508427805   3d marker loss : 0.024006096763319214   
Valid, Epoch 15 : : total loss : 0.07424301446035904   3d pose loss : 0.03197403551076687   3d marker loss : 0.042268978927740966   
Current LR:  [5.79902437269519e-05]
Best Loss : 0.07424301446035904
Train , Epoch 16 : : total loss : 0.042693375541251494   3d pose loss : 0.018852318779913925   3d marker loss : 0.023841056818473923   
Valid, Epoch 16 : : total loss : 0.07560988661677162   3d pose loss : 0.032679548529916086   3d marker loss : 0.04293033829990485   
Current LR:  [5.61016202531736e-05]
Train , Epoch 17 : : total loss : 0.04255019146606235   3d pose loss : 0.018792753402098007   3d marker loss : 0.023757438129671148   
Valid, Epoch 17 : : total loss : 0.07446553291731255   3d pose loss : 0.03205000594887897   3d marker loss : 0.04241552640030205   
Current LR:  [5.4274505378022704e-05]
Train , Epoch 18 : : total loss : 0.0421667126024519   3d pose loss : 0.01861762140014786   3d marker loss : 0.023549091236585853   
Valid, Epoch 18 : : total loss : 0.07518459815129429   3d pose loss : 0.032383039174426455   3d marker loss : 0.04280155899871904   
Current LR:  [5.250689589241194e-05]
Train , Epoch 19 : : total loss : 0.04207227037979598   3d pose loss : 0.018577976786514367   3d marker loss : 0.023494293636133885   
Valid, Epoch 19 : : total loss : 0.07541756926683313   3d pose loss : 0.032399728830045764   3d marker loss : 0.04301784043132456   
Current LR:  [5.079685382767143e-05]
Train , Epoch 20 : : total loss : 0.04170988982920449   3d pose loss : 0.018407115318521034   3d marker loss : 0.023302774490685733   
Valid, Epoch 20 : : total loss : 0.07562985849384864   3d pose loss : 0.03243785006197374   3d marker loss : 0.04319200822975117   
Current LR:  [4.9142504330801884e-05]
Train , Epoch 21 : : total loss : 0.04154753783272088   3d pose loss : 0.018335600052188875   3d marker loss : 0.02321193782338427   
Valid, Epoch 21 : : total loss : 0.07629723986350434   3d pose loss : 0.03263646427034272   3d marker loss : 0.04366077540742631   
Current LR:  [4.75420336089265e-05]
Train , Epoch 22 : : total loss : 0.041337753074712186   3d pose loss : 0.01824504356157103   3d marker loss : 0.02309270949028661   
Valid, Epoch 22 : : total loss : 0.07458320654735437   3d pose loss : 0.03218313332450083   3d marker loss : 0.042400073321184006   
Current LR:  [4.5993686940687816e-05]
Train , Epoch 23 : : total loss : 0.04113911995035739   3d pose loss : 0.018157064246208023   3d marker loss : 0.02298205567272437   
Valid, Epoch 23 : : total loss : 0.07440097359751772   3d pose loss : 0.03200380554798816   3d marker loss : 0.042397168126008807   
Current LR:  [4.449576675240929e-05]
Train , Epoch 24 : : total loss : 0.04102291311908719   3d pose loss : 0.018094641730714976   3d marker loss : 0.02292827141694039   
Valid, Epoch 24 : : total loss : 0.07447938361424442   3d pose loss : 0.03202657507949828   3d marker loss : 0.04245280858937416   
Current LR:  [4.304663075691239e-05]
Train , Epoch 25 : : total loss : 0.04072438274721609   3d pose loss : 0.017966285027974954   3d marker loss : 0.022758097710670687   
Valid, Epoch 25 : : total loss : 0.07482033636379652   3d pose loss : 0.03224655441463884   3d marker loss : 0.042573782473586785   
Current LR:  [4.164469015294858e-05]
Train , Epoch 26 : : total loss : 0.04058484641115175   3d pose loss : 0.017901243024899916   3d marker loss : 0.02268360329769049   
Valid, Epoch 26 : : total loss : 0.07510264253498336   3d pose loss : 0.03233536943245651   3d marker loss : 0.04276727277475867   
Current LR:  [4.02884078832721e-05]
Train , Epoch 27 : : total loss : 0.040452462775301345   3d pose loss : 0.017845861359493682   3d marker loss : 0.022606601370098584   
Valid, Epoch 27 : : total loss : 0.07473877791512319   3d pose loss : 0.03222120701365331   3d marker loss : 0.042517571092667995   
Current LR:  [3.897629694944379e-05]
Train , Epoch 28 : : total loss : 0.040384106977951306   3d pose loss : 0.017803819401566785   3d marker loss : 0.022580287587811793   
Valid, Epoch 28 : : total loss : 0.07414483724686241   3d pose loss : 0.03196443518057456   3d marker loss : 0.042180401585561175   
Current LR:  [3.770691878151826e-05]
Best Loss : 0.07414483724686241
Train , Epoch 29 : : total loss : 0.04010831686936639   3d pose loss : 0.017692277807902338   3d marker loss : 0.022416039012898147   
Valid, Epoch 29 : : total loss : 0.07402248981728606   3d pose loss : 0.03184913079009442   3d marker loss : 0.04217335939866224   
Current LR:  [3.647888166082706e-05]
Best Loss : 0.07402248981728606
Train , Epoch 30 : : total loss : 0.0400089648912198   3d pose loss : 0.017646779766180582   3d marker loss : 0.02236218514218012   
Valid, Epoch 30 : : total loss : 0.07389593397529805   3d pose loss : 0.031836002996824216   3d marker loss : 0.0420599311095811   
Current LR:  [3.52908391941285e-05]
Best Loss : 0.07389593397529805
Train , Epoch 31 : : total loss : 0.039882080063818055   3d pose loss : 0.01757486582807968   3d marker loss : 0.022307214287161096   
Valid, Epoch 31 : : total loss : 0.07419779921045619   3d pose loss : 0.03188137648774487   3d marker loss : 0.04231642294668625   
Current LR:  [3.4141488837451364e-05]
Train , Epoch 32 : : total loss : 0.03971390346168009   3d pose loss : 0.017504298459578512   3d marker loss : 0.022209605042097028   
Valid, Epoch 32 : : total loss : 0.07444432552898086   3d pose loss : 0.031943372392641306   3d marker loss : 0.042500953420405316   
Current LR:  [3.302957046801395e-05]
Train , Epoch 33 : : total loss : 0.0396255520143849   3d pose loss : 0.01746398691327934   3d marker loss : 0.02216156506111011   
Valid, Epoch 33 : : total loss : 0.07505617368102194   3d pose loss : 0.0323190573166232   3d marker loss : 0.04273711624421707   
Current LR:  [3.195386500265283e-05]
Train , Epoch 34 : : total loss : 0.039484204792994665   3d pose loss : 0.017409064038513812   3d marker loss : 0.02207514070591495   
Valid, Epoch 34 : : total loss : 0.07412601773717666   3d pose loss : 0.03182794636738703   3d marker loss : 0.042298071107575066   
Current LR:  [3.091319306124651e-05]
Train , Epoch 35 : : total loss : 0.03941959803752555   3d pose loss : 0.017370340460054347   3d marker loss : 0.022049257540332576   
Valid, Epoch 35 : : total loss : 0.07500993559771525   3d pose loss : 0.03228464429007694   3d marker loss : 0.04272529137319195   
Current LR:  [2.9906413673668665e-05]
Train , Epoch 36 : : total loss : 0.03925483634386875   3d pose loss : 0.01730910890044336   3d marker loss : 0.021945727489134467   
Valid, Epoch 36 : : total loss : 0.074633006553101   3d pose loss : 0.03215302106451567   3d marker loss : 0.04247998528099882   
Current LR:  [2.8932423028853287e-05]
Train , Epoch 37 : : total loss : 0.03916684375858746   3d pose loss : 0.017260236271365654   3d marker loss : 0.021906607447226355   
Valid, Epoch 37 : : total loss : 0.07438099560210122   3d pose loss : 0.03197013516221122   3d marker loss : 0.04241086055460886   
Current LR:  [2.7990153264600163e-05]
Train , Epoch 38 : : total loss : 0.03905587666239475   3d pose loss : 0.017212599738746698   3d marker loss : 0.021843276960786685   
Valid, Epoch 38 : : total loss : 0.07475947901086227   3d pose loss : 0.03231163165187128   3d marker loss : 0.042447847402693424   
Current LR:  [2.707857129679396e-05]
Train , Epoch 39 : : total loss : 0.03899945583811567   3d pose loss : 0.017189785800988507   3d marker loss : 0.02180967007712261   
Valid, Epoch 39 : : total loss : 0.07405970011586918   3d pose loss : 0.03181939200010694   3d marker loss : 0.042240308115762244   
Current LR:  [2.6196677686753216e-05]
Train , Epoch 40 : : total loss : 0.03885262020709324   3d pose loss : 0.017128470093811764   3d marker loss : 0.021724150064715578   
Valid, Epoch 40 : : total loss : 0.07414884159080093   3d pose loss : 0.03184638398343271   3d marker loss : 0.042302457913285206   
Current LR:  [2.5343505545467462e-05]
Train , Epoch 41 : : total loss : 0.03883370493704373   3d pose loss : 0.017112255224992344   3d marker loss : 0.021721449614919584   
Valid, Epoch 41 : : total loss : 0.07456052546955227   3d pose loss : 0.03205508974271279   3d marker loss : 0.04250543585794676   
Current LR:  [2.451811947352111e-05]
Train , Epoch 42 : : total loss : 0.03866046300854968   3d pose loss : 0.017032562330810845   3d marker loss : 0.021627900722019512   
Valid, Epoch 42 : : total loss : 0.07447180098130782   3d pose loss : 0.032052207835467264   3d marker loss : 0.04241959326055941   
Current LR:  [2.3719614535541837e-05]
Train , Epoch 43 : : total loss : 0.03862491875681226   3d pose loss : 0.017012680355070923   3d marker loss : 0.021612238418882244   
Valid, Epoch 43 : : total loss : 0.07368966244108549   3d pose loss : 0.031649848246004086   3d marker loss : 0.0420398138236108   
Current LR:  [2.2947115268049072e-05]
Best Loss : 0.07368966244108549
Train , Epoch 44 : : total loss : 0.03864491749212055   3d pose loss : 0.017019361577516684   3d marker loss : 0.021625555934601585   
Valid, Epoch 44 : : total loss : 0.07441494513165448   3d pose loss : 0.031971778750321284   3d marker loss : 0.04244316645781243   
Current LR:  [2.219977471961486e-05]
Train , Epoch 45 : : total loss : 0.038473338437226653   3d pose loss : 0.0169443857821813   3d marker loss : 0.02152895266932944   
Valid, Epoch 45 : : total loss : 0.07403742248792826   3d pose loss : 0.031762711757722495   3d marker loss : 0.04227471031503273   
Current LR:  [2.147677352228469e-05]
Train , Epoch 46 : : total loss : 0.038321994039361464   3d pose loss : 0.016869613205145566   3d marker loss : 0.021452380849928395   
Valid, Epoch 46 : : total loss : 0.07435105773664266   3d pose loss : 0.03192121896699198   3d marker loss : 0.042429838878906743   
Current LR:  [2.0777318993240257e-05]
Train , Epoch 47 : : total loss : 0.038297557312012454   3d pose loss : 0.016862458326608126   3d marker loss : 0.021435098931124788   
Valid, Epoch 47 : : total loss : 0.07418766219263476   3d pose loss : 0.03187072463896958   3d marker loss : 0.04231693770662367   
Current LR:  [2.010064426571923e-05]
Train , Epoch 48 : : total loss : 0.0382135321894672   3d pose loss : 0.01682719062625265   3d marker loss : 0.021386341583212277   
Valid, Epoch 48 : : total loss : 0.0739389041879308   3d pose loss : 0.03169677805129226   3d marker loss : 0.042242125776093535   
Current LR:  [1.9446007448239176e-05]
Train , Epoch 49 : : total loss : 0.03808309608053393   3d pose loss : 0.016768564044446484   3d marker loss : 0.021314532136076068   
Valid, Epoch 49 : : total loss : 0.07517307976537506   3d pose loss : 0.03229397648404121   3d marker loss : 0.042879103161152184   
Finished Training
Load  /tudelft.net/staff-bulk/ewi/insy/VisionLab/students/wyang/dataset/models/model_43_BML_TEMPORAL_TCN.pt
Casual : False
Use Temporal Convolutional Network
Receptive Field: 243
Filter Widths: [3, 3, 3, 3, 3]
Joint Error : 0.013249865733087063 , Marker Error : 0.01666601002216339
Joint Error : 0.03164984658360481 , Marker Error : 0.04203983396291733
Joint Error : 0.0266525037586689 , Marker Error : 0.03286994621157646
