/home/nfs/weitseyang/.bashrc: line 20: dirname: command not found
/home/nfs/weitseyang/.bashrc: line 21: dirname: command not found
              total        used        free      shared  buff/cache   available
Mem:         257670        3606      253424          10         638      253255
Swap:        262143           0      262143
Sat Jul 24 20:54:35 2021       
+-----------------------------------------------------------------------------+
| NVIDIA-SMI 470.57.02    Driver Version: 470.57.02    CUDA Version: 11.4     |
|-------------------------------+----------------------+----------------------+
| GPU  Name        Persistence-M| Bus-Id        Disp.A | Volatile Uncorr. ECC |
| Fan  Temp  Perf  Pwr:Usage/Cap|         Memory-Usage | GPU-Util  Compute M. |
|                               |                      |               MIG M. |
|===============================+======================+======================|
|   0  NVIDIA GeForce ...  On   | 00000000:08:00.0 Off |                  N/A |
| 23%   21C    P8     9W / 250W |      1MiB / 11178MiB |      0%      Default |
|                               |                      |                  N/A |
+-------------------------------+----------------------+----------------------+
                                                                               
+-----------------------------------------------------------------------------+
| Processes:                                                                  |
|  GPU   GI   CI        PID   Type   Process name                  GPU Memory |
|        ID   ID                                                   Usage      |
|=============================================================================|
|  No running processes found                                                 |
+-----------------------------------------------------------------------------+
BML_FOLDER: /tudelft.net/staff-bulk/ewi/insy/VisionLab/students/wyang/dataset/HDF5/BML/
DATASET:
  GEOM:
    AUG: False
    HFLIP: True
    ROT: 10
  MIX_PROB: 0.0
  OCCLUSION:
    PROB: 0.0
    ZERO: True
  ROATION_PROB: 0.0
  SCALING_PROB: 0.0
  TRAINING_USEDEACHFRAME: 1
  USEDEACHFRAME: 1
EVAL_WORKERS: 16
HYP:
  MARKER: 1
  MARKERPAIRS: 1
  POS: 1
  SEQUENCE_LEN_LOSS: 1
  SEQUENCE_POS_LOSS: 1
  SYMARKERPAIRS: 1
LOSS:
  POS_LOSS_TYPE: 1
  SEQUENCE_LEN_LOSS:
    TYPE: 2
    USE: False
  SEQUENCE_POS_LOSS:
    LAMBDA: 16
    TYPE: 2
    USE: False
LSTM:
  BIDIRECTIONAL: True
  DROPOUTPROB: 0.1
  HIDDEN_STATE: 512
  NUM_LAYERS: 3
MODEL:
  AWARED_OCCLUSION:
    GT: False
    USE: False
    USE_PREDICTION: False
  CAUSAL: False
  INFEATURES: 231
  OUTFEATURES: 231
  RECEPTIVE_FIELD: 243
  REFINE: False
  TYPE: 0
  USE_2D: False
  USE_GT: False
MODEL_FOLDER: /tudelft.net/staff-bulk/ewi/insy/VisionLab/students/wyang/dataset/models/
PASCAL_PATH: /tudelft.net/staff-bulk/ewi/insy/VisionLab/students/wyang/dataset/HDF5/PASCAL/pascal.hdf5
POSTFIX: BML_TEMPORAL_TCN_L1
PREDICTION:
  NUMPRED: 77
  NUM_JOINTS: 22
  NUM_MARKER: 55
  POS_NAME: ['ROOT', 'LHIPJ', 'RHIPJ', 'Spine1', 'LKJC', 'RKJC', 'Spine2', 'LAJC', 'RAJC', 'Spine3', 'LFOOT', 'RFOOT', 'NECK', 'LCOL', 'RCOL', 'HEAD', 'LSHOULDER', 'RSHOULDER', 'LELC', 'RELC', 'LWRIST', 'RWRIST', 'LPSI', 'RPSI', 'RASI', 'LASI', 'T12', 'T10', 'T8', 'T1', 'C7', 'RKNE', 'RKNI', 'LKNE', 'LKNI', 'LANK', 'RANK', 'LANI', 'RANI', 'LHEE', 'RHEE', 'RTOE', 'LTOE', 'RMT1', 'LMT1', 'RMT5', 'LMT5', 'LSHO', 'RSHO', 'STRN', 'CLAV', 'RCLAV', 'LCLAV', 'LELB', 'RELB', 'LELBIN', 'RELBIN', 'LIWR', 'RIWR', 'LOWR', 'ROWR', 'LFHD', 'RFHD', 'LBHD', 'RBHD', 'Virtual_Ground_RAJC', 'Virtual_Ground_LAJC', 'Virtual_Ground_RFOOT', 'Virtual_Ground_LFOOT', 'Virtual_Ground_RTOE', 'Virtual_Ground_LTOE', 'Virtual_Ground_RMT1', 'Virtual_Ground_LMT1', 'Virtual_Ground_RMT5', 'Virtual_Ground_LMT5', 'Virtual_Ground_RHEE', 'Virtual_Ground_LHEE']
PROGRESSBAR: False
SEED: 100
STARTMODELPATH: None
TESTMODE: False
TEST_SUBJECTS: [2, 29, 19, 21, 51, 26, 7, 72, 77, 17, 65, 80, 6, 76, 10, 73, 13, 38]
TRAINING:
  AMSGRAD: True
  BATCHSIZE: 256
  END_LR: [1.82e-05]
  END_MOMENTUM: 0.001
  EPOCH: [120]
  EVALUATION_BATCHSIZE: 256
  INITIAL_MOMENTUM: 0.1
  START_LR: [0.001]
  TRAINING_STEPS: 1
TRAINING_SUBJECTS: [78, 59, 79, 44, 56, 88, 75, 61, 53, 47, 40, 41, 32, 70, 28, 39, 69, 11, 3, 90, 71, 54, 20, 85, 37, 34, 33, 46, 67, 63, 55, 36, 42, 50, 24, 35, 84, 45, 60, 16, 74, 82, 27, 89, 57, 5, 49, 22, 4, 66, 31, 83, 43, 48, 52, 68, 25, 9, 18, 1, 81, 58, 23, 62, 64, 8, 87]
TRANSFORMER:
  BATCHNORM: False
  DROPOUT: False
  D_CHANNEL: 512
  D_MODEL: 256
  N1: 1
  N_HEADS: 8
  POS_ENCODNIG_EVERY_BLOCK: True
  STRIDES: [3, 9, 9]
VALID_SUBJECTS: [14, 86, 15, 30]
VALID_WORKERS: 16
WORKERS: 16
167028 training data, 21822 valid data, 100839 test data
Casual : False
Use Temporal Convolutional Network
Receptive Field: 243
Filter Widths: [3, 3, 3, 3, 3]
LR starts from 0.001, LR decay rate : 0.9674319468328496
Train , Epoch 0 : : total loss : 1.2156279877376703   3d pose loss : 0.5834474725180243   3d marker loss : 0.6321805154024823   
Valid, Epoch 0 : : total loss : 0.5265704196835185   3d pose loss : 0.2542137266265167   3d marker loss : 0.2723566930570018   
Current LR:  [0.0009674319468328496]
Best Loss : 0.5265704196835185
Train , Epoch 1 : : total loss : 0.41124187770979537   3d pose loss : 0.19068717533733948   3d marker loss : 0.2205547026010013   
Valid, Epoch 1 : : total loss : 0.4172541998820479   3d pose loss : 0.19122312407851513   3d marker loss : 0.22603107475467457   
Current LR:  [0.0009359245717527975]
Best Loss : 0.4172541998820479
Train , Epoch 2 : : total loss : 0.22358135938461574   3d pose loss : 0.10304779015435762   3d marker loss : 0.12053356888743998   
Valid, Epoch 2 : : total loss : 0.2169142192448653   3d pose loss : 0.10058151507681357   3d marker loss : 0.11633270434286141   
Current LR:  [0.00090544333053951]
Best Loss : 0.2169142192448653
Train , Epoch 3 : : total loss : 0.16078824777316097   3d pose loss : 0.07330851700225491   3d marker loss : 0.08747973066806061   
Valid, Epoch 3 : : total loss : 0.16920463298748312   3d pose loss : 0.07753790064044204   3d marker loss : 0.09166673254370197   
Current LR:  [0.0008759548040106575]
Best Loss : 0.16920463298748312
Train , Epoch 4 : : total loss : 0.14052287096077679   3d pose loss : 0.06373697992391382   3d marker loss : 0.07678589096829935   
Valid, Epoch 4 : : total loss : 0.1470116841761376   3d pose loss : 0.06680190898618016   3d marker loss : 0.08020977403184319   
Current LR:  [0.0008474266613816176]
Best Loss : 0.1470116841761376
Train , Epoch 5 : : total loss : 0.1281879853022976   3d pose loss : 0.05785424428552023   3d marker loss : 0.070333741085341   
Valid, Epoch 5 : : total loss : 0.14134343875972066   3d pose loss : 0.06449875687604514   3d marker loss : 0.07684468095499898   
Current LR:  [0.0008198276248184803]
Best Loss : 0.14134343875972066
Train , Epoch 6 : : total loss : 0.11505790071939033   3d pose loss : 0.051880437749340855   3d marker loss : 0.06317746296433584   
Valid, Epoch 6 : : total loss : 0.12807309392632424   3d pose loss : 0.05609854283095521   3d marker loss : 0.0719745508331545   
Current LR:  [0.0007931274351454934]
Best Loss : 0.12807309392632424
Train , Epoch 7 : : total loss : 0.106323141227562   3d pose loss : 0.04768265684369517   3d marker loss : 0.05864048426388049   
Valid, Epoch 7 : : total loss : 0.128363959741859   3d pose loss : 0.05613619668729997   3d marker loss : 0.07222776274864204   
Current LR:  [0.0007672968186693494]
Train , Epoch 8 : : total loss : 0.10209188349773547   3d pose loss : 0.04563717132125713   3d marker loss : 0.05645471201078292   
Valid, Epoch 8 : : total loss : 0.12785484325152666   3d pose loss : 0.054697231776160836   3d marker loss : 0.07315761159554748   
Current LR:  [0.0007423074550839407]
Best Loss : 0.12785484325152666
Train , Epoch 9 : : total loss : 0.099074494619311   3d pose loss : 0.04432645242409838   3d marker loss : 0.05474804223520807   
Valid, Epoch 9 : : total loss : 0.1216703842239303   3d pose loss : 0.05273988571189717   3d marker loss : 0.06893049839185145   
Current LR:  [0.0007181319464203949]
Best Loss : 0.1216703842239303
Train , Epoch 10 : : total loss : 0.10385873938904949   3d pose loss : 0.04660013968844904   3d marker loss : 0.05725859969488682   
Valid, Epoch 10 : : total loss : 0.1407810737708456   3d pose loss : 0.06305486989189556   3d marker loss : 0.07772620387895005   
Current LR:  [0.0006947437870083462]
Train , Epoch 11 : : total loss : 0.10152001222995527   3d pose loss : 0.045485365741594806   3d marker loss : 0.05603464636837412   
Valid, Epoch 11 : : total loss : 0.11941631453665047   3d pose loss : 0.05192701583406401   3d marker loss : 0.06748929857147919   
Current LR:  [0.000672117334415511]
Best Loss : 0.11941631453665047
Train , Epoch 12 : : total loss : 0.09513647218971896   3d pose loss : 0.04243589669146055   3d marker loss : 0.05270057560110385   
Valid, Epoch 12 : : total loss : 0.122579987332513   3d pose loss : 0.054087470185471526   3d marker loss : 0.0684925168411245   
Current LR:  [0.0006502277813337032]
Train , Epoch 13 : : total loss : 0.09202876962447093   3d pose loss : 0.0410055840285095   3d marker loss : 0.05102318564738415   
Valid, Epoch 13 : : total loss : 0.1254929883289311   3d pose loss : 0.05426789166979562   3d marker loss : 0.07122509727096943   
Current LR:  [0.000629051128380469]
Train , Epoch 14 : : total loss : 0.09007355454234989   3d pose loss : 0.04014473421030615   3d marker loss : 0.04992882018348922   
Valid, Epoch 14 : : total loss : 0.12095250505190942   3d pose loss : 0.053215732868143184   3d marker loss : 0.06773677187784925   
Current LR:  [0.0006085641577865179]
Train , Epoch 15 : : total loss : 0.088274039442371   3d pose loss : 0.03922564903719842   3d marker loss : 0.04904839027375897   
Valid, Epoch 15 : : total loss : 0.11552053078668996   3d pose loss : 0.05028159457115738   3d marker loss : 0.06523893653237517   
Current LR:  [0.0005887444079401045]
Best Loss : 0.11552053078668996
Train , Epoch 16 : : total loss : 0.08631585269846434   3d pose loss : 0.03832943235849676   3d marker loss : 0.04798642043138574   
Valid, Epoch 16 : : total loss : 0.11879903769123817   3d pose loss : 0.05160002587816366   3d marker loss : 0.06719901198788422   
Current LR:  [0.0005695701487604488]
Train , Epoch 17 : : total loss : 0.08538437892962819   3d pose loss : 0.03791887582239746   3d marker loss : 0.04746550301009892   
Valid, Epoch 17 : : total loss : 0.11573300507162376   3d pose loss : 0.050414301409269925   3d marker loss : 0.06531870366235383   
Current LR:  [0.0005510203578731967]
Train , Epoch 18 : : total loss : 0.0840533959216501   3d pose loss : 0.03729599049783375   3d marker loss : 0.046757405435243635   
Valid, Epoch 18 : : total loss : 0.11320124407997163   3d pose loss : 0.049115190059342666   3d marker loss : 0.06408605432654595   
Current LR:  [0.0005330746975618002]
Best Loss : 0.11320124407997163
Train , Epoch 19 : : total loss : 0.0839915546285777   3d pose loss : 0.03727823946670703   3d marker loss : 0.046713315184725206   
Valid, Epoch 19 : : total loss : 0.11395278972093961   3d pose loss : 0.04920956424412112   3d marker loss : 0.0647432258373635   
Current LR:  [0.000515713492469545]
Train , Epoch 20 : : total loss : 0.08239618511699094   3d pose loss : 0.036513714331196497   3d marker loss : 0.04588247086578534   
Valid, Epoch 20 : : total loss : 0.1179901345404813   3d pose loss : 0.0509069623414848   3d marker loss : 0.06708317241750862   
Current LR:  [0.00049891770802778]
Train , Epoch 21 : : total loss : 0.08141172152766786   3d pose loss : 0.03607433174445403   3d marker loss : 0.0453373899546229   
Valid, Epoch 21 : : total loss : 0.11373215247856884   3d pose loss : 0.04901121756560905   3d marker loss : 0.06472093492388539   
Current LR:  [0.0004826689295866985]
Train , Epoch 22 : : total loss : 0.08068913508183752   3d pose loss : 0.035730950162957416   3d marker loss : 0.0449581850160119   
Valid, Epoch 22 : : total loss : 0.11826802851484912   3d pose loss : 0.05173951065646292   3d marker loss : 0.06652851776005575   
Current LR:  [0.0004669493422257873]
Train , Epoch 23 : : total loss : 0.08006755685422318   3d pose loss : 0.03547345797754139   3d marker loss : 0.04459409907665904   
Valid, Epoch 23 : : total loss : 0.1148888423674245   3d pose loss : 0.0495387398019937   3d marker loss : 0.06535010247802595   
Current LR:  [0.00045174171122181194]
Train , Epoch 24 : : total loss : 0.07943415185836561   3d pose loss : 0.03514323111029308   3d marker loss : 0.04429092081092252   
Valid, Epoch 24 : : total loss : 0.11207678068701347   3d pose loss : 0.0483590849006813   3d marker loss : 0.06371769587373703   
Current LR:  [0.00043702936315292046]
Best Loss : 0.11207678068701347
Train , Epoch 25 : : total loss : 0.07888631067850108   3d pose loss : 0.034875089468354464   3d marker loss : 0.04401122131870568   
Valid, Epoch 25 : : total loss : 0.11485898100306074   3d pose loss : 0.04958823326800639   3d marker loss : 0.0652707478115336   
Current LR:  [0.0004227961676181503]
Train , Epoch 26 : : total loss : 0.0781453696130975   3d pose loss : 0.034575851228476666   3d marker loss : 0.04356951829320266   
Valid, Epoch 26 : : total loss : 0.11251439371704236   3d pose loss : 0.04840932989544397   3d marker loss : 0.0641050636795655   
Current LR:  [0.00040902651955229495]
Train , Epoch 27 : : total loss : 0.07755025188250045   3d pose loss : 0.03427017011616859   3d marker loss : 0.04328008164063187   
Valid, Epoch 27 : : total loss : 0.1132086389672908   3d pose loss : 0.04901774676251877   3d marker loss : 0.06419089237958174   
Current LR:  [0.0003957053221167413]
Train , Epoch 28 : : total loss : 0.0772679967040116   3d pose loss : 0.03412688237563507   3d marker loss : 0.043141114394083344   
Valid, Epoch 28 : : total loss : 0.11205942440006737   3d pose loss : 0.04833420182157203   3d marker loss : 0.0637252226659002   
Current LR:  [0.00038281797014751894]
Best Loss : 0.11205942440006737
Train , Epoch 29 : : total loss : 0.07646524863877545   3d pose loss : 0.033789875034379996   3d marker loss : 0.04267537360153864   
Valid, Epoch 29 : : total loss : 0.11442345441420196   3d pose loss : 0.0494739584083267   3d marker loss : 0.06494949622438739   
Current LR:  [0.00037035033414241396]
Train , Epoch 30 : : total loss : 0.0763250865225046   3d pose loss : 0.033744996347881716   3d marker loss : 0.04258009014891152   
Valid, Epoch 30 : : total loss : 0.11113231973767816   3d pose loss : 0.0479672236552259   3d marker loss : 0.06316509582023772   
Current LR:  [0.00035828874476959193]
Best Loss : 0.11113231973767816
Train , Epoch 31 : : total loss : 0.07588601019804829   3d pose loss : 0.03350686987553455   3d marker loss : 0.0423791403796501   
Valid, Epoch 31 : : total loss : 0.11167130034562703   3d pose loss : 0.04821851164793599   3d marker loss : 0.06345278874139346   
Current LR:  [0.00034661997788074426]
Train , Epoch 32 : : total loss : 0.07524341214562487   3d pose loss : 0.033227668340929266   3d marker loss : 0.042015743807552415   
Valid, Epoch 32 : : total loss : 0.11123019979653662   3d pose loss : 0.04815882672180604   3d marker loss : 0.0630713727797392   
Current LR:  [0.0003353312400123277]
Train , Epoch 33 : : total loss : 0.07491626809893942   3d pose loss : 0.033062431244236745   3d marker loss : 0.04185383683470495   
Valid, Epoch 33 : : total loss : 0.11025771101807469   3d pose loss : 0.04772181497159029   3d marker loss : 0.06253589582797227   
Current LR:  [0.0003244101543589997]
Best Loss : 0.11025771101807469
Train , Epoch 34 : : total loss : 0.07439960407927358   3d pose loss : 0.03284509610841794   3d marker loss : 0.041554508073701084   
Valid, Epoch 34 : : total loss : 0.10964405345453503   3d pose loss : 0.047267460831799564   3d marker loss : 0.0623765923495953   
Current LR:  [0.00031384474720387237]
Best Loss : 0.10964405345453503
Train , Epoch 35 : : total loss : 0.07418217228874108   3d pose loss : 0.03273631813735958   3d marker loss : 0.04144585426279738   
Valid, Epoch 35 : : total loss : 0.11229376866764813   3d pose loss : 0.04840655493349501   3d marker loss : 0.06388721390896282   
Current LR:  [0.00030362343479070576]
Train , Epoch 36 : : total loss : 0.07372190505037644   3d pose loss : 0.03253038733786235   3d marker loss : 0.04119151779821863   
Valid, Epoch 36 : : total loss : 0.11136124781078122   3d pose loss : 0.04821366641471415   3d marker loss : 0.06314758114477813   
Current LR:  [0.00029373501062364925]
Train , Epoch 37 : : total loss : 0.07382275296683692   3d pose loss : 0.03253768933822681   3d marker loss : 0.04128506369431691   
Valid, Epoch 37 : : total loss : 0.11032640063219662   3d pose loss : 0.04740800713107431   3d marker loss : 0.06291839315150291   
Current LR:  [0.00028416863318060474]
Train , Epoch 38 : : total loss : 0.0733785387699955   3d pose loss : 0.03237215292417198   3d marker loss : 0.04100638583439625   
Valid, Epoch 38 : : total loss : 0.11140243315082697   3d pose loss : 0.04792150217828409   3d marker loss : 0.06348093120198062   
Current LR:  [0.00027491381402674234]
Train , Epoch 39 : : total loss : 0.07284873651991958   3d pose loss : 0.032144328933552   3d marker loss : 0.04070440763207667   
Valid, Epoch 39 : : total loss : 0.10820445681391819   3d pose loss : 0.046338265521881854   3d marker loss : 0.06186619155425088   
Current LR:  [0.00026596040631513527]
Best Loss : 0.10820445681391819
Train , Epoch 40 : : total loss : 0.07232387994696027   3d pose loss : 0.0318820383571134   3d marker loss : 0.04044184165269685   
Valid, Epoch 40 : : total loss : 0.10917745736962704   3d pose loss : 0.046905283715523695   3d marker loss : 0.062272173042269396   
Current LR:  [0.000257298593661907]
Train , Epoch 41 : : total loss : 0.07225849585710493   3d pose loss : 0.03184297101492165   3d marker loss : 0.04041552480790147   
Valid, Epoch 41 : : total loss : 0.10969693273314088   3d pose loss : 0.047373557558375225   3d marker loss : 0.062323375382352164   
Current LR:  [0.00024891887938369297]
Train , Epoch 42 : : total loss : 0.07166608841232727   3d pose loss : 0.0315772343706911   3d marker loss : 0.04008885422732932   
Valid, Epoch 42 : : total loss : 0.10929995406483568   3d pose loss : 0.04706317481893239   3d marker loss : 0.06223677945348981   
Current LR:  [0.00024081207608561735]
Train , Epoch 43 : : total loss : 0.07179889341164952   3d pose loss : 0.031656513193427965   3d marker loss : 0.04014238034106471   
Valid, Epoch 43 : : total loss : 0.10988648911683198   3d pose loss : 0.04765988655962632   3d marker loss : 0.062226602655536103   
Current LR:  [0.0002329692955883691]
Train , Epoch 44 : : total loss : 0.07199694873319447   3d pose loss : 0.03169756359277876   3d marker loss : 0.0402993852032657   
Valid, Epoch 44 : : total loss : 0.10964886083053128   3d pose loss : 0.04720503466014147   3d marker loss : 0.06244382595187769   
Current LR:  [0.0002253819391833335]
Train , Epoch 45 : : total loss : 0.07113683400847064   3d pose loss : 0.03135217039451643   3d marker loss : 0.03978466376822236   
Valid, Epoch 45 : : total loss : 0.10833509503052441   3d pose loss : 0.046676232620094515   3d marker loss : 0.06165886266171883   
Current LR:  [0.00021804168820509524]
Train , Epoch 46 : : total loss : 0.07073012253760926   3d pose loss : 0.031139060806345903   3d marker loss : 0.039591061876961056   
Valid, Epoch 46 : : total loss : 0.11087994564137858   3d pose loss : 0.04757434495176494   3d marker loss : 0.06330560077701848   
Current LR:  [0.00021094049491097647]
Train , Epoch 47 : : total loss : 0.07066141585448037   3d pose loss : 0.031117484650568912   3d marker loss : 0.03954393120105464   
Valid, Epoch 47 : : total loss : 0.11100829771858406   3d pose loss : 0.04777837411455531   3d marker loss : 0.06322992360402875   
Current LR:  [0.00020407057365761077]
Train , Epoch 48 : : total loss : 0.07045866210767827   3d pose loss : 0.03102114484959676   3d marker loss : 0.03943751736378377   
Valid, Epoch 48 : : total loss : 0.10959708383633776   3d pose loss : 0.04709013696442755   3d marker loss : 0.06250694672987732   
Current LR:  [0.0001974243923648788]
Train , Epoch 49 : : total loss : 0.07010048722699741   3d pose loss : 0.03086893443600989   3d marker loss : 0.03923155289097615   
Valid, Epoch 49 : : total loss : 0.1092972102954925   3d pose loss : 0.04705729878753978   3d marker loss : 0.0622399114751759   
Current LR:  [0.00019099466425784707]
Train , Epoch 50 : : total loss : 0.07005192495973929   3d pose loss : 0.0308406880993876   3d marker loss : 0.03921123680321534   
Valid, Epoch 50 : : total loss : 0.10959299761590616   3d pose loss : 0.04705484247089645   3d marker loss : 0.06253815518871213   
Current LR:  [0.00018477433987765547]
Train , Epoch 51 : : total loss : 0.06992341302609517   3d pose loss : 0.030791436073490264   3d marker loss : 0.03913197687547083   
Valid, Epoch 51 : : total loss : 0.10780876124880838   3d pose loss : 0.04631028596208356   3d marker loss : 0.061498475253948005   
Current LR:  [0.00017875659935259487]
Best Loss : 0.10780876124880838
Train , Epoch 52 : : total loss : 0.06966177184431831   3d pose loss : 0.030660683360590708   3d marker loss : 0.03900108852086623   
Valid, Epoch 52 : : total loss : 0.11079619381170139   3d pose loss : 0.04786996096959856   3d marker loss : 0.0629262329622845   
Current LR:  [0.00017293484492090055]
Train , Epoch 53 : : total loss : 0.06945714889311351   3d pose loss : 0.030561200154522444   3d marker loss : 0.038895948607177454   
Valid, Epoch 53 : : total loss : 0.10903393388635767   3d pose loss : 0.046837172426516215   3d marker loss : 0.062196761590948724   
Current LR:  [0.00016730269369706375]
Train , Epoch 54 : : total loss : 0.06926709471807524   3d pose loss : 0.030463645288983553   3d marker loss : 0.03880344949479849   
Valid, Epoch 54 : : total loss : 0.10899997832586977   3d pose loss : 0.04681612254172392   3d marker loss : 0.06218385556563373   
Current LR:  [0.0001618539706737303]
Train , Epoch 55 : : total loss : 0.06916044431915679   3d pose loss : 0.03043604235341944   3d marker loss : 0.038724402074296414   
Valid, Epoch 55 : : total loss : 0.10981739396605808   3d pose loss : 0.04702561230065569   3d marker loss : 0.06279178100986602   
Current LR:  [0.00015658270195151384]
Train , Epoch 56 : : total loss : 0.06973033877192465   3d pose loss : 0.030664821252501084   3d marker loss : 0.03906551762798264   
Valid, Epoch 56 : : total loss : 0.10953818953077686   3d pose loss : 0.04705427681948522   3d marker loss : 0.06248391256925876   
Current LR:  [0.0001514831081893009]
Train , Epoch 57 : : total loss : 0.06908090517747621   3d pose loss : 0.030380009156451816   3d marker loss : 0.03870089609244484   
Valid, Epoch 57 : : total loss : 0.10825967924173806   3d pose loss : 0.046689595379452255   3d marker loss : 0.061570084157277175   
Current LR:  [0.00014654959826786653]
Train , Epoch 58 : : total loss : 0.06866922515210198   3d pose loss : 0.030188394621860213   3d marker loss : 0.038480830641657665   
Valid, Epoch 58 : : total loss : 0.10952083695853689   3d pose loss : 0.0470080330548633   3d marker loss : 0.06251280406755767   
Current LR:  [0.0001417767631598541]
Train , Epoch 59 : : total loss : 0.06853969807685154   3d pose loss : 0.0301387921729885   3d marker loss : 0.03840090586386758   
Valid, Epoch 59 : : total loss : 0.10900664272715656   3d pose loss : 0.04687401971090682   3d marker loss : 0.062132623059952166   
Current LR:  [0.0001371593699993975]
Train , Epoch 60 : : total loss : 0.0684786355637151   3d pose loss : 0.030122009968739347   3d marker loss : 0.038356625469275776   
Valid, Epoch 60 : : total loss : 0.10806262179568646   3d pose loss : 0.046457531406072894   3d marker loss : 0.061605090127399016   
Current LR:  [0.00013269235634488427]
Train , Epoch 61 : : total loss : 0.06825429990750514   3d pose loss : 0.030016663215734474   3d marker loss : 0.038237636686057036   
Valid, Epoch 61 : : total loss : 0.10851100288470127   3d pose loss : 0.04655237263866638   3d marker loss : 0.061958629940117915   
Current LR:  [0.0001283708246285696]
Train , Epoch 62 : : total loss : 0.06823967336648447   3d pose loss : 0.0300068551348808   3d marker loss : 0.038232818308737745   
Valid, Epoch 62 : : total loss : 0.10835677204511417   3d pose loss : 0.046600134297761525   3d marker loss : 0.06175663761624537   
Current LR:  [0.00012419003678695541]
Train , Epoch 63 : : total loss : 0.06792567985737982   3d pose loss : 0.02985988569051667   3d marker loss : 0.038065794135438154   
Valid, Epoch 63 : : total loss : 0.10946061665585056   3d pose loss : 0.04720753449347441   3d marker loss : 0.062253082249781   
Current LR:  [0.00012014540906604748]
Train , Epoch 64 : : total loss : 0.0680715408907529   3d pose loss : 0.02991946178711265   3d marker loss : 0.03815207920648569   
Valid, Epoch 64 : : total loss : 0.10904831915135105   3d pose loss : 0.046875495279581514   3d marker loss : 0.062172824133984075   
Current LR:  [0.00011623250699579541]
Train , Epoch 65 : : total loss : 0.06789880460756688   3d pose loss : 0.029848451214768222   3d marker loss : 0.03805035349278728   
Valid, Epoch 65 : : total loss : 0.10941694541261981   3d pose loss : 0.046973801349678004   3d marker loss : 0.06244314358221513   
Current LR:  [0.00011244704052820517]
Train , Epoch 66 : : total loss : 0.06763958789842443   3d pose loss : 0.029722626915235827   3d marker loss : 0.03791696102318405   
Valid, Epoch 66 : : total loss : 0.10900202268160468   3d pose loss : 0.0469380140676036   3d marker loss : 0.06206400878881078   
Current LR:  [0.00010878485933379387]
Train , Epoch 67 : : total loss : 0.06761490373637961   3d pose loss : 0.029721271286667125   3d marker loss : 0.0378936325811261   
Valid, Epoch 67 : : total loss : 0.10897651243992112   3d pose loss : 0.04691028865925737   3d marker loss : 0.06206622373696132   
Current LR:  [0.00010524194825122989]
Train , Epoch 68 : : total loss : 0.06745827718540752   3d pose loss : 0.02963814507895635   3d marker loss : 0.037820132175014794   
Valid, Epoch 68 : : total loss : 0.1092928698580552   3d pose loss : 0.04698537579488278   3d marker loss : 0.06230749410687484   
Current LR:  [0.00010181442288516934]
Train , Epoch 69 : : total loss : 0.0673980454520031   3d pose loss : 0.029616934541567153   3d marker loss : 0.03778111091329276   
Valid, Epoch 69 : : total loss : 0.10745256279907003   3d pose loss : 0.04623568513611696   3d marker loss : 0.06121687740073852   
Current LR:  [9.849852534746241e-05]
Best Loss : 0.10745256279907003
Train , Epoch 70 : : total loss : 0.0672384589693389   3d pose loss : 0.02954733213181236   3d marker loss : 0.03769112675467883   
Valid, Epoch 70 : : total loss : 0.1079451268867113   3d pose loss : 0.04647990800908064   3d marker loss : 0.06146521852801126   
Current LR:  [9.529062013706035e-05]
Train , Epoch 71 : : total loss : 0.06706553377622476   3d pose loss : 0.029469211554394727   3d marker loss : 0.03759632219611867   
Valid, Epoch 71 : : total loss : 0.10844400971130953   3d pose loss : 0.046637693319844235   3d marker loss : 0.0618063163914653   
Current LR:  [9.218719015410583e-05]
Train , Epoch 72 : : total loss : 0.06699774889104022   3d pose loss : 0.029437264067583655   3d marker loss : 0.037560484857738385   
Valid, Epoch 72 : : total loss : 0.10742700852719338   3d pose loss : 0.046118607803811815   3d marker loss : 0.061308400286357305   
Current LR:  [8.918483284383671e-05]
Best Loss : 0.10742700852719338
Train , Epoch 73 : : total loss : 0.06739508439472482   3d pose loss : 0.029600438739007418   3d marker loss : 0.03779464561857877   
Valid, Epoch 73 : : total loss : 0.10890167433163847   3d pose loss : 0.04690508805976737   3d marker loss : 0.06199658621724307   
Current LR:  [8.628025646607522e-05]
Train , Epoch 74 : : total loss : 0.06790009035837431   3d pose loss : 0.029847188829872872   3d marker loss : 0.038052901591351426   
Valid, Epoch 74 : : total loss : 0.10834168328033579   3d pose loss : 0.046512205084394374   3d marker loss : 0.061829478021131715   
Current LR:  [8.347027648621271e-05]
Train , Epoch 75 : : total loss : 0.06710033726655633   3d pose loss : 0.02946333460041259   3d marker loss : 0.03763700272042327   
Valid, Epoch 75 : : total loss : 0.10770048844738914   3d pose loss : 0.04640362354719434   3d marker loss : 0.061296865249814196   
Current LR:  [8.075181208373298e-05]
Train , Epoch 76 : : total loss : 0.06679382179206683   3d pose loss : 0.029335685548561117   3d marker loss : 0.03745813632349661   
Valid, Epoch 76 : : total loss : 0.10880276335442758   3d pose loss : 0.04682604452176357   3d marker loss : 0.06197671843934219   
Current LR:  [7.812188277444623e-05]
Train , Epoch 77 : : total loss : 0.06668642760351574   3d pose loss : 0.02929234060178871   3d marker loss : 0.03739408698458613   
Valid, Epoch 77 : : total loss : 0.10744970592785118   3d pose loss : 0.046077267789958694   3d marker loss : 0.06137243827992536   
Current LR:  [7.557760514273017e-05]
Train , Epoch 78 : : total loss : 0.0665941593162944   3d pose loss : 0.029250015487517315   3d marker loss : 0.0373441438801998   
Valid, Epoch 78 : : total loss : 0.108460625613624   3d pose loss : 0.04660791645411905   3d marker loss : 0.06185270920320737   
Current LR:  [7.311618968019584e-05]
Train , Epoch 79 : : total loss : 0.06649626805761293   3d pose loss : 0.029198798319564824   3d marker loss : 0.037297469792327634   
Valid, Epoch 79 : : total loss : 0.10800193545034088   3d pose loss : 0.04647388689656293   3d marker loss : 0.06152804895802539   
Current LR:  [7.073493772731177e-05]
Train , Epoch 80 : : total loss : 0.0664561789859932   3d pose loss : 0.029186597602453335   3d marker loss : 0.03726958132068987   
Valid, Epoch 80 : : total loss : 0.10792791062233462   3d pose loss : 0.0461958938050954   3d marker loss : 0.061732017155933   
Current LR:  [6.84312385146336e-05]
Train , Epoch 81 : : total loss : 0.06635643388687468   3d pose loss : 0.02914036055626862   3d marker loss : 0.03721607322204698   
Valid, Epoch 81 : : total loss : 0.10762268211410896   3d pose loss : 0.046266291779783926   3d marker loss : 0.06135639002840806   
Current LR:  [6.620256630039507e-05]
Train , Epoch 82 : : total loss : 0.06637492263975318   3d pose loss : 0.029143923616459583   3d marker loss : 0.037230999014723154   
Valid, Epoch 82 : : total loss : 0.10766246843027726   3d pose loss : 0.046311523199583995   3d marker loss : 0.06135094523069325   
Current LR:  [6.4046477601322e-05]
Train , Epoch 83 : : total loss : 0.06628046232201387   3d pose loss : 0.02910572125867832   3d marker loss : 0.037174741114758277   
Valid, Epoch 83 : : total loss : 0.10797850546593431   3d pose loss : 0.04642911342354789   3d marker loss : 0.061549391736469436   
Current LR:  [6.196060851363344e-05]
Train , Epoch 84 : : total loss : 0.06629556668293805   3d pose loss : 0.02910558969079534   3d marker loss : 0.03718997691215182   
Valid, Epoch 84 : : total loss : 0.10827492439564398   3d pose loss : 0.04660347143677893   3d marker loss : 0.061671452915162635   
Current LR:  [5.9942672121292436e-05]
Train , Epoch 85 : : total loss : 0.06605215835744983   3d pose loss : 0.028994090155201272   3d marker loss : 0.03705806799370087   
Valid, Epoch 85 : : total loss : 0.10808129282638358   3d pose loss : 0.0464953705825505   3d marker loss : 0.061585922069023386   
Current LR:  [5.799045598866512e-05]
Train , Epoch 86 : : total loss : 0.06606851785552283   3d pose loss : 0.029004316534161384   3d marker loss : 0.03706420141563642   
Valid, Epoch 86 : : total loss : 0.10839307582429737   3d pose loss : 0.04665509560359255   3d marker loss : 0.06173798043921695   
Current LR:  [5.610181973483898e-05]
Train , Epoch 87 : : total loss : 0.06590765294693182   3d pose loss : 0.028929416218806812   3d marker loss : 0.03697823643958642   
Valid, Epoch 87 : : total loss : 0.10782767747196047   3d pose loss : 0.04630496783584736   3d marker loss : 0.06152270967981553   
Current LR:  [5.4274692686940856e-05]
Train , Epoch 88 : : total loss : 0.06605999320859741   3d pose loss : 0.028994736341656717   3d marker loss : 0.03706525687836796   
Valid, Epoch 88 : : total loss : 0.10789604124080227   3d pose loss : 0.04642000921420878   3d marker loss : 0.06147603223418001   
Current LR:  [5.250707160988182e-05]
Train , Epoch 89 : : total loss : 0.06586210530799774   3d pose loss : 0.02891477708779047   3d marker loss : 0.03694732826591635   
Valid, Epoch 89 : : total loss : 0.10822426111404689   3d pose loss : 0.0464913469876938   3d marker loss : 0.06173291377673369   
Current LR:  [5.0797018510039816e-05]
Train , Epoch 90 : : total loss : 0.06588148330823958   3d pose loss : 0.028917798306792974   3d marker loss : 0.03696368499858979   
Valid, Epoch 90 : : total loss : 0.10864369522453436   3d pose loss : 0.046699678544960585   3d marker loss : 0.06194401681068105   
Current LR:  [4.9142658510472115e-05]
Train , Epoch 91 : : total loss : 0.06571880853706343   3d pose loss : 0.028841657441200836   3d marker loss : 0.03687715105301032   
Valid, Epoch 91 : : total loss : 0.10749724848483902   3d pose loss : 0.046249695969659305   3d marker loss : 0.06124755302868321   
Current LR:  [4.7542177795327946e-05]
Train , Epoch 92 : : total loss : 0.06582075306585779   3d pose loss : 0.02888325930635896   3d marker loss : 0.03693749381377836   
Valid, Epoch 92 : : total loss : 0.107455341617758   3d pose loss : 0.046126963674677966   3d marker loss : 0.06132837775734472   
Current LR:  [4.599382162120759e-05]
Train , Epoch 93 : : total loss : 0.06561855816973682   3d pose loss : 0.028801586030428213   3d marker loss : 0.03681697203360635   
Valid, Epoch 93 : : total loss : 0.10717473820230175   3d pose loss : 0.046012191983980676   3d marker loss : 0.06116254643683319   
Current LR:  [4.449589239328767e-05]
Best Loss : 0.10717473820230175
Train , Epoch 94 : : total loss : 0.0656426174200477   3d pose loss : 0.028798535149087385   3d marker loss : 0.0368440823652353   
Valid, Epoch 94 : : total loss : 0.10839177585196598   3d pose loss : 0.04650445625113584   3d marker loss : 0.06188731955712771   
Current LR:  [4.3046747804103275e-05]
Train , Epoch 95 : : total loss : 0.06558406989495813   3d pose loss : 0.028777344120906358   3d marker loss : 0.036806725759767685   
Valid, Epoch 95 : : total loss : 0.10795167058190049   3d pose loss : 0.04631315897042281   3d marker loss : 0.061638511534998434   
Current LR:  [4.1644799032946324e-05]
Train , Epoch 96 : : total loss : 0.06560284956329805   3d pose loss : 0.028789047246078954   3d marker loss : 0.03681380226293956   
Valid, Epoch 96 : : total loss : 0.10872333933218689   3d pose loss : 0.046685530955605084   3d marker loss : 0.062037808944713335   
Current LR:  [4.028850900390604e-05]
Train , Epoch 97 : : total loss : 0.06555223395830832   3d pose loss : 0.0287688420456977   3d marker loss : 0.036783391918324256   
Valid, Epoch 97 : : total loss : 0.10783943963000585   3d pose loss : 0.04638575213976582   3d marker loss : 0.06145368792726427   
Current LR:  [3.8976390700641606e-05]
Train , Epoch 98 : : total loss : 0.06539895231235612   3d pose loss : 0.028693824072305592   3d marker loss : 0.036705128220052806   
Valid, Epoch 98 : : total loss : 0.10815373643510294   3d pose loss : 0.04646050920190148   3d marker loss : 0.06169322753911844   
Current LR:  [3.7707005536039485e-05]
Train , Epoch 99 : : total loss : 0.06536013283909647   3d pose loss : 0.02867561456478812   3d marker loss : 0.036684518280021984   
Valid, Epoch 99 : : total loss : 0.10767470729437356   3d pose loss : 0.04626173151914932   3d marker loss : 0.06141297629965334   
Current LR:  [3.647896177496772e-05]
Train , Epoch 100 : : total loss : 0.065328558261272   3d pose loss : 0.028660432361294886   3d marker loss : 0.03666812593425892   
Valid, Epoch 100 : : total loss : 0.10804420080841347   3d pose loss : 0.04640483602727107   3d marker loss : 0.06163936430041572   
Current LR:  [3.529091300839812e-05]
Train , Epoch 101 : : total loss : 0.06555720662663868   3d pose loss : 0.028759026748522477   3d marker loss : 0.036798180000959364   
Valid, Epoch 101 : : total loss : 0.1080020638917677   3d pose loss : 0.046408819219235946   3d marker loss : 0.06159324458512691   
Current LR:  [3.414155667722333e-05]
Train , Epoch 102 : : total loss : 0.06530948810599332   3d pose loss : 0.028654019771132366   3d marker loss : 0.036655468329147324   
Valid, Epoch 102 : : total loss : 0.10744036982251988   3d pose loss : 0.04618190731380373   3d marker loss : 0.06125846233390645   
Current LR:  [3.302963264415024e-05]
Train , Epoch 103 : : total loss : 0.06529634692163372   3d pose loss : 0.028647503007111923   3d marker loss : 0.03664884391737862   
Valid, Epoch 103 : : total loss : 0.10820486530048383   3d pose loss : 0.046469844750026856   3d marker loss : 0.06173502053953137   
Current LR:  [3.195392181210411e-05]
Train , Epoch 104 : : total loss : 0.06521562829705103   3d pose loss : 0.02861236541766239   3d marker loss : 0.036603262905100006   
Valid, Epoch 104 : : total loss : 0.10774267007161559   3d pose loss : 0.04629250058287847   3d marker loss : 0.06145016948873712   
Current LR:  [3.0913244787628536e-05]
Train , Epoch 105 : : total loss : 0.06523234179483418   3d pose loss : 0.028621941693469974   3d marker loss : 0.036610400138502835   
Valid, Epoch 105 : : total loss : 0.10793189512537223   3d pose loss : 0.04632302696704209   3d marker loss : 0.06160886802722287   
Current LR:  [2.9906460587815915e-05]
Train , Epoch 106 : : total loss : 0.06520983647623677   3d pose loss : 0.02860139012679549   3d marker loss : 0.03660844640657763   
Valid, Epoch 106 : : total loss : 0.10754748020499014   3d pose loss : 0.04616930068287619   3d marker loss : 0.06137817939100667   
Current LR:  [2.893246538935064e-05]
Train , Epoch 107 : : total loss : 0.06512779448798463   3d pose loss : 0.028569445308252162   3d marker loss : 0.036558349262580184   
Valid, Epoch 107 : : total loss : 0.10734133488338073   3d pose loss : 0.04609984283475235   3d marker loss : 0.06124149203770277   
Current LR:  [2.799019131829353e-05]
Train , Epoch 108 : : total loss : 0.06514719758822692   3d pose loss : 0.028581116605618614   3d marker loss : 0.036566080856908316   
Valid, Epoch 108 : : total loss : 0.10761988091977945   3d pose loss : 0.046234000167273304   3d marker loss : 0.06138588110212554   
Current LR:  [2.7078605279280633e-05]
Train , Epoch 109 : : total loss : 0.06509532605189304   3d pose loss : 0.028560175169030765   3d marker loss : 0.03653515082286911   
Valid, Epoch 109 : : total loss : 0.10833024532872962   3d pose loss : 0.04657632855990555   3d marker loss : 0.061753916681419205   
Current LR:  [2.619670782285274e-05]
Train , Epoch 110 : : total loss : 0.06512181192887889   3d pose loss : 0.028573733000256167   3d marker loss : 0.036548078968618176   
Valid, Epoch 110 : : total loss : 0.10790196088721495   3d pose loss : 0.04637349315070284   3d marker loss : 0.06152846760540482   
Current LR:  [2.534353204967377e-05]
Train , Epoch 111 : : total loss : 0.06512124319360849   3d pose loss : 0.028570079158968722   3d marker loss : 0.03655116410320339   
Valid, Epoch 111 : : total loss : 0.10706792154382931   3d pose loss : 0.046030307207237775   3d marker loss : 0.06103761411807942   
Current LR:  [2.4518142550436615e-05]
Best Loss : 0.10706792154382931
Train , Epoch 112 : : total loss : 0.06500576673064129   3d pose loss : 0.02851636272118044   3d marker loss : 0.036489404212294914   
Valid, Epoch 112 : : total loss : 0.10776658727250629   3d pose loss : 0.04629704979772518   3d marker loss : 0.06146953781347491   
Current LR:  [2.3719634380294224e-05]
Train , Epoch 113 : : total loss : 0.06499496476576189   3d pose loss : 0.02850920445874242   3d marker loss : 0.03648576035844219   
Valid, Epoch 113 : : total loss : 0.10758538845315031   3d pose loss : 0.04625926133791169   3d marker loss : 0.061326126689139976   
Current LR:  [2.2947132066691434e-05]
Train , Epoch 114 : : total loss : 0.06499829287840728   3d pose loss : 0.02851972412432264   3d marker loss : 0.0364785688455028   
Valid, Epoch 114 : : total loss : 0.10719838272191222   3d pose loss : 0.046060253638371615   3d marker loss : 0.06113812920372227   
Current LR:  [2.2199788649509805e-05]
Train , Epoch 115 : : total loss : 0.06497357146345947   3d pose loss : 0.028503302079082634   3d marker loss : 0.03647026942437229   
Valid, Epoch 115 : : total loss : 0.1069451561442611   3d pose loss : 0.04595046209028186   3d marker loss : 0.060994694130458486   
Current LR:  [2.147678475247307e-05]
Best Loss : 0.1069451561442611
Train , Epoch 116 : : total loss : 0.06492168238055121   3d pose loss : 0.02848033629289251   3d marker loss : 0.03644134615050869   
Valid, Epoch 116 : : total loss : 0.10793375986414075   3d pose loss : 0.04634867095999708   3d marker loss : 0.06158508899154852   
Current LR:  [2.077732768479508e-05]
Train , Epoch 117 : : total loss : 0.06500805834411112   3d pose loss : 0.02851515986093897   3d marker loss : 0.03649289844889034   
Valid, Epoch 117 : : total loss : 0.10769197691941106   3d pose loss : 0.04624523633385806   3d marker loss : 0.061446740749437095   
Current LR:  [2.010065057208537e-05]
Train , Epoch 118 : : total loss : 0.06484417693312365   3d pose loss : 0.028443681647532557   3d marker loss : 0.03640049514846385   
Valid, Epoch 118 : : total loss : 0.107687913380538   3d pose loss : 0.04625659840712898   3d marker loss : 0.06143131474397128   
Current LR:  [1.9446011515559383e-05]
Train , Epoch 119 : : total loss : 0.06482178773273903   3d pose loss : 0.028429396499085463   3d marker loss : 0.03639239128221946   
Valid, Epoch 119 : : total loss : 0.10724139873468627   3d pose loss : 0.04607158347017856   3d marker loss : 0.06116981565782954   
Finished Training
Load  /tudelft.net/staff-bulk/ewi/insy/VisionLab/students/wyang/dataset/models/model_115_BML_TEMPORAL_TCN_L1.pt
Casual : False
Use Temporal Convolutional Network
Receptive Field: 243
Filter Widths: [3, 3, 3, 3, 3]
Joint Error : 0.015066400170326233 , Marker Error : 0.01919853873550892
Joint Error : 0.03170238807797432 , Marker Error : 0.04229355603456497
Joint Error : 0.02668880484998226 , Marker Error : 0.032959986478090286
