/home/nfs/weitseyang/.bashrc: line 20: dirname: command not found
/home/nfs/weitseyang/.bashrc: line 21: dirname: command not found
              total        used        free      shared  buff/cache   available
Mem:         385423       24877      335033         862       25512      358572
Swap:         57080           0       57080
Tue Aug  3 10:31:15 2021       
+-----------------------------------------------------------------------------+
| NVIDIA-SMI 470.57.02    Driver Version: 470.57.02    CUDA Version: 11.4     |
|-------------------------------+----------------------+----------------------+
| GPU  Name        Persistence-M| Bus-Id        Disp.A | Volatile Uncorr. ECC |
| Fan  Temp  Perf  Pwr:Usage/Cap|         Memory-Usage | GPU-Util  Compute M. |
|                               |                      |               MIG M. |
|===============================+======================+======================|
|   0  NVIDIA GeForce ...  On   | 00000000:3D:00.0 Off |                  N/A |
| 32%   39C    P8    13W / 250W |      1MiB / 11019MiB |      0%      Default |
|                               |                      |                  N/A |
+-------------------------------+----------------------+----------------------+
                                                                               
+-----------------------------------------------------------------------------+
| Processes:                                                                  |
|  GPU   GI   CI        PID   Type   Process name                  GPU Memory |
|        ID   ID                                                   Usage      |
|=============================================================================|
|  No running processes found                                                 |
+-----------------------------------------------------------------------------+
BML_FOLDER: /tudelft.net/staff-bulk/ewi/insy/VisionLab/students/wyang/dataset/HDF5/BML/
DATASET:
  GEOM:
    AUG: False
    HFLIP: True
    ROT: 10
  MIX_PROB: 0.0
  OCCLUSION:
    PROB: 0.0
    ZERO: True
  ROATION_PROB: 0.0
  SCALING_PROB: 0.0
  TRAINING_USEDEACHFRAME: 1
  USEDEACHFRAME: 1
EVAL_WORKERS: 16
HYP:
  MARKER: 1
  MARKERPAIRS: 1
  POS: 1
  SEQUENCE_LEN_LOSS: 1
  SEQUENCE_POS_LOSS: 1
  SYMARKERPAIRS: 1
LOSS:
  POS_LOSS_TYPE: 2
  SEQUENCE_LEN_LOSS:
    TYPE: 2
    USE: False
  SEQUENCE_POS_LOSS:
    LAMBDA: 16
    TYPE: 2
    USE: False
LSTM:
  BIDIRECTIONAL: True
  DROPOUTPROB: 0.1
  HIDDEN_STATE: 512
  NUM_LAYERS: 3
MODEL:
  AWARED_OCCLUSION:
    GT: False
    USE: False
    USE_PREDICTION: False
  CAUSAL: False
  INFEATURES: 231
  OUTFEATURES: 231
  RECEPTIVE_FIELD: 243
  REFINE: False
  TYPE: 1
  USE_2D: False
  USE_GT: False
MODEL_FOLDER: /tudelft.net/staff-bulk/ewi/insy/VisionLab/students/wyang/dataset/models/
PASCAL_PATH: /tudelft.net/staff-bulk/ewi/insy/VisionLab/students/wyang/dataset/HDF5/PASCAL/pascal.hdf5
POSTFIX: BML_TEMPORAL_TRANSFORMER
PREDICTION:
  NUMPRED: 77
  NUM_JOINTS: 22
  NUM_MARKER: 55
  POS_NAME: ['ROOT', 'LHIPJ', 'RHIPJ', 'Spine1', 'LKJC', 'RKJC', 'Spine2', 'LAJC', 'RAJC', 'Spine3', 'LFOOT', 'RFOOT', 'NECK', 'LCOL', 'RCOL', 'HEAD', 'LSHOULDER', 'RSHOULDER', 'LELC', 'RELC', 'LWRIST', 'RWRIST', 'LPSI', 'RPSI', 'RASI', 'LASI', 'T12', 'T10', 'T8', 'T1', 'C7', 'RKNE', 'RKNI', 'LKNE', 'LKNI', 'LANK', 'RANK', 'LANI', 'RANI', 'LHEE', 'RHEE', 'RTOE', 'LTOE', 'RMT1', 'LMT1', 'RMT5', 'LMT5', 'LSHO', 'RSHO', 'STRN', 'CLAV', 'RCLAV', 'LCLAV', 'LELB', 'RELB', 'LELBIN', 'RELBIN', 'LIWR', 'RIWR', 'LOWR', 'ROWR', 'LFHD', 'RFHD', 'LBHD', 'RBHD', 'Virtual_Ground_RAJC', 'Virtual_Ground_LAJC', 'Virtual_Ground_RFOOT', 'Virtual_Ground_LFOOT', 'Virtual_Ground_RTOE', 'Virtual_Ground_LTOE', 'Virtual_Ground_RMT1', 'Virtual_Ground_LMT1', 'Virtual_Ground_RMT5', 'Virtual_Ground_LMT5', 'Virtual_Ground_RHEE', 'Virtual_Ground_LHEE']
PROGRESSBAR: False
SEED: 100
STARTMODELPATH: None
TESTMODE: False
TEST_SUBJECTS: [2, 29, 19, 21, 51, 26, 7, 72, 77, 17, 65, 80, 6, 76, 10, 73, 13, 38]
TRAINING:
  AMSGRAD: False
  BATCHSIZE: 256
  END_LR: [1.82e-05]
  END_MOMENTUM: 0.001
  EPOCH: [50]
  EVALUATION_BATCHSIZE: 256
  INITIAL_MOMENTUM: 0.1
  START_LR: [0.001]
  TRAINING_STEPS: 1
TRAINING_SUBJECTS: [78, 59, 79, 44, 56, 88, 75, 61, 53, 47, 40, 41, 32, 70, 28, 39, 69, 11, 3, 90, 71, 54, 20, 85, 37, 34, 33, 46, 67, 63, 55, 36, 42, 50, 24, 35, 84, 45, 60, 16, 74, 82, 27, 89, 57, 5, 49, 22, 4, 66, 31, 83, 43, 48, 52, 68, 25, 9, 18, 1, 81, 58, 23, 62, 64, 8, 87]
TRANSFORMER:
  BATCHNORM: False
  DROPOUT: False
  D_CHANNEL: 512
  D_MODEL: 256
  N1: 3
  N_HEADS: 8
  POS_ENCODNIG_EVERY_BLOCK: False
  STRIDES: [3, 9, 9]
VALID_SUBJECTS: [14, 86, 15, 30]
VALID_WORKERS: 16
WORKERS: 16
167028 training data, 21822 valid data, 100839 test data
Use Transformer, Receptive Field : 243
LR starts from 0.001, LR decay rate : 0.9244506937600191
Train , Epoch 0 : : total loss : 0.6966820229873335   3d pose loss : 0.19765202787939024   3d marker loss : 0.24026969180333835   intermediate joint loss : 0.11670982213748013   intermediate marker loss : 0.1420504819841747   
Valid, Epoch 0 : : total loss : 0.5472732918387689   3d pose loss : 0.17850899375137275   3d marker loss : 0.22140037944626934   intermediate joint loss : 0.06771602856556772   intermediate marker loss : 0.07964788848042062   
Current LR:  [0.0009244506937600191]
Best Loss : 0.5472732918387689
Train , Epoch 1 : : total loss : 0.32643700955561333   3d pose loss : 0.10195348866603857   3d marker loss : 0.12708955665513233   intermediate joint loss : 0.04439874607041204   intermediate marker loss : 0.05299521878110302   
Valid, Epoch 1 : : total loss : 0.2542958413415055   3d pose loss : 0.06285880414127003   3d marker loss : 0.07739931225350574   intermediate joint loss : 0.04904167408052084   intermediate marker loss : 0.06499604913996312   
Current LR:  [0.0008546090851933807]
Best Loss : 0.2542958413415055
Train , Epoch 2 : : total loss : 0.16401837149097875   3d pose loss : 0.041538363031220216   3d marker loss : 0.05028293273223141   intermediate joint loss : 0.03241439929883356   intermediate marker loss : 0.039782676348702674   
Valid, Epoch 2 : : total loss : 0.18565357683035097   3d pose loss : 0.042505346464636606   3d marker loss : 0.05519708598548317   intermediate joint loss : 0.0376801551420806   intermediate marker loss : 0.050270988243920435   
Current LR:  [0.000790043961700636]
Best Loss : 0.18565357683035097
Train , Epoch 3 : : total loss : 0.12988227232147945   3d pose loss : 0.031158385286964706   3d marker loss : 0.038710030984202046   intermediate joint loss : 0.026643210236394516   intermediate marker loss : 0.03337064590533635   
Valid, Epoch 3 : : total loss : 0.18049470664447306   3d pose loss : 0.041872642510272264   3d marker loss : 0.05342428883736189   intermediate joint loss : 0.03717394497226089   intermediate marker loss : 0.04802382941775269   
Current LR:  [0.000730356688495067]
Best Loss : 0.18049470664447306
Train , Epoch 4 : : total loss : 0.11489967391626235   3d pose loss : 0.027087543796793633   3d marker loss : 0.03408393157828896   intermediate joint loss : 0.02369923158005977   intermediate marker loss : 0.030028966958263167   
Valid, Epoch 4 : : total loss : 0.1740898973246279   3d pose loss : 0.0407378833504342   3d marker loss : 0.05103844236512525   intermediate joint loss : 0.03590478141916824   intermediate marker loss : 0.04640879058322202   
Current LR:  [0.0006751787473715348]
Best Loss : 0.1740898973246279
Train , Epoch 5 : : total loss : 0.10535358194193226   3d pose loss : 0.024745037836348353   3d marker loss : 0.03134863445695284   intermediate joint loss : 0.021697406685608295   intermediate marker loss : 0.027562502868747785   
Valid, Epoch 5 : : total loss : 0.1688047866534601   3d pose loss : 0.03858672880949409   3d marker loss : 0.0485750168559204   intermediate joint loss : 0.03530921452904849   intermediate marker loss : 0.04633382673213729   
Current LR:  [0.0006241694614196361]
Best Loss : 0.1688047866534601
Train , Epoch 6 : : total loss : 0.09848078392857423   3d pose loss : 0.02319056537299434   3d marker loss : 0.029290264506647193   intermediate joint loss : 0.020271489293845885   intermediate marker loss : 0.025728464663668644   
Valid, Epoch 6 : : total loss : 0.15643103716408624   3d pose loss : 0.03502624087980038   3d marker loss : 0.046000866970366074   intermediate joint loss : 0.03225969713228715   intermediate marker loss : 0.043144232269037484   
Current LR:  [0.0005770138916332]
Best Loss : 0.15643103716408624
Train , Epoch 7 : : total loss : 0.09269532541875825   3d pose loss : 0.02172912784389283   3d marker loss : 0.027525445106410723   intermediate joint loss : 0.019122407745935616   intermediate marker loss : 0.024318344685380446   
Valid, Epoch 7 : : total loss : 0.16207551147681898   3d pose loss : 0.03547122562393763   3d marker loss : 0.04793680826429595   intermediate joint loss : 0.033597910057863604   intermediate marker loss : 0.045069567585349815   
Current LR:  [0.0005334208924294802]
Train , Epoch 8 : : total loss : 0.08832847297283038   3d pose loss : 0.02063533268651805   3d marker loss : 0.026095833929335597   intermediate joint loss : 0.018300480003600107   intermediate marker loss : 0.023296826536212963   
Valid, Epoch 8 : : total loss : 0.15390125477787073   3d pose loss : 0.03419018344583722   3d marker loss : 0.04553476989067133   intermediate joint loss : 0.03151518830828264   intermediate marker loss : 0.04266111242837795   
Current LR:  [0.0004931213140725215]
Best Loss : 0.15390125477787073
Train , Epoch 9 : : total loss : 0.08467990077712054   3d pose loss : 0.019673897650527076   3d marker loss : 0.024911744962874915   intermediate joint loss : 0.01762286665637983   intermediate marker loss : 0.022471391524479616   
Valid, Epoch 9 : : total loss : 0.15303768931142286   3d pose loss : 0.03423809421760616   3d marker loss : 0.04516241845655437   intermediate joint loss : 0.03148974302479091   intermediate marker loss : 0.042147432869530196   
Current LR:  [0.00045586634090219474]
Best Loss : 0.15303768931142286
Train , Epoch 10 : : total loss : 0.08191260140092095   3d pose loss : 0.01897745806312451   3d marker loss : 0.024067404785656308   intermediate joint loss : 0.0170578467788209   intermediate marker loss : 0.021809891840454444   
Valid, Epoch 10 : : total loss : 0.1503958861164229   3d pose loss : 0.03334080131732842   3d marker loss : 0.044871018957932225   intermediate joint loss : 0.030655387483435454   intermediate marker loss : 0.04152867758200877   
Current LR:  [0.0004214259551088753]
Best Loss : 0.1503958861164229
Train , Epoch 11 : : total loss : 0.07923281668154009   3d pose loss : 0.018235564171879385   3d marker loss : 0.02320775841334206   intermediate joint loss : 0.016564538496677862   intermediate marker loss : 0.021224955628208954   
Valid, Epoch 11 : : total loss : 0.14939343377547656   3d pose loss : 0.03292395242924935   3d marker loss : 0.044071408483221886   intermediate joint loss : 0.03081758140195641   intermediate marker loss : 0.04158049101309907   
Current LR:  [0.00038958751656887843]
Best Loss : 0.14939343377547656
Train , Epoch 12 : : total loss : 0.07695699913964316   3d pose loss : 0.01764245050462203   3d marker loss : 0.02249734737036144   intermediate joint loss : 0.016117515360959376   intermediate marker loss : 0.02069968608796505   
Valid, Epoch 12 : : total loss : 0.1487297669589798   3d pose loss : 0.032655658506470876   3d marker loss : 0.04347918776759589   intermediate joint loss : 0.03102978781833951   intermediate marker loss : 0.041565132801019894   
Current LR:  [0.0003601544499723426]
Best Loss : 0.1487297669589798
Train , Epoch 13 : : total loss : 0.07520784001134656   3d pose loss : 0.017195132908131357   3d marker loss : 0.021935283554935018   intermediate joint loss : 0.015787825535445766   intermediate marker loss : 0.02028959811567986   
Valid, Epoch 13 : : total loss : 0.14939425498774306   3d pose loss : 0.032661417306108664   3d marker loss : 0.043621030641338494   intermediate joint loss : 0.03124464734338532   intermediate marker loss : 0.04186715874092005   
Current LR:  [0.0003329450311376902]
Train , Epoch 14 : : total loss : 0.0735241319709943   3d pose loss : 0.01673364442876009   3d marker loss : 0.021394681959681534   intermediate joint loss : 0.015479161374076652   intermediate marker loss : 0.019916644099916964   
Valid, Epoch 14 : : total loss : 0.14951798433169755   3d pose loss : 0.033163883674921554   3d marker loss : 0.04410179835193569   intermediate joint loss : 0.030877815902468023   intermediate marker loss : 0.04137448621663697   
Current LR:  [0.00030779126501918885]
Train , Epoch 15 : : total loss : 0.0717963482384667   3d pose loss : 0.016270649897940227   3d marker loss : 0.02081933406473029   intermediate joint loss : 0.015165952027152561   intermediate marker loss : 0.019540412294352712   
Valid, Epoch 15 : : total loss : 0.15310421961058115   3d pose loss : 0.03388718888539134   3d marker loss : 0.04514849643726505   intermediate joint loss : 0.03142846429307567   intermediate marker loss : 0.04264006968893212   
Current LR:  [0.000284537848480263]
Train , Epoch 16 : : total loss : 0.07043006447103857   3d pose loss : 0.015919403024474903   3d marker loss : 0.020394468917140016   intermediate joint loss : 0.014898156051586833   intermediate marker loss : 0.019218036573540213   
Valid, Epoch 16 : : total loss : 0.14712368134191017   3d pose loss : 0.032391181100071456   3d marker loss : 0.04343371125367131   intermediate joint loss : 0.03024831076894625   intermediate marker loss : 0.041050478251997986   
Current LR:  [0.0002630412114285623]
Best Loss : 0.14712368134191017
Train , Epoch 17 : : total loss : 0.06912213159393679   3d pose loss : 0.015554047661027843   3d marker loss : 0.019956423609626073   intermediate joint loss : 0.014671191111766945   intermediate marker loss : 0.018940469092957997   
Valid, Epoch 17 : : total loss : 0.14504793843802605   3d pose loss : 0.031958463877895645   3d marker loss : 0.0428931199054475   intermediate joint loss : 0.029917382345050123   intermediate marker loss : 0.04027897283952468   
Current LR:  [0.0002431686303926103]
Best Loss : 0.14504793843802605
Train , Epoch 18 : : total loss : 0.06795512241499921   3d pose loss : 0.015243752798111252   3d marker loss : 0.019565738054803727   intermediate joint loss : 0.014460446517286034   intermediate marker loss : 0.018685184976234576   
Valid, Epoch 18 : : total loss : 0.144008427751828   3d pose loss : 0.03145149118816609   3d marker loss : 0.04240246632393924   intermediate joint loss : 0.029800142696476063   intermediate marker loss : 0.040354327335660085   
Current LR:  [0.00022479740906712227]
Best Loss : 0.144008427751828
Train , Epoch 19 : : total loss : 0.06695814900374486   3d pose loss : 0.014964083311050856   3d marker loss : 0.019222824965700783   intermediate joint loss : 0.014300220438844862   intermediate marker loss : 0.01847102032243017   
Valid, Epoch 19 : : total loss : 0.1456861599983451   3d pose loss : 0.0321072154549431   3d marker loss : 0.04300439662581982   intermediate joint loss : 0.02988521167900044   intermediate marker loss : 0.04068933697059735   
Current LR:  [0.000207814120767556]
Train , Epoch 20 : : total loss : 0.06590941879166964   3d pose loss : 0.01468498979700855   3d marker loss : 0.018875928621373477   intermediate joint loss : 0.01410614778973345   intermediate marker loss : 0.01824235269354165   
Valid, Epoch 20 : : total loss : 0.1446639988689197   3d pose loss : 0.03172440795891445   3d marker loss : 0.04268320875680913   intermediate joint loss : 0.029776253284864797   intermediate marker loss : 0.040480128851942916   
Current LR:  [0.00019211390811669552]
Train , Epoch 21 : : total loss : 0.0649559263345654   3d pose loss : 0.01442019423281351   3d marker loss : 0.018555524413319636   intermediate joint loss : 0.013941172793210468   intermediate marker loss : 0.01803903454526162   
Valid, Epoch 21 : : total loss : 0.1446818811145496   3d pose loss : 0.03191588360014915   3d marker loss : 0.04301746435010699   intermediate joint loss : 0.029530380497865046   intermediate marker loss : 0.04021815157386781   
Current LR:  [0.00017759983563942774]
Train , Epoch 22 : : total loss : 0.06416316247585178   3d pose loss : 0.014212245131597107   3d marker loss : 0.018279526634084668   intermediate joint loss : 0.013799594178155888   intermediate marker loss : 0.017871796630574335   
Valid, Epoch 22 : : total loss : 0.14559751198934423   3d pose loss : 0.03193079179743341   3d marker loss : 0.0429709332857437   intermediate joint loss : 0.029923506218357206   intermediate marker loss : 0.040772280381892935   
Current LR:  [0.00016418229126853432]
Train , Epoch 23 : : total loss : 0.0635013755045237   3d pose loss : 0.014023327044399878   3d marker loss : 0.01803975461759359   intermediate joint loss : 0.013700889236368011   intermediate marker loss : 0.017737404477605426   
Valid, Epoch 23 : : total loss : 0.14574844351436267   3d pose loss : 0.03195228895469346   3d marker loss : 0.04297051806900462   intermediate joint loss : 0.029967640734606033   intermediate marker loss : 0.040857996526313806   
Current LR:  [0.00015177843306630608]
Train , Epoch 24 : : total loss : 0.06269310435360195   3d pose loss : 0.013793497780577903   3d marker loss : 0.017778336104759776   intermediate joint loss : 0.013553500459729436   intermediate marker loss : 0.017567770084240503   
Valid, Epoch 24 : : total loss : 0.1450438835522331   3d pose loss : 0.0318589673755958   3d marker loss : 0.04280586522808325   intermediate joint loss : 0.029779142867348698   intermediate marker loss : 0.04059990655708331   
Current LR:  [0.00014031167774595528]
Train , Epoch 25 : : total loss : 0.062162043966718615   3d pose loss : 0.013649628926182817   3d marker loss : 0.017578776017334197   intermediate joint loss : 0.013475124919901322   intermediate marker loss : 0.017458514039021877   
Valid, Epoch 25 : : total loss : 0.14399583157670562   3d pose loss : 0.03143008003727826   3d marker loss : 0.04228078650353143   intermediate joint loss : 0.02976388088800918   intermediate marker loss : 0.040521084666853044   
Current LR:  [0.0001297112278348806]
Best Loss : 0.14399583157670562
Train , Epoch 26 : : total loss : 0.061532390669582444   3d pose loss : 0.013489511913899903   3d marker loss : 0.017365023933716712   intermediate joint loss : 0.013356766766337163   intermediate marker loss : 0.01732108792564346   
Valid, Epoch 26 : : total loss : 0.1435677703453262   3d pose loss : 0.03146025287974996   3d marker loss : 0.0420262618436788   intermediate joint loss : 0.029837167740479998   intermediate marker loss : 0.04024408754272363   
Current LR:  [0.00011991163456041926]
Best Loss : 0.1435677703453262
Train , Epoch 27 : : total loss : 0.06094338822012847   3d pose loss : 0.013310850875029352   3d marker loss : 0.017159905658886292   intermediate joint loss : 0.013265334305416312   intermediate marker loss : 0.01720729722224313   
Valid, Epoch 27 : : total loss : 0.14364083586140325   3d pose loss : 0.031530567448360546   3d marker loss : 0.042344265597712906   intermediate joint loss : 0.029544543601581392   intermediate marker loss : 0.0402214590389387   
Current LR:  [0.00011085239375927746]
Train , Epoch 28 : : total loss : 0.06045839491020317   3d pose loss : 0.013176897440699895   3d marker loss : 0.01698883487185909   intermediate joint loss : 0.013183503443135257   intermediate marker loss : 0.017109159357342984   
Valid, Epoch 28 : : total loss : 0.1434758634464997   3d pose loss : 0.031421272119454446   3d marker loss : 0.04219971351231962   intermediate joint loss : 0.02955613518906234   intermediate marker loss : 0.04029874276769619   
Current LR:  [0.00010247757231572286]
Best Loss : 0.1434758634464997
Train , Epoch 29 : : total loss : 0.060001849122573996   3d pose loss : 0.013052719086694297   3d marker loss : 0.016816893516771174   intermediate joint loss : 0.013116742328574961   intermediate marker loss : 0.017015494369084668   
Valid, Epoch 29 : : total loss : 0.14366888857906085   3d pose loss : 0.031513623056769226   3d marker loss : 0.042233752151117264   intermediate joint loss : 0.02964369994059414   intermediate marker loss : 0.04027781299901876   
Current LR:  [9.473546282211252e-05]
Train , Epoch 30 : : total loss : 0.05953359839854979   3d pose loss : 0.012916920480941153   3d marker loss : 0.016653275237264443   intermediate joint loss : 0.013038592851589337   intermediate marker loss : 0.016924809873035532   
Valid, Epoch 30 : : total loss : 0.14354945212430537   3d pose loss : 0.03146832275102189   3d marker loss : 0.042109804557252786   intermediate joint loss : 0.02968095535100539   intermediate marker loss : 0.04029036900068704   
Current LR:  [8.757826432957842e-05]
Train , Epoch 31 : : total loss : 0.05919281181313692   3d pose loss : 0.012825153512377407   3d marker loss : 0.016533247579426213   intermediate joint loss : 0.012982771640494923   intermediate marker loss : 0.016851638992277027   
Valid, Epoch 31 : : total loss : 0.1434336671819609   3d pose loss : 0.031461130916094454   3d marker loss : 0.04219245494378934   intermediate joint loss : 0.02956960129919219   intermediate marker loss : 0.04021047999557091   
Current LR:  [8.09617872177771e-05]
Best Loss : 0.1434336671819609
Train , Epoch 32 : : total loss : 0.05878988220327837   3d pose loss : 0.01271408344933226   3d marker loss : 0.01638759544227798   intermediate joint loss : 0.012917761030989738   intermediate marker loss : 0.016770442279249977   
Valid, Epoch 32 : : total loss : 0.1438200234514624   3d pose loss : 0.031360613765512024   3d marker loss : 0.042247038496785044   intermediate joint loss : 0.0297583147341232   intermediate marker loss : 0.04045405601801788   
Current LR:  [7.484518036152509e-05]
Train , Epoch 33 : : total loss : 0.05847198778957677   3d pose loss : 0.012625934666114077   3d marker loss : 0.016271750191283737   intermediate joint loss : 0.012869479188958376   intermediate marker loss : 0.016704823673228546   
Valid, Epoch 33 : : total loss : 0.14276373772056958   3d pose loss : 0.031167757154964153   3d marker loss : 0.04195115415698808   intermediate joint loss : 0.02950828685167019   intermediate marker loss : 0.04013653975360805   
Current LR:  [6.919067890980563e-05]
Best Loss : 0.14276373772056958
Train , Epoch 34 : : total loss : 0.05811853285170406   3d pose loss : 0.012523765584305386   3d marker loss : 0.016152000590370384   intermediate joint loss : 0.012807724828848992   intermediate marker loss : 0.016635041932455418   
Valid, Epoch 34 : : total loss : 0.1433217696140147   3d pose loss : 0.0313058184305652   3d marker loss : 0.04220926355194646   intermediate joint loss : 0.029589269471730094   intermediate marker loss : 0.04021741809421931   
Current LR:  [6.396337111989654e-05]
Train , Epoch 35 : : total loss : 0.05782662402907032   3d pose loss : 0.012439872578152118   3d marker loss : 0.01604306627853425   intermediate joint loss : 0.012765313662942842   intermediate marker loss : 0.01657837149658543   
Valid, Epoch 35 : : total loss : 0.14293987466285782   3d pose loss : 0.03128618924605312   3d marker loss : 0.04191378432270281   intermediate joint loss : 0.029558673333033515   intermediate marker loss : 0.040181227679126325   
Current LR:  [5.913098280701793e-05]
Train , Epoch 36 : : total loss : 0.05757205017436684   3d pose loss : 0.012368899857213983   3d marker loss : 0.015946789506102906   intermediate joint loss : 0.012728695664840516   intermediate marker loss : 0.016527665119069668   
Valid, Epoch 36 : : total loss : 0.14354112493315557   3d pose loss : 0.03134073962890832   3d marker loss : 0.042084926241707836   intermediate joint loss : 0.02972178567440238   intermediate marker loss : 0.04039367416931787   
Current LR:  [5.466367807865949e-05]
Train , Epoch 37 : : total loss : 0.05728758253911339   3d pose loss : 0.012289350960929335   3d marker loss : 0.01584559668175465   intermediate joint loss : 0.01268164405136432   intermediate marker loss : 0.016470990766502595   
Valid, Epoch 37 : : total loss : 0.14289649192118511   3d pose loss : 0.031175838984312098   3d marker loss : 0.042005940664045074   intermediate joint loss : 0.0294856598173793   intermediate marker loss : 0.040229053154687444   
Current LR:  [5.053387512329111e-05]
Train , Epoch 38 : : total loss : 0.05704920786358644   3d pose loss : 0.012221521957908854   3d marker loss : 0.015756746002707198   intermediate joint loss : 0.012645795591392674   intermediate marker loss : 0.016425144305864087   
Valid, Epoch 38 : : total loss : 0.14330246690846793   3d pose loss : 0.031378067470626055   3d marker loss : 0.0421652551226563   intermediate joint loss : 0.02954549691535279   intermediate marker loss : 0.040213646443842226   
Current LR:  [4.671607591610864e-05]
Train , Epoch 39 : : total loss : 0.056860000455032096   3d pose loss : 0.012169818089635003   3d marker loss : 0.015689283387986887   intermediate joint loss : 0.01261524557124572   intermediate marker loss : 0.016385653489012202   
Valid, Epoch 39 : : total loss : 0.1429633011729216   3d pose loss : 0.03126109226542513   3d marker loss : 0.042050972538573005   intermediate joint loss : 0.029508671181720465   intermediate marker loss : 0.0401425651489634   
Current LR:  [4.3186708790392355e-05]
Train , Epoch 40 : : total loss : 0.05661682984534582   3d pose loss : 0.012098150476356226   3d marker loss : 0.015604780089864335   intermediate joint loss : 0.01257609386294166   intermediate marker loss : 0.01633780547046314   
Valid, Epoch 40 : : total loss : 0.14357983632262955   3d pose loss : 0.03145731973687403   3d marker loss : 0.04228963014808762   intermediate joint loss : 0.029579787924728693   intermediate marker loss : 0.040253097824626   
Current LR:  [3.992398290249013e-05]
Train , Epoch 41 : : total loss : 0.05642107337644678   3d pose loss : 0.012044978977975213   3d marker loss : 0.015530647298583954   intermediate joint loss : 0.012546102083545247   intermediate marker loss : 0.016299344990631005   
Valid, Epoch 41 : : total loss : 0.14351015437939638   3d pose loss : 0.03150117904256479   3d marker loss : 0.0421776153811634   intermediate joint loss : 0.02962707610628955   intermediate marker loss : 0.04020428394224628   
Current LR:  [3.690775369187014e-05]
Train , Epoch 42 : : total loss : 0.05625297716515927   3d pose loss : 0.011994435927584951   3d marker loss : 0.015470443696263561   intermediate joint loss : 0.012521219722629508   intermediate marker loss : 0.01626687779868353   
Valid, Epoch 42 : : total loss : 0.14294087785202164   3d pose loss : 0.03126975530971037   3d marker loss : 0.04208985938235739   intermediate joint loss : 0.02948451240475046   intermediate marker loss : 0.04009674940589106   
Current LR:  [3.4119398505573256e-05]
Train , Epoch 43 : : total loss : 0.05607960852537235   3d pose loss : 0.011946096787789117   3d marker loss : 0.015404921939219433   intermediate joint loss : 0.012495597917300883   intermediate marker loss : 0.016232991889633376   
Valid, Epoch 43 : : total loss : 0.14372733834355553   3d pose loss : 0.03145411014338373   3d marker loss : 0.0421952839328611   intermediate joint loss : 0.02970985731603507   intermediate marker loss : 0.040368086945812835   
Current LR:  [3.1541701619151756e-05]
Train , Epoch 44 : : total loss : 0.055937216382907946   3d pose loss : 0.01190363212654287   3d marker loss : 0.015352431526179053   intermediate joint loss : 0.012475004939625233   intermediate marker loss : 0.016206147664860806   
Valid, Epoch 44 : : total loss : 0.14381847870184908   3d pose loss : 0.03156328411065585   3d marker loss : 0.042403735442358655   intermediate joint loss : 0.029599566407649876   intermediate marker loss : 0.04025189332024182   
Current LR:  [2.915874794419636e-05]
Train , Epoch 45 : : total loss : 0.05577186512206595   3d pose loss : 0.01185828625893026   3d marker loss : 0.015291538789434119   intermediate joint loss : 0.012448167944029889   intermediate marker loss : 0.016173872192521678   
Valid, Epoch 45 : : total loss : 0.14407720470524613   3d pose loss : 0.03167384152735375   3d marker loss : 0.04241902654936438   intermediate joint loss : 0.029682342717261005   intermediate marker loss : 0.04030199365997804   
Current LR:  [2.6955824766185854e-05]
Train , Epoch 46 : : total loss : 0.05563505866387688   3d pose loss : 0.01182025704715698   3d marker loss : 0.015244231825020233   intermediate joint loss : 0.012424860322459435   intermediate marker loss : 0.016145709474953862   
Valid, Epoch 46 : : total loss : 0.14326312463078794   3d pose loss : 0.03137842159683791   3d marker loss : 0.04213882726115689   intermediate joint loss : 0.029585188107730465   intermediate marker loss : 0.04016068724442682   
Current LR:  [2.491933090597402e-05]
Train , Epoch 47 : : total loss : 0.05550060384661142   3d pose loss : 0.011779234387506188   3d marker loss : 0.015194952362245577   intermediate joint loss : 0.012405515452732612   intermediate marker loss : 0.016120901514141837   
Valid, Epoch 47 : : total loss : 0.14340243305887707   3d pose loss : 0.03135463299033251   3d marker loss : 0.04224347788541785   intermediate joint loss : 0.02958550196762057   intermediate marker loss : 0.04021882023189455   
Current LR:  [2.3036692744063167e-05]
Train , Epoch 48 : : total loss : 0.05537344628453621   3d pose loss : 0.011743384573402946   3d marker loss : 0.015146633261597596   intermediate joint loss : 0.012386805336476743   intermediate marker loss : 0.016096623043066884   
Valid, Epoch 48 : : total loss : 0.1433183674239378   3d pose loss : 0.03131696472311313   3d marker loss : 0.042091044187873544   intermediate joint loss : 0.029628377018223084   intermediate marker loss : 0.040281981052241005   
Current LR:  [2.1296286589185594e-05]
Train , Epoch 49 : : total loss : 0.055278319185542546   3d pose loss : 0.011716889717439017   3d marker loss : 0.015110083222903449   intermediate joint loss : 0.012372956666924013   intermediate marker loss : 0.016078389643982876   
Valid, Epoch 49 : : total loss : 0.1437090881672103   3d pose loss : 0.031447769544288705   3d marker loss : 0.042259838041141744   intermediate joint loss : 0.029649841273019978   intermediate marker loss : 0.04035163882803321   
Finished Training
Load  /tudelft.net/staff-bulk/ewi/insy/VisionLab/students/wyang/dataset/models/model_33_BML_TEMPORAL_TRANSFORMER.pt
Use Transformer, Receptive Field : 243
Joint Error : 0.013778503984212875 , Marker Error : 0.01759452372789383
Joint Error : 0.031167758628726006 , Marker Error : 0.041951149702072144
Joint Error : 0.026504209265112877 , Marker Error : 0.03287210315465927
