/home/nfs/weitseyang/.bashrc: line 20: dirname: command not found
/home/nfs/weitseyang/.bashrc: line 21: dirname: command not found
              total        used        free      shared  buff/cache   available
Mem:         191725       24252      147282         337       20190      166400
Swap:         51637           0       51637
Sun Aug  8 11:58:39 2021       
+-----------------------------------------------------------------------------+
| NVIDIA-SMI 470.57.02    Driver Version: 470.57.02    CUDA Version: 11.4     |
|-------------------------------+----------------------+----------------------+
| GPU  Name        Persistence-M| Bus-Id        Disp.A | Volatile Uncorr. ECC |
| Fan  Temp  Perf  Pwr:Usage/Cap|         Memory-Usage | GPU-Util  Compute M. |
|                               |                      |               MIG M. |
|===============================+======================+======================|
|   0  NVIDIA GeForce ...  On   | 00000000:3B:00.0 Off |                  N/A |
| 30%   29C    P8    29W / 250W |      1MiB / 11019MiB |      0%      Default |
|                               |                      |                  N/A |
+-------------------------------+----------------------+----------------------+
                                                                               
+-----------------------------------------------------------------------------+
| Processes:                                                                  |
|  GPU   GI   CI        PID   Type   Process name                  GPU Memory |
|        ID   ID                                                   Usage      |
|=============================================================================|
|  No running processes found                                                 |
+-----------------------------------------------------------------------------+
BML_FOLDER: /tudelft.net/staff-bulk/ewi/insy/VisionLab/students/wyang/dataset/HDF5/BML/
DATASET:
  ANTIALIAS:
    TEST: 1
    TRAIN: 1
  BBOX:
    PARTIAL_VISUALBILITY: False
  COLOR:
    AUG: True
  DATASETPERIMG: 2000
  GEOM:
    AUG: True
    HFLIP: False
    ROT: 20
    SCALE_DOWN: 25
    SCALE_UP: 25
    SHIFT_AUG: 10
  INTERPOLATION:
    TEST: nearest
    TRAIN: nearest
  OCCLUSION:
    PROB: 0.7
    SCALE: 0.8
  TRAINING_USEDEACHFRAME: 2
  USEDEACHFRAME: 1
EVAL_WORKERS: 16
HYP:
  ANGLE: 0.06
  BODY: 0.1
  INTERMEDIATE_MARKER: 1.5
  INTERMEDIATE_POS: 1.5
  MARKER: 2.0
  POS: 1.0
  ROTMAT: 0.1
  SY_BODY: 0.05
LAYER:
  OS_TRANSIT:
    ACT_TYPE: 1
    BN: False
LOSS:
  ANGLE:
    BETA: 5
    EVAL_TYPE: 1
    H: 0.1
    MASKMINVALUE: 0
    TYPE: 1
    USE: True
    USEMASK: True
  BODY:
    BETA: 0.05
    EVAL_TYPE: 1
    H: 0.1
    TYPE: 1
    USE: True
  MARKER:
    BETA: 0.02
    TYPE: 1
    USE: True
  POS:
    BETA: 0.02
    TYPE: 1
    USE: True
  ROTMAT:
    BETA: 0.02
    EVAL_TYPE: 1
    TYPE: 1
    USE: False
  SY_BODY:
    EVAL_TYPE: 1
    TYPE: 1
    USE: False
LSTM:
  BIDIRECTIONAL: True
  DROPOUTPROB: 0.1
  HIDDEN_STATE: 512
  NUM_LAYERS: 3
MODEL:
  CAUSAL: False
  CONV_CHANNEL_SIZE: [2048]
  CONV_LAYER: 1
  FULLCONV: True
  IMGSIZE: (256, 256)
  INFEATURES: 567
  INTERMEDIATE_POSE_ESTIMATION: False
  METRIC_SCALE:
    BBOX_SIZE: 2.2
    DEPTH: 8
    EVAL_STRIDING: 4
    STRIDING: 32
  NUMPRED: 115
  NUM_PRED: 115
  OUTFEATURES: 126
  POS: True
  RECEPTIVE_FIELD: 243
  RESNET:
    CENTER_STRIDING: True
    NEXT: True
    PRETRAINED: True
  TYPE: 1
MODEL_FOLDER: /tudelft.net/staff-bulk/ewi/insy/VisionLab/students/wyang/dataset/models/
PASCAL_PATH: /tudelft.net/staff-bulk/ewi/insy/VisionLab/students/wyang/dataset/HDF5/PASCAL/pascal.hdf5
PCA_PATH: None
POSTFIX: OS_TEMPORAL_TRANSFORMER_L1
PREDICTION:
  BODY: ['pelvis', 'lumbar5', 'lumbar4', 'lumbar3', 'lumbar2', 'lumbar1', 'thoracic12', 'thoracic11', 'thoracic10', 'thoracic9', 'thoracic8', 'thoracic7', 'thoracic6', 'thoracic5', 'thoracic4', 'thoracic3', 'thoracic2', 'thoracic1', 'head_neck', 'femur_r', 'tibia_r', 'talus_r', 'calcn_r', 'toes_r', 'femur_l', 'tibia_l', 'talus_l', 'calcn_l', 'toes_l', 'cerv6', 'cerv5', 'cerv4', 'cerv3', 'cerv2', 'cerv1', 'jaw', 'skull', 'thorax', 'clavicle', 'scapula', 'humerus', 'ulna', 'radius', 'clavicle_l', 'scapula_l', 'humerus_l', 'ulna_l', 'radius_l']
  BODY_AMPITUDE_VALUE: [0.38330534, 0.11688988, 0.27979052, 0.18767838, 0.12217734, 0.17559392, 0.25814359, 0.19320878, 0.09488225, 0.23721306, 0.3308586, 0.22396367, 0.08659548, 1e-06, 0.1634575, 0.18397586, 0.23942574, 0.23136499, 0.14410597, 0.14576365, 0.17185328, 0.18178275, 0.15676707, 0.19965802, 0.12167494, 0.14225374, 0.19253547, 0.08705724, 0.13519439, 0.09673029, 0.16227082, 0.25709417, 0.27539152, 0.21485549, 0.11401759, 0.22396367, 0.21485549, 0.1838405, 0.18214334, 0.43287996, 0.43287996, 0.13003099, 0.13036308, 0.2175328, 0.20085876, 0.30206298, 0.3034652, 0.2025831, 0.20302752, 0.1691131, 0.22653959]
  BODY_AVG_VALUE: [1.21267658, 1.19278473, 1.09221309, 0.82231784, 0.65399921, 0.86740023, 1.23414558, 1.13399419, 1.00263798, 1.01988775, 1.04674897, 0.92795962, 0.80902216, 0.94262153, 0.96230629, 0.95413619, 1.04046246, 1.03910667, 0.68939832, 0.71175453, 0.74281865, 0.76454479, 0.9076589, 1.02388528, 0.64942223, 0.89473501, 0.89226717, 0.61283192, 0.7215803, 0.68092433, 1.08504841, 1.17846495, 1.14104316, 1.14461103, 0.74801221, 0.92795962, 1.14461103, 0.89621243, 0.8843008, 1.13165459, 1.13165459, 0.73835266, 0.74087435, 1.07924646, 1.08077973, 1.01209745, 0.99989337, 1.0244289, 1.03203484, 0.82801554, 0.7559647]
  BODY_SCALE_MAPPING: [[0, 1, 2], [10, 3, 9], [10, 3, 9], [10, 3, 9], [10, 3, 9], [10, 3, 9], [10, 3, 9], [10, 4, 9], [10, 4, 9], [10, 5, 9], [10, 5, 9], [10, 6, 9], [10, 6, 9], [10, 6, 9], [10, 6, 9], [10, 6, 9], [10, 6, 9], [10, 6, 9], [11, 7, 9], [16, 14, 16], [20, 18, 20], [20, 18, 20], [22, 23, 24], [28, 30, 30], [17, 15, 17], [21, 19, 21], [21, 19, 21], [25, 26, 27], [29, 31, 31], [11, 7, 9], [11, 7, 9], [11, 7, 9], [11, 7, 9], [11, 7, 9], [11, 7, 9], [12, 8, 13], [12, 8, 13], [32, 33, 34], [37, 35, 41], [39, 36, 41], [45, 43, 45], [49, 47, 49], [49, 47, 49], [38, 35, 42], [40, 36, 42], [46, 44, 46], [50, 48, 50], [50, 48, 50]]
  BODY_SCALE_UNIQUE_NUMS: 51
  BODY_WEIGHTS: [[2.0, 2.0, 2.0], [1.0, 2.0, 1.0], [1.0, 2.0, 1.0], [1.0, 2.0, 1.0], [1.0, 2.0, 1.0], [1.0, 2.0, 1.0], [1.0, 2.0, 1.0], [1.0, 2.0, 1.0], [1.0, 2.0, 1.0], [1.0, 2.0, 1.0], [1.0, 2.0, 1.0], [1.0, 2.0, 1.0], [1.0, 2.0, 1.0], [1.0, 2.0, 1.0], [1.0, 2.0, 1.0], [1.0, 2.0, 1.0], [1.0, 2.0, 1.0], [1.0, 2.0, 1.0], [1.0, 2.0, 1.0], [1.0, 2.0, 1.0], [1.0, 2.0, 1.0], [1.0, 2.0, 1.0], [2.0, 1.0, 1.0], [2.0, 1.0, 1.0], [1.0, 2.0, 1.0], [1.0, 2.0, 1.0], [1.0, 2.0, 1.0], [2.0, 1.0, 1.0], [2.0, 1.0, 1.0], [1.0, 2.0, 1.0], [1.0, 2.0, 1.0], [1.0, 2.0, 1.0], [1.0, 2.0, 1.0], [1.0, 2.0, 1.0], [1.0, 2.0, 1.0], [1.0, 1.0, 2.0], [1.0, 1.0, 2.0], [2.0, 1.0, 1.0], [1.0, 1.0, 2.0], [1.0, 1.0, 2.0], [1.0, 2.0, 1.0], [1.0, 2.0, 1.0], [1.0, 2.0, 1.0], [1.0, 1.0, 2.0], [1.0, 1.0, 2.0], [1.0, 2.0, 1.0], [1.0, 2.0, 1.0], [1.0, 2.0, 1.0]]
  COORDINATES: ['L5_S1_FE', 'L5_S1_LB', 'L5_S1_AR', 'L4_L5_FE', 'L4_L5_LB', 'L4_L5_AR', 'T12_L1_FE', 'T12_L1_LB', 'T12_L1_AR', 'T11_T12_FE', 'T11_T12_LB', 'T11_T12_AR', 'T10_T11_FE', 'T10_T11_LB', 'T10_T11_AR', 'T9_T10_FE', 'T9_T10_LB', 'T9_T10_AR', 'T8_T9_FE', 'T8_T9_LB', 'T8_T9_AR', 'T1_T2_FE', 'T1_T2_LB', 'T1_T2_AR', 'T1_head_neck_FE', 'T1_head_neck_LB', 'T1_head_neck_AR', 'hip_flexion_r', 'hip_adduction_r', 'hip_rotation_r', 'knee_angle_r', 'knee_angle_y_r', 'knee_angle_x_r', 'ankle_angle_r', 'subtalar_angle_r', 'mtp_angle_r', 'hip_flexion_l', 'hip_adduction_l', 'hip_rotation_l', 'knee_angle_l', 'knee_angle_y_l', 'knee_angle_x_l', 'ankle_angle_l', 'subtalar_angle_l', 'mtp_angle_l', 'skull_z', 'skull_y', 'skull_x', 'sternoclavicular_r2', 'sternoclavicular_r3', 'acromioclavicular_r2', 'elv_angle', 'shoulder_elv', 'shoulder1_r2', 'shoulder_rot', 'elbow_flexion', 'elbow_x', 'pro_sup', 'sternoclavicular_r2_l', 'sternoclavicular_r3_l', 'acromioclavicular_r2_l', 'elv_angle_l', 'shoulder_elv_l', 'shoulder1_r2_l', 'shoulder_rot_l', 'elbow_flexion_l', 'elbow_x_l', 'pro_sup_l', 'ribs_bending']
  JOINTS: ['ground_pelvis', 'L5_S1_IVDjnt', 'L4_L5_IVDjnt', 'L3_L4_IVDjnt', 'L2_L3_IVDjnt', 'L1_L2_IVDjnt', 'T12_L1_IVDjnt', 'T11_T12_IVDjnt', 'T10_T11_IVDjnt', 'T9_T10_IVDjnt', 'T8_T9_IVDjnt', 'T7_T8_IVDjnt', 'T6_T7_IVDjnt', 'T5_T6_IVDjnt', 'T4_T5_IVDjnt', 'T3_T4_IVDjnt', 'T2_T3_IVDjnt', 'T1_T2_IVDjnt', 'T1_head_neck', 'hip_r', 'knee_r', 'ankle_r', 'subtalar_r', 'mtp_r', 'hip_l', 'knee_l', 'ankle_l', 'subtalar_l', 'mtp_l', 'C7_cerv6', 'C7_cerv5', 'C7_cerv4', 'C7_cerv3', 'C7_cerv2', 'C7_cerv1', 'skull_jaw', 'C7_skull', 'sternoclavicular', 'acromioclavicular', 'shoulder2', 'elbow', 'radioulnar', 'sternoclavicular_l', 'acromioclavicular_l', 'shoulder2_l', 'elbow_l', 'radioulnar_l', 'T1_rib']
  Joints_Inside_Cylinder_Body_LIST: [['ROOT', 'Torso'], ['RHIPJ', 'Torso'], ['LHIPJ', 'Torso'], ['Spine1', 'Torso'], ['Spine2', 'Torso'], ['Spine3', 'Torso'], ['LCOL', 'Torso'], ['RCOL', 'Torso'], ['NECK', 'Torso'], ['HEAD', 'HEAD'], ['RKNE', 'RightLeg'], ['RKNI', 'RightLeg'], ['LKNE', 'LeftLeg'], ['LKNI', 'LeftLeg'], ['LANK', 'LeftShrank'], ['RANK', 'RightShrank'], ['LANI', 'LeftShrank'], ['RANI', 'RightShrank'], ['RTOE', 'RightFOOT'], ['LTOE', 'LeftFOOT'], ['RMT1', 'RightFOOT'], ['LMT1', 'LeftFOOT'], ['RMT5', 'RightFOOT'], ['LMT5', 'LeftFOOT'], ['LELB', 'LeftArm'], ['RELB', 'RightArm'], ['LELBIN', 'LeftArm'], ['RELBIN', 'RightArm'], ['LIWR', 'LeftForearm'], ['RIWR', 'RightForearm'], ['LOWR', 'LeftForearm'], ['ROWR', 'RightForearm'], ['ground_pelvis', 'Torso'], ['L5_S1_IVDjnt', 'Torso'], ['L4_L5_IVDjnt', 'Torso'], ['L3_L4_IVDjnt', 'Torso'], ['L2_L3_IVDjnt', 'Torso'], ['L1_L2_IVDjnt', 'Torso'], ['T12_L1_IVDjnt', 'Torso'], ['T11_T12_IVDjnt', 'Torso'], ['T10_T11_IVDjnt', 'Torso'], ['T9_T10_IVDjnt', 'Torso'], ['T8_T9_IVDjnt', 'Torso'], ['T7_T8_IVDjnt', 'Torso'], ['T6_T7_IVDjnt', 'Torso'], ['T5_T6_IVDjnt', 'Torso'], ['T4_T5_IVDjnt', 'Torso'], ['T3_T4_IVDjnt', 'Torso'], ['T2_T3_IVDjnt', 'Torso'], ['T1_T2_IVDjnt', 'Torso'], ['T1_head_neck', 'HEAD'], ['hip_r', 'RightLeg'], ['knee_r', 'RightLeg'], ['ankle_r', 'RightShrank'], ['subtalar_r', 'RightShrank'], ['mtp_r', 'RightFOOT'], ['hip_l', 'LeftLeg'], ['knee_l', 'LeftLeg'], ['ankle_l', 'LeftShrank'], ['subtalar_l', 'LeftShrank'], ['mtp_l', 'LeftFOOT'], ['C7_cerv6', 'HEAD'], ['C7_cerv5', 'HEAD'], ['C7_cerv4', 'HEAD'], ['C7_cerv3', 'HEAD'], ['C7_cerv2', 'HEAD'], ['C7_cerv1', 'HEAD'], ['skull_jaw', 'HEAD'], ['C7_skull', 'HEAD'], ['sternoclavicular', 'RightArm'], ['acromioclavicular', 'RightArm'], ['shoulder2', 'RightArm'], ['elbow', 'RightArm'], ['radioulnar', 'RightForearm'], ['sternoclavicular_l', 'LeftArm'], ['acromioclavicular_l', 'LeftArm'], ['shoulder2_l', 'LeftArm'], ['elbow_l', 'LeftArm'], ['radioulnar_l', 'LeftForearm'], ['T1_rib', 'Torso'], ['radiocarpal', 'RightForearm'], ['radiocarpal_l', 'LeftForearm']]
  LEAFJOINTS: ['radiocarpal', 'radiocarpal_l']
  MARKER: ['ROOT', 'LHIPJ', 'RHIPJ', 'Spine1', 'LKJC', 'RKJC', 'Spine2', 'LAJC', 'RAJC', 'Spine3', 'LFOOT', 'RFOOT', 'NECK', 'LCOL', 'RCOL', 'HEAD', 'LSHOULDER', 'RSHOULDER', 'LELC', 'RELC', 'LWRIST', 'RWRIST', 'LPSI', 'RPSI', 'RASI', 'LASI', 'T12', 'T10', 'T8', 'T1', 'C7', 'RKNE', 'RKNI', 'LKNE', 'LKNI', 'LANK', 'RANK', 'LANI', 'RANI', 'LHEE', 'RHEE', 'RTOE', 'LTOE', 'RMT1', 'LMT1', 'RMT5', 'LMT5', 'LSHO', 'RSHO', 'STRN', 'CLAV', 'RCLAV', 'LCLAV', 'LELB', 'RELB', 'LELBIN', 'RELBIN', 'LIWR', 'RIWR', 'LOWR', 'ROWR', 'LFHD', 'RFHD', 'LBHD', 'RBHD']
  MIRROR_BONES: [0, 1, 2, 3, 4, 5, 6, 7, 8, 9, 10, 11, 12, 13, 14, 15, 16, 17, 18, 24, 25, 26, 27, 28, 19, 20, 21, 22, 23, 29, 30, 31, 32, 33, 34, 35, 36, 37, 43, 44, 45, 46, 47, 38, 39, 40, 41, 42]
  NUM_JOINTS: 50
  NUM_MARKERS: 65
  NUM_SMPL_JOINTS: 22
  POS_NAME: ['ground_pelvis', 'L5_S1_IVDjnt', 'L4_L5_IVDjnt', 'L3_L4_IVDjnt', 'L2_L3_IVDjnt', 'L1_L2_IVDjnt', 'T12_L1_IVDjnt', 'T11_T12_IVDjnt', 'T10_T11_IVDjnt', 'T9_T10_IVDjnt', 'T8_T9_IVDjnt', 'T7_T8_IVDjnt', 'T6_T7_IVDjnt', 'T5_T6_IVDjnt', 'T4_T5_IVDjnt', 'T3_T4_IVDjnt', 'T2_T3_IVDjnt', 'T1_T2_IVDjnt', 'T1_head_neck', 'hip_r', 'knee_r', 'ankle_r', 'subtalar_r', 'mtp_r', 'hip_l', 'knee_l', 'ankle_l', 'subtalar_l', 'mtp_l', 'C7_cerv6', 'C7_cerv5', 'C7_cerv4', 'C7_cerv3', 'C7_cerv2', 'C7_cerv1', 'skull_jaw', 'C7_skull', 'sternoclavicular', 'acromioclavicular', 'shoulder2', 'elbow', 'radioulnar', 'sternoclavicular_l', 'acromioclavicular_l', 'shoulder2_l', 'elbow_l', 'radioulnar_l', 'T1_rib', 'radiocarpal', 'radiocarpal_l', 'ROOT', 'LHIPJ', 'RHIPJ', 'Spine1', 'LKJC', 'RKJC', 'Spine2', 'LAJC', 'RAJC', 'Spine3', 'LFOOT', 'RFOOT', 'NECK', 'LCOL', 'RCOL', 'HEAD', 'LSHOULDER', 'RSHOULDER', 'LELC', 'RELC', 'LWRIST', 'RWRIST', 'LPSI', 'RPSI', 'RASI', 'LASI', 'T12', 'T10', 'T8', 'T1', 'C7', 'RKNE', 'RKNI', 'LKNE', 'LKNI', 'LANK', 'RANK', 'LANI', 'RANI', 'LHEE', 'RHEE', 'RTOE', 'LTOE', 'RMT1', 'LMT1', 'RMT5', 'LMT5', 'LSHO', 'RSHO', 'STRN', 'CLAV', 'RCLAV', 'LCLAV', 'LELB', 'RELB', 'LELBIN', 'RELBIN', 'LIWR', 'RIWR', 'LOWR', 'ROWR', 'LFHD', 'RFHD', 'LBHD', 'RBHD']
PROGRESSBAR: False
RESNETPATH: None
SEED: 100
STARTMODELPATH: None
TESTMODE: False
TEST_SUBJECTS: [2, 29, 19, 21, 51, 26, 7, 72, 77, 17, 65, 80, 6, 76, 10, 73, 13, 38]
TRAINING:
  AMSGRAD: False
  AWARED_OCCLUSION:
    GT: False
    USE: False
  BATCHSIZE: 128
  COORDINATE_MAX_WEIGHT: 2
  END_LR: [5e-06]
  END_MOMENTUM: 0.001
  EPOCH: [50]
  EVALUATION_BATCHSIZE: 128
  INITIAL_MOMENTUM: 0.1
  LOSS2D: False
  LOSSTYPE: 1
  MARKER_PREDICTION: True
  MARKER_TYPE: [10, 10, 10, 1, 1, 1, 1, 1, 1, 1, 20, 20, 10, 1, 1, 10, 0, 0, 1, 1, 1, 1, 20, 20, 20, 20, 10, 20, 10, 10, 20, 20, 20, 20, 20, 20, 20, 20, 20, 20, 20, 10, 10, 1, 1, 1, 1, 20, 20, 20, 20, 1, 1, 20, 20, 20, 20, 20, 20, 20, 20, 10, 10, 10, 10]
  MARKER_WEIGHT: [1.0, 1.0, 1.0, 0.1, 0.1, 0.1, 0.1, 0.1, 0.1, 0.1, 2.0, 2.0, 1.0, 0.1, 0.1, 1.0, 0.0, 0.0, 0.1, 0.1, 0.1, 0.1, 2.0, 2.0, 2.0, 2.0, 1.0, 2.0, 1.0, 1.0, 2.0, 2.0, 2.0, 2.0, 2.0, 2.0, 2.0, 2.0, 2.0, 2.0, 2.0, 1.0, 1.0, 0.1, 0.1, 0.1, 0.1, 2.0, 2.0, 2.0, 2.0, 0.1, 0.1, 2.0, 2.0, 2.0, 2.0, 2.0, 2.0, 2.0, 2.0, 1.0, 1.0, 1.0, 1.0]
  PCA: False
  PCA_COMPONENTS: 51
  START_LR: [0.001]
  TRAINING_STEPS: 1
  USE_BODY_WEIGHTS: False
  USE_OS_SIMULATION: False
  VALID_BATCHSIZE: 64
TRAINING_SUBJECTS: [78, 59, 79, 44, 56, 88, 75, 61, 53, 47, 40, 41, 32, 70, 28, 39, 69, 11, 3, 90, 71, 54, 20, 85, 37, 34, 33, 46, 67, 63, 55, 36, 42, 50, 24, 35, 84, 45, 60, 16, 74, 82, 27, 89, 57, 5, 49, 22, 4, 66, 31, 83, 43, 48, 52, 68, 25, 9, 18, 1, 81, 58, 23, 62, 64, 8, 87]
TRANSFORMER:
  BATCHNORM: False
  DROPOUT: False
  D_CHANNEL: 512
  D_MODEL: 256
  N1: 3
  N_HEADS: 8
  POS_ENCODNIG_EVERY_BLOCK: False
  STRIDES: [3, 9, 9]
VALID_SUBJECTS: [14, 86, 15, 30]
VALID_WORKERS: 16
WORKERS: 16
83696 training data, 21822 valid data, 100839 test data
Use Transformer, Receptive Field : 243
LR starts from 0.001, LR decay rate : 0.9013257213104922
Evaluation : False
Train , Epoch 0 : : total loss : 1.7125470140809123   marker : 0.42127173767064285   pose : 0.12534541333775973   angle : 0.40158010275312805   body : 0.01782049575412666   inter pose : 0.09478405369003554   inter marker : 0.31927752775492385   inter angle : 0.3161565534553703   inter body : 0.01631113260864618   
Evaluation : True
Valid, Epoch 0 : : total loss : 0.7806619518826484   marker : 0.11823725669786721   pose : 0.04444119556830113   angle : 0.22608257238111687   body : 0.015486533908837002   inter pose : 0.04094032965509672   inter marker : 0.11149719403651226   inter angle : 0.2086793194004185   inter body : 0.015297554304287071   
Current LR:  [0.0009013257213104922]
Best Loss : 0.22608257238111687
Evaluation : False
Train , Epoch 1 : : total loss : 0.6764312831950224   marker : 0.13412266804239104   pose : 0.03728621028032821   angle : 0.17792626053870728   body : 0.008874581248184257   inter pose : 0.03244341485727162   inter marker : 0.11854723180326167   inter angle : 0.15890706678535818   inter body : 0.008323851467936   
Evaluation : True
Valid, Epoch 1 : : total loss : 0.7149951208654961   marker : 0.10291542472416317   pose : 0.037551068186749026   angle : 0.21410496631930329   body : 0.014968666305639011   inter pose : 0.03657857312606352   inter marker : 0.09791060252692652   inter angle : 0.19628739560210906   inter body : 0.014678425961940997   
Current LR:  [0.000812388055895879]
Best Loss : 0.21410496631930329
Evaluation : False
Train , Epoch 2 : : total loss : 0.5664277732098449   marker : 0.11162736550954729   pose : 0.030602562639172007   angle : 0.14729836329840593   body : 0.007503280053157673   inter pose : 0.027205254369134377   inter marker : 0.10076078542067482   inter angle : 0.1343178174032004   inter body : 0.007112344890935589   
Evaluation : True
Valid, Epoch 2 : : total loss : 0.6925164387825047   marker : 0.09938189133574267   pose : 0.036915906681147845   angle : 0.208451805581488   body : 0.014516465318770011   inter pose : 0.03398069110846238   inter marker : 0.09140689101405787   inter angle : 0.1931818849869341   inter body : 0.014680902602943314   
Current LR:  [0.0007322262504643815]
Best Loss : 0.208451805581488
Evaluation : False
Train , Epoch 3 : : total loss : 0.5235638554118128   marker : 0.10270920192757207   pose : 0.027915856006568096   angle : 0.13598246807389383   body : 0.006945591674515746   inter pose : 0.024992264941289085   inter marker : 0.0935060334082402   inter angle : 0.12497602219466593   inter body : 0.006536417352648917   
Evaluation : True
Valid, Epoch 3 : : total loss : 0.6795460030855786   marker : 0.09866864949358273   pose : 0.03590207909064948   angle : 0.2056636552021403   body : 0.014050523087692331   inter pose : 0.03326005153832564   inter marker : 0.09088345562086436   inter angle : 0.18743431643532435   inter body : 0.013683269459499183   
Current LR:  [0.0006599743533622857]
Best Loss : 0.2056636552021403
Evaluation : False
Train , Epoch 4 : : total loss : 0.49759875760509265   marker : 0.09737176088698973   pose : 0.026208062087161435   angle : 0.1291923900042157   body : 0.0065556173077335215   inter pose : 0.02364337340191258   inter marker : 0.08917757348481217   inter angle : 0.1193403182109136   inter body : 0.006109663177635321   
Evaluation : True
Valid, Epoch 4 : : total loss : 0.6719679936907291   marker : 0.09532429455028273   pose : 0.0361437087491238   angle : 0.20253577226679526   body : 0.014226699954877142   inter pose : 0.03315271875967781   inter marker : 0.08844663329636206   inter angle : 0.1879927805894543   inter body : 0.014145384174843734   
Current LR:  [0.0005948518600906879]
Best Loss : 0.20253577226679526
Evaluation : False
Train , Epoch 5 : : total loss : 0.47683607331643973   marker : 0.09289879502463304   pose : 0.024840284284392507   angle : 0.12382664559993774   body : 0.006112886645515973   inter pose : 0.02257611069423225   inter marker : 0.0857891727461384   inter angle : 0.11511673661915851   inter body : 0.005675442262936332   
Evaluation : True
Valid, Epoch 5 : : total loss : 0.6818495089559177   marker : 0.09592115025768992   pose : 0.03671093304340152   angle : 0.2080337451256203   body : 0.014506712857705186   inter pose : 0.033396326329812764   inter marker : 0.08909556361147643   inter angle : 0.1899799027983531   inter body : 0.014205174732466096   
Current LR:  [0.0005361552818691272]
Evaluation : False
Train , Epoch 6 : : total loss : 0.463797588443318   marker : 0.09032755040465233   pose : 0.024010017927833027   angle : 0.12023695902884646   body : 0.005737978860929859   inter pose : 0.02195099916930951   inter marker : 0.08384810033244341   inter angle : 0.11234453035258955   inter body : 0.005341453757992793   
Evaluation : True
Valid, Epoch 6 : : total loss : 0.6650061287022065   marker : 0.09445334785352344   pose : 0.03499638917367254   angle : 0.2029233791685904   body : 0.013919423026591061   inter pose : 0.032188694037434906   inter marker : 0.08730290161351674   inter angle : 0.1856478022541378   inter body : 0.013574188622094547   
Current LR:  [0.0004832505461651213]
Evaluation : False
Train , Epoch 7 : : total loss : 0.44882157627510255   marker : 0.0870748448084361   pose : 0.022951106642120463   angle : 0.11617393774560911   body : 0.005337758828382397   inter pose : 0.02121250538203928   inter marker : 0.08163816387127588   inter angle : 0.10942554791068593   inter body : 0.005007712124842597   
Evaluation : True
Valid, Epoch 7 : : total loss : 0.6655436842614839   marker : 0.09332417556798356   pose : 0.03506097126243073   angle : 0.20263594010389535   body : 0.014620982380226239   inter pose : 0.03250089102295708   inter marker : 0.08703400201336862   inter angle : 0.18596861725405914   inter body : 0.014398105454132414   
Current LR:  [0.0004355661470959672]
Evaluation : False
Train , Epoch 8 : : total loss : 0.43744392252625586   marker : 0.08468566043088484   pose : 0.022142932238271188   angle : 0.11298601446847273   body : 0.0050820800936445705   inter pose : 0.020673293189629113   inter marker : 0.07988594576237212   inter angle : 0.10718801019750364   inter body : 0.004799985975044199   
Evaluation : True
Valid, Epoch 8 : : total loss : 0.6651525751784636   marker : 0.09321643844903767   pose : 0.03481881021524631   angle : 0.20165625113241722   body : 0.014295518193429795   inter pose : 0.03248554863115572   inter marker : 0.08653304408837956   inter angle : 0.1879837996100278   inter body : 0.014163171949487987   
Current LR:  [0.00039258697170970456]
Best Loss : 0.20165625113241722
Evaluation : False
Train , Epoch 9 : : total loss : 0.4270930798641573   marker : 0.08235704677484668   pose : 0.021395297087786026   angle : 0.11015585120795879   body : 0.004853395343676872   inter pose : 0.02017260835453252   inter marker : 0.07838226557006149   inter angle : 0.10516382902176055   inter body : 0.004612786467165713   
Evaluation : True
Valid, Epoch 9 : : total loss : 0.6635738423847166   marker : 0.09381704013164731   pose : 0.034945938176604435   angle : 0.20091777918111742   body : 0.014383804264410356   inter pose : 0.03273976432578984   inter marker : 0.08658036450594159   inter angle : 0.18592474801699233   inter body : 0.014264407122717497   
Current LR:  [0.00035384873545335125]
Best Loss : 0.20091777918111742
Evaluation : False
Train , Epoch 10 : : total loss : 0.4184329391529878   marker : 0.08048314762060711   pose : 0.020758116885928428   angle : 0.10764929187836363   body : 0.004701704073520477   inter pose : 0.019741987858030368   inter marker : 0.07710557263258953   inter angle : 0.10349603028109391   inter body : 0.004497088243754133   
Evaluation : True
Valid, Epoch 10 : : total loss : 0.6640209521046372   marker : 0.09344833321755337   pose : 0.03480162661843225   angle : 0.20083612399712655   body : 0.014287897659565197   inter pose : 0.0324774466659155   inter marker : 0.08737782179495338   inter angle : 0.18673290213003746   inter body : 0.01405879922075283   
Current LR:  [0.0003189329667172973]
Best Loss : 0.20083612399712655
Evaluation : False
Train , Epoch 11 : : total loss : 0.409800860682819   marker : 0.07858173260508051   pose : 0.02014441246517676   angle : 0.10501500750802012   body : 0.004564031657647302   inter pose : 0.019367393668153383   inter marker : 0.07595241493096212   inter angle : 0.10178859000184087   inter body : 0.004387278803645606   
Evaluation : True
Valid, Epoch 11 : : total loss : 0.6630182399964771   marker : 0.09338027940816025   pose : 0.035161639973022754   angle : 0.20156169617255812   body : 0.014045126892536832   inter pose : 0.032343990358529744   inter marker : 0.08628906957629665   inter angle : 0.18623687580518747   inter body : 0.01399956313218372   
Current LR:  [0.0002874624862761632]
Evaluation : False
Train , Epoch 12 : : total loss : 0.40253652269405754   marker : 0.07689399941957015   pose : 0.01962770139983931   angle : 0.10287130419820958   body : 0.0044651202412513274   inter pose : 0.019034430099391646   inter marker : 0.0749119298267328   inter angle : 0.10042811012833991   inter body : 0.004303927597508497   
Evaluation : True
Valid, Epoch 12 : : total loss : 0.6630804129890622   marker : 0.0924818726423276   pose : 0.0345561773352439   angle : 0.20224991042261523   body : 0.013896366372880681   inter pose : 0.03240554153116188   inter marker : 0.08669917302240472   inter angle : 0.18695082619476247   inter body : 0.01384054715020903   
Current LR:  [0.00025909733279257026]
Evaluation : False
Train , Epoch 13 : : total loss : 0.3959258063646407   marker : 0.07546125612525444   pose : 0.019131024184124757   angle : 0.1008086532445633   body : 0.004374288903922984   inter pose : 0.018728700356634983   inter marker : 0.0740298629149361   inter angle : 0.09915730518047879   inter body : 0.004234716125762527   
Evaluation : True
Valid, Epoch 13 : : total loss : 0.6658219931903763   marker : 0.09320474577784789   pose : 0.03487106449454791   angle : 0.2024793356982065   body : 0.01428081071592035   inter pose : 0.03266825875684437   inter marker : 0.08692095109472658   inter angle : 0.18727301380044545   inter body : 0.01412381078416623   
Current LR:  [0.00023353109036888803]
Evaluation : False
Train , Epoch 14 : : total loss : 0.38951694823881383   marker : 0.07401113836223097   pose : 0.018651224667089458   angle : 0.09879595627737264   body : 0.004307060192266385   inter pose : 0.01843852685282369   inter marker : 0.07317441363018834   inter angle : 0.09796051565803028   inter body : 0.004178113393930527   
Evaluation : True
Valid, Epoch 14 : : total loss : 0.6638495828346922   marker : 0.0930286814034362   pose : 0.03498037102220039   angle : 0.2004945752557547   body : 0.01436979384057824   inter pose : 0.03291850749496447   inter marker : 0.08648306761224114   inter angle : 0.18723740668161773   inter body : 0.014337180381559362   
Current LR:  [0.00021048757847516372]
Best Loss : 0.2004945752557547
Evaluation : False
Train , Epoch 15 : : total loss : 0.3843723778794042   marker : 0.07289616686005322   pose : 0.018281881633295947   angle : 0.09711108421749945   body : 0.004248718862317697   inter pose : 0.018233169791549673   inter marker : 0.0725326062412576   inter angle : 0.09694061833355365   inter body : 0.004128132920404169   
Evaluation : True
Valid, Epoch 15 : : total loss : 0.6612323171528021   marker : 0.09185698161082792   pose : 0.03466194655584728   angle : 0.20158502575064347   body : 0.014280798115964968   inter pose : 0.032549510178257   inter marker : 0.08652400284330913   inter angle : 0.18570844998839095   inter body : 0.014065600667381339   
Current LR:  [0.00018971786849602577]
Evaluation : False
Train , Epoch 16 : : total loss : 0.3788009285470428   marker : 0.07161911813168577   pose : 0.017859729765636267   angle : 0.09541903563973367   body : 0.004191234995929059   inter pose : 0.017965378311061934   inter marker : 0.07170798514283634   inter angle : 0.09596299187238877   inter body : 0.004075454137962637   
Evaluation : True
Valid, Epoch 16 : : total loss : 0.6647285043280979   marker : 0.09285563673547859   pose : 0.03467673879967264   angle : 0.201880775312162   body : 0.014591478739330196   inter pose : 0.032750478696346765   inter marker : 0.08701828203261604   inter angle : 0.18651756546737927   inter body : 0.014437545185488551   
Current LR:  [0.00017099759466766953]
Evaluation : False
Train , Epoch 17 : : total loss : 0.3742196019539242   marker : 0.07063894936812051   pose : 0.01752217028113182   angle : 0.09391249008876076   body : 0.004145371908062404   inter pose : 0.017760924849470942   inter marker : 0.07108756519888298   inter angle : 0.0951158185510869   inter body : 0.004036313428787392   
Evaluation : True
Valid, Epoch 17 : : total loss : 0.6605477197154306   marker : 0.09191882958847884   pose : 0.03441106600084463   angle : 0.20050748844826738   body : 0.014301321471210536   inter pose : 0.032356720394179625   inter marker : 0.08608675278377034   inter angle : 0.18676733081297742   inter body : 0.014198211193543593   
Current LR:  [0.0001541245303561964]
Evaluation : False
Train , Epoch 18 : : total loss : 0.36981734765799085   marker : 0.06950527966980913   pose : 0.017183533785536678   angle : 0.09252889509131679   body : 0.004096741340968866   inter pose : 0.017590726148137455   inter marker : 0.0705541696564892   inter angle : 0.09435456798370545   inter body : 0.004003433417243623   
Evaluation : True
Valid, Epoch 18 : : total loss : 0.6616756978322098   marker : 0.09185872708567885   pose : 0.03458573438869739   angle : 0.20141282054071477   body : 0.014237846274739082   inter pose : 0.03235263113642949   inter marker : 0.08568898646666098   inter angle : 0.18743849840776894   inter body : 0.014100451930918995   
Current LR:  [0.00013891640349493958]
Evaluation : False
Train , Epoch 19 : : total loss : 0.36623641250692135   marker : 0.06876506112162223   pose : 0.01692244506784776   angle : 0.09128446037243555   body : 0.004056976522300478   inter pose : 0.017434830162645663   inter marker : 0.07012745046597345   inter angle : 0.09367092016508166   inter body : 0.003974269029069663   
Evaluation : True
Valid, Epoch 19 : : total loss : 0.6614950243160013   marker : 0.09178927803266804   pose : 0.0344976368663663   angle : 0.201215133320869   body : 0.014364386195387414   inter pose : 0.032507011427384186   inter marker : 0.08591772262056505   inter angle : 0.18695258993722705   inter body : 0.014251267144664946   
Current LR:  [0.0001252089275819358]
Evaluation : False
Train , Epoch 20 : : total loss : 0.36256790366508695   marker : 0.06785453060159823   pose : 0.016620630272885194   angle : 0.09009757701872319   body : 0.004023823475644882   inter pose : 0.01728837881208744   inter marker : 0.06968261539981704   inter angle : 0.09305048667772989   inter body : 0.003949863468204122   
Evaluation : True
Valid, Epoch 20 : : total loss : 0.6608288116147413   marker : 0.09157266906131342   pose : 0.03436576660192261   angle : 0.20040914400744184   body : 0.0144287059876541   inter pose : 0.03250842552859824   inter marker : 0.08632868595558567   inter angle : 0.18689653729444114   inter body : 0.014318875754724096   
Current LR:  [0.00011285402696730145]
Best Loss : 0.20040914400744184
Evaluation : False
Train , Epoch 21 : : total loss : 0.35950356379584913   marker : 0.0671724299650645   pose : 0.0163857346403471   angle : 0.08904040939136085   body : 0.004001716897747327   inter pose : 0.017160302153567442   inter marker : 0.06931844945842967   inter angle : 0.09249485675445195   inter body : 0.00392966521269204   
Evaluation : True
Valid, Epoch 21 : : total loss : 0.6603071441594451   marker : 0.09153979509213965   pose : 0.03453902807761021   angle : 0.20116677955946993   body : 0.01416342370550089   inter pose : 0.03239334461046788   inter marker : 0.08576688116624434   inter angle : 0.18662835946169162   inter body : 0.014109532876911047   
Current LR:  [0.00010171823725909672]
Evaluation : False
Train , Epoch 22 : : total loss : 0.3565266007303644   marker : 0.06645862061022617   pose : 0.016152864236493022   angle : 0.08807689366807982   body : 0.003975512488398581   inter pose : 0.01703267614535451   inter marker : 0.06895115904247597   inter angle : 0.09197174813626918   inter body : 0.00390712739928279   
Evaluation : True
Valid, Epoch 22 : : total loss : 0.6592739125502535   marker : 0.09143268942953128   pose : 0.03423233541796837   angle : 0.20056518587551725   body : 0.014142070637867175   inter pose : 0.03218708044011393   inter marker : 0.0856595723966162   inter angle : 0.18700945448366293   inter body : 0.014045524486273065   
Current LR:  [9.168126356798713e-05]
Evaluation : False
Train , Epoch 23 : : total loss : 0.35376931601425043   marker : 0.06582010808938495   pose : 0.015932638737248973   angle : 0.08712556922828256   body : 0.00395352770446031   inter pose : 0.016922811134668442   inter marker : 0.0686315556169469   inter angle : 0.09149262957149407   inter body : 0.0038904762237830515   
Evaluation : True
Valid, Epoch 23 : : total loss : 0.6601628272149491   marker : 0.09114983223631996   pose : 0.03418387648668377   angle : 0.20096052408589854   body : 0.014237460759260533   inter pose : 0.03237911805083057   inter marker : 0.08583002900697059   inter angle : 0.18727388824226548   inter body : 0.014148099024107231   
Current LR:  [8.263468101607335e-05]
Evaluation : False
Train , Epoch 24 : : total loss : 0.35159458117317094   marker : 0.06534151684430073   pose : 0.015763777517820574   angle : 0.08636848226897019   body : 0.003936256717742174   inter pose : 0.016835455088141684   inter marker : 0.06837175038014218   inter angle : 0.09110077952033345   inter body : 0.0038765646794676825   
Evaluation : True
Valid, Epoch 24 : : total loss : 0.6616047530637064   marker : 0.09168310264172753   pose : 0.034473329807068576   angle : 0.20140335813537547   body : 0.014089828633484182   inter pose : 0.03244738737326933   inter marker : 0.08587096041407641   inter angle : 0.1876185098759425   inter body : 0.014018278553618944   
Current LR:  [7.448076347207475e-05]
Evaluation : False
Train , Epoch 25 : : total loss : 0.3494112383899426   marker : 0.06484161838775024   pose : 0.015613134705089318   angle : 0.0855764647400945   body : 0.003923852868081508   inter pose : 0.016757824727737704   inter marker : 0.06813654256770658   inter angle : 0.09069930843061912   inter body : 0.003862492477372973   
Evaluation : True
Valid, Epoch 25 : : total loss : 0.6606585321084638   marker : 0.09146117727038251   pose : 0.03447859805791235   angle : 0.20117943879719147   body : 0.014111223819329905   inter pose : 0.03232705654292526   inter marker : 0.08543628757393947   inter angle : 0.18769379433894198   inter body : 0.01397095275792725   
Current LR:  [6.713142786022393e-05]
Evaluation : False
Train , Epoch 26 : : total loss : 0.347313223306837   marker : 0.06435542314058058   pose : 0.015435553797639074   angle : 0.08486779893293497   body : 0.0039038980321938694   inter pose : 0.016671266231349288   inter marker : 0.06788987222528385   inter angle : 0.09034084710099978   inter body : 0.0038485642484065493   
Evaluation : True
Valid, Epoch 26 : : total loss : 0.66071845792236   marker : 0.09139021615717219   pose : 0.0341901921863222   angle : 0.20148928907721478   body : 0.014142221405770315   inter pose : 0.03234196736235501   inter marker : 0.08579021642564492   inter angle : 0.18732329239144727   inter body : 0.014051060561965098   
Current LR:  [6.05072826387196e-05]
Evaluation : False
Train , Epoch 27 : : total loss : 0.3455290995640923   marker : 0.0639491508020285   pose : 0.015298634476583183   angle : 0.08422394569215877   body : 0.0038908627818397047   inter pose : 0.01660023372375034   inter marker : 0.06768830267749555   inter angle : 0.09004031105757125   inter body : 0.003837658652528025   
Evaluation : True
Valid, Epoch 27 : : total loss : 0.6594128902820933   marker : 0.09131086404727169   pose : 0.03415625741726296   angle : 0.20064907268013377   body : 0.014197846638840592   inter pose : 0.03232094044318701   inter marker : 0.0857746644588649   inter angle : 0.18694951874931642   inter body : 0.014053727059958235   
Current LR:  [5.453677016888176e-05]
Evaluation : False
Train , Epoch 28 : : total loss : 0.3440998721451343   marker : 0.06363202672548718   pose : 0.01519492370537147   angle : 0.08367046663626047   body : 0.0038819412767151186   inter pose : 0.01655847191308578   inter marker : 0.0675607169272341   inter angle : 0.08977127315941485   inter body : 0.003830051865388752   
Evaluation : True
Valid, Epoch 28 : : total loss : 0.6599103420489366   marker : 0.09082986899666012   pose : 0.034211443255227576   angle : 0.20155253706204773   body : 0.014185880751015886   inter pose : 0.03222000677571835   inter marker : 0.08529577411703705   inter angle : 0.18750835498589205   inter body : 0.0141064833872544   
Current LR:  [4.915539371041189e-05]
Evaluation : False
Train , Epoch 29 : : total loss : 0.34247778988176614   marker : 0.06324009522567482   pose : 0.0150501792679953   angle : 0.08311820266394666   body : 0.0038698829388157515   inter pose : 0.016490957204817264   inter marker : 0.06737606840102632   inter angle : 0.08951281660320565   inter body : 0.003819586898116067   
Evaluation : True
Valid, Epoch 29 : : total loss : 0.6603932073448222   marker : 0.0914106520447457   pose : 0.0344299478192627   angle : 0.2007125843653986   body : 0.014325265767604683   inter pose : 0.03262936153373407   inter marker : 0.08623136161676238   inter angle : 0.18646854061154328   inter body : 0.01418549034359715   
Current LR:  [4.430502069233822e-05]
Evaluation : False
Train , Epoch 30 : : total loss : 0.34111748770404193   marker : 0.06294255969535337   pose : 0.014954296906249082   angle : 0.08262175344398522   body : 0.003859797525782977   inter pose : 0.016438660527056063   inter marker : 0.06722039833756173   inter angle : 0.08926963622455027   inter body : 0.003810384888401623   
Evaluation : True
Valid, Epoch 30 : : total loss : 0.6597857796493585   marker : 0.09120207055331085   pose : 0.034290587713056105   angle : 0.20058474039443636   body : 0.01427926327860789   inter pose : 0.03242512035955485   inter marker : 0.08577293139550264   inter angle : 0.18705136764389316   inter body : 0.014179693806915451   
Current LR:  [3.993325473319803e-05]
Evaluation : False
Train , Epoch 31 : : total loss : 0.3399139478414749   marker : 0.06267367421462561   pose : 0.014861667464568549   angle : 0.0821639019739208   body : 0.003853014567981019   inter pose : 0.01639581321928348   inter marker : 0.06709838085800729   inter angle : 0.08906291785776889   inter body : 0.0038045779791208495   
Evaluation : True
Valid, Epoch 31 : : total loss : 0.65918862132451   marker : 0.09095668646321486   pose : 0.03414866808692975   angle : 0.20096500799839684   body : 0.014140804605931522   inter pose : 0.032303989813074536   inter marker : 0.08564516174051395   inter angle : 0.18700144238699676   inter body : 0.01402685960396085   
Current LR:  [3.5992869626675335e-05]
Evaluation : False
Train , Epoch 32 : : total loss : 0.3388340835549382   marker : 0.06242099387790854   pose : 0.01478152258883574   angle : 0.08177219700941082   body : 0.003843533820765033   inter pose : 0.016358380690844554   inter marker : 0.06698325056736722   inter angle : 0.0888773695912332   inter body : 0.0037968348787318783   
Evaluation : True
Valid, Epoch 32 : : total loss : 0.6590766826325819   marker : 0.09117020473352613   pose : 0.03405388793940068   angle : 0.2007201445352888   body : 0.014159156516059139   inter pose : 0.032198645511148566   inter marker : 0.08548505451991484   inter angle : 0.187229192941963   inter body : 0.014060398068505392   
Current LR:  [3.244129917829765e-05]
Evaluation : False
Train , Epoch 33 : : total loss : 0.33781038980023964   marker : 0.062182342973045694   pose : 0.014696647214830195   angle : 0.08139276923255205   body : 0.0038380867100618835   inter pose : 0.01632006801978598   inter marker : 0.06687848826736258   inter angle : 0.08871050977688653   inter body : 0.003791477634952294   
Evaluation : True
Valid, Epoch 33 : : total loss : 0.6591102181253616   marker : 0.09103232716653101   pose : 0.03410461036130429   angle : 0.20087415459022526   body : 0.014162100729305578   inter pose : 0.03224590257112008   inter marker : 0.08549452098957964   inter angle : 0.18714349296743935   inter body : 0.01405311159051401   
Current LR:  [2.9240177382128606e-05]
Evaluation : False
Train , Epoch 34 : : total loss : 0.33692496786803966   marker : 0.06198088566317675   pose : 0.014628067756696372   angle : 0.08105630566798162   body : 0.003832823245331166   inter pose : 0.016288378348668173   inter marker : 0.06678885602567682   inter angle : 0.08856226631638467   inter body : 0.0037873847835096794   
Evaluation : True
Valid, Epoch 34 : : total loss : 0.6587314205398679   marker : 0.09101636708465596   pose : 0.034207645776717366   angle : 0.2001056086841157   body : 0.01419695944683808   inter pose : 0.03231327719020206   inter marker : 0.08565775037696803   inter angle : 0.18713680750158374   inter body : 0.014097004170138526   
Current LR:  [2.6354923970193805e-05]
Best Loss : 0.2001056086841157
Evaluation : False
Train , Epoch 35 : : total loss : 0.3360780273060704   marker : 0.061794128742462644   pose : 0.014561571038198325   angle : 0.08073427409481308   body : 0.0038267622714659704   inter pose : 0.016257084170170983   inter marker : 0.06670336230767814   inter angle : 0.08841896746279088   inter body : 0.0037818766975629887   
Evaluation : True
Valid, Epoch 35 : : total loss : 0.6579334359373971   marker : 0.09092250721186505   pose : 0.034109793392419485   angle : 0.1999536226632866   body : 0.014173482900229156   inter pose : 0.03228791961201432   inter marker : 0.08556727615288619   inter angle : 0.18684170311896417   inter body : 0.014077131350070372   
Current LR:  [2.375437085751811e-05]
Best Loss : 0.1999536226632866
Evaluation : False
Train , Epoch 36 : : total loss : 0.33530494935844796   marker : 0.06160887675916071   pose : 0.014500113008729257   angle : 0.08044081698150402   body : 0.003823086560188948   inter pose : 0.016232585721288394   inter marker : 0.06662905832344686   inter angle : 0.08829231586472729   inter body : 0.0037780963711634527   
Evaluation : True
Valid, Epoch 36 : : total loss : 0.6599089717157011   marker : 0.09103766349482717   pose : 0.03416918565433542   angle : 0.20098499892973112   body : 0.014219013239152818   inter pose : 0.032372245188976946   inter marker : 0.08569110944305831   inter angle : 0.18733794629524655   inter body : 0.014096805294059765   
Current LR:  [2.1410425447429443e-05]
Evaluation : False
Train , Epoch 37 : : total loss : 0.3346169082074216   marker : 0.06146396340582674   pose : 0.014446251764665336   angle : 0.08017855968217938   body : 0.0038174953982718918   inter pose : 0.01620754239307702   inter marker : 0.06655780520934788   inter angle : 0.08817236333127043   inter body : 0.003772927245630057   
Evaluation : True
Valid, Epoch 37 : : total loss : 0.6593892395785897   marker : 0.09100504879028919   pose : 0.03410991188061903   angle : 0.20082683889252512   body : 0.014108999242988867   inter pose : 0.03232484990916105   inter marker : 0.08564418400801263   inter angle : 0.18737161433748098   inter body : 0.013997793429800969   
Current LR:  [1.929776715996886e-05]
Evaluation : False
Train , Epoch 38 : : total loss : 0.33397645611675375   marker : 0.061311404011105325   pose : 0.014394531736740839   angle : 0.0799314914468054   body : 0.003814393503642762   inter pose : 0.0161848522503083   inter marker : 0.06649343757840247   inter angle : 0.08807651150920306   inter body : 0.003769834210688268   
Evaluation : True
Valid, Epoch 38 : : total loss : 0.6594144679396325   marker : 0.09111818359573584   pose : 0.0341758467014611   angle : 0.20075287105248094   body : 0.014227876929465031   inter pose : 0.032318345262088516   inter marker : 0.08557736850682936   inter angle : 0.18712571250475707   inter body : 0.014118265364349472   
Current LR:  [1.739357390514086e-05]
Evaluation : False
Train , Epoch 39 : : total loss : 0.33339921607540357   marker : 0.06117822099790821   pose : 0.014349112359901026   angle : 0.07971484090841931   body : 0.0038105378395936252   inter pose : 0.016166022088760897   inter marker : 0.06643781730560029   inter angle : 0.08797563423058888   inter body : 0.0037670311240613416   
Evaluation : True
Valid, Epoch 39 : : total loss : 0.659216124658984   marker : 0.09105643407964824   pose : 0.03407563269274906   angle : 0.20091065205855566   body : 0.014133572985409008   inter pose : 0.03225577899138177   inter marker : 0.08554224237689023   inter angle : 0.18721365729803868   inter body : 0.014028157792687034   
Current LR:  [1.567727554621844e-05]
Evaluation : False
Train , Epoch 40 : : total loss : 0.3328940740131857   marker : 0.06105807883405393   pose : 0.01431122466145942   angle : 0.07951849724121883   body : 0.003807522994744239   inter pose : 0.01614838459345   inter marker : 0.06638808099475974   inter angle : 0.08789807068580507   inter body : 0.0037642143945570516   
Evaluation : True
Valid, Epoch 40 : : total loss : 0.659647575800059   marker : 0.09110606897763356   pose : 0.034172058575269816   angle : 0.20066893045017933   body : 0.014195914071177203   inter pose : 0.03233866216434741   inter marker : 0.08572290649707742   inter angle : 0.18736817469442593   inter body : 0.01407485834324833   
Current LR:  [1.4130331689878675e-05]
Evaluation : False
Train , Epoch 41 : : total loss : 0.3324082447230177   marker : 0.060949753992727305   pose : 0.014272150787514896   angle : 0.07933807709635125   body : 0.003804465939802835   inter pose : 0.016131361415909224   inter marker : 0.06633858748385041   inter angle : 0.08781208951385609   inter body : 0.003761759096297334   
Evaluation : True
Valid, Epoch 41 : : total loss : 0.6598879620371397   marker : 0.09108333803536463   pose : 0.0341903511265788   angle : 0.20099838944012866   body : 0.014243113304646355   inter pose : 0.03238798918421202   inter marker : 0.08579294435285909   inter angle : 0.18704391747300647   inter body : 0.014147920210172905   
Current LR:  [1.2736031402736402e-05]
Evaluation : False
Train , Epoch 42 : : total loss : 0.3319953386579137   marker : 0.060861408893036074   pose : 0.014241563511376268   angle : 0.0791653056969869   body : 0.0038020822492672007   inter pose : 0.016117650372294245   inter marker : 0.06630087571980212   inter angle : 0.08774677086707096   inter body : 0.0037596818444049513   
Evaluation : True
Valid, Epoch 42 : : total loss : 0.6599135973551634   marker : 0.09100718599182582   pose : 0.03409159356126776   angle : 0.20135306918689894   body : 0.01418297687510764   inter pose : 0.03230193395813907   inter marker : 0.0856528886788576   inter angle : 0.18724997466867604   inter body : 0.014073971946083673   
Current LR:  [1.1479312690704467e-05]
Evaluation : False
Train , Epoch 43 : : total loss : 0.3315889925266663   marker : 0.060770157987043646   pose : 0.014213776302910416   angle : 0.07899552040589349   body : 0.0038001021515766294   inter pose : 0.01610566685646544   inter marker : 0.06626381686279639   inter angle : 0.0876824949022274   inter body : 0.0037574570873469843   
Evaluation : True
Valid, Epoch 43 : : total loss : 0.6601411922420921   marker : 0.09125295850907442   pose : 0.034270165832109775   angle : 0.20100508194207467   body : 0.01419336827928167   inter pose : 0.03241470289234717   inter marker : 0.08576602960264373   inter angle : 0.18714258671025397   inter body : 0.01409630047096121   
Current LR:  [1.034659979109789e-05]
Evaluation : False
Train , Epoch 44 : : total loss : 0.3312340538954479   marker : 0.06068613777824237   pose : 0.014182906582164272   angle : 0.07886031766352208   body : 0.0037981169865214212   inter pose : 0.016093784533897457   inter marker : 0.06623068095896548   inter angle : 0.0876267630646824   inter body : 0.003755345492756385   
Evaluation : True
Valid, Epoch 44 : : total loss : 0.6589655536591826   marker : 0.09088702407681683   pose : 0.03412562085928614   angle : 0.20088740494694612   body : 0.014206233380007139   inter pose : 0.032263672343096676   inter marker : 0.08550983652624089   inter angle : 0.18698901394178116   inter body : 0.014096752744625211   
Current LR:  [9.325656519822294e-06]
Evaluation : False
Train , Epoch 45 : : total loss : 0.33091760297829304   marker : 0.06061681908245839   pose : 0.014159052363193236   angle : 0.07873664735880599   body : 0.00379558081366407   inter pose : 0.016081046994781238   inter marker : 0.06619803725554968   inter angle : 0.08757704592225746   inter body : 0.003753373202914871   
Evaluation : True
Valid, Epoch 45 : : total loss : 0.6595053815697457   marker : 0.09078768230295238   pose : 0.03408589607613212   angle : 0.20126987607087304   body : 0.01420049724553947   inter pose : 0.03232630905664958   inter marker : 0.08549647217174464   inter angle : 0.1872522612232498   inter body : 0.014086386376477852   
Current LR:  [8.405454089422724e-06]
Evaluation : False
Train , Epoch 46 : : total loss : 0.33061704003062403   marker : 0.060546552131999325   pose : 0.01413536775760227   angle : 0.07861408736174541   body : 0.003794302123101003   inter pose : 0.016072851247731796   inter marker : 0.06617367661816238   inter angle : 0.08752829938624938   inter body : 0.0037519027048274075   
Evaluation : True
Valid, Epoch 46 : : total loss : 0.6589763780505943   marker : 0.09105726071101543   pose : 0.03422916039309617   angle : 0.20051250810879265   body : 0.014240023100718101   inter pose : 0.032386017319874436   inter marker : 0.08557720422941412   inter angle : 0.18683029276543933   inter body : 0.014143913855922834   
Current LR:  [7.576051970091162e-06]
Evaluation : False
Train , Epoch 47 : : total loss : 0.3303418795237315   marker : 0.06048555970534249   pose : 0.014111760186507819   angle : 0.07850156288599712   body : 0.003791734160125187   inter pose : 0.016064682396365527   inter marker : 0.06614900905792966   inter angle : 0.08748708541004435   inter body : 0.0037504861999166183   
Evaluation : True
Valid, Epoch 47 : : total loss : 0.6596966609652413   marker : 0.09093076961416993   pose : 0.03409530265162358   angle : 0.2011922842072431   body : 0.014187863931550124   inter pose : 0.03231748134162727   inter marker : 0.08565976359472519   inter angle : 0.18723600195457382   inter body : 0.014077188163222756   
Current LR:  [6.828490506628192e-06]
Evaluation : False
Train , Epoch 48 : : total loss : 0.3301088604591159   marker : 0.060430892890071065   pose : 0.014094207154880713   angle : 0.07840856923443618   body : 0.003791947722874274   inter pose : 0.016056041576960917   inter marker : 0.06612804315265433   inter angle : 0.08744964312767727   inter body : 0.0037495165380148666   
Evaluation : True
Valid, Epoch 48 : : total loss : 0.6599899019638675   marker : 0.0910660906330102   pose : 0.034222091405685155   angle : 0.20108567843482208   body : 0.01423031387500852   inter pose : 0.03241316380766067   inter marker : 0.0857351260009995   inter angle : 0.1871180793955197   inter body : 0.014119358047885316   
Current LR:  [6.154694131348503e-06]
Evaluation : False
Train , Epoch 49 : : total loss : 0.3299077350366718   marker : 0.06039182772178197   pose : 0.014079255091845077   angle : 0.07832456580940833   body : 0.0037896786124700793   inter pose : 0.016049511208673897   inter marker : 0.06610654126196688   inter angle : 0.08741824551389922   inter body : 0.0037481100608667455   
Evaluation : True
Valid, Epoch 49 : : total loss : 0.6590575787293661   marker : 0.09097351045462554   pose : 0.03414451266917111   angle : 0.20076872043611368   body : 0.01419083880751044   inter pose : 0.0323372823695369   inter marker : 0.08566554404891452   inter angle : 0.18690006316238053   inter body : 0.014077108302504035   
Finished Training
Load  /tudelft.net/staff-bulk/ewi/insy/VisionLab/students/wyang/dataset/models/model_best_OS_TEMPORAL_TRANSFORMER_L1.pt
Use Transformer, Receptive Field : 243
 OS Joint error : 0.034109801054000854 , SMPLH Joint error : 0.042774662375450134 , Marker error : 0.04522133991122246 , BonyLandmark : 0.045461256057024
 OS Joint error : 0.03025531955063343 , SMPLH Joint error : 0.03705659136176109 , Marker error : 0.0382596030831337 , BonyLandmark : 0.03818374127149582
 OS Joint error : 0.01016472838819027 , SMPLH Joint error : 0.022740893065929413 , Marker error : 0.01762569695711136 , BonyLandmark : 0.017993353307247162
