/home/nfs/weitseyang/.bashrc: line 20: dirname: command not found
/home/nfs/weitseyang/.bashrc: line 21: dirname: command not found
              total        used        free      shared  buff/cache   available
Mem:         772433      156377      597337        4154       18718      610059
Swap:          4090           0        4090
Sun Aug  8 12:03:34 2021       
+-----------------------------------------------------------------------------+
| NVIDIA-SMI 470.57.02    Driver Version: 470.57.02    CUDA Version: 11.4     |
|-------------------------------+----------------------+----------------------+
| GPU  Name        Persistence-M| Bus-Id        Disp.A | Volatile Uncorr. ECC |
| Fan  Temp  Perf  Pwr:Usage/Cap|         Memory-Usage | GPU-Util  Compute M. |
|                               |                      |               MIG M. |
|===============================+======================+======================|
|   0  NVIDIA GeForce ...  On   | 00000000:5E:00.0 Off |                  N/A |
| 30%   27C    P8    27W / 250W |      1MiB / 11019MiB |      0%      Default |
|                               |                      |                  N/A |
+-------------------------------+----------------------+----------------------+
                                                                               
+-----------------------------------------------------------------------------+
| Processes:                                                                  |
|  GPU   GI   CI        PID   Type   Process name                  GPU Memory |
|        ID   ID                                                   Usage      |
|=============================================================================|
|  No running processes found                                                 |
+-----------------------------------------------------------------------------+
BML_FOLDER: /tudelft.net/staff-bulk/ewi/insy/VisionLab/students/wyang/dataset/HDF5/BML/
DATASET:
  ANTIALIAS:
    TEST: 1
    TRAIN: 1
  BBOX:
    PARTIAL_VISUALBILITY: False
  COLOR:
    AUG: True
  DATASETPERIMG: 2000
  GEOM:
    AUG: True
    HFLIP: False
    ROT: 20
    SCALE_DOWN: 25
    SCALE_UP: 25
    SHIFT_AUG: 10
  INTERPOLATION:
    TEST: nearest
    TRAIN: nearest
  OCCLUSION:
    PROB: 0.7
    SCALE: 0.8
  TRAINING_USEDEACHFRAME: 2
  USEDEACHFRAME: 1
EVAL_WORKERS: 16
HYP:
  ANGLE: 0.06
  BODY: 0.1
  INTERMEDIATE_MARKER: 1.5
  INTERMEDIATE_POS: 1.5
  MARKER: 2.0
  POS: 1.0
  ROTMAT: 0.1
  SY_BODY: 0.05
LAYER:
  OS_TRANSIT:
    ACT_TYPE: 1
    BN: False
LOSS:
  ANGLE:
    BETA: 5
    EVAL_TYPE: 1
    H: 0.1
    MASKMINVALUE: 0
    TYPE: 1
    USE: True
    USEMASK: True
  BODY:
    BETA: 0.05
    EVAL_TYPE: 1
    H: 0.1
    TYPE: 1
    USE: True
  MARKER:
    BETA: 0.02
    TYPE: 1
    USE: True
  POS:
    BETA: 0.02
    TYPE: 1
    USE: True
  ROTMAT:
    BETA: 0.02
    EVAL_TYPE: 1
    TYPE: 1
    USE: False
  SY_BODY:
    EVAL_TYPE: 1
    TYPE: 1
    USE: False
LSTM:
  BIDIRECTIONAL: True
  DROPOUTPROB: 0.1
  HIDDEN_STATE: 512
  NUM_LAYERS: 3
MODEL:
  CAUSAL: False
  CONV_CHANNEL_SIZE: [2048]
  CONV_LAYER: 1
  FULLCONV: True
  IMGSIZE: (256, 256)
  INFEATURES: 567
  INTERMEDIATE_POSE_ESTIMATION: False
  METRIC_SCALE:
    BBOX_SIZE: 2.2
    DEPTH: 8
    EVAL_STRIDING: 4
    STRIDING: 32
  NUMPRED: 115
  NUM_PRED: 115
  OUTFEATURES: 126
  POS: True
  RECEPTIVE_FIELD: 243
  RESNET:
    CENTER_STRIDING: True
    NEXT: True
    PRETRAINED: True
  TYPE: 0
MODEL_FOLDER: /tudelft.net/staff-bulk/ewi/insy/VisionLab/students/wyang/dataset/models/
PASCAL_PATH: /tudelft.net/staff-bulk/ewi/insy/VisionLab/students/wyang/dataset/HDF5/PASCAL/pascal.hdf5
PCA_PATH: None
POSTFIX: OS_TEMPORAL_TCN_L1
PREDICTION:
  BODY: ['pelvis', 'lumbar5', 'lumbar4', 'lumbar3', 'lumbar2', 'lumbar1', 'thoracic12', 'thoracic11', 'thoracic10', 'thoracic9', 'thoracic8', 'thoracic7', 'thoracic6', 'thoracic5', 'thoracic4', 'thoracic3', 'thoracic2', 'thoracic1', 'head_neck', 'femur_r', 'tibia_r', 'talus_r', 'calcn_r', 'toes_r', 'femur_l', 'tibia_l', 'talus_l', 'calcn_l', 'toes_l', 'cerv6', 'cerv5', 'cerv4', 'cerv3', 'cerv2', 'cerv1', 'jaw', 'skull', 'thorax', 'clavicle', 'scapula', 'humerus', 'ulna', 'radius', 'clavicle_l', 'scapula_l', 'humerus_l', 'ulna_l', 'radius_l']
  BODY_AMPITUDE_VALUE: [0.38330534, 0.11688988, 0.27979052, 0.18767838, 0.12217734, 0.17559392, 0.25814359, 0.19320878, 0.09488225, 0.23721306, 0.3308586, 0.22396367, 0.08659548, 1e-06, 0.1634575, 0.18397586, 0.23942574, 0.23136499, 0.14410597, 0.14576365, 0.17185328, 0.18178275, 0.15676707, 0.19965802, 0.12167494, 0.14225374, 0.19253547, 0.08705724, 0.13519439, 0.09673029, 0.16227082, 0.25709417, 0.27539152, 0.21485549, 0.11401759, 0.22396367, 0.21485549, 0.1838405, 0.18214334, 0.43287996, 0.43287996, 0.13003099, 0.13036308, 0.2175328, 0.20085876, 0.30206298, 0.3034652, 0.2025831, 0.20302752, 0.1691131, 0.22653959]
  BODY_AVG_VALUE: [1.21267658, 1.19278473, 1.09221309, 0.82231784, 0.65399921, 0.86740023, 1.23414558, 1.13399419, 1.00263798, 1.01988775, 1.04674897, 0.92795962, 0.80902216, 0.94262153, 0.96230629, 0.95413619, 1.04046246, 1.03910667, 0.68939832, 0.71175453, 0.74281865, 0.76454479, 0.9076589, 1.02388528, 0.64942223, 0.89473501, 0.89226717, 0.61283192, 0.7215803, 0.68092433, 1.08504841, 1.17846495, 1.14104316, 1.14461103, 0.74801221, 0.92795962, 1.14461103, 0.89621243, 0.8843008, 1.13165459, 1.13165459, 0.73835266, 0.74087435, 1.07924646, 1.08077973, 1.01209745, 0.99989337, 1.0244289, 1.03203484, 0.82801554, 0.7559647]
  BODY_SCALE_MAPPING: [[0, 1, 2], [10, 3, 9], [10, 3, 9], [10, 3, 9], [10, 3, 9], [10, 3, 9], [10, 3, 9], [10, 4, 9], [10, 4, 9], [10, 5, 9], [10, 5, 9], [10, 6, 9], [10, 6, 9], [10, 6, 9], [10, 6, 9], [10, 6, 9], [10, 6, 9], [10, 6, 9], [11, 7, 9], [16, 14, 16], [20, 18, 20], [20, 18, 20], [22, 23, 24], [28, 30, 30], [17, 15, 17], [21, 19, 21], [21, 19, 21], [25, 26, 27], [29, 31, 31], [11, 7, 9], [11, 7, 9], [11, 7, 9], [11, 7, 9], [11, 7, 9], [11, 7, 9], [12, 8, 13], [12, 8, 13], [32, 33, 34], [37, 35, 41], [39, 36, 41], [45, 43, 45], [49, 47, 49], [49, 47, 49], [38, 35, 42], [40, 36, 42], [46, 44, 46], [50, 48, 50], [50, 48, 50]]
  BODY_SCALE_UNIQUE_NUMS: 51
  BODY_WEIGHTS: [[2.0, 2.0, 2.0], [1.0, 2.0, 1.0], [1.0, 2.0, 1.0], [1.0, 2.0, 1.0], [1.0, 2.0, 1.0], [1.0, 2.0, 1.0], [1.0, 2.0, 1.0], [1.0, 2.0, 1.0], [1.0, 2.0, 1.0], [1.0, 2.0, 1.0], [1.0, 2.0, 1.0], [1.0, 2.0, 1.0], [1.0, 2.0, 1.0], [1.0, 2.0, 1.0], [1.0, 2.0, 1.0], [1.0, 2.0, 1.0], [1.0, 2.0, 1.0], [1.0, 2.0, 1.0], [1.0, 2.0, 1.0], [1.0, 2.0, 1.0], [1.0, 2.0, 1.0], [1.0, 2.0, 1.0], [2.0, 1.0, 1.0], [2.0, 1.0, 1.0], [1.0, 2.0, 1.0], [1.0, 2.0, 1.0], [1.0, 2.0, 1.0], [2.0, 1.0, 1.0], [2.0, 1.0, 1.0], [1.0, 2.0, 1.0], [1.0, 2.0, 1.0], [1.0, 2.0, 1.0], [1.0, 2.0, 1.0], [1.0, 2.0, 1.0], [1.0, 2.0, 1.0], [1.0, 1.0, 2.0], [1.0, 1.0, 2.0], [2.0, 1.0, 1.0], [1.0, 1.0, 2.0], [1.0, 1.0, 2.0], [1.0, 2.0, 1.0], [1.0, 2.0, 1.0], [1.0, 2.0, 1.0], [1.0, 1.0, 2.0], [1.0, 1.0, 2.0], [1.0, 2.0, 1.0], [1.0, 2.0, 1.0], [1.0, 2.0, 1.0]]
  COORDINATES: ['L5_S1_FE', 'L5_S1_LB', 'L5_S1_AR', 'L4_L5_FE', 'L4_L5_LB', 'L4_L5_AR', 'T12_L1_FE', 'T12_L1_LB', 'T12_L1_AR', 'T11_T12_FE', 'T11_T12_LB', 'T11_T12_AR', 'T10_T11_FE', 'T10_T11_LB', 'T10_T11_AR', 'T9_T10_FE', 'T9_T10_LB', 'T9_T10_AR', 'T8_T9_FE', 'T8_T9_LB', 'T8_T9_AR', 'T1_T2_FE', 'T1_T2_LB', 'T1_T2_AR', 'T1_head_neck_FE', 'T1_head_neck_LB', 'T1_head_neck_AR', 'hip_flexion_r', 'hip_adduction_r', 'hip_rotation_r', 'knee_angle_r', 'knee_angle_y_r', 'knee_angle_x_r', 'ankle_angle_r', 'subtalar_angle_r', 'mtp_angle_r', 'hip_flexion_l', 'hip_adduction_l', 'hip_rotation_l', 'knee_angle_l', 'knee_angle_y_l', 'knee_angle_x_l', 'ankle_angle_l', 'subtalar_angle_l', 'mtp_angle_l', 'skull_z', 'skull_y', 'skull_x', 'sternoclavicular_r2', 'sternoclavicular_r3', 'acromioclavicular_r2', 'elv_angle', 'shoulder_elv', 'shoulder1_r2', 'shoulder_rot', 'elbow_flexion', 'elbow_x', 'pro_sup', 'sternoclavicular_r2_l', 'sternoclavicular_r3_l', 'acromioclavicular_r2_l', 'elv_angle_l', 'shoulder_elv_l', 'shoulder1_r2_l', 'shoulder_rot_l', 'elbow_flexion_l', 'elbow_x_l', 'pro_sup_l', 'ribs_bending']
  JOINTS: ['ground_pelvis', 'L5_S1_IVDjnt', 'L4_L5_IVDjnt', 'L3_L4_IVDjnt', 'L2_L3_IVDjnt', 'L1_L2_IVDjnt', 'T12_L1_IVDjnt', 'T11_T12_IVDjnt', 'T10_T11_IVDjnt', 'T9_T10_IVDjnt', 'T8_T9_IVDjnt', 'T7_T8_IVDjnt', 'T6_T7_IVDjnt', 'T5_T6_IVDjnt', 'T4_T5_IVDjnt', 'T3_T4_IVDjnt', 'T2_T3_IVDjnt', 'T1_T2_IVDjnt', 'T1_head_neck', 'hip_r', 'knee_r', 'ankle_r', 'subtalar_r', 'mtp_r', 'hip_l', 'knee_l', 'ankle_l', 'subtalar_l', 'mtp_l', 'C7_cerv6', 'C7_cerv5', 'C7_cerv4', 'C7_cerv3', 'C7_cerv2', 'C7_cerv1', 'skull_jaw', 'C7_skull', 'sternoclavicular', 'acromioclavicular', 'shoulder2', 'elbow', 'radioulnar', 'sternoclavicular_l', 'acromioclavicular_l', 'shoulder2_l', 'elbow_l', 'radioulnar_l', 'T1_rib']
  Joints_Inside_Cylinder_Body_LIST: [['ROOT', 'Torso'], ['RHIPJ', 'Torso'], ['LHIPJ', 'Torso'], ['Spine1', 'Torso'], ['Spine2', 'Torso'], ['Spine3', 'Torso'], ['LCOL', 'Torso'], ['RCOL', 'Torso'], ['NECK', 'Torso'], ['HEAD', 'HEAD'], ['RKNE', 'RightLeg'], ['RKNI', 'RightLeg'], ['LKNE', 'LeftLeg'], ['LKNI', 'LeftLeg'], ['LANK', 'LeftShrank'], ['RANK', 'RightShrank'], ['LANI', 'LeftShrank'], ['RANI', 'RightShrank'], ['RTOE', 'RightFOOT'], ['LTOE', 'LeftFOOT'], ['RMT1', 'RightFOOT'], ['LMT1', 'LeftFOOT'], ['RMT5', 'RightFOOT'], ['LMT5', 'LeftFOOT'], ['LELB', 'LeftArm'], ['RELB', 'RightArm'], ['LELBIN', 'LeftArm'], ['RELBIN', 'RightArm'], ['LIWR', 'LeftForearm'], ['RIWR', 'RightForearm'], ['LOWR', 'LeftForearm'], ['ROWR', 'RightForearm'], ['ground_pelvis', 'Torso'], ['L5_S1_IVDjnt', 'Torso'], ['L4_L5_IVDjnt', 'Torso'], ['L3_L4_IVDjnt', 'Torso'], ['L2_L3_IVDjnt', 'Torso'], ['L1_L2_IVDjnt', 'Torso'], ['T12_L1_IVDjnt', 'Torso'], ['T11_T12_IVDjnt', 'Torso'], ['T10_T11_IVDjnt', 'Torso'], ['T9_T10_IVDjnt', 'Torso'], ['T8_T9_IVDjnt', 'Torso'], ['T7_T8_IVDjnt', 'Torso'], ['T6_T7_IVDjnt', 'Torso'], ['T5_T6_IVDjnt', 'Torso'], ['T4_T5_IVDjnt', 'Torso'], ['T3_T4_IVDjnt', 'Torso'], ['T2_T3_IVDjnt', 'Torso'], ['T1_T2_IVDjnt', 'Torso'], ['T1_head_neck', 'HEAD'], ['hip_r', 'RightLeg'], ['knee_r', 'RightLeg'], ['ankle_r', 'RightShrank'], ['subtalar_r', 'RightShrank'], ['mtp_r', 'RightFOOT'], ['hip_l', 'LeftLeg'], ['knee_l', 'LeftLeg'], ['ankle_l', 'LeftShrank'], ['subtalar_l', 'LeftShrank'], ['mtp_l', 'LeftFOOT'], ['C7_cerv6', 'HEAD'], ['C7_cerv5', 'HEAD'], ['C7_cerv4', 'HEAD'], ['C7_cerv3', 'HEAD'], ['C7_cerv2', 'HEAD'], ['C7_cerv1', 'HEAD'], ['skull_jaw', 'HEAD'], ['C7_skull', 'HEAD'], ['sternoclavicular', 'RightArm'], ['acromioclavicular', 'RightArm'], ['shoulder2', 'RightArm'], ['elbow', 'RightArm'], ['radioulnar', 'RightForearm'], ['sternoclavicular_l', 'LeftArm'], ['acromioclavicular_l', 'LeftArm'], ['shoulder2_l', 'LeftArm'], ['elbow_l', 'LeftArm'], ['radioulnar_l', 'LeftForearm'], ['T1_rib', 'Torso'], ['radiocarpal', 'RightForearm'], ['radiocarpal_l', 'LeftForearm']]
  LEAFJOINTS: ['radiocarpal', 'radiocarpal_l']
  MARKER: ['ROOT', 'LHIPJ', 'RHIPJ', 'Spine1', 'LKJC', 'RKJC', 'Spine2', 'LAJC', 'RAJC', 'Spine3', 'LFOOT', 'RFOOT', 'NECK', 'LCOL', 'RCOL', 'HEAD', 'LSHOULDER', 'RSHOULDER', 'LELC', 'RELC', 'LWRIST', 'RWRIST', 'LPSI', 'RPSI', 'RASI', 'LASI', 'T12', 'T10', 'T8', 'T1', 'C7', 'RKNE', 'RKNI', 'LKNE', 'LKNI', 'LANK', 'RANK', 'LANI', 'RANI', 'LHEE', 'RHEE', 'RTOE', 'LTOE', 'RMT1', 'LMT1', 'RMT5', 'LMT5', 'LSHO', 'RSHO', 'STRN', 'CLAV', 'RCLAV', 'LCLAV', 'LELB', 'RELB', 'LELBIN', 'RELBIN', 'LIWR', 'RIWR', 'LOWR', 'ROWR', 'LFHD', 'RFHD', 'LBHD', 'RBHD']
  MIRROR_BONES: [0, 1, 2, 3, 4, 5, 6, 7, 8, 9, 10, 11, 12, 13, 14, 15, 16, 17, 18, 24, 25, 26, 27, 28, 19, 20, 21, 22, 23, 29, 30, 31, 32, 33, 34, 35, 36, 37, 43, 44, 45, 46, 47, 38, 39, 40, 41, 42]
  NUM_JOINTS: 50
  NUM_MARKERS: 65
  NUM_SMPL_JOINTS: 22
  POS_NAME: ['ground_pelvis', 'L5_S1_IVDjnt', 'L4_L5_IVDjnt', 'L3_L4_IVDjnt', 'L2_L3_IVDjnt', 'L1_L2_IVDjnt', 'T12_L1_IVDjnt', 'T11_T12_IVDjnt', 'T10_T11_IVDjnt', 'T9_T10_IVDjnt', 'T8_T9_IVDjnt', 'T7_T8_IVDjnt', 'T6_T7_IVDjnt', 'T5_T6_IVDjnt', 'T4_T5_IVDjnt', 'T3_T4_IVDjnt', 'T2_T3_IVDjnt', 'T1_T2_IVDjnt', 'T1_head_neck', 'hip_r', 'knee_r', 'ankle_r', 'subtalar_r', 'mtp_r', 'hip_l', 'knee_l', 'ankle_l', 'subtalar_l', 'mtp_l', 'C7_cerv6', 'C7_cerv5', 'C7_cerv4', 'C7_cerv3', 'C7_cerv2', 'C7_cerv1', 'skull_jaw', 'C7_skull', 'sternoclavicular', 'acromioclavicular', 'shoulder2', 'elbow', 'radioulnar', 'sternoclavicular_l', 'acromioclavicular_l', 'shoulder2_l', 'elbow_l', 'radioulnar_l', 'T1_rib', 'radiocarpal', 'radiocarpal_l', 'ROOT', 'LHIPJ', 'RHIPJ', 'Spine1', 'LKJC', 'RKJC', 'Spine2', 'LAJC', 'RAJC', 'Spine3', 'LFOOT', 'RFOOT', 'NECK', 'LCOL', 'RCOL', 'HEAD', 'LSHOULDER', 'RSHOULDER', 'LELC', 'RELC', 'LWRIST', 'RWRIST', 'LPSI', 'RPSI', 'RASI', 'LASI', 'T12', 'T10', 'T8', 'T1', 'C7', 'RKNE', 'RKNI', 'LKNE', 'LKNI', 'LANK', 'RANK', 'LANI', 'RANI', 'LHEE', 'RHEE', 'RTOE', 'LTOE', 'RMT1', 'LMT1', 'RMT5', 'LMT5', 'LSHO', 'RSHO', 'STRN', 'CLAV', 'RCLAV', 'LCLAV', 'LELB', 'RELB', 'LELBIN', 'RELBIN', 'LIWR', 'RIWR', 'LOWR', 'ROWR', 'LFHD', 'RFHD', 'LBHD', 'RBHD']
PROGRESSBAR: False
RESNETPATH: None
SEED: 100
STARTMODELPATH: None
TESTMODE: False
TEST_SUBJECTS: [2, 29, 19, 21, 51, 26, 7, 72, 77, 17, 65, 80, 6, 76, 10, 73, 13, 38]
TRAINING:
  AMSGRAD: True
  AWARED_OCCLUSION:
    GT: False
    USE: False
  BATCHSIZE: 128
  COORDINATE_MAX_WEIGHT: 2
  END_LR: [5e-06]
  END_MOMENTUM: 0.001
  EPOCH: [80]
  EVALUATION_BATCHSIZE: 128
  INITIAL_MOMENTUM: 0.1
  LOSS2D: False
  LOSSTYPE: 1
  MARKER_PREDICTION: True
  MARKER_TYPE: [10, 10, 10, 1, 1, 1, 1, 1, 1, 1, 20, 20, 10, 1, 1, 10, 0, 0, 1, 1, 1, 1, 20, 20, 20, 20, 10, 20, 10, 10, 20, 20, 20, 20, 20, 20, 20, 20, 20, 20, 20, 10, 10, 1, 1, 1, 1, 20, 20, 20, 20, 1, 1, 20, 20, 20, 20, 20, 20, 20, 20, 10, 10, 10, 10]
  MARKER_WEIGHT: [1.0, 1.0, 1.0, 0.1, 0.1, 0.1, 0.1, 0.1, 0.1, 0.1, 2.0, 2.0, 1.0, 0.1, 0.1, 1.0, 0.0, 0.0, 0.1, 0.1, 0.1, 0.1, 2.0, 2.0, 2.0, 2.0, 1.0, 2.0, 1.0, 1.0, 2.0, 2.0, 2.0, 2.0, 2.0, 2.0, 2.0, 2.0, 2.0, 2.0, 2.0, 1.0, 1.0, 0.1, 0.1, 0.1, 0.1, 2.0, 2.0, 2.0, 2.0, 0.1, 0.1, 2.0, 2.0, 2.0, 2.0, 2.0, 2.0, 2.0, 2.0, 1.0, 1.0, 1.0, 1.0]
  PCA: False
  PCA_COMPONENTS: 51
  START_LR: [0.001]
  TRAINING_STEPS: 1
  USE_BODY_WEIGHTS: False
  USE_OS_SIMULATION: False
  VALID_BATCHSIZE: 64
TRAINING_SUBJECTS: [78, 59, 79, 44, 56, 88, 75, 61, 53, 47, 40, 41, 32, 70, 28, 39, 69, 11, 3, 90, 71, 54, 20, 85, 37, 34, 33, 46, 67, 63, 55, 36, 42, 50, 24, 35, 84, 45, 60, 16, 74, 82, 27, 89, 57, 5, 49, 22, 4, 66, 31, 83, 43, 48, 52, 68, 25, 9, 18, 1, 81, 58, 23, 62, 64, 8, 87]
TRANSFORMER:
  BATCHNORM: False
  DROPOUT: False
  D_CHANNEL: 512
  D_MODEL: 256
  N1: 3
  N_HEADS: 8
  POS_ENCODNIG_EVERY_BLOCK: False
  STRIDES: [3, 9, 9]
VALID_SUBJECTS: [14, 86, 15, 30]
VALID_WORKERS: 16
WORKERS: 16
83696 training data, 21822 valid data, 100839 test data
Casual : False
Use Temporal Convolutional Network
Receptive Field: 243
Filter Widths: [3, 3, 3, 3, 3]
LR starts from 0.001, LR decay rate : 0.9366821028821064
Evaluation : False
Train , Epoch 0 : : total loss : 0.9159173849530826   marker : 0.35825951894885   pose : 0.10168245566543904   angle : 0.44082120298243954   body : 0.01515420830621745   
Evaluation : True
Valid, Epoch 0 : : total loss : 0.5636146282496368   marker : 0.18720782940486713   pose : 0.06995514245269695   angle : 0.2882431076772818   body : 0.01820854721252012   
Current LR:  [0.0009366821028821065]
Epoch 0, Momentum: 0.09447320346528115
Best Loss : 0.2882431076772818
Evaluation : False
Train , Epoch 1 : : total loss : 0.5372335342590513   marker : 0.2038406495569676   pose : 0.058313480277430225   angle : 0.26545840955894173   body : 0.009620996186392778   
Evaluation : True
Valid, Epoch 1 : : total loss : 0.6290398135258225   marker : 0.18753011053373939   pose : 0.06491299165441293   angle : 0.3558133949270695   body : 0.02078331863396153   
Current LR:  [0.000877373361859645]
Epoch 1, Momentum: 0.0892518617299241
Evaluation : False
Train , Epoch 2 : : total loss : 0.46528560379562844   marker : 0.1771938539071616   pose : 0.049811672755897866   angle : 0.22941737007035962   body : 0.008862707158479309   
Evaluation : True
Valid, Epoch 2 : : total loss : 0.4394584918325888   marker : 0.12940418140095672   pose : 0.047061969954003205   angle : 0.2454423305695724   body : 0.017550010082866146   
Current LR:  [0.0008218199255994355]
Epoch 2, Momentum: 0.08431909292866258
Best Loss : 0.2454423305695724
Evaluation : False
Train , Epoch 3 : : total loss : 0.4268433146327049   marker : 0.16359292210335022   pose : 0.045874865260688305   angle : 0.2089969863798498   body : 0.008378540976529236   
Evaluation : True
Valid, Epoch 3 : : total loss : 1.5353416678514569   marker : 0.5383247313955267   pose : 0.20325920761216082   angle : 0.7571178574728579   body : 0.036639876942970655   
Current LR:  [0.0007697840161008955]
Epoch 3, Momentum: 0.07965894822257488
Evaluation : False
Train , Epoch 4 : : total loss : 0.3957592296837665   marker : 0.1515964997353269   pose : 0.04246782989542115   angle : 0.19361264704745176   body : 0.008082253044074655   
Evaluation : True
Valid, Epoch 4 : : total loss : 0.44901651781536833   marker : 0.13379030399848688   pose : 0.05246197741405958   angle : 0.24567534241577127   body : 0.017088893896914373   
Current LR:  [0.00072104291096642]
Epoch 4, Momentum: 0.07525636023261612
Evaluation : False
Train , Epoch 5 : : total loss : 0.3813274338453506   marker : 0.14638888924903198   pose : 0.041060610829779784   angle : 0.18599383608305436   body : 0.00788409734190446   
Evaluation : True
Valid, Epoch 5 : : total loss : 0.41222596922384896   marker : 0.11818113625076905   pose : 0.04280296333244113   angle : 0.23481355151775263   body : 0.016428319245492186   
Current LR:  [0.0006753879901122617]
Epoch 5, Momentum: 0.07109709432312435
Best Loss : 0.23481355151775263
Evaluation : False
Train , Epoch 6 : : total loss : 0.35622696229363654   marker : 0.13623416984017372   pose : 0.037996837438567674   angle : 0.17439794319055713   body : 0.007598011402176496   
Evaluation : True
Valid, Epoch 6 : : total loss : 0.41087515261725865   marker : 0.11781898052683017   pose : 0.04369258775729415   angle : 0.23351888369928303   body : 0.015844701114577975   
Current LR:  [0.0006326238428396725]
Epoch 6, Momentum: 0.06716770257778812
Best Loss : 0.23351888369928303
Evaluation : False
Train , Epoch 7 : : total loss : 0.3475226487445247   marker : 0.13269050297246046   pose : 0.03688534388281576   angle : 0.170483975073645   body : 0.0074628280942110065   
Evaluation : True
Valid, Epoch 7 : : total loss : 0.38746274349047277   marker : 0.1105048538685588   pose : 0.04135658487304738   angle : 0.2203466299856062   body : 0.015254675812118597   
Current LR:  [0.0005925674314444237]
Epoch 7, Momentum: 0.06345548031926865
Best Loss : 0.2203466299856062
Evaluation : False
Train , Epoch 8 : : total loss : 0.33999753472998534   marker : 0.1297305409338719   pose : 0.0359469187912313   angle : 0.16696017467135857   body : 0.007359900053271063   
Evaluation : True
Valid, Epoch 8 : : total loss : 0.37782180867594134   marker : 0.10546392459675347   pose : 0.03861259302989382   angle : 0.21861044828051138   body : 0.01513484173904428   
Current LR:  [0.0005550473077848112]
Epoch 8, Momentum: 0.059948425031894105
Best Loss : 0.21861044828051138
Evaluation : False
Train , Epoch 9 : : total loss : 0.32756265550623626   marker : 0.12461486964231246   pose : 0.03436958892798624   angle : 0.16139023800082447   body : 0.0071879595048885345   
Evaluation : True
Valid, Epoch 9 : : total loss : 2.0289702392304023   marker : 0.7090332699722292   pose : 0.25553011354501126   angle : 1.0283147156178465   body : 0.03609215454989246   
Current LR:  [0.0005199028794549287]
Epoch 9, Momentum: 0.056635197554612854
Evaluation : False
Train , Epoch 10 : : total loss : 0.3245731161345384   marker : 0.12344111524990105   pose : 0.03402431711132366   angle : 0.15998930546810214   body : 0.007118378781569497   
Evaluation : True
Valid, Epoch 10 : : total loss : 0.3629272503066638   marker : 0.10232284300465619   pose : 0.03921020086695934   angle : 0.2069117487345484   body : 0.014482458121135685   
Current LR:  [0.00048698372242230494]
Epoch 10, Momentum: 0.05350508541873333
Best Loss : 0.2069117487345484
Evaluation : False
Train , Epoch 11 : : total loss : 0.3172177402202787   marker : 0.12035706503513578   pose : 0.033171552551445334   angle : 0.1566892575934689   body : 0.0069998642622249325   
Evaluation : True
Valid, Epoch 11 : : total loss : 0.3637404092651121   marker : 0.10031613660289172   pose : 0.03667278307712916   angle : 0.2122530471763999   body : 0.014498442602620839   
Current LR:  [0.0004561489371878806]
Epoch 11, Momentum: 0.0505479682119124
Evaluation : False
Train , Epoch 12 : : total loss : 0.3113365616495357   marker : 0.11824248231388343   pose : 0.03242213028279143   angle : 0.15376752996061333   body : 0.0069044184475954605   
Evaluation : True
Valid, Epoch 12 : : total loss : 1.5284332675355219   marker : 0.5041238108101692   pose : 0.1878598863225669   angle : 0.8040177295717329   body : 0.03243183496400227   
Current LR:  [0.0004272665457125819]
Epoch 12, Momentum: 0.04775428485640564
Evaluation : False
Train , Epoch 13 : : total loss : 0.3106520831767487   marker : 0.1180217479559583   pose : 0.03239432808473866   angle : 0.15336667856980246   body : 0.006869328457143323   
Evaluation : True
Valid, Epoch 13 : : total loss : 0.3715893207270703   marker : 0.10212580306142577   pose : 0.037549468820030164   angle : 0.21695258861916192   body : 0.014961458833437663   
Current LR:  [0.00040021292652923484]
Epoch 13, Momentum: 0.04511500269578204
Evaluation : False
Train , Epoch 14 : : total loss : 0.3064430187617473   marker : 0.11622883008641817   pose : 0.031844213990006844   angle : 0.1515666697556538   body : 0.006803305373936436   
Evaluation : True
Valid, Epoch 14 : : total loss : 0.3595157169135416   marker : 0.09902538716569086   pose : 0.03657032549517826   angle : 0.2091140632132935   body : 0.014805942028146345   
Current LR:  [0.00037487228562200565]
Epoch 14, Momentum: 0.042621588290153244
Evaluation : False
Train , Epoch 15 : : total loss : 0.30105477512156614   marker : 0.1141708085903895   pose : 0.031234874793686328   angle : 0.1489302701734657   body : 0.00671882129946059   
Evaluation : True
Valid, Epoch 15 : : total loss : 0.36183868775653116   marker : 0.0989679937543599   pose : 0.0370383111205375   angle : 0.21105378861279156   body : 0.014778593501318344   
Current LR:  [0.0003511361608086419]
Epoch 15, Momentum: 0.040265979825490905
Evaluation : False
Train , Epoch 16 : : total loss : 0.2945971385351914   marker : 0.11138762410439175   pose : 0.030386497938340876   angle : 0.14618566789725657   body : 0.006637348558120487   
Evaluation : True
Valid, Epoch 16 : : total loss : 0.35465367180585927   marker : 0.09803052783700704   pose : 0.03669128983041104   angle : 0.20507093643182883   body : 0.0148609172368113   
Current LR:  [0.0003289029575041882]
Epoch 16, Momentum: 0.03804056104782508
Best Loss : 0.20507093643182883
Evaluation : False
Train , Epoch 17 : : total loss : 0.2917863380215252   marker : 0.11055773805832607   pose : 0.03015467298329789   angle : 0.1444940497188802   body : 0.006579876571443006   
Evaluation : True
Valid, Epoch 17 : : total loss : 0.3599404230223558   marker : 0.10002502587896778   pose : 0.03835309357005509   angle : 0.2065002346397178   body : 0.015062068676863327   
Current LR:  [0.00030807751387916705]
Epoch 17, Momentum: 0.03593813663804627
Evaluation : False
Train , Epoch 18 : : total loss : 0.29202232905770514   marker : 0.11080036873702433   pose : 0.03020031120953297   angle : 0.14444248957893202   body : 0.006579160666061854   
Evaluation : True
Valid, Epoch 18 : : total loss : 0.36098083022009847   marker : 0.10145982790469643   pose : 0.03779817453478272   angle : 0.207116760043785   body : 0.014606068173858556   
Current LR:  [0.0002885706935510295]
Epoch 18, Momentum: 0.0339519089476922
Evaluation : False
Train , Epoch 19 : : total loss : 0.2895595344157168   marker : 0.10987163564421316   pose : 0.02990500889946728   angle : 0.14329456527693166   body : 0.006488325180568566   
Evaluation : True
Valid, Epoch 19 : : total loss : 0.36152896403873036   marker : 0.09980247014384584   pose : 0.036609697239218246   angle : 0.20991589882974498   body : 0.015200898268408326   
Current LR:  [0.00027029900406552623]
Epoch 19, Momentum: 0.03207545602050025
Evaluation : False
Train , Epoch 20 : : total loss : 0.28564232332235456   marker : 0.10810861234506093   pose : 0.029339039047886182   angle : 0.14173971756630982   body : 0.006454954030788054   
Evaluation : True
Valid, Epoch 20 : : total loss : 0.35404493504795975   marker : 0.09725733374098396   pose : 0.03551147426805906   angle : 0.20657634879325423   body : 0.014699777926088483   
Current LR:  [0.0002531842395350361]
Epoch 20, Momentum: 0.030302710828663967
Evaluation : False
Train , Epoch 21 : : total loss : 0.2828402259083291   marker : 0.10705243240454296   pose : 0.029038914688969828   angle : 0.14036203885470927   body : 0.0063868395714616975   
Evaluation : True
Valid, Epoch 21 : : total loss : 0.3570790325357435   marker : 0.09798477096110104   pose : 0.036840969040592454   angle : 0.20728970780161537   body : 0.014963583637142628   
Current LR:  [0.00023715314590428457]
Epoch 21, Momentum: 0.02862794165665949
Evaluation : False
Train , Epoch 22 : : total loss : 0.28021320595675553   marker : 0.10612878302657039   pose : 0.028759215688860616   angle : 0.13897923786324345   body : 0.006345969062173029   
Evaluation : True
Valid, Epoch 22 : : total loss : 0.35421333945799394   marker : 0.09659450089786177   pose : 0.03617331549223441   angle : 0.20691282420752302   body : 0.01453270127766511   
Current LR:  [0.00022213710741073226]
Epoch 22, Momentum: 0.0270457335692179
Evaluation : False
Train , Epoch 23 : : total loss : 0.2780120602793204   marker : 0.10528009983883517   pose : 0.028504902468409508   angle : 0.1379219431652592   body : 0.006305115015757988   
Evaluation : True
Valid, Epoch 23 : : total loss : 0.36069911040434666   marker : 0.09924861519706642   pose : 0.03777781156470517   angle : 0.20848902737380887   body : 0.015183655788039497   
Current LR:  [0.00020807185289763305]
Epoch 23, Momentum: 0.025550970903525067
Evaluation : False
Train , Epoch 24 : : total loss : 0.27643116268045503   marker : 0.10476186920590641   pose : 0.02835444939732095   angle : 0.1370422342880579   body : 0.006272610705517016   
Evaluation : True
Valid, Epoch 24 : : total loss : 0.3532674766004211   marker : 0.09772969703824652   pose : 0.03621895433881632   angle : 0.20459408209857272   body : 0.014724743449822343   
Current LR:  [0.00019489718072273121]
Epoch 24, Momentum: 0.024138820729042023
Best Loss : 0.20459408209857272
Evaluation : False
Train , Epoch 25 : : total loss : 0.27592243114985515   marker : 0.1045367232713546   pose : 0.028269426258220973   angle : 0.1368708597413431   body : 0.006245421563741533   
Evaluation : True
Valid, Epoch 25 : : total loss : 0.34994419195094584   marker : 0.09614964351351632   pose : 0.03564043668240525   angle : 0.20341604246073622   body : 0.01473807122265754   
Current LR:  [0.0001825567010851618]
Epoch 25, Momentum: 0.02280471722146733
Best Loss : 0.20341604246073622
Evaluation : False
Train , Epoch 26 : : total loss : 0.2730292128841143   marker : 0.10343312972993982   pose : 0.027988509772770436   angle : 0.13540023600662648   body : 0.0062073376814151615   
Evaluation : True
Valid, Epoch 26 : : total loss : 0.3499038083755875   marker : 0.09509568404085028   pose : 0.03560852804516972   angle : 0.20500379963041762   body : 0.014195795061279966   
Current LR:  [0.00017099759466766948]
Epoch 26, Momentum: 0.021544346900318836
Evaluation : False
Train , Epoch 27 : : total loss : 0.27161693039020757   marker : 0.10291012433595716   pose : 0.027780189531160716   angle : 0.1347473450176201   body : 0.00617927233267798   
Evaluation : True
Valid, Epoch 27 : : total loss : 0.3502895521993063   marker : 0.09613714660845213   pose : 0.03518820884039614   angle : 0.20453367022630678   body : 0.014430525650102728   
Current LR:  [0.00016017038656109472]
Epoch 27, Momentum: 0.02035363468240421
Evaluation : False
Train , Epoch 28 : : total loss : 0.2699987429206988   marker : 0.1022702288253384   pose : 0.027598856972561862   angle : 0.13395827786161194   body : 0.006171379830962073   
Evaluation : True
Valid, Epoch 28 : : total loss : 0.3523266516709872   marker : 0.09533695099104905   pose : 0.03591092677767997   angle : 0.20629901246182827   body : 0.014779761710838637   
Current LR:  [0.00015002873450348608]
Epoch 28, Momentum: 0.019228730706087754
Evaluation : False
Train , Epoch 29 : : total loss : 0.269085701537899   marker : 0.10185262975019116   pose : 0.027501112161058744   angle : 0.13359675123990952   body : 0.006135207411204144   
Evaluation : True
Valid, Epoch 29 : : total loss : 0.35680579588509603   marker : 0.09698757492931087   pose : 0.03605127547644048   angle : 0.20820937485756505   body : 0.015557571891881337   
Current LR:  [0.00014052923052746658]
Epoch 29, Momentum: 0.01816599788375328
Evaluation : False
Train , Epoch 30 : : total loss : 0.26759736390519107   marker : 0.10126917639242379   pose : 0.027289776907375177   angle : 0.13290737996057567   body : 0.006131030055786986   
Evaluation : True
Valid, Epoch 30 : : total loss : 0.3473926229881613   marker : 0.09405615281451252   pose : 0.03520143380600813   angle : 0.2034889194008498   body : 0.014646117854496373   
Current LR:  [0.0001316312151668717]
Epoch 30, Momentum: 0.017162000142216898
Evaluation : False
Train , Epoch 31 : : total loss : 0.26632950652339377   marker : 0.10080321652281339   pose : 0.027184768050772124   angle : 0.1322505850613026   body : 0.006090937448297535   
Evaluation : True
Valid, Epoch 31 : : total loss : 0.3462061309080252   marker : 0.09550051006953096   pose : 0.03539311536214341   angle : 0.20068352050473584   body : 0.014628987580103503   
Current LR:  [0.0001232966034274324]
Epoch 31, Momentum: 0.016213491313068408
Best Loss : 0.20068352050473584
Evaluation : False
Train , Epoch 32 : : total loss : 0.2654891828300394   marker : 0.10048813700310852   pose : 0.02707805377566705   angle : 0.1318527731308528   body : 0.006070219466653845   
Evaluation : True
Valid, Epoch 32 : : total loss : 0.3469707334132278   marker : 0.09537958626829729   pose : 0.035349221192843186   angle : 0.20207953608207574   body : 0.01416239121932396   
Current LR:  [0.00011548972177662851]
Epoch 32, Momentum: 0.015317404637020802
Evaluation : False
Train , Epoch 33 : : total loss : 0.26428849002486166   marker : 0.1000091606040826   pose : 0.026892940717739313   angle : 0.13133669706206957   body : 0.00604969166093727   
Evaluation : True
Valid, Epoch 33 : : total loss : 0.34231986191890906   marker : 0.0948507297859545   pose : 0.03489519356479458   angle : 0.19841991560387684   body : 0.014154024198876654   
Current LR:  [0.0001081771554550018]
Epoch 33, Momentum: 0.014470842848333068
Best Loss : 0.19841991560387684
Evaluation : False
Train , Epoch 34 : : total loss : 0.2634164780423981   marker : 0.09961946964674667   pose : 0.026788390927575813   angle : 0.13097547796793044   body : 0.006033139962954005   
Evaluation : True
Valid, Epoch 34 : : total loss : 0.3451148141436699   marker : 0.09316677623703679   pose : 0.03481998367998321   angle : 0.20265178717129959   body : 0.014476267484180344   
Current LR:  [0.0001013276054553956]
Epoch 34, Momentum: 0.013671068807246785
Evaluation : False
Train , Epoch 35 : : total loss : 0.2628029336379827   marker : 0.09938747746153959   pose : 0.026732592126083594   angle : 0.1306743847625544   body : 0.00600847947178765   
Evaluation : True
Valid, Epoch 35 : : total loss : 0.3483282843886872   marker : 0.09601809139180037   pose : 0.03612412775746079   angle : 0.20150819286702698   body : 0.014677872762989467   
Current LR:  [9.491175455796835e-05]
Epoch 35, Momentum: 0.01291549665014884
Evaluation : False
Train , Epoch 36 : : total loss : 0.2620930671007308   marker : 0.09908370396399023   pose : 0.026633705487432012   angle : 0.13034714982027665   body : 0.006028509076262551   
Evaluation : True
Valid, Epoch 36 : : total loss : 0.34509883076840236   marker : 0.09387933083671379   pose : 0.03474042902026886   angle : 0.20232001750303794   body : 0.014159055227495203   
Current LR:  [8.890214184758814e-05]
Epoch 36, Momentum: 0.012201683428846682
Evaluation : False
Train , Epoch 37 : : total loss : 0.26168034146974867   marker : 0.09894252531972085   pose : 0.02656933979329526   angle : 0.13016131812361445   body : 0.006007158572558787   
Evaluation : True
Valid, Epoch 37 : : total loss : 0.34741295650280446   marker : 0.0945491577940675   pose : 0.035336943389886286   angle : 0.20280690163021597   body : 0.01471995272444997   
Current LR:  [8.327304517652218e-05]
Epoch 37, Momentum: 0.011527321211923817
Evaluation : False
Train , Epoch 38 : : total loss : 0.260400381150326   marker : 0.09843935185378762   pose : 0.02644135706571671   angle : 0.12953517972784057   body : 0.0059844921535568436   
Evaluation : True
Valid, Epoch 38 : : total loss : 0.34530250644412885   marker : 0.09447414861264254   pose : 0.0354304836449926   angle : 0.20107732030235545   body : 0.014320555684131877   
Current LR:  [7.800037106934144e-05]
Epoch 38, Momentum: 0.010890229622637297
Evaluation : False
Train , Epoch 39 : : total loss : 0.2604456360225108   marker : 0.0984820067129493   pose : 0.02645190054433817   angle : 0.12954508060244288   body : 0.005966648431623192   
Evaluation : True
Valid, Epoch 39 : : total loss : 0.3463261686207426   marker : 0.09433634324205335   pose : 0.03501540313729793   angle : 0.20245384691441357   body : 0.014520574799817268   
Current LR:  [7.306155159881535e-05]
Epoch 39, Momentum: 0.010288348789230456
Evaluation : False
Train , Epoch 40 : : total loss : 0.2593249674732433   marker : 0.09795132684442935   pose : 0.026293718340203373   angle : 0.12911424919346756   body : 0.00596567319426543   
Evaluation : True
Valid, Epoch 40 : : total loss : 0.34539537182453844   marker : 0.09423557860463866   pose : 0.03520041441417027   angle : 0.2015750809142356   body : 0.014384297935196355   
Current LR:  [6.84354477914079e-05]
Epoch 40, Momentum: 0.009719732684867474
Evaluation : False
Train , Epoch 41 : : total loss : 0.2587766870057601   marker : 0.09782579956522032   pose : 0.026208738207383505   angle : 0.12879296443546348   body : 0.005949184900380751   
Evaluation : True
Valid, Epoch 41 : : total loss : 0.34616732219325097   marker : 0.09496771385728488   pose : 0.035478113344615717   angle : 0.20083630243412745   body : 0.014885194911691076   
Current LR:  [6.410225914893455e-05]
Epoch 41, Momentum: 0.009182542835656284
Evaluation : False
Train , Epoch 42 : : total loss : 0.2582262234154741   marker : 0.09759172837137263   pose : 0.026146379252396535   angle : 0.12856013033464894   body : 0.005927985366490908   
Evaluation : True
Valid, Epoch 42 : : total loss : 0.3462369841207735   marker : 0.09463955534224483   pose : 0.03513285416903848   angle : 0.20180241118298148   body : 0.014662164661102253   
Current LR:  [6.0043438899117754e-05]
Epoch 42, Momentum: 0.008675042376416158
Evaluation : False
Train , Epoch 43 : : total loss : 0.25796953628658337   marker : 0.09746219540673777   pose : 0.026139115167362403   angle : 0.12842059134296036   body : 0.005947634124212754   
Evaluation : True
Valid, Epoch 43 : : total loss : 0.3439869734273146   marker : 0.09342038195507521   pose : 0.03521466697675041   angle : 0.20105416457251638   body : 0.014297760592165991   
Current LR:  [5.6241614612298886e-05]
Epoch 43, Momentum: 0.008195590434970996
Evaluation : False
Train , Epoch 44 : : total loss : 0.2573468200691261   marker : 0.09722500734864113   pose : 0.026039986233661952   angle : 0.12816086206100252   body : 0.00592096375692265   
Evaluation : True
Valid, Epoch 44 : : total loss : 0.34637330605625155   marker : 0.09444826440930902   pose : 0.03494367031574293   angle : 0.20251298757054367   body : 0.014468383845329372   
Current LR:  [5.268051384453312e-05]
Epoch 44, Momentum: 0.0077426368268112685
Evaluation : False
Train , Epoch 45 : : total loss : 0.25691993128377116   marker : 0.09698497210764775   pose : 0.0260115332194072   angle : 0.12800468121060551   body : 0.005918744892298399   
Evaluation : True
Valid, Epoch 45 : : total loss : 0.3450319112554478   marker : 0.09450858686641357   pose : 0.03515834203508049   angle : 0.2010906213101868   body : 0.014274361046498358   
Current LR:  [4.93448944888072e-05]
Epoch 45, Momentum: 0.007314717042971199
Evaluation : False
Train , Epoch 46 : : total loss : 0.2567497976751824   marker : 0.09705425980308337   pose : 0.025993061047988684   angle : 0.12780379239258685   body : 0.005898684244688492   
Evaluation : True
Valid, Epoch 46 : : total loss : 0.3443819631108572   marker : 0.0942223708796333   pose : 0.034862595729392605   angle : 0.20102631472151522   body : 0.014270679772735986   
Current LR:  [4.6220479536271594e-05]
Epoch 46, Momentum: 0.006910447514915773
Evaluation : False
Train , Epoch 47 : : total loss : 0.256044235656674   marker : 0.09677294403268952   pose : 0.025912390348671224   angle : 0.1274632566920831   body : 0.00589564484922047   
Evaluation : True
Valid, Epoch 47 : : total loss : 0.34576555269031733   marker : 0.09365843843773516   pose : 0.03489306422969443   angle : 0.2027369769200124   body : 0.014477073313193277   
Current LR:  [4.329389596825424e-05]
Epoch 47, Momentum: 0.006528521141127845
Evaluation : False
Train , Epoch 48 : : total loss : 0.2562451871485659   marker : 0.09681178726381401   pose : 0.025930573927041765   angle : 0.12760505896021726   body : 0.005897766541102031   
Evaluation : True
Valid, Epoch 48 : : total loss : 0.3465315238680633   marker : 0.09353948686138408   pose : 0.0350504568850958   angle : 0.2036021658878433   body : 0.014339412657721387   
Current LR:  [4.055261751750353e-05]
Epoch 48, Momentum: 0.006167703060931604
Evaluation : False
Train , Epoch 49 : : total loss : 0.2555550535139592   marker : 0.09651940454020069   pose : 0.025833236818040676   angle : 0.12731067187068656   body : 0.005891740300719716   
Evaluation : True
Valid, Epoch 49 : : total loss : 0.3453298433597688   marker : 0.09385849782520511   pose : 0.03504890987388199   angle : 0.20190652530534864   body : 0.014515910898881984   
Current LR:  [3.798491105366895e-05]
Epoch 49, Momentum: 0.0058268266618882875
Evaluation : False
Train , Epoch 50 : : total loss : 0.25559368451192954   marker : 0.09654175354364637   pose : 0.025836402875518177   angle : 0.12732790419646464   body : 0.0058876227132496845   
Evaluation : True
Valid, Epoch 50 : : total loss : 0.34411447804894746   marker : 0.09380586800004066   pose : 0.034970663522736596   angle : 0.20092566156898647   body : 0.01441228640209513   
Current LR:  [3.55797863635404e-05]
Epoch 50, Momentum: 0.005504789807854969
Evaluation : False
Train , Epoch 51 : : total loss : 0.2551050377841383   marker : 0.09626805295120885   pose : 0.025731969784494563   angle : 0.1272374126164508   body : 0.005867602275812836   
Evaluation : True
Valid, Epoch 51 : : total loss : 0.34359120479175037   marker : 0.09351474536720593   pose : 0.03497776612823797   angle : 0.20078512724417616   body : 0.014313565082482747   
Current LR:  [3.3326949111097114e-05]
Epoch 51, Momentum: 0.005200551275510885
Evaluation : False
Train , Epoch 52 : : total loss : 0.2546187729145447   marker : 0.09615597450623652   pose : 0.02570925852081312   angle : 0.1268924323993109   body : 0.005861107854723109   
Evaluation : True
Valid, Epoch 52 : : total loss : 0.34402362201863035   marker : 0.09335055341205767   pose : 0.03511307613406716   angle : 0.2011162367436071   body : 0.014443754218433377   
Current LR:  [3.121675677602739e-05]
Epoch 52, Momentum: 0.004913127387829672
Evaluation : False
Train , Epoch 53 : : total loss : 0.25465685245545316   marker : 0.09615430151430425   pose : 0.0257303655621058   angle : 0.1268890963191278   body : 0.005883089178291707   
Evaluation : True
Valid, Epoch 53 : : total loss : 0.3455748767379049   marker : 0.09380712105781891   pose : 0.035160949682295675   angle : 0.20220335776925405   body : 0.014403449023374114   
Current LR:  [2.924017738212858e-05]
Epoch 53, Momentum: 0.004641588833612777
Evaluation : False
Train , Epoch 54 : : total loss : 0.2543744422712151   marker : 0.09600888160706296   pose : 0.025674613523560864   angle : 0.12682415695595706   body : 0.005866790625336616   
Evaluation : True
Valid, Epoch 54 : : total loss : 0.3438023575153548   marker : 0.09336602581857313   pose : 0.03507549013666267   angle : 0.20094278286799383   body : 0.014418058492732894   
Current LR:  [2.7388750838938003e-05]
Epoch 54, Momentum: 0.0043850576628007695
Evaluation : False
Train , Epoch 55 : : total loss : 0.25385213071682916   marker : 0.09581877057302235   pose : 0.02561787603163427   angle : 0.12654708161562178   body : 0.0058684028552454335   
Evaluation : True
Valid, Epoch 55 : : total loss : 0.343018908601624   marker : 0.09341694224646653   pose : 0.034739409180481136   angle : 0.20021387562941   body : 0.014648681613551347   
Current LR:  [2.5654552731130504e-05]
Epoch 55, Momentum: 0.0041427044478476735
Evaluation : False
Train , Epoch 56 : : total loss : 0.25390933675386274   marker : 0.09586457464313435   pose : 0.025638208728837018   angle : 0.12655366465426512   body : 0.005852888760429338   
Evaluation : True
Valid, Epoch 56 : : total loss : 0.34431436839543783   marker : 0.09361552479789145   pose : 0.035033388717311535   angle : 0.2012844240836968   body : 0.014381031047826988   
Current LR:  [2.4030160400695207e-05]
Epoch 56, Momentum: 0.003913745601980382
Evaluation : False
Train , Epoch 57 : : total loss : 0.25339554469307934   marker : 0.09560002354622617   pose : 0.025541161373828124   angle : 0.12639662847036973   body : 0.005857731421031686   
Evaluation : True
Valid, Epoch 57 : : total loss : 0.34339469404118317   marker : 0.09304889488936935   pose : 0.03466524452656636   angle : 0.20134682559626163   body : 0.014333728949775203   
Current LR:  [2.2508621176717508e-05]
Epoch 57, Momentum: 0.0036974408456724203
Evaluation : False
Train , Epoch 58 : : total loss : 0.2535959988558639   marker : 0.09571910676921491   pose : 0.025582814851567538   angle : 0.12643528100998808   body : 0.00585879641050219   
Evaluation : True
Valid, Epoch 58 : : total loss : 0.3451172599061776   marker : 0.09391286298625794   pose : 0.03528653110224105   angle : 0.201521944534264   body : 0.014395922138343295   
Current LR:  [2.1083422616784468e-05]
Epoch 58, Momentum: 0.003493090813140517
Evaluation : False
Train , Epoch 59 : : total loss : 0.25344260404339974   marker : 0.0956974204110515   pose : 0.02559559486498329   angle : 0.12629733916948255   body : 0.005852249935896893   
Evaluation : True
Valid, Epoch 59 : : total loss : 0.3430332572439853   marker : 0.09318456677312802   pose : 0.03506313108543506   angle : 0.20040327525250295   body : 0.014382284591794725   
Current LR:  [1.9748464632641838e-05]
Epoch 59, Momentum: 0.0033000347911252854
Evaluation : False
Train , Epoch 60 : : total loss : 0.2533428942582144   marker : 0.09563920578447271   pose : 0.025572431637444867   angle : 0.12628046557832093   body : 0.005850790479972069   
Evaluation : True
Valid, Epoch 60 : : total loss : 0.3433015501015172   marker : 0.09337634376443368   pose : 0.0350908249460933   angle : 0.20043651256363745   body : 0.01439786887378656   
Current LR:  [1.849803338079586e-05]
Epoch 60, Momentum: 0.0031176485826448544
Evaluation : False
Train , Epoch 61 : : total loss : 0.25298657750919074   marker : 0.09549576931762842   pose : 0.025529676343772168   angle : 0.12611848297336384   body : 0.005842648905803197   
Evaluation : True
Valid, Epoch 61 : : total loss : 0.34487573006404176   marker : 0.09351045896781703   pose : 0.035021904943712844   angle : 0.20194948085581782   body : 0.014393886454808331   
Current LR:  [1.7326776806307267e-05]
Epoch 61, Momentum: 0.002945342488814528
Evaluation : False
Train , Epoch 62 : : total loss : 0.2526311305498456   marker : 0.09533887048455876   pose : 0.025463150243687047   angle : 0.12599224463721329   body : 0.005836865304189108   
Evaluation : True
Valid, Epoch 62 : : total loss : 0.34388058975061697   marker : 0.09339582147634103   pose : 0.034850731406003393   angle : 0.2011879842819537   body : 0.014446053441247563   
Current LR:  [1.62296817351008e-05]
Epoch 62, Momentum: 0.002782559402207124
Evaluation : False
Train , Epoch 63 : : total loss : 0.25316180206641303   marker : 0.09553019101139597   pose : 0.025536409526447243   angle : 0.12624894613100596   body : 0.005846255217146865   
Evaluation : True
Valid, Epoch 63 : : total loss : 0.3451291336802162   marker : 0.09365965463251802   pose : 0.03490672684231509   angle : 0.20225033621534114   body : 0.014312416631921315   
Current LR:  [1.520205241674153e-05]
Epoch 63, Momentum: 0.002628773005589447
Evaluation : False
Train , Epoch 64 : : total loss : 0.2527962380401208   marker : 0.09536153226406249   pose : 0.025508723873502444   angle : 0.12607153210714803   body : 0.005854449257009291   
Evaluation : True
Valid, Epoch 64 : : total loss : 0.3442281476191165   marker : 0.0935709056709156   pose : 0.03489077325025014   angle : 0.20138211630953295   body : 0.014384351563534523   
Current LR:  [1.4239490425837463e-05]
Epoch 64, Momentum: 0.0024834860702109044
Evaluation : False
Train , Epoch 65 : : total loss : 0.252109747842114   marker : 0.09509149868081211   pose : 0.02538592875528664   angle : 0.12580649406402436   body : 0.005825825832829815   
Evaluation : True
Valid, Epoch 65 : : total loss : 0.34344504710111706   marker : 0.09310158994040298   pose : 0.03465529057820289   angle : 0.20135096307963765   body : 0.014337204273128781   
Current LR:  [1.3337875836043055e-05]
Epoch 65, Momentum: 0.0023462288481422636
Evaluation : False
Train , Epoch 66 : : total loss : 0.2523847630797995   marker : 0.09527809717114816   pose : 0.02544686838607967   angle : 0.12582180784818406   body : 0.005837990299785712   
Evaluation : True
Valid, Epoch 66 : : total loss : 0.3432322356956775   marker : 0.09328703451589271   pose : 0.03492073570924832   angle : 0.20066142053807778   body : 0.01436304545961918   
Current LR:  [1.2493349586085242e-05]
Epoch 66, Momentum: 0.0022165575534665613
Evaluation : False
Train , Epoch 67 : : total loss : 0.2521603059303158   marker : 0.09514782339288849   pose : 0.025399500738036394   angle : 0.12578628383360085   body : 0.005826698151198865   
Evaluation : True
Valid, Epoch 67 : : total loss : 0.34471572875626943   marker : 0.09343732536336195   pose : 0.03482291148023769   angle : 0.2020957979728972   body : 0.01435969430578038   
Current LR:  [1.1702296962335618e-05]
Epoch 67, Momentum: 0.002094052927411523
Evaluation : False
Train , Epoch 68 : : total loss : 0.25232218922462435   marker : 0.09520552083735809   pose : 0.0254306211970621   angle : 0.12585460069442417   body : 0.0058314458817916755   
Evaluation : True
Valid, Epoch 68 : : total loss : 0.34330363042434775   marker : 0.09362371996401561   pose : 0.03495956908311582   angle : 0.2003358662723894   body : 0.014384476325763439   
Current LR:  [1.0961332127231412e-05]
Epoch 68, Momentum: 0.001978318882784164
Evaluation : False
Train , Epoch 69 : : total loss : 0.2520865246448181   marker : 0.09509702653240464   pose : 0.02536742179547572   angle : 0.12580243957900708   body : 0.005819636117524338   
Evaluation : True
Valid, Epoch 69 : : total loss : 0.3444045595370623   marker : 0.09354993003654323   pose : 0.034908693986790786   angle : 0.20144718677288953   body : 0.014498749084995337   
Current LR:  [1.0267283627324311e-05]
Epoch 69, Momentum: 0.0018689812233247595
Evaluation : False
Train , Epoch 70 : : total loss : 0.2520360840316206   marker : 0.0951288271963505   pose : 0.02540209282126854   angle : 0.12567709402322405   body : 0.005828070142670074   
Evaluation : True
Valid, Epoch 70 : : total loss : 0.3432566737420683   marker : 0.09320211666181646   pose : 0.03473309254670338   angle : 0.20091827065858797   body : 0.014403193145676261   
Current LR:  [9.617180818929157e-06]
Epoch 70, Momentum: 0.0017656864338395006
Evaluation : False
Train , Epoch 71 : : total loss : 0.2520499379811937   marker : 0.09511777431137894   pose : 0.025410801640057087   angle : 0.12568009131307076   body : 0.005841270656785593   
Evaluation : True
Valid, Epoch 71 : : total loss : 0.343688156436294   marker : 0.09350828099191795   pose : 0.03491940649999465   angle : 0.20084717800107865   body : 0.014413291137232241   
Current LR:  [9.008241153272021e-06]
Epoch 71, Momentum: 0.0016681005372000586
Evaluation : False
Train , Epoch 72 : : total loss : 0.2519992660006557   marker : 0.09505321346736793   pose : 0.025386733149861486   angle : 0.12572137442107953   body : 0.005837944348358405   
Evaluation : True
Valid, Epoch 72 : : total loss : 0.34351003112107714   marker : 0.09292516690019005   pose : 0.03468927314678937   angle : 0.20154357889528707   body : 0.014352009958181205   
Current LR:  [8.437858266715968e-06]
Epoch 72, Momentum: 0.0015759080145144582
Evaluation : False
Train , Epoch 73 : : total loss : 0.25186438208152107   marker : 0.09501663390062122   pose : 0.025361187328195135   angle : 0.12566588904600232   body : 0.005820671450860148   
Evaluation : True
Valid, Epoch 73 : : total loss : 0.34436677223536305   marker : 0.09340852286505137   pose : 0.034994486981925865   angle : 0.20164119044644685   body : 0.014322571327373619   
Current LR:  [7.90359082508868e-06]
Epoch 73, Momentum: 0.001488810784977917
Evaluation : False
Train , Epoch 74 : : total loss : 0.25196446610720197   marker : 0.09504795691731513   pose : 0.02538606849931192   angle : 0.12567781711747417   body : 0.005852623190160322   
Evaluation : True
Valid, Epoch 74 : : total loss : 0.34338740552556624   marker : 0.09328012538102641   pose : 0.03469742744022062   angle : 0.2009956539305438   body : 0.014414198104582025   
Current LR:  [7.403152074363786e-06]
Epoch 74, Momentum: 0.0014065272421052361
Evaluation : False
Train , Epoch 75 : : total loss : 0.2517986498875786   marker : 0.09503506699072091   pose : 0.025379400954198144   angle : 0.12555639193625764   body : 0.005827790488464726   
Evaluation : True
Valid, Epoch 75 : : total loss : 0.34321077116227766   marker : 0.09329520284872796   pose : 0.03479866667504425   angle : 0.2007374530991869   body : 0.01437944878514468   
Current LR:  [6.934400052971099e-06]
Epoch 75, Momentum: 0.0013287913432286876
Evaluation : False
Train , Epoch 76 : : total loss : 0.2517540574895295   marker : 0.09502024875574419   pose : 0.025358388788005476   angle : 0.1255479838818905   body : 0.005827435509802326   
Evaluation : True
Valid, Epoch 76 : : total loss : 0.34209398313880174   marker : 0.09283235892291554   pose : 0.03464941232891221   angle : 0.2003751894084073   body : 0.014237022464909701   
Current LR:  [6.495328423842759e-06]
Epoch 76, Momentum: 0.0012553517493174807
Evaluation : False
Train , Epoch 77 : : total loss : 0.25164837147156277   marker : 0.09492254936083536   pose : 0.025340001684988622   angle : 0.12556229819291218   body : 0.005823522006770507   
Evaluation : True
Valid, Epoch 77 : : total loss : 0.3432209428142708   marker : 0.09319236182170089   pose : 0.03488236725270262   angle : 0.20087835207703067   body : 0.01426786398179655   
Current LR:  [6.084057886954953e-06]
Epoch 77, Momentum: 0.0011859710123376692
Evaluation : False
Train , Epoch 78 : : total loss : 0.2514718470447461   marker : 0.09486809158398218   pose : 0.02532808813530307   angle : 0.1254431561867822   body : 0.005832510605984999   
Evaluation : True
Valid, Epoch 78 : : total loss : 0.34320279983997387   marker : 0.0931652170000696   pose : 0.03475530685529341   angle : 0.20096755060547813   body : 0.014314724759104577   
Current LR:  [5.6988281356094305e-06]
Epoch 78, Momentum: 0.0011204248075250209
Evaluation : False
Train , Epoch 79 : : total loss : 0.25165130775336286   marker : 0.09498541710889723   pose : 0.02537156578729565   angle : 0.12547125605720838   body : 0.005823068965403263   
Evaluation : True
Valid, Epoch 79 : : total loss : 0.3429728876756667   marker : 0.09310045603728624   pose : 0.03475216232378819   angle : 0.20079243691176676   body : 0.014327834243790147   
Epoch 79, Momentum: 0.001058501208088598
Finished Training
Load  /tudelft.net/staff-bulk/ewi/insy/VisionLab/students/wyang/dataset/models/model_best_OS_TEMPORAL_TCN_L1.pt
Casual : False
Use Temporal Convolutional Network
Receptive Field: 243
Filter Widths: [3, 3, 3, 3, 3]
 OS Joint error : 0.034895192831754684 , SMPLH Joint error : 0.044219158589839935 , Marker error : 0.0470900721848011 , BonyLandmark : 0.047425370663404465
 OS Joint error : 0.031048068776726723 , SMPLH Joint error : 0.03815092891454697 , Marker error : 0.03955529257655144 , BonyLandmark : 0.039546575397253036
 OS Joint error : 0.014414651319384575 , SMPLH Joint error : 0.0264446958899498 , Marker error : 0.022600946947932243 , BonyLandmark : 0.0231329258531332
