/home/nfs/weitseyang/.bashrc: line 20: dirname: command not found
/home/nfs/weitseyang/.bashrc: line 21: dirname: command not found
              total        used        free      shared  buff/cache   available
Mem:         191725       24502      146110         337       21112      166151
Swap:         51637           0       51637
Sun Aug  8 11:59:02 2021       
+-----------------------------------------------------------------------------+
| NVIDIA-SMI 470.57.02    Driver Version: 470.57.02    CUDA Version: 11.4     |
|-------------------------------+----------------------+----------------------+
| GPU  Name        Persistence-M| Bus-Id        Disp.A | Volatile Uncorr. ECC |
| Fan  Temp  Perf  Pwr:Usage/Cap|         Memory-Usage | GPU-Util  Compute M. |
|                               |                      |               MIG M. |
|===============================+======================+======================|
|   0  NVIDIA GeForce ...  On   | 00000000:5E:00.0 Off |                  N/A |
| 30%   30C    P8    16W / 250W |      1MiB / 11019MiB |      0%      Default |
|                               |                      |                  N/A |
+-------------------------------+----------------------+----------------------+
                                                                               
+-----------------------------------------------------------------------------+
| Processes:                                                                  |
|  GPU   GI   CI        PID   Type   Process name                  GPU Memory |
|        ID   ID                                                   Usage      |
|=============================================================================|
|  No running processes found                                                 |
+-----------------------------------------------------------------------------+
BML_FOLDER: /tudelft.net/staff-bulk/ewi/insy/VisionLab/students/wyang/dataset/HDF5/BML/
DATASET:
  ANTIALIAS:
    TEST: 1
    TRAIN: 1
  BBOX:
    PARTIAL_VISUALBILITY: False
  COLOR:
    AUG: True
  DATASETPERIMG: 2000
  GEOM:
    AUG: True
    HFLIP: False
    ROT: 20
    SCALE_DOWN: 25
    SCALE_UP: 25
    SHIFT_AUG: 10
  INTERPOLATION:
    TEST: nearest
    TRAIN: nearest
  OCCLUSION:
    PROB: 0.7
    SCALE: 0.8
  TRAINING_USEDEACHFRAME: 2
  USEDEACHFRAME: 1
EVAL_WORKERS: 16
HYP:
  ANGLE: 0.06
  BODY: 0.1
  INTERMEDIATE_MARKER: 1.5
  INTERMEDIATE_POS: 1.5
  MARKER: 2.0
  POS: 1.0
  ROTMAT: 0.1
  SY_BODY: 0.05
LAYER:
  OS_TRANSIT:
    ACT_TYPE: 1
    BN: False
LOSS:
  ANGLE:
    BETA: 5
    EVAL_TYPE: 1
    H: 0.1
    MASKMINVALUE: 0
    TYPE: 1
    USE: True
    USEMASK: True
  BODY:
    BETA: 0.05
    EVAL_TYPE: 1
    H: 0.1
    TYPE: 1
    USE: True
  MARKER:
    BETA: 0.02
    TYPE: 1
    USE: True
  POS:
    BETA: 0.02
    TYPE: 1
    USE: True
  ROTMAT:
    BETA: 0.02
    EVAL_TYPE: 1
    TYPE: 1
    USE: False
  SY_BODY:
    EVAL_TYPE: 1
    TYPE: 1
    USE: False
LSTM:
  BIDIRECTIONAL: True
  DROPOUTPROB: 0.1
  HIDDEN_STATE: 512
  NUM_LAYERS: 3
MODEL:
  CAUSAL: False
  CONV_CHANNEL_SIZE: [2048]
  CONV_LAYER: 1
  FULLCONV: True
  IMGSIZE: (256, 256)
  INFEATURES: 567
  INTERMEDIATE_POSE_ESTIMATION: False
  METRIC_SCALE:
    BBOX_SIZE: 2.2
    DEPTH: 8
    EVAL_STRIDING: 4
    STRIDING: 32
  NUMPRED: 115
  NUM_PRED: 115
  OUTFEATURES: 126
  POS: True
  RECEPTIVE_FIELD: 243
  RESNET:
    CENTER_STRIDING: True
    NEXT: True
    PRETRAINED: True
  TYPE: 4
MODEL_FOLDER: /tudelft.net/staff-bulk/ewi/insy/VisionLab/students/wyang/dataset/models/
PASCAL_PATH: /tudelft.net/staff-bulk/ewi/insy/VisionLab/students/wyang/dataset/HDF5/PASCAL/pascal.hdf5
PCA_PATH: None
POSTFIX: OS_TEMPORAL_LSTM_L1
PREDICTION:
  BODY: ['pelvis', 'lumbar5', 'lumbar4', 'lumbar3', 'lumbar2', 'lumbar1', 'thoracic12', 'thoracic11', 'thoracic10', 'thoracic9', 'thoracic8', 'thoracic7', 'thoracic6', 'thoracic5', 'thoracic4', 'thoracic3', 'thoracic2', 'thoracic1', 'head_neck', 'femur_r', 'tibia_r', 'talus_r', 'calcn_r', 'toes_r', 'femur_l', 'tibia_l', 'talus_l', 'calcn_l', 'toes_l', 'cerv6', 'cerv5', 'cerv4', 'cerv3', 'cerv2', 'cerv1', 'jaw', 'skull', 'thorax', 'clavicle', 'scapula', 'humerus', 'ulna', 'radius', 'clavicle_l', 'scapula_l', 'humerus_l', 'ulna_l', 'radius_l']
  BODY_AMPITUDE_VALUE: [0.38330534, 0.11688988, 0.27979052, 0.18767838, 0.12217734, 0.17559392, 0.25814359, 0.19320878, 0.09488225, 0.23721306, 0.3308586, 0.22396367, 0.08659548, 1e-06, 0.1634575, 0.18397586, 0.23942574, 0.23136499, 0.14410597, 0.14576365, 0.17185328, 0.18178275, 0.15676707, 0.19965802, 0.12167494, 0.14225374, 0.19253547, 0.08705724, 0.13519439, 0.09673029, 0.16227082, 0.25709417, 0.27539152, 0.21485549, 0.11401759, 0.22396367, 0.21485549, 0.1838405, 0.18214334, 0.43287996, 0.43287996, 0.13003099, 0.13036308, 0.2175328, 0.20085876, 0.30206298, 0.3034652, 0.2025831, 0.20302752, 0.1691131, 0.22653959]
  BODY_AVG_VALUE: [1.21267658, 1.19278473, 1.09221309, 0.82231784, 0.65399921, 0.86740023, 1.23414558, 1.13399419, 1.00263798, 1.01988775, 1.04674897, 0.92795962, 0.80902216, 0.94262153, 0.96230629, 0.95413619, 1.04046246, 1.03910667, 0.68939832, 0.71175453, 0.74281865, 0.76454479, 0.9076589, 1.02388528, 0.64942223, 0.89473501, 0.89226717, 0.61283192, 0.7215803, 0.68092433, 1.08504841, 1.17846495, 1.14104316, 1.14461103, 0.74801221, 0.92795962, 1.14461103, 0.89621243, 0.8843008, 1.13165459, 1.13165459, 0.73835266, 0.74087435, 1.07924646, 1.08077973, 1.01209745, 0.99989337, 1.0244289, 1.03203484, 0.82801554, 0.7559647]
  BODY_SCALE_MAPPING: [[0, 1, 2], [10, 3, 9], [10, 3, 9], [10, 3, 9], [10, 3, 9], [10, 3, 9], [10, 3, 9], [10, 4, 9], [10, 4, 9], [10, 5, 9], [10, 5, 9], [10, 6, 9], [10, 6, 9], [10, 6, 9], [10, 6, 9], [10, 6, 9], [10, 6, 9], [10, 6, 9], [11, 7, 9], [16, 14, 16], [20, 18, 20], [20, 18, 20], [22, 23, 24], [28, 30, 30], [17, 15, 17], [21, 19, 21], [21, 19, 21], [25, 26, 27], [29, 31, 31], [11, 7, 9], [11, 7, 9], [11, 7, 9], [11, 7, 9], [11, 7, 9], [11, 7, 9], [12, 8, 13], [12, 8, 13], [32, 33, 34], [37, 35, 41], [39, 36, 41], [45, 43, 45], [49, 47, 49], [49, 47, 49], [38, 35, 42], [40, 36, 42], [46, 44, 46], [50, 48, 50], [50, 48, 50]]
  BODY_SCALE_UNIQUE_NUMS: 51
  BODY_WEIGHTS: [[2.0, 2.0, 2.0], [1.0, 2.0, 1.0], [1.0, 2.0, 1.0], [1.0, 2.0, 1.0], [1.0, 2.0, 1.0], [1.0, 2.0, 1.0], [1.0, 2.0, 1.0], [1.0, 2.0, 1.0], [1.0, 2.0, 1.0], [1.0, 2.0, 1.0], [1.0, 2.0, 1.0], [1.0, 2.0, 1.0], [1.0, 2.0, 1.0], [1.0, 2.0, 1.0], [1.0, 2.0, 1.0], [1.0, 2.0, 1.0], [1.0, 2.0, 1.0], [1.0, 2.0, 1.0], [1.0, 2.0, 1.0], [1.0, 2.0, 1.0], [1.0, 2.0, 1.0], [1.0, 2.0, 1.0], [2.0, 1.0, 1.0], [2.0, 1.0, 1.0], [1.0, 2.0, 1.0], [1.0, 2.0, 1.0], [1.0, 2.0, 1.0], [2.0, 1.0, 1.0], [2.0, 1.0, 1.0], [1.0, 2.0, 1.0], [1.0, 2.0, 1.0], [1.0, 2.0, 1.0], [1.0, 2.0, 1.0], [1.0, 2.0, 1.0], [1.0, 2.0, 1.0], [1.0, 1.0, 2.0], [1.0, 1.0, 2.0], [2.0, 1.0, 1.0], [1.0, 1.0, 2.0], [1.0, 1.0, 2.0], [1.0, 2.0, 1.0], [1.0, 2.0, 1.0], [1.0, 2.0, 1.0], [1.0, 1.0, 2.0], [1.0, 1.0, 2.0], [1.0, 2.0, 1.0], [1.0, 2.0, 1.0], [1.0, 2.0, 1.0]]
  COORDINATES: ['L5_S1_FE', 'L5_S1_LB', 'L5_S1_AR', 'L4_L5_FE', 'L4_L5_LB', 'L4_L5_AR', 'T12_L1_FE', 'T12_L1_LB', 'T12_L1_AR', 'T11_T12_FE', 'T11_T12_LB', 'T11_T12_AR', 'T10_T11_FE', 'T10_T11_LB', 'T10_T11_AR', 'T9_T10_FE', 'T9_T10_LB', 'T9_T10_AR', 'T8_T9_FE', 'T8_T9_LB', 'T8_T9_AR', 'T1_T2_FE', 'T1_T2_LB', 'T1_T2_AR', 'T1_head_neck_FE', 'T1_head_neck_LB', 'T1_head_neck_AR', 'hip_flexion_r', 'hip_adduction_r', 'hip_rotation_r', 'knee_angle_r', 'knee_angle_y_r', 'knee_angle_x_r', 'ankle_angle_r', 'subtalar_angle_r', 'mtp_angle_r', 'hip_flexion_l', 'hip_adduction_l', 'hip_rotation_l', 'knee_angle_l', 'knee_angle_y_l', 'knee_angle_x_l', 'ankle_angle_l', 'subtalar_angle_l', 'mtp_angle_l', 'skull_z', 'skull_y', 'skull_x', 'sternoclavicular_r2', 'sternoclavicular_r3', 'acromioclavicular_r2', 'elv_angle', 'shoulder_elv', 'shoulder1_r2', 'shoulder_rot', 'elbow_flexion', 'elbow_x', 'pro_sup', 'sternoclavicular_r2_l', 'sternoclavicular_r3_l', 'acromioclavicular_r2_l', 'elv_angle_l', 'shoulder_elv_l', 'shoulder1_r2_l', 'shoulder_rot_l', 'elbow_flexion_l', 'elbow_x_l', 'pro_sup_l', 'ribs_bending']
  JOINTS: ['ground_pelvis', 'L5_S1_IVDjnt', 'L4_L5_IVDjnt', 'L3_L4_IVDjnt', 'L2_L3_IVDjnt', 'L1_L2_IVDjnt', 'T12_L1_IVDjnt', 'T11_T12_IVDjnt', 'T10_T11_IVDjnt', 'T9_T10_IVDjnt', 'T8_T9_IVDjnt', 'T7_T8_IVDjnt', 'T6_T7_IVDjnt', 'T5_T6_IVDjnt', 'T4_T5_IVDjnt', 'T3_T4_IVDjnt', 'T2_T3_IVDjnt', 'T1_T2_IVDjnt', 'T1_head_neck', 'hip_r', 'knee_r', 'ankle_r', 'subtalar_r', 'mtp_r', 'hip_l', 'knee_l', 'ankle_l', 'subtalar_l', 'mtp_l', 'C7_cerv6', 'C7_cerv5', 'C7_cerv4', 'C7_cerv3', 'C7_cerv2', 'C7_cerv1', 'skull_jaw', 'C7_skull', 'sternoclavicular', 'acromioclavicular', 'shoulder2', 'elbow', 'radioulnar', 'sternoclavicular_l', 'acromioclavicular_l', 'shoulder2_l', 'elbow_l', 'radioulnar_l', 'T1_rib']
  Joints_Inside_Cylinder_Body_LIST: [['ROOT', 'Torso'], ['RHIPJ', 'Torso'], ['LHIPJ', 'Torso'], ['Spine1', 'Torso'], ['Spine2', 'Torso'], ['Spine3', 'Torso'], ['LCOL', 'Torso'], ['RCOL', 'Torso'], ['NECK', 'Torso'], ['HEAD', 'HEAD'], ['RKNE', 'RightLeg'], ['RKNI', 'RightLeg'], ['LKNE', 'LeftLeg'], ['LKNI', 'LeftLeg'], ['LANK', 'LeftShrank'], ['RANK', 'RightShrank'], ['LANI', 'LeftShrank'], ['RANI', 'RightShrank'], ['RTOE', 'RightFOOT'], ['LTOE', 'LeftFOOT'], ['RMT1', 'RightFOOT'], ['LMT1', 'LeftFOOT'], ['RMT5', 'RightFOOT'], ['LMT5', 'LeftFOOT'], ['LELB', 'LeftArm'], ['RELB', 'RightArm'], ['LELBIN', 'LeftArm'], ['RELBIN', 'RightArm'], ['LIWR', 'LeftForearm'], ['RIWR', 'RightForearm'], ['LOWR', 'LeftForearm'], ['ROWR', 'RightForearm'], ['ground_pelvis', 'Torso'], ['L5_S1_IVDjnt', 'Torso'], ['L4_L5_IVDjnt', 'Torso'], ['L3_L4_IVDjnt', 'Torso'], ['L2_L3_IVDjnt', 'Torso'], ['L1_L2_IVDjnt', 'Torso'], ['T12_L1_IVDjnt', 'Torso'], ['T11_T12_IVDjnt', 'Torso'], ['T10_T11_IVDjnt', 'Torso'], ['T9_T10_IVDjnt', 'Torso'], ['T8_T9_IVDjnt', 'Torso'], ['T7_T8_IVDjnt', 'Torso'], ['T6_T7_IVDjnt', 'Torso'], ['T5_T6_IVDjnt', 'Torso'], ['T4_T5_IVDjnt', 'Torso'], ['T3_T4_IVDjnt', 'Torso'], ['T2_T3_IVDjnt', 'Torso'], ['T1_T2_IVDjnt', 'Torso'], ['T1_head_neck', 'HEAD'], ['hip_r', 'RightLeg'], ['knee_r', 'RightLeg'], ['ankle_r', 'RightShrank'], ['subtalar_r', 'RightShrank'], ['mtp_r', 'RightFOOT'], ['hip_l', 'LeftLeg'], ['knee_l', 'LeftLeg'], ['ankle_l', 'LeftShrank'], ['subtalar_l', 'LeftShrank'], ['mtp_l', 'LeftFOOT'], ['C7_cerv6', 'HEAD'], ['C7_cerv5', 'HEAD'], ['C7_cerv4', 'HEAD'], ['C7_cerv3', 'HEAD'], ['C7_cerv2', 'HEAD'], ['C7_cerv1', 'HEAD'], ['skull_jaw', 'HEAD'], ['C7_skull', 'HEAD'], ['sternoclavicular', 'RightArm'], ['acromioclavicular', 'RightArm'], ['shoulder2', 'RightArm'], ['elbow', 'RightArm'], ['radioulnar', 'RightForearm'], ['sternoclavicular_l', 'LeftArm'], ['acromioclavicular_l', 'LeftArm'], ['shoulder2_l', 'LeftArm'], ['elbow_l', 'LeftArm'], ['radioulnar_l', 'LeftForearm'], ['T1_rib', 'Torso'], ['radiocarpal', 'RightForearm'], ['radiocarpal_l', 'LeftForearm']]
  LEAFJOINTS: ['radiocarpal', 'radiocarpal_l']
  MARKER: ['ROOT', 'LHIPJ', 'RHIPJ', 'Spine1', 'LKJC', 'RKJC', 'Spine2', 'LAJC', 'RAJC', 'Spine3', 'LFOOT', 'RFOOT', 'NECK', 'LCOL', 'RCOL', 'HEAD', 'LSHOULDER', 'RSHOULDER', 'LELC', 'RELC', 'LWRIST', 'RWRIST', 'LPSI', 'RPSI', 'RASI', 'LASI', 'T12', 'T10', 'T8', 'T1', 'C7', 'RKNE', 'RKNI', 'LKNE', 'LKNI', 'LANK', 'RANK', 'LANI', 'RANI', 'LHEE', 'RHEE', 'RTOE', 'LTOE', 'RMT1', 'LMT1', 'RMT5', 'LMT5', 'LSHO', 'RSHO', 'STRN', 'CLAV', 'RCLAV', 'LCLAV', 'LELB', 'RELB', 'LELBIN', 'RELBIN', 'LIWR', 'RIWR', 'LOWR', 'ROWR', 'LFHD', 'RFHD', 'LBHD', 'RBHD']
  MIRROR_BONES: [0, 1, 2, 3, 4, 5, 6, 7, 8, 9, 10, 11, 12, 13, 14, 15, 16, 17, 18, 24, 25, 26, 27, 28, 19, 20, 21, 22, 23, 29, 30, 31, 32, 33, 34, 35, 36, 37, 43, 44, 45, 46, 47, 38, 39, 40, 41, 42]
  NUM_JOINTS: 50
  NUM_MARKERS: 65
  NUM_SMPL_JOINTS: 22
  POS_NAME: ['ground_pelvis', 'L5_S1_IVDjnt', 'L4_L5_IVDjnt', 'L3_L4_IVDjnt', 'L2_L3_IVDjnt', 'L1_L2_IVDjnt', 'T12_L1_IVDjnt', 'T11_T12_IVDjnt', 'T10_T11_IVDjnt', 'T9_T10_IVDjnt', 'T8_T9_IVDjnt', 'T7_T8_IVDjnt', 'T6_T7_IVDjnt', 'T5_T6_IVDjnt', 'T4_T5_IVDjnt', 'T3_T4_IVDjnt', 'T2_T3_IVDjnt', 'T1_T2_IVDjnt', 'T1_head_neck', 'hip_r', 'knee_r', 'ankle_r', 'subtalar_r', 'mtp_r', 'hip_l', 'knee_l', 'ankle_l', 'subtalar_l', 'mtp_l', 'C7_cerv6', 'C7_cerv5', 'C7_cerv4', 'C7_cerv3', 'C7_cerv2', 'C7_cerv1', 'skull_jaw', 'C7_skull', 'sternoclavicular', 'acromioclavicular', 'shoulder2', 'elbow', 'radioulnar', 'sternoclavicular_l', 'acromioclavicular_l', 'shoulder2_l', 'elbow_l', 'radioulnar_l', 'T1_rib', 'radiocarpal', 'radiocarpal_l', 'ROOT', 'LHIPJ', 'RHIPJ', 'Spine1', 'LKJC', 'RKJC', 'Spine2', 'LAJC', 'RAJC', 'Spine3', 'LFOOT', 'RFOOT', 'NECK', 'LCOL', 'RCOL', 'HEAD', 'LSHOULDER', 'RSHOULDER', 'LELC', 'RELC', 'LWRIST', 'RWRIST', 'LPSI', 'RPSI', 'RASI', 'LASI', 'T12', 'T10', 'T8', 'T1', 'C7', 'RKNE', 'RKNI', 'LKNE', 'LKNI', 'LANK', 'RANK', 'LANI', 'RANI', 'LHEE', 'RHEE', 'RTOE', 'LTOE', 'RMT1', 'LMT1', 'RMT5', 'LMT5', 'LSHO', 'RSHO', 'STRN', 'CLAV', 'RCLAV', 'LCLAV', 'LELB', 'RELB', 'LELBIN', 'RELBIN', 'LIWR', 'RIWR', 'LOWR', 'ROWR', 'LFHD', 'RFHD', 'LBHD', 'RBHD']
PROGRESSBAR: False
RESNETPATH: None
SEED: 100
STARTMODELPATH: None
TESTMODE: False
TEST_SUBJECTS: [2, 29, 19, 21, 51, 26, 7, 72, 77, 17, 65, 80, 6, 76, 10, 73, 13, 38]
TRAINING:
  AMSGRAD: False
  AWARED_OCCLUSION:
    GT: False
    USE: False
  BATCHSIZE: 128
  COORDINATE_MAX_WEIGHT: 2
  END_LR: [5e-06]
  END_MOMENTUM: 0.001
  EPOCH: [50]
  EVALUATION_BATCHSIZE: 128
  INITIAL_MOMENTUM: 0.1
  LOSS2D: False
  LOSSTYPE: 1
  MARKER_PREDICTION: True
  MARKER_TYPE: [10, 10, 10, 1, 1, 1, 1, 1, 1, 1, 20, 20, 10, 1, 1, 10, 0, 0, 1, 1, 1, 1, 20, 20, 20, 20, 10, 20, 10, 10, 20, 20, 20, 20, 20, 20, 20, 20, 20, 20, 20, 10, 10, 1, 1, 1, 1, 20, 20, 20, 20, 1, 1, 20, 20, 20, 20, 20, 20, 20, 20, 10, 10, 10, 10]
  MARKER_WEIGHT: [1.0, 1.0, 1.0, 0.1, 0.1, 0.1, 0.1, 0.1, 0.1, 0.1, 2.0, 2.0, 1.0, 0.1, 0.1, 1.0, 0.0, 0.0, 0.1, 0.1, 0.1, 0.1, 2.0, 2.0, 2.0, 2.0, 1.0, 2.0, 1.0, 1.0, 2.0, 2.0, 2.0, 2.0, 2.0, 2.0, 2.0, 2.0, 2.0, 2.0, 2.0, 1.0, 1.0, 0.1, 0.1, 0.1, 0.1, 2.0, 2.0, 2.0, 2.0, 0.1, 0.1, 2.0, 2.0, 2.0, 2.0, 2.0, 2.0, 2.0, 2.0, 1.0, 1.0, 1.0, 1.0]
  PCA: False
  PCA_COMPONENTS: 51
  START_LR: [0.001]
  TRAINING_STEPS: 1
  USE_BODY_WEIGHTS: False
  USE_OS_SIMULATION: False
  VALID_BATCHSIZE: 64
TRAINING_SUBJECTS: [78, 59, 79, 44, 56, 88, 75, 61, 53, 47, 40, 41, 32, 70, 28, 39, 69, 11, 3, 90, 71, 54, 20, 85, 37, 34, 33, 46, 67, 63, 55, 36, 42, 50, 24, 35, 84, 45, 60, 16, 74, 82, 27, 89, 57, 5, 49, 22, 4, 66, 31, 83, 43, 48, 52, 68, 25, 9, 18, 1, 81, 58, 23, 62, 64, 8, 87]
TRANSFORMER:
  BATCHNORM: False
  DROPOUT: False
  D_CHANNEL: 512
  D_MODEL: 256
  N1: 3
  N_HEADS: 8
  POS_ENCODNIG_EVERY_BLOCK: False
  STRIDES: [3, 9, 9]
VALID_SUBJECTS: [14, 86, 15, 30]
VALID_WORKERS: 16
WORKERS: 16
83696 training data, 21822 valid data, 100839 test data
Use LSTM, Receptive Field : 243
LR starts from 0.001, LR decay rate : 0.9013257213104922
Evaluation : False
Train , Epoch 0 : : total loss : 1.6507775178364554   marker : 0.36872519269745346   pose : 0.10678894435601796   angle : 0.38255645471637867   body : 0.018070391069806735   inter pose : 0.09553437887093374   inter marker : 0.3258593506871467   inter angle : 0.33536953503012107   inter body : 0.01787327120157606   
Evaluation : True
Valid, Epoch 0 : : total loss : 0.8299096460336289   marker : 0.12674468562885097   pose : 0.046882677204984104   angle : 0.2428837926433019   body : 0.017576521924037827   inter pose : 0.043356054568419636   inter marker : 0.11587074429859283   inter angle : 0.219590487920247   inter body : 0.017004683642456875   
Current LR:  [0.0009013257213104922]
Best Loss : 0.2428837926433019
Evaluation : False
Train , Epoch 1 : : total loss : 0.7426403036161368   marker : 0.13820419942027395   pose : 0.03808785934474713   angle : 0.20237934333807112   body : 0.009964022313345903   inter pose : 0.03526623272101693   inter marker : 0.12706611430982717   inter angle : 0.18185677412458073   inter body : 0.00981575938492192   
Evaluation : True
Valid, Epoch 1 : : total loss : 0.7100181030687387   marker : 0.10239117183340928   pose : 0.037187251497523374   angle : 0.2139839581068359   body : 0.014430859681393331   inter pose : 0.03493247588497397   inter marker : 0.09582002704187882   inter angle : 0.19696779087651564   inter body : 0.014304570271238793   
Current LR:  [0.000812388055895879]
Best Loss : 0.2139839581068359
Evaluation : False
Train , Epoch 2 : : total loss : 0.570717377009107   marker : 0.10709507076517547   pose : 0.028973338398141115   angle : 0.15273487718510592   body : 0.007355635224842961   inter pose : 0.027231737064229038   inter marker : 0.10037070072354438   inter angle : 0.13966700054739373   inter body : 0.0072890174536642035   
Evaluation : True
Valid, Epoch 2 : : total loss : 0.6939024624122226   marker : 0.09949714712912631   pose : 0.03731626439909594   angle : 0.2070161531721242   body : 0.015592903106374971   inter pose : 0.0350461896055178   inter marker : 0.0933058158515103   inter angle : 0.19062416718036945   inter body : 0.015503825256711085   
Current LR:  [0.0007322262504643815]
Best Loss : 0.2070161531721242
Evaluation : False
Train , Epoch 3 : : total loss : 0.5070404270706644   marker : 0.09605552468329075   pose : 0.0256919235470284   angle : 0.13435417871243374   body : 0.006241772284625729   inter pose : 0.0242918521154438   inter marker : 0.09074980934445745   inter angle : 0.12346315907619632   inter body : 0.006192206987001538   
Evaluation : True
Valid, Epoch 3 : : total loss : 0.6631179869355229   marker : 0.09371809987381173   pose : 0.034422897481861524   angle : 0.20148654246721398   body : 0.013954556517657389   inter pose : 0.032389549344392934   inter marker : 0.08787494911499415   inter angle : 0.18532743135825838   inter body : 0.013943963716320961   
Current LR:  [0.0006599743533622857]
Best Loss : 0.20148654246721398
Evaluation : False
Train , Epoch 4 : : total loss : 0.47022691861958815   marker : 0.08975755350284884   pose : 0.023732195478531705   angle : 0.12366632344757433   body : 0.005556995558280035   inter pose : 0.022547482211958576   inter marker : 0.08524179903599241   inter angle : 0.11421384988709211   inter body : 0.005510718282169533   
Evaluation : True
Valid, Epoch 4 : : total loss : 0.6754612187156646   marker : 0.09502473601651622   pose : 0.03530794830591472   angle : 0.20499468955402794   body : 0.014752099299537918   inter pose : 0.03317722391660486   inter marker : 0.08894109131599169   inter angle : 0.18855833200953445   inter body : 0.014705094577367841   
Current LR:  [0.0005948518600906879]
Evaluation : False
Train , Epoch 5 : : total loss : 0.4446651875333801   marker : 0.08553533451161012   pose : 0.022399668474817166   angle : 0.11605703847833651   body : 0.005058976905035342   inter pose : 0.021343881372721783   inter marker : 0.08157356091379937   inter angle : 0.10768744084772984   inter body : 0.0050092861869274015   
Evaluation : True
Valid, Epoch 5 : : total loss : 0.6740006132268325   marker : 0.09431854796424903   pose : 0.03591656791946429   angle : 0.20412669012695345   body : 0.014791925559722583   inter pose : 0.03388705141941378   inter marker : 0.08838980786359646   inter angle : 0.18780712316130402   inter body : 0.014762897860085031   
Current LR:  [0.0005361552818691272]
Evaluation : False
Train , Epoch 6 : : total loss : 0.4232865028870599   marker : 0.08197622870595678   pose : 0.02127648448745562   angle : 0.10971603430750541   body : 0.004733001527335113   inter pose : 0.020328532827370564   inter marker : 0.07838852479939803   inter angle : 0.10218172341265686   inter body : 0.004685973248674119   
Evaluation : True
Valid, Epoch 6 : : total loss : 0.668905763903172   marker : 0.09438961693504402   pose : 0.03551181085321012   angle : 0.20212841396665673   body : 0.014788479645369569   inter pose : 0.033498478934391424   inter marker : 0.08846035338859709   inter angle : 0.1853728317971868   inter body : 0.0147557776069982   
Current LR:  [0.0004832505461651213]
Evaluation : False
Train , Epoch 7 : : total loss : 0.4057274808105977   marker : 0.0791189336598741   pose : 0.02037324814573729   angle : 0.10427840658753061   body : 0.004498019184814524   inter pose : 0.019520685949561058   inter marker : 0.07590819800566385   inter angle : 0.09756363256282499   inter body : 0.004466356880746063   
Evaluation : True
Valid, Epoch 7 : : total loss : 0.6633518059218075   marker : 0.09332448987582352   pose : 0.03466746413995077   angle : 0.20119603811443568   body : 0.014488213877992137   inter pose : 0.03272559448097445   inter marker : 0.0876410618655219   inter angle : 0.1848488655069355   inter body : 0.014460079843778787   
Current LR:  [0.0004355661470959672]
Best Loss : 0.20119603811443568
Evaluation : False
Train , Epoch 8 : : total loss : 0.3888544293768008   marker : 0.07617660361993915   pose : 0.01946128057073488   angle : 0.09928156978594764   body : 0.004316226870198071   inter pose : 0.018724872230068648   inter marker : 0.07337809340375123   inter angle : 0.09322288020829146   inter body : 0.004292902953146884   
Evaluation : True
Valid, Epoch 8 : : total loss : 0.675148332253373   marker : 0.0948019975178533   pose : 0.03602499940438839   angle : 0.2030213824682871   body : 0.015238209470427776   inter pose : 0.03420121007022013   inter marker : 0.08933284798154428   inter angle : 0.18727177929434655   inter body : 0.01525590968453232   
Current LR:  [0.00039258697170970456]
Evaluation : False
Train , Epoch 9 : : total loss : 0.3747114267137478   marker : 0.0738434355825779   pose : 0.018706992622265224   angle : 0.09489169850329345   body : 0.004185009499937638   inter pose : 0.01805129776755847   inter marker : 0.07134123423791407   inter angle : 0.08952264939570317   inter body : 0.004169109521311056   
Evaluation : True
Valid, Epoch 9 : : total loss : 0.6713902670372833   marker : 0.09284677266003875   pose : 0.035014169363214664   angle : 0.20453149017454253   body : 0.01490879382235835   inter pose : 0.033044668146849615   inter marker : 0.08725273352409631   inter angle : 0.1888733664460104   inter body : 0.01491827693172144   
Current LR:  [0.00035384873545335125]
Evaluation : False
Train , Epoch 10 : : total loss : 0.361666596410468   marker : 0.07165919388052515   pose : 0.017984365801944485   angle : 0.09091242358293869   body : 0.004083240370139206   inter pose : 0.017403301407809827   inter marker : 0.06940710559418885   inter angle : 0.08614213514793521   inter body : 0.004074830617142376   
Evaluation : True
Valid, Epoch 10 : : total loss : 0.6738035623142934   marker : 0.09447958521615267   pose : 0.03570102752702678   angle : 0.20302526385545316   body : 0.01526602472822822   inter pose : 0.03372685169170674   inter marker : 0.0888649117617764   inter angle : 0.18746539641995552   inter body : 0.015274500106106691   
Current LR:  [0.0003189329667172973]
Evaluation : False
Train , Epoch 11 : : total loss : 0.34953471260633073   marker : 0.06954629177863711   pose : 0.017340525890633486   angle : 0.08720838560353376   body : 0.004007038431082371   inter pose : 0.0168301190205409   inter marker : 0.06758400079598836   inter angle : 0.08301416563175357   inter body : 0.004004185847441736   
Evaluation : True
Valid, Epoch 11 : : total loss : 0.6723360479965119   marker : 0.09389214963198866   pose : 0.03579315403053844   angle : 0.2027849795324273   body : 0.015311032722112337   inter pose : 0.03390949040763309   inter marker : 0.08848786819495767   inter angle : 0.18681542319017308   inter body : 0.01534195029760694   
Current LR:  [0.0002874624862761632]
Evaluation : False
Train , Epoch 12 : : total loss : 0.3385372463995976   marker : 0.06764248695800718   pose : 0.016707283711406028   angle : 0.0839261605787971   body : 0.003943311833173242   inter pose : 0.016281400922725797   inter marker : 0.06594655905803166   inter angle : 0.08014679225489703   inter body : 0.003943251403459387   
Evaluation : True
Valid, Epoch 12 : : total loss : 0.6707140183363571   marker : 0.09475687509190095   pose : 0.03633359970765441   angle : 0.20051281319542094   body : 0.015336408010707769   inter pose : 0.03433024467004667   inter marker : 0.08896971542100379   inter angle : 0.1851379614616662   inter body : 0.015336403951845054   
Current LR:  [0.00025909733279257026]
Best Loss : 0.20051281319542094
Evaluation : False
Train , Epoch 13 : : total loss : 0.3289831293030866   marker : 0.06596275753873596   pose : 0.01615260531740751   angle : 0.0810484369306798   body : 0.003890569670165776   inter pose : 0.015798492569641807   inter marker : 0.06450874325897756   inter angle : 0.07772808950993405   inter body : 0.003893435375756409   
Evaluation : True
Valid, Epoch 13 : : total loss : 0.6721420389475563   marker : 0.09361036170600763   pose : 0.03573521572644808   angle : 0.2031115393909129   body : 0.015198515735115253   inter pose : 0.0337887714888302   inter marker : 0.08823500233712178   inter angle : 0.18725621436979756   inter body : 0.015206415445532985   
Current LR:  [0.00023353109036888803]
Evaluation : False
Train , Epoch 14 : : total loss : 0.32013675173427936   marker : 0.06441014042127005   pose : 0.015642081980649127   angle : 0.07840465586546917   body : 0.003846381702866822   inter pose : 0.015358432902060277   inter marker : 0.06316677757623002   inter angle : 0.07545606875264443   inter body : 0.0038522122578287517   
Evaluation : True
Valid, Epoch 14 : : total loss : 0.6719323903740124   marker : 0.09330087743379294   pose : 0.035442100940425   angle : 0.203253314383864   body : 0.015124648036446343   inter pose : 0.03361634006968734   inter marker : 0.08808398537386262   inter angle : 0.18796194909681113   inter body : 0.015149173850963362   
Current LR:  [0.00021048757847516372]
Evaluation : False
Train , Epoch 15 : : total loss : 0.3120601008807353   marker : 0.06295539051362785   pose : 0.015170581875565772   angle : 0.07598801929315419   body : 0.0038109887127477852   inter pose : 0.014949189560348096   inter marker : 0.06193506565361439   inter angle : 0.07343168998248362   inter body : 0.0038191749925395703   
Evaluation : True
Valid, Epoch 15 : : total loss : 0.6711721097764191   marker : 0.09396572209619468   pose : 0.03617842320222027   angle : 0.20148126199061683   body : 0.015442483334020825   inter pose : 0.03428408084808551   inter marker : 0.0887377408737114   inter angle : 0.1856648234745921   inter body : 0.015417573970634377   
Current LR:  [0.00018971786849602577]
Evaluation : False
Train , Epoch 16 : : total loss : 0.3050689071553772   marker : 0.0617025153195146   pose : 0.014739300873113445   angle : 0.07392040349166572   body : 0.0037757006272742064   inter pose : 0.014586406836933692   inter marker : 0.06088976191205599   inter angle : 0.07166760055430998   inter body : 0.0037872167300592656   
Evaluation : True
Valid, Epoch 16 : : total loss : 0.6741151745886842   marker : 0.09364258887929272   pose : 0.03574004770690957   angle : 0.20352476950516   body : 0.015538330916009742   inter pose : 0.033805794266183395   inter marker : 0.08833759430402928   inter angle : 0.187978414466123   inter body : 0.015547634736174635   
Current LR:  [0.00017099759466766953]
Evaluation : False
Train , Epoch 17 : : total loss : 0.2987958335675653   marker : 0.060612282346346476   pose : 0.014377679923980013   angle : 0.07207173866663373   body : 0.0037496052636047553   inter pose : 0.014255725128282357   inter marker : 0.05992049527615537   inter angle : 0.07004680981999334   inter body : 0.0037614969578735635   
Evaluation : True
Valid, Epoch 17 : : total loss : 0.6733351714363479   marker : 0.09415709896994909   pose : 0.035914488656417484   angle : 0.2024593903485014   body : 0.015380518438726263   inter pose : 0.03401281180078917   inter marker : 0.08899556271763948   inter angle : 0.18704140139329709   inter body : 0.015373903306460754   
Current LR:  [0.0001541245303561964]
Evaluation : False
Train , Epoch 18 : : total loss : 0.29311029729397703   marker : 0.05963291264899292   pose : 0.014055822501001826   angle : 0.07028894062520534   body : 0.003722521058564712   inter pose : 0.013983609072099602   inter marker : 0.059113338076228567   inter angle : 0.06857512304830332   inter body : 0.0037380295426258175   
Evaluation : True
Valid, Epoch 18 : : total loss : 0.6748003728469933   marker : 0.09442464110722584   pose : 0.0359394995432684   angle : 0.20283189863062137   body : 0.015415880498937677   inter pose : 0.034112603360010804   inter marker : 0.08940434016662212   inter angle : 0.1872279927859701   inter body : 0.015443518655392572   
Current LR:  [0.00013891640349493958]
Evaluation : False
Train , Epoch 19 : : total loss : 0.28821333425881124   marker : 0.05875110288491475   pose : 0.013755113692243925   angle : 0.06887560099317688   body : 0.0037039548317669316   inter pose : 0.013717167697002566   inter marker : 0.05834886619384767   inter angle : 0.06734022651021733   inter body : 0.003721300441954302   
Evaluation : True
Valid, Epoch 19 : : total loss : 0.6757081910829891   marker : 0.09377948781788682   pose : 0.035919001226780906   angle : 0.20397334447998294   body : 0.015516995373048416   inter pose : 0.034033613117114184   inter marker : 0.08858908663835265   inter angle : 0.1883523755916567   inter body : 0.015544289348324523   
Current LR:  [0.0001252089275819358]
Evaluation : False
Train , Epoch 20 : : total loss : 0.2834793986441713   marker : 0.05794864250018987   pose : 0.013500266254895223   angle : 0.06738302158976221   body : 0.0036832096028764937   inter pose : 0.013486795964583777   inter marker : 0.05764788522700256   inter angle : 0.06612677478543832   inter body : 0.0037028023878263616   
Evaluation : True
Valid, Epoch 20 : : total loss : 0.6778188659469385   marker : 0.09452897406948572   pose : 0.036226331919975235   angle : 0.20364495991415002   body : 0.015615324829405032   inter pose : 0.03437987459688114   inter marker : 0.08948572780436768   inter angle : 0.18830126210952938   inter body : 0.0156364146636765   
Current LR:  [0.00011285402696730145]
Evaluation : False
Train , Epoch 21 : : total loss : 0.27959170316846593   marker : 0.05725306856116511   pose : 0.01325744812221339   angle : 0.06626018432252805   body : 0.0036678643373752534   inter pose : 0.013280065390773426   inter marker : 0.05707227005687461   inter angle : 0.06511414223913942   inter body : 0.0036866598331852947   
Evaluation : True
Valid, Epoch 21 : : total loss : 0.6775759285371011   marker : 0.09482992878647208   pose : 0.03631025559851278   angle : 0.20315044302735405   body : 0.015585388895047377   inter pose : 0.03446117898150725   inter marker : 0.08966032633389423   inter angle : 0.1879686969697295   inter body : 0.01560970947478281   
Current LR:  [0.00010171823725909672]
Evaluation : False
Train , Epoch 22 : : total loss : 0.2759043405924968   marker : 0.0566036680436609   pose : 0.013025252945766789   angle : 0.065135812880343   body : 0.0036520164233174567   inter pose : 0.013092594448003524   inter marker : 0.05654708865408145   inter angle : 0.0641739298953214   inter body : 0.0036739770295939893   
Evaluation : True
Valid, Epoch 22 : : total loss : 0.6767488858426877   marker : 0.09443052327880916   pose : 0.036039028210552985   angle : 0.20357459835450706   body : 0.01557165370908735   inter pose : 0.03416092158041279   inter marker : 0.08924580024608758   inter angle : 0.18814887341455713   inter body : 0.0155774875321317   
Current LR:  [9.168126356798713e-05]
Evaluation : False
Train , Epoch 23 : : total loss : 0.27274561681389625   marker : 0.05606957846770425   pose : 0.012848578584572988   angle : 0.06416754248291026   body : 0.00363942657049694   inter pose : 0.012926646061869164   inter marker : 0.056067022068531557   inter angle : 0.0633638770380849   inter body : 0.003662945682704905   
Evaluation : True
Valid, Epoch 23 : : total loss : 0.6790734501634943   marker : 0.0947443680915766   pose : 0.03632644631993529   angle : 0.20401514794712663   body : 0.015616257340822176   inter pose : 0.03444317186712378   inter marker : 0.0895469354322376   inter angle : 0.18876823965105322   inter body : 0.015612885278104458   
Current LR:  [8.263468101607335e-05]
Evaluation : False
Train , Epoch 24 : : total loss : 0.2698862932360008   marker : 0.055572332246699704   pose : 0.012686732293578695   angle : 0.06328755293104221   body : 0.0036278289826914873   inter pose : 0.012784682727699805   inter marker : 0.05565096412829564   inter angle : 0.06262504867924118   inter body : 0.0036511514906359304   
Evaluation : True
Valid, Epoch 24 : : total loss : 0.6792870017132022   marker : 0.09498271226729976   pose : 0.03623107730408176   angle : 0.20400354687621947   body : 0.015511056049618928   inter pose : 0.03442688866044454   inter marker : 0.08993423571781958   inter angle : 0.18868565172620747   inter body : 0.015511837148522164   
Current LR:  [7.448076347207475e-05]
Evaluation : False
Train , Epoch 25 : : total loss : 0.2673892796861085   marker : 0.055152007348687145   pose : 0.012539814772572122   angle : 0.0625288690886764   body : 0.0036181365524862205   inter pose : 0.012652769097188347   inter marker : 0.05528189921338014   inter angle : 0.061972771433237685   inter body : 0.0036430117045921397   
Evaluation : True
Valid, Epoch 25 : : total loss : 0.6777600825144297   marker : 0.09473501065946195   pose : 0.036300526018398796   angle : 0.20348569835732416   body : 0.015621269708505288   inter pose : 0.03442958004150586   inter marker : 0.08956784015942555   inter angle : 0.18801277672137712   inter body : 0.015607382287879484   
Current LR:  [6.713142786022393e-05]
Evaluation : False
Train , Epoch 26 : : total loss : 0.2649844969304743   marker : 0.05473383717455689   pose : 0.012389328018412747   angle : 0.06178783746878367   body : 0.0036096753670932413   inter pose : 0.012531244071916452   inter marker : 0.05493504814176063   inter angle : 0.06136301529535291   inter body : 0.0036345115081217443   
Evaluation : True
Valid, Epoch 26 : : total loss : 0.6784910099413074   marker : 0.09456239720333093   pose : 0.03612882340820777   angle : 0.20410578883040587   body : 0.015586902099704121   inter pose : 0.03430361909877696   inter marker : 0.08947944055500788   inter angle : 0.18873661548382703   inter body : 0.015587419820480829   
Current LR:  [6.05072826387196e-05]
Evaluation : False
Train , Epoch 27 : : total loss : 0.26295450133532516   marker : 0.05438771774310613   pose : 0.01227158024068494   angle : 0.061148263987547406   body : 0.0036003221151565887   inter pose : 0.012432858730120096   inter marker : 0.054659641469054346   inter angle : 0.06082723980589811   inter body : 0.003626878048502947   
Evaluation : True
Valid, Epoch 27 : : total loss : 0.677605143608154   marker : 0.09461009319953265   pose : 0.03605481372855453   angle : 0.2037981596824262   body : 0.015477466606195726   inter pose : 0.034186501571166504   inter marker : 0.08947908398692303   inter angle : 0.1885273675304123   inter body : 0.015471661203384574   
Current LR:  [5.453677016888176e-05]
Evaluation : False
Train , Epoch 28 : : total loss : 0.26105959225120806   marker : 0.05407167917508261   pose : 0.012169128867182853   angle : 0.06055875569810181   body : 0.003592326941188271   inter pose : 0.012332291624709895   inter marker : 0.05437194771642524   inter angle : 0.06034367833326458   inter body : 0.0036197840642600474   
Evaluation : True
Valid, Epoch 28 : : total loss : 0.6785706789374909   marker : 0.09474613696907609   pose : 0.03630607872832631   angle : 0.20386226183115402   body : 0.015598046543093193   inter pose : 0.03444147293535536   inter marker : 0.08960174375773022   inter angle : 0.18841180101278754   inter body : 0.015603134554211024   
Current LR:  [4.915539371041189e-05]
Evaluation : False
Train , Epoch 29 : : total loss : 0.25939338176210297   marker : 0.053770349747508446   pose : 0.012049871984623931   angle : 0.06005726505932363   body : 0.003586327157569493   inter pose : 0.012249086297489418   inter marker : 0.054141188739224196   inter angle : 0.05992515537471355   inter body : 0.0036141372073276302   
Evaluation : True
Valid, Epoch 29 : : total loss : 0.6746160734279948   marker : 0.09425967336848178   pose : 0.03597010749800812   angle : 0.2029935460339304   body : 0.015451375138649264   inter pose : 0.034048702897973945   inter marker : 0.08900039268778942   inter angle : 0.18743165814792428   inter body : 0.015460618406373042   
Current LR:  [4.430502069233822e-05]
Evaluation : False
Train , Epoch 30 : : total loss : 0.2577981883132257   marker : 0.05351737878680412   pose : 0.011966759716923623   angle : 0.059521607455624924   body : 0.0035805539702240714   inter pose : 0.01216939797376783   inter marker : 0.0539178163794427   inter angle : 0.059514898664188236   inter body : 0.003609775604785721   
Evaluation : True
Valid, Epoch 30 : : total loss : 0.67855996467619   marker : 0.09506140820714143   pose : 0.036355150946665284   angle : 0.2034139748990137   body : 0.015678749743505225   inter pose : 0.034483143765639455   inter marker : 0.08988688160568795   inter angle : 0.1880033938981536   inter body : 0.015677265868638397   
Current LR:  [3.993325473319803e-05]
Evaluation : False
Train , Epoch 31 : : total loss : 0.2564870574801111   marker : 0.05328757481886271   pose : 0.011894390497579144   angle : 0.05912206193594801   body : 0.003576281495466486   inter pose : 0.012099670598520162   inter marker : 0.05372639383784115   inter angle : 0.05917570697768359   inter body : 0.0036049782388357255   
Evaluation : True
Valid, Epoch 31 : : total loss : 0.6794703433498565   marker : 0.09483093643328325   pose : 0.036287066316137   angle : 0.20410986395042152   body : 0.01567856895476757   inter pose : 0.03442224610814383   inter marker : 0.08972881205435274   inter angle : 0.18874745980354443   inter body : 0.015665388423596105   
Current LR:  [3.5992869626675335e-05]
Evaluation : False
Train , Epoch 32 : : total loss : 0.2553417819336764   marker : 0.05308687849509406   pose : 0.011810445824315683   angle : 0.05879740453514899   body : 0.003571846469977206   inter pose : 0.012041038545461836   inter marker : 0.05356423078164755   inter angle : 0.05886942809975348   inter body : 0.0036005078320024936   
Evaluation : True
Valid, Epoch 32 : : total loss : 0.6797823741186683   marker : 0.09472430422089516   pose : 0.03627650821452595   angle : 0.20447331888189937   body : 0.015724184210234235   inter pose : 0.03440758877916697   inter marker : 0.08959595395122197   inter angle : 0.18886824880464848   inter body : 0.015712264731653384   
Current LR:  [3.244129917829765e-05]
Evaluation : False
Train , Epoch 33 : : total loss : 0.254142599143259   marker : 0.05288741362222669   pose : 0.011745053356310858   angle : 0.058374343123315485   body : 0.0035663692235724164   inter pose : 0.011988321608745394   inter marker : 0.053412206328344196   inter angle : 0.058572600836684474   inter body : 0.003596290653631388   
Evaluation : True
Valid, Epoch 33 : : total loss : 0.6800522584437056   marker : 0.09493319735432204   pose : 0.036284262559752825   angle : 0.20440466980177655   body : 0.01559637211745955   inter pose : 0.03442108717992603   inter marker : 0.0898364471936901   inter angle : 0.18898939887518712   inter body : 0.0155868262732655   
Current LR:  [2.9240177382128606e-05]
Evaluation : False
Train , Epoch 34 : : total loss : 0.2531483918428421   marker : 0.05270578873673223   pose : 0.011681989388708682   angle : 0.05807843568747661   body : 0.0035625421606106924   inter pose : 0.011934165439210479   inter marker : 0.053263775827462966   inter angle : 0.05832916421738737   inter body : 0.00359252982510462   
Evaluation : True
Valid, Epoch 34 : : total loss : 0.6797535829611369   marker : 0.09480815606357175   pose : 0.03625906362683032   angle : 0.20431627063438312   body : 0.015639476548433413   inter pose : 0.034403726648381906   inter marker : 0.08968488904145207   inter angle : 0.18901174698421383   inter body : 0.01563025297138346   
Current LR:  [2.6354923970193805e-05]
Evaluation : False
Train , Epoch 35 : : total loss : 0.25222943314731944   marker : 0.052560652253912564   pose : 0.011638400761002695   angle : 0.057761444637457776   body : 0.0035596252447578935   inter pose : 0.0118916204618504   inter marker : 0.05314296681953061   inter angle : 0.05808497666970329   inter body : 0.0035897457467999657   
Evaluation : True
Valid, Epoch 35 : : total loss : 0.6797496193260072   marker : 0.09499431578554271   pose : 0.0363054915316196   angle : 0.2040485511963685   body : 0.015648113270201852   inter pose : 0.03446168560186803   inter marker : 0.0899148843933251   inter angle : 0.1887365773316101   inter body : 0.01564000137631697   
Current LR:  [2.375437085751811e-05]
Evaluation : False
Train , Epoch 36 : : total loss : 0.25139541723187814   marker : 0.052401697140466566   pose : 0.011572846372656034   angle : 0.057531676524722374   body : 0.0035564331209449636   inter pose : 0.011847316474292947   inter marker : 0.053020311773371   inter angle : 0.05787752783795958   inter body : 0.0035876085362033447   
Evaluation : True
Valid, Epoch 36 : : total loss : 0.6790827865747426   marker : 0.09484140611396309   pose : 0.036247756629540384   angle : 0.20403911505618658   body : 0.015644087476566898   inter pose : 0.03437179484886119   inter marker : 0.08967789641310299   inter angle : 0.18863199205339998   inter body : 0.015628734850203913   
Current LR:  [2.1410425447429443e-05]
Evaluation : False
Train , Epoch 37 : : total loss : 0.2506438671036482   marker : 0.052282992179917706   pose : 0.011532241184760747   angle : 0.057273281273213864   body : 0.003552855232411034   inter pose : 0.011809385134902702   inter marker : 0.0529218486483119   inter angle : 0.057686504792382125   inter body : 0.0035847580455426143   
Evaluation : True
Valid, Epoch 37 : : total loss : 0.6797718479526041   marker : 0.09491000465223151   pose : 0.03625101460161507   angle : 0.20423170390743983   body : 0.01570144921729681   inter pose : 0.03437891275021128   inter marker : 0.08977231100077328   inter angle : 0.18884047923500188   inter body : 0.015685970829011932   
Current LR:  [1.929776715996886e-05]
Evaluation : False
Train , Epoch 38 : : total loss : 0.24999950445081703   marker : 0.052158541829078524   pose : 0.011491723298729835   angle : 0.057086558319388636   body : 0.003550699589685587   inter pose : 0.011777843261682422   inter marker : 0.05283084616726792   inter angle : 0.0575213113637102   inter body : 0.003581980394504702   
Evaluation : True
Valid, Epoch 38 : : total loss : 0.6793932449303062   marker : 0.09509738098415836   pose : 0.03637861173035582   angle : 0.2037383376617893   body : 0.01568437954724168   inter pose : 0.034506743949139856   inter marker : 0.08996346750505008   inter angle : 0.18834565962150854   inter body : 0.01567866728249222   
Current LR:  [1.739357390514086e-05]
Evaluation : False
Train , Epoch 39 : : total loss : 0.24936878484934796   marker : 0.05205950798726374   pose : 0.011454951424568116   angle : 0.056854915324524385   body : 0.003548744244780534   inter pose : 0.011750395689302254   inter marker : 0.05275123295977506   inter angle : 0.05736856755856168   inter body : 0.0035804692298533314   
Evaluation : True
Valid, Epoch 39 : : total loss : 0.6789390405587256   marker : 0.0948614214749529   pose : 0.036273589340491755   angle : 0.20395296123198023   body : 0.015662606728742305   inter pose : 0.034371714436399345   inter marker : 0.08965385000599303   inter angle : 0.18851978765072847   inter body : 0.015643112732218883   
Current LR:  [1.567727554621844e-05]
Evaluation : False
Train , Epoch 40 : : total loss : 0.2488774122587572   marker : 0.05197288733186802   pose : 0.011429673040807704   angle : 0.05671044446493729   body : 0.003547283559452862   inter pose : 0.011721640209143961   inter marker : 0.05267997084907149   inter angle : 0.05723654910077727   inter body : 0.0035789642521503965   
Evaluation : True
Valid, Epoch 40 : : total loss : 0.6797255969770821   marker : 0.09511935333973567   pose : 0.036351050807011356   angle : 0.20400488941471273   body : 0.015682914964264053   inter pose : 0.034456680985902544   inter marker : 0.08993763766753314   inter angle : 0.1885013211036775   inter body : 0.015671750130962357   
Current LR:  [1.4130331689878675e-05]
Evaluation : False
Train , Epoch 41 : : total loss : 0.2483624840814158   marker : 0.05189291613139383   pose : 0.011394251798312386   angle : 0.056532307757580995   body : 0.003545712195422392   inter pose : 0.011699750563086996   inter marker : 0.05261365520506869   inter angle : 0.0571060787093402   inter body : 0.003577812126257199   
Evaluation : True
Valid, Epoch 41 : : total loss : 0.6803878664959472   marker : 0.09503600508010134   pose : 0.036275642163571487   angle : 0.20442165190856054   body : 0.01564645762022251   inter pose : 0.034391895932157454   inter marker : 0.08993367986667715   inter angle : 0.18904535677111584   inter body : 0.015637177006045246   
Current LR:  [1.2736031402736402e-05]
Evaluation : False
Train , Epoch 42 : : total loss : 0.2478914051152663   marker : 0.051792481021348036   pose : 0.01136772422145647   angle : 0.056380641200275916   body : 0.0035441400081056185   inter pose : 0.011678851996855111   inter marker : 0.05255412787860787   inter angle : 0.056997672122707774   inter body : 0.0035757674118232947   
Evaluation : True
Valid, Epoch 42 : : total loss : 0.6797019655026455   marker : 0.09492087447231384   pose : 0.03625159580016396   angle : 0.20428993183842567   body : 0.01562293807862168   inter pose : 0.034368856560024724   inter marker : 0.0897396087821294   inter angle : 0.1888972664281457   inter body : 0.015610891068170733   
Current LR:  [1.1479312690704467e-05]
Evaluation : False
Train , Epoch 43 : : total loss : 0.24753184217223712   marker : 0.05175448352239946   pose : 0.011344865499318194   angle : 0.05626175854395031   body : 0.0035431542808894542   inter pose : 0.011656193517627705   inter marker : 0.052497718620126865   inter angle : 0.05689915307265511   inter body : 0.003574515440091947   
Evaluation : True
Valid, Epoch 43 : : total loss : 0.6802814241705953   marker : 0.09506737830800366   pose : 0.0363292131204564   angle : 0.20431332526575383   body : 0.015682496647384206   inter pose : 0.034453975565437216   inter marker : 0.08992723233867397   inter angle : 0.18883612406984737   inter body : 0.01567168401192487   
Current LR:  [1.034659979109789e-05]
Evaluation : False
Train , Epoch 44 : : total loss : 0.24715388485246195   marker : 0.05168372070328382   pose : 0.011321885529819985   angle : 0.05612971837907619   body : 0.0035403684558201393   inter pose : 0.011640117707652302   inter marker : 0.05245373104263958   inter angle : 0.05681158398002797   inter body : 0.003572759918432118   
Evaluation : True
Valid, Epoch 44 : : total loss : 0.6793393886839915   marker : 0.09493893281686493   pose : 0.0362909281683191   angle : 0.20405772582123974   body : 0.01566787460265266   inter pose : 0.03438557045410145   inter marker : 0.08975269464292292   inter angle : 0.18859405214283295   inter body : 0.01565161755460614   
Current LR:  [9.325656519822294e-06]
Evaluation : False
Train , Epoch 45 : : total loss : 0.24680489100869546   marker : 0.05161738490392019   pose : 0.011295507084378605   angle : 0.05603004851668023   body : 0.003539087457630846   inter pose : 0.011623199395892448   inter marker : 0.052407148044562084   inter angle : 0.056720260850183814   inter body : 0.0035722546802140535   
Evaluation : True
Valid, Epoch 45 : : total loss : 0.6797006631703831   marker : 0.09505747708661584   pose : 0.036352004852798374   angle : 0.20400765101464527   body : 0.015684408183255606   inter pose : 0.03446958530682297   inter marker : 0.08990579265010268   inter angle : 0.18855246832407688   inter body : 0.01567128030258055   
Current LR:  [8.405454089422724e-06]
Evaluation : False
Train , Epoch 46 : : total loss : 0.24653961617858997   marker : 0.051587282846842934   pose : 0.011285685300884075   angle : 0.055923849207336285   body : 0.0035386769914682982   inter pose : 0.01161046857855769   inter marker : 0.0523682499267332   inter angle : 0.05665433422803514   inter body : 0.0035710687275582304   
Evaluation : True
Valid, Epoch 46 : : total loss : 0.6801727911300876   marker : 0.09510754632115113   pose : 0.0363356908686864   angle : 0.20425223294673203   body : 0.01565515710959873   inter pose : 0.03444619985518736   inter marker : 0.0899239463096425   inter angle : 0.18880852795512526   inter body : 0.015643492249539613   
Current LR:  [7.576051970091162e-06]
Evaluation : False
Train , Epoch 47 : : total loss : 0.2462897808683229   marker : 0.051532031434829165   pose : 0.011269253004017139   angle : 0.055865745284062615   body : 0.0035378112543979017   inter pose : 0.011597281467357784   inter marker : 0.052330558631814454   inter angle : 0.05658705568491591   inter body : 0.0035700441557759985   
Evaluation : True
Valid, Epoch 47 : : total loss : 0.6803137557489736   marker : 0.09511329985464671   pose : 0.03634566347798531   angle : 0.20425608500957096   body : 0.015659424151544796   inter pose : 0.03446977213468946   inter marker : 0.09000270756275819   inter angle : 0.1888207051113976   inter body : 0.0156460981377322   
Current LR:  [6.828490506628192e-06]
Evaluation : False
Train , Epoch 48 : : total loss : 0.2460114413709772   marker : 0.05147539650818838   pose : 0.011242893557271037   angle : 0.055780800256256306   body : 0.00353757045795117   inter pose : 0.011584279352761977   inter marker : 0.05229774762121861   inter angle : 0.05652295212742015   inter body : 0.0035698015330527634   
Evaluation : True
Valid, Epoch 48 : : total loss : 0.6801391283758466   marker : 0.09513063085974001   pose : 0.036331834348200136   angle : 0.2042328299441201   body : 0.015654478449179485   inter pose : 0.03443876585419789   inter marker : 0.08997718272446471   inter angle : 0.1887335861628395   inter body : 0.015639820082270033   
Current LR:  [6.154694131348503e-06]
Evaluation : False
Train , Epoch 49 : : total loss : 0.24580593617093874   marker : 0.051446545298623456   pose : 0.011238027122984162   angle : 0.05569572743330761   body : 0.0035355486447108514   inter pose : 0.011574950611153203   inter marker : 0.052271909475509096   inter angle : 0.05647462142052365   inter body : 0.0035686062675277497   
Evaluation : True
Valid, Epoch 49 : : total loss : 0.6804841168913808   marker : 0.09516535287335598   pose : 0.036332346649876154   angle : 0.2042813783998221   body : 0.01569661762196294   inter pose : 0.03444685327199342   inter marker : 0.09003425201676132   inter angle : 0.18884810382226638   inter body : 0.015679209667824986   
Finished Training
Load  /tudelft.net/staff-bulk/ewi/insy/VisionLab/students/wyang/dataset/models/model_best_OS_TEMPORAL_LSTM_L1.pt
Use LSTM, Receptive Field : 243
 OS Joint error : 0.0363335944712162 , SMPLH Joint error : 0.04431738331913948 , Marker error : 0.0476052463054657 , BonyLandmark : 0.047378428280353546
 OS Joint error : 0.03039003163576126 , SMPLH Joint error : 0.03765849024057388 , Marker error : 0.03884151950478554 , BonyLandmark : 0.03881630674004555
 OS Joint error : 0.010712486691772938 , SMPLH Joint error : 0.023214586079120636 , Marker error : 0.018131405115127563 , BonyLandmark : 0.018503498286008835
