/home/nfs/weitseyang/.bashrc: line 20: dirname: command not found
/home/nfs/weitseyang/.bashrc: line 21: dirname: command not found
              total        used        free      shared  buff/cache   available
Mem:         257670       17821      177380         438       62468      238546
Swap:        262143           0      262143
Fri Jul 16 10:46:03 2021       
+-----------------------------------------------------------------------------+
| NVIDIA-SMI 465.19.01    Driver Version: 465.19.01    CUDA Version: 11.3     |
|-------------------------------+----------------------+----------------------+
| GPU  Name        Persistence-M| Bus-Id        Disp.A | Volatile Uncorr. ECC |
| Fan  Temp  Perf  Pwr:Usage/Cap|         Memory-Usage | GPU-Util  Compute M. |
|                               |                      |               MIG M. |
|===============================+======================+======================|
|   0  NVIDIA GeForce ...  On   | 00000000:89:00.0 Off |                  N/A |
| 39%   57C    P0    68W / 250W |      1MiB / 11178MiB |      0%      Default |
|                               |                      |                  N/A |
+-------------------------------+----------------------+----------------------+
                                                                               
+-----------------------------------------------------------------------------+
| Processes:                                                                  |
|  GPU   GI   CI        PID   Type   Process name                  GPU Memory |
|        ID   ID                                                   Usage      |
|=============================================================================|
|  No running processes found                                                 |
+-----------------------------------------------------------------------------+
BML_FOLDER: /tudelft.net/staff-bulk/ewi/insy/VisionLab/students/wyang/dataset/HDF5/BML/
DATASET:
  ANTIALIAS:
    TEST: 1
    TRAIN: 1
  BBOX:
    PARTIAL_VISUALBILITY: False
  COLOR:
    AUG: True
  DATASETPERIMG: 2000
  GEOM:
    AUG: True
    HFLIP: False
    ROT: 20
    SCALE_DOWN: 25
    SCALE_UP: 25
    SHIFT_AUG: 10
  INTERPOLATION:
    TEST: nearest
    TRAIN: nearest
  OCCLUSION:
    PROB: 0.7
    SCALE: 0.8
  TRAINING_USEDEACHFRAME: 2
  USEDEACHFRAME: 1
EVAL_WORKERS: 16
HYP:
  ANGLE: 0.015
  BODY: 0.05
  INTERMEDIATE_MARKER: 1.5
  INTERMEDIATE_POS: 1.5
  MARKER: 1.5
  POS: 1.0
  ROTMAT: 0.1
  SY_BODY: 0.05
LAYER:
  OS_TRANSIT:
    ACT_TYPE: 1
    BN: False
LOSS:
  ANGLE:
    BETA: 5
    EVAL_TYPE: 1
    H: 0.1
    MASKMINVALUE: 0
    TYPE: 3
    USE: False
    USEMASK: True
  BODY:
    BETA: 0.05
    EVAL_TYPE: 1
    H: 0.1
    TYPE: 3
    USE: False
  MARKER:
    BETA: 0.04
    TYPE: 1
    USE: True
  POS:
    BETA: 0.04
    TYPE: 1
    USE: True
  ROTMAT:
    BETA: 0.02
    EVAL_TYPE: 1
    TYPE: 1
    USE: False
  SY_BODY:
    EVAL_TYPE: 1
    TYPE: 1
    USE: False
MODEL:
  CONV_CHANNEL_SIZE: [2048]
  CONV_LAYER: 1
  FULLCONV: True
  IMGSIZE: (256, 256)
  INTERMEDIATE_POSE_ESTIMATION: False
  METRIC_SCALE:
    BBOX_SIZE: 2.2
    DEPTH: 8
    EVAL_STRIDING: 4
    STRIDING: 32
  NUMPRED: 115
  NUM_PRED: 115
  RESNET:
    CENTER_STRIDING: True
    NEXT: True
    PRETRAINED: True
MODEL_FOLDER: /tudelft.net/staff-bulk/ewi/insy/VisionLab/students/wyang/dataset/models/
PASCAL_PATH: /tudelft.net/staff-bulk/ewi/insy/VisionLab/students/wyang/dataset/HDF5/PASCAL/pascal.hdf5
PCA_PATH: None
POSTFIX: OS_ONLY_POSMARKER
PREDICTION:
  BODY: ['pelvis', 'lumbar5', 'lumbar4', 'lumbar3', 'lumbar2', 'lumbar1', 'thoracic12', 'thoracic11', 'thoracic10', 'thoracic9', 'thoracic8', 'thoracic7', 'thoracic6', 'thoracic5', 'thoracic4', 'thoracic3', 'thoracic2', 'thoracic1', 'head_neck', 'femur_r', 'tibia_r', 'talus_r', 'calcn_r', 'toes_r', 'femur_l', 'tibia_l', 'talus_l', 'calcn_l', 'toes_l', 'cerv6', 'cerv5', 'cerv4', 'cerv3', 'cerv2', 'cerv1', 'jaw', 'skull', 'thorax', 'clavicle', 'scapula', 'humerus', 'ulna', 'radius', 'clavicle_l', 'scapula_l', 'humerus_l', 'ulna_l', 'radius_l']
  BODY_AMPITUDE_VALUE: [0.38330534, 0.11688988, 0.27979052, 0.18767838, 0.12217734, 0.17559392, 0.25814359, 0.19320878, 0.09488225, 0.23721306, 0.3308586, 0.22396367, 0.08659548, 1e-06, 0.1634575, 0.18397586, 0.23942574, 0.23136499, 0.14410597, 0.14576365, 0.17185328, 0.18178275, 0.15676707, 0.19965802, 0.12167494, 0.14225374, 0.19253547, 0.08705724, 0.13519439, 0.09673029, 0.16227082, 0.25709417, 0.27539152, 0.21485549, 0.11401759, 0.22396367, 0.21485549, 0.1838405, 0.18214334, 0.43287996, 0.43287996, 0.13003099, 0.13036308, 0.2175328, 0.20085876, 0.30206298, 0.3034652, 0.2025831, 0.20302752, 0.1691131, 0.22653959]
  BODY_AVG_VALUE: [1.21267658, 1.19278473, 1.09221309, 0.82231784, 0.65399921, 0.86740023, 1.23414558, 1.13399419, 1.00263798, 1.01988775, 1.04674897, 0.92795962, 0.80902216, 0.94262153, 0.96230629, 0.95413619, 1.04046246, 1.03910667, 0.68939832, 0.71175453, 0.74281865, 0.76454479, 0.9076589, 1.02388528, 0.64942223, 0.89473501, 0.89226717, 0.61283192, 0.7215803, 0.68092433, 1.08504841, 1.17846495, 1.14104316, 1.14461103, 0.74801221, 0.92795962, 1.14461103, 0.89621243, 0.8843008, 1.13165459, 1.13165459, 0.73835266, 0.74087435, 1.07924646, 1.08077973, 1.01209745, 0.99989337, 1.0244289, 1.03203484, 0.82801554, 0.7559647]
  BODY_SCALE_MAPPING: [[0, 1, 2], [10, 3, 9], [10, 3, 9], [10, 3, 9], [10, 3, 9], [10, 3, 9], [10, 3, 9], [10, 4, 9], [10, 4, 9], [10, 5, 9], [10, 5, 9], [10, 6, 9], [10, 6, 9], [10, 6, 9], [10, 6, 9], [10, 6, 9], [10, 6, 9], [10, 6, 9], [11, 7, 9], [16, 14, 16], [20, 18, 20], [20, 18, 20], [22, 23, 24], [28, 30, 30], [17, 15, 17], [21, 19, 21], [21, 19, 21], [25, 26, 27], [29, 31, 31], [11, 7, 9], [11, 7, 9], [11, 7, 9], [11, 7, 9], [11, 7, 9], [11, 7, 9], [12, 8, 13], [12, 8, 13], [32, 33, 34], [37, 35, 41], [39, 36, 41], [45, 43, 45], [49, 47, 49], [49, 47, 49], [38, 35, 42], [40, 36, 42], [46, 44, 46], [50, 48, 50], [50, 48, 50]]
  BODY_SCALE_UNIQUE_NUMS: 51
  BODY_WEIGHTS: [[2.0, 2.0, 2.0], [1.0, 2.0, 1.0], [1.0, 2.0, 1.0], [1.0, 2.0, 1.0], [1.0, 2.0, 1.0], [1.0, 2.0, 1.0], [1.0, 2.0, 1.0], [1.0, 2.0, 1.0], [1.0, 2.0, 1.0], [1.0, 2.0, 1.0], [1.0, 2.0, 1.0], [1.0, 2.0, 1.0], [1.0, 2.0, 1.0], [1.0, 2.0, 1.0], [1.0, 2.0, 1.0], [1.0, 2.0, 1.0], [1.0, 2.0, 1.0], [1.0, 2.0, 1.0], [1.0, 2.0, 1.0], [1.0, 2.0, 1.0], [1.0, 2.0, 1.0], [1.0, 2.0, 1.0], [2.0, 1.0, 1.0], [2.0, 1.0, 1.0], [1.0, 2.0, 1.0], [1.0, 2.0, 1.0], [1.0, 2.0, 1.0], [2.0, 1.0, 1.0], [2.0, 1.0, 1.0], [1.0, 2.0, 1.0], [1.0, 2.0, 1.0], [1.0, 2.0, 1.0], [1.0, 2.0, 1.0], [1.0, 2.0, 1.0], [1.0, 2.0, 1.0], [1.0, 1.0, 2.0], [1.0, 1.0, 2.0], [2.0, 1.0, 1.0], [1.0, 1.0, 2.0], [1.0, 1.0, 2.0], [1.0, 2.0, 1.0], [1.0, 2.0, 1.0], [1.0, 2.0, 1.0], [1.0, 1.0, 2.0], [1.0, 1.0, 2.0], [1.0, 2.0, 1.0], [1.0, 2.0, 1.0], [1.0, 2.0, 1.0]]
  COORDINATES: ['L5_S1_FE', 'L5_S1_LB', 'L5_S1_AR', 'L4_L5_FE', 'L4_L5_LB', 'L4_L5_AR', 'T12_L1_FE', 'T12_L1_LB', 'T12_L1_AR', 'T11_T12_FE', 'T11_T12_LB', 'T11_T12_AR', 'T10_T11_FE', 'T10_T11_LB', 'T10_T11_AR', 'T9_T10_FE', 'T9_T10_LB', 'T9_T10_AR', 'T8_T9_FE', 'T8_T9_LB', 'T8_T9_AR', 'T1_T2_FE', 'T1_T2_LB', 'T1_T2_AR', 'T1_head_neck_FE', 'T1_head_neck_LB', 'T1_head_neck_AR', 'hip_flexion_r', 'hip_adduction_r', 'hip_rotation_r', 'knee_angle_r', 'knee_angle_y_r', 'knee_angle_x_r', 'ankle_angle_r', 'subtalar_angle_r', 'mtp_angle_r', 'hip_flexion_l', 'hip_adduction_l', 'hip_rotation_l', 'knee_angle_l', 'knee_angle_y_l', 'knee_angle_x_l', 'ankle_angle_l', 'subtalar_angle_l', 'mtp_angle_l', 'skull_z', 'skull_y', 'skull_x', 'sternoclavicular_r2', 'sternoclavicular_r3', 'acromioclavicular_r2', 'elv_angle', 'shoulder_elv', 'shoulder1_r2', 'shoulder_rot', 'elbow_flexion', 'elbow_x', 'pro_sup', 'sternoclavicular_r2_l', 'sternoclavicular_r3_l', 'acromioclavicular_r2_l', 'elv_angle_l', 'shoulder_elv_l', 'shoulder1_r2_l', 'shoulder_rot_l', 'elbow_flexion_l', 'elbow_x_l', 'pro_sup_l', 'ribs_bending']
  JOINTS: ['ground_pelvis', 'L5_S1_IVDjnt', 'L4_L5_IVDjnt', 'L3_L4_IVDjnt', 'L2_L3_IVDjnt', 'L1_L2_IVDjnt', 'T12_L1_IVDjnt', 'T11_T12_IVDjnt', 'T10_T11_IVDjnt', 'T9_T10_IVDjnt', 'T8_T9_IVDjnt', 'T7_T8_IVDjnt', 'T6_T7_IVDjnt', 'T5_T6_IVDjnt', 'T4_T5_IVDjnt', 'T3_T4_IVDjnt', 'T2_T3_IVDjnt', 'T1_T2_IVDjnt', 'T1_head_neck', 'hip_r', 'knee_r', 'ankle_r', 'subtalar_r', 'mtp_r', 'hip_l', 'knee_l', 'ankle_l', 'subtalar_l', 'mtp_l', 'C7_cerv6', 'C7_cerv5', 'C7_cerv4', 'C7_cerv3', 'C7_cerv2', 'C7_cerv1', 'skull_jaw', 'C7_skull', 'sternoclavicular', 'acromioclavicular', 'shoulder2', 'elbow', 'radioulnar', 'sternoclavicular_l', 'acromioclavicular_l', 'shoulder2_l', 'elbow_l', 'radioulnar_l', 'T1_rib']
  Joints_Inside_Cylinder_Body_LIST: [['ROOT', 'Torso'], ['RHIPJ', 'Torso'], ['LHIPJ', 'Torso'], ['Spine1', 'Torso'], ['Spine2', 'Torso'], ['Spine3', 'Torso'], ['LCOL', 'Torso'], ['RCOL', 'Torso'], ['NECK', 'Torso'], ['HEAD', 'HEAD'], ['RKNE', 'RightLeg'], ['RKNI', 'RightLeg'], ['LKNE', 'LeftLeg'], ['LKNI', 'LeftLeg'], ['LANK', 'LeftShrank'], ['RANK', 'RightShrank'], ['LANI', 'LeftShrank'], ['RANI', 'RightShrank'], ['RTOE', 'RightFOOT'], ['LTOE', 'LeftFOOT'], ['RMT1', 'RightFOOT'], ['LMT1', 'LeftFOOT'], ['RMT5', 'RightFOOT'], ['LMT5', 'LeftFOOT'], ['LELB', 'LeftArm'], ['RELB', 'RightArm'], ['LELBIN', 'LeftArm'], ['RELBIN', 'RightArm'], ['LIWR', 'LeftForearm'], ['RIWR', 'RightForearm'], ['LOWR', 'LeftForearm'], ['ROWR', 'RightForearm'], ['ground_pelvis', 'Torso'], ['L5_S1_IVDjnt', 'Torso'], ['L4_L5_IVDjnt', 'Torso'], ['L3_L4_IVDjnt', 'Torso'], ['L2_L3_IVDjnt', 'Torso'], ['L1_L2_IVDjnt', 'Torso'], ['T12_L1_IVDjnt', 'Torso'], ['T11_T12_IVDjnt', 'Torso'], ['T10_T11_IVDjnt', 'Torso'], ['T9_T10_IVDjnt', 'Torso'], ['T8_T9_IVDjnt', 'Torso'], ['T7_T8_IVDjnt', 'Torso'], ['T6_T7_IVDjnt', 'Torso'], ['T5_T6_IVDjnt', 'Torso'], ['T4_T5_IVDjnt', 'Torso'], ['T3_T4_IVDjnt', 'Torso'], ['T2_T3_IVDjnt', 'Torso'], ['T1_T2_IVDjnt', 'Torso'], ['T1_head_neck', 'HEAD'], ['hip_r', 'RightLeg'], ['knee_r', 'RightLeg'], ['ankle_r', 'RightShrank'], ['subtalar_r', 'RightShrank'], ['mtp_r', 'RightFOOT'], ['hip_l', 'LeftLeg'], ['knee_l', 'LeftLeg'], ['ankle_l', 'LeftShrank'], ['subtalar_l', 'LeftShrank'], ['mtp_l', 'LeftFOOT'], ['C7_cerv6', 'HEAD'], ['C7_cerv5', 'HEAD'], ['C7_cerv4', 'HEAD'], ['C7_cerv3', 'HEAD'], ['C7_cerv2', 'HEAD'], ['C7_cerv1', 'HEAD'], ['skull_jaw', 'HEAD'], ['C7_skull', 'HEAD'], ['sternoclavicular', 'RightArm'], ['acromioclavicular', 'RightArm'], ['shoulder2', 'RightArm'], ['elbow', 'RightArm'], ['radioulnar', 'RightForearm'], ['sternoclavicular_l', 'LeftArm'], ['acromioclavicular_l', 'LeftArm'], ['shoulder2_l', 'LeftArm'], ['elbow_l', 'LeftArm'], ['radioulnar_l', 'LeftForearm'], ['T1_rib', 'Torso'], ['radiocarpal', 'RightForearm'], ['radiocarpal_l', 'LeftForearm']]
  LEAFJOINTS: ['radiocarpal', 'radiocarpal_l']
  MARKER: ['ROOT', 'LHIPJ', 'RHIPJ', 'Spine1', 'LKJC', 'RKJC', 'Spine2', 'LAJC', 'RAJC', 'Spine3', 'LFOOT', 'RFOOT', 'NECK', 'LCOL', 'RCOL', 'HEAD', 'LSHOULDER', 'RSHOULDER', 'LELC', 'RELC', 'LWRIST', 'RWRIST', 'LPSI', 'RPSI', 'RASI', 'LASI', 'T12', 'T10', 'T8', 'T1', 'C7', 'RKNE', 'RKNI', 'LKNE', 'LKNI', 'LANK', 'RANK', 'LANI', 'RANI', 'LHEE', 'RHEE', 'RTOE', 'LTOE', 'RMT1', 'LMT1', 'RMT5', 'LMT5', 'LSHO', 'RSHO', 'STRN', 'CLAV', 'RCLAV', 'LCLAV', 'LELB', 'RELB', 'LELBIN', 'RELBIN', 'LIWR', 'RIWR', 'LOWR', 'ROWR', 'LFHD', 'RFHD', 'LBHD', 'RBHD']
  MIRROR_BONES: [0, 1, 2, 3, 4, 5, 6, 7, 8, 9, 10, 11, 12, 13, 14, 15, 16, 17, 18, 24, 25, 26, 27, 28, 19, 20, 21, 22, 23, 29, 30, 31, 32, 33, 34, 35, 36, 37, 43, 44, 45, 46, 47, 38, 39, 40, 41, 42]
  NUM_JOINTS: 50
  NUM_MARKERS: 65
  NUM_SMPL_JOINTS: 22
  POS_NAME: ['ground_pelvis', 'L5_S1_IVDjnt', 'L4_L5_IVDjnt', 'L3_L4_IVDjnt', 'L2_L3_IVDjnt', 'L1_L2_IVDjnt', 'T12_L1_IVDjnt', 'T11_T12_IVDjnt', 'T10_T11_IVDjnt', 'T9_T10_IVDjnt', 'T8_T9_IVDjnt', 'T7_T8_IVDjnt', 'T6_T7_IVDjnt', 'T5_T6_IVDjnt', 'T4_T5_IVDjnt', 'T3_T4_IVDjnt', 'T2_T3_IVDjnt', 'T1_T2_IVDjnt', 'T1_head_neck', 'hip_r', 'knee_r', 'ankle_r', 'subtalar_r', 'mtp_r', 'hip_l', 'knee_l', 'ankle_l', 'subtalar_l', 'mtp_l', 'C7_cerv6', 'C7_cerv5', 'C7_cerv4', 'C7_cerv3', 'C7_cerv2', 'C7_cerv1', 'skull_jaw', 'C7_skull', 'sternoclavicular', 'acromioclavicular', 'shoulder2', 'elbow', 'radioulnar', 'sternoclavicular_l', 'acromioclavicular_l', 'shoulder2_l', 'elbow_l', 'radioulnar_l', 'T1_rib', 'radiocarpal', 'radiocarpal_l', 'ROOT', 'LHIPJ', 'RHIPJ', 'Spine1', 'LKJC', 'RKJC', 'Spine2', 'LAJC', 'RAJC', 'Spine3', 'LFOOT', 'RFOOT', 'NECK', 'LCOL', 'RCOL', 'HEAD', 'LSHOULDER', 'RSHOULDER', 'LELC', 'RELC', 'LWRIST', 'RWRIST', 'LPSI', 'RPSI', 'RASI', 'LASI', 'T12', 'T10', 'T8', 'T1', 'C7', 'RKNE', 'RKNI', 'LKNE', 'LKNI', 'LANK', 'RANK', 'LANI', 'RANI', 'LHEE', 'RHEE', 'RTOE', 'LTOE', 'RMT1', 'LMT1', 'RMT5', 'LMT5', 'LSHO', 'RSHO', 'STRN', 'CLAV', 'RCLAV', 'LCLAV', 'LELB', 'RELB', 'LELBIN', 'RELBIN', 'LIWR', 'RIWR', 'LOWR', 'ROWR', 'LFHD', 'RFHD', 'LBHD', 'RBHD']
PROGRESSBAR: False
RESNETPATH: None
SEED: 100
STARTMODELPATH: None
TESTMODE: False
TEST_SUBJECTS: [2, 29, 19, 21, 51, 26, 7, 72, 77, 17, 65, 80, 6, 76, 10, 73, 13, 38]
TRAINING:
  AWARED_OCCLUSION:
    GT: False
    USE: False
  BATCHSIZE: 64
  COORDINATE_MAX_WEIGHT: 2
  END_LR: [3.33e-05, 1e-06]
  EPOCH: [28, 2]
  EVALUATION_BATCHSIZE: 64
  LOSS2D: False
  LOSSTYPE: 1
  MARKER_PREDICTION: True
  MARKER_TYPE: [10, 10, 10, 1, 1, 1, 1, 1, 1, 1, 20, 20, 10, 1, 1, 10, 0, 0, 1, 1, 1, 1, 20, 20, 20, 20, 10, 20, 10, 10, 20, 20, 20, 20, 20, 20, 20, 20, 20, 20, 20, 10, 10, 1, 1, 1, 1, 20, 20, 20, 20, 1, 1, 20, 20, 20, 20, 20, 20, 20, 20, 10, 10, 10, 10]
  MARKER_WEIGHT: [1.0, 1.0, 1.0, 0.1, 0.1, 0.1, 0.1, 0.1, 0.1, 0.1, 2.0, 2.0, 1.0, 0.1, 0.1, 1.0, 0.0, 0.0, 0.1, 0.1, 0.1, 0.1, 2.0, 2.0, 2.0, 2.0, 1.0, 2.0, 1.0, 1.0, 2.0, 2.0, 2.0, 2.0, 2.0, 2.0, 2.0, 2.0, 2.0, 2.0, 2.0, 1.0, 1.0, 0.1, 0.1, 0.1, 0.1, 2.0, 2.0, 2.0, 2.0, 0.1, 0.1, 2.0, 2.0, 2.0, 2.0, 2.0, 2.0, 2.0, 2.0, 1.0, 1.0, 1.0, 1.0]
  PCA: False
  PCA_COMPONENTS: 51
  START_LR: [0.0005, 3.33e-06]
  TRAINING_STEPS: 2
  USE_BODY_WEIGHTS: False
  USE_OS_SIMULATION: False
  VALID_BATCHSIZE: 64
TRAINING_SUBJECTS: [78, 59, 79, 44, 56, 88, 75, 61, 53, 47, 40, 41, 32, 70, 28, 39, 69, 11, 3, 90, 71, 54, 20, 85, 37, 34, 33, 46, 67, 63, 55, 36, 42, 50, 24, 35, 84, 45, 60, 16, 74, 82, 27, 89, 57, 5, 49, 22, 4, 66, 31, 83, 43, 48, 52, 68, 25, 9, 18, 1, 81, 58, 23, 62, 64, 8, 87]
VALID_SUBJECTS: [14, 86, 15, 30]
VALID_WORKERS: 16
WORKERS: 16
84900 training data, 21822 valid data, 100839 test data
layer3 uses center striding.
Use ResNet50 Next with center striding and Petrained model
Image size : (256, 256)
Training with lr from 0.0005 to 3.33e-05 in 28 epochs.
LR decay rate : 0.904534157262606
Evaluation : False
Train , Epoch 0 : : total loss : 0.4780860026992105   Marker : 0.3429552260926766   Joint : 0.1351307766121527   
Evaluation : True
/tudelft.net/staff-bulk/ewi/insy/VisionLab/students/wyang/miniconda/miniconda/lib/python3.8/site-packages/torch/nn/functional.py:718: UserWarning: Named tensors and all their associated APIs are an experimental feature and subject to change. Please do not use them for anything important until they are released as stable. (Triggered internally at  /opt/conda/conda-bld/pytorch_1623448278899/work/c10/core/TensorImpl.h:1156.)
  return torch.max_pool2d(input, kernel_size, stride, padding, dilation, ceil_mode)
Valid, Epoch 0 : : total loss : 0.21326171526953888   Marker : 0.1446334000479868   Joint : 0.06862831539636177   
Current LR:  [0.00045226707863130303]
Best Loss : 0.1446334000479868
Evaluation : False
Train , Epoch 1 : : total loss : 0.3319403874388647   Marker : 0.2385468085606893   Joint : 0.09339357896245802   
Evaluation : True
Valid, Epoch 1 : : total loss : 0.17796934550147853   Marker : 0.12076747023035567   Joint : 0.057201874823172995   
Current LR:  [0.00040909102082738646]
Best Loss : 0.12076747023035567
Evaluation : False
Train , Epoch 2 : : total loss : 0.2932288872687705   Marker : 0.2106576898046748   Joint : 0.0825711975511877   
Evaluation : True
Valid, Epoch 2 : : total loss : 0.16901815233675482   Marker : 0.1135904783289632   Joint : 0.05542767394223797   
Current LR:  [0.0003700368017677992]
Best Loss : 0.1135904783289632
Evaluation : False
Train , Epoch 3 : : total loss : 0.26621899233504476   Marker : 0.1914280506572932   Joint : 0.07479094144737919   
Evaluation : True
Valid, Epoch 3 : : total loss : 0.15261681044247025   Marker : 0.10463555721628733   Joint : 0.047981253062298834   
Current LR:  [0.00033471092664318623]
Best Loss : 0.10463555721628733
Evaluation : False
Train , Epoch 4 : : total loss : 0.2319217858496115   Marker : 0.16703772170646158   Joint : 0.0648840638818739   
Evaluation : True
Valid, Epoch 4 : : total loss : 0.14051266783328925   Marker : 0.09438995956205533   Joint : 0.04612270826030833   
Current LR:  [0.0003027574659577804]
Best Loss : 0.09438995956205533
Evaluation : False
Train , Epoch 5 : : total loss : 0.2150487723798234   Marker : 0.155060129928463   Joint : 0.05998864244293214   
Evaluation : True
Valid, Epoch 5 : : total loss : 0.1405819111134324   Marker : 0.09513958900464946   Joint : 0.04544232211970855   
Current LR:  [0.000273854469325083]
Evaluation : False
Train , Epoch 6 : : total loss : 0.20227887898368893   Marker : 0.14598725739512508   Joint : 0.05629162181893625   
Evaluation : True
Valid, Epoch 6 : : total loss : 0.1298580690392127   Marker : 0.08757451775639732   Joint : 0.04228355155595554   
Current LR:  [0.0002477107216235621]
Best Loss : 0.08757451775639732
Evaluation : False
Train , Epoch 7 : : total loss : 0.18672705722655286   Marker : 0.13490963191760433   Joint : 0.05181742538480288   
Evaluation : True
Valid, Epoch 7 : : total loss : 0.12598357496925   Marker : 0.08436385030084806   Joint : 0.04161972466840194   
Current LR:  [0.00022406280882868076]
Best Loss : 0.08436385030084806
Evaluation : False
Train , Epoch 8 : : total loss : 0.17655924812161544   Marker : 0.12772024419512684   Joint : 0.048839003822540084   
Evaluation : True
Valid, Epoch 8 : : total loss : 0.12273116372221823   Marker : 0.08219533584566058   Joint : 0.04053582790933448   
Current LR:  [0.00020267246395774314]
Best Loss : 0.08219533584566058
Evaluation : False
Train , Epoch 9 : : total loss : 0.1696213287488188   Marker : 0.12273384936344929   Joint : 0.04688747928703982   
Evaluation : True
Valid, Epoch 9 : : total loss : 0.11863956959675218   Marker : 0.07883112500059365   Joint : 0.0398084447381914   
Current LR:  [0.00018332416638635308]
Best Loss : 0.07883112500059365
Evaluation : False
Train , Epoch 10 : : total loss : 0.1621595131483373   Marker : 0.11740513067259868   Joint : 0.044754382818487794   
Evaluation : True
Valid, Epoch 10 : : total loss : 0.11403734003762235   Marker : 0.07674633760673405   Joint : 0.037291002594772395   
Current LR:  [0.00016582297034814964]
Best Loss : 0.07674633760673405
Evaluation : False
Train , Epoch 11 : : total loss : 0.15575195482593496   Marker : 0.11283326614226691   Joint : 0.042918688456105074   
Evaluation : True
Valid, Epoch 11 : : total loss : 0.11413453735534763   Marker : 0.07630219296523646   Joint : 0.03783234453214405   
Current LR:  [0.00014999254073864564]
Best Loss : 0.07630219296523646
Evaluation : False
Train , Epoch 12 : : total loss : 0.14966195747593408   Marker : 0.10846375864487967   Joint : 0.041198198724296475   
Evaluation : True
Valid, Epoch 12 : : total loss : 0.11200493320122111   Marker : 0.07486928990820066   Joint : 0.037135643445978944   
Current LR:  [0.00013567337643270792]
Best Loss : 0.07486928990820066
Evaluation : False
Train , Epoch 13 : : total loss : 0.14523201939814231   Marker : 0.10532151551448023   Joint : 0.0399105039145657   
Evaluation : True
Valid, Epoch 13 : : total loss : 0.11094967948124133   Marker : 0.07440011613408976   Joint : 0.036549563434556426   
Current LR:  [0.00012272120321453177]
Best Loss : 0.07440011613408976
Evaluation : False
Train , Epoch 14 : : total loss : 0.14142575452095782   Marker : 0.10260402822521478   Joint : 0.03882172609627427   
Evaluation : True
Valid, Epoch 14 : : total loss : 0.10761550788033315   Marker : 0.07196729228647543   Joint : 0.035648215566543705   
Current LR:  [0.0001110055201279095]
Best Loss : 0.07196729228647543
Evaluation : False
Train , Epoch 15 : : total loss : 0.13728505066774369   Marker : 0.09966997897215918   Joint : 0.037615071532638183   
Evaluation : True
Valid, Epoch 15 : : total loss : 0.10965100113494008   Marker : 0.07251429075981058   Joint : 0.037136710462534354   
Current LR:  [0.00010040828460039587]
Evaluation : False
Train , Epoch 16 : : total loss : 0.1341389338759815   Marker : 0.09740459316636282   Joint : 0.036734340586004215   
Evaluation : True
Valid, Epoch 16 : : total loss : 0.10780398212642983   Marker : 0.07161859152308525   Joint : 0.036185390461311695   
Current LR:  [9.082272309320297e-05]
Best Loss : 0.07161859152308525
Evaluation : False
Train , Epoch 17 : : total loss : 0.131142593566244   Marker : 0.09528886223405734   Joint : 0.035853731430516345   
Evaluation : True
Valid, Epoch 17 : : total loss : 0.10595704390185201   Marker : 0.07069957739228934   Joint : 0.03525746648771146   
Current LR:  [8.215225529340538e-05]
Best Loss : 0.07069957739228934
Evaluation : False
Train , Epoch 18 : : total loss : 0.12840420670166813   Marker : 0.09334512447677047   Joint : 0.03505908205773721   
Evaluation : True
Valid, Epoch 18 : : total loss : 0.10729535064560915   Marker : 0.07135562661390958   Joint : 0.03593972415734404   
Current LR:  [7.43095210090429e-05]
Evaluation : False
Train , Epoch 19 : : total loss : 0.12582509099403297   Marker : 0.09147641967931484   Joint : 0.03434867135826414   
Evaluation : True
Valid, Epoch 19 : : total loss : 0.1053766649919408   Marker : 0.07020508149358291   Joint : 0.03517158344372985   
Current LR:  [6.721549996250254e-05]
Best Loss : 0.07020508149358291
Evaluation : False
Train , Epoch 20 : : total loss : 0.12439605523445847   Marker : 0.09045259019593128   Joint : 0.03394346510314384   
Evaluation : True
Valid, Epoch 20 : : total loss : 0.10500860000091516   Marker : 0.06968311316894246   Joint : 0.03532548684289831   
Current LR:  [6.0798715613566956e-05]
Best Loss : 0.06968311316894246
Evaluation : False
Train , Epoch 21 : : total loss : 0.12223603072973757   Marker : 0.08893169060933824   Joint : 0.03330434005297327   
Evaluation : True
Valid, Epoch 21 : : total loss : 0.1038014466379491   Marker : 0.06899816680048489   Joint : 0.03480327969543132   
Current LR:  [5.499451499016663e-05]
Best Loss : 0.06899816680048489
Evaluation : False
Train , Epoch 22 : : total loss : 0.12003185746132158   Marker : 0.08734998691877628   Joint : 0.03268187057766305   
Evaluation : True
Valid, Epoch 22 : : total loss : 0.10397227677292921   Marker : 0.06901803018629207   Joint : 0.034954246559323124   
Current LR:  [4.974441727069613e-05]
Evaluation : False
Train , Epoch 23 : : total loss : 0.11860167086798681   Marker : 0.08633510308230624   Joint : 0.03226656775337224   
Evaluation : True
Valid, Epoch 23 : : total loss : 0.10428156774931852   Marker : 0.0690370164972081   Joint : 0.035244551159242764   
Current LR:  [4.4995524554468545e-05]
Evaluation : False
Train , Epoch 24 : : total loss : 0.11702171190561753   Marker : 0.08522039261361412   Joint : 0.03180131920210197   
Evaluation : True
Valid, Epoch 24 : : total loss : 0.10344317214821777   Marker : 0.06866214137915981   Joint : 0.03478103059424826   
Current LR:  [4.06999888834651e-05]
Best Loss : 0.06866214137915981
Evaluation : False
Train , Epoch 25 : : total loss : 0.11652260176489077   Marker : 0.08486303134201878   Joint : 0.03165957047625095   
Evaluation : True
Valid, Epoch 25 : : total loss : 0.10364256647218542   Marker : 0.06868439580111312   Joint : 0.03495817067107231   
Current LR:  [3.681453014530254e-05]
Evaluation : False
Train , Epoch 26 : : total loss : 0.11540067048116867   Marker : 0.08410276609106301   Joint : 0.03129790449686359   
Evaluation : True
Valid, Epoch 26 : : total loss : 0.10284143409330437   Marker : 0.06819807446283749   Joint : 0.03464335982712781   
Current LR:  [3.330000000000004e-05]
Best Loss : 0.06819807446283749
Evaluation : False
Train , Epoch 27 : : total loss : 0.11401115083114594   Marker : 0.08308981688268943   Joint : 0.03092133410016516   
Evaluation : True
Valid, Epoch 27 : : total loss : 0.10232019872388332   Marker : 0.06805065092054102   Joint : 0.034269547939912375   
Best Loss : 0.06805065092054102
Training with lr from 3.33e-06 to 1e-06 in 2 epochs.
LR decay rate : 0.3003003003003003
Evaluation : False
Train , Epoch 28 : : total loss : 0.11112817118947323   Marker : 0.08108070344968979   Joint : 0.030047467635834917   
Evaluation : True
Valid, Epoch 28 : : total loss : 0.10176366634804172   Marker : 0.06750900479244078   Joint : 0.03425466141356807   
Current LR:  [1e-06]
Best Loss : 0.06750900479244078
Evaluation : False
Train , Epoch 29 : : total loss : 0.11077796153128597   Marker : 0.08079214954852698   Joint : 0.029985811909714076   
Evaluation : True
Valid, Epoch 29 : : total loss : 0.1017826399087753   Marker : 0.06759087188949005   Joint : 0.034191768046599263   
Finished Training
Load  /tudelft.net/staff-bulk/ewi/insy/VisionLab/students/wyang/dataset/models/model_28_OS_ONLY_POSMARKER.pt
layer3 uses center striding.
Use ResNet50 Next with center striding and Petrained model
Image size : (256, 256)
Load Pose Estimation Model : /tudelft.net/staff-bulk/ewi/insy/VisionLab/students/wyang/dataset/models/model_28_OS_ONLY_POSMARKER.pt
 OS Joint error : 0.034254662692546844 , SMPLH Joint error : 0.0434509739279747 , Marker error : 0.04481479525566101 , BonyLandmark : 0.04500599205493927
 OS Joint error : 0.029473401606082916 , SMPLH Joint error : 0.03778361529111862 , Marker error : 0.03726842626929283 , BonyLandmark : 0.037383291870355606
 OS Joint error : 0.01712753064930439 , SMPLH Joint error : 0.029335184022784233 , Marker error : 0.025121651589870453 , BonyLandmark : 0.025703737512230873
