/home/nfs/weitseyang/.bashrc: line 20: dirname: command not found
/home/nfs/weitseyang/.bashrc: line 21: dirname: command not found
              total        used        free      shared  buff/cache   available
Mem:         385423        5058      373177          27        7187      379226
Swap:         11969           0       11969
Sat Jul 31 19:33:46 2021       
+-----------------------------------------------------------------------------+
| NVIDIA-SMI 470.57.02    Driver Version: 470.57.02    CUDA Version: 11.4     |
|-------------------------------+----------------------+----------------------+
| GPU  Name        Persistence-M| Bus-Id        Disp.A | Volatile Uncorr. ECC |
| Fan  Temp  Perf  Pwr:Usage/Cap|         Memory-Usage | GPU-Util  Compute M. |
|                               |                      |               MIG M. |
|===============================+======================+======================|
|   0  NVIDIA GeForce ...  On   | 00000000:1A:00.0 Off |                  N/A |
| 27%   29C    P8    10W / 250W |      1MiB / 11019MiB |      0%      Default |
|                               |                      |                  N/A |
+-------------------------------+----------------------+----------------------+
                                                                               
+-----------------------------------------------------------------------------+
| Processes:                                                                  |
|  GPU   GI   CI        PID   Type   Process name                  GPU Memory |
|        ID   ID                                                   Usage      |
|=============================================================================|
|  No running processes found                                                 |
+-----------------------------------------------------------------------------+
BML_FOLDER: /tudelft.net/staff-bulk/ewi/insy/VisionLab/students/wyang/dataset/HDF5/BML/
DATASET:
  ANTIALIAS:
    TEST: 1
    TRAIN: 1
  BBOX:
    PARTIAL_VISUALBILITY: False
  COLOR:
    AUG: True
  DATASETPERIMG: 2000
  GEOM:
    AUG: True
    HFLIP: False
    ROT: 20
    SCALE_DOWN: 25
    SCALE_UP: 25
    SHIFT_AUG: 10
  INTERPOLATION:
    TEST: nearest
    TRAIN: nearest
  OCCLUSION:
    PROB: 0.7
    SCALE: 0.8
  TRAINING_USEDEACHFRAME: 2
  USEDEACHFRAME: 1
EVAL_WORKERS: 16
HYP:
  ANGLE: 0.015
  BODY: 0.1
  INTERMEDIATE_MARKER: 1.5
  INTERMEDIATE_POS: 1.5
  MARKER: 2.0
  POS: 1.0
  ROTMAT: 0.1
  SY_BODY: 0.05
LAYER:
  OS_TRANSIT:
    ACT_TYPE: 1
    BN: False
LOSS:
  ANGLE:
    BETA: 5
    EVAL_TYPE: 1
    H: 0.1
    MASKMINVALUE: 0
    TYPE: 3
    USE: True
    USEMASK: True
  BODY:
    BETA: 0.05
    EVAL_TYPE: 1
    H: 0.1
    TYPE: 3
    USE: True
  MARKER:
    BETA: 0.02
    TYPE: 2
    USE: True
  POS:
    BETA: 0.02
    TYPE: 2
    USE: True
  ROTMAT:
    BETA: 0.02
    EVAL_TYPE: 1
    TYPE: 1
    USE: False
  SY_BODY:
    EVAL_TYPE: 1
    TYPE: 1
    USE: False
MODEL:
  CONV_CHANNEL_SIZE: [2048]
  CONV_LAYER: 1
  FULLCONV: True
  IMGSIZE: (256, 256)
  INTERMEDIATE_POSE_ESTIMATION: False
  METRIC_SCALE:
    BBOX_SIZE: 2.2
    DEPTH: 8
    EVAL_STRIDING: 4
    STRIDING: 32
  NUMPRED: 115
  NUM_PRED: 115
  RESNET:
    CENTER_STRIDING: True
    NEXT: True
    PRETRAINED: True
MODEL_FOLDER: /tudelft.net/staff-bulk/ewi/insy/VisionLab/students/wyang/dataset/models/
PASCAL_PATH: /tudelft.net/staff-bulk/ewi/insy/VisionLab/students/wyang/dataset/HDF5/PASCAL/pascal.hdf5
PCA_PATH: None
POSTFIX: OS_MARKER2_LOSS2
PREDICTION:
  BODY: ['pelvis', 'lumbar5', 'lumbar4', 'lumbar3', 'lumbar2', 'lumbar1', 'thoracic12', 'thoracic11', 'thoracic10', 'thoracic9', 'thoracic8', 'thoracic7', 'thoracic6', 'thoracic5', 'thoracic4', 'thoracic3', 'thoracic2', 'thoracic1', 'head_neck', 'femur_r', 'tibia_r', 'talus_r', 'calcn_r', 'toes_r', 'femur_l', 'tibia_l', 'talus_l', 'calcn_l', 'toes_l', 'cerv6', 'cerv5', 'cerv4', 'cerv3', 'cerv2', 'cerv1', 'jaw', 'skull', 'thorax', 'clavicle', 'scapula', 'humerus', 'ulna', 'radius', 'clavicle_l', 'scapula_l', 'humerus_l', 'ulna_l', 'radius_l']
  BODY_AMPITUDE_VALUE: [0.38330534, 0.11688988, 0.27979052, 0.18767838, 0.12217734, 0.17559392, 0.25814359, 0.19320878, 0.09488225, 0.23721306, 0.3308586, 0.22396367, 0.08659548, 1e-06, 0.1634575, 0.18397586, 0.23942574, 0.23136499, 0.14410597, 0.14576365, 0.17185328, 0.18178275, 0.15676707, 0.19965802, 0.12167494, 0.14225374, 0.19253547, 0.08705724, 0.13519439, 0.09673029, 0.16227082, 0.25709417, 0.27539152, 0.21485549, 0.11401759, 0.22396367, 0.21485549, 0.1838405, 0.18214334, 0.43287996, 0.43287996, 0.13003099, 0.13036308, 0.2175328, 0.20085876, 0.30206298, 0.3034652, 0.2025831, 0.20302752, 0.1691131, 0.22653959]
  BODY_AVG_VALUE: [1.21267658, 1.19278473, 1.09221309, 0.82231784, 0.65399921, 0.86740023, 1.23414558, 1.13399419, 1.00263798, 1.01988775, 1.04674897, 0.92795962, 0.80902216, 0.94262153, 0.96230629, 0.95413619, 1.04046246, 1.03910667, 0.68939832, 0.71175453, 0.74281865, 0.76454479, 0.9076589, 1.02388528, 0.64942223, 0.89473501, 0.89226717, 0.61283192, 0.7215803, 0.68092433, 1.08504841, 1.17846495, 1.14104316, 1.14461103, 0.74801221, 0.92795962, 1.14461103, 0.89621243, 0.8843008, 1.13165459, 1.13165459, 0.73835266, 0.74087435, 1.07924646, 1.08077973, 1.01209745, 0.99989337, 1.0244289, 1.03203484, 0.82801554, 0.7559647]
  BODY_SCALE_MAPPING: [[0, 1, 2], [10, 3, 9], [10, 3, 9], [10, 3, 9], [10, 3, 9], [10, 3, 9], [10, 3, 9], [10, 4, 9], [10, 4, 9], [10, 5, 9], [10, 5, 9], [10, 6, 9], [10, 6, 9], [10, 6, 9], [10, 6, 9], [10, 6, 9], [10, 6, 9], [10, 6, 9], [11, 7, 9], [16, 14, 16], [20, 18, 20], [20, 18, 20], [22, 23, 24], [28, 30, 30], [17, 15, 17], [21, 19, 21], [21, 19, 21], [25, 26, 27], [29, 31, 31], [11, 7, 9], [11, 7, 9], [11, 7, 9], [11, 7, 9], [11, 7, 9], [11, 7, 9], [12, 8, 13], [12, 8, 13], [32, 33, 34], [37, 35, 41], [39, 36, 41], [45, 43, 45], [49, 47, 49], [49, 47, 49], [38, 35, 42], [40, 36, 42], [46, 44, 46], [50, 48, 50], [50, 48, 50]]
  BODY_SCALE_UNIQUE_NUMS: 51
  BODY_WEIGHTS: [[2.0, 2.0, 2.0], [1.0, 2.0, 1.0], [1.0, 2.0, 1.0], [1.0, 2.0, 1.0], [1.0, 2.0, 1.0], [1.0, 2.0, 1.0], [1.0, 2.0, 1.0], [1.0, 2.0, 1.0], [1.0, 2.0, 1.0], [1.0, 2.0, 1.0], [1.0, 2.0, 1.0], [1.0, 2.0, 1.0], [1.0, 2.0, 1.0], [1.0, 2.0, 1.0], [1.0, 2.0, 1.0], [1.0, 2.0, 1.0], [1.0, 2.0, 1.0], [1.0, 2.0, 1.0], [1.0, 2.0, 1.0], [1.0, 2.0, 1.0], [1.0, 2.0, 1.0], [1.0, 2.0, 1.0], [2.0, 1.0, 1.0], [2.0, 1.0, 1.0], [1.0, 2.0, 1.0], [1.0, 2.0, 1.0], [1.0, 2.0, 1.0], [2.0, 1.0, 1.0], [2.0, 1.0, 1.0], [1.0, 2.0, 1.0], [1.0, 2.0, 1.0], [1.0, 2.0, 1.0], [1.0, 2.0, 1.0], [1.0, 2.0, 1.0], [1.0, 2.0, 1.0], [1.0, 1.0, 2.0], [1.0, 1.0, 2.0], [2.0, 1.0, 1.0], [1.0, 1.0, 2.0], [1.0, 1.0, 2.0], [1.0, 2.0, 1.0], [1.0, 2.0, 1.0], [1.0, 2.0, 1.0], [1.0, 1.0, 2.0], [1.0, 1.0, 2.0], [1.0, 2.0, 1.0], [1.0, 2.0, 1.0], [1.0, 2.0, 1.0]]
  COORDINATES: ['L5_S1_FE', 'L5_S1_LB', 'L5_S1_AR', 'L4_L5_FE', 'L4_L5_LB', 'L4_L5_AR', 'T12_L1_FE', 'T12_L1_LB', 'T12_L1_AR', 'T11_T12_FE', 'T11_T12_LB', 'T11_T12_AR', 'T10_T11_FE', 'T10_T11_LB', 'T10_T11_AR', 'T9_T10_FE', 'T9_T10_LB', 'T9_T10_AR', 'T8_T9_FE', 'T8_T9_LB', 'T8_T9_AR', 'T1_T2_FE', 'T1_T2_LB', 'T1_T2_AR', 'T1_head_neck_FE', 'T1_head_neck_LB', 'T1_head_neck_AR', 'hip_flexion_r', 'hip_adduction_r', 'hip_rotation_r', 'knee_angle_r', 'knee_angle_y_r', 'knee_angle_x_r', 'ankle_angle_r', 'subtalar_angle_r', 'mtp_angle_r', 'hip_flexion_l', 'hip_adduction_l', 'hip_rotation_l', 'knee_angle_l', 'knee_angle_y_l', 'knee_angle_x_l', 'ankle_angle_l', 'subtalar_angle_l', 'mtp_angle_l', 'skull_z', 'skull_y', 'skull_x', 'sternoclavicular_r2', 'sternoclavicular_r3', 'acromioclavicular_r2', 'elv_angle', 'shoulder_elv', 'shoulder1_r2', 'shoulder_rot', 'elbow_flexion', 'elbow_x', 'pro_sup', 'sternoclavicular_r2_l', 'sternoclavicular_r3_l', 'acromioclavicular_r2_l', 'elv_angle_l', 'shoulder_elv_l', 'shoulder1_r2_l', 'shoulder_rot_l', 'elbow_flexion_l', 'elbow_x_l', 'pro_sup_l', 'ribs_bending']
  JOINTS: ['ground_pelvis', 'L5_S1_IVDjnt', 'L4_L5_IVDjnt', 'L3_L4_IVDjnt', 'L2_L3_IVDjnt', 'L1_L2_IVDjnt', 'T12_L1_IVDjnt', 'T11_T12_IVDjnt', 'T10_T11_IVDjnt', 'T9_T10_IVDjnt', 'T8_T9_IVDjnt', 'T7_T8_IVDjnt', 'T6_T7_IVDjnt', 'T5_T6_IVDjnt', 'T4_T5_IVDjnt', 'T3_T4_IVDjnt', 'T2_T3_IVDjnt', 'T1_T2_IVDjnt', 'T1_head_neck', 'hip_r', 'knee_r', 'ankle_r', 'subtalar_r', 'mtp_r', 'hip_l', 'knee_l', 'ankle_l', 'subtalar_l', 'mtp_l', 'C7_cerv6', 'C7_cerv5', 'C7_cerv4', 'C7_cerv3', 'C7_cerv2', 'C7_cerv1', 'skull_jaw', 'C7_skull', 'sternoclavicular', 'acromioclavicular', 'shoulder2', 'elbow', 'radioulnar', 'sternoclavicular_l', 'acromioclavicular_l', 'shoulder2_l', 'elbow_l', 'radioulnar_l', 'T1_rib']
  Joints_Inside_Cylinder_Body_LIST: [['ROOT', 'Torso'], ['RHIPJ', 'Torso'], ['LHIPJ', 'Torso'], ['Spine1', 'Torso'], ['Spine2', 'Torso'], ['Spine3', 'Torso'], ['LCOL', 'Torso'], ['RCOL', 'Torso'], ['NECK', 'Torso'], ['HEAD', 'HEAD'], ['RKNE', 'RightLeg'], ['RKNI', 'RightLeg'], ['LKNE', 'LeftLeg'], ['LKNI', 'LeftLeg'], ['LANK', 'LeftShrank'], ['RANK', 'RightShrank'], ['LANI', 'LeftShrank'], ['RANI', 'RightShrank'], ['RTOE', 'RightFOOT'], ['LTOE', 'LeftFOOT'], ['RMT1', 'RightFOOT'], ['LMT1', 'LeftFOOT'], ['RMT5', 'RightFOOT'], ['LMT5', 'LeftFOOT'], ['LELB', 'LeftArm'], ['RELB', 'RightArm'], ['LELBIN', 'LeftArm'], ['RELBIN', 'RightArm'], ['LIWR', 'LeftForearm'], ['RIWR', 'RightForearm'], ['LOWR', 'LeftForearm'], ['ROWR', 'RightForearm'], ['ground_pelvis', 'Torso'], ['L5_S1_IVDjnt', 'Torso'], ['L4_L5_IVDjnt', 'Torso'], ['L3_L4_IVDjnt', 'Torso'], ['L2_L3_IVDjnt', 'Torso'], ['L1_L2_IVDjnt', 'Torso'], ['T12_L1_IVDjnt', 'Torso'], ['T11_T12_IVDjnt', 'Torso'], ['T10_T11_IVDjnt', 'Torso'], ['T9_T10_IVDjnt', 'Torso'], ['T8_T9_IVDjnt', 'Torso'], ['T7_T8_IVDjnt', 'Torso'], ['T6_T7_IVDjnt', 'Torso'], ['T5_T6_IVDjnt', 'Torso'], ['T4_T5_IVDjnt', 'Torso'], ['T3_T4_IVDjnt', 'Torso'], ['T2_T3_IVDjnt', 'Torso'], ['T1_T2_IVDjnt', 'Torso'], ['T1_head_neck', 'HEAD'], ['hip_r', 'RightLeg'], ['knee_r', 'RightLeg'], ['ankle_r', 'RightShrank'], ['subtalar_r', 'RightShrank'], ['mtp_r', 'RightFOOT'], ['hip_l', 'LeftLeg'], ['knee_l', 'LeftLeg'], ['ankle_l', 'LeftShrank'], ['subtalar_l', 'LeftShrank'], ['mtp_l', 'LeftFOOT'], ['C7_cerv6', 'HEAD'], ['C7_cerv5', 'HEAD'], ['C7_cerv4', 'HEAD'], ['C7_cerv3', 'HEAD'], ['C7_cerv2', 'HEAD'], ['C7_cerv1', 'HEAD'], ['skull_jaw', 'HEAD'], ['C7_skull', 'HEAD'], ['sternoclavicular', 'RightArm'], ['acromioclavicular', 'RightArm'], ['shoulder2', 'RightArm'], ['elbow', 'RightArm'], ['radioulnar', 'RightForearm'], ['sternoclavicular_l', 'LeftArm'], ['acromioclavicular_l', 'LeftArm'], ['shoulder2_l', 'LeftArm'], ['elbow_l', 'LeftArm'], ['radioulnar_l', 'LeftForearm'], ['T1_rib', 'Torso'], ['radiocarpal', 'RightForearm'], ['radiocarpal_l', 'LeftForearm']]
  LEAFJOINTS: ['radiocarpal', 'radiocarpal_l']
  MARKER: ['ROOT', 'LHIPJ', 'RHIPJ', 'Spine1', 'LKJC', 'RKJC', 'Spine2', 'LAJC', 'RAJC', 'Spine3', 'LFOOT', 'RFOOT', 'NECK', 'LCOL', 'RCOL', 'HEAD', 'LSHOULDER', 'RSHOULDER', 'LELC', 'RELC', 'LWRIST', 'RWRIST', 'LPSI', 'RPSI', 'RASI', 'LASI', 'T12', 'T10', 'T8', 'T1', 'C7', 'RKNE', 'RKNI', 'LKNE', 'LKNI', 'LANK', 'RANK', 'LANI', 'RANI', 'LHEE', 'RHEE', 'RTOE', 'LTOE', 'RMT1', 'LMT1', 'RMT5', 'LMT5', 'LSHO', 'RSHO', 'STRN', 'CLAV', 'RCLAV', 'LCLAV', 'LELB', 'RELB', 'LELBIN', 'RELBIN', 'LIWR', 'RIWR', 'LOWR', 'ROWR', 'LFHD', 'RFHD', 'LBHD', 'RBHD']
  MIRROR_BONES: [0, 1, 2, 3, 4, 5, 6, 7, 8, 9, 10, 11, 12, 13, 14, 15, 16, 17, 18, 24, 25, 26, 27, 28, 19, 20, 21, 22, 23, 29, 30, 31, 32, 33, 34, 35, 36, 37, 43, 44, 45, 46, 47, 38, 39, 40, 41, 42]
  NUM_JOINTS: 50
  NUM_MARKERS: 65
  NUM_SMPL_JOINTS: 22
  POS_NAME: ['ground_pelvis', 'L5_S1_IVDjnt', 'L4_L5_IVDjnt', 'L3_L4_IVDjnt', 'L2_L3_IVDjnt', 'L1_L2_IVDjnt', 'T12_L1_IVDjnt', 'T11_T12_IVDjnt', 'T10_T11_IVDjnt', 'T9_T10_IVDjnt', 'T8_T9_IVDjnt', 'T7_T8_IVDjnt', 'T6_T7_IVDjnt', 'T5_T6_IVDjnt', 'T4_T5_IVDjnt', 'T3_T4_IVDjnt', 'T2_T3_IVDjnt', 'T1_T2_IVDjnt', 'T1_head_neck', 'hip_r', 'knee_r', 'ankle_r', 'subtalar_r', 'mtp_r', 'hip_l', 'knee_l', 'ankle_l', 'subtalar_l', 'mtp_l', 'C7_cerv6', 'C7_cerv5', 'C7_cerv4', 'C7_cerv3', 'C7_cerv2', 'C7_cerv1', 'skull_jaw', 'C7_skull', 'sternoclavicular', 'acromioclavicular', 'shoulder2', 'elbow', 'radioulnar', 'sternoclavicular_l', 'acromioclavicular_l', 'shoulder2_l', 'elbow_l', 'radioulnar_l', 'T1_rib', 'radiocarpal', 'radiocarpal_l', 'ROOT', 'LHIPJ', 'RHIPJ', 'Spine1', 'LKJC', 'RKJC', 'Spine2', 'LAJC', 'RAJC', 'Spine3', 'LFOOT', 'RFOOT', 'NECK', 'LCOL', 'RCOL', 'HEAD', 'LSHOULDER', 'RSHOULDER', 'LELC', 'RELC', 'LWRIST', 'RWRIST', 'LPSI', 'RPSI', 'RASI', 'LASI', 'T12', 'T10', 'T8', 'T1', 'C7', 'RKNE', 'RKNI', 'LKNE', 'LKNI', 'LANK', 'RANK', 'LANI', 'RANI', 'LHEE', 'RHEE', 'RTOE', 'LTOE', 'RMT1', 'LMT1', 'RMT5', 'LMT5', 'LSHO', 'RSHO', 'STRN', 'CLAV', 'RCLAV', 'LCLAV', 'LELB', 'RELB', 'LELBIN', 'RELBIN', 'LIWR', 'RIWR', 'LOWR', 'ROWR', 'LFHD', 'RFHD', 'LBHD', 'RBHD']
PROGRESSBAR: False
RESNETPATH: None
SEED: 100
STARTMODELPATH: None
TESTMODE: False
TEST_SUBJECTS: [2, 29, 19, 21, 51, 26, 7, 72, 77, 17, 65, 80, 6, 76, 10, 73, 13, 38]
TRAINING:
  AWARED_OCCLUSION:
    GT: False
    USE: False
  BATCHSIZE: 64
  COORDINATE_MAX_WEIGHT: 2
  END_LR: [3.33e-05, 1e-06]
  EPOCH: [28, 2]
  EVALUATION_BATCHSIZE: 64
  LOSS2D: False
  LOSSTYPE: 1
  MARKER_PREDICTION: True
  MARKER_TYPE: [10, 10, 10, 1, 1, 1, 1, 1, 1, 1, 20, 20, 10, 1, 1, 10, 0, 0, 1, 1, 1, 1, 20, 20, 20, 20, 10, 20, 10, 10, 20, 20, 20, 20, 20, 20, 20, 20, 20, 20, 20, 10, 10, 1, 1, 1, 1, 20, 20, 20, 20, 1, 1, 20, 20, 20, 20, 20, 20, 20, 20, 10, 10, 10, 10]
  MARKER_WEIGHT: [1.0, 1.0, 1.0, 0.1, 0.1, 0.1, 0.1, 0.1, 0.1, 0.1, 2.0, 2.0, 1.0, 0.1, 0.1, 1.0, 0.0, 0.0, 0.1, 0.1, 0.1, 0.1, 2.0, 2.0, 2.0, 2.0, 1.0, 2.0, 1.0, 1.0, 2.0, 2.0, 2.0, 2.0, 2.0, 2.0, 2.0, 2.0, 2.0, 2.0, 2.0, 1.0, 1.0, 0.1, 0.1, 0.1, 0.1, 2.0, 2.0, 2.0, 2.0, 0.1, 0.1, 2.0, 2.0, 2.0, 2.0, 2.0, 2.0, 2.0, 2.0, 1.0, 1.0, 1.0, 1.0]
  PCA: False
  PCA_COMPONENTS: 51
  START_LR: [0.0005, 3.33e-06]
  TRAINING_STEPS: 2
  USE_BODY_WEIGHTS: False
  USE_OS_SIMULATION: False
  VALID_BATCHSIZE: 64
TRAINING_SUBJECTS: [78, 59, 79, 44, 56, 88, 75, 61, 53, 47, 40, 41, 32, 70, 28, 39, 69, 11, 3, 90, 71, 54, 20, 85, 37, 34, 33, 46, 67, 63, 55, 36, 42, 50, 24, 35, 84, 45, 60, 16, 74, 82, 27, 89, 57, 5, 49, 22, 4, 66, 31, 83, 43, 48, 52, 68, 25, 9, 18, 1, 81, 58, 23, 62, 64, 8, 87]
VALID_SUBJECTS: [14, 86, 15, 30]
VALID_WORKERS: 16
WORKERS: 16
84900 training data, 21822 valid data, 100839 test data
layer3 uses center striding.
Use ResNet50 Next with center striding and Petrained model
Image size : (256, 256)
Training with lr from 0.0005 to 3.33e-05 in 28 epochs.
LR decay rate : 0.904534157262606
Evaluation : False
Train , Epoch 0 : : total loss : 0.427840776730267   Marker : 0.28303856067752764   Joint : 0.08437581759277692   Angle : 0.04772540063317725   body : 0.012700997500190143   
Evaluation : True
/tudelft.net/staff-bulk/ewi/insy/VisionLab/students/wyang/miniconda/miniconda/lib/python3.8/site-packages/torch/nn/functional.py:718: UserWarning: Named tensors and all their associated APIs are an experimental feature and subject to change. Please do not use them for anything important until they are released as stable. (Triggered internally at  /opt/conda/conda-bld/pytorch_1623448278899/work/c10/core/TensorImpl.h:1156.)
  return torch.max_pool2d(input, kernel_size, stride, padding, dilation, ceil_mode)
Valid, Epoch 0 : : total loss : 0.3383867029374138   Marker : 0.1824560497980727   Joint : 0.06404749347007457   Angle : 0.07518610592865614   body : 0.016697053180673077   
Current LR:  [0.00045226707863130303]
Best Loss : 0.1824560497980727
Evaluation : False
Train , Epoch 1 : : total loss : 0.3068720867483684   Marker : 0.20139215597784538   Joint : 0.05939126953898422   Angle : 0.0360620941933059   body : 0.010026566611552334   
Evaluation : True
Valid, Epoch 1 : : total loss : 0.28634618674897   Marker : 0.14801283422852402   Joint : 0.05246104740460626   Angle : 0.07000772641216646   body : 0.015864578313082824   
Current LR:  [0.00040909102082738646]
Best Loss : 0.14801283422852402
Evaluation : False
Train , Epoch 2 : : total loss : 0.2682026956415824   Marker : 0.17598035837190723   Joint : 0.051751819533347905   Angle : 0.03241396957634756   body : 0.008056548956098936   
Evaluation : True
Valid, Epoch 2 : : total loss : 0.2671266255900093   Marker : 0.13763310609691118   Joint : 0.049629597110606695   Angle : 0.06579347801147313   body : 0.01407044338771375   
Current LR:  [0.0003700368017677992]
Best Loss : 0.13763310609691118
Evaluation : False
Train , Epoch 3 : : total loss : 0.23058115503277354   Marker : 0.15095871861119436   Joint : 0.044010426736750034   Angle : 0.028743786710633323   body : 0.006868222905013873   
Evaluation : True
Valid, Epoch 3 : : total loss : 0.24578142196729394   Marker : 0.12444308177544887   Joint : 0.043679341541378036   Angle : 0.06392289700445623   body : 0.013736101897299732   
Current LR:  [0.00033471092664318623]
Best Loss : 0.12444308177544887
Evaluation : False
Train , Epoch 4 : : total loss : 0.20710923236150008   Marker : 0.1355165553027778   Joint : 0.0392872855716229   Angle : 0.026174983485892617   body : 0.006130407974868451   
Evaluation : True
Valid, Epoch 4 : : total loss : 0.23856346557606   Marker : 0.1193845938963213   Joint : 0.044046556050438085   Angle : 0.061374021356565334   body : 0.013758294048760335   
Current LR:  [0.0003027574659577804]
Best Loss : 0.1193845938963213
Evaluation : False
Train , Epoch 5 : : total loss : 0.1972562118263446   Marker : 0.12935677420229932   Joint : 0.037406485075437285   Angle : 0.02473779429638053   body : 0.005755158202009076   
Evaluation : True
Valid, Epoch 5 : : total loss : 0.23404799516342398   Marker : 0.11722362582290898   Joint : 0.04277537185017605   Angle : 0.05993927497494921   body : 0.014109723017967628   
Current LR:  [0.000273854469325083]
Best Loss : 0.11722362582290898
Evaluation : False
Train , Epoch 6 : : total loss : 0.18062804695527837   Marker : 0.11836518801827417   Joint : 0.03403936292790719   Angle : 0.022928903720778486   body : 0.005294592363821683   
Evaluation : True
Valid, Epoch 6 : : total loss : 0.2251800351461474   Marker : 0.11038594055368071   Joint : 0.04103420109810461   Angle : 0.06008634214582173   body : 0.013673551012577948   
Current LR:  [0.0002477107216235621]
Best Loss : 0.11038594055368071
Evaluation : False
Train , Epoch 7 : : total loss : 0.17016065051023418   Marker : 0.1116360981090396   Joint : 0.031974420978281744   Angle : 0.021575173797144877   body : 0.004974957570984263   
Evaluation : True
Valid, Epoch 7 : : total loss : 0.22176408138385276   Marker : 0.10916591051157798   Joint : 0.041124907709830905   Angle : 0.05776264893452523   body : 0.013710614509253004   
Current LR:  [0.00022406280882868076]
Best Loss : 0.10916591051157798
Evaluation : False
Train , Epoch 8 : : total loss : 0.16218735132686693   Marker : 0.10653925311174328   Joint : 0.03039669881534073   Angle : 0.020503310415736466   body : 0.004748089158406051   
Evaluation : True
Valid, Epoch 8 : : total loss : 0.2170056120283651   Marker : 0.10637293663003926   Joint : 0.040052982519903385   Angle : 0.05712846714988571   body : 0.01345122529970672   
Current LR:  [0.00020267246395774314]
Best Loss : 0.10637293663003926
Evaluation : False
Train , Epoch 9 : : total loss : 0.15428334189688458   Marker : 0.10145688767167059   Joint : 0.028834015364178525   Angle : 0.019479905768560294   body : 0.004512533258757698   
Evaluation : True
Valid, Epoch 9 : : total loss : 0.21196323485152005   Marker : 0.10319596223636264   Joint : 0.03894978235605034   Angle : 0.05655788298040402   body : 0.013259607065653737   
Current LR:  [0.00018332416638635308]
Best Loss : 0.10319596223636264
Evaluation : False
Train , Epoch 10 : : total loss : 0.14841893249012947   Marker : 0.09772502446089215   Joint : 0.027726648060736974   Angle : 0.018639969550281042   body : 0.0043272904573755724   
Evaluation : True
Valid, Epoch 10 : : total loss : 0.20770254136005883   Marker : 0.10111727295869344   Joint : 0.03742912639215508   Angle : 0.05574450691923432   body : 0.013411634789521835   
Current LR:  [0.00016582297034814964]
Best Loss : 0.10111727295869344
Evaluation : False
Train , Epoch 11 : : total loss : 0.14198801646270365   Marker : 0.0935737400078306   Joint : 0.026454893349589805   Angle : 0.017822810473990924   body : 0.004136572532435854   
Evaluation : True
Valid, Epoch 11 : : total loss : 0.20826287152032763   Marker : 0.10146367081187734   Joint : 0.03782442823119326   Angle : 0.05592480222373209   body : 0.013049970504813884   
Current LR:  [0.00014999254073864564]
Evaluation : False
Train , Epoch 12 : : total loss : 0.13832895231867268   Marker : 0.09133057931204906   Joint : 0.02577592976683495   Angle : 0.01722187628171675   body : 0.004000567022161797   
Evaluation : True
Valid, Epoch 12 : : total loss : 0.20840951579375988   Marker : 0.1008803568471091   Joint : 0.03787195436699495   Angle : 0.05600748925475193   body : 0.013649715319441105   
Current LR:  [0.00013567337643270792]
Best Loss : 0.1008803568471091
Evaluation : False
Train , Epoch 13 : : total loss : 0.13340622453555623   Marker : 0.08812983780200305   Joint : 0.02482506023722716   Angle : 0.016581531203187564   body : 0.0038697953756651414   
Evaluation : True
Valid, Epoch 13 : : total loss : 0.20558480488348266   Marker : 0.09899501603439173   Joint : 0.037590531989947086   Angle : 0.05555321137569268   body : 0.013446044871617211   
Current LR:  [0.00012272120321453177]
Best Loss : 0.09899501603439173
Evaluation : False
Train , Epoch 14 : : total loss : 0.12958207658490625   Marker : 0.0857028838690949   Joint : 0.02406715320178826   Angle : 0.016060522501111077   body : 0.0037515170257299757   
Evaluation : True
Valid, Epoch 14 : : total loss : 0.20600076403935574   Marker : 0.099613251754709   Joint : 0.03751148946802466   Angle : 0.05490809717817274   body : 0.013967925936172125   
Current LR:  [0.0001110055201279095]
Evaluation : False
Train , Epoch 15 : : total loss : 0.12652675075341313   Marker : 0.08376731272354206   Joint : 0.023463678419825988   Angle : 0.015627158288794765   body : 0.0036686012604966378   
Evaluation : True
Valid, Epoch 15 : : total loss : 0.20359481627623632   Marker : 0.09790408461616802   Joint : 0.037058324034191514   Angle : 0.05502148827649028   body : 0.013610918819494618   
Current LR:  [0.00010040828460039587]
Best Loss : 0.09790408461616802
Evaluation : False
Train , Epoch 16 : : total loss : 0.12322854609151411   Marker : 0.08164999738537887   Joint : 0.02281322205357737   Angle : 0.01520224358341453   body : 0.0035630831353402896   
Evaluation : True
Valid, Epoch 16 : : total loss : 0.20245297894055242   Marker : 0.09665902272097601   Joint : 0.03697933947261013   Angle : 0.05506204945850346   body : 0.013752567326702433   
Current LR:  [9.082272309320297e-05]
Best Loss : 0.09665902272097601
Evaluation : False
Train , Epoch 17 : : total loss : 0.1202706111704602   Marker : 0.07977029011440133   Joint : 0.022221420043138266   Angle : 0.014799214065142346   body : 0.0034796869288146676   
Evaluation : True
Valid, Epoch 17 : : total loss : 0.2029084959581676   Marker : 0.09787567251161916   Joint : 0.036868731661553494   Angle : 0.05424685106084301   body : 0.013917241857683569   
Current LR:  [8.215225529340538e-05]
Evaluation : False
Train , Epoch 18 : : total loss : 0.11807914573255347   Marker : 0.07838722265593787   Joint : 0.021820310361368715   Angle : 0.014460770019258443   body : 0.003410842889662815   
Evaluation : True
Valid, Epoch 18 : : total loss : 0.20197848449453906   Marker : 0.09656800403023343   Joint : 0.03669761537402068   Angle : 0.05476620720414169   body : 0.013946657651242736   
Current LR:  [7.43095210090429e-05]
Best Loss : 0.09656800403023343
Evaluation : False
Train , Epoch 19 : : total loss : 0.11564034539335274   Marker : 0.07682255393689215   Joint : 0.021331593125979913   Angle : 0.014131773221074726   body : 0.003354425255846946   
Evaluation : True
Valid, Epoch 19 : : total loss : 0.19733714655310738   Marker : 0.09402751459361718   Joint : 0.03553043237998542   Angle : 0.05414107017169219   body : 0.01363812888065209   
Current LR:  [6.721549996250254e-05]
Best Loss : 0.09402751459361718
Evaluation : False
Train , Epoch 20 : : total loss : 0.1141164037616724   Marker : 0.07589646325436833   Joint : 0.021033258345905203   Angle : 0.013897900092436582   body : 0.0032887820210265695   
Evaluation : True
Valid, Epoch 20 : : total loss : 0.19943617909106048   Marker : 0.09497580059769282   Joint : 0.03581734210998434   Angle : 0.05471839712275974   body : 0.013924640298556171   
Current LR:  [6.0798715613566956e-05]
Evaluation : False
Train , Epoch 21 : : total loss : 0.11241761668617549   Marker : 0.07479922373415299   Joint : 0.020707031598154506   Angle : 0.013664502805017418   body : 0.0032468585625465055   
Evaluation : True
Valid, Epoch 21 : : total loss : 0.19782876924681364   Marker : 0.0937894026307288   Joint : 0.03547557739122859   Angle : 0.05468143448581858   body : 0.013882354105352514   
Current LR:  [5.499451499016663e-05]
Best Loss : 0.0937894026307288
Evaluation : False
Train , Epoch 22 : : total loss : 0.11082641895562635   Marker : 0.0738078070183595   Joint : 0.020392553148956948   Angle : 0.013427475739135596   body : 0.003198583220548894   
Evaluation : True
Valid, Epoch 22 : : total loss : 0.19766508404313343   Marker : 0.0936430542664156   Joint : 0.03549207305178373   Angle : 0.054771735320529584   body : 0.013758221672081879   
Current LR:  [4.974441727069613e-05]
Best Loss : 0.0936430542664156
Evaluation : False
Train , Epoch 23 : : total loss : 0.10923979061109268   Marker : 0.07278930366061752   Joint : 0.020068576829128677   Angle : 0.013217674084372964   body : 0.003164235927054987   
Evaluation : True
Valid, Epoch 23 : : total loss : 0.19664803260122862   Marker : 0.0927508718621533   Joint : 0.03542615013438964   Angle : 0.054705974074793655   body : 0.013765036101061988   
Current LR:  [4.4995524554468545e-05]
Best Loss : 0.0927508718621533
Evaluation : False
Train , Epoch 24 : : total loss : 0.10810420243561178   Marker : 0.07207068101099803   Joint : 0.01985858544162271   Angle : 0.01305563378795352   body : 0.003119302153598579   
Evaluation : True
Valid, Epoch 24 : : total loss : 0.1977097603765835   Marker : 0.09335803268875935   Joint : 0.03559586396194184   Angle : 0.05488893410187355   body : 0.013866929801549868   
Current LR:  [4.06999888834651e-05]
Evaluation : False
Train , Epoch 25 : : total loss : 0.10669868540575062   Marker : 0.07115522667282397   Joint : 0.019569398498171055   Angle : 0.01287610279634977   body : 0.0030979574255878455   
Evaluation : True
Valid, Epoch 25 : : total loss : 0.19753118545081916   Marker : 0.09337699427502849   Joint : 0.035517903031333536   Angle : 0.054510381632355526   body : 0.014125906345486128   
Current LR:  [3.681453014530254e-05]
Evaluation : False
Train , Epoch 26 : : total loss : 0.10558170934810358   Marker : 0.07044713511827035   Joint : 0.019344125757749624   Angle : 0.012729024619909164   body : 0.0030614237141617056   
Evaluation : True
Valid, Epoch 26 : : total loss : 0.19591072628100603   Marker : 0.09209369852675951   Joint : 0.03534761588259454   Angle : 0.05448948663988271   body : 0.013979925565000263   
Current LR:  [3.330000000000004e-05]
Best Loss : 0.09209369852675951
Evaluation : False
Train , Epoch 27 : : total loss : 0.10466994799752222   Marker : 0.06986927220016313   Joint : 0.019161997799836045   Angle : 0.012600853570721493   body : 0.00303782462732386   
Evaluation : True
Valid, Epoch 27 : : total loss : 0.19573469946882857   Marker : 0.0924945272694433   Joint : 0.03514321967952575   Angle : 0.05410186699883069   body : 0.013995085220574655   
Training with lr from 3.33e-06 to 1e-06 in 2 epochs.
LR decay rate : 0.3003003003003003
Evaluation : False
Train , Epoch 28 : : total loss : 0.10209198491605698   Marker : 0.06810367532456532   Joint : 0.018584457099673705   Angle : 0.01239637072657433   body : 0.0030074816533936072   
Evaluation : True
Valid, Epoch 28 : : total loss : 0.19437029944933715   Marker : 0.09146783332450614   Joint : 0.034857915467362   Angle : 0.054165021733614475   body : 0.013879529472866239   
Current LR:  [1e-06]
Best Loss : 0.09146783332450614
Evaluation : False
Train , Epoch 29 : : total loss : 0.10180872113501505   Marker : 0.06789555379258382   Joint : 0.01853814352441405   Angle : 0.012371681665026809   body : 0.0030033422936369325   
Evaluation : True
Valid, Epoch 29 : : total loss : 0.19429067634069977   Marker : 0.09149061935368166   Joint : 0.03478610129374302   Angle : 0.054050749496080276   body : 0.01396320615349239   
Finished Training
Load  /tudelft.net/staff-bulk/ewi/insy/VisionLab/students/wyang/dataset/models/model_28_OS_MARKER2_LOSS2.pt
layer3 uses center striding.
Use ResNet50 Next with center striding and Petrained model
Image size : (256, 256)
Load Pose Estimation Model : /tudelft.net/staff-bulk/ewi/insy/VisionLab/students/wyang/dataset/models/model_28_OS_MARKER2_LOSS2.pt
 OS Joint error : 0.034857917577028275 , SMPLH Joint error : 0.042658984661102295 , Marker error : 0.04553167521953583 , BonyLandmark : 0.045733921229839325
 OS Joint error : 0.029690006747841835 , SMPLH Joint error : 0.03638138622045517 , Marker error : 0.0376589335501194 , BonyLandmark : 0.03748784586787224
slurmstepd: error: *** JOB 6586618 ON influ1 CANCELLED AT 2021-08-01T20:33:45 DUE TO TIME LIMIT ***
slurmstepd: error: *** STEP 6586618.0 ON influ1 CANCELLED AT 2021-08-01T20:33:45 DUE TO TIME LIMIT ***
srun: Job step aborted: Waiting up to 32 seconds for job step to finish.
