/home/nfs/weitseyang/.bashrc: line 20: dirname: command not found
/home/nfs/weitseyang/.bashrc: line 21: dirname: command not found
              total        used        free      shared  buff/cache   available
Mem:         385423       19827      335167         600       30428      363882
Swap:         11969           0       11969
Sun Aug  1 15:59:35 2021       
+-----------------------------------------------------------------------------+
| NVIDIA-SMI 470.57.02    Driver Version: 470.57.02    CUDA Version: 11.4     |
|-------------------------------+----------------------+----------------------+
| GPU  Name        Persistence-M| Bus-Id        Disp.A | Volatile Uncorr. ECC |
| Fan  Temp  Perf  Pwr:Usage/Cap|         Memory-Usage | GPU-Util  Compute M. |
|                               |                      |               MIG M. |
|===============================+======================+======================|
|   0  NVIDIA GeForce ...  On   | 00000000:1B:00.0 Off |                  N/A |
| 27%   34C    P8     9W / 250W |      1MiB / 11019MiB |      0%      Default |
|                               |                      |                  N/A |
+-------------------------------+----------------------+----------------------+
                                                                               
+-----------------------------------------------------------------------------+
| Processes:                                                                  |
|  GPU   GI   CI        PID   Type   Process name                  GPU Memory |
|        ID   ID                                                   Usage      |
|=============================================================================|
|  No running processes found                                                 |
+-----------------------------------------------------------------------------+
BML_FOLDER: /tudelft.net/staff-bulk/ewi/insy/VisionLab/students/wyang/dataset/HDF5/BML/
DATASET:
  ANTIALIAS:
    TEST: 1
    TRAIN: 1
  BBOX:
    PARTIAL_VISUALBILITY: False
  COLOR:
    AUG: True
  DATASETPERIMG: 2000
  GEOM:
    AUG: True
    HFLIP: False
    ROT: 20
    SCALE_DOWN: 25
    SCALE_UP: 25
    SHIFT_AUG: 10
  INTERPOLATION:
    TEST: nearest
    TRAIN: nearest
  OCCLUSION:
    PROB: 0.7
    SCALE: 0.8
  TRAINING_USEDEACHFRAME: 2
  USEDEACHFRAME: 1
EVAL_WORKERS: 16
HYP:
  ANGLE: 0.01
  BODY: 0.1
  INTERMEDIATE_MARKER: 1.5
  INTERMEDIATE_POS: 1.5
  MARKER: 2.0
  POS: 1.0
  ROTMAT: 0.1
  SY_BODY: 0.05
LAYER:
  OS_TRANSIT:
    ACT_TYPE: 1
    BN: False
LOSS:
  ANGLE:
    BETA: 5
    EVAL_TYPE: 1
    H: 0.1
    MASKMINVALUE: 0
    TYPE: 3
    USE: True
    USEMASK: True
  BODY:
    BETA: 0.05
    EVAL_TYPE: 1
    H: 0.1
    TYPE: 3
    USE: True
  MARKER:
    BETA: 0.04
    TYPE: 2
    USE: True
  POS:
    BETA: 0.04
    TYPE: 2
    USE: True
  ROTMAT:
    BETA: 0.02
    EVAL_TYPE: 1
    TYPE: 1
    USE: False
  SY_BODY:
    EVAL_TYPE: 1
    TYPE: 1
    USE: False
LSTM:
  BIDIRECTIONAL: True
  DROPOUTPROB: 0.1
  HIDDEN_STATE: 256
  NUM_LAYERS: 3
MODEL:
  CAUSAL: False
  CONV_CHANNEL_SIZE: [2048]
  CONV_LAYER: 1
  FULLCONV: True
  IMGSIZE: (256, 256)
  INFEATURES: 567
  INTERMEDIATE_POSE_ESTIMATION: False
  METRIC_SCALE:
    BBOX_SIZE: 2.2
    DEPTH: 8
    EVAL_STRIDING: 4
    STRIDING: 32
  NUMPRED: 115
  NUM_PRED: 115
  OUTFEATURES: 126
  POS: True
  RECEPTIVE_FIELD: 243
  RESNET:
    CENTER_STRIDING: True
    NEXT: True
    PRETRAINED: True
  TYPE: 4
MODEL_FOLDER: /tudelft.net/staff-bulk/ewi/insy/VisionLab/students/wyang/dataset/models/
PASCAL_PATH: /tudelft.net/staff-bulk/ewi/insy/VisionLab/students/wyang/dataset/HDF5/PASCAL/pascal.hdf5
PCA_PATH: None
POSTFIX: OS_TEMPORAL_LSTM
PREDICTION:
  BODY: ['pelvis', 'lumbar5', 'lumbar4', 'lumbar3', 'lumbar2', 'lumbar1', 'thoracic12', 'thoracic11', 'thoracic10', 'thoracic9', 'thoracic8', 'thoracic7', 'thoracic6', 'thoracic5', 'thoracic4', 'thoracic3', 'thoracic2', 'thoracic1', 'head_neck', 'femur_r', 'tibia_r', 'talus_r', 'calcn_r', 'toes_r', 'femur_l', 'tibia_l', 'talus_l', 'calcn_l', 'toes_l', 'cerv6', 'cerv5', 'cerv4', 'cerv3', 'cerv2', 'cerv1', 'jaw', 'skull', 'thorax', 'clavicle', 'scapula', 'humerus', 'ulna', 'radius', 'clavicle_l', 'scapula_l', 'humerus_l', 'ulna_l', 'radius_l']
  BODY_AMPITUDE_VALUE: [0.38330534, 0.11688988, 0.27979052, 0.18767838, 0.12217734, 0.17559392, 0.25814359, 0.19320878, 0.09488225, 0.23721306, 0.3308586, 0.22396367, 0.08659548, 1e-06, 0.1634575, 0.18397586, 0.23942574, 0.23136499, 0.14410597, 0.14576365, 0.17185328, 0.18178275, 0.15676707, 0.19965802, 0.12167494, 0.14225374, 0.19253547, 0.08705724, 0.13519439, 0.09673029, 0.16227082, 0.25709417, 0.27539152, 0.21485549, 0.11401759, 0.22396367, 0.21485549, 0.1838405, 0.18214334, 0.43287996, 0.43287996, 0.13003099, 0.13036308, 0.2175328, 0.20085876, 0.30206298, 0.3034652, 0.2025831, 0.20302752, 0.1691131, 0.22653959]
  BODY_AVG_VALUE: [1.21267658, 1.19278473, 1.09221309, 0.82231784, 0.65399921, 0.86740023, 1.23414558, 1.13399419, 1.00263798, 1.01988775, 1.04674897, 0.92795962, 0.80902216, 0.94262153, 0.96230629, 0.95413619, 1.04046246, 1.03910667, 0.68939832, 0.71175453, 0.74281865, 0.76454479, 0.9076589, 1.02388528, 0.64942223, 0.89473501, 0.89226717, 0.61283192, 0.7215803, 0.68092433, 1.08504841, 1.17846495, 1.14104316, 1.14461103, 0.74801221, 0.92795962, 1.14461103, 0.89621243, 0.8843008, 1.13165459, 1.13165459, 0.73835266, 0.74087435, 1.07924646, 1.08077973, 1.01209745, 0.99989337, 1.0244289, 1.03203484, 0.82801554, 0.7559647]
  BODY_SCALE_MAPPING: [[0, 1, 2], [10, 3, 9], [10, 3, 9], [10, 3, 9], [10, 3, 9], [10, 3, 9], [10, 3, 9], [10, 4, 9], [10, 4, 9], [10, 5, 9], [10, 5, 9], [10, 6, 9], [10, 6, 9], [10, 6, 9], [10, 6, 9], [10, 6, 9], [10, 6, 9], [10, 6, 9], [11, 7, 9], [16, 14, 16], [20, 18, 20], [20, 18, 20], [22, 23, 24], [28, 30, 30], [17, 15, 17], [21, 19, 21], [21, 19, 21], [25, 26, 27], [29, 31, 31], [11, 7, 9], [11, 7, 9], [11, 7, 9], [11, 7, 9], [11, 7, 9], [11, 7, 9], [12, 8, 13], [12, 8, 13], [32, 33, 34], [37, 35, 41], [39, 36, 41], [45, 43, 45], [49, 47, 49], [49, 47, 49], [38, 35, 42], [40, 36, 42], [46, 44, 46], [50, 48, 50], [50, 48, 50]]
  BODY_SCALE_UNIQUE_NUMS: 51
  BODY_WEIGHTS: [[2.0, 2.0, 2.0], [1.0, 2.0, 1.0], [1.0, 2.0, 1.0], [1.0, 2.0, 1.0], [1.0, 2.0, 1.0], [1.0, 2.0, 1.0], [1.0, 2.0, 1.0], [1.0, 2.0, 1.0], [1.0, 2.0, 1.0], [1.0, 2.0, 1.0], [1.0, 2.0, 1.0], [1.0, 2.0, 1.0], [1.0, 2.0, 1.0], [1.0, 2.0, 1.0], [1.0, 2.0, 1.0], [1.0, 2.0, 1.0], [1.0, 2.0, 1.0], [1.0, 2.0, 1.0], [1.0, 2.0, 1.0], [1.0, 2.0, 1.0], [1.0, 2.0, 1.0], [1.0, 2.0, 1.0], [2.0, 1.0, 1.0], [2.0, 1.0, 1.0], [1.0, 2.0, 1.0], [1.0, 2.0, 1.0], [1.0, 2.0, 1.0], [2.0, 1.0, 1.0], [2.0, 1.0, 1.0], [1.0, 2.0, 1.0], [1.0, 2.0, 1.0], [1.0, 2.0, 1.0], [1.0, 2.0, 1.0], [1.0, 2.0, 1.0], [1.0, 2.0, 1.0], [1.0, 1.0, 2.0], [1.0, 1.0, 2.0], [2.0, 1.0, 1.0], [1.0, 1.0, 2.0], [1.0, 1.0, 2.0], [1.0, 2.0, 1.0], [1.0, 2.0, 1.0], [1.0, 2.0, 1.0], [1.0, 1.0, 2.0], [1.0, 1.0, 2.0], [1.0, 2.0, 1.0], [1.0, 2.0, 1.0], [1.0, 2.0, 1.0]]
  COORDINATES: ['L5_S1_FE', 'L5_S1_LB', 'L5_S1_AR', 'L4_L5_FE', 'L4_L5_LB', 'L4_L5_AR', 'T12_L1_FE', 'T12_L1_LB', 'T12_L1_AR', 'T11_T12_FE', 'T11_T12_LB', 'T11_T12_AR', 'T10_T11_FE', 'T10_T11_LB', 'T10_T11_AR', 'T9_T10_FE', 'T9_T10_LB', 'T9_T10_AR', 'T8_T9_FE', 'T8_T9_LB', 'T8_T9_AR', 'T1_T2_FE', 'T1_T2_LB', 'T1_T2_AR', 'T1_head_neck_FE', 'T1_head_neck_LB', 'T1_head_neck_AR', 'hip_flexion_r', 'hip_adduction_r', 'hip_rotation_r', 'knee_angle_r', 'knee_angle_y_r', 'knee_angle_x_r', 'ankle_angle_r', 'subtalar_angle_r', 'mtp_angle_r', 'hip_flexion_l', 'hip_adduction_l', 'hip_rotation_l', 'knee_angle_l', 'knee_angle_y_l', 'knee_angle_x_l', 'ankle_angle_l', 'subtalar_angle_l', 'mtp_angle_l', 'skull_z', 'skull_y', 'skull_x', 'sternoclavicular_r2', 'sternoclavicular_r3', 'acromioclavicular_r2', 'elv_angle', 'shoulder_elv', 'shoulder1_r2', 'shoulder_rot', 'elbow_flexion', 'elbow_x', 'pro_sup', 'sternoclavicular_r2_l', 'sternoclavicular_r3_l', 'acromioclavicular_r2_l', 'elv_angle_l', 'shoulder_elv_l', 'shoulder1_r2_l', 'shoulder_rot_l', 'elbow_flexion_l', 'elbow_x_l', 'pro_sup_l', 'ribs_bending']
  JOINTS: ['ground_pelvis', 'L5_S1_IVDjnt', 'L4_L5_IVDjnt', 'L3_L4_IVDjnt', 'L2_L3_IVDjnt', 'L1_L2_IVDjnt', 'T12_L1_IVDjnt', 'T11_T12_IVDjnt', 'T10_T11_IVDjnt', 'T9_T10_IVDjnt', 'T8_T9_IVDjnt', 'T7_T8_IVDjnt', 'T6_T7_IVDjnt', 'T5_T6_IVDjnt', 'T4_T5_IVDjnt', 'T3_T4_IVDjnt', 'T2_T3_IVDjnt', 'T1_T2_IVDjnt', 'T1_head_neck', 'hip_r', 'knee_r', 'ankle_r', 'subtalar_r', 'mtp_r', 'hip_l', 'knee_l', 'ankle_l', 'subtalar_l', 'mtp_l', 'C7_cerv6', 'C7_cerv5', 'C7_cerv4', 'C7_cerv3', 'C7_cerv2', 'C7_cerv1', 'skull_jaw', 'C7_skull', 'sternoclavicular', 'acromioclavicular', 'shoulder2', 'elbow', 'radioulnar', 'sternoclavicular_l', 'acromioclavicular_l', 'shoulder2_l', 'elbow_l', 'radioulnar_l', 'T1_rib']
  Joints_Inside_Cylinder_Body_LIST: [['ROOT', 'Torso'], ['RHIPJ', 'Torso'], ['LHIPJ', 'Torso'], ['Spine1', 'Torso'], ['Spine2', 'Torso'], ['Spine3', 'Torso'], ['LCOL', 'Torso'], ['RCOL', 'Torso'], ['NECK', 'Torso'], ['HEAD', 'HEAD'], ['RKNE', 'RightLeg'], ['RKNI', 'RightLeg'], ['LKNE', 'LeftLeg'], ['LKNI', 'LeftLeg'], ['LANK', 'LeftShrank'], ['RANK', 'RightShrank'], ['LANI', 'LeftShrank'], ['RANI', 'RightShrank'], ['RTOE', 'RightFOOT'], ['LTOE', 'LeftFOOT'], ['RMT1', 'RightFOOT'], ['LMT1', 'LeftFOOT'], ['RMT5', 'RightFOOT'], ['LMT5', 'LeftFOOT'], ['LELB', 'LeftArm'], ['RELB', 'RightArm'], ['LELBIN', 'LeftArm'], ['RELBIN', 'RightArm'], ['LIWR', 'LeftForearm'], ['RIWR', 'RightForearm'], ['LOWR', 'LeftForearm'], ['ROWR', 'RightForearm'], ['ground_pelvis', 'Torso'], ['L5_S1_IVDjnt', 'Torso'], ['L4_L5_IVDjnt', 'Torso'], ['L3_L4_IVDjnt', 'Torso'], ['L2_L3_IVDjnt', 'Torso'], ['L1_L2_IVDjnt', 'Torso'], ['T12_L1_IVDjnt', 'Torso'], ['T11_T12_IVDjnt', 'Torso'], ['T10_T11_IVDjnt', 'Torso'], ['T9_T10_IVDjnt', 'Torso'], ['T8_T9_IVDjnt', 'Torso'], ['T7_T8_IVDjnt', 'Torso'], ['T6_T7_IVDjnt', 'Torso'], ['T5_T6_IVDjnt', 'Torso'], ['T4_T5_IVDjnt', 'Torso'], ['T3_T4_IVDjnt', 'Torso'], ['T2_T3_IVDjnt', 'Torso'], ['T1_T2_IVDjnt', 'Torso'], ['T1_head_neck', 'HEAD'], ['hip_r', 'RightLeg'], ['knee_r', 'RightLeg'], ['ankle_r', 'RightShrank'], ['subtalar_r', 'RightShrank'], ['mtp_r', 'RightFOOT'], ['hip_l', 'LeftLeg'], ['knee_l', 'LeftLeg'], ['ankle_l', 'LeftShrank'], ['subtalar_l', 'LeftShrank'], ['mtp_l', 'LeftFOOT'], ['C7_cerv6', 'HEAD'], ['C7_cerv5', 'HEAD'], ['C7_cerv4', 'HEAD'], ['C7_cerv3', 'HEAD'], ['C7_cerv2', 'HEAD'], ['C7_cerv1', 'HEAD'], ['skull_jaw', 'HEAD'], ['C7_skull', 'HEAD'], ['sternoclavicular', 'RightArm'], ['acromioclavicular', 'RightArm'], ['shoulder2', 'RightArm'], ['elbow', 'RightArm'], ['radioulnar', 'RightForearm'], ['sternoclavicular_l', 'LeftArm'], ['acromioclavicular_l', 'LeftArm'], ['shoulder2_l', 'LeftArm'], ['elbow_l', 'LeftArm'], ['radioulnar_l', 'LeftForearm'], ['T1_rib', 'Torso'], ['radiocarpal', 'RightForearm'], ['radiocarpal_l', 'LeftForearm']]
  LEAFJOINTS: ['radiocarpal', 'radiocarpal_l']
  MARKER: ['ROOT', 'LHIPJ', 'RHIPJ', 'Spine1', 'LKJC', 'RKJC', 'Spine2', 'LAJC', 'RAJC', 'Spine3', 'LFOOT', 'RFOOT', 'NECK', 'LCOL', 'RCOL', 'HEAD', 'LSHOULDER', 'RSHOULDER', 'LELC', 'RELC', 'LWRIST', 'RWRIST', 'LPSI', 'RPSI', 'RASI', 'LASI', 'T12', 'T10', 'T8', 'T1', 'C7', 'RKNE', 'RKNI', 'LKNE', 'LKNI', 'LANK', 'RANK', 'LANI', 'RANI', 'LHEE', 'RHEE', 'RTOE', 'LTOE', 'RMT1', 'LMT1', 'RMT5', 'LMT5', 'LSHO', 'RSHO', 'STRN', 'CLAV', 'RCLAV', 'LCLAV', 'LELB', 'RELB', 'LELBIN', 'RELBIN', 'LIWR', 'RIWR', 'LOWR', 'ROWR', 'LFHD', 'RFHD', 'LBHD', 'RBHD']
  MIRROR_BONES: [0, 1, 2, 3, 4, 5, 6, 7, 8, 9, 10, 11, 12, 13, 14, 15, 16, 17, 18, 24, 25, 26, 27, 28, 19, 20, 21, 22, 23, 29, 30, 31, 32, 33, 34, 35, 36, 37, 43, 44, 45, 46, 47, 38, 39, 40, 41, 42]
  NUM_JOINTS: 50
  NUM_MARKERS: 65
  NUM_SMPL_JOINTS: 22
  POS_NAME: ['ground_pelvis', 'L5_S1_IVDjnt', 'L4_L5_IVDjnt', 'L3_L4_IVDjnt', 'L2_L3_IVDjnt', 'L1_L2_IVDjnt', 'T12_L1_IVDjnt', 'T11_T12_IVDjnt', 'T10_T11_IVDjnt', 'T9_T10_IVDjnt', 'T8_T9_IVDjnt', 'T7_T8_IVDjnt', 'T6_T7_IVDjnt', 'T5_T6_IVDjnt', 'T4_T5_IVDjnt', 'T3_T4_IVDjnt', 'T2_T3_IVDjnt', 'T1_T2_IVDjnt', 'T1_head_neck', 'hip_r', 'knee_r', 'ankle_r', 'subtalar_r', 'mtp_r', 'hip_l', 'knee_l', 'ankle_l', 'subtalar_l', 'mtp_l', 'C7_cerv6', 'C7_cerv5', 'C7_cerv4', 'C7_cerv3', 'C7_cerv2', 'C7_cerv1', 'skull_jaw', 'C7_skull', 'sternoclavicular', 'acromioclavicular', 'shoulder2', 'elbow', 'radioulnar', 'sternoclavicular_l', 'acromioclavicular_l', 'shoulder2_l', 'elbow_l', 'radioulnar_l', 'T1_rib', 'radiocarpal', 'radiocarpal_l', 'ROOT', 'LHIPJ', 'RHIPJ', 'Spine1', 'LKJC', 'RKJC', 'Spine2', 'LAJC', 'RAJC', 'Spine3', 'LFOOT', 'RFOOT', 'NECK', 'LCOL', 'RCOL', 'HEAD', 'LSHOULDER', 'RSHOULDER', 'LELC', 'RELC', 'LWRIST', 'RWRIST', 'LPSI', 'RPSI', 'RASI', 'LASI', 'T12', 'T10', 'T8', 'T1', 'C7', 'RKNE', 'RKNI', 'LKNE', 'LKNI', 'LANK', 'RANK', 'LANI', 'RANI', 'LHEE', 'RHEE', 'RTOE', 'LTOE', 'RMT1', 'LMT1', 'RMT5', 'LMT5', 'LSHO', 'RSHO', 'STRN', 'CLAV', 'RCLAV', 'LCLAV', 'LELB', 'RELB', 'LELBIN', 'RELBIN', 'LIWR', 'RIWR', 'LOWR', 'ROWR', 'LFHD', 'RFHD', 'LBHD', 'RBHD']
PROGRESSBAR: False
RESNETPATH: None
SEED: 100
STARTMODELPATH: None
TESTMODE: False
TEST_SUBJECTS: [2, 29, 19, 21, 51, 26, 7, 72, 77, 17, 65, 80, 6, 76, 10, 73, 13, 38]
TRAINING:
  AMSGRAD: False
  AWARED_OCCLUSION:
    GT: False
    USE: False
  BATCHSIZE: 128
  COORDINATE_MAX_WEIGHT: 2
  END_LR: [5e-06]
  END_MOMENTUM: 0.001
  EPOCH: [50]
  EVALUATION_BATCHSIZE: 128
  INITIAL_MOMENTUM: 0.1
  LOSS2D: False
  LOSSTYPE: 1
  MARKER_PREDICTION: True
  MARKER_TYPE: [10, 10, 10, 1, 1, 1, 1, 1, 1, 1, 20, 20, 10, 1, 1, 10, 0, 0, 1, 1, 1, 1, 20, 20, 20, 20, 10, 20, 10, 10, 20, 20, 20, 20, 20, 20, 20, 20, 20, 20, 20, 10, 10, 1, 1, 1, 1, 20, 20, 20, 20, 1, 1, 20, 20, 20, 20, 20, 20, 20, 20, 10, 10, 10, 10]
  MARKER_WEIGHT: [1.0, 1.0, 1.0, 0.1, 0.1, 0.1, 0.1, 0.1, 0.1, 0.1, 2.0, 2.0, 1.0, 0.1, 0.1, 1.0, 0.0, 0.0, 0.1, 0.1, 0.1, 0.1, 2.0, 2.0, 2.0, 2.0, 1.0, 2.0, 1.0, 1.0, 2.0, 2.0, 2.0, 2.0, 2.0, 2.0, 2.0, 2.0, 2.0, 2.0, 2.0, 1.0, 1.0, 0.1, 0.1, 0.1, 0.1, 2.0, 2.0, 2.0, 2.0, 0.1, 0.1, 2.0, 2.0, 2.0, 2.0, 2.0, 2.0, 2.0, 2.0, 1.0, 1.0, 1.0, 1.0]
  PCA: False
  PCA_COMPONENTS: 51
  START_LR: [0.001]
  TRAINING_STEPS: 1
  USE_BODY_WEIGHTS: False
  USE_OS_SIMULATION: False
  VALID_BATCHSIZE: 64
TRAINING_SUBJECTS: [78, 59, 79, 44, 56, 88, 75, 61, 53, 47, 40, 41, 32, 70, 28, 39, 69, 11, 3, 90, 71, 54, 20, 85, 37, 34, 33, 46, 67, 63, 55, 36, 42, 50, 24, 35, 84, 45, 60, 16, 74, 82, 27, 89, 57, 5, 49, 22, 4, 66, 31, 83, 43, 48, 52, 68, 25, 9, 18, 1, 81, 58, 23, 62, 64, 8, 87]
TRANSFORMER:
  BATCHNORM: False
  DROPOUT: False
  D_CHANNEL: 512
  D_MODEL: 256
  N1: 3
  N_HEADS: 8
  POS_ENCODNIG_EVERY_BLOCK: False
  STRIDES: [3, 9, 9]
VALID_SUBJECTS: [14, 86, 15, 30]
VALID_WORKERS: 16
WORKERS: 16
83696 training data, 21822 valid data, 100839 test data
Use LSTM, Receptive Field : 243
LR starts from 0.001, LR decay rate : 0.9013257213104922
Evaluation : False
Train , Epoch 0 : : total loss : 0.5730759823669154   marker : 0.20433313420090887   pose : 0.057906583513476946   angle : 0.028747987201805318   body : 0.010623874480780471   inter pose : 0.0527827674194965   inter marker : 0.18382969322923862   inter angle : 0.02433101343530106   inter body : 0.010520926576141969   
Evaluation : True
Valid, Epoch 0 : : total loss : 0.39202381917530277   marker : 0.10716724159758859   pose : 0.038799069441486894   angle : 0.04264170307798878   body : 0.014597831861901356   inter pose : 0.03639077722900631   inter marker : 0.0991901238278632   inter angle : 0.0389648452926956   inter body : 0.014272231367241614   
Current LR:  [0.0009013257213104922]
Best Loss : 0.10716724159758859
Evaluation : False
Train , Epoch 1 : : total loss : 0.24127593052332472   marker : 0.08393548617273523   pose : 0.022716833224340382   angle : 0.01366799557652855   body : 0.004671721925294372   inter pose : 0.021451323080642484   inter marker : 0.07857134424800347   inter angle : 0.011640497289346973   inter body : 0.0046207298282933225   
Evaluation : True
Valid, Epoch 1 : : total loss : 0.3549896985273315   marker : 0.09460601189562386   pose : 0.035851724817973316   angle : 0.03808938563225108   body : 0.014140761105630326   inter pose : 0.03408225659281357   inter marker : 0.08890803279147752   inter angle : 0.03533402323755616   inter body : 0.013977502074340844   
Current LR:  [0.000812388055895879]
Best Loss : 0.09460601189562386
Evaluation : False
Train , Epoch 2 : : total loss : 0.20515622999547634   marker : 0.07179196441337854   pose : 0.01943436165726751   angle : 0.0106189721256814   body : 0.003816938310131362   inter pose : 0.018528587565647514   inter marker : 0.06805484201103038   inter angle : 0.00911305900834284   inter body : 0.003797505233097382   
Evaluation : True
Valid, Epoch 2 : : total loss : 0.35028114507642133   marker : 0.09432308270266748   pose : 0.03501940513223112   angle : 0.0364727182159305   body : 0.014416615553381201   inter pose : 0.033101600158903975   inter marker : 0.08882160945441675   inter angle : 0.03386210574750644   inter body : 0.0142640090673744   
Current LR:  [0.0007322262504643815]
Best Loss : 0.09432308270266748
Evaluation : False
Train , Epoch 3 : : total loss : 0.19077280579080624   marker : 0.06702460462133333   pose : 0.018093083398972865   angle : 0.009472824410630952   body : 0.003480224929690064   inter pose : 0.017298714065236847   inter marker : 0.06379778436164031   inter angle : 0.008137225056463599   inter body : 0.003468344915461417   
Evaluation : True
Valid, Epoch 3 : : total loss : 0.3471123754196999   marker : 0.09252014399208515   pose : 0.0351573029662258   angle : 0.03603494878584846   body : 0.014692933957000534   inter pose : 0.03352077076562045   inter marker : 0.08710516612434265   inter angle : 0.03345652587384726   inter body : 0.014624581130153372   
Current LR:  [0.0006599743533622857]
Best Loss : 0.09252014399208515
Evaluation : False
Train , Epoch 4 : : total loss : 0.1814652416187625   marker : 0.06398925052850206   pose : 0.01717620437528373   angle : 0.008801312195094356   body : 0.0032346987644721044   inter pose : 0.016441327941876367   inter marker : 0.061021234748876475   inter angle : 0.0075704154870822275   inter body : 0.0032307983780419523   
Evaluation : True
Valid, Epoch 4 : : total loss : 0.34444408995368153   marker : 0.09114949004633291   pose : 0.03466833951044734   angle : 0.036312554509947186   body : 0.014541336221291137   inter pose : 0.03315348138338092   inter marker : 0.08619283688034521   inter angle : 0.03388832641580935   inter body : 0.014537725313895673   
Current LR:  [0.0005948518600906879]
Best Loss : 0.09114949004633291
Evaluation : False
Train , Epoch 5 : : total loss : 0.17496567873275665   marker : 0.06189885736652757   pose : 0.016571798605721725   angle : 0.00828266471473195   body : 0.003048035121490041   inter pose : 0.015877390006531433   inter marker : 0.05910965556116236   inter angle : 0.00713111408508367   inter body : 0.003046163969999821   
Evaluation : True
Valid, Epoch 5 : : total loss : 0.3418889613409832   marker : 0.08983327658276283   pose : 0.03453835534433234   angle : 0.03637279678402763   body : 0.014791403752769147   inter pose : 0.03299639099580144   inter marker : 0.08463001447881616   inter angle : 0.03387096770337867   inter body : 0.014855758239298406   
Current LR:  [0.0005361552818691272]
Best Loss : 0.08983327658276283
Evaluation : False
Train , Epoch 6 : : total loss : 0.16929290563461427   marker : 0.06006692981441572   pose : 0.01603231997518682   angle : 0.007851673256617273   body : 0.0028852642703499033   inter pose : 0.015369549126950467   inter marker : 0.05743376176467716   inter angle : 0.006763192162539519   inter body : 0.0028902152638774006   
Evaluation : True
Valid, Epoch 6 : : total loss : 0.3399882985673481   marker : 0.08915073879697498   pose : 0.03428467670879796   angle : 0.03663426766025409   body : 0.014459873177742786   inter pose : 0.032637927842701774   inter marker : 0.08399092686754264   inter angle : 0.03433330524919363   inter body : 0.01449658371724585   
Current LR:  [0.0004832505461651213]
Best Loss : 0.08915073879697498
Evaluation : False
Train , Epoch 7 : : total loss : 0.16470645123930108   marker : 0.058584459930384504   pose : 0.01557300967031699   angle : 0.007492948700010685   body : 0.002748705823955684   inter pose : 0.014958630652547704   inter marker : 0.05612546820507298   inter angle : 0.006464794412209648   inter body : 0.0027584347080233953   
Evaluation : True
Valid, Epoch 7 : : total loss : 0.3411236319770495   marker : 0.08936053941125514   pose : 0.03430428911157887   angle : 0.036411339274554935   body : 0.014850454477502996   inter pose : 0.032873586427934906   inter marker : 0.08449787215585178   inter angle : 0.03394766002907105   inter body : 0.014877891138465035   
Current LR:  [0.0004355661470959672]
Evaluation : False
Train , Epoch 8 : : total loss : 0.16084925113830595   marker : 0.05735016410534269   pose : 0.01520772631156043   angle : 0.007180347779814217   body : 0.002625840787018491   inter pose : 0.014624305055184349   inter marker : 0.05500933015647745   inter angle : 0.0062083185822981056   inter body : 0.0026432181670006712   
Evaluation : True
Valid, Epoch 8 : : total loss : 0.3369336191603379   marker : 0.08824747590509106   pose : 0.03416297700378681   angle : 0.035943640413582355   body : 0.014624322346244261   inter pose : 0.0326088743176625   inter marker : 0.08321895272471096   inter angle : 0.033499254313739804   inter body : 0.014628123913662602   
Current LR:  [0.00039258697170970456]
Best Loss : 0.08824747590509106
Evaluation : False
Train , Epoch 9 : : total loss : 0.15723152549945923   marker : 0.05616436221538423   pose : 0.01483580620836746   angle : 0.006908356346857447   body : 0.002521622189353427   inter pose : 0.014293619658324474   inter marker : 0.05398140108900267   inter angle : 0.00598058191371959   inter body : 0.0025457765423560126   
Evaluation : True
Valid, Epoch 9 : : total loss : 0.33987124371994054   marker : 0.0889144210152901   pose : 0.034444134161743495   angle : 0.0364058323101407   body : 0.014559534260643445   inter pose : 0.03293430262203669   inter marker : 0.08402643307747124   inter angle : 0.034010012343631046   inter body : 0.01457657493140824   
Current LR:  [0.00035384873545335125]
Evaluation : False
Train , Epoch 10 : : total loss : 0.1539557481250208   marker : 0.05507443063702737   pose : 0.01449395904451563   angle : 0.0066715543640415206   body : 0.002438564309893122   inter pose : 0.013991394003205697   inter marker : 0.05303083735576632   inter angle : 0.005786125136719044   inter body : 0.0024688841616749124   
Evaluation : True
Valid, Epoch 10 : : total loss : 0.33479010673133475   marker : 0.08727068436068211   pose : 0.03360516966432647   angle : 0.03653206878573306   body : 0.014392204793691963   inter pose : 0.03210080114624566   inter marker : 0.08238368499356594   inter angle : 0.03413571086422397   inter body : 0.014369782259435639   
Current LR:  [0.0003189329667172973]
Best Loss : 0.08727068436068211
Evaluation : False
Train , Epoch 11 : : total loss : 0.15113183876548025   marker : 0.054113078069449566   pose : 0.014202580764421916   angle : 0.006463507730171518   body : 0.002371898595925426   inter pose : 0.013743796923510148   inter marker : 0.052215046849769256   inter angle : 0.005615531663719856   inter body : 0.002406399144404561   
Evaluation : True
Valid, Epoch 11 : : total loss : 0.3355028524635671   marker : 0.08765676095651538   pose : 0.03354145018495677   angle : 0.03654265270455163   body : 0.014501593667638585   inter pose : 0.03196653913549144   inter marker : 0.08267225553589315   inter angle : 0.034146521238082816   inter body : 0.014475079788841343   
Current LR:  [0.0002874624862761632]
Evaluation : False
Train , Epoch 12 : : total loss : 0.14850208530656048   marker : 0.05321304751117963   pose : 0.013927921823940452   angle : 0.006280017357781689   body : 0.0023137078742435343   inter pose : 0.013500178673491452   inter marker : 0.05145006480228846   inter angle : 0.005464520545000321   inter body : 0.00235262677532722   
Evaluation : True
Valid, Epoch 12 : : total loss : 0.33748954424728295   marker : 0.08778682310960763   pose : 0.03412554661979182   angle : 0.03638599622742348   body : 0.014884343981775636   inter pose : 0.03263842758539343   inter marker : 0.08288440179042555   inter angle : 0.033944539708709226   inter body : 0.014839465835990133   
Current LR:  [0.00025909733279257026]
Evaluation : False
Train , Epoch 13 : : total loss : 0.1460838836787488   marker : 0.05239044073370113   pose : 0.013670874373048864   angle : 0.006106562995898093   body : 0.0022701020666311108   inter pose : 0.013271218991537463   inter marker : 0.05073844625473387   inter angle : 0.00532649654558479   inter body : 0.002309742280970945   
Evaluation : True
Valid, Epoch 13 : : total loss : 0.3355248082122229   marker : 0.0874445235387246   pose : 0.03388232636786045   angle : 0.03633732235668757   body : 0.014536858293293662   inter pose : 0.032283677062546014   inter marker : 0.08250084293499382   inter angle : 0.03401742696259507   inter body : 0.014521829447271232   
Current LR:  [0.00023353109036888803]
Evaluation : False
Train , Epoch 14 : : total loss : 0.14382618499112532   marker : 0.05157896543169825   pose : 0.013413961834144447   angle : 0.0059577560032308555   body : 0.0022318823844947456   inter pose : 0.013072689791219979   inter marker : 0.05008980563940169   inter angle : 0.005207222583311486   inter body : 0.002273900924638416   
Evaluation : True
Valid, Epoch 14 : : total loss : 0.3370252351758242   marker : 0.08778708176240946   pose : 0.03380390147045808   angle : 0.03649840932009955   body : 0.014813465362355139   inter pose : 0.032303860579541266   inter marker : 0.08287345778547693   inter angle : 0.03415070700171276   inter body : 0.014794352806059143   
Current LR:  [0.00021048757847516372]
Evaluation : False
Train , Epoch 15 : : total loss : 0.14195490250817486   marker : 0.05095000612973072   pose : 0.013216919916044425   angle : 0.00582064272747425   body : 0.0021989031892361128   inter pose : 0.012889723841152275   inter marker : 0.04953657259528524   inter angle : 0.005099421699358803   inter body : 0.0022427126651866558   
Evaluation : True
Valid, Epoch 15 : : total loss : 0.3366956558730991   marker : 0.08740739859097732   pose : 0.034080967786451734   angle : 0.036535663332033196   body : 0.01459024840408149   inter pose : 0.03260642883922055   inter marker : 0.0826755650331268   inter angle : 0.034206259142477366   inter body : 0.0145931252008747   
Current LR:  [0.00018971786849602577]
Evaluation : False
Train , Epoch 16 : : total loss : 0.14007185132543673   marker : 0.05026059156172491   pose : 0.012997110608172179   angle : 0.005698835418757856   body : 0.002173827796358655   inter pose : 0.01271954461201957   inter marker : 0.04900089057467615   inter angle : 0.0050028595626981755   inter body : 0.0022181916691699447   
Evaluation : True
Valid, Epoch 16 : : total loss : 0.3362120324275461   marker : 0.08758965642934496   pose : 0.03393306049108833   angle : 0.036339604868787026   body : 0.014606981030110095   inter pose : 0.03236917519742021   inter marker : 0.08276713076897321   inter angle : 0.033987935189638795   inter body : 0.014618490563556873   
Current LR:  [0.00017099759466766953]
Evaluation : False
Train , Epoch 17 : : total loss : 0.13852764536009082   marker : 0.04972475491019157   pose : 0.01283281838170511   angle : 0.005595830603606805   body : 0.002150994244888767   inter pose : 0.012575190157770746   inter marker : 0.04853236694659062   inter angle : 0.004919060554418137   inter body : 0.002196629707463325   
Evaluation : True
Valid, Epoch 17 : : total loss : 0.3368014988633957   marker : 0.08744489181905933   pose : 0.03405710321420623   angle : 0.036504281418273915   body : 0.014673359370474176   inter pose : 0.03258033303967122   inter marker : 0.08277660635059361   inter angle : 0.034104982585782866   inter body : 0.01465994468717284   
Current LR:  [0.0001541245303561964]
Evaluation : False
Train , Epoch 18 : : total loss : 0.13695289089614   marker : 0.049143428619021115   pose : 0.012647844494461649   angle : 0.005499119953798618   body : 0.0021305318998820384   inter pose : 0.012432263774731713   inter marker : 0.048081080596123864   inter angle : 0.004840848165183438   inter body : 0.0021777733351755744   
Evaluation : True
Valid, Epoch 18 : : total loss : 0.3367502775236837   marker : 0.08750297773901543   pose : 0.033892390042087266   angle : 0.036535415703168046   body : 0.014738482989636452   inter pose : 0.03239058904146997   inter marker : 0.08276668069955027   inter angle : 0.03420978639796875   inter body : 0.014713958344159297   
Current LR:  [0.00013891640349493958]
Evaluation : False
Train , Epoch 19 : : total loss : 0.13558162785324898   marker : 0.048644608545586304   pose : 0.012492322549794389   angle : 0.005416229620410463   body : 0.00211464395071986   inter pose : 0.012301695571604768   inter marker : 0.04767616945468631   inter angle : 0.004773517811719391   inter body : 0.0021624398859186387   
Evaluation : True
Valid, Epoch 19 : : total loss : 0.33844915885949767   marker : 0.0879873751763648   pose : 0.03439208251966061   angle : 0.03642173002865539   body : 0.014773945696532436   inter pose : 0.03290108057397411   inter marker : 0.08312803245182927   inter angle : 0.03411175191659187   inter body : 0.014733158723209553   
Current LR:  [0.0001252089275819358]
Evaluation : False
Train , Epoch 20 : : total loss : 0.1343828975287185   marker : 0.04822133468951784   pose : 0.012359662901376236   angle : 0.005339277739911861   body : 0.0021012153420854034   inter pose : 0.012184894615199537   inter marker : 0.04731682958409396   inter angle : 0.004710829858119053   inter body : 0.002148852965995601   
Evaluation : True
Valid, Epoch 20 : : total loss : 0.33621016484811994   marker : 0.08745300495573193   pose : 0.03404515736394335   angle : 0.03625373039048071   body : 0.014696801501423483   inter pose : 0.03252621747409267   inter marker : 0.08269022542673621   inter angle : 0.03389385977648823   inter body : 0.014651169046321216   
Current LR:  [0.00011285402696730145]
Evaluation : False
Train , Epoch 21 : : total loss : 0.1332645429266905   marker : 0.047816201725013406   pose : 0.012228451493790924   angle : 0.00526957186780425   body : 0.002089533709013866   inter pose : 0.012073848477834308   inter marker : 0.04699016437162667   inter angle : 0.004659314476564002   inter body : 0.0021374568294671007   
Evaluation : True
Valid, Epoch 21 : : total loss : 0.3374254196792112   marker : 0.087669055803418   pose : 0.03404070432720826   angle : 0.036486124339019356   body : 0.014659125291288374   inter pose : 0.03259954782686469   inter marker : 0.0831227315661997   inter angle : 0.03418847511804745   inter body : 0.014659655270595269   
Current LR:  [0.00010171823725909672]
Evaluation : False
Train , Epoch 22 : : total loss : 0.13226560623046998   marker : 0.04744824457337444   pose : 0.012112637695101921   angle : 0.005207805847249936   body : 0.002079247616646472   inter pose : 0.011982280790954144   inter marker : 0.046696584763013936   inter angle : 0.004610501306778986   inter body : 0.0021283042693445047   
Evaluation : True
Valid, Epoch 22 : : total loss : 0.33728764018045754   marker : 0.08767359829901687   pose : 0.034168867063657814   angle : 0.03649510441162051   body : 0.014698745710320307   inter pose : 0.03260437892235207   inter marker : 0.082834800499605   inter angle : 0.0341674430419933   inter body : 0.014644701117479815   
Current LR:  [9.168126356798713e-05]
Evaluation : False
Train , Epoch 23 : : total loss : 0.13137583958290255   marker : 0.04712077636973416   pose : 0.01200363210118611   angle : 0.0051526904225942735   body : 0.0020698080827720225   inter pose : 0.011900838162139583   inter marker : 0.046442393823933274   inter angle : 0.004566617309690595   inter body : 0.0021190837009240847   
Evaluation : True
Valid, Epoch 23 : : total loss : 0.33586865067536625   marker : 0.08728026804025052   pose : 0.034008962327318926   angle : 0.036400921676239976   body : 0.014570208771857449   inter pose : 0.0325027610278678   inter marker : 0.08246529107788242   inter angle : 0.03410256175550856   inter body : 0.014537676435464813   
Current LR:  [8.263468101607335e-05]
Evaluation : False
Train , Epoch 24 : : total loss : 0.13054617104130536   marker : 0.04680461791924459   pose : 0.011910605692172033   angle : 0.005103503878743232   body : 0.0020620208711379065   inter pose : 0.011828299229579535   inter marker : 0.04619773453925872   inter angle : 0.004527705084036175   inter body : 0.002111683742273   
Evaluation : True
Valid, Epoch 24 : : total loss : 0.33748677464980664   marker : 0.0877082595007086   pose : 0.034303575571161746   angle : 0.03635407278599152   body : 0.014697787520997128   inter pose : 0.032774413563942735   inter marker : 0.08297351601689537   inter angle : 0.034009460524037305   inter body : 0.014665690610983688   
Current LR:  [7.448076347207475e-05]
Evaluation : False
Train , Epoch 25 : : total loss : 0.12982704136720294   marker : 0.046546114811168875   pose : 0.0118329837721463   angle : 0.00506224063086747   body : 0.0020560377329490952   inter pose : 0.011752351747674562   inter marker : 0.045978707773397014   inter angle : 0.004492933325652051   inter body : 0.0021056718243625456   
Evaluation : True
Valid, Epoch 25 : : total loss : 0.3376907564173172   marker : 0.08763994273382478   pose : 0.034148333752453575   angle : 0.036661189337303786   body : 0.014760055052852796   inter pose : 0.032604052366907534   inter marker : 0.08280699880867609   inter angle : 0.03433871150136966   inter body : 0.01473147162933549   
Current LR:  [6.713142786022393e-05]
Evaluation : False
Train , Epoch 26 : : total loss : 0.129166171068802   marker : 0.04630642083643224   pose : 0.011751063598767722   angle : 0.0050179632016918285   body : 0.0020495063921573587   inter pose : 0.011694416613424992   inter marker : 0.04578667029076659   inter angle : 0.004460557947965028   inter body : 0.0020995721699467434   
Evaluation : True
Valid, Epoch 26 : : total loss : 0.3365712233571278   marker : 0.08758990642906667   pose : 0.03413556891874786   angle : 0.03624945818345429   body : 0.014654632706590145   inter pose : 0.032633039573517   inter marker : 0.0827922379213406   inter angle : 0.03389253772350665   inter body : 0.014623844181624901   
Current LR:  [6.05072826387196e-05]
Evaluation : False
Train , Epoch 27 : : total loss : 0.1285000942407852   marker : 0.046053706675448426   pose : 0.011673185990047947   angle : 0.00498266034127765   body : 0.002044204212824998   inter pose : 0.011629945957950484   inter marker : 0.04558898211894685   inter angle : 0.004433025633074788   inter body : 0.002094383456688631   
Evaluation : True
Valid, Epoch 27 : : total loss : 0.338269345057392   marker : 0.08792362203520232   pose : 0.03441319437449143   angle : 0.036362821934979445   body : 0.014814292930593062   inter pose : 0.03287216739927244   inter marker : 0.08310007244886612   inter angle : 0.03399511431808618   inter body : 0.014788060418933005   
Current LR:  [5.453677016888176e-05]
Evaluation : False
Train , Epoch 28 : : total loss : 0.12800350808074976   marker : 0.04587310444774708   pose : 0.011613019948873732   angle : 0.0049528010655907635   body : 0.002039658142628853   inter pose : 0.011582402205793544   inter marker : 0.04544402234495873   inter angle : 0.00440789356822031   inter body : 0.002090606957554224   
Evaluation : True
Valid, Epoch 28 : : total loss : 0.33714195928328   marker : 0.08774926714669466   pose : 0.03424638137733474   angle : 0.03635451331736023   body : 0.014641677961265578   inter pose : 0.03268181606847221   inter marker : 0.08285216904508129   inter angle : 0.03400253728421337   inter body : 0.01461359697906467   
Current LR:  [4.915539371041189e-05]
Evaluation : False
Train , Epoch 29 : : total loss : 0.1274861395929528   marker : 0.045678176345220936   pose : 0.011551888756579498   angle : 0.0049237680680633365   body : 0.0020357072920286043   inter pose : 0.01153358705284767   inter marker : 0.04529177370106097   inter angle : 0.004385144582765596   inter body : 0.002086094146662864   
Evaluation : True
Valid, Epoch 29 : : total loss : 0.3372730854374604   marker : 0.08763066960368779   pose : 0.03420219866277404   angle : 0.03642429420288341   body : 0.014799491033994597   inter pose : 0.032597390347402895   inter marker : 0.08276434305684179   inter angle : 0.034104171370446065   inter body : 0.014750529079605073   
Current LR:  [4.430502069233822e-05]
Evaluation : False
Train , Epoch 30 : : total loss : 0.1270052441845079   marker : 0.04549610931397762   pose : 0.011491921001540392   angle : 0.004895998295510664   body : 0.002031858831467207   inter pose : 0.011488939140556782   inter marker : 0.045152150037460266   inter angle : 0.004365569781041369   inter body : 0.0020826979762065875   
Evaluation : True
Valid, Epoch 30 : : total loss : 0.33677524122284136   marker : 0.0874931001824907   pose : 0.0341144085760766   angle : 0.0364245705005393   body : 0.014761150825603801   inter pose : 0.03254818762269753   inter marker : 0.0826280543133555   inter angle : 0.03407827402360825   inter body : 0.014727497161467193   
Current LR:  [3.993325473319803e-05]
Evaluation : False
Train , Epoch 31 : : total loss : 0.126639799378915   marker : 0.04537537129193681   pose : 0.011447753256634677   angle : 0.004872285201147222   body : 0.002029000869723947   inter pose : 0.011451258940214312   inter marker : 0.045037469383083846   inter angle : 0.0043467598932311734   inter body : 0.0020799006219200254   
Evaluation : True
Valid, Epoch 31 : : total loss : 0.33660431457105583   marker : 0.08733590963987893   pose : 0.03400996258842028   angle : 0.036609294401191025   body : 0.014731248695071813   inter pose : 0.0324259591948242   inter marker : 0.08249691834798076   inter angle : 0.03431119069685126   inter body : 0.014683831558580655   
Current LR:  [3.5992869626675335e-05]
Evaluation : False
Train , Epoch 32 : : total loss : 0.12625288319806774   marker : 0.04522448641235211   pose : 0.011400305854290678   angle : 0.0048526920189946934   body : 0.0020257244726277854   inter pose : 0.0114157640833014   inter marker : 0.04492668037917494   inter angle : 0.004330176200466673   inter body : 0.0020770537378166616   
Evaluation : True
Valid, Epoch 32 : : total loss : 0.3380127798329898   marker : 0.08785530563978912   pose : 0.0342646026554515   angle : 0.036543944810446545   body : 0.014739028423213356   inter pose : 0.03270730327897784   inter marker : 0.08297624977838325   inter angle : 0.034212912552604294   inter body : 0.014713432554822391   
Current LR:  [3.244129917829765e-05]
Evaluation : False
Train , Epoch 33 : : total loss : 0.12591960213816   marker : 0.045093393241373354   pose : 0.011367270708723053   angle : 0.00483373332352222   body : 0.002023122192090905   inter pose : 0.01138574449747664   inter marker : 0.0448277843731012   inter angle : 0.004314449308782382   inter body : 0.0020741045194753597   
Evaluation : True
Valid, Epoch 33 : : total loss : 0.3373748004715096   marker : 0.08758289013585449   pose : 0.03422782499448657   angle : 0.036580367263564596   body : 0.014696166324917026   inter pose : 0.03266794630635747   inter marker : 0.08269407563222207   inter angle : 0.034257966267419074   inter body : 0.01466756327354813   
Current LR:  [2.9240177382128606e-05]
Evaluation : False
Train , Epoch 34 : : total loss : 0.12563821763530442   marker : 0.04500234267955352   pose : 0.011333757649200069   angle : 0.004814949568010193   body : 0.002021726462947259   inter pose : 0.011355417442563664   inter marker : 0.04473583147523049   inter angle : 0.004301405982449537   inter body : 0.002072786479820405   
Evaluation : True
Valid, Epoch 34 : : total loss : 0.33675074758696605   marker : 0.08744327876255586   pose : 0.0340722793292064   angle : 0.036602859044313193   body : 0.014643591409118068   inter pose : 0.03249074560334446   inter marker : 0.08259646821094142   inter angle : 0.03428800253981292   inter body : 0.014613521357481164   
Current LR:  [2.6354923970193805e-05]
Evaluation : False
Train , Epoch 35 : : total loss : 0.12532693388405475   marker : 0.044867415329124805   pose : 0.011291136488797654   angle : 0.004800844590634587   body : 0.002019525273841382   inter pose : 0.011330682651680333   inter marker : 0.044658668881216605   inter angle : 0.004287946181283382   inter body : 0.0020707146753806615   
Evaluation : True
Valid, Epoch 35 : : total loss : 0.33702525562855906   marker : 0.08757472095082196   pose : 0.034246396563927396   angle : 0.03642942483479113   body : 0.014676275709767726   inter pose : 0.032645398925198785   inter marker : 0.0826872693291616   inter angle : 0.034123777709515524   inter body : 0.014641991703705415   
Current LR:  [2.375437085751811e-05]
Evaluation : False
Train , Epoch 36 : : total loss : 0.1251222983481873   marker : 0.044802631943231336   pose : 0.011272140196702838   angle : 0.004786553640762889   body : 0.0020169731659905993   inter pose : 0.011307976395462228   inter marker : 0.04459027133619621   inter angle : 0.004277136476331064   inter body : 0.0020686152589380466   
Evaluation : True
Valid, Epoch 36 : : total loss : 0.3374265299830185   marker : 0.08757245076280631   pose : 0.03423078983800897   angle : 0.03666361225436888   body : 0.014684220264336223   inter pose : 0.03261173428082792   inter marker : 0.08269132001952174   inter angle : 0.03433687457919459   inter body : 0.014635528806105684   
Current LR:  [2.1410425447429443e-05]
Evaluation : False
Train , Epoch 37 : : total loss : 0.12485182020602147   marker : 0.04468542406446718   pose : 0.011235619089345106   angle : 0.004775639295372627   body : 0.002016307378564298   inter pose : 0.011284821840776145   inter marker : 0.044517719841478065   inter angle : 0.0042684690033443625   inter body : 0.0020678199312092016   
Evaluation : True
Valid, Epoch 37 : : total loss : 0.3370449869237869   marker : 0.0876541601815065   pose : 0.034146859789843   angle : 0.0365342656520053   body : 0.014621827489524963   inter pose : 0.03254460725783428   inter marker : 0.08278586237123126   inter angle : 0.03418534003719162   inter body : 0.01457206448607523   
Current LR:  [1.929776715996886e-05]
Evaluation : False
Train , Epoch 38 : : total loss : 0.12465191096249985   marker : 0.04462059279176397   pose : 0.011211041721927535   angle : 0.0047580270292052   body : 0.002013844539693758   inter pose : 0.011265356427380904   inter marker : 0.044459039793217164   inter angle : 0.004258380101774042   inter body : 0.0020656285876662086   
Evaluation : True
Valid, Epoch 38 : : total loss : 0.3371747075205773   marker : 0.087594377798969   pose : 0.03422202608148552   angle : 0.03651830956890213   body : 0.014692297209938181   inter pose : 0.032613812899263954   inter marker : 0.08270234548579039   inter angle : 0.034176223656727164   inter body : 0.014655315125417932   
Current LR:  [1.739357390514086e-05]
Evaluation : False
Train , Epoch 39 : : total loss : 0.12446615716034566   marker : 0.04454893404318399   pose : 0.011191570134419852   angle : 0.0047513062585784185   body : 0.0020126007430634786   inter pose : 0.011246790186677465   inter marker : 0.04439905539702675   inter angle : 0.004251366070076641   inter body : 0.002064534119269019   
Evaluation : True
Valid, Epoch 39 : : total loss : 0.33672671527388814   marker : 0.08741962246514189   pose : 0.03406309191045026   angle : 0.036629476738220805   body : 0.014632986707065055   inter pose : 0.03247344705822727   inter marker : 0.08258668245136022   inter angle : 0.03432335403223172   inter body : 0.0145980563230185   
Current LR:  [1.567727554621844e-05]
Evaluation : False
Train , Epoch 40 : : total loss : 0.12430315289024554   marker : 0.04448984628956862   pose : 0.011168029407470003   angle : 0.00473892150887475   body : 0.002011039093740079   inter pose : 0.011232363124296731   inter marker : 0.04435670679323889   inter angle : 0.00424353871387565   inter body : 0.0020627082492386036   
Evaluation : True
Valid, Epoch 40 : : total loss : 0.3374476445473996   marker : 0.08765040242850054   pose : 0.034155986451302904   angle : 0.03658820440849826   body : 0.014700629011693812   inter pose : 0.032588013839179766   inter marker : 0.08284128493430601   inter angle : 0.03425135368628262   inter body : 0.014671770350304416   
Current LR:  [1.4130331689878675e-05]
Evaluation : False
Train , Epoch 41 : : total loss : 0.1241413008244808   marker : 0.044422199324937184   pose : 0.011147545495143255   angle : 0.004732198401384204   body : 0.002010737482677991   inter pose : 0.011218192948636015   inter marker : 0.044311387415912576   inter angle : 0.004236649193445857   inter body : 0.002062390406350755   
Evaluation : True
Valid, Epoch 41 : : total loss : 0.3377072991836236   marker : 0.08762594268385578   pose : 0.03429262431161059   angle : 0.03664764521288266   body : 0.014705321264577255   inter pose : 0.032687777734766436   inter marker : 0.08273070335562993   inter angle : 0.034344430990676245   inter body : 0.01467285173676342   
Current LR:  [1.2736031402736402e-05]
Evaluation : False
Train , Epoch 42 : : total loss : 0.12401458593641634   marker : 0.044376128100737315   pose : 0.011134562959714834   angle : 0.004723918716213559   body : 0.0020096222313825515   inter pose : 0.011204979483717068   inter marker : 0.04427256856176426   inter angle : 0.0042310239334275536   inter body : 0.0020617824443580316   
Evaluation : True
Valid, Epoch 42 : : total loss : 0.33718867603924674   marker : 0.08758959006721273   pose : 0.034196458261857146   angle : 0.03651439034636173   body : 0.014690331906427134   inter pose : 0.03262438410067687   inter marker : 0.08272107426924204   inter angle : 0.03420023871827285   inter body : 0.014652211029581358   
Current LR:  [1.1479312690704467e-05]
Evaluation : False
Train , Epoch 43 : : total loss : 0.12390656951832005   marker : 0.04434026684754658   pose : 0.011123774858451181   angle : 0.00471922152912441   body : 0.0020087523169096725   inter pose : 0.011192771969833747   inter marker : 0.0442354249586829   inter angle : 0.004226084857406081   inter body : 0.0020602724809416356   
Evaluation : True
Valid, Epoch 43 : : total loss : 0.33729719527864005   marker : 0.08761659331483852   pose : 0.03421217664747122   angle : 0.03652465449453722   body : 0.014731218379245934   inter pose : 0.03261062757154508   inter marker : 0.08270604965962342   inter angle : 0.034202313753110045   inter body : 0.014693562900448641   
Current LR:  [1.034659979109789e-05]
Evaluation : False
Train , Epoch 44 : : total loss : 0.12376719235141646   marker : 0.044278054710643035   pose : 0.011102810028546801   angle : 0.004710483658562485   body : 0.00200809813143791   inter pose : 0.011182907284173264   inter marker : 0.04420423364497801   inter angle : 0.004220573076832851   inter body : 0.0020600317315602103   
Evaluation : True
Valid, Epoch 44 : : total loss : 0.3377185932012933   marker : 0.0876883278298625   pose : 0.03424445623635219   angle : 0.03656259545396244   body : 0.014749873802714556   inter pose : 0.032666728718559836   inter marker : 0.08285506605697743   inter angle : 0.03424316150284897   inter body : 0.014708385184228328   
Current LR:  [9.325656519822294e-06]
Evaluation : False
Train , Epoch 45 : : total loss : 0.12364813424133415   marker : 0.04423202521197646   pose : 0.011084240366338222   angle : 0.004704542823526637   body : 0.0020071742950994263   inter pose : 0.011172564310887414   inter marker : 0.044171882237080955   inter angle : 0.0042167872812307996   inter body : 0.002058917441181439   
Evaluation : True
Valid, Epoch 45 : : total loss : 0.33691841622297447   marker : 0.08754523944793553   pose : 0.034135350286441636   angle : 0.036546882935398914   body : 0.014673013921925066   inter pose : 0.032524854417310914   inter marker : 0.08263713650759806   inter angle : 0.03422124782870271   inter body : 0.014634688523193511   
Current LR:  [8.405454089422724e-06]
Evaluation : False
Train , Epoch 46 : : total loss : 0.12357022389655456   marker : 0.04420717693237762   pose : 0.011083529521903711   angle : 0.0046985370415772035   body : 0.0020057502397725423   inter pose : 0.011162194738572443   inter marker : 0.04414281397373351   inter angle : 0.004211764464263233   inter body : 0.0020584571688716936   
Evaluation : True
Valid, Epoch 46 : : total loss : 0.33771641096440785   marker : 0.08768761017049181   pose : 0.03423930403183496   angle : 0.03664430685019736   body : 0.014736418263108732   inter pose : 0.03262778602853921   inter marker : 0.08278144724634978   inter angle : 0.0343066187676692   inter body : 0.014692918811378903   
Current LR:  [7.576051970091162e-06]
Evaluation : False
Train , Epoch 47 : : total loss : 0.12350069959669346   marker : 0.044177353775747705   pose : 0.011073790815805768   angle : 0.004695698089047604   body : 0.002006549225402725   inter pose : 0.011158019977452013   inter marker : 0.04412130558518137   inter angle : 0.004209569733087858   inter body : 0.002058412342733072   
Evaluation : True
Valid, Epoch 47 : : total loss : 0.3368873602309746   marker : 0.0875223695319554   pose : 0.034137109232565056   angle : 0.03658109166403431   body : 0.014645772848434315   inter pose : 0.03251341694643141   inter marker : 0.08259212541357318   inter angle : 0.034282290927868435   inter body : 0.014613181276136113   
Current LR:  [6.828490506628192e-06]
Evaluation : False
Train , Epoch 48 : : total loss : 0.12340629804782444   marker : 0.044136300009845045   pose : 0.01106253862352457   angle : 0.004691171147511162   body : 0.0020056078823748264   inter pose : 0.011148787599918396   inter marker : 0.044098949028467144   inter angle : 0.0042056933389106625   inter body : 0.0020572509278598914   
Evaluation : True
Valid, Epoch 48 : : total loss : 0.3373162586260056   marker : 0.08756633954681405   pose : 0.03422187659734111   angle : 0.03656517930520727   body : 0.014720058904954094   inter pose : 0.032630388376835386   inter marker : 0.08268001407109   inter angle : 0.03425279175827674   inter body : 0.014679610633618475   
Current LR:  [6.154694131348503e-06]
Evaluation : False
Train , Epoch 49 : : total loss : 0.12335513007312238   marker : 0.044120928206998755   pose : 0.011056037017844538   angle : 0.004688484095404948   body : 0.002005330982024726   inter pose : 0.011143667493614541   inter marker : 0.04408011761184491   inter angle : 0.0042033211419367405   inter body : 0.002057243451963865   
Evaluation : True
Valid, Epoch 49 : : total loss : 0.3374560232637084   marker : 0.08760925004008316   pose : 0.03421339252541149   angle : 0.03658007060057869   body : 0.014740379789596452   inter pose : 0.03261211578114618   inter marker : 0.0827218029853262   inter angle : 0.03427819062433041   inter body : 0.014700820417389316   
Finished Training
Load  /tudelft.net/staff-bulk/ewi/insy/VisionLab/students/wyang/dataset/models/model_10_OS_TEMPORAL_LSTM.pt
Use LSTM, Receptive Field : 243
 OS Joint error : 0.03360516577959061 , SMPLH Joint error : 0.04166385158896446 , Marker error : 0.04352797195315361 , BonyLandmark : 0.04363534227013588
 OS Joint error : 0.028865540400147438 , SMPLH Joint error : 0.03595803678035736 , Marker error : 0.0365496501326561 , BonyLandmark : 0.03641541302204132
 OS Joint error : 0.013778836466372013 , SMPLH Joint error : 0.02551095001399517 , Marker error : 0.021605148911476135 , BonyLandmark : 0.02189542166888714
