/home/nfs/weitseyang/.bashrc: line 20: dirname: command not found
/home/nfs/weitseyang/.bashrc: line 21: dirname: command not found
              total        used        free      shared  buff/cache   available
Mem:         257670       73156       93376         258       91137      183391
Swap:        262143           9      262134
Sat Jul 17 23:33:43 2021       
+-----------------------------------------------------------------------------+
| NVIDIA-SMI 465.19.01    Driver Version: 465.19.01    CUDA Version: 11.3     |
|-------------------------------+----------------------+----------------------+
| GPU  Name        Persistence-M| Bus-Id        Disp.A | Volatile Uncorr. ECC |
| Fan  Temp  Perf  Pwr:Usage/Cap|         Memory-Usage | GPU-Util  Compute M. |
|                               |                      |               MIG M. |
|===============================+======================+======================|
|   0  NVIDIA GeForce ...  On   | 00000000:04:00.0 Off |                  N/A |
| 23%   21C    P8     8W / 250W |      1MiB / 11178MiB |      0%      Default |
|                               |                      |                  N/A |
+-------------------------------+----------------------+----------------------+
|   1  NVIDIA GeForce ...  On   | 00000000:8A:00.0 Off |                  N/A |
| 23%   22C    P8     8W / 250W |      1MiB / 11178MiB |      0%      Default |
|                               |                      |                  N/A |
+-------------------------------+----------------------+----------------------+
                                                                               
+-----------------------------------------------------------------------------+
| Processes:                                                                  |
|  GPU   GI   CI        PID   Type   Process name                  GPU Memory |
|        ID   ID                                                   Usage      |
|=============================================================================|
|  No running processes found                                                 |
+-----------------------------------------------------------------------------+
BML_FOLDER: /tudelft.net/staff-bulk/ewi/insy/VisionLab/students/wyang/dataset/HDF5/BML/
DATASET:
  ANTIALIAS:
    TEST: 1
    TRAIN: 1
  BBOX:
    PARTIAL_VISUALBILITY: False
  COLOR:
    AUG: True
  DATASETPERIMG: 2000
  GEOM:
    AUG: True
    HFLIP: False
    ROT: 20
    SCALE_DOWN: 25
    SCALE_UP: 25
    SHIFT_AUG: 10
  INTERPOLATION:
    TEST: nearest
    TRAIN: nearest
  OCCLUSION:
    PROB: 0.7
    SCALE: 0.8
  TRAINING_USEDEACHFRAME: 2
  USEDEACHFRAME: 1
EVAL_WORKERS: 16
HYP:
  ANGLE: 0.015
  BODY: 0.05
  INTERMEDIATE_MARKER: 1.5
  INTERMEDIATE_POS: 1.5
  MARKER: 1.5
  POS: 1.0
  ROTMAT: 0.1
  SY_BODY: 0.05
LAYER:
  OS_TRANSIT:
    ACT_TYPE: 1
    BN: False
LOSS:
  ANGLE:
    BETA: 5
    EVAL_TYPE: 1
    H: 0.1
    MASKMINVALUE: 0
    TYPE: 3
    USE: True
    USEMASK: True
  BODY:
    BETA: 0.05
    EVAL_TYPE: 1
    H: 0.1
    TYPE: 3
    USE: False
  MARKER:
    BETA: 0.04
    TYPE: 1
    USE: True
  POS:
    BETA: 0.04
    TYPE: 1
    USE: True
  ROTMAT:
    BETA: 0.02
    EVAL_TYPE: 1
    TYPE: 1
    USE: False
  SY_BODY:
    EVAL_TYPE: 1
    TYPE: 1
    USE: False
MODEL:
  CONV_CHANNEL_SIZE: [2048]
  CONV_LAYER: 1
  FULLCONV: True
  IMGSIZE: (256, 256)
  INTERMEDIATE_POSE_ESTIMATION: False
  METRIC_SCALE:
    BBOX_SIZE: 2.2
    DEPTH: 8
    EVAL_STRIDING: 4
    STRIDING: 32
  NUMPRED: 115
  NUM_PRED: 115
  RESNET:
    CENTER_STRIDING: True
    NEXT: True
    PRETRAINED: True
MODEL_FOLDER: /tudelft.net/staff-bulk/ewi/insy/VisionLab/students/wyang/dataset/models/
PASCAL_PATH: /tudelft.net/staff-bulk/ewi/insy/VisionLab/students/wyang/dataset/HDF5/PASCAL/pascal.hdf5
PCA_PATH: None
POSTFIX: OS_PLUS_POS_JOINT
PREDICTION:
  BODY: ['pelvis', 'lumbar5', 'lumbar4', 'lumbar3', 'lumbar2', 'lumbar1', 'thoracic12', 'thoracic11', 'thoracic10', 'thoracic9', 'thoracic8', 'thoracic7', 'thoracic6', 'thoracic5', 'thoracic4', 'thoracic3', 'thoracic2', 'thoracic1', 'head_neck', 'femur_r', 'tibia_r', 'talus_r', 'calcn_r', 'toes_r', 'femur_l', 'tibia_l', 'talus_l', 'calcn_l', 'toes_l', 'cerv6', 'cerv5', 'cerv4', 'cerv3', 'cerv2', 'cerv1', 'jaw', 'skull', 'thorax', 'clavicle', 'scapula', 'humerus', 'ulna', 'radius', 'clavicle_l', 'scapula_l', 'humerus_l', 'ulna_l', 'radius_l']
  BODY_AMPITUDE_VALUE: [0.38330534, 0.11688988, 0.27979052, 0.18767838, 0.12217734, 0.17559392, 0.25814359, 0.19320878, 0.09488225, 0.23721306, 0.3308586, 0.22396367, 0.08659548, 1e-06, 0.1634575, 0.18397586, 0.23942574, 0.23136499, 0.14410597, 0.14576365, 0.17185328, 0.18178275, 0.15676707, 0.19965802, 0.12167494, 0.14225374, 0.19253547, 0.08705724, 0.13519439, 0.09673029, 0.16227082, 0.25709417, 0.27539152, 0.21485549, 0.11401759, 0.22396367, 0.21485549, 0.1838405, 0.18214334, 0.43287996, 0.43287996, 0.13003099, 0.13036308, 0.2175328, 0.20085876, 0.30206298, 0.3034652, 0.2025831, 0.20302752, 0.1691131, 0.22653959]
  BODY_AVG_VALUE: [1.21267658, 1.19278473, 1.09221309, 0.82231784, 0.65399921, 0.86740023, 1.23414558, 1.13399419, 1.00263798, 1.01988775, 1.04674897, 0.92795962, 0.80902216, 0.94262153, 0.96230629, 0.95413619, 1.04046246, 1.03910667, 0.68939832, 0.71175453, 0.74281865, 0.76454479, 0.9076589, 1.02388528, 0.64942223, 0.89473501, 0.89226717, 0.61283192, 0.7215803, 0.68092433, 1.08504841, 1.17846495, 1.14104316, 1.14461103, 0.74801221, 0.92795962, 1.14461103, 0.89621243, 0.8843008, 1.13165459, 1.13165459, 0.73835266, 0.74087435, 1.07924646, 1.08077973, 1.01209745, 0.99989337, 1.0244289, 1.03203484, 0.82801554, 0.7559647]
  BODY_SCALE_MAPPING: [[0, 1, 2], [10, 3, 9], [10, 3, 9], [10, 3, 9], [10, 3, 9], [10, 3, 9], [10, 3, 9], [10, 4, 9], [10, 4, 9], [10, 5, 9], [10, 5, 9], [10, 6, 9], [10, 6, 9], [10, 6, 9], [10, 6, 9], [10, 6, 9], [10, 6, 9], [10, 6, 9], [11, 7, 9], [16, 14, 16], [20, 18, 20], [20, 18, 20], [22, 23, 24], [28, 30, 30], [17, 15, 17], [21, 19, 21], [21, 19, 21], [25, 26, 27], [29, 31, 31], [11, 7, 9], [11, 7, 9], [11, 7, 9], [11, 7, 9], [11, 7, 9], [11, 7, 9], [12, 8, 13], [12, 8, 13], [32, 33, 34], [37, 35, 41], [39, 36, 41], [45, 43, 45], [49, 47, 49], [49, 47, 49], [38, 35, 42], [40, 36, 42], [46, 44, 46], [50, 48, 50], [50, 48, 50]]
  BODY_SCALE_UNIQUE_NUMS: 51
  BODY_WEIGHTS: [[2.0, 2.0, 2.0], [1.0, 2.0, 1.0], [1.0, 2.0, 1.0], [1.0, 2.0, 1.0], [1.0, 2.0, 1.0], [1.0, 2.0, 1.0], [1.0, 2.0, 1.0], [1.0, 2.0, 1.0], [1.0, 2.0, 1.0], [1.0, 2.0, 1.0], [1.0, 2.0, 1.0], [1.0, 2.0, 1.0], [1.0, 2.0, 1.0], [1.0, 2.0, 1.0], [1.0, 2.0, 1.0], [1.0, 2.0, 1.0], [1.0, 2.0, 1.0], [1.0, 2.0, 1.0], [1.0, 2.0, 1.0], [1.0, 2.0, 1.0], [1.0, 2.0, 1.0], [1.0, 2.0, 1.0], [2.0, 1.0, 1.0], [2.0, 1.0, 1.0], [1.0, 2.0, 1.0], [1.0, 2.0, 1.0], [1.0, 2.0, 1.0], [2.0, 1.0, 1.0], [2.0, 1.0, 1.0], [1.0, 2.0, 1.0], [1.0, 2.0, 1.0], [1.0, 2.0, 1.0], [1.0, 2.0, 1.0], [1.0, 2.0, 1.0], [1.0, 2.0, 1.0], [1.0, 1.0, 2.0], [1.0, 1.0, 2.0], [2.0, 1.0, 1.0], [1.0, 1.0, 2.0], [1.0, 1.0, 2.0], [1.0, 2.0, 1.0], [1.0, 2.0, 1.0], [1.0, 2.0, 1.0], [1.0, 1.0, 2.0], [1.0, 1.0, 2.0], [1.0, 2.0, 1.0], [1.0, 2.0, 1.0], [1.0, 2.0, 1.0]]
  COORDINATES: ['L5_S1_FE', 'L5_S1_LB', 'L5_S1_AR', 'L4_L5_FE', 'L4_L5_LB', 'L4_L5_AR', 'T12_L1_FE', 'T12_L1_LB', 'T12_L1_AR', 'T11_T12_FE', 'T11_T12_LB', 'T11_T12_AR', 'T10_T11_FE', 'T10_T11_LB', 'T10_T11_AR', 'T9_T10_FE', 'T9_T10_LB', 'T9_T10_AR', 'T8_T9_FE', 'T8_T9_LB', 'T8_T9_AR', 'T1_T2_FE', 'T1_T2_LB', 'T1_T2_AR', 'T1_head_neck_FE', 'T1_head_neck_LB', 'T1_head_neck_AR', 'hip_flexion_r', 'hip_adduction_r', 'hip_rotation_r', 'knee_angle_r', 'knee_angle_y_r', 'knee_angle_x_r', 'ankle_angle_r', 'subtalar_angle_r', 'mtp_angle_r', 'hip_flexion_l', 'hip_adduction_l', 'hip_rotation_l', 'knee_angle_l', 'knee_angle_y_l', 'knee_angle_x_l', 'ankle_angle_l', 'subtalar_angle_l', 'mtp_angle_l', 'skull_z', 'skull_y', 'skull_x', 'sternoclavicular_r2', 'sternoclavicular_r3', 'acromioclavicular_r2', 'elv_angle', 'shoulder_elv', 'shoulder1_r2', 'shoulder_rot', 'elbow_flexion', 'elbow_x', 'pro_sup', 'sternoclavicular_r2_l', 'sternoclavicular_r3_l', 'acromioclavicular_r2_l', 'elv_angle_l', 'shoulder_elv_l', 'shoulder1_r2_l', 'shoulder_rot_l', 'elbow_flexion_l', 'elbow_x_l', 'pro_sup_l', 'ribs_bending']
  JOINTS: ['ground_pelvis', 'L5_S1_IVDjnt', 'L4_L5_IVDjnt', 'L3_L4_IVDjnt', 'L2_L3_IVDjnt', 'L1_L2_IVDjnt', 'T12_L1_IVDjnt', 'T11_T12_IVDjnt', 'T10_T11_IVDjnt', 'T9_T10_IVDjnt', 'T8_T9_IVDjnt', 'T7_T8_IVDjnt', 'T6_T7_IVDjnt', 'T5_T6_IVDjnt', 'T4_T5_IVDjnt', 'T3_T4_IVDjnt', 'T2_T3_IVDjnt', 'T1_T2_IVDjnt', 'T1_head_neck', 'hip_r', 'knee_r', 'ankle_r', 'subtalar_r', 'mtp_r', 'hip_l', 'knee_l', 'ankle_l', 'subtalar_l', 'mtp_l', 'C7_cerv6', 'C7_cerv5', 'C7_cerv4', 'C7_cerv3', 'C7_cerv2', 'C7_cerv1', 'skull_jaw', 'C7_skull', 'sternoclavicular', 'acromioclavicular', 'shoulder2', 'elbow', 'radioulnar', 'sternoclavicular_l', 'acromioclavicular_l', 'shoulder2_l', 'elbow_l', 'radioulnar_l', 'T1_rib']
  Joints_Inside_Cylinder_Body_LIST: [['ROOT', 'Torso'], ['RHIPJ', 'Torso'], ['LHIPJ', 'Torso'], ['Spine1', 'Torso'], ['Spine2', 'Torso'], ['Spine3', 'Torso'], ['LCOL', 'Torso'], ['RCOL', 'Torso'], ['NECK', 'Torso'], ['HEAD', 'HEAD'], ['RKNE', 'RightLeg'], ['RKNI', 'RightLeg'], ['LKNE', 'LeftLeg'], ['LKNI', 'LeftLeg'], ['LANK', 'LeftShrank'], ['RANK', 'RightShrank'], ['LANI', 'LeftShrank'], ['RANI', 'RightShrank'], ['RTOE', 'RightFOOT'], ['LTOE', 'LeftFOOT'], ['RMT1', 'RightFOOT'], ['LMT1', 'LeftFOOT'], ['RMT5', 'RightFOOT'], ['LMT5', 'LeftFOOT'], ['LELB', 'LeftArm'], ['RELB', 'RightArm'], ['LELBIN', 'LeftArm'], ['RELBIN', 'RightArm'], ['LIWR', 'LeftForearm'], ['RIWR', 'RightForearm'], ['LOWR', 'LeftForearm'], ['ROWR', 'RightForearm'], ['ground_pelvis', 'Torso'], ['L5_S1_IVDjnt', 'Torso'], ['L4_L5_IVDjnt', 'Torso'], ['L3_L4_IVDjnt', 'Torso'], ['L2_L3_IVDjnt', 'Torso'], ['L1_L2_IVDjnt', 'Torso'], ['T12_L1_IVDjnt', 'Torso'], ['T11_T12_IVDjnt', 'Torso'], ['T10_T11_IVDjnt', 'Torso'], ['T9_T10_IVDjnt', 'Torso'], ['T8_T9_IVDjnt', 'Torso'], ['T7_T8_IVDjnt', 'Torso'], ['T6_T7_IVDjnt', 'Torso'], ['T5_T6_IVDjnt', 'Torso'], ['T4_T5_IVDjnt', 'Torso'], ['T3_T4_IVDjnt', 'Torso'], ['T2_T3_IVDjnt', 'Torso'], ['T1_T2_IVDjnt', 'Torso'], ['T1_head_neck', 'HEAD'], ['hip_r', 'RightLeg'], ['knee_r', 'RightLeg'], ['ankle_r', 'RightShrank'], ['subtalar_r', 'RightShrank'], ['mtp_r', 'RightFOOT'], ['hip_l', 'LeftLeg'], ['knee_l', 'LeftLeg'], ['ankle_l', 'LeftShrank'], ['subtalar_l', 'LeftShrank'], ['mtp_l', 'LeftFOOT'], ['C7_cerv6', 'HEAD'], ['C7_cerv5', 'HEAD'], ['C7_cerv4', 'HEAD'], ['C7_cerv3', 'HEAD'], ['C7_cerv2', 'HEAD'], ['C7_cerv1', 'HEAD'], ['skull_jaw', 'HEAD'], ['C7_skull', 'HEAD'], ['sternoclavicular', 'RightArm'], ['acromioclavicular', 'RightArm'], ['shoulder2', 'RightArm'], ['elbow', 'RightArm'], ['radioulnar', 'RightForearm'], ['sternoclavicular_l', 'LeftArm'], ['acromioclavicular_l', 'LeftArm'], ['shoulder2_l', 'LeftArm'], ['elbow_l', 'LeftArm'], ['radioulnar_l', 'LeftForearm'], ['T1_rib', 'Torso'], ['radiocarpal', 'RightForearm'], ['radiocarpal_l', 'LeftForearm']]
  LEAFJOINTS: ['radiocarpal', 'radiocarpal_l']
  MARKER: ['ROOT', 'LHIPJ', 'RHIPJ', 'Spine1', 'LKJC', 'RKJC', 'Spine2', 'LAJC', 'RAJC', 'Spine3', 'LFOOT', 'RFOOT', 'NECK', 'LCOL', 'RCOL', 'HEAD', 'LSHOULDER', 'RSHOULDER', 'LELC', 'RELC', 'LWRIST', 'RWRIST', 'LPSI', 'RPSI', 'RASI', 'LASI', 'T12', 'T10', 'T8', 'T1', 'C7', 'RKNE', 'RKNI', 'LKNE', 'LKNI', 'LANK', 'RANK', 'LANI', 'RANI', 'LHEE', 'RHEE', 'RTOE', 'LTOE', 'RMT1', 'LMT1', 'RMT5', 'LMT5', 'LSHO', 'RSHO', 'STRN', 'CLAV', 'RCLAV', 'LCLAV', 'LELB', 'RELB', 'LELBIN', 'RELBIN', 'LIWR', 'RIWR', 'LOWR', 'ROWR', 'LFHD', 'RFHD', 'LBHD', 'RBHD']
  MIRROR_BONES: [0, 1, 2, 3, 4, 5, 6, 7, 8, 9, 10, 11, 12, 13, 14, 15, 16, 17, 18, 24, 25, 26, 27, 28, 19, 20, 21, 22, 23, 29, 30, 31, 32, 33, 34, 35, 36, 37, 43, 44, 45, 46, 47, 38, 39, 40, 41, 42]
  NUM_JOINTS: 50
  NUM_MARKERS: 65
  NUM_SMPL_JOINTS: 22
  POS_NAME: ['ground_pelvis', 'L5_S1_IVDjnt', 'L4_L5_IVDjnt', 'L3_L4_IVDjnt', 'L2_L3_IVDjnt', 'L1_L2_IVDjnt', 'T12_L1_IVDjnt', 'T11_T12_IVDjnt', 'T10_T11_IVDjnt', 'T9_T10_IVDjnt', 'T8_T9_IVDjnt', 'T7_T8_IVDjnt', 'T6_T7_IVDjnt', 'T5_T6_IVDjnt', 'T4_T5_IVDjnt', 'T3_T4_IVDjnt', 'T2_T3_IVDjnt', 'T1_T2_IVDjnt', 'T1_head_neck', 'hip_r', 'knee_r', 'ankle_r', 'subtalar_r', 'mtp_r', 'hip_l', 'knee_l', 'ankle_l', 'subtalar_l', 'mtp_l', 'C7_cerv6', 'C7_cerv5', 'C7_cerv4', 'C7_cerv3', 'C7_cerv2', 'C7_cerv1', 'skull_jaw', 'C7_skull', 'sternoclavicular', 'acromioclavicular', 'shoulder2', 'elbow', 'radioulnar', 'sternoclavicular_l', 'acromioclavicular_l', 'shoulder2_l', 'elbow_l', 'radioulnar_l', 'T1_rib', 'radiocarpal', 'radiocarpal_l', 'ROOT', 'LHIPJ', 'RHIPJ', 'Spine1', 'LKJC', 'RKJC', 'Spine2', 'LAJC', 'RAJC', 'Spine3', 'LFOOT', 'RFOOT', 'NECK', 'LCOL', 'RCOL', 'HEAD', 'LSHOULDER', 'RSHOULDER', 'LELC', 'RELC', 'LWRIST', 'RWRIST', 'LPSI', 'RPSI', 'RASI', 'LASI', 'T12', 'T10', 'T8', 'T1', 'C7', 'RKNE', 'RKNI', 'LKNE', 'LKNI', 'LANK', 'RANK', 'LANI', 'RANI', 'LHEE', 'RHEE', 'RTOE', 'LTOE', 'RMT1', 'LMT1', 'RMT5', 'LMT5', 'LSHO', 'RSHO', 'STRN', 'CLAV', 'RCLAV', 'LCLAV', 'LELB', 'RELB', 'LELBIN', 'RELBIN', 'LIWR', 'RIWR', 'LOWR', 'ROWR', 'LFHD', 'RFHD', 'LBHD', 'RBHD']
PROGRESSBAR: False
RESNETPATH: None
SEED: 100
STARTMODELPATH: None
TESTMODE: False
TEST_SUBJECTS: [2, 29, 19, 21, 51, 26, 7, 72, 77, 17, 65, 80, 6, 76, 10, 73, 13, 38]
TRAINING:
  AWARED_OCCLUSION:
    GT: False
    USE: False
  BATCHSIZE: 64
  COORDINATE_MAX_WEIGHT: 2
  END_LR: [3.33e-05, 1e-06]
  EPOCH: [28, 2]
  EVALUATION_BATCHSIZE: 64
  LOSS2D: False
  LOSSTYPE: 1
  MARKER_PREDICTION: True
  MARKER_TYPE: [10, 10, 10, 1, 1, 1, 1, 1, 1, 1, 20, 20, 10, 1, 1, 10, 0, 0, 1, 1, 1, 1, 20, 20, 20, 20, 10, 20, 10, 10, 20, 20, 20, 20, 20, 20, 20, 20, 20, 20, 20, 10, 10, 1, 1, 1, 1, 20, 20, 20, 20, 1, 1, 20, 20, 20, 20, 20, 20, 20, 20, 10, 10, 10, 10]
  MARKER_WEIGHT: [1.0, 1.0, 1.0, 0.1, 0.1, 0.1, 0.1, 0.1, 0.1, 0.1, 2.0, 2.0, 1.0, 0.1, 0.1, 1.0, 0.0, 0.0, 0.1, 0.1, 0.1, 0.1, 2.0, 2.0, 2.0, 2.0, 1.0, 2.0, 1.0, 1.0, 2.0, 2.0, 2.0, 2.0, 2.0, 2.0, 2.0, 2.0, 2.0, 2.0, 2.0, 1.0, 1.0, 0.1, 0.1, 0.1, 0.1, 2.0, 2.0, 2.0, 2.0, 0.1, 0.1, 2.0, 2.0, 2.0, 2.0, 2.0, 2.0, 2.0, 2.0, 1.0, 1.0, 1.0, 1.0]
  PCA: False
  PCA_COMPONENTS: 51
  START_LR: [0.0005, 3.33e-06]
  TRAINING_STEPS: 2
  USE_BODY_WEIGHTS: False
  USE_OS_SIMULATION: False
  VALID_BATCHSIZE: 64
TRAINING_SUBJECTS: [78, 59, 79, 44, 56, 88, 75, 61, 53, 47, 40, 41, 32, 70, 28, 39, 69, 11, 3, 90, 71, 54, 20, 85, 37, 34, 33, 46, 67, 63, 55, 36, 42, 50, 24, 35, 84, 45, 60, 16, 74, 82, 27, 89, 57, 5, 49, 22, 4, 66, 31, 83, 43, 48, 52, 68, 25, 9, 18, 1, 81, 58, 23, 62, 64, 8, 87]
VALID_SUBJECTS: [14, 86, 15, 30]
VALID_WORKERS: 16
WORKERS: 16
84900 training data, 21822 valid data, 100839 test data
layer3 uses center striding.
Use ResNet50 Next with center striding and Petrained model
Image size : (256, 256)
Training with lr from 0.0005 to 3.33e-05 in 28 epochs.
LR decay rate : 0.904534157262606
Evaluation : False
Train , Epoch 0 : : total loss : 0.49180181924573974   Marker : 0.3170311395331745   Joint : 0.12564050168540683   Angle : 0.049130177698456325   
Evaluation : True
/tudelft.net/staff-bulk/ewi/insy/VisionLab/students/wyang/miniconda/miniconda/lib/python3.8/site-packages/torch/nn/functional.py:718: UserWarning: Named tensors and all their associated APIs are an experimental feature and subject to change. Please do not use them for anything important until they are released as stable. (Triggered internally at  /opt/conda/conda-bld/pytorch_1623448278899/work/c10/core/TensorImpl.h:1156.)
  return torch.max_pool2d(input, kernel_size, stride, padding, dilation, ceil_mode)
Valid, Epoch 0 : : total loss : 0.2773528708271862   Marker : 0.13781831408932363   Joint : 0.06335072919020304   Angle : 0.07618382713248646   
Current LR:  [0.00045226707863130303]
Best Loss : 0.13781831408932363
Evaluation : False
Train , Epoch 1 : : total loss : 0.3556924490637369   Marker : 0.22874760415354464   Joint : 0.08970303798085963   Angle : 0.03724180618343175   
Evaluation : True
Valid, Epoch 1 : : total loss : 0.24499855735498413   Marker : 0.11708410819131178   Joint : 0.05526379109434111   Angle : 0.07265065817858732   
Current LR:  [0.00040909102082738646]
Best Loss : 0.11708410819131178
Evaluation : False
Train , Epoch 2 : : total loss : 0.31441189234073347   Marker : 0.20152239153108267   Joint : 0.07895510904715701   Angle : 0.03393439129753485   
Evaluation : True
Valid, Epoch 2 : : total loss : 0.22670441130081442   Marker : 0.10524889009266111   Joint : 0.05344303471938727   Angle : 0.06801248656524526   
Current LR:  [0.0003700368017677992]
Best Loss : 0.10524889009266111
Evaluation : False
Train , Epoch 3 : : total loss : 0.27655488230164416   Marker : 0.17696941268614874   Joint : 0.0687852477033933   Angle : 0.0308002219121021   
Evaluation : True
Valid, Epoch 3 : : total loss : 0.2125623437466996   Marker : 0.10010087729352564   Joint : 0.046783165996818275   Angle : 0.06567830048913251   
Current LR:  [0.00033471092664318623]
Best Loss : 0.10010087729352564
Evaluation : False
Train , Epoch 4 : : total loss : 0.25355707006711586   Marker : 0.1621916625609405   Joint : 0.06283385543992706   Angle : 0.028531551974942154   
Evaluation : True
Valid, Epoch 4 : : total loss : 0.20376923632505953   Marker : 0.0944581639918559   Joint : 0.046263494158127645   Angle : 0.06304757833896008   
Current LR:  [0.0003027574659577804]
Best Loss : 0.0944581639918559
Evaluation : False
Train , Epoch 5 : : total loss : 0.2373666005549028   Marker : 0.1518173079044301   Joint : 0.05866657930452989   Angle : 0.026882713233566034   
Evaluation : True
Valid, Epoch 5 : : total loss : 0.21940449870328682   Marker : 0.10382351585995123   Joint : 0.04917288513758718   Angle : 0.06640809781500448   
Current LR:  [0.000273854469325083]
Evaluation : False
Train , Epoch 6 : : total loss : 0.22966223697811589   Marker : 0.14698110178652393   Joint : 0.056678706782885446   Angle : 0.02600242816709645   
Evaluation : True
Valid, Epoch 6 : : total loss : 0.1890749845241672   Marker : 0.08563440063021358   Joint : 0.04144204306390521   Angle : 0.06199854045857781   
Current LR:  [0.0002477107216235621]
Best Loss : 0.08563440063021358
Evaluation : False
Train , Epoch 7 : : total loss : 0.20509972121021508   Marker : 0.1310710291775733   Joint : 0.05018636986028915   Angle : 0.023842321954622617   
Evaluation : True
Valid, Epoch 7 : : total loss : 0.18368723966954947   Marker : 0.08286543410766814   Joint : 0.04136753715960552   Angle : 0.05945426833672218   
Current LR:  [0.00022406280882868076]
Best Loss : 0.08286543410766814
Evaluation : False
Train , Epoch 8 : : total loss : 0.1954796677441259   Marker : 0.1250702797591147   Joint : 0.047692083420729205   Angle : 0.022717304496855936   
Evaluation : True
Valid, Epoch 8 : : total loss : 0.18131596108381431   Marker : 0.08131484764217292   Joint : 0.04070133701186713   Angle : 0.05929977670291442   
Current LR:  [0.00020267246395774314]
Best Loss : 0.08131484764217292
Evaluation : False
Train , Epoch 9 : : total loss : 0.18675412211797535   Marker : 0.11951974462464923   Joint : 0.04553163195728446   Angle : 0.02170274576711641   
Evaluation : True
Valid, Epoch 9 : : total loss : 0.17785708328049885   Marker : 0.07948456058776648   Joint : 0.040440620417643416   Angle : 0.05793190155399893   
Current LR:  [0.00018332416638635308]
Best Loss : 0.07948456058776648
Evaluation : False
Train , Epoch 10 : : total loss : 0.17732854833655048   Marker : 0.11355030186597938   Joint : 0.043118909158677894   Angle : 0.02065933740881818   
Evaluation : True
Valid, Epoch 10 : : total loss : 0.17131852941938724   Marker : 0.07685929744952257   Joint : 0.03766785353222773   Angle : 0.056791378197273604   
Current LR:  [0.00016582297034814964]
Best Loss : 0.07685929744952257
Evaluation : False
Train , Epoch 11 : : total loss : 0.17209031758759716   Marker : 0.11031972561284428   Joint : 0.0418223993400418   Angle : 0.019948192635413434   
Evaluation : True
Valid, Epoch 11 : : total loss : 0.16893511716129253   Marker : 0.07475379282280348   Joint : 0.03741538951818889   Angle : 0.0567659348858538   
Current LR:  [0.00014999254073864564]
Best Loss : 0.07475379282280348
Evaluation : False
Train , Epoch 12 : : total loss : 0.1654258085299581   Marker : 0.10609980977700846   Joint : 0.040152454816175805   Angle : 0.019173544064602432   
Evaluation : True
Valid, Epoch 12 : : total loss : 0.16760443649068235   Marker : 0.07437771339703192   Joint : 0.03677705299864112   Angle : 0.05644967009500932   
Current LR:  [0.00013567337643270792]
Best Loss : 0.07437771339703192
Evaluation : False
Train , Epoch 13 : : total loss : 0.16020469897922526   Marker : 0.1028048996989184   Joint : 0.03881275762844589   Angle : 0.01858704172982237   
Evaluation : True
Valid, Epoch 13 : : total loss : 0.1647111024595227   Marker : 0.07301167527954756   Joint : 0.03628915994089319   Angle : 0.05541026743028005   
Current LR:  [0.00012272120321453177]
Best Loss : 0.07301167527954756
Evaluation : False
Train , Epoch 14 : : total loss : 0.15565056207717634   Marker : 0.09994106612773683   Joint : 0.03765283909178203   Angle : 0.018056656882942262   
Evaluation : True
Valid, Epoch 14 : : total loss : 0.16554802264490723   Marker : 0.07324455132046101   Joint : 0.036934321746742264   Angle : 0.055369149435671075   
Current LR:  [0.0001110055201279095]
Evaluation : False
Train , Epoch 15 : : total loss : 0.15185854578921698   Marker : 0.09757439578640335   Joint : 0.03670688099501764   Angle : 0.017577268963547627   
Evaluation : True
Valid, Epoch 15 : : total loss : 0.16928597229034673   Marker : 0.07539646320257361   Joint : 0.03744492750645951   Angle : 0.05644458099133087   
Current LR:  [0.00010040828460039587]
Evaluation : False
Train , Epoch 16 : : total loss : 0.14968647054350215   Marker : 0.09623254871004308   Joint : 0.0361586153495995   Angle : 0.01729530642767118   
Evaluation : True
Valid, Epoch 16 : : total loss : 0.165291242972706   Marker : 0.0727218941363479   Joint : 0.03720106676271425   Angle : 0.05536828234678402   
Current LR:  [9.082272309320297e-05]
Best Loss : 0.0727218941363479
Evaluation : False
Train , Epoch 17 : : total loss : 0.14473157405268913   Marker : 0.09311089567491732   Joint : 0.034867480711879416   Angle : 0.016753197854123505   
Evaluation : True
Valid, Epoch 17 : : total loss : 0.16225096473837192   Marker : 0.07109406752433843   Joint : 0.03649561411300224   Angle : 0.05466128263123017   
Current LR:  [8.215225529340538e-05]
Best Loss : 0.07109406752433843
Evaluation : False
Train , Epoch 18 : : total loss : 0.14225146763847066   Marker : 0.09156893755043793   Joint : 0.03424540734646187   Angle : 0.016437122685382447   
Evaluation : True
Valid, Epoch 18 : : total loss : 0.16255536738002282   Marker : 0.0713397273439588   Joint : 0.036086097721568   Angle : 0.05512954277337149   
Current LR:  [7.43095210090429e-05]
Evaluation : False
Train , Epoch 19 : : total loss : 0.1387023956122981   Marker : 0.08931048534709404   Joint : 0.03336120349373303   Angle : 0.01603070708753072   
Evaluation : True
Valid, Epoch 19 : : total loss : 0.16071694599326772   Marker : 0.07039796898535679   Joint : 0.03571551158681448   Angle : 0.05460346510971666   
Current LR:  [6.721549996250254e-05]
Best Loss : 0.07039796898535679
Evaluation : False
Train , Epoch 20 : : total loss : 0.13680236806269863   Marker : 0.08813908336007038   Joint : 0.03286353511058727   Angle : 0.01579974979783098   
Evaluation : True
Valid, Epoch 20 : : total loss : 0.1609218306528769   Marker : 0.06998551805256902   Joint : 0.03573681691228038   Angle : 0.055199495332945325   
Current LR:  [6.0798715613566956e-05]
Best Loss : 0.06998551805256902
Evaluation : False
Train , Epoch 21 : : total loss : 0.13469879857937314   Marker : 0.08681054667852044   Joint : 0.0323339484134748   Angle : 0.015554303459986077   
Evaluation : True
Valid, Epoch 21 : : total loss : 0.1594526601005962   Marker : 0.06947279917135125   Joint : 0.03552327928179486   Angle : 0.05445658152180559   
Current LR:  [5.499451499016663e-05]
Best Loss : 0.06947279917135125
Evaluation : False
Train , Epoch 22 : : total loss : 0.13249488165363288   Marker : 0.08545354686868496   Joint : 0.03177324075358576   Angle : 0.015268094304578202   
Evaluation : True
Valid, Epoch 22 : : total loss : 0.15918946421317925   Marker : 0.0694078880470359   Joint : 0.03544088759722538   Angle : 0.0543406884596619   
Current LR:  [4.974441727069613e-05]
Best Loss : 0.0694078880470359
Evaluation : False
Train , Epoch 23 : : total loss : 0.13078598752280707   Marker : 0.08437258543426994   Joint : 0.03133664833069926   Angle : 0.015076753844929857   
Evaluation : True
Valid, Epoch 23 : : total loss : 0.15934017141365064   Marker : 0.0690325399376428   Joint : 0.03552959212985007   Angle : 0.054778039318843744   
Current LR:  [4.4995524554468545e-05]
Best Loss : 0.0690325399376428
Evaluation : False
Train , Epoch 24 : : total loss : 0.12895754496616116   Marker : 0.08321879672653534   Joint : 0.03086973787292411   Angle : 0.014869010126496333   
Evaluation : True
Valid, Epoch 24 : : total loss : 0.15855075292348664   Marker : 0.06876254083911196   Joint : 0.035114759305648585   Angle : 0.0546734531119571   
Current LR:  [4.06999888834651e-05]
Best Loss : 0.06876254083911196
Evaluation : False
Train , Epoch 25 : : total loss : 0.12772227409625844   Marker : 0.08246992603169127   Joint : 0.03053781764545277   Angle : 0.014714530379782525   
Evaluation : True
Valid, Epoch 25 : : total loss : 0.1591638646874416   Marker : 0.06921421219629346   Joint : 0.03555806475133182   Angle : 0.05439158725362685   
Current LR:  [3.681453014530254e-05]
Evaluation : False
Train , Epoch 26 : : total loss : 0.12605415604907463   Marker : 0.08141664513365715   Joint : 0.030105730418964298   Angle : 0.014531780495750823   
Evaluation : True
Valid, Epoch 26 : : total loss : 0.158649562227006   Marker : 0.06858919042898966   Joint : 0.03535655698902108   Angle : 0.05470381483630926   
Current LR:  [3.330000000000004e-05]
Best Loss : 0.06858919042898966
Evaluation : False
Train , Epoch 27 : : total loss : 0.12502060441769447   Marker : 0.08076728424717577   Joint : 0.02983863562131989   Angle : 0.014414684488796271   
Evaluation : True
Valid, Epoch 27 : : total loss : 0.15742756922493473   Marker : 0.06831230011358673   Joint : 0.0348938376752105   Angle : 0.05422143118484857   
Best Loss : 0.06831230011358673
Training with lr from 3.33e-06 to 1e-06 in 2 epochs.
LR decay rate : 0.3003003003003003
Evaluation : False
Train , Epoch 28 : : total loss : 0.12179765082772141   Marker : 0.07867317103962014   Joint : 0.028939452372086803   Angle : 0.014185027499594705   
Evaluation : True
Valid, Epoch 28 : : total loss : 0.1561104481494041   Marker : 0.06737221258609391   Joint : 0.03453546236944771   Angle : 0.05420277275137542   
Current LR:  [1e-06]
Best Loss : 0.06737221258609391
Evaluation : False
Train , Epoch 29 : : total loss : 0.12139563729950026   Marker : 0.0783711495678619   Joint : 0.02887255754068966   Angle : 0.014151930212019345   
Evaluation : True
Valid, Epoch 29 : : total loss : 0.15633907773494501   Marker : 0.0675293010616923   Joint : 0.03458921322736477   Angle : 0.05422056376819333   
Finished Training
Load  /tudelft.net/staff-bulk/ewi/insy/VisionLab/students/wyang/dataset/models/model_28_OS_PLUS_POS_JOINT.pt
layer3 uses center striding.
Use ResNet50 Next with center striding and Petrained model
Image size : (256, 256)
Load Pose Estimation Model : /tudelft.net/staff-bulk/ewi/insy/VisionLab/students/wyang/dataset/models/model_28_OS_PLUS_POS_JOINT.pt
 OS Joint error : 0.03453546762466431 , SMPLH Joint error : 0.04273894429206848 , Marker error : 0.044654324650764465 , BonyLandmark : 0.04491480067372322
 OS Joint error : 0.029602965340018272 , SMPLH Joint error : 0.03671794384717941 , Marker error : 0.03731323778629303 , BonyLandmark : 0.03735876455903053
 OS Joint error : 0.016488496214151382 , SMPLH Joint error : 0.02799430675804615 , Marker error : 0.024230586364865303 , BonyLandmark : 0.02501925826072693
