/home/nfs/weitseyang/.bashrc: line 20: dirname: command not found
/home/nfs/weitseyang/.bashrc: line 21: dirname: command not found
              total        used        free      shared  buff/cache   available
Mem:         385423       71331      147791        1098      166300      311882
Swap:         57080           0       57080
Sat Aug  7 19:54:25 2021       
+-----------------------------------------------------------------------------+
| NVIDIA-SMI 470.57.02    Driver Version: 470.57.02    CUDA Version: 11.4     |
|-------------------------------+----------------------+----------------------+
| GPU  Name        Persistence-M| Bus-Id        Disp.A | Volatile Uncorr. ECC |
| Fan  Temp  Perf  Pwr:Usage/Cap|         Memory-Usage | GPU-Util  Compute M. |
|                               |                      |               MIG M. |
|===============================+======================+======================|
|   0  NVIDIA GeForce ...  On   | 00000000:3E:00.0 Off |                  N/A |
| 28%   33C    P8    16W / 250W |      1MiB / 11019MiB |      0%      Default |
|                               |                      |                  N/A |
+-------------------------------+----------------------+----------------------+
                                                                               
+-----------------------------------------------------------------------------+
| Processes:                                                                  |
|  GPU   GI   CI        PID   Type   Process name                  GPU Memory |
|        ID   ID                                                   Usage      |
|=============================================================================|
|  No running processes found                                                 |
+-----------------------------------------------------------------------------+
BML_FOLDER: /tudelft.net/staff-bulk/ewi/insy/VisionLab/students/wyang/dataset/HDF5/BML/
DATASET:
  ANTIALIAS:
    TEST: 1
    TRAIN: 1
  BBOX:
    PARTIAL_VISUALBILITY: False
  COLOR:
    AUG: True
  DATASETPERIMG: 2000
  GEOM:
    AUG: True
    HFLIP: False
    ROT: 20
    SCALE_DOWN: 25
    SCALE_UP: 25
    SHIFT_AUG: 10
  INTERPOLATION:
    TEST: nearest
    TRAIN: nearest
  OCCLUSION:
    PROB: 0.7
    SCALE: 0.8
  TRAINING_USEDEACHFRAME: 2
  USEDEACHFRAME: 1
EVAL_WORKERS: 16
HYP:
  ANGLE: 0.06
  BODY: 0.1
  INTERMEDIATE_MARKER: 1.5
  INTERMEDIATE_POS: 1.5
  MARKER: 2.0
  POS: 1.0
  ROTMAT: 0.1
  SY_BODY: 0.05
LAYER:
  OS_TRANSIT:
    ACT_TYPE: 1
    BN: False
LOSS:
  ANGLE:
    BETA: 5
    EVAL_TYPE: 1
    H: 0.1
    MASKMINVALUE: 0
    TYPE: 2
    USE: True
    USEMASK: True
  BODY:
    BETA: 0.05
    EVAL_TYPE: 1
    H: 0.1
    TYPE: 2
    USE: True
  MARKER:
    BETA: 0.02
    TYPE: 2
    USE: True
  POS:
    BETA: 0.02
    TYPE: 2
    USE: True
  ROTMAT:
    BETA: 0.02
    EVAL_TYPE: 1
    TYPE: 1
    USE: False
  SY_BODY:
    EVAL_TYPE: 1
    TYPE: 1
    USE: False
LSTM:
  BIDIRECTIONAL: True
  DROPOUTPROB: 0.1
  HIDDEN_STATE: 512
  NUM_LAYERS: 3
MODEL:
  CAUSAL: False
  CONV_CHANNEL_SIZE: [2048]
  CONV_LAYER: 1
  FULLCONV: True
  IMGSIZE: (256, 256)
  INFEATURES: 567
  INTERMEDIATE_POSE_ESTIMATION: False
  METRIC_SCALE:
    BBOX_SIZE: 2.2
    DEPTH: 8
    EVAL_STRIDING: 4
    STRIDING: 32
  NUMPRED: 115
  NUM_PRED: 115
  OUTFEATURES: 126
  POS: True
  RECEPTIVE_FIELD: 243
  RESNET:
    CENTER_STRIDING: True
    NEXT: True
    PRETRAINED: True
  TYPE: 4
MODEL_FOLDER: /tudelft.net/staff-bulk/ewi/insy/VisionLab/students/wyang/dataset/models/
PASCAL_PATH: /tudelft.net/staff-bulk/ewi/insy/VisionLab/students/wyang/dataset/HDF5/PASCAL/pascal.hdf5
PCA_PATH: None
POSTFIX: OS_TEMPORAL_LSTM
PREDICTION:
  BODY: ['pelvis', 'lumbar5', 'lumbar4', 'lumbar3', 'lumbar2', 'lumbar1', 'thoracic12', 'thoracic11', 'thoracic10', 'thoracic9', 'thoracic8', 'thoracic7', 'thoracic6', 'thoracic5', 'thoracic4', 'thoracic3', 'thoracic2', 'thoracic1', 'head_neck', 'femur_r', 'tibia_r', 'talus_r', 'calcn_r', 'toes_r', 'femur_l', 'tibia_l', 'talus_l', 'calcn_l', 'toes_l', 'cerv6', 'cerv5', 'cerv4', 'cerv3', 'cerv2', 'cerv1', 'jaw', 'skull', 'thorax', 'clavicle', 'scapula', 'humerus', 'ulna', 'radius', 'clavicle_l', 'scapula_l', 'humerus_l', 'ulna_l', 'radius_l']
  BODY_AMPITUDE_VALUE: [0.38330534, 0.11688988, 0.27979052, 0.18767838, 0.12217734, 0.17559392, 0.25814359, 0.19320878, 0.09488225, 0.23721306, 0.3308586, 0.22396367, 0.08659548, 1e-06, 0.1634575, 0.18397586, 0.23942574, 0.23136499, 0.14410597, 0.14576365, 0.17185328, 0.18178275, 0.15676707, 0.19965802, 0.12167494, 0.14225374, 0.19253547, 0.08705724, 0.13519439, 0.09673029, 0.16227082, 0.25709417, 0.27539152, 0.21485549, 0.11401759, 0.22396367, 0.21485549, 0.1838405, 0.18214334, 0.43287996, 0.43287996, 0.13003099, 0.13036308, 0.2175328, 0.20085876, 0.30206298, 0.3034652, 0.2025831, 0.20302752, 0.1691131, 0.22653959]
  BODY_AVG_VALUE: [1.21267658, 1.19278473, 1.09221309, 0.82231784, 0.65399921, 0.86740023, 1.23414558, 1.13399419, 1.00263798, 1.01988775, 1.04674897, 0.92795962, 0.80902216, 0.94262153, 0.96230629, 0.95413619, 1.04046246, 1.03910667, 0.68939832, 0.71175453, 0.74281865, 0.76454479, 0.9076589, 1.02388528, 0.64942223, 0.89473501, 0.89226717, 0.61283192, 0.7215803, 0.68092433, 1.08504841, 1.17846495, 1.14104316, 1.14461103, 0.74801221, 0.92795962, 1.14461103, 0.89621243, 0.8843008, 1.13165459, 1.13165459, 0.73835266, 0.74087435, 1.07924646, 1.08077973, 1.01209745, 0.99989337, 1.0244289, 1.03203484, 0.82801554, 0.7559647]
  BODY_SCALE_MAPPING: [[0, 1, 2], [10, 3, 9], [10, 3, 9], [10, 3, 9], [10, 3, 9], [10, 3, 9], [10, 3, 9], [10, 4, 9], [10, 4, 9], [10, 5, 9], [10, 5, 9], [10, 6, 9], [10, 6, 9], [10, 6, 9], [10, 6, 9], [10, 6, 9], [10, 6, 9], [10, 6, 9], [11, 7, 9], [16, 14, 16], [20, 18, 20], [20, 18, 20], [22, 23, 24], [28, 30, 30], [17, 15, 17], [21, 19, 21], [21, 19, 21], [25, 26, 27], [29, 31, 31], [11, 7, 9], [11, 7, 9], [11, 7, 9], [11, 7, 9], [11, 7, 9], [11, 7, 9], [12, 8, 13], [12, 8, 13], [32, 33, 34], [37, 35, 41], [39, 36, 41], [45, 43, 45], [49, 47, 49], [49, 47, 49], [38, 35, 42], [40, 36, 42], [46, 44, 46], [50, 48, 50], [50, 48, 50]]
  BODY_SCALE_UNIQUE_NUMS: 51
  BODY_WEIGHTS: [[2.0, 2.0, 2.0], [1.0, 2.0, 1.0], [1.0, 2.0, 1.0], [1.0, 2.0, 1.0], [1.0, 2.0, 1.0], [1.0, 2.0, 1.0], [1.0, 2.0, 1.0], [1.0, 2.0, 1.0], [1.0, 2.0, 1.0], [1.0, 2.0, 1.0], [1.0, 2.0, 1.0], [1.0, 2.0, 1.0], [1.0, 2.0, 1.0], [1.0, 2.0, 1.0], [1.0, 2.0, 1.0], [1.0, 2.0, 1.0], [1.0, 2.0, 1.0], [1.0, 2.0, 1.0], [1.0, 2.0, 1.0], [1.0, 2.0, 1.0], [1.0, 2.0, 1.0], [1.0, 2.0, 1.0], [2.0, 1.0, 1.0], [2.0, 1.0, 1.0], [1.0, 2.0, 1.0], [1.0, 2.0, 1.0], [1.0, 2.0, 1.0], [2.0, 1.0, 1.0], [2.0, 1.0, 1.0], [1.0, 2.0, 1.0], [1.0, 2.0, 1.0], [1.0, 2.0, 1.0], [1.0, 2.0, 1.0], [1.0, 2.0, 1.0], [1.0, 2.0, 1.0], [1.0, 1.0, 2.0], [1.0, 1.0, 2.0], [2.0, 1.0, 1.0], [1.0, 1.0, 2.0], [1.0, 1.0, 2.0], [1.0, 2.0, 1.0], [1.0, 2.0, 1.0], [1.0, 2.0, 1.0], [1.0, 1.0, 2.0], [1.0, 1.0, 2.0], [1.0, 2.0, 1.0], [1.0, 2.0, 1.0], [1.0, 2.0, 1.0]]
  COORDINATES: ['L5_S1_FE', 'L5_S1_LB', 'L5_S1_AR', 'L4_L5_FE', 'L4_L5_LB', 'L4_L5_AR', 'T12_L1_FE', 'T12_L1_LB', 'T12_L1_AR', 'T11_T12_FE', 'T11_T12_LB', 'T11_T12_AR', 'T10_T11_FE', 'T10_T11_LB', 'T10_T11_AR', 'T9_T10_FE', 'T9_T10_LB', 'T9_T10_AR', 'T8_T9_FE', 'T8_T9_LB', 'T8_T9_AR', 'T1_T2_FE', 'T1_T2_LB', 'T1_T2_AR', 'T1_head_neck_FE', 'T1_head_neck_LB', 'T1_head_neck_AR', 'hip_flexion_r', 'hip_adduction_r', 'hip_rotation_r', 'knee_angle_r', 'knee_angle_y_r', 'knee_angle_x_r', 'ankle_angle_r', 'subtalar_angle_r', 'mtp_angle_r', 'hip_flexion_l', 'hip_adduction_l', 'hip_rotation_l', 'knee_angle_l', 'knee_angle_y_l', 'knee_angle_x_l', 'ankle_angle_l', 'subtalar_angle_l', 'mtp_angle_l', 'skull_z', 'skull_y', 'skull_x', 'sternoclavicular_r2', 'sternoclavicular_r3', 'acromioclavicular_r2', 'elv_angle', 'shoulder_elv', 'shoulder1_r2', 'shoulder_rot', 'elbow_flexion', 'elbow_x', 'pro_sup', 'sternoclavicular_r2_l', 'sternoclavicular_r3_l', 'acromioclavicular_r2_l', 'elv_angle_l', 'shoulder_elv_l', 'shoulder1_r2_l', 'shoulder_rot_l', 'elbow_flexion_l', 'elbow_x_l', 'pro_sup_l', 'ribs_bending']
  JOINTS: ['ground_pelvis', 'L5_S1_IVDjnt', 'L4_L5_IVDjnt', 'L3_L4_IVDjnt', 'L2_L3_IVDjnt', 'L1_L2_IVDjnt', 'T12_L1_IVDjnt', 'T11_T12_IVDjnt', 'T10_T11_IVDjnt', 'T9_T10_IVDjnt', 'T8_T9_IVDjnt', 'T7_T8_IVDjnt', 'T6_T7_IVDjnt', 'T5_T6_IVDjnt', 'T4_T5_IVDjnt', 'T3_T4_IVDjnt', 'T2_T3_IVDjnt', 'T1_T2_IVDjnt', 'T1_head_neck', 'hip_r', 'knee_r', 'ankle_r', 'subtalar_r', 'mtp_r', 'hip_l', 'knee_l', 'ankle_l', 'subtalar_l', 'mtp_l', 'C7_cerv6', 'C7_cerv5', 'C7_cerv4', 'C7_cerv3', 'C7_cerv2', 'C7_cerv1', 'skull_jaw', 'C7_skull', 'sternoclavicular', 'acromioclavicular', 'shoulder2', 'elbow', 'radioulnar', 'sternoclavicular_l', 'acromioclavicular_l', 'shoulder2_l', 'elbow_l', 'radioulnar_l', 'T1_rib']
  Joints_Inside_Cylinder_Body_LIST: [['ROOT', 'Torso'], ['RHIPJ', 'Torso'], ['LHIPJ', 'Torso'], ['Spine1', 'Torso'], ['Spine2', 'Torso'], ['Spine3', 'Torso'], ['LCOL', 'Torso'], ['RCOL', 'Torso'], ['NECK', 'Torso'], ['HEAD', 'HEAD'], ['RKNE', 'RightLeg'], ['RKNI', 'RightLeg'], ['LKNE', 'LeftLeg'], ['LKNI', 'LeftLeg'], ['LANK', 'LeftShrank'], ['RANK', 'RightShrank'], ['LANI', 'LeftShrank'], ['RANI', 'RightShrank'], ['RTOE', 'RightFOOT'], ['LTOE', 'LeftFOOT'], ['RMT1', 'RightFOOT'], ['LMT1', 'LeftFOOT'], ['RMT5', 'RightFOOT'], ['LMT5', 'LeftFOOT'], ['LELB', 'LeftArm'], ['RELB', 'RightArm'], ['LELBIN', 'LeftArm'], ['RELBIN', 'RightArm'], ['LIWR', 'LeftForearm'], ['RIWR', 'RightForearm'], ['LOWR', 'LeftForearm'], ['ROWR', 'RightForearm'], ['ground_pelvis', 'Torso'], ['L5_S1_IVDjnt', 'Torso'], ['L4_L5_IVDjnt', 'Torso'], ['L3_L4_IVDjnt', 'Torso'], ['L2_L3_IVDjnt', 'Torso'], ['L1_L2_IVDjnt', 'Torso'], ['T12_L1_IVDjnt', 'Torso'], ['T11_T12_IVDjnt', 'Torso'], ['T10_T11_IVDjnt', 'Torso'], ['T9_T10_IVDjnt', 'Torso'], ['T8_T9_IVDjnt', 'Torso'], ['T7_T8_IVDjnt', 'Torso'], ['T6_T7_IVDjnt', 'Torso'], ['T5_T6_IVDjnt', 'Torso'], ['T4_T5_IVDjnt', 'Torso'], ['T3_T4_IVDjnt', 'Torso'], ['T2_T3_IVDjnt', 'Torso'], ['T1_T2_IVDjnt', 'Torso'], ['T1_head_neck', 'HEAD'], ['hip_r', 'RightLeg'], ['knee_r', 'RightLeg'], ['ankle_r', 'RightShrank'], ['subtalar_r', 'RightShrank'], ['mtp_r', 'RightFOOT'], ['hip_l', 'LeftLeg'], ['knee_l', 'LeftLeg'], ['ankle_l', 'LeftShrank'], ['subtalar_l', 'LeftShrank'], ['mtp_l', 'LeftFOOT'], ['C7_cerv6', 'HEAD'], ['C7_cerv5', 'HEAD'], ['C7_cerv4', 'HEAD'], ['C7_cerv3', 'HEAD'], ['C7_cerv2', 'HEAD'], ['C7_cerv1', 'HEAD'], ['skull_jaw', 'HEAD'], ['C7_skull', 'HEAD'], ['sternoclavicular', 'RightArm'], ['acromioclavicular', 'RightArm'], ['shoulder2', 'RightArm'], ['elbow', 'RightArm'], ['radioulnar', 'RightForearm'], ['sternoclavicular_l', 'LeftArm'], ['acromioclavicular_l', 'LeftArm'], ['shoulder2_l', 'LeftArm'], ['elbow_l', 'LeftArm'], ['radioulnar_l', 'LeftForearm'], ['T1_rib', 'Torso'], ['radiocarpal', 'RightForearm'], ['radiocarpal_l', 'LeftForearm']]
  LEAFJOINTS: ['radiocarpal', 'radiocarpal_l']
  MARKER: ['ROOT', 'LHIPJ', 'RHIPJ', 'Spine1', 'LKJC', 'RKJC', 'Spine2', 'LAJC', 'RAJC', 'Spine3', 'LFOOT', 'RFOOT', 'NECK', 'LCOL', 'RCOL', 'HEAD', 'LSHOULDER', 'RSHOULDER', 'LELC', 'RELC', 'LWRIST', 'RWRIST', 'LPSI', 'RPSI', 'RASI', 'LASI', 'T12', 'T10', 'T8', 'T1', 'C7', 'RKNE', 'RKNI', 'LKNE', 'LKNI', 'LANK', 'RANK', 'LANI', 'RANI', 'LHEE', 'RHEE', 'RTOE', 'LTOE', 'RMT1', 'LMT1', 'RMT5', 'LMT5', 'LSHO', 'RSHO', 'STRN', 'CLAV', 'RCLAV', 'LCLAV', 'LELB', 'RELB', 'LELBIN', 'RELBIN', 'LIWR', 'RIWR', 'LOWR', 'ROWR', 'LFHD', 'RFHD', 'LBHD', 'RBHD']
  MIRROR_BONES: [0, 1, 2, 3, 4, 5, 6, 7, 8, 9, 10, 11, 12, 13, 14, 15, 16, 17, 18, 24, 25, 26, 27, 28, 19, 20, 21, 22, 23, 29, 30, 31, 32, 33, 34, 35, 36, 37, 43, 44, 45, 46, 47, 38, 39, 40, 41, 42]
  NUM_JOINTS: 50
  NUM_MARKERS: 65
  NUM_SMPL_JOINTS: 22
  POS_NAME: ['ground_pelvis', 'L5_S1_IVDjnt', 'L4_L5_IVDjnt', 'L3_L4_IVDjnt', 'L2_L3_IVDjnt', 'L1_L2_IVDjnt', 'T12_L1_IVDjnt', 'T11_T12_IVDjnt', 'T10_T11_IVDjnt', 'T9_T10_IVDjnt', 'T8_T9_IVDjnt', 'T7_T8_IVDjnt', 'T6_T7_IVDjnt', 'T5_T6_IVDjnt', 'T4_T5_IVDjnt', 'T3_T4_IVDjnt', 'T2_T3_IVDjnt', 'T1_T2_IVDjnt', 'T1_head_neck', 'hip_r', 'knee_r', 'ankle_r', 'subtalar_r', 'mtp_r', 'hip_l', 'knee_l', 'ankle_l', 'subtalar_l', 'mtp_l', 'C7_cerv6', 'C7_cerv5', 'C7_cerv4', 'C7_cerv3', 'C7_cerv2', 'C7_cerv1', 'skull_jaw', 'C7_skull', 'sternoclavicular', 'acromioclavicular', 'shoulder2', 'elbow', 'radioulnar', 'sternoclavicular_l', 'acromioclavicular_l', 'shoulder2_l', 'elbow_l', 'radioulnar_l', 'T1_rib', 'radiocarpal', 'radiocarpal_l', 'ROOT', 'LHIPJ', 'RHIPJ', 'Spine1', 'LKJC', 'RKJC', 'Spine2', 'LAJC', 'RAJC', 'Spine3', 'LFOOT', 'RFOOT', 'NECK', 'LCOL', 'RCOL', 'HEAD', 'LSHOULDER', 'RSHOULDER', 'LELC', 'RELC', 'LWRIST', 'RWRIST', 'LPSI', 'RPSI', 'RASI', 'LASI', 'T12', 'T10', 'T8', 'T1', 'C7', 'RKNE', 'RKNI', 'LKNE', 'LKNI', 'LANK', 'RANK', 'LANI', 'RANI', 'LHEE', 'RHEE', 'RTOE', 'LTOE', 'RMT1', 'LMT1', 'RMT5', 'LMT5', 'LSHO', 'RSHO', 'STRN', 'CLAV', 'RCLAV', 'LCLAV', 'LELB', 'RELB', 'LELBIN', 'RELBIN', 'LIWR', 'RIWR', 'LOWR', 'ROWR', 'LFHD', 'RFHD', 'LBHD', 'RBHD']
PROGRESSBAR: False
RESNETPATH: None
SEED: 100
STARTMODELPATH: None
TESTMODE: False
TEST_SUBJECTS: [2, 29, 19, 21, 51, 26, 7, 72, 77, 17, 65, 80, 6, 76, 10, 73, 13, 38]
TRAINING:
  AMSGRAD: False
  AWARED_OCCLUSION:
    GT: False
    USE: False
  BATCHSIZE: 128
  COORDINATE_MAX_WEIGHT: 2
  END_LR: [5e-06]
  END_MOMENTUM: 0.001
  EPOCH: [50]
  EVALUATION_BATCHSIZE: 128
  INITIAL_MOMENTUM: 0.1
  LOSS2D: False
  LOSSTYPE: 1
  MARKER_PREDICTION: True
  MARKER_TYPE: [10, 10, 10, 1, 1, 1, 1, 1, 1, 1, 20, 20, 10, 1, 1, 10, 0, 0, 1, 1, 1, 1, 20, 20, 20, 20, 10, 20, 10, 10, 20, 20, 20, 20, 20, 20, 20, 20, 20, 20, 20, 10, 10, 1, 1, 1, 1, 20, 20, 20, 20, 1, 1, 20, 20, 20, 20, 20, 20, 20, 20, 10, 10, 10, 10]
  MARKER_WEIGHT: [1.0, 1.0, 1.0, 0.1, 0.1, 0.1, 0.1, 0.1, 0.1, 0.1, 2.0, 2.0, 1.0, 0.1, 0.1, 1.0, 0.0, 0.0, 0.1, 0.1, 0.1, 0.1, 2.0, 2.0, 2.0, 2.0, 1.0, 2.0, 1.0, 1.0, 2.0, 2.0, 2.0, 2.0, 2.0, 2.0, 2.0, 2.0, 2.0, 2.0, 2.0, 1.0, 1.0, 0.1, 0.1, 0.1, 0.1, 2.0, 2.0, 2.0, 2.0, 0.1, 0.1, 2.0, 2.0, 2.0, 2.0, 2.0, 2.0, 2.0, 2.0, 1.0, 1.0, 1.0, 1.0]
  PCA: False
  PCA_COMPONENTS: 51
  START_LR: [0.001]
  TRAINING_STEPS: 1
  USE_BODY_WEIGHTS: False
  USE_OS_SIMULATION: False
  VALID_BATCHSIZE: 64
TRAINING_SUBJECTS: [78, 59, 79, 44, 56, 88, 75, 61, 53, 47, 40, 41, 32, 70, 28, 39, 69, 11, 3, 90, 71, 54, 20, 85, 37, 34, 33, 46, 67, 63, 55, 36, 42, 50, 24, 35, 84, 45, 60, 16, 74, 82, 27, 89, 57, 5, 49, 22, 4, 66, 31, 83, 43, 48, 52, 68, 25, 9, 18, 1, 81, 58, 23, 62, 64, 8, 87]
TRANSFORMER:
  BATCHNORM: False
  DROPOUT: False
  D_CHANNEL: 512
  D_MODEL: 256
  N1: 3
  N_HEADS: 8
  POS_ENCODNIG_EVERY_BLOCK: False
  STRIDES: [3, 9, 9]
VALID_SUBJECTS: [14, 86, 15, 30]
VALID_WORKERS: 16
WORKERS: 16
83696 training data, 21822 valid data, 100839 test data
Use LSTM, Receptive Field : 243
LR starts from 0.001, LR decay rate : 0.9013257213104922
Evaluation : False
Train , Epoch 0 : : total loss : 0.8526841093077229   marker : 0.24803934297645622   pose : 0.0718913573178407   angle : 0.13258811584452757   body : 0.002216369811100329   inter pose : 0.06460831728500027   inter marker : 0.22060575794890683   inter angle : 0.11054834183790417   inter body : 0.0021865085342465396   
Evaluation : True
Valid, Epoch 0 : : total loss : 0.839022211713409   marker : 0.12369750927266164   pose : 0.04423554640032174   angle : 0.2516407177785   body : 0.01776449169665534   inter pose : 0.04114317437291593   inter marker : 0.11418475790952917   inter angle : 0.22908034742878203   inter body : 0.017275665827036102   
Current LR:  [0.0009013257213104922]
Best Loss : 0.2516407177785
Evaluation : False
Train , Epoch 1 : : total loss : 0.2907942513411845   marker : 0.09032160189761503   pose : 0.02490599505078464   angle : 0.03617880534192413   body : 0.000892095283995943   inter pose : 0.02323727205874909   inter marker : 0.08352355702365157   inter angle : 0.030863445235065443   inter body : 0.0008714796160882593   
Evaluation : True
Valid, Epoch 1 : : total loss : 0.7287758572074716   marker : 0.10159953336931588   pose : 0.03727860506902245   angle : 0.22239571934866867   body : 0.01604262623403656   inter pose : 0.03494771104195019   inter marker : 0.09480677001931448   inter angle : 0.2058078932637594   inter body : 0.015896998678400037   
Current LR:  [0.000812388055895879]
Best Loss : 0.22239571934866867
Evaluation : False
Train , Epoch 2 : : total loss : 0.2277310645324713   marker : 0.07294013443621158   pose : 0.020071396632704765   angle : 0.024134767006449457   body : 0.0006197898421018666   inter pose : 0.01902827665574883   inter marker : 0.06875741840047822   inter angle : 0.02156357974053616   inter body : 0.0006157016782924407   
Evaluation : True
Valid, Epoch 2 : : total loss : 0.6990281210713968   marker : 0.09738831259614114   pose : 0.03633553323403975   angle : 0.21282120728162784   body : 0.01555458445147386   inter pose : 0.03424966326556146   inter marker : 0.09097971945479355   inter angle : 0.19614498185451543   inter body : 0.015554122806371116   
Current LR:  [0.0007322262504643815]
Best Loss : 0.21282120728162784
Evaluation : False
Train , Epoch 3 : : total loss : 0.21837875924742056   marker : 0.07024199806530297   pose : 0.019259801234302622   angle : 0.0225673371777623   body : 0.0006292908249036402   inter pose : 0.018313476676050044   inter marker : 0.0664482003685435   inter angle : 0.020293831691191536   inter body : 0.0006248225777261644   
Evaluation : True
Valid, Epoch 3 : : total loss : 0.7017418117836103   marker : 0.0962302910069936   pose : 0.03539383292318363   angle : 0.21645885514203486   body : 0.015461557639769417   inter pose : 0.03314495106336013   inter marker : 0.08956143663976426   inter angle : 0.20019664961939257   inter body : 0.015294237456851826   
Current LR:  [0.0006599743533622857]
Evaluation : False
Train , Epoch 4 : : total loss : 0.1973919640273814   marker : 0.06444894260003775   pose : 0.017568037311787535   angle : 0.0189008652410865   body : 0.0005609944173431518   inter pose : 0.01678174495223516   inter marker : 0.06127442996292896   inter angle : 0.01730071995150623   inter body : 0.000556229322772205   
Evaluation : True
Valid, Epoch 4 : : total loss : 0.6888154658898895   marker : 0.09474875754128345   pose : 0.03604396441037228   angle : 0.20959411276194212   body : 0.01585926815980777   inter pose : 0.033985313164325806   inter marker : 0.08862742546465426   inter angle : 0.1942877817105858   inter body : 0.015668842900893   
Current LR:  [0.0005948518600906879]
Best Loss : 0.20959411276194212
Evaluation : False
Train , Epoch 5 : : total loss : 0.17799578342375674   marker : 0.05949312487865298   pose : 0.016130286665379454   angle : 0.015113315381007027   body : 0.0005086551687450563   inter pose : 0.015501320728629964   inter marker : 0.05689929027515385   inter angle : 0.013840524813482627   inter body : 0.0005092659324160128   
Evaluation : True
Valid, Epoch 5 : : total loss : 0.6908639497558549   marker : 0.09587146287309228   pose : 0.03643331430690577   angle : 0.2092924849183561   body : 0.016071751056850672   inter pose : 0.0344613116893833   inter marker : 0.0897913479955766   inter angle : 0.19306589945045927   inter body : 0.01587637404551614   
Current LR:  [0.0005361552818691272]
Best Loss : 0.2092924849183561
Evaluation : False
Train , Epoch 6 : : total loss : 0.17072871562441494   marker : 0.057275513651999   pose : 0.015518074036557312   angle : 0.014136363427007819   body : 0.0004890479898785496   inter pose : 0.014927398454780144   inter marker : 0.054938750007798805   inter angle : 0.012953470284219084   inter body : 0.0004900977371426679   
Evaluation : True
Valid, Epoch 6 : : total loss : 0.6861374683465784   marker : 0.09439658465301091   pose : 0.035933265064586675   angle : 0.20840522845476886   body : 0.016057976557828035   inter pose : 0.033909360119778825   inter marker : 0.08854180293082754   inter angle : 0.19301097428653366   inter body : 0.015882276131748203   
Current LR:  [0.0004832505461651213]
Best Loss : 0.20840522845476886
Evaluation : False
Train , Epoch 7 : : total loss : 0.16278153044067517   marker : 0.05508882256872256   pose : 0.014866281770009999   angle : 0.012789202553104569   body : 0.0004711854066125689   inter pose : 0.014344339303181694   inter marker : 0.05300366203051066   inter angle : 0.011745633290735448   inter body : 0.0004724035404835062   
Evaluation : True
Valid, Epoch 7 : : total loss : 0.6815598468362722   marker : 0.09191032317368447   pose : 0.03447476028576637   angle : 0.2103124859680254   body : 0.015530357621634065   inter pose : 0.032605297951571126   inter marker : 0.08616848897020579   inter angle : 0.1951118191203454   inter body : 0.01544631615413578   
Current LR:  [0.0004355661470959672]
Evaluation : False
Train , Epoch 8 : : total loss : 0.15544753114352   marker : 0.05299009518501039   pose : 0.014237670821193349   angle : 0.011634346561229704   body : 0.00045897266544953595   inter pose : 0.013777158967580127   inter marker : 0.051185137667845805   inter angle : 0.010704050930202645   inter body : 0.00046009845041511594   
Evaluation : True
Valid, Epoch 8 : : total loss : 0.6741699309301424   marker : 0.09258174238518739   pose : 0.03526050238591396   angle : 0.20533173781968247   body : 0.015821070109942405   inter pose : 0.033250013178728444   inter marker : 0.08660407704837643   inter angle : 0.18959194959854295   inter body : 0.015728835890878954   
Current LR:  [0.00039258697170970456]
Best Loss : 0.20533173781968247
Evaluation : False
Train , Epoch 9 : : total loss : 0.1503633531594897   marker : 0.051435879410271626   pose : 0.013773405386753963   angle : 0.010954431601861351   body : 0.0004500014031595432   inter pose : 0.01337279340289362   inter marker : 0.04982407708262959   inter angle : 0.010101588638313971   inter body : 0.0004511761978168075   
Evaluation : True
Valid, Epoch 9 : : total loss : 0.6762422042985129   marker : 0.09263486515185364   pose : 0.03536794847948677   angle : 0.20551675684280962   body : 0.01615555669240713   inter pose : 0.03345815283864745   inter marker : 0.08669313922525818   inter angle : 0.1903256287486052   inter body : 0.016090160154332688   
Current LR:  [0.00035384873545335125]
Evaluation : False
Train , Epoch 10 : : total loss : 0.1447290060257291   marker : 0.04977668841208287   pose : 0.013245006180318446   angle : 0.010126874255869327   body : 0.00044371853264335364   inter pose : 0.01290372157238344   inter marker : 0.048388703362545596   inter angle : 0.009399529118632833   inter body : 0.0004447648031808219   
Evaluation : True
Valid, Epoch 10 : : total loss : 0.6819306991461075   marker : 0.09259606574569589   pose : 0.035167443513018044   angle : 0.20872441728745927   body : 0.016128831291141916   inter pose : 0.03316774338568484   inter marker : 0.08681796051800147   inter angle : 0.19326701044937986   inter body : 0.01606122596695884   
Current LR:  [0.0003189329667172973]
Evaluation : False
Train , Epoch 11 : : total loss : 0.14002965164768752   marker : 0.048351324723882295   pose : 0.012814209776521186   angle : 0.009486434371517272   body : 0.0004389845409750037   inter pose : 0.012520215846312905   inter marker : 0.047136927534117266   inter angle : 0.008841519870126411   inter body : 0.00044003537622320355   
Evaluation : True
Valid, Epoch 11 : : total loss : 0.6775376205647116   marker : 0.09307554989422223   pose : 0.035402570054004705   angle : 0.20598840840238009   body : 0.01606973598720326   inter pose : 0.0334958389473818   inter marker : 0.08709653679647822   inter angle : 0.1904463634712975   inter body : 0.0159626150697172   
Current LR:  [0.0002874624862761632]
Evaluation : False
Train , Epoch 12 : : total loss : 0.1358816220352332   marker : 0.04706508356501644   pose : 0.01241076718103055   angle : 0.00895791206006845   body : 0.000435609304061613   inter pose : 0.012167436154887286   inter marker : 0.046026092707243664   inter angle : 0.008382066584421838   inter body : 0.00043665491185182416   
Evaluation : True
Valid, Epoch 12 : : total loss : 0.6784502567308391   marker : 0.09287490613977759   pose : 0.03540234274676713   angle : 0.20609948995864835   body : 0.016394965333556638   inter pose : 0.03351496154430992   inter marker : 0.0870884579880604   inter angle : 0.19075370212925877   inter body : 0.016321430480750056   
Current LR:  [0.00025909733279257026]
Evaluation : False
Train , Epoch 13 : : total loss : 0.13167657800144295   marker : 0.04569258455295475   pose : 0.011993308732739634   angle : 0.008462649973317592   body : 0.00043402796775740137   inter pose : 0.01181534058906446   inter marker : 0.04488643985612469   inter angle : 0.007957121982719823   inter body : 0.00043510454812922887   
Evaluation : True
Valid, Epoch 13 : : total loss : 0.6809349250601167   marker : 0.09244811874667945   pose : 0.03557224100401526   angle : 0.2082400472296791   body : 0.016161396696613206   inter pose : 0.033632483903870726   inter marker : 0.0868186796632546   inter angle : 0.19199560774791885   inter body : 0.016066350387659422   
Current LR:  [0.00023353109036888803]
Evaluation : False
Train , Epoch 14 : : total loss : 0.1280052248633839   marker : 0.04450154402057938   pose : 0.011625301443713548   angle : 0.008045774902349728   body : 0.00043282844977500414   inter pose : 0.011493778402473532   inter marker : 0.04386311159062714   inter angle : 0.007609053631847978   inter body : 0.00043383232530193604   
Evaluation : True
Valid, Epoch 14 : : total loss : 0.678155687528115   marker : 0.09231279628565917   pose : 0.03524351587611064   angle : 0.20718014652160247   body : 0.016281949294912487   inter pose : 0.03330072351691157   inter marker : 0.08648813678761383   inter angle : 0.19116269245275316   inter body : 0.016185727273278338   
Current LR:  [0.00021048757847516372]
Evaluation : False
Train , Epoch 15 : : total loss : 0.12478613466663346   marker : 0.043456175768174586   pose : 0.011299190341079948   angle : 0.007681768807578279   body : 0.00043227136635883305   inter pose : 0.011212198414581659   inter marker : 0.04297820134673148   inter angle : 0.007292906907037653   inter body : 0.0004334217046172134   
Evaluation : True
Valid, Epoch 15 : : total loss : 0.6793396669810332   marker : 0.09219798568887809   pose : 0.03523552576176417   angle : 0.20752420146593567   body : 0.016325672101541833   inter pose : 0.03327513210889935   inter marker : 0.08647091318122976   inter angle : 0.1920488718700785   inter body : 0.016261366654596127   
Current LR:  [0.00018971786849602577]
Evaluation : False
Train , Epoch 16 : : total loss : 0.12194006713207063   marker : 0.042501417614782024   pose : 0.011001037179876067   angle : 0.007359283860019803   body : 0.0004324217248586068   inter pose : 0.010971992148249017   inter marker : 0.0421986912147557   inter angle : 0.0070419337730255735   inter body : 0.00043328938394061834   
Evaluation : True
Valid, Epoch 16 : : total loss : 0.6794111211450015   marker : 0.09212594230696607   pose : 0.035093799781082596   angle : 0.20782703143212375   body : 0.016262805174540103   inter pose : 0.03316303574954783   inter marker : 0.08660199834253554   inter angle : 0.19213897460169735   inter body : 0.01619753259839392   
Current LR:  [0.00017099759466766953]
Evaluation : False
Train , Epoch 17 : : total loss : 0.11914483941578026   marker : 0.04160420173297067   pose : 0.010721502610258359   angle : 0.007039946221545407   body : 0.00043255874751974325   inter pose : 0.010722694858611999   inter marker : 0.04142672595372609   inter angle : 0.006763853498550551   inter body : 0.000433356146523187   
Evaluation : True
Valid, Epoch 17 : : total loss : 0.6787678574611107   marker : 0.09215969937104002   pose : 0.035153587735679274   angle : 0.20731936260646777   body : 0.01647257616403898   inter pose : 0.03312449265811219   inter marker : 0.08649196466116058   inter angle : 0.1916950294617695   inter body : 0.01635114450238822   
Current LR:  [0.0001541245303561964]
Evaluation : False
Train , Epoch 18 : : total loss : 0.11682496089802037   marker : 0.04084114370950331   pose : 0.01048917124393021   angle : 0.006792160765101041   body : 0.00043291384736639357   inter pose : 0.010517316706375908   inter marker : 0.04076255513369398   inter angle : 0.00655581278278625   inter body : 0.000433886672181518   
Evaluation : True
Valid, Epoch 18 : : total loss : 0.6778159745945064   marker : 0.0921900137547404   pose : 0.0350683554317302   angle : 0.2072632919582828   body : 0.016246380115252413   inter pose : 0.033100605087465575   inter marker : 0.08672298498785623   inter angle : 0.19106397894494923   inter body : 0.016160362385860036   
Current LR:  [0.00013891640349493958]
Evaluation : False
Train , Epoch 19 : : total loss : 0.11592035623093294   marker : 0.04053246973233603   pose : 0.010382150756237975   angle : 0.006696894722113565   body : 0.00043417662918741656   inter pose : 0.010438761454229607   inter marker : 0.04052065606093516   inter angle : 0.006479990974519328   inter body : 0.00043525596608865613   
Evaluation : True
Valid, Epoch 19 : : total loss : 0.6783428324994044   marker : 0.09251756974444819   pose : 0.03526407301606206   angle : 0.20661491946092   body : 0.01639669396112278   inter pose : 0.033404630915883284   inter marker : 0.08723729638543774   inter angle : 0.19057156606769815   inter body : 0.016336085610948663   
Current LR:  [0.0001252089275819358]
Evaluation : False
Train , Epoch 20 : : total loss : 0.11297811405764605   marker : 0.03955820632975828   pose : 0.010076555654486416   angle : 0.006405543058876741   body : 0.00043407345018071474   inter pose : 0.010163869473449943   inter marker : 0.03967441438738639   inter angle : 0.006230358475074743   inter body : 0.0004350933883478936   
Evaluation : True
Valid, Epoch 20 : : total loss : 0.6797725337310558   marker : 0.0926436510436553   pose : 0.0355381877795333   angle : 0.20685174644140875   body : 0.016457203191465795   inter pose : 0.03360064792737943   inter marker : 0.08711857927259631   inter angle : 0.19117219453989426   inter body : 0.016390326512350454   
Current LR:  [0.00011285402696730145]
Evaluation : False
Train , Epoch 21 : : total loss : 0.1110801465273086   marker : 0.038918514272474766   pose : 0.009877149543366973   angle : 0.006208655423702954   body : 0.00043495742091231594   inter pose : 0.009993067861265099   inter marker : 0.03914159696098491   inter angle : 0.006070146528978306   inter body : 0.0004360584933831318   
Evaluation : True
Valid, Epoch 21 : : total loss : 0.6809062770717293   marker : 0.09240696120137594   pose : 0.035426967621024416   angle : 0.20797932494321453   body : 0.0165119428850315   inter pose : 0.033463320475583466   inter marker : 0.0868870287043792   inter angle : 0.19177740857642903   inter body : 0.016453321222511225   
Current LR:  [0.00010171823725909672]
Evaluation : False
Train , Epoch 22 : : total loss : 0.10954346651550821   marker : 0.03839959213324747   pose : 0.009717267430223421   angle : 0.006048653448060452   body : 0.0004358366550735068   inter pose : 0.009861703953530303   inter marker : 0.038707946072037334   inter angle : 0.005935617164205218   inter body : 0.0004368496363555405   
Evaluation : True
Valid, Epoch 22 : : total loss : 0.6796788406267185   marker : 0.09255737524598102   pose : 0.03531647873519158   angle : 0.20725258836037364   body : 0.01650836332593171   inter pose : 0.03339042448121264   inter marker : 0.0870907588333271   inter angle : 0.19111413385808856   inter body : 0.016448715732598238   
Current LR:  [9.168126356798713e-05]
Evaluation : False
Train , Epoch 23 : : total loss : 0.10816015289443193   marker : 0.03794860587117318   pose : 0.009572941745712691   angle : 0.005893932690396106   body : 0.00043647045360173555   inter pose : 0.009732343848355423   inter marker : 0.03831291462866672   inter angle : 0.005825342005047416   inter body : 0.00043760169252709044   
Evaluation : True
Valid, Epoch 23 : : total loss : 0.6787326067355581   marker : 0.09221430216402829   pose : 0.03516152814944301   angle : 0.2072586341538358   body : 0.016450144605231913   inter pose : 0.03321048347227362   inter marker : 0.08682033434631778   inter angle : 0.19123961370267284   inter body : 0.016377571577243982   
Current LR:  [8.263468101607335e-05]
Evaluation : False
Train , Epoch 24 : : total loss : 0.10703304453337904   marker : 0.037572867147179514   pose : 0.009459836126104066   angle : 0.0057795075721080325   body : 0.0004371373551743673   inter pose : 0.009626735726322916   inter marker : 0.03798968977028159   inter angle : 0.005728971309372285   inter body : 0.00043829981867683223   
Evaluation : True
Valid, Epoch 24 : : total loss : 0.6789905569772106   marker : 0.09206710852926368   pose : 0.035118610259538476   angle : 0.2075939873335353   body : 0.016482158696418742   inter pose : 0.03314970236914523   inter marker : 0.08664567670926156   inter angle : 0.19152997021014767   inter body : 0.016403346841357802   
Current LR:  [7.448076347207475e-05]
Evaluation : False
Train , Epoch 25 : : total loss : 0.10590085200109672   marker : 0.037178577869491594   pose : 0.00933217876098742   angle : 0.005678376672820831   body : 0.000437999277414503   inter pose : 0.009522380535512204   inter marker : 0.03767006807200394   inter angle : 0.005642185652283396   inter body : 0.00043908543459561923   
Evaluation : True
Valid, Epoch 25 : : total loss : 0.6830390265549303   marker : 0.0927083791203639   pose : 0.03549704620746609   angle : 0.2081208923059449   body : 0.016752213706739467   inter pose : 0.03353937628638263   inter marker : 0.0873213627196158   inter angle : 0.19239071429174573   inter body : 0.016709044790106247   
Current LR:  [6.713142786022393e-05]
Evaluation : False
Train , Epoch 26 : : total loss : 0.10494588689727403   marker : 0.03685630276616646   pose : 0.00922929403011275   angle : 0.0055953386206904375   body : 0.00043858047676376805   inter pose : 0.009434557365821205   inter marker : 0.03738518192177527   inter angle : 0.0055666200825188646   inter body : 0.0004400116012907326   
Evaluation : True
Valid, Epoch 26 : : total loss : 0.6804683910108008   marker : 0.09234387605177823   pose : 0.03535522809114719   angle : 0.2074275197275683   body : 0.016708619729395954   inter pose : 0.033432245298219025   inter marker : 0.08698241792167864   inter angle : 0.1915642268803432   inter body : 0.016654258157404782   
Current LR:  [6.05072826387196e-05]
Evaluation : False
Train , Epoch 27 : : total loss : 0.10403092570637124   marker : 0.03654620847215514   pose : 0.009128930398004892   angle : 0.005505118685935668   body : 0.00043940291451012136   inter pose : 0.009348600555159962   inter marker : 0.0371288357054384   inter angle : 0.005493093256312344   inter body : 0.0004407356968819867   
Evaluation : True
Valid, Epoch 27 : : total loss : 0.6797546305956669   marker : 0.09208665437325146   pose : 0.035240006003258766   angle : 0.207655858429769   body : 0.016518552781200225   inter pose : 0.03331873419304268   inter marker : 0.0867035201026106   inter angle : 0.19178528126235975   inter body : 0.016446028699928193   
Current LR:  [5.453677016888176e-05]
Evaluation : False
Train , Epoch 28 : : total loss : 0.10324174926757447   marker : 0.03628106392452217   pose : 0.009050138087894705   angle : 0.005424719728147226   body : 0.0004398913905709115   inter pose : 0.009275822808957484   inter marker : 0.03689476967451218   inter angle : 0.005434016600838801   inter body : 0.0004413270872071311   
Evaluation : True
Valid, Epoch 28 : : total loss : 0.6798566526829536   marker : 0.09241709216641152   pose : 0.0352885853456496   angle : 0.20728826793782182   body : 0.01661176955368875   inter pose : 0.03333211158178716   inter marker : 0.08710808728182855   inter angle : 0.19124518226565498   inter body : 0.01656555983325583   
Current LR:  [4.915539371041189e-05]
Evaluation : False
Train , Epoch 29 : : total loss : 0.10252776865207035   marker : 0.03604387695605868   pose : 0.008971551110879567   angle : 0.005355677847674895   body : 0.00044054102889229337   inter pose : 0.009208708021727036   inter marker : 0.03668755718476922   inter angle : 0.00537782141819003   inter body : 0.00044203519530217826   
Evaluation : True
Valid, Epoch 29 : : total loss : 0.6814492802256767   marker : 0.09266917677784849   pose : 0.0354402636140025   angle : 0.20772847997291138   body : 0.0166065476574608   inter pose : 0.033467598713544516   inter marker : 0.0872879957215354   inter angle : 0.19170300445507693   inter body : 0.016546211996761123   
Current LR:  [4.430502069233822e-05]
Evaluation : False
Train , Epoch 30 : : total loss : 0.10186017964143665   marker : 0.035806909614281124   pose : 0.00889555218089001   angle : 0.005292427629106899   body : 0.0004410669906421423   inter pose : 0.009148940461107272   inter marker : 0.0365052980186837   inter angle : 0.005327315083997264   inter body : 0.0004426696040748888   
Evaluation : True
Valid, Epoch 30 : : total loss : 0.6805018773820548   marker : 0.09205685622444534   pose : 0.035198955883978485   angle : 0.2078639849352581   body : 0.01661489394110749   inter pose : 0.03325845619222987   inter marker : 0.08673500907638532   inter angle : 0.1922119429235814   inter body : 0.01656178349579367   
Current LR:  [3.993325473319803e-05]
Evaluation : False
Train , Epoch 31 : : total loss : 0.10127962208360114   marker : 0.03560000376784418   pose : 0.008834779753162887   angle : 0.005245931809525623   body : 0.00044169871682610653   inter pose : 0.009093332338285208   inter marker : 0.03633468422987377   inter angle : 0.005285925132751602   inter body : 0.000443265864901547   
Evaluation : True
Valid, Epoch 31 : : total loss : 0.6811130561440536   marker : 0.09206396774524139   pose : 0.03514670457097899   angle : 0.2082661528294972   body : 0.01665959107691181   inter pose : 0.033168593190262836   inter marker : 0.08677508494296986   inter angle : 0.19243281161399453   inter body : 0.016600151851277514   
Current LR:  [3.5992869626675335e-05]
Evaluation : False
Train , Epoch 32 : : total loss : 0.1007733156085927   marker : 0.035440066113360626   pose : 0.008777318433908372   angle : 0.005192041430610929   body : 0.00044207898462241143   inter pose : 0.009044874221326108   inter marker : 0.03618708410361642   inter angle : 0.005246181098764241   inter body : 0.0004436713089374184   
Evaluation : True
Valid, Epoch 32 : : total loss : 0.6825308731130845   marker : 0.09230384030401974   pose : 0.03529945514388072   angle : 0.20851581779062536   body : 0.016743918691500003   inter pose : 0.03336685426665012   inter marker : 0.08699438672664021   inter angle : 0.1926282909873338   inter body : 0.016678313152041227   
Current LR:  [3.244129917829765e-05]
Evaluation : False
Train , Epoch 33 : : total loss : 0.10032570891504448   marker : 0.03528659184324979   pose : 0.008731798599737982   angle : 0.0051496600971812495   body : 0.0004425796264854572   inter pose : 0.009002179346670601   inter marker : 0.0360565336498148   inter angle : 0.005212198251895435   inter body : 0.000444167426469626   
Evaluation : True
Valid, Epoch 33 : : total loss : 0.6814311164490255   marker : 0.09238923055945805   pose : 0.0353260485610913   angle : 0.20793829758743484   body : 0.01666051286211504   inter pose : 0.03340467625714913   inter marker : 0.08719890883093236   inter angle : 0.19190369564850382   inter body : 0.016609748412135673   
Current LR:  [2.9240177382128606e-05]
Evaluation : False
Train , Epoch 34 : : total loss : 0.09989107184534234   marker : 0.035130648407372   pose : 0.008686552965189194   angle : 0.005112638066638301   body : 0.0004429967239981155   inter pose : 0.008962335400169238   inter marker : 0.03593114747524626   inter angle : 0.0051801160169026575   inter body : 0.0004446368885478276   
Evaluation : True
Valid, Epoch 34 : : total loss : 0.6818092564004292   marker : 0.0924200620521012   pose : 0.03537733273396471   angle : 0.2079877203101472   body : 0.016694434457624575   inter pose : 0.033420593707308675   inter marker : 0.08711119306020848   inter angle : 0.19215724824624475   inter body : 0.016640667937850986   
Current LR:  [2.6354923970193805e-05]
Evaluation : False
Train , Epoch 35 : : total loss : 0.09948991619016273   marker : 0.03498604230206192   pose : 0.008636080602877082   angle : 0.005080258716211567   body : 0.0004432689783428646   inter pose : 0.008925985412281377   inter marker : 0.03582182865458645   inter angle : 0.005151497279999815   inter body : 0.0004449542832010316   
Evaluation : True
Valid, Epoch 35 : : total loss : 0.6810589518427751   marker : 0.09230239803659283   pose : 0.03521918700930288   angle : 0.2076832362508787   body : 0.01668978066287505   inter pose : 0.03330448930023811   inter marker : 0.08714325809749715   inter angle : 0.19207263060597646   inter body : 0.016643971879413876   
Current LR:  [2.375437085751811e-05]
Evaluation : False
Train , Epoch 36 : : total loss : 0.09916472544531363   marker : 0.03488334853652791   pose : 0.008600265892995536   angle : 0.005043399207875885   body : 0.0004436635864387975   inter pose : 0.008896369412883683   inter marker : 0.03572530743265225   inter angle : 0.005127072153159433   inter body : 0.00044529909223630444   
Evaluation : True
Valid, Epoch 36 : : total loss : 0.6831346717591836   marker : 0.09261591108240158   pose : 0.035411475198798344   angle : 0.20833208021000144   body : 0.0167493708476106   inter pose : 0.033463841211827494   inter marker : 0.08731513134380624   inter angle : 0.1925552136278996   inter body : 0.01669165007234024   
Current LR:  [2.1410425447429443e-05]
Evaluation : False
Train , Epoch 37 : : total loss : 0.0988440173599658   marker : 0.034767932625085256   pose : 0.008566897204160052   angle : 0.005016828050685741   body : 0.0004441613353900098   inter pose : 0.0088654198237391   inter marker : 0.035632341073264025   inter angle : 0.005104573706669838   inter body : 0.0004458635533175033   
Evaluation : True
Valid, Epoch 37 : : total loss : 0.6823975735499085   marker : 0.09245339760628687   pose : 0.03532372909859158   angle : 0.2082184810881413   body : 0.016701649263639103   inter pose : 0.03340198319354445   inter marker : 0.08724035747808821   inter angle : 0.19240761804008186   inter body : 0.016650355301422504   
Current LR:  [1.929776715996886e-05]
Evaluation : False
Train , Epoch 38 : : total loss : 0.09856886847963012   marker : 0.03466924979347182   pose : 0.00853718643805517   angle : 0.004992815885538803   body : 0.0004442318516981661   inter pose : 0.008841296666477212   inter marker : 0.03555439555215981   inter angle : 0.005083720895759819   inter body : 0.00044597122492161717   
Evaluation : True
Valid, Epoch 38 : : total loss : 0.6823412834281456   marker : 0.09236271996926829   pose : 0.03531827870696638   angle : 0.20829170367073352   body : 0.016704618715035927   inter pose : 0.03338623028301469   inter marker : 0.08715345131663702   inter angle : 0.19247553462386077   inter body : 0.016648745549914926   
Current LR:  [1.739357390514086e-05]
Evaluation : False
Train , Epoch 39 : : total loss : 0.0983352956531789   marker : 0.03459230399081572   pose : 0.008511243854431153   angle : 0.004972660128928573   body : 0.00044449670796509357   inter pose : 0.008815811864267265   inter marker : 0.0354870531713707   inter angle : 0.005065457292106487   inter body : 0.00044626837841785623   
Evaluation : True
Valid, Epoch 39 : : total loss : 0.6813848121565451   marker : 0.09229812306538805   pose : 0.035295096187540856   angle : 0.2079418235864815   body : 0.016729201610382684   inter pose : 0.03335812590362805   inter marker : 0.08699412890418445   inter angle : 0.19209551970732114   inter body : 0.016672789826531663   
Current LR:  [1.567727554621844e-05]
Evaluation : False
Train , Epoch 40 : : total loss : 0.09811725433214152   marker : 0.034514123873405765   pose : 0.00848982776522317   angle : 0.004954106314892197   body : 0.00044476361175111936   inter pose : 0.00879729401668217   inter marker : 0.035421538966812   inter angle : 0.005049112703577026   inter body : 0.00044648710257305294   
Evaluation : True
Valid, Epoch 40 : : total loss : 0.6819406477409239   marker : 0.09238799253531396   pose : 0.035319788385383716   angle : 0.20802710511028663   body : 0.016737387101882516   inter pose : 0.03340319434069722   inter marker : 0.08714414521302041   inter angle : 0.19223480348724262   inter body : 0.01668623618862826   
Current LR:  [1.4130331689878675e-05]
Evaluation : False
Train , Epoch 41 : : total loss : 0.09789346180183052   marker : 0.034435985127826196   pose : 0.008467280443552397   angle : 0.004929794796569926   body : 0.0004450260105494347   inter pose : 0.008775500127130045   inter marker : 0.03535725575676373   inter angle : 0.005035753354036562   inter body : 0.0004468661622706926   
Evaluation : True
Valid, Epoch 41 : : total loss : 0.6817492767451456   marker : 0.09238358921008721   pose : 0.03530088030180827   angle : 0.20801419488953884   body : 0.016717632600667005   inter pose : 0.03338475444119984   inter marker : 0.0871417832936149   inter angle : 0.19214000475525736   inter body : 0.016666435551309047   
Current LR:  [1.2736031402736402e-05]
Evaluation : False
Train , Epoch 42 : : total loss : 0.09772035424778691   marker : 0.034380018049323356   pose : 0.008444330666448127   angle : 0.004913072715760145   body : 0.0004454237845448911   inter pose : 0.008760718494699341   inter marker : 0.03530798924895742   inter angle : 0.0050215826050348435   inter body : 0.0004472186292680679   
Evaluation : True
Valid, Epoch 42 : : total loss : 0.6827341014507896   marker : 0.09253886014553599   pose : 0.03538382702356254   angle : 0.20827620963151772   body : 0.01675004302095115   inter pose : 0.03345775017542992   inter marker : 0.08727824380948229   inter angle : 0.19235543869951338   inter body : 0.016693729807919513   
Current LR:  [1.1479312690704467e-05]
Evaluation : False
Train , Epoch 43 : : total loss : 0.09754911345781996   marker : 0.03431937489858265   pose : 0.008423535103352019   angle : 0.00490047189422739   body : 0.00044550308356900196   inter pose : 0.00874320349041344   inter marker : 0.0352608516390163   inter angle : 0.005008851759888768   inter body : 0.0004473215149634248   
Evaluation : True
Valid, Epoch 43 : : total loss : 0.6820765357113225   marker : 0.09238799159571183   pose : 0.03532040703691076   angle : 0.20816984186250276   body : 0.01674468324357261   inter pose : 0.03338477118469139   inter marker : 0.08712567040621115   inter angle : 0.19224914229655832   inter body : 0.016694027243892056   
Current LR:  [1.034659979109789e-05]
Evaluation : False
Train , Epoch 44 : : total loss : 0.09739176514822345   marker : 0.034264478256289845   pose : 0.008406138807751958   angle : 0.004882998427926673   body : 0.0004455930884794873   inter pose : 0.008729691460306483   inter marker : 0.03521640852641365   inter angle : 0.004999035730484479   inter body : 0.00044742080524376953   
Evaluation : True
Valid, Epoch 44 : : total loss : 0.6828639831347182   marker : 0.092563009821476   pose : 0.035341571553163593   angle : 0.20829313479404207   body : 0.01674716217895223   inter pose : 0.03341603109766873   inter marker : 0.08732850878717875   inter angle : 0.19248409094682437   inter body : 0.016690476296223573   
Current LR:  [9.325656519822294e-06]
Evaluation : False
Train , Epoch 45 : : total loss : 0.0972697076146672   marker : 0.03422608245078583   pose : 0.008394057955878114   angle : 0.004873670512100092   body : 0.00044564259462992717   inter pose : 0.008716918275638799   inter marker : 0.03517772383976494   inter angle : 0.004988152307000405   inter body : 0.00044745979702262746   
Evaluation : True
Valid, Epoch 45 : : total loss : 0.6829705897811877   marker : 0.09255330925977216   pose : 0.03538761667933869   angle : 0.2083291529778785   body : 0.016746710790262336   inter pose : 0.03346196466247863   inter marker : 0.08730869063338136   inter angle : 0.19248981600819012   inter body : 0.016693330277619576   
Current LR:  [8.405454089422724e-06]
Evaluation : False
Train , Epoch 46 : : total loss : 0.09714945036045078   marker : 0.03418517031152069   pose : 0.008383335472208663   angle : 0.0048595741205773165   body : 0.00044586008256315544   inter pose : 0.00870582352679046   inter marker : 0.03514164771205799   inter angle : 0.004980265909512093   inter body : 0.00044777296404361407   
Evaluation : True
Valid, Epoch 46 : : total loss : 0.6827873864190059   marker : 0.09236699214351787   pose : 0.03525370883303595   angle : 0.2085912677984104   body : 0.016728468529518817   inter pose : 0.033336537938191836   inter marker : 0.08713930506020547   inter angle : 0.19269332163778127   inter body : 0.016677788417025323   
Current LR:  [7.576051970091162e-06]
Evaluation : False
Train , Epoch 47 : : total loss : 0.09701805370096774   marker : 0.03412607254012621   pose : 0.00836281770923008   angle : 0.004855335604507836   body : 0.00044607702585808636   inter pose : 0.008695532843059822   inter marker : 0.035111414488250954   inter angle : 0.004972946723840366   inter body : 0.0004478566678188125   
Evaluation : True
Valid, Epoch 47 : : total loss : 0.682379240033039   marker : 0.09252814761048091   pose : 0.03538665216682091   angle : 0.20812113904983595   body : 0.016764872130503327   inter pose : 0.03345683160508633   inter marker : 0.08728362578496128   inter angle : 0.192127147239634   inter body : 0.016710824669691197   
Current LR:  [6.828490506628192e-06]
Evaluation : False
Train , Epoch 48 : : total loss : 0.09692786681889393   marker : 0.03409868283382692   pose : 0.008354222307845972   angle : 0.004844971152327692   body : 0.00044613460763065206   inter pose : 0.008686568609411739   inter marker : 0.03508386443187961   inter angle : 0.004965434583962237   inter body : 0.00044798825220860954   
Evaluation : True
Valid, Epoch 48 : : total loss : 0.6823899894310894   marker : 0.09252377328181308   pose : 0.035342154062785236   angle : 0.2080793763570547   body : 0.01674961994050699   inter pose : 0.033429183429850524   inter marker : 0.0873281718633339   inter angle : 0.19224190543720762   inter body : 0.0166958118433389   
Current LR:  [6.154694131348503e-06]
Evaluation : False
Train , Epoch 49 : : total loss : 0.0968100010869514   marker : 0.034048980495580125   pose : 0.008337758272561098   angle : 0.004833728346009532   body : 0.00044621916286002666   inter pose : 0.008678947091901285   inter marker : 0.035057183052734066   inter angle : 0.004959110707575156   inter body : 0.00044807398763619316   
Evaluation : True
Valid, Epoch 49 : : total loss : 0.6823658802017437   marker : 0.09242987617455616   pose : 0.035305919366210206   angle : 0.20826097579653985   body : 0.01675624357289414   inter pose : 0.033387536187950276   inter marker : 0.08723016725256445   inter angle : 0.1922934686609897   inter body : 0.016701693124485304   
Finished Training
Load  /tudelft.net/staff-bulk/ewi/insy/VisionLab/students/wyang/dataset/models/model_best_OS_TEMPORAL_LSTM.pt
Use LSTM, Receptive Field : 243
 OS Joint error : 0.03526049852371216 , SMPLH Joint error : 0.0435902439057827 , Marker error : 0.046297185122966766 , BonyLandmark : 0.04629087075591087
Traceback (most recent call last):
  File "/tudelft.net/staff-bulk/ewi/insy/VisionLab/students/wyang/videoMuscle/videoMuscle/models/utils_opensim_temporal4.py", line 588, in <module>
    
  File "/tudelft.net/staff-bulk/ewi/insy/VisionLab/students/wyang/videoMuscle/videoMuscle/models/utils_opensim_temporal4.py", line 455, in store_every_frame_prediction
    dataset = BMLOpenSimTemporalDataSet(cfg, self.h5pyFolder, self.h5pyFolder + "os_test.npy",
  File "/tudelft.net/staff-bulk/ewi/insy/VisionLab/students/wyang/videoMuscle/videoMuscle/models/utils_opensim_temporal4.py", line 503, in save_prediction
    iterator = enumerate(datasetLoader, 0)
  File "/tudelft.net/staff-bulk/ewi/insy/VisionLab/students/wyang/videoMuscle/videoMuscle/models/utils_opensim_temporal4.py", line 273, in model_forward
    def model_forward(self, inf):
  File "/tudelft.net/staff-bulk/ewi/insy/VisionLab/students/wyang/miniconda/miniconda/lib/python3.8/site-packages/torch/utils/data/_utils/signal_handling.py", line 66, in handler
    _error_if_any_worker_fails()
RuntimeError: DataLoader worker (pid 14360) is killed by signal: Killed. 
slurmstepd: error: Detected 4 oom-kill event(s) in step 6598938.0 cgroup. Some of your processes may have been killed by the cgroup out-of-memory handler.
srun: error: ewi3: task 0: Out Of Memory
slurmstepd: error: Detected 4 oom-kill event(s) in step 6598938.batch cgroup. Some of your processes may have been killed by the cgroup out-of-memory handler.
