/home/nfs/weitseyang/.bashrc: line 20: dirname: command not found
/home/nfs/weitseyang/.bashrc: line 21: dirname: command not found
              total        used        free      shared  buff/cache   available
Mem:         385423       28574      338195         403       18652      355332
Swap:         57080           0       57080
Fri Jul 30 01:19:03 2021       
+-----------------------------------------------------------------------------+
| NVIDIA-SMI 470.57.02    Driver Version: 470.57.02    CUDA Version: 11.4     |
|-------------------------------+----------------------+----------------------+
| GPU  Name        Persistence-M| Bus-Id        Disp.A | Volatile Uncorr. ECC |
| Fan  Temp  Perf  Pwr:Usage/Cap|         Memory-Usage | GPU-Util  Compute M. |
|                               |                      |               MIG M. |
|===============================+======================+======================|
|   0  NVIDIA GeForce ...  On   | 00000000:B1:00.0 Off |                  N/A |
| 35%   49C    P8    20W / 250W |      1MiB / 11019MiB |      0%      Default |
|                               |                      |                  N/A |
+-------------------------------+----------------------+----------------------+
                                                                               
+-----------------------------------------------------------------------------+
| Processes:                                                                  |
|  GPU   GI   CI        PID   Type   Process name                  GPU Memory |
|        ID   ID                                                   Usage      |
|=============================================================================|
|  No running processes found                                                 |
+-----------------------------------------------------------------------------+
BML_FOLDER: /tudelft.net/staff-bulk/ewi/insy/VisionLab/students/wyang/dataset/HDF5/BML/
DATASET:
  ANTIALIAS:
    TEST: 1
    TRAIN: 1
  BBOX:
    PARTIAL_VISUALBILITY: False
  COLOR:
    AUG: True
  DATASETPERIMG: 2000
  GEOM:
    AUG: True
    HFLIP: False
    ROT: 20
    SCALE_DOWN: 25
    SCALE_UP: 25
    SHIFT_AUG: 10
  INTERPOLATION:
    TEST: nearest
    TRAIN: nearest
  OCCLUSION:
    PROB: 0.7
    SCALE: 0.8
  TRAINING_USEDEACHFRAME: 2
  USEDEACHFRAME: 1
EVAL_WORKERS: 16
HYP:
  ANGLE: 0.01
  BODY: 0.1
  INTERMEDIATE_MARKER: 1.5
  INTERMEDIATE_POS: 1.5
  MARKER: 2.0
  POS: 1.0
  ROTMAT: 0.1
  SY_BODY: 0.05
LAYER:
  OS_TRANSIT:
    ACT_TYPE: 1
    BN: False
LOSS:
  ANGLE:
    BETA: 5
    EVAL_TYPE: 1
    H: 0.1
    MASKMINVALUE: 0
    TYPE: 3
    USE: True
    USEMASK: True
  BODY:
    BETA: 0.05
    EVAL_TYPE: 1
    H: 0.1
    TYPE: 3
    USE: True
  MARKER:
    BETA: 0.04
    TYPE: 1
    USE: True
  POS:
    BETA: 0.04
    TYPE: 1
    USE: True
  ROTMAT:
    BETA: 0.02
    EVAL_TYPE: 1
    TYPE: 1
    USE: False
  SY_BODY:
    EVAL_TYPE: 1
    TYPE: 1
    USE: False
LSTM:
  BIDIRECTIONAL: True
  DROPOUTPROB: 0.1
  HIDDEN_STATE: 512
  NUM_LAYERS: 3
MODEL:
  CAUSAL: False
  CONV_CHANNEL_SIZE: [2048]
  CONV_LAYER: 1
  FULLCONV: True
  IMGSIZE: (256, 256)
  INFEATURES: 567
  INTERMEDIATE_POSE_ESTIMATION: False
  METRIC_SCALE:
    BBOX_SIZE: 2.2
    DEPTH: 8
    EVAL_STRIDING: 4
    STRIDING: 32
  NUMPRED: 115
  NUM_PRED: 115
  OUTFEATURES: 126
  POS: True
  RECEPTIVE_FIELD: 243
  RESNET:
    CENTER_STRIDING: True
    NEXT: True
    PRETRAINED: True
  TYPE: 1
MODEL_FOLDER: /tudelft.net/staff-bulk/ewi/insy/VisionLab/students/wyang/dataset/models/
PASCAL_PATH: /tudelft.net/staff-bulk/ewi/insy/VisionLab/students/wyang/dataset/HDF5/PASCAL/pascal.hdf5
PCA_PATH: None
POSTFIX: OS_TEMPORAL_TRANSFORMER_L1
PREDICTION:
  BODY: ['pelvis', 'lumbar5', 'lumbar4', 'lumbar3', 'lumbar2', 'lumbar1', 'thoracic12', 'thoracic11', 'thoracic10', 'thoracic9', 'thoracic8', 'thoracic7', 'thoracic6', 'thoracic5', 'thoracic4', 'thoracic3', 'thoracic2', 'thoracic1', 'head_neck', 'femur_r', 'tibia_r', 'talus_r', 'calcn_r', 'toes_r', 'femur_l', 'tibia_l', 'talus_l', 'calcn_l', 'toes_l', 'cerv6', 'cerv5', 'cerv4', 'cerv3', 'cerv2', 'cerv1', 'jaw', 'skull', 'thorax', 'clavicle', 'scapula', 'humerus', 'ulna', 'radius', 'clavicle_l', 'scapula_l', 'humerus_l', 'ulna_l', 'radius_l']
  BODY_AMPITUDE_VALUE: [0.38330534, 0.11688988, 0.27979052, 0.18767838, 0.12217734, 0.17559392, 0.25814359, 0.19320878, 0.09488225, 0.23721306, 0.3308586, 0.22396367, 0.08659548, 1e-06, 0.1634575, 0.18397586, 0.23942574, 0.23136499, 0.14410597, 0.14576365, 0.17185328, 0.18178275, 0.15676707, 0.19965802, 0.12167494, 0.14225374, 0.19253547, 0.08705724, 0.13519439, 0.09673029, 0.16227082, 0.25709417, 0.27539152, 0.21485549, 0.11401759, 0.22396367, 0.21485549, 0.1838405, 0.18214334, 0.43287996, 0.43287996, 0.13003099, 0.13036308, 0.2175328, 0.20085876, 0.30206298, 0.3034652, 0.2025831, 0.20302752, 0.1691131, 0.22653959]
  BODY_AVG_VALUE: [1.21267658, 1.19278473, 1.09221309, 0.82231784, 0.65399921, 0.86740023, 1.23414558, 1.13399419, 1.00263798, 1.01988775, 1.04674897, 0.92795962, 0.80902216, 0.94262153, 0.96230629, 0.95413619, 1.04046246, 1.03910667, 0.68939832, 0.71175453, 0.74281865, 0.76454479, 0.9076589, 1.02388528, 0.64942223, 0.89473501, 0.89226717, 0.61283192, 0.7215803, 0.68092433, 1.08504841, 1.17846495, 1.14104316, 1.14461103, 0.74801221, 0.92795962, 1.14461103, 0.89621243, 0.8843008, 1.13165459, 1.13165459, 0.73835266, 0.74087435, 1.07924646, 1.08077973, 1.01209745, 0.99989337, 1.0244289, 1.03203484, 0.82801554, 0.7559647]
  BODY_SCALE_MAPPING: [[0, 1, 2], [10, 3, 9], [10, 3, 9], [10, 3, 9], [10, 3, 9], [10, 3, 9], [10, 3, 9], [10, 4, 9], [10, 4, 9], [10, 5, 9], [10, 5, 9], [10, 6, 9], [10, 6, 9], [10, 6, 9], [10, 6, 9], [10, 6, 9], [10, 6, 9], [10, 6, 9], [11, 7, 9], [16, 14, 16], [20, 18, 20], [20, 18, 20], [22, 23, 24], [28, 30, 30], [17, 15, 17], [21, 19, 21], [21, 19, 21], [25, 26, 27], [29, 31, 31], [11, 7, 9], [11, 7, 9], [11, 7, 9], [11, 7, 9], [11, 7, 9], [11, 7, 9], [12, 8, 13], [12, 8, 13], [32, 33, 34], [37, 35, 41], [39, 36, 41], [45, 43, 45], [49, 47, 49], [49, 47, 49], [38, 35, 42], [40, 36, 42], [46, 44, 46], [50, 48, 50], [50, 48, 50]]
  BODY_SCALE_UNIQUE_NUMS: 51
  BODY_WEIGHTS: [[2.0, 2.0, 2.0], [1.0, 2.0, 1.0], [1.0, 2.0, 1.0], [1.0, 2.0, 1.0], [1.0, 2.0, 1.0], [1.0, 2.0, 1.0], [1.0, 2.0, 1.0], [1.0, 2.0, 1.0], [1.0, 2.0, 1.0], [1.0, 2.0, 1.0], [1.0, 2.0, 1.0], [1.0, 2.0, 1.0], [1.0, 2.0, 1.0], [1.0, 2.0, 1.0], [1.0, 2.0, 1.0], [1.0, 2.0, 1.0], [1.0, 2.0, 1.0], [1.0, 2.0, 1.0], [1.0, 2.0, 1.0], [1.0, 2.0, 1.0], [1.0, 2.0, 1.0], [1.0, 2.0, 1.0], [2.0, 1.0, 1.0], [2.0, 1.0, 1.0], [1.0, 2.0, 1.0], [1.0, 2.0, 1.0], [1.0, 2.0, 1.0], [2.0, 1.0, 1.0], [2.0, 1.0, 1.0], [1.0, 2.0, 1.0], [1.0, 2.0, 1.0], [1.0, 2.0, 1.0], [1.0, 2.0, 1.0], [1.0, 2.0, 1.0], [1.0, 2.0, 1.0], [1.0, 1.0, 2.0], [1.0, 1.0, 2.0], [2.0, 1.0, 1.0], [1.0, 1.0, 2.0], [1.0, 1.0, 2.0], [1.0, 2.0, 1.0], [1.0, 2.0, 1.0], [1.0, 2.0, 1.0], [1.0, 1.0, 2.0], [1.0, 1.0, 2.0], [1.0, 2.0, 1.0], [1.0, 2.0, 1.0], [1.0, 2.0, 1.0]]
  COORDINATES: ['L5_S1_FE', 'L5_S1_LB', 'L5_S1_AR', 'L4_L5_FE', 'L4_L5_LB', 'L4_L5_AR', 'T12_L1_FE', 'T12_L1_LB', 'T12_L1_AR', 'T11_T12_FE', 'T11_T12_LB', 'T11_T12_AR', 'T10_T11_FE', 'T10_T11_LB', 'T10_T11_AR', 'T9_T10_FE', 'T9_T10_LB', 'T9_T10_AR', 'T8_T9_FE', 'T8_T9_LB', 'T8_T9_AR', 'T1_T2_FE', 'T1_T2_LB', 'T1_T2_AR', 'T1_head_neck_FE', 'T1_head_neck_LB', 'T1_head_neck_AR', 'hip_flexion_r', 'hip_adduction_r', 'hip_rotation_r', 'knee_angle_r', 'knee_angle_y_r', 'knee_angle_x_r', 'ankle_angle_r', 'subtalar_angle_r', 'mtp_angle_r', 'hip_flexion_l', 'hip_adduction_l', 'hip_rotation_l', 'knee_angle_l', 'knee_angle_y_l', 'knee_angle_x_l', 'ankle_angle_l', 'subtalar_angle_l', 'mtp_angle_l', 'skull_z', 'skull_y', 'skull_x', 'sternoclavicular_r2', 'sternoclavicular_r3', 'acromioclavicular_r2', 'elv_angle', 'shoulder_elv', 'shoulder1_r2', 'shoulder_rot', 'elbow_flexion', 'elbow_x', 'pro_sup', 'sternoclavicular_r2_l', 'sternoclavicular_r3_l', 'acromioclavicular_r2_l', 'elv_angle_l', 'shoulder_elv_l', 'shoulder1_r2_l', 'shoulder_rot_l', 'elbow_flexion_l', 'elbow_x_l', 'pro_sup_l', 'ribs_bending']
  JOINTS: ['ground_pelvis', 'L5_S1_IVDjnt', 'L4_L5_IVDjnt', 'L3_L4_IVDjnt', 'L2_L3_IVDjnt', 'L1_L2_IVDjnt', 'T12_L1_IVDjnt', 'T11_T12_IVDjnt', 'T10_T11_IVDjnt', 'T9_T10_IVDjnt', 'T8_T9_IVDjnt', 'T7_T8_IVDjnt', 'T6_T7_IVDjnt', 'T5_T6_IVDjnt', 'T4_T5_IVDjnt', 'T3_T4_IVDjnt', 'T2_T3_IVDjnt', 'T1_T2_IVDjnt', 'T1_head_neck', 'hip_r', 'knee_r', 'ankle_r', 'subtalar_r', 'mtp_r', 'hip_l', 'knee_l', 'ankle_l', 'subtalar_l', 'mtp_l', 'C7_cerv6', 'C7_cerv5', 'C7_cerv4', 'C7_cerv3', 'C7_cerv2', 'C7_cerv1', 'skull_jaw', 'C7_skull', 'sternoclavicular', 'acromioclavicular', 'shoulder2', 'elbow', 'radioulnar', 'sternoclavicular_l', 'acromioclavicular_l', 'shoulder2_l', 'elbow_l', 'radioulnar_l', 'T1_rib']
  Joints_Inside_Cylinder_Body_LIST: [['ROOT', 'Torso'], ['RHIPJ', 'Torso'], ['LHIPJ', 'Torso'], ['Spine1', 'Torso'], ['Spine2', 'Torso'], ['Spine3', 'Torso'], ['LCOL', 'Torso'], ['RCOL', 'Torso'], ['NECK', 'Torso'], ['HEAD', 'HEAD'], ['RKNE', 'RightLeg'], ['RKNI', 'RightLeg'], ['LKNE', 'LeftLeg'], ['LKNI', 'LeftLeg'], ['LANK', 'LeftShrank'], ['RANK', 'RightShrank'], ['LANI', 'LeftShrank'], ['RANI', 'RightShrank'], ['RTOE', 'RightFOOT'], ['LTOE', 'LeftFOOT'], ['RMT1', 'RightFOOT'], ['LMT1', 'LeftFOOT'], ['RMT5', 'RightFOOT'], ['LMT5', 'LeftFOOT'], ['LELB', 'LeftArm'], ['RELB', 'RightArm'], ['LELBIN', 'LeftArm'], ['RELBIN', 'RightArm'], ['LIWR', 'LeftForearm'], ['RIWR', 'RightForearm'], ['LOWR', 'LeftForearm'], ['ROWR', 'RightForearm'], ['ground_pelvis', 'Torso'], ['L5_S1_IVDjnt', 'Torso'], ['L4_L5_IVDjnt', 'Torso'], ['L3_L4_IVDjnt', 'Torso'], ['L2_L3_IVDjnt', 'Torso'], ['L1_L2_IVDjnt', 'Torso'], ['T12_L1_IVDjnt', 'Torso'], ['T11_T12_IVDjnt', 'Torso'], ['T10_T11_IVDjnt', 'Torso'], ['T9_T10_IVDjnt', 'Torso'], ['T8_T9_IVDjnt', 'Torso'], ['T7_T8_IVDjnt', 'Torso'], ['T6_T7_IVDjnt', 'Torso'], ['T5_T6_IVDjnt', 'Torso'], ['T4_T5_IVDjnt', 'Torso'], ['T3_T4_IVDjnt', 'Torso'], ['T2_T3_IVDjnt', 'Torso'], ['T1_T2_IVDjnt', 'Torso'], ['T1_head_neck', 'HEAD'], ['hip_r', 'RightLeg'], ['knee_r', 'RightLeg'], ['ankle_r', 'RightShrank'], ['subtalar_r', 'RightShrank'], ['mtp_r', 'RightFOOT'], ['hip_l', 'LeftLeg'], ['knee_l', 'LeftLeg'], ['ankle_l', 'LeftShrank'], ['subtalar_l', 'LeftShrank'], ['mtp_l', 'LeftFOOT'], ['C7_cerv6', 'HEAD'], ['C7_cerv5', 'HEAD'], ['C7_cerv4', 'HEAD'], ['C7_cerv3', 'HEAD'], ['C7_cerv2', 'HEAD'], ['C7_cerv1', 'HEAD'], ['skull_jaw', 'HEAD'], ['C7_skull', 'HEAD'], ['sternoclavicular', 'RightArm'], ['acromioclavicular', 'RightArm'], ['shoulder2', 'RightArm'], ['elbow', 'RightArm'], ['radioulnar', 'RightForearm'], ['sternoclavicular_l', 'LeftArm'], ['acromioclavicular_l', 'LeftArm'], ['shoulder2_l', 'LeftArm'], ['elbow_l', 'LeftArm'], ['radioulnar_l', 'LeftForearm'], ['T1_rib', 'Torso'], ['radiocarpal', 'RightForearm'], ['radiocarpal_l', 'LeftForearm']]
  LEAFJOINTS: ['radiocarpal', 'radiocarpal_l']
  MARKER: ['ROOT', 'LHIPJ', 'RHIPJ', 'Spine1', 'LKJC', 'RKJC', 'Spine2', 'LAJC', 'RAJC', 'Spine3', 'LFOOT', 'RFOOT', 'NECK', 'LCOL', 'RCOL', 'HEAD', 'LSHOULDER', 'RSHOULDER', 'LELC', 'RELC', 'LWRIST', 'RWRIST', 'LPSI', 'RPSI', 'RASI', 'LASI', 'T12', 'T10', 'T8', 'T1', 'C7', 'RKNE', 'RKNI', 'LKNE', 'LKNI', 'LANK', 'RANK', 'LANI', 'RANI', 'LHEE', 'RHEE', 'RTOE', 'LTOE', 'RMT1', 'LMT1', 'RMT5', 'LMT5', 'LSHO', 'RSHO', 'STRN', 'CLAV', 'RCLAV', 'LCLAV', 'LELB', 'RELB', 'LELBIN', 'RELBIN', 'LIWR', 'RIWR', 'LOWR', 'ROWR', 'LFHD', 'RFHD', 'LBHD', 'RBHD']
  MIRROR_BONES: [0, 1, 2, 3, 4, 5, 6, 7, 8, 9, 10, 11, 12, 13, 14, 15, 16, 17, 18, 24, 25, 26, 27, 28, 19, 20, 21, 22, 23, 29, 30, 31, 32, 33, 34, 35, 36, 37, 43, 44, 45, 46, 47, 38, 39, 40, 41, 42]
  NUM_JOINTS: 50
  NUM_MARKERS: 65
  NUM_SMPL_JOINTS: 22
  POS_NAME: ['ground_pelvis', 'L5_S1_IVDjnt', 'L4_L5_IVDjnt', 'L3_L4_IVDjnt', 'L2_L3_IVDjnt', 'L1_L2_IVDjnt', 'T12_L1_IVDjnt', 'T11_T12_IVDjnt', 'T10_T11_IVDjnt', 'T9_T10_IVDjnt', 'T8_T9_IVDjnt', 'T7_T8_IVDjnt', 'T6_T7_IVDjnt', 'T5_T6_IVDjnt', 'T4_T5_IVDjnt', 'T3_T4_IVDjnt', 'T2_T3_IVDjnt', 'T1_T2_IVDjnt', 'T1_head_neck', 'hip_r', 'knee_r', 'ankle_r', 'subtalar_r', 'mtp_r', 'hip_l', 'knee_l', 'ankle_l', 'subtalar_l', 'mtp_l', 'C7_cerv6', 'C7_cerv5', 'C7_cerv4', 'C7_cerv3', 'C7_cerv2', 'C7_cerv1', 'skull_jaw', 'C7_skull', 'sternoclavicular', 'acromioclavicular', 'shoulder2', 'elbow', 'radioulnar', 'sternoclavicular_l', 'acromioclavicular_l', 'shoulder2_l', 'elbow_l', 'radioulnar_l', 'T1_rib', 'radiocarpal', 'radiocarpal_l', 'ROOT', 'LHIPJ', 'RHIPJ', 'Spine1', 'LKJC', 'RKJC', 'Spine2', 'LAJC', 'RAJC', 'Spine3', 'LFOOT', 'RFOOT', 'NECK', 'LCOL', 'RCOL', 'HEAD', 'LSHOULDER', 'RSHOULDER', 'LELC', 'RELC', 'LWRIST', 'RWRIST', 'LPSI', 'RPSI', 'RASI', 'LASI', 'T12', 'T10', 'T8', 'T1', 'C7', 'RKNE', 'RKNI', 'LKNE', 'LKNI', 'LANK', 'RANK', 'LANI', 'RANI', 'LHEE', 'RHEE', 'RTOE', 'LTOE', 'RMT1', 'LMT1', 'RMT5', 'LMT5', 'LSHO', 'RSHO', 'STRN', 'CLAV', 'RCLAV', 'LCLAV', 'LELB', 'RELB', 'LELBIN', 'RELBIN', 'LIWR', 'RIWR', 'LOWR', 'ROWR', 'LFHD', 'RFHD', 'LBHD', 'RBHD']
PROGRESSBAR: False
RESNETPATH: None
SEED: 100
STARTMODELPATH: None
TESTMODE: False
TEST_SUBJECTS: [2, 29, 19, 21, 51, 26, 7, 72, 77, 17, 65, 80, 6, 76, 10, 73, 13, 38]
TRAINING:
  AMSGRAD: False
  AWARED_OCCLUSION:
    GT: False
    USE: False
  BATCHSIZE: 128
  COORDINATE_MAX_WEIGHT: 2
  END_LR: [5e-06]
  END_MOMENTUM: 0.001
  EPOCH: [50]
  EVALUATION_BATCHSIZE: 128
  INITIAL_MOMENTUM: 0.1
  LOSS2D: False
  LOSSTYPE: 1
  MARKER_PREDICTION: True
  MARKER_TYPE: [10, 10, 10, 1, 1, 1, 1, 1, 1, 1, 20, 20, 10, 1, 1, 10, 0, 0, 1, 1, 1, 1, 20, 20, 20, 20, 10, 20, 10, 10, 20, 20, 20, 20, 20, 20, 20, 20, 20, 20, 20, 10, 10, 1, 1, 1, 1, 20, 20, 20, 20, 1, 1, 20, 20, 20, 20, 20, 20, 20, 20, 10, 10, 10, 10]
  MARKER_WEIGHT: [1.0, 1.0, 1.0, 0.1, 0.1, 0.1, 0.1, 0.1, 0.1, 0.1, 2.0, 2.0, 1.0, 0.1, 0.1, 1.0, 0.0, 0.0, 0.1, 0.1, 0.1, 0.1, 2.0, 2.0, 2.0, 2.0, 1.0, 2.0, 1.0, 1.0, 2.0, 2.0, 2.0, 2.0, 2.0, 2.0, 2.0, 2.0, 2.0, 2.0, 2.0, 1.0, 1.0, 0.1, 0.1, 0.1, 0.1, 2.0, 2.0, 2.0, 2.0, 0.1, 0.1, 2.0, 2.0, 2.0, 2.0, 2.0, 2.0, 2.0, 2.0, 1.0, 1.0, 1.0, 1.0]
  PCA: False
  PCA_COMPONENTS: 51
  START_LR: [0.001]
  TRAINING_STEPS: 1
  USE_BODY_WEIGHTS: False
  USE_OS_SIMULATION: False
  VALID_BATCHSIZE: 64
TRAINING_SUBJECTS: [78, 59, 79, 44, 56, 88, 75, 61, 53, 47, 40, 41, 32, 70, 28, 39, 69, 11, 3, 90, 71, 54, 20, 85, 37, 34, 33, 46, 67, 63, 55, 36, 42, 50, 24, 35, 84, 45, 60, 16, 74, 82, 27, 89, 57, 5, 49, 22, 4, 66, 31, 83, 43, 48, 52, 68, 25, 9, 18, 1, 81, 58, 23, 62, 64, 8, 87]
TRANSFORMER:
  BATCHNORM: False
  DROPOUT: False
  D_CHANNEL: 512
  D_MODEL: 256
  N1: 3
  N_HEADS: 8
  POS_ENCODNIG_EVERY_BLOCK: False
  STRIDES: [3, 9, 9]
VALID_SUBJECTS: [14, 86, 15, 30]
VALID_WORKERS: 16
WORKERS: 16
83696 training data, 21822 valid data, 100839 test data
Use Transformer, Receptive Field : 243
LR starts from 0.001, LR decay rate : 0.9013257213104922
Evaluation : False
Train , Epoch 0 : : total loss : 1.3599823358230532   marker : 0.46518501016392644   pose : 0.1363594274608501   angle : 0.11586482146295618   body : 0.013591241693355223   inter pose : 0.1137063830896961   inter marker : 0.3921807827299623   inter angle : 0.10965284335485462   inter body : 0.013441825962295987   
Evaluation : True
Valid, Epoch 0 : : total loss : 0.6841001254523907   marker : 0.1625439021799547   pose : 0.05570415963873987   angle : 0.11962535813752632   body : 0.018017439272563014   inter pose : 0.05044692594685352   inter marker : 0.14718288772648735   inter angle : 0.11321459993434624   inter body : 0.01736484848604053   
Current LR:  [0.0009013257213104922]
Best Loss : 0.1625439021799547
Evaluation : False
Train , Epoch 1 : : total loss : 0.6932881238997256   marker : 0.19861791548739896   pose : 0.05328624232873252   angle : 0.10310885581725589   body : 0.006795757023723165   inter pose : 0.04831539551979915   inter marker : 0.17809790728833372   inter angle : 0.09847929774802093   inter body : 0.006586752864738974   
Evaluation : True
Valid, Epoch 1 : : total loss : 0.6305983065029253   marker : 0.14043450147943268   pose : 0.05153621352021542   angle : 0.11758753348965767   body : 0.017098892348003415   inter pose : 0.04638990946404275   inter marker : 0.1308398619546821   inter angle : 0.110228129414784   inter body : 0.01648326668399751   
Current LR:  [0.000812388055895879]
Best Loss : 0.14043450147943268
Evaluation : False
Train , Epoch 2 : : total loss : 0.6349924176611907   marker : 0.1767635010011711   pose : 0.04748425516906048   angle : 0.10048289155476309   body : 0.005971733693912009   inter pose : 0.043408943166183295   inter marker : 0.15910884158352068   inter angle : 0.09598736452426516   inter body : 0.005784888221250468   
Evaluation : True
Valid, Epoch 2 : : total loss : 0.6102069315972833   marker : 0.13474210861589936   pose : 0.04853683692071016   angle : 0.11808485943721966   body : 0.016433854837726143   inter pose : 0.04434869843544941   inter marker : 0.12280345157549521   inter angle : 0.10896810831065226   inter body : 0.016289010962167328   
Current LR:  [0.0007322262504643815]
Best Loss : 0.13474210861589936
Evaluation : False
Train , Epoch 3 : : total loss : 0.6072875902992295   marker : 0.16674008242112753   pose : 0.044494536806576834   angle : 0.09953982103473377   body : 0.005629608488198125   inter pose : 0.04123860058498784   inter marker : 0.15144457454703303   inter angle : 0.09277060812205122   inter body : 0.005429759044713622   
Evaluation : True
Valid, Epoch 3 : : total loss : 0.6129558015378823   marker : 0.13459434370303633   pose : 0.04907898668648069   angle : 0.11758731403793099   body : 0.01613369548848477   inter pose : 0.04558777660554822   inter marker : 0.12629367883259388   inter angle : 0.10755084629686405   inter body : 0.01612916347873647   
Current LR:  [0.0006599743533622857]
Best Loss : 0.13459434370303633
Evaluation : False
Train , Epoch 4 : : total loss : 0.48382336001666365   marker : 0.16439778883734668   pose : 0.0439603886585597   angle : 0.09912675865576424   body : 0.005483875761399043   inter pose : 0.03091256934322223   inter marker : 0.11501950875586427   inter angle : 0.021057286978646495   inter body : 0.00386518323908105   
Evaluation : True
Valid, Epoch 4 : : total loss : 0.4839084617552514   marker : 0.1308499788693881   pose : 0.04742544868145141   angle : 0.11635438730098098   body : 0.015717364848342914   inter pose : 0.034084167437640374   inter marker : 0.08920366647601641   inter angle : 0.03562632862189308   inter body : 0.014647119975682195   
Current LR:  [0.0005948518600906879]
Best Loss : 0.1308499788693881
Evaluation : False
Train , Epoch 5 : : total loss : 0.43074196339748905   marker : 0.15740178735387636   pose : 0.041860399188710574   angle : 0.09855556335146175   body : 0.005202263058840681   inter pose : 0.024485256480107263   inter marker : 0.09107719985896559   inter angle : 0.008909616214301648   inter body : 0.0032498774936659458   
Evaluation : True
Valid, Epoch 5 : : total loss : 0.4736066602696945   marker : 0.12911326478135302   pose : 0.04678952040587957   angle : 0.11607826019380107   body : 0.014867651045743054   inter pose : 0.033165863285513957   inter marker : 0.084807614534588   inter angle : 0.03509130782511175   inter body : 0.013693179279339105   
Current LR:  [0.0005361552818691272]
Best Loss : 0.12911326478135302
Evaluation : False
Train , Epoch 6 : : total loss : 0.42108081831136124   marker : 0.1542539834337249   pose : 0.040926140246721726   angle : 0.09816172007032047   body : 0.005022931423260735   inter pose : 0.02351052018529971   inter marker : 0.08769443117732476   inter angle : 0.008444574638020253   inter body : 0.003066517073578368   
Evaluation : True
Valid, Epoch 6 : : total loss : 0.4796585150833976   marker : 0.1301413564827973   pose : 0.04732471377261126   angle : 0.11618902525710814   body : 0.015981222447832438   inter pose : 0.033661811186362446   inter marker : 0.08653023129105622   inter angle : 0.03503760046203309   inter body : 0.014792554268270154   
Current LR:  [0.0004832505461651213]
Evaluation : False
Train , Epoch 7 : : total loss : 0.4128091807204768   marker : 0.1515507806680104   pose : 0.04007959920930096   angle : 0.09787319591454306   body : 0.004884447130855247   inter pose : 0.022666601643856234   inter marker : 0.084853870123853   inter angle : 0.007972133291705553   inter body : 0.002928553340217786   
Evaluation : True
Valid, Epoch 7 : : total loss : 0.46947512724104357   marker : 0.12683826445134724   pose : 0.04553788352456214   angle : 0.1164695955461263   body : 0.015674072638974815   inter pose : 0.03240599564305913   inter marker : 0.08343270316415458   inter angle : 0.034697601823821624   inter body : 0.014419010946112804   
Current LR:  [0.0004355661470959672]
Best Loss : 0.12683826445134724
Evaluation : False
Train , Epoch 8 : : total loss : 0.40427712947814787   marker : 0.14880037903329316   pose : 0.03923662738791834   angle : 0.09759927303694291   body : 0.004728133696777486   inter pose : 0.021848025453629207   inter marker : 0.08205337362623506   inter angle : 0.007221543432639806   inter body : 0.0027897733190220997   
Evaluation : True
Valid, Epoch 8 : : total loss : 0.46590026040505933   marker : 0.1267089052299085   pose : 0.04517649560852652   angle : 0.11625305042401449   body : 0.015343349141211899   inter pose : 0.031815364870816626   inter marker : 0.08213912030208581   inter angle : 0.034406717839003724   inter body : 0.014057257631371105   
Current LR:  [0.00039258697170970456]
Best Loss : 0.1267089052299085
Evaluation : False
Train , Epoch 9 : : total loss : 0.3982035580674503   marker : 0.14650464619283107   pose : 0.03849498215623508   angle : 0.09736307734369684   body : 0.0045996813102130414   inter pose : 0.021283314875676473   inter marker : 0.08029504628084702   inter angle : 0.006987855097230461   inter body : 0.0026749562451424814   
Evaluation : True
Valid, Epoch 9 : : total loss : 0.46718831132677796   marker : 0.12668558539746388   pose : 0.04532257060324629   angle : 0.11594241640655403   body : 0.015401935451201826   inter pose : 0.03232902451774703   inter marker : 0.08291256507521819   inter angle : 0.03442153756072875   inter body : 0.014172678319466735   
Current LR:  [0.00035384873545335125]
Best Loss : 0.12668558539746388
Evaluation : False
Train , Epoch 10 : : total loss : 0.3925989536286131   marker : 0.14436159715353072   pose : 0.03781737614234775   angle : 0.09712832330927185   body : 0.004508496672171774   inter pose : 0.0207827157593385   inter marker : 0.0786285217720188   inter angle : 0.006791166023452514   inter body : 0.002580756837485007   
Evaluation : True
Valid, Epoch 10 : : total loss : 0.467633709659739   marker : 0.12642005969007253   pose : 0.045835287867474324   angle : 0.11567093700856099   body : 0.01573604976275415   inter pose : 0.032455876214226076   inter marker : 0.08296236586760845   inter angle : 0.034186117984057456   inter body : 0.014367016281066397   
Current LR:  [0.0003189329667172973]
Best Loss : 0.12642005969007253
Evaluation : False
Train , Epoch 11 : : total loss : 0.38792030301064845   marker : 0.14255401729442077   pose : 0.03726076338137821   angle : 0.09694722374675832   body : 0.004437055981434185   inter pose : 0.020349823372013538   inter marker : 0.0772397805455998   inter angle : 0.006618480656615488   inter body : 0.0025131589772998376   
Evaluation : True
Valid, Epoch 11 : : total loss : 0.4642142516185029   marker : 0.12595565464808867   pose : 0.04553839164173097   angle : 0.11560485553330652   body : 0.015299412845505463   inter pose : 0.031716089797778194   inter marker : 0.08163155089944653   inter angle : 0.03440679552552681   inter body : 0.014061501033036697   
Current LR:  [0.0002874624862761632]
Best Loss : 0.12595565464808867
Evaluation : False
Train , Epoch 12 : : total loss : 0.3832960671889289   marker : 0.1406337210586206   pose : 0.03668720812563874   angle : 0.0967825070411469   body : 0.004379340307002639   inter pose : 0.01995165639800828   inter marker : 0.07594469778388054   inter angle : 0.006466849580133308   inter body : 0.002450087977713045   
Evaluation : True
Valid, Epoch 12 : : total loss : 0.46466740704448073   marker : 0.1252492309960488   pose : 0.04513861549380238   angle : 0.11644780752737727   body : 0.015430078072941672   inter pose : 0.031836358199208284   inter marker : 0.08216382451809552   inter angle : 0.0343555582180413   inter body : 0.014045933109408786   
Current LR:  [0.00025909733279257026]
Best Loss : 0.1252492309960488
Evaluation : False
Train , Epoch 13 : : total loss : 0.37953037945453827   marker : 0.1391480113700557   pose : 0.03622398484971768   angle : 0.09663116498343978   body : 0.004326615160242704   inter pose : 0.01961178985206128   inter marker : 0.07485188887230652   inter angle : 0.006338093131010465   inter body : 0.0023988306156543598   
Evaluation : True
Valid, Epoch 13 : : total loss : 0.46428979082293714   marker : 0.12588393665258132   pose : 0.0453790651868041   angle : 0.11520893684546633   body : 0.015358477470341836   inter pose : 0.03199246192806616   inter marker : 0.0822232419198314   inter angle : 0.03430252665833585   inter body : 0.013941145909607176   
Current LR:  [0.00023353109036888803]
Evaluation : False
Train , Epoch 14 : : total loss : 0.375634152436512   marker : 0.13752713651149598   pose : 0.0357017380286687   angle : 0.09649825627825709   body : 0.004292481583165173   inter pose : 0.019270295017665598   inter marker : 0.07376134737892501   inter angle : 0.006221852424322053   inter body : 0.002361046687299086   
Evaluation : True
Valid, Epoch 14 : : total loss : 0.46439598255858455   marker : 0.1252387809159065   pose : 0.04564253225869322   angle : 0.11586502688515143   body : 0.015581725869778806   inter pose : 0.03204135108787279   inter marker : 0.08163754040418542   inter angle : 0.03416818555711815   inter body : 0.01422083888883366   
Current LR:  [0.00021048757847516372]
Best Loss : 0.1252387809159065
Evaluation : False
Train , Epoch 15 : : total loss : 0.37266521217446963   marker : 0.13630059381995413   pose : 0.03534731643693736   angle : 0.09638686438203771   body : 0.004255212401289487   inter pose : 0.01900358642715316   inter marker : 0.07292242383564414   inter angle : 0.00612278627360077   inter body : 0.002326427826980217   
Evaluation : True
Valid, Epoch 15 : : total loss : 0.4639648323524076   marker : 0.12441576299631522   pose : 0.04509624074856025   angle : 0.1164463244637367   body : 0.01554246269895071   inter pose : 0.03214830836982297   inter marker : 0.08189345728126284   inter angle : 0.034513772063857966   inter body : 0.013908502148419424   
Current LR:  [0.00018971786849602577]
Best Loss : 0.12441576299631522
Evaluation : False
Train , Epoch 16 : : total loss : 0.3697455570580948   marker : 0.1350737654277413   pose : 0.03493907181674452   angle : 0.0962827214785776   body : 0.0042307123678749226   inter pose : 0.01875250746608693   inter marker : 0.07212939942868891   inter angle : 0.006036544624419389   inter body : 0.0023008347959592823   
Evaluation : True
Valid, Epoch 16 : : total loss : 0.46489343196549693   marker : 0.12478413746606286   pose : 0.0455881506109006   angle : 0.11603565376015328   body : 0.015604722989860851   inter pose : 0.03227558414370775   inter marker : 0.08255416043966547   inter angle : 0.03404388018242654   inter body : 0.014007144306551885   
Current LR:  [0.00017099759466766953]
Evaluation : False
Train , Epoch 17 : : total loss : 0.36680196638676876   marker : 0.13377178103233733   pose : 0.03455230990170885   angle : 0.0961893831492383   body : 0.00421217739422325   inter pose : 0.018502279408675423   inter marker : 0.07133790696607432   inter angle : 0.005958908036419662   inter body : 0.0022772226891242205   
Evaluation : True
Valid, Epoch 17 : : total loss : 0.4624635551144272   marker : 0.12370538916949249   pose : 0.045051027203051965   angle : 0.11626972910486234   body : 0.015516131807669373   inter pose : 0.031840038478740486   inter marker : 0.08160445557081146   inter angle : 0.03429323425542947   inter body : 0.014183549540758067   
Current LR:  [0.0001541245303561964]
Best Loss : 0.12370538916949249
Evaluation : False
Train , Epoch 18 : : total loss : 0.364375697206392   marker : 0.13269964164011694   pose : 0.03421397908244162   angle : 0.09612462366111063   body : 0.004197226283190398   inter pose : 0.018296605674906492   inter marker : 0.07069262984290058   inter angle : 0.005890374348583028   inter body : 0.0022606149245949195   
Evaluation : True
Valid, Epoch 18 : : total loss : 0.4618921194250474   marker : 0.12392225727437561   pose : 0.044747397548041676   angle : 0.11585304177918537   body : 0.015613563892089876   inter pose : 0.031737579782377755   inter marker : 0.08166926464996464   inter angle : 0.03427934354892759   inter body : 0.014069671927926608   
Current LR:  [0.00013891640349493958]
Evaluation : False
Train , Epoch 19 : : total loss : 0.36230403248785464   marker : 0.13184386135790652   pose : 0.033936039965377286   angle : 0.09604164675037857   body : 0.0041810322465919885   inter pose : 0.018114167144365187   inter marker : 0.07011263383977447   inter angle : 0.005829683393040304   inter body : 0.0022449682938765056   
Evaluation : True
Valid, Epoch 19 : : total loss : 0.4614218932200654   marker : 0.12388885793650077   pose : 0.044621668807221924   angle : 0.11609005407980694   body : 0.015390189036955024   inter pose : 0.031769782099908675   inter marker : 0.0815702307815349   inter angle : 0.03413722810316081   inter body : 0.013953884423527487   
Current LR:  [0.0001252089275819358]
Evaluation : False
Train , Epoch 20 : : total loss : 0.3601558602330878   marker : 0.13083873949317434   pose : 0.03363831928869849   angle : 0.09598689746528088   body : 0.004171102698521538   inter pose : 0.017949535672597095   inter marker : 0.06956553375876151   inter angle : 0.005775088427950604   inter body : 0.002230644466392525   
Evaluation : True
Valid, Epoch 20 : : total loss : 0.4615681358682127   marker : 0.12355292191941146   pose : 0.044651886313571885   angle : 0.11623601231257295   body : 0.015543390419489522   inter pose : 0.031738845688668936   inter marker : 0.08149120333694906   inter angle : 0.03434864178487005   inter body : 0.014005234245637327   
Current LR:  [0.00011285402696730145]
Best Loss : 0.12355292191941146
Evaluation : False
Train , Epoch 21 : : total loss : 0.3584574144704419   marker : 0.13009307787940477   pose : 0.033421097599985405   angle : 0.09593163259544198   body : 0.0041604781877049805   inter pose : 0.017804785225123944   inter marker : 0.06909600985314908   inter angle : 0.005729777927426293   inter body : 0.0022205538034387744   
Evaluation : True
Valid, Epoch 21 : : total loss : 0.46138170193537664   marker : 0.12371729786176859   pose : 0.04481306659258665   angle : 0.11630430530533761   body : 0.01537166815413289   inter pose : 0.031726963851532945   inter marker : 0.08141167775027289   inter angle : 0.034184135030229545   inter body : 0.01385258496129953   
Current LR:  [0.00010171823725909672]
Evaluation : False
Train , Epoch 22 : : total loss : 0.3567756898187751   marker : 0.1293547886322505   pose : 0.03316552998073068   angle : 0.09588968708175613   body : 0.0041535114502223355   inter pose : 0.017658695535788492   inter marker : 0.0686550327957498   inter angle : 0.005687955876735323   inter body : 0.0022104891715214727   
Evaluation : True
Valid, Epoch 22 : : total loss : 0.4628165773593279   marker : 0.12395822006538845   pose : 0.0449891352826128   angle : 0.11642429505464366   body : 0.015540916228554401   inter pose : 0.03195471006357072   inter marker : 0.08167563611389725   inter angle : 0.0342745677042309   inter body : 0.013999095898633391   
Current LR:  [9.168126356798713e-05]
Evaluation : False
Train , Epoch 23 : : total loss : 0.3553149233733348   marker : 0.12867813601884506   pose : 0.032963106810909686   angle : 0.09584812720692723   body : 0.004151405213945538   inter pose : 0.01753622893055767   inter marker : 0.06828576994982832   inter angle : 0.005649592957757471   inter body : 0.0022025571852226445   
Evaluation : True
Valid, Epoch 23 : : total loss : 0.4623903793371321   marker : 0.1235363009476157   pose : 0.044929544141886706   angle : 0.11638326767701275   body : 0.015464056831222987   inter pose : 0.03204197931023088   inter marker : 0.08186041695880864   inter angle : 0.03427766225108763   inter body : 0.01389715138861375   
Current LR:  [8.263468101607335e-05]
Best Loss : 0.1235363009476157
Evaluation : False
Train , Epoch 24 : : total loss : 0.3538699819610824   marker : 0.12804042817211808   pose : 0.03275831031169497   angle : 0.09580146377566763   body : 0.004143452597354149   inter pose : 0.017414588332860796   inter marker : 0.0679007900756132   inter angle : 0.005616496918954035   inter body : 0.0021944522713617655   
Evaluation : True
Valid, Epoch 24 : : total loss : 0.4616613731562583   marker : 0.12364877975781322   pose : 0.0448700657861937   angle : 0.11668874472092887   body : 0.015422976409773834   inter pose : 0.03165313833936108   inter marker : 0.08100293141741678   inter angle : 0.03446395200962391   inter body : 0.013910786083579096   
Current LR:  [7.448076347207475e-05]
Evaluation : False
Train , Epoch 25 : : total loss : 0.35260797350183926   marker : 0.12744157016277313   pose : 0.03257761718234643   angle : 0.09577260336412223   body : 0.004141214770759822   inter pose : 0.017316971156763263   inter marker : 0.06758372142203552   inter angle : 0.0055860394147006515   inter body : 0.002188235477103665   
Evaluation : True
Valid, Epoch 25 : : total loss : 0.4626892990288513   marker : 0.12370643103530236   pose : 0.04517769012690661   angle : 0.11602864142201057   body : 0.015549748242802761   inter pose : 0.03226117048306378   inter marker : 0.08184703418374029   inter angle : 0.034099698252446735   inter body : 0.014018885847978309   
Current LR:  [6.713142786022393e-05]
Evaluation : False
Train , Epoch 26 : : total loss : 0.35153093934059143   marker : 0.12694013641311416   pose : 0.03242350643526358   angle : 0.09574348015131666   body : 0.004136692836686718   inter pose : 0.01722988763262174   inter marker : 0.06731394255051752   inter angle : 0.005560989512321732   inter body : 0.002182303773806891   
Evaluation : True
Valid, Epoch 26 : : total loss : 0.4619734998955953   marker : 0.12368837520364072   pose : 0.04463143414684509   angle : 0.11657190779566316   body : 0.015516808058992445   inter pose : 0.03178690866505823   inter marker : 0.08133963570128483   inter angle : 0.034493728143333485   inter body : 0.013944703478193035   
Current LR:  [6.05072826387196e-05]
Evaluation : False
Train , Epoch 27 : : total loss : 0.3505273238166733   marker : 0.12648736084219508   pose : 0.0322781554915319   angle : 0.09571847048050412   body : 0.004131202596335303   inter pose : 0.017144962574767483   inter marker : 0.06705298413954687   inter angle : 0.0055365653916805485   inter body : 0.0021776209872752246   
Evaluation : True
Valid, Epoch 27 : : total loss : 0.4613693539026229   marker : 0.12347410125284909   pose : 0.044759565067929316   angle : 0.1163380466583898   body : 0.015406673919399613   inter pose : 0.0317467566797751   inter marker : 0.08151620822564216   inter angle : 0.03427005510109066   inter body : 0.013857946511357681   
Current LR:  [5.453677016888176e-05]
Best Loss : 0.12347410125284909
Evaluation : False
Train , Epoch 28 : : total loss : 0.34956405794456213   marker : 0.12602152345647855   pose : 0.0321335549427804   angle : 0.0956957415316773   body : 0.004131093768154771   inter pose : 0.017073085383265345   inter marker : 0.06682146666928053   inter angle : 0.005514440746410289   inter body : 0.0021731515167563425   
Evaluation : True
Valid, Epoch 28 : : total loss : 0.46246120899344834   marker : 0.12384388877495259   pose : 0.045084233004738086   angle : 0.11634303799974373   body : 0.015527110285637042   inter pose : 0.03191306809327548   inter marker : 0.08146588459929148   inter angle : 0.03431392674179084   inter body : 0.01397005530131769   
Current LR:  [4.915539371041189e-05]
Evaluation : False
Train , Epoch 29 : : total loss : 0.3487405898833896   marker : 0.1256280353501051   pose : 0.03200798292300602   angle : 0.09567824859531514   body : 0.004128988905329183   inter pose : 0.01700818855857411   inter marker : 0.06662403012285006   inter angle : 0.005495635911702516   inter body : 0.002169478355206629   
Evaluation : True
Valid, Epoch 29 : : total loss : 0.4634416229881557   marker : 0.12402814342081683   pose : 0.045092194690657145   angle : 0.1165373980884274   body : 0.015510663577260613   inter pose : 0.03206874334170831   inter marker : 0.08194336357130684   inter angle : 0.034327191006808436   inter body : 0.013933927675683692   
Current LR:  [4.430502069233822e-05]
Evaluation : False
Train , Epoch 30 : : total loss : 0.3479998166491755   marker : 0.12528389920501942   pose : 0.03190727581827692   angle : 0.09565678338133723   body : 0.0041258265264332294   inter pose : 0.016950158282521124   inter marker : 0.06643268854498498   inter angle : 0.005477736565708019   inter body : 0.002165447429227564   
Evaluation : True
Valid, Epoch 30 : : total loss : 0.4617648423182386   marker : 0.12345792102000856   pose : 0.044953054637085585   angle : 0.11608082327546847   body : 0.015563281004593404   inter pose : 0.031979706905554836   inter marker : 0.0816112106109275   inter angle : 0.03416776676770583   inter body : 0.013951076706611054   
Current LR:  [3.993325473319803e-05]
Best Loss : 0.12345792102000856
Evaluation : False
Train , Epoch 31 : : total loss : 0.34732646087775004   marker : 0.12496106170266182   pose : 0.031815696576150965   angle : 0.09563877691399267   body : 0.004123766312894809   inter pose : 0.01689650611538343   inter marker : 0.0662649791134353   inter angle : 0.005462951001898025   inter body : 0.002162723711821583   
Evaluation : True
Valid, Epoch 31 : : total loss : 0.4623860758719463   marker : 0.12342671156694358   pose : 0.04485772851516211   angle : 0.1166641756765194   body : 0.015637461940392863   inter pose : 0.03199391703308038   inter marker : 0.08148165953584338   inter angle : 0.03429605943146465   inter body : 0.01402836329241457   
Current LR:  [3.5992869626675335e-05]
Best Loss : 0.12342671156694358
Evaluation : False
Train , Epoch 32 : : total loss : 0.3466871047184259   marker : 0.1246660264924876   pose : 0.03171259438074201   angle : 0.09562248160426504   body : 0.004123333310294799   inter pose : 0.01684441105683675   inter marker : 0.06611066595701127   inter angle : 0.005447996551367764   inter body : 0.002159594232644344   
Evaluation : True
Valid, Epoch 32 : : total loss : 0.4621678828624984   marker : 0.12346533096281312   pose : 0.04482891327759466   angle : 0.11668997195057401   body : 0.015552083285216964   inter pose : 0.031748410084542364   inter marker : 0.081478571915821   inter angle : 0.034495049704662786   inter body : 0.013909555860317854   
Current LR:  [3.244129917829765e-05]
Evaluation : False
Train , Epoch 33 : : total loss : 0.34609701421688016   marker : 0.12437395533549658   pose : 0.0316240887170455   angle : 0.0956117565220202   body : 0.004121543043029208   inter pose : 0.01680222591228361   inter marker : 0.06597024783104156   inter angle : 0.005435995117206395   inter body : 0.002157201326222574   
Evaluation : True
Valid, Epoch 33 : : total loss : 0.46208223301465606   marker : 0.12339631587488166   pose : 0.044940786273852465   angle : 0.11654882008864849   body : 0.015556406031366384   inter pose : 0.031882596834258085   inter marker : 0.08148629728087736   inter angle : 0.034328444578090186   inter body : 0.013942568286967948   
Current LR:  [2.9240177382128606e-05]
Best Loss : 0.12339631587488166
Evaluation : False
Train , Epoch 34 : : total loss : 0.34562295392315384   marker : 0.12413403485398197   pose : 0.031553887158837654   angle : 0.09560710824968986   body : 0.004120532498847562   inter pose : 0.016768171225216632   inter marker : 0.06585993315984608   inter angle : 0.00542380725380153   inter body : 0.0021554792376882632   
Evaluation : True
Valid, Epoch 34 : : total loss : 0.4613558241562996   marker : 0.12339734546031013   pose : 0.044848749087171715   angle : 0.1163732622034903   body : 0.015503448844993927   inter pose : 0.031755048701398454   inter marker : 0.08135088699983421   inter angle : 0.03421057345679018   inter body : 0.013916508326138445   
Current LR:  [2.6354923970193805e-05]
Evaluation : False
Train , Epoch 35 : : total loss : 0.3451212039859152   marker : 0.12390619361199792   pose : 0.031481219452747344   angle : 0.09559138836895342   body : 0.004121294525019813   inter pose : 0.016723863090207347   inter marker : 0.06573064922487754   inter angle : 0.005413072630848627   inter body : 0.002153523364724737   
Evaluation : True
Valid, Epoch 35 : : total loss : 0.46174204407423536   marker : 0.12367364010073592   pose : 0.04484546525418709   angle : 0.1164812468529709   body : 0.0155600615971773   inter pose : 0.03175930028088031   inter marker : 0.08132129698382673   inter angle : 0.03419036719268276   inter body : 0.013910665729832293   
Current LR:  [2.375437085751811e-05]
Evaluation : False
Train , Epoch 36 : : total loss : 0.3447075272135859   marker : 0.12370367558133913   pose : 0.031415374701411945   angle : 0.09557948812591355   body : 0.0041201700852929995   inter pose : 0.016695758313579546   inter marker : 0.06563681741152387   inter angle : 0.005404555920517189   inter body : 0.0021516867210178607   
Evaluation : True
Valid, Epoch 36 : : total loss : 0.462118606805124   marker : 0.12347986232501297   pose : 0.044909607729327505   angle : 0.11651503407171804   body : 0.015582158474620196   inter pose : 0.03181956749265697   inter marker : 0.0815205564421111   inter angle : 0.03431110316089417   inter body : 0.013980717952786133   
Current LR:  [2.1410425447429443e-05]
Evaluation : False
Train , Epoch 37 : : total loss : 0.3443311129284489   marker : 0.12351728420117   pose : 0.03136610777714899   angle : 0.09557439332077733   body : 0.004119205190179724   inter pose : 0.016664839356818208   inter marker : 0.06554315365839515   inter angle : 0.005395897921562697   inter body : 0.002150231171870008   
Evaluation : True
Valid, Epoch 37 : : total loss : 0.4620020928189272   marker : 0.12363202857464244   pose : 0.04500246045788511   angle : 0.11649002741307674   body : 0.015482058428175322   inter pose : 0.03180100842210967   inter marker : 0.0814311218987179   inter angle : 0.034307046778293174   inter body : 0.013856338944971349   
Current LR:  [1.929776715996886e-05]
Evaluation : False
Train , Epoch 38 : : total loss : 0.34398628089000766   marker : 0.12335572267381922   pose : 0.031309568136359975   angle : 0.09556230851327843   body : 0.004119007028482433   inter pose : 0.016639320663309115   inter marker : 0.06546388556795682   inter angle : 0.005387768045261753   inter body : 0.0021487001663396225   
Evaluation : True
Valid, Epoch 38 : : total loss : 0.4626661384917455   marker : 0.12353134085349558   pose : 0.04484749482757677   angle : 0.11667670164369617   body : 0.015603431585936136   inter pose : 0.03196272842607209   inter marker : 0.08159970258248299   inter angle : 0.034457682776588776   inter body : 0.013987054733381778   
Current LR:  [1.739357390514086e-05]
Evaluation : False
Train , Epoch 39 : : total loss : 0.3436618992234445   marker : 0.12318760082467957   pose : 0.03126367211490185   angle : 0.09556125297252471   body : 0.004119003420142289   inter pose : 0.01661467167533147   inter marker : 0.06538704851183008   inter angle : 0.005381018894611876   inter body : 0.0021476314005914043   
Evaluation : True
Valid, Epoch 39 : : total loss : 0.46214094328930566   marker : 0.12353954672671383   pose : 0.044839324549983614   angle : 0.11660567093437418   body : 0.015525141860134015   inter pose : 0.0318492046144157   inter marker : 0.0814833863497589   inter angle : 0.034400957094608026   inter body : 0.013897712317431686   
Current LR:  [1.567727554621844e-05]
Evaluation : False
Train , Epoch 40 : : total loss : 0.3433581397599137   marker : 0.12304745527814395   pose : 0.0312168488555672   angle : 0.09555250211158171   body : 0.004117657475039408   inter pose : 0.016591460773490288   inter marker : 0.06531187335163309   inter angle : 0.005374068255959846   inter body : 0.0021462739280540535   
Evaluation : True
Valid, Epoch 40 : : total loss : 0.4621288055526206   marker : 0.12339363438149398   pose : 0.04491764063927356   angle : 0.11670381644176155   body : 0.015596524617071277   inter pose : 0.03179290560467216   inter marker : 0.08143736162169062   inter angle : 0.03431617444490886   inter body : 0.013970748211458857   
Current LR:  [1.4130331689878675e-05]
Best Loss : 0.12339363438149398
Evaluation : False
Train , Epoch 41 : : total loss : 0.34309893116286483   marker : 0.12292141910031963   pose : 0.03117452608635378   angle : 0.09554662554315184   body : 0.0041168465572844325   inter pose : 0.016572258071503268   inter marker : 0.06525357894222915   inter angle : 0.005368573393581427   inter body : 0.0021451019997898186   
Evaluation : True
Valid, Epoch 41 : : total loss : 0.46172260322532344   marker : 0.1234756343776174   pose : 0.04471760151880317   angle : 0.11664914398710796   body : 0.015521025646181921   inter pose : 0.03173089339330843   inter marker : 0.08142126925257537   inter angle : 0.03430863302335896   inter body : 0.013898402769311452   
Current LR:  [1.2736031402736402e-05]
Evaluation : False
Train , Epoch 42 : : total loss : 0.34288109891447505   marker : 0.12281169918056287   pose : 0.031140406854211097   angle : 0.09554207732310521   body : 0.00411857134601241   inter pose : 0.016556321195459384   inter marker : 0.06520380500196316   inter angle : 0.00536385618412659   inter body : 0.0021443626526771696   
Evaluation : True
Valid, Epoch 42 : : total loss : 0.46199646342216955   marker : 0.12337016067281126   pose : 0.044808650298665306   angle : 0.11672418439391553   body : 0.015544016290110875   inter pose : 0.03176269377417464   inter marker : 0.08145556958149339   inter angle : 0.0344270643660439   inter body : 0.013904124536606931   
Current LR:  [1.1479312690704467e-05]
Best Loss : 0.12337016067281126
Evaluation : False
Train , Epoch 43 : : total loss : 0.3426479405593726   marker : 0.12269948748087263   pose : 0.03110799102389338   angle : 0.0955350175157623   body : 0.00411716247174267   inter pose : 0.016538582157463427   inter marker : 0.06514643708880061   inter angle : 0.005359561909931451   inter body : 0.0021436991669939315   
Evaluation : True
Valid, Epoch 43 : : total loss : 0.4623383518624902   marker : 0.12362803211899161   pose : 0.045041520024578355   angle : 0.11656982869650045   body : 0.015571808983803058   inter pose : 0.031866050533518084   inter marker : 0.08146067286660873   inter angle : 0.034257003481147075   inter body : 0.013943434417133053   
Current LR:  [1.034659979109789e-05]
Evaluation : False
Train , Epoch 44 : : total loss : 0.342454320940818   marker : 0.12260063017674282   pose : 0.031081018918072648   angle : 0.09553055848589717   body : 0.00411629418530152   inter pose : 0.016525091470759732   inter marker : 0.06510304516412398   inter angle : 0.005354970424032412   inter body : 0.0021427125095248587   
Evaluation : True
Valid, Epoch 44 : : total loss : 0.46220416426604   marker : 0.1234865362534284   pose : 0.044855162833200436   angle : 0.11679019299537645   body : 0.015563626343886451   inter pose : 0.03179298319286479   inter marker : 0.08140065547428126   inter angle : 0.034397578929939235   inter body : 0.013917429319235224   
Current LR:  [9.325656519822294e-06]
Evaluation : False
Train , Epoch 45 : : total loss : 0.3422716142663912   marker : 0.12251081018727188   pose : 0.031049206678913893   angle : 0.09552678301542496   body : 0.00411759949700014   inter pose : 0.01651081300353429   inter marker : 0.06506384656997041   inter angle : 0.00535089917806124   inter body : 0.002141657081086069   
Evaluation : True
Valid, Epoch 45 : : total loss : 0.4615709125454818   marker : 0.12332515333719492   pose : 0.0447507741722   angle : 0.11668242921795136   body : 0.015472724016312991   inter pose : 0.03181259203389807   inter marker : 0.08133641140192853   inter angle : 0.03434858627186481   inter body : 0.013842243224931413   
Current LR:  [8.405454089422724e-06]
Best Loss : 0.12332515333719492
Evaluation : False
Train , Epoch 46 : : total loss : 0.3421085317594899   marker : 0.12243177244299952   pose : 0.031026194402648515   angle : 0.09552606138162555   body : 0.004115956599052545   inter pose : 0.01649794805863413   inter marker : 0.06502196849373727   inter angle : 0.005347618030221594   inter body : 0.0021410117754470243   
Evaluation : True
Valid, Epoch 46 : : total loss : 0.46223812358493643   marker : 0.12352652475886554   pose : 0.044966355896205866   angle : 0.11658953964824954   body : 0.015563990600866683   inter pose : 0.03187647007659095   inter marker : 0.08148017409042066   inter angle : 0.034324909751153695   inter body : 0.013910162365302169   
Current LR:  [7.576051970091162e-06]
Evaluation : False
Train , Epoch 47 : : total loss : 0.34196103308321324   marker : 0.12235628400471456   pose : 0.031004343384371965   angle : 0.09552034566815013   body : 0.004116188145027272   inter pose : 0.016488867080207074   inter marker : 0.06498967906942228   inter angle : 0.005344453186458505   inter body : 0.002140872908904464   
Evaluation : True
Valid, Epoch 47 : : total loss : 0.4617245194892509   marker : 0.12338310270892439   pose : 0.04477943189530245   angle : 0.11665435436501555   body : 0.015522051484127462   inter pose : 0.03181674787229255   inter marker : 0.08136557861882622   inter angle : 0.03431232480755452   inter body : 0.013890929490767591   
Current LR:  [6.828490506628192e-06]
Evaluation : False
Train , Epoch 48 : : total loss : 0.3418289836935391   marker : 0.12228678676883076   pose : 0.0309849831533788   angle : 0.09551916443735681   body : 0.004116420264699557   inter pose : 0.016478351362985182   inter marker : 0.06496173424067213   inter angle : 0.005341361635500083   inter body : 0.0021401817866160346   
Evaluation : True
Valid, Epoch 48 : : total loss : 0.4619977025607255   marker : 0.12341396621359377   pose : 0.04489690591451851   angle : 0.11665240370727964   body : 0.015596511050199744   inter pose : 0.03177464960497882   inter marker : 0.08138318744023466   inter angle : 0.03434257526553286   inter body : 0.013937506721279993   
Current LR:  [6.154694131348503e-06]
Evaluation : False
Train , Epoch 49 : : total loss : 0.34170639683787707   marker : 0.12222745187386619   pose : 0.030965382849389708   angle : 0.09551484558794071   body : 0.0041163155365489985   inter pose : 0.016469563234876985   inter marker : 0.0649335757411366   inter angle : 0.005339709943471331   inter body : 0.002139552183318056   
Evaluation : True
Valid, Epoch 49 : : total loss : 0.46196814879587944   marker : 0.12347276959625963   pose : 0.0448869833117193   angle : 0.11668151330253007   body : 0.015516803970084314   inter pose : 0.03177386932549605   inter marker : 0.08138829096571333   inter angle : 0.03437891093656064   inter body : 0.01386900872317148   
Finished Training
Load  /tudelft.net/staff-bulk/ewi/insy/VisionLab/students/wyang/dataset/models/model_45_OS_TEMPORAL_TRANSFORMER_L1.pt
Use Transformer, Receptive Field : 243
 OS Joint error : 0.044750768691301346 , SMPLH Joint error : 0.05658029764890671 , Marker error : 0.0576021783053875 , BonyLandmark : 0.06166256591677666
 OS Joint error : 0.03779080882668495 , SMPLH Joint error : 0.049219731241464615 , Marker error : 0.04902057349681854 , BonyLandmark : 0.05261242389678955
 OS Joint error : 0.021835768595337868 , SMPLH Joint error : 0.03694206476211548 , Marker error : 0.03191376477479935 , BonyLandmark : 0.036271896213293076
