/home/nfs/weitseyang/.bashrc: line 20: dirname: command not found
/home/nfs/weitseyang/.bashrc: line 21: dirname: command not found
              total        used        free      shared  buff/cache   available
Mem:         191725       50243      123977         131       17504      140614
Swap:         51637           0       51637
Wed Aug  4 14:03:55 2021       
+-----------------------------------------------------------------------------+
| NVIDIA-SMI 470.57.02    Driver Version: 470.57.02    CUDA Version: 11.4     |
|-------------------------------+----------------------+----------------------+
| GPU  Name        Persistence-M| Bus-Id        Disp.A | Volatile Uncorr. ECC |
| Fan  Temp  Perf  Pwr:Usage/Cap|         Memory-Usage | GPU-Util  Compute M. |
|                               |                      |               MIG M. |
|===============================+======================+======================|
|   0  NVIDIA GeForce ...  On   | 00000000:D9:00.0 Off |                  N/A |
| 30%   30C    P8    28W / 250W |      1MiB / 11019MiB |      0%      Default |
|                               |                      |                  N/A |
+-------------------------------+----------------------+----------------------+
                                                                               
+-----------------------------------------------------------------------------+
| Processes:                                                                  |
|  GPU   GI   CI        PID   Type   Process name                  GPU Memory |
|        ID   ID                                                   Usage      |
|=============================================================================|
|  No running processes found                                                 |
+-----------------------------------------------------------------------------+
BML_FOLDER: /tudelft.net/staff-bulk/ewi/insy/VisionLab/students/wyang/dataset/HDF5/BML/
DATASET:
  ANTIALIAS:
    TEST: 1
    TRAIN: 1
  BBOX:
    PARTIAL_VISUALBILITY: False
  COLOR:
    AUG: True
  DATASETPERIMG: 2000
  GEOM:
    AUG: True
    HFLIP: False
    ROT: 20
    SCALE_DOWN: 25
    SCALE_UP: 25
    SHIFT_AUG: 10
  INTERPOLATION:
    TEST: nearest
    TRAIN: nearest
  OCCLUSION:
    PROB: 0.7
    SCALE: 0.8
  TRAINING_USEDEACHFRAME: 2
  USEDEACHFRAME: 1
EVAL_WORKERS: 16
HYP:
  ANGLE: 0.01
  BODY: 0.1
  INTERMEDIATE_MARKER: 1.5
  INTERMEDIATE_POS: 1.5
  MARKER: 2.0
  POS: 1.0
  ROTMAT: 0.1
  SY_BODY: 0.05
LAYER:
  OS_TRANSIT:
    ACT_TYPE: 1
    BN: False
LOSS:
  ANGLE:
    BETA: 5
    EVAL_TYPE: 1
    H: 0.1
    MASKMINVALUE: 0
    TYPE: 3
    USE: True
    USEMASK: True
  BODY:
    BETA: 0.05
    EVAL_TYPE: 1
    H: 0.1
    TYPE: 3
    USE: True
  MARKER:
    BETA: 0.04
    TYPE: 2
    USE: True
  POS:
    BETA: 0.04
    TYPE: 2
    USE: True
  ROTMAT:
    BETA: 0.02
    EVAL_TYPE: 1
    TYPE: 1
    USE: False
  SY_BODY:
    EVAL_TYPE: 1
    TYPE: 1
    USE: False
LSTM:
  BIDIRECTIONAL: True
  DROPOUTPROB: 0.1
  HIDDEN_STATE: 128
  NUM_LAYERS: 3
MODEL:
  CAUSAL: False
  CONV_CHANNEL_SIZE: [2048]
  CONV_LAYER: 1
  FULLCONV: True
  IMGSIZE: (256, 256)
  INFEATURES: 567
  INTERMEDIATE_POSE_ESTIMATION: False
  METRIC_SCALE:
    BBOX_SIZE: 2.2
    DEPTH: 8
    EVAL_STRIDING: 4
    STRIDING: 32
  NUMPRED: 115
  NUM_PRED: 115
  OUTFEATURES: 126
  POS: True
  RECEPTIVE_FIELD: 243
  RESNET:
    CENTER_STRIDING: True
    NEXT: True
    PRETRAINED: True
  TYPE: 4
MODEL_FOLDER: /tudelft.net/staff-bulk/ewi/insy/VisionLab/students/wyang/dataset/models/
PASCAL_PATH: /tudelft.net/staff-bulk/ewi/insy/VisionLab/students/wyang/dataset/HDF5/PASCAL/pascal.hdf5
PCA_PATH: None
POSTFIX: OS_TEMPORAL_LSTM_128
PREDICTION:
  BODY: ['pelvis', 'lumbar5', 'lumbar4', 'lumbar3', 'lumbar2', 'lumbar1', 'thoracic12', 'thoracic11', 'thoracic10', 'thoracic9', 'thoracic8', 'thoracic7', 'thoracic6', 'thoracic5', 'thoracic4', 'thoracic3', 'thoracic2', 'thoracic1', 'head_neck', 'femur_r', 'tibia_r', 'talus_r', 'calcn_r', 'toes_r', 'femur_l', 'tibia_l', 'talus_l', 'calcn_l', 'toes_l', 'cerv6', 'cerv5', 'cerv4', 'cerv3', 'cerv2', 'cerv1', 'jaw', 'skull', 'thorax', 'clavicle', 'scapula', 'humerus', 'ulna', 'radius', 'clavicle_l', 'scapula_l', 'humerus_l', 'ulna_l', 'radius_l']
  BODY_AMPITUDE_VALUE: [0.38330534, 0.11688988, 0.27979052, 0.18767838, 0.12217734, 0.17559392, 0.25814359, 0.19320878, 0.09488225, 0.23721306, 0.3308586, 0.22396367, 0.08659548, 1e-06, 0.1634575, 0.18397586, 0.23942574, 0.23136499, 0.14410597, 0.14576365, 0.17185328, 0.18178275, 0.15676707, 0.19965802, 0.12167494, 0.14225374, 0.19253547, 0.08705724, 0.13519439, 0.09673029, 0.16227082, 0.25709417, 0.27539152, 0.21485549, 0.11401759, 0.22396367, 0.21485549, 0.1838405, 0.18214334, 0.43287996, 0.43287996, 0.13003099, 0.13036308, 0.2175328, 0.20085876, 0.30206298, 0.3034652, 0.2025831, 0.20302752, 0.1691131, 0.22653959]
  BODY_AVG_VALUE: [1.21267658, 1.19278473, 1.09221309, 0.82231784, 0.65399921, 0.86740023, 1.23414558, 1.13399419, 1.00263798, 1.01988775, 1.04674897, 0.92795962, 0.80902216, 0.94262153, 0.96230629, 0.95413619, 1.04046246, 1.03910667, 0.68939832, 0.71175453, 0.74281865, 0.76454479, 0.9076589, 1.02388528, 0.64942223, 0.89473501, 0.89226717, 0.61283192, 0.7215803, 0.68092433, 1.08504841, 1.17846495, 1.14104316, 1.14461103, 0.74801221, 0.92795962, 1.14461103, 0.89621243, 0.8843008, 1.13165459, 1.13165459, 0.73835266, 0.74087435, 1.07924646, 1.08077973, 1.01209745, 0.99989337, 1.0244289, 1.03203484, 0.82801554, 0.7559647]
  BODY_SCALE_MAPPING: [[0, 1, 2], [10, 3, 9], [10, 3, 9], [10, 3, 9], [10, 3, 9], [10, 3, 9], [10, 3, 9], [10, 4, 9], [10, 4, 9], [10, 5, 9], [10, 5, 9], [10, 6, 9], [10, 6, 9], [10, 6, 9], [10, 6, 9], [10, 6, 9], [10, 6, 9], [10, 6, 9], [11, 7, 9], [16, 14, 16], [20, 18, 20], [20, 18, 20], [22, 23, 24], [28, 30, 30], [17, 15, 17], [21, 19, 21], [21, 19, 21], [25, 26, 27], [29, 31, 31], [11, 7, 9], [11, 7, 9], [11, 7, 9], [11, 7, 9], [11, 7, 9], [11, 7, 9], [12, 8, 13], [12, 8, 13], [32, 33, 34], [37, 35, 41], [39, 36, 41], [45, 43, 45], [49, 47, 49], [49, 47, 49], [38, 35, 42], [40, 36, 42], [46, 44, 46], [50, 48, 50], [50, 48, 50]]
  BODY_SCALE_UNIQUE_NUMS: 51
  BODY_WEIGHTS: [[2.0, 2.0, 2.0], [1.0, 2.0, 1.0], [1.0, 2.0, 1.0], [1.0, 2.0, 1.0], [1.0, 2.0, 1.0], [1.0, 2.0, 1.0], [1.0, 2.0, 1.0], [1.0, 2.0, 1.0], [1.0, 2.0, 1.0], [1.0, 2.0, 1.0], [1.0, 2.0, 1.0], [1.0, 2.0, 1.0], [1.0, 2.0, 1.0], [1.0, 2.0, 1.0], [1.0, 2.0, 1.0], [1.0, 2.0, 1.0], [1.0, 2.0, 1.0], [1.0, 2.0, 1.0], [1.0, 2.0, 1.0], [1.0, 2.0, 1.0], [1.0, 2.0, 1.0], [1.0, 2.0, 1.0], [2.0, 1.0, 1.0], [2.0, 1.0, 1.0], [1.0, 2.0, 1.0], [1.0, 2.0, 1.0], [1.0, 2.0, 1.0], [2.0, 1.0, 1.0], [2.0, 1.0, 1.0], [1.0, 2.0, 1.0], [1.0, 2.0, 1.0], [1.0, 2.0, 1.0], [1.0, 2.0, 1.0], [1.0, 2.0, 1.0], [1.0, 2.0, 1.0], [1.0, 1.0, 2.0], [1.0, 1.0, 2.0], [2.0, 1.0, 1.0], [1.0, 1.0, 2.0], [1.0, 1.0, 2.0], [1.0, 2.0, 1.0], [1.0, 2.0, 1.0], [1.0, 2.0, 1.0], [1.0, 1.0, 2.0], [1.0, 1.0, 2.0], [1.0, 2.0, 1.0], [1.0, 2.0, 1.0], [1.0, 2.0, 1.0]]
  COORDINATES: ['L5_S1_FE', 'L5_S1_LB', 'L5_S1_AR', 'L4_L5_FE', 'L4_L5_LB', 'L4_L5_AR', 'T12_L1_FE', 'T12_L1_LB', 'T12_L1_AR', 'T11_T12_FE', 'T11_T12_LB', 'T11_T12_AR', 'T10_T11_FE', 'T10_T11_LB', 'T10_T11_AR', 'T9_T10_FE', 'T9_T10_LB', 'T9_T10_AR', 'T8_T9_FE', 'T8_T9_LB', 'T8_T9_AR', 'T1_T2_FE', 'T1_T2_LB', 'T1_T2_AR', 'T1_head_neck_FE', 'T1_head_neck_LB', 'T1_head_neck_AR', 'hip_flexion_r', 'hip_adduction_r', 'hip_rotation_r', 'knee_angle_r', 'knee_angle_y_r', 'knee_angle_x_r', 'ankle_angle_r', 'subtalar_angle_r', 'mtp_angle_r', 'hip_flexion_l', 'hip_adduction_l', 'hip_rotation_l', 'knee_angle_l', 'knee_angle_y_l', 'knee_angle_x_l', 'ankle_angle_l', 'subtalar_angle_l', 'mtp_angle_l', 'skull_z', 'skull_y', 'skull_x', 'sternoclavicular_r2', 'sternoclavicular_r3', 'acromioclavicular_r2', 'elv_angle', 'shoulder_elv', 'shoulder1_r2', 'shoulder_rot', 'elbow_flexion', 'elbow_x', 'pro_sup', 'sternoclavicular_r2_l', 'sternoclavicular_r3_l', 'acromioclavicular_r2_l', 'elv_angle_l', 'shoulder_elv_l', 'shoulder1_r2_l', 'shoulder_rot_l', 'elbow_flexion_l', 'elbow_x_l', 'pro_sup_l', 'ribs_bending']
  JOINTS: ['ground_pelvis', 'L5_S1_IVDjnt', 'L4_L5_IVDjnt', 'L3_L4_IVDjnt', 'L2_L3_IVDjnt', 'L1_L2_IVDjnt', 'T12_L1_IVDjnt', 'T11_T12_IVDjnt', 'T10_T11_IVDjnt', 'T9_T10_IVDjnt', 'T8_T9_IVDjnt', 'T7_T8_IVDjnt', 'T6_T7_IVDjnt', 'T5_T6_IVDjnt', 'T4_T5_IVDjnt', 'T3_T4_IVDjnt', 'T2_T3_IVDjnt', 'T1_T2_IVDjnt', 'T1_head_neck', 'hip_r', 'knee_r', 'ankle_r', 'subtalar_r', 'mtp_r', 'hip_l', 'knee_l', 'ankle_l', 'subtalar_l', 'mtp_l', 'C7_cerv6', 'C7_cerv5', 'C7_cerv4', 'C7_cerv3', 'C7_cerv2', 'C7_cerv1', 'skull_jaw', 'C7_skull', 'sternoclavicular', 'acromioclavicular', 'shoulder2', 'elbow', 'radioulnar', 'sternoclavicular_l', 'acromioclavicular_l', 'shoulder2_l', 'elbow_l', 'radioulnar_l', 'T1_rib']
  Joints_Inside_Cylinder_Body_LIST: [['ROOT', 'Torso'], ['RHIPJ', 'Torso'], ['LHIPJ', 'Torso'], ['Spine1', 'Torso'], ['Spine2', 'Torso'], ['Spine3', 'Torso'], ['LCOL', 'Torso'], ['RCOL', 'Torso'], ['NECK', 'Torso'], ['HEAD', 'HEAD'], ['RKNE', 'RightLeg'], ['RKNI', 'RightLeg'], ['LKNE', 'LeftLeg'], ['LKNI', 'LeftLeg'], ['LANK', 'LeftShrank'], ['RANK', 'RightShrank'], ['LANI', 'LeftShrank'], ['RANI', 'RightShrank'], ['RTOE', 'RightFOOT'], ['LTOE', 'LeftFOOT'], ['RMT1', 'RightFOOT'], ['LMT1', 'LeftFOOT'], ['RMT5', 'RightFOOT'], ['LMT5', 'LeftFOOT'], ['LELB', 'LeftArm'], ['RELB', 'RightArm'], ['LELBIN', 'LeftArm'], ['RELBIN', 'RightArm'], ['LIWR', 'LeftForearm'], ['RIWR', 'RightForearm'], ['LOWR', 'LeftForearm'], ['ROWR', 'RightForearm'], ['ground_pelvis', 'Torso'], ['L5_S1_IVDjnt', 'Torso'], ['L4_L5_IVDjnt', 'Torso'], ['L3_L4_IVDjnt', 'Torso'], ['L2_L3_IVDjnt', 'Torso'], ['L1_L2_IVDjnt', 'Torso'], ['T12_L1_IVDjnt', 'Torso'], ['T11_T12_IVDjnt', 'Torso'], ['T10_T11_IVDjnt', 'Torso'], ['T9_T10_IVDjnt', 'Torso'], ['T8_T9_IVDjnt', 'Torso'], ['T7_T8_IVDjnt', 'Torso'], ['T6_T7_IVDjnt', 'Torso'], ['T5_T6_IVDjnt', 'Torso'], ['T4_T5_IVDjnt', 'Torso'], ['T3_T4_IVDjnt', 'Torso'], ['T2_T3_IVDjnt', 'Torso'], ['T1_T2_IVDjnt', 'Torso'], ['T1_head_neck', 'HEAD'], ['hip_r', 'RightLeg'], ['knee_r', 'RightLeg'], ['ankle_r', 'RightShrank'], ['subtalar_r', 'RightShrank'], ['mtp_r', 'RightFOOT'], ['hip_l', 'LeftLeg'], ['knee_l', 'LeftLeg'], ['ankle_l', 'LeftShrank'], ['subtalar_l', 'LeftShrank'], ['mtp_l', 'LeftFOOT'], ['C7_cerv6', 'HEAD'], ['C7_cerv5', 'HEAD'], ['C7_cerv4', 'HEAD'], ['C7_cerv3', 'HEAD'], ['C7_cerv2', 'HEAD'], ['C7_cerv1', 'HEAD'], ['skull_jaw', 'HEAD'], ['C7_skull', 'HEAD'], ['sternoclavicular', 'RightArm'], ['acromioclavicular', 'RightArm'], ['shoulder2', 'RightArm'], ['elbow', 'RightArm'], ['radioulnar', 'RightForearm'], ['sternoclavicular_l', 'LeftArm'], ['acromioclavicular_l', 'LeftArm'], ['shoulder2_l', 'LeftArm'], ['elbow_l', 'LeftArm'], ['radioulnar_l', 'LeftForearm'], ['T1_rib', 'Torso'], ['radiocarpal', 'RightForearm'], ['radiocarpal_l', 'LeftForearm']]
  LEAFJOINTS: ['radiocarpal', 'radiocarpal_l']
  MARKER: ['ROOT', 'LHIPJ', 'RHIPJ', 'Spine1', 'LKJC', 'RKJC', 'Spine2', 'LAJC', 'RAJC', 'Spine3', 'LFOOT', 'RFOOT', 'NECK', 'LCOL', 'RCOL', 'HEAD', 'LSHOULDER', 'RSHOULDER', 'LELC', 'RELC', 'LWRIST', 'RWRIST', 'LPSI', 'RPSI', 'RASI', 'LASI', 'T12', 'T10', 'T8', 'T1', 'C7', 'RKNE', 'RKNI', 'LKNE', 'LKNI', 'LANK', 'RANK', 'LANI', 'RANI', 'LHEE', 'RHEE', 'RTOE', 'LTOE', 'RMT1', 'LMT1', 'RMT5', 'LMT5', 'LSHO', 'RSHO', 'STRN', 'CLAV', 'RCLAV', 'LCLAV', 'LELB', 'RELB', 'LELBIN', 'RELBIN', 'LIWR', 'RIWR', 'LOWR', 'ROWR', 'LFHD', 'RFHD', 'LBHD', 'RBHD']
  MIRROR_BONES: [0, 1, 2, 3, 4, 5, 6, 7, 8, 9, 10, 11, 12, 13, 14, 15, 16, 17, 18, 24, 25, 26, 27, 28, 19, 20, 21, 22, 23, 29, 30, 31, 32, 33, 34, 35, 36, 37, 43, 44, 45, 46, 47, 38, 39, 40, 41, 42]
  NUM_JOINTS: 50
  NUM_MARKERS: 65
  NUM_SMPL_JOINTS: 22
  POS_NAME: ['ground_pelvis', 'L5_S1_IVDjnt', 'L4_L5_IVDjnt', 'L3_L4_IVDjnt', 'L2_L3_IVDjnt', 'L1_L2_IVDjnt', 'T12_L1_IVDjnt', 'T11_T12_IVDjnt', 'T10_T11_IVDjnt', 'T9_T10_IVDjnt', 'T8_T9_IVDjnt', 'T7_T8_IVDjnt', 'T6_T7_IVDjnt', 'T5_T6_IVDjnt', 'T4_T5_IVDjnt', 'T3_T4_IVDjnt', 'T2_T3_IVDjnt', 'T1_T2_IVDjnt', 'T1_head_neck', 'hip_r', 'knee_r', 'ankle_r', 'subtalar_r', 'mtp_r', 'hip_l', 'knee_l', 'ankle_l', 'subtalar_l', 'mtp_l', 'C7_cerv6', 'C7_cerv5', 'C7_cerv4', 'C7_cerv3', 'C7_cerv2', 'C7_cerv1', 'skull_jaw', 'C7_skull', 'sternoclavicular', 'acromioclavicular', 'shoulder2', 'elbow', 'radioulnar', 'sternoclavicular_l', 'acromioclavicular_l', 'shoulder2_l', 'elbow_l', 'radioulnar_l', 'T1_rib', 'radiocarpal', 'radiocarpal_l', 'ROOT', 'LHIPJ', 'RHIPJ', 'Spine1', 'LKJC', 'RKJC', 'Spine2', 'LAJC', 'RAJC', 'Spine3', 'LFOOT', 'RFOOT', 'NECK', 'LCOL', 'RCOL', 'HEAD', 'LSHOULDER', 'RSHOULDER', 'LELC', 'RELC', 'LWRIST', 'RWRIST', 'LPSI', 'RPSI', 'RASI', 'LASI', 'T12', 'T10', 'T8', 'T1', 'C7', 'RKNE', 'RKNI', 'LKNE', 'LKNI', 'LANK', 'RANK', 'LANI', 'RANI', 'LHEE', 'RHEE', 'RTOE', 'LTOE', 'RMT1', 'LMT1', 'RMT5', 'LMT5', 'LSHO', 'RSHO', 'STRN', 'CLAV', 'RCLAV', 'LCLAV', 'LELB', 'RELB', 'LELBIN', 'RELBIN', 'LIWR', 'RIWR', 'LOWR', 'ROWR', 'LFHD', 'RFHD', 'LBHD', 'RBHD']
PROGRESSBAR: False
RESNETPATH: None
SEED: 100
STARTMODELPATH: None
TESTMODE: False
TEST_SUBJECTS: [2, 29, 19, 21, 51, 26, 7, 72, 77, 17, 65, 80, 6, 76, 10, 73, 13, 38]
TRAINING:
  AMSGRAD: False
  AWARED_OCCLUSION:
    GT: False
    USE: False
  BATCHSIZE: 128
  COORDINATE_MAX_WEIGHT: 2
  END_LR: [5e-06]
  END_MOMENTUM: 0.001
  EPOCH: [50]
  EVALUATION_BATCHSIZE: 128
  INITIAL_MOMENTUM: 0.1
  LOSS2D: False
  LOSSTYPE: 1
  MARKER_PREDICTION: True
  MARKER_TYPE: [10, 10, 10, 1, 1, 1, 1, 1, 1, 1, 20, 20, 10, 1, 1, 10, 0, 0, 1, 1, 1, 1, 20, 20, 20, 20, 10, 20, 10, 10, 20, 20, 20, 20, 20, 20, 20, 20, 20, 20, 20, 10, 10, 1, 1, 1, 1, 20, 20, 20, 20, 1, 1, 20, 20, 20, 20, 20, 20, 20, 20, 10, 10, 10, 10]
  MARKER_WEIGHT: [1.0, 1.0, 1.0, 0.1, 0.1, 0.1, 0.1, 0.1, 0.1, 0.1, 2.0, 2.0, 1.0, 0.1, 0.1, 1.0, 0.0, 0.0, 0.1, 0.1, 0.1, 0.1, 2.0, 2.0, 2.0, 2.0, 1.0, 2.0, 1.0, 1.0, 2.0, 2.0, 2.0, 2.0, 2.0, 2.0, 2.0, 2.0, 2.0, 2.0, 2.0, 1.0, 1.0, 0.1, 0.1, 0.1, 0.1, 2.0, 2.0, 2.0, 2.0, 0.1, 0.1, 2.0, 2.0, 2.0, 2.0, 2.0, 2.0, 2.0, 2.0, 1.0, 1.0, 1.0, 1.0]
  PCA: False
  PCA_COMPONENTS: 51
  START_LR: [0.001]
  TRAINING_STEPS: 1
  USE_BODY_WEIGHTS: False
  USE_OS_SIMULATION: False
  VALID_BATCHSIZE: 64
TRAINING_SUBJECTS: [78, 59, 79, 44, 56, 88, 75, 61, 53, 47, 40, 41, 32, 70, 28, 39, 69, 11, 3, 90, 71, 54, 20, 85, 37, 34, 33, 46, 67, 63, 55, 36, 42, 50, 24, 35, 84, 45, 60, 16, 74, 82, 27, 89, 57, 5, 49, 22, 4, 66, 31, 83, 43, 48, 52, 68, 25, 9, 18, 1, 81, 58, 23, 62, 64, 8, 87]
TRANSFORMER:
  BATCHNORM: False
  DROPOUT: False
  D_CHANNEL: 512
  D_MODEL: 256
  N1: 3
  N_HEADS: 8
  POS_ENCODNIG_EVERY_BLOCK: False
  STRIDES: [3, 9, 9]
VALID_SUBJECTS: [14, 86, 15, 30]
VALID_WORKERS: 16
WORKERS: 16
83696 training data, 21822 valid data, 100839 test data
Use LSTM, Receptive Field : 243
LR starts from 0.001, LR decay rate : 0.9013257213104922
Evaluation : False
Train , Epoch 0 : : total loss : 0.6100948724045687   marker : 0.2169034504324517   pose : 0.061870147367143524   angle : 0.030936279175817327   body : 0.010929276423662855   inter pose : 0.05662615367626432   inter marker : 0.19557548075868744   inter angle : 0.026447738415260685   inter body : 0.010806346795654315   
Evaluation : True
Valid, Epoch 0 : : total loss : 0.4141500312372347   marker : 0.11252841210017861   pose : 0.041304175592170235   angle : 0.04375827427188348   body : 0.016767727668798218   inter pose : 0.03895939035601822   inter marker : 0.10441725047127856   inter angle : 0.03995904296666627   inter body : 0.01645575880993408   
Current LR:  [0.0009013257213104922]
Best Loss : 0.11252841210017861
Evaluation : False
Train , Epoch 1 : : total loss : 0.2594594360995256   marker : 0.0899846429093691   pose : 0.02440126479858644   angle : 0.015183726677907827   body : 0.0050465332381256145   inter pose : 0.022967151011045094   inter marker : 0.08390843895639066   inter angle : 0.012956134042207716   inter body : 0.005011543508185499   
Evaluation : True
Valid, Epoch 1 : : total loss : 0.3634354092550151   marker : 0.09630934067426249   pose : 0.03571608017175098   angle : 0.04001179795557567   body : 0.014318304583150322   inter pose : 0.034186620518241506   inter marker : 0.09122939451118185   inter angle : 0.03743191431187303   inter body : 0.014231956479814026   
Current LR:  [0.000812388055895879]
Best Loss : 0.09630934067426249
Evaluation : False
Train , Epoch 2 : : total loss : 0.22072866467750457   marker : 0.07656742945016799   pose : 0.020839385334601994   angle : 0.012111281097551399   body : 0.004281511145200335   inter pose : 0.019853079129598043   inter marker : 0.07240160629951936   inter angle : 0.010419533633631276   inter body : 0.004254837919405988   
Evaluation : True
Valid, Epoch 2 : : total loss : 0.3536629849443426   marker : 0.09418760094630839   pose : 0.035428063961906946   angle : 0.037486825775088446   body : 0.014410464431612185   inter pose : 0.03385500818963515   inter marker : 0.08914861101331091   inter angle : 0.0348715697382823   inter body : 0.014274840888198274   
Current LR:  [0.0007322262504643815]
Best Loss : 0.09418760094630839
Evaluation : False
Train , Epoch 3 : : total loss : 0.20435471182395268   marker : 0.07116653252204747   pose : 0.01933327882306773   angle : 0.010679946571965039   body : 0.003918486793495567   inter pose : 0.018485168283191977   inter marker : 0.06764498634825804   inter angle : 0.009223016041686122   inter body : 0.0039032962776515147   
Evaluation : True
Valid, Epoch 3 : : total loss : 0.34259164528911856   marker : 0.090919613499502   pose : 0.03432848042500422   angle : 0.03692345624227439   body : 0.013844830446725761   inter pose : 0.03266263350635431   inter marker : 0.08599556419985092   inter angle : 0.03419544328396419   inter body : 0.013721625283312682   
Current LR:  [0.0006599743533622857]
Best Loss : 0.090919613499502
Evaluation : False
Train , Epoch 4 : : total loss : 0.19530953941538726   marker : 0.06814899349194391   pose : 0.018466984756165407   angle : 0.009967606742887731   body : 0.0037245740211935313   inter pose : 0.017687427775669062   inter marker : 0.06499170725894193   inter angle : 0.008608995820573926   inter body : 0.0037132500382753555   
Evaluation : True
Valid, Epoch 4 : : total loss : 0.34100983278548813   marker : 0.08984885855125754   pose : 0.034314260234995335   angle : 0.03700702830202671   body : 0.014164471733352679   inter pose : 0.03260817574532591   inter marker : 0.08475435705519697   inter angle : 0.03424491687629916   inter body : 0.014067765141962516   
Current LR:  [0.0005948518600906879]
Best Loss : 0.08984885855125754
Evaluation : False
Train , Epoch 5 : : total loss : 0.18871848577288355   marker : 0.06597676858944879   pose : 0.017814502924406877   angle : 0.00951642620663913   body : 0.003584633860523152   inter pose : 0.017070634361887053   inter marker : 0.0629592340148609   inter angle : 0.008224330905248706   inter body : 0.003571955156961818   
Evaluation : True
Valid, Epoch 5 : : total loss : 0.3413099481755528   marker : 0.08983799185589858   pose : 0.0342153318095913   angle : 0.03717435033410315   body : 0.014092837709323392   inter pose : 0.03257933078464672   inter marker : 0.08489996132017241   inter angle : 0.034508659885299164   inter body : 0.01400148363251503   
Current LR:  [0.0005361552818691272]
Best Loss : 0.08983799185589858
Evaluation : False
Train , Epoch 6 : : total loss : 0.1840581734868688   marker : 0.06446827854533291   pose : 0.01737326015910821   angle : 0.009186662513203634   body : 0.003468105113447557   inter pose : 0.016638589616448464   inter marker : 0.06153202887516109   inter angle : 0.007937749077610181   inter body : 0.0034534998703747988   
Evaluation : True
Valid, Epoch 6 : : total loss : 0.34061550143527436   marker : 0.08942387038699298   pose : 0.034492343016827146   angle : 0.036833268574992695   body : 0.014280932795912938   inter pose : 0.032855523330745116   inter marker : 0.08432612872759589   inter angle : 0.034175919323965694   inter body : 0.014227516515566791   
Current LR:  [0.0004832505461651213]
Best Loss : 0.08942387038699298
Evaluation : False
Train , Epoch 7 : : total loss : 0.18035308341246103   marker : 0.06324729946931143   pose : 0.017005906421776754   angle : 0.008916004154414714   body : 0.003359015090077271   inter pose : 0.016307261398783777   inter marker : 0.0604694901208235   inter angle : 0.00770700353755406   inter body : 0.0033411033894398903   
Evaluation : True
Valid, Epoch 7 : : total loss : 0.34115313880549114   marker : 0.08926901447162239   pose : 0.03439190867141431   angle : 0.03689194240181991   body : 0.014515659656372575   inter pose : 0.032851295405200744   inter marker : 0.08452714487040319   inter angle : 0.03420726569672792   inter body : 0.014498907571839277   
Current LR:  [0.0004355661470959672]
Best Loss : 0.08926901447162239
Evaluation : False
Train , Epoch 8 : : total loss : 0.17702615311280875   marker : 0.062202384994917224   pose : 0.016687191636294445   angle : 0.00869952892645007   body : 0.0032677041177008913   inter pose : 0.015983899961158655   inter marker : 0.0594199010118226   inter angle : 0.007516565948730451   inter body : 0.0032489766298321177   
Evaluation : True
Valid, Epoch 8 : : total loss : 0.34056345892699824   marker : 0.08928669983782807   pose : 0.03434600722788672   angle : 0.03687810405082308   body : 0.014229214780873224   inter pose : 0.03281341779244043   inter marker : 0.08450517142226525   inter angle : 0.034338257848347875   inter body : 0.014166585283683229   
Current LR:  [0.00039258697170970456]
Evaluation : False
Train , Epoch 9 : : total loss : 0.1744893606963238   marker : 0.06138789575050655   pose : 0.016439779675858034   angle : 0.008502305123047935   body : 0.00319089968888457   inter pose : 0.015748294388410418   inter marker : 0.05869549727366858   inter angle : 0.0073497255866174765   inter body : 0.0031749628517052206   
Evaluation : True
Valid, Epoch 9 : : total loss : 0.33701032574394646   marker : 0.08829341364348255   pose : 0.033815024240175795   angle : 0.03683747382990414   body : 0.014128403212516972   inter pose : 0.03218519215666399   inter marker : 0.08343643410572286   inter angle : 0.034204454494543096   inter body : 0.014109929880664543   
Current LR:  [0.00035384873545335125]
Best Loss : 0.08829341364348255
Evaluation : False
Train , Epoch 10 : : total loss : 0.1718261272719224   marker : 0.0605270276801692   pose : 0.016174973052845067   angle : 0.008336879935537738   body : 0.0031200604414165158   inter pose : 0.01549885486884422   inter marker : 0.05786187844678965   inter angle : 0.007201524940568948   inter body : 0.003104927843353878   
Evaluation : True
Valid, Epoch 10 : : total loss : 0.3372818524935169   marker : 0.08874349368611699   pose : 0.03399465740923374   angle : 0.03658588119851561   body : 0.013972945506561142   inter pose : 0.03233228372441522   inter marker : 0.08380772223799052   inter angle : 0.03391942719186918   inter body : 0.01392544224624749   
Current LR:  [0.0003189329667172973]
Evaluation : False
Train , Epoch 11 : : total loss : 0.16971491676559858   marker : 0.05979103396488368   pose : 0.01594462640052961   angle : 0.0081973014139837   body : 0.003069879984195026   inter pose : 0.015306931435434322   inter marker : 0.057269964726559056   inter angle : 0.007079446761744813   inter body : 0.003055732754297315   
Evaluation : True
Valid, Epoch 11 : : total loss : 0.33736957086453506   marker : 0.08871693032524913   pose : 0.034199115412994155   angle : 0.03660290862471425   body : 0.01374030562535771   inter pose : 0.03251743036954871   inter marker : 0.08383570188519367   inter angle : 0.03406802312819312   inter body : 0.01368915653394829   
Current LR:  [0.0002874624862761632]
Evaluation : False
Train , Epoch 12 : : total loss : 0.16794522871102163   marker : 0.05923693905517482   pose : 0.015772021643726146   angle : 0.008066250349339355   body : 0.0030215608870972853   inter pose : 0.01514008098565738   inter marker : 0.0567312383222726   inter angle : 0.0069680497617921455   inter body : 0.003009087971595628   
Evaluation : True
Valid, Epoch 12 : : total loss : 0.3387613005450639   marker : 0.08908997219212605   pose : 0.034173348026242424   angle : 0.03628394150535102   body : 0.014300016555042318   inter pose : 0.03261582961867791   inter marker : 0.08433411316062711   inter angle : 0.033680464517577474   inter body : 0.014283616903251911   
Current LR:  [0.00025909733279257026]
Evaluation : False
Train , Epoch 13 : : total loss : 0.16634314401135145   marker : 0.05869727277669023   pose : 0.015597514711194893   angle : 0.007957412901934904   body : 0.0029767861808714375   inter pose : 0.014990184960992376   inter marker : 0.056285316766358076   inter angle : 0.006873570140137424   inter body : 0.0029650858045765305   
Evaluation : True
Valid, Epoch 13 : : total loss : 0.3367416563463215   marker : 0.08794273301821103   pose : 0.03398285853022583   angle : 0.03656358221101451   body : 0.01425604806430573   inter pose : 0.03250351998056722   inter marker : 0.0832576673918668   inter angle : 0.03398098276752062   inter body : 0.014254263434813468   
Current LR:  [0.00023353109036888803]
Best Loss : 0.08794273301821103
Evaluation : False
Train , Epoch 14 : : total loss : 0.16486490808803855   marker : 0.05821092156365308   pose : 0.015451226411972075   angle : 0.007853327983645166   body : 0.0029400036571145195   inter pose : 0.014855261629655569   inter marker : 0.05583582273121085   inter angle : 0.006788804436852702   inter body : 0.0029295397341924548   
Evaluation : True
Valid, Epoch 14 : : total loss : 0.3358988399608753   marker : 0.08803972451936619   pose : 0.03401873719953352   angle : 0.03611740309053004   body : 0.014304192919919497   inter pose : 0.03246403676802969   inter marker : 0.08317648318890919   inter angle : 0.03348992713462879   inter body : 0.014288337226749154   
Current LR:  [0.00021048757847516372]
Evaluation : False
Train , Epoch 15 : : total loss : 0.16353894357111698   marker : 0.05776158004291755   pose : 0.015307466017444593   angle : 0.007760669947651773   body : 0.0029076698352404474   inter pose : 0.01473462543411788   inter marker : 0.0554584137194007   inter angle : 0.006711228511040919   inter body : 0.0028972904423214666   
Evaluation : True
Valid, Epoch 15 : : total loss : 0.3362069977333867   marker : 0.08788187455086494   pose : 0.03386468389012202   angle : 0.03653630088485901   body : 0.014137397207071863   inter pose : 0.03240456908665398   inter marker : 0.08321445876065495   inter angle : 0.03402715228172262   inter body : 0.014140560271136648   
Current LR:  [0.00018971786849602577]
Best Loss : 0.08788187455086494
Evaluation : False
Train , Epoch 16 : : total loss : 0.16233743706669596   marker : 0.05735095326787297   pose : 0.01519191537799733   angle : 0.007677585464883682   body : 0.002877195322940306   inter pose : 0.01462452551050491   inter marker : 0.05510450541904655   inter angle : 0.006642305271508911   inter body : 0.0028684521750026422   
Evaluation : True
Valid, Epoch 16 : : total loss : 0.3367730602096237   marker : 0.08799942952882314   pose : 0.033896916291309684   angle : 0.036469931727466966   body : 0.014212423943214637   inter pose : 0.032443051535512246   inter marker : 0.08353370093215497   inter angle : 0.033988321409818945   inter body : 0.014229283603998253   
Current LR:  [0.00017099759466766953]
Evaluation : False
Train , Epoch 17 : : total loss : 0.16125729166621636   marker : 0.057007409335551915   pose : 0.01506520390858557   angle : 0.007607830545735213   body : 0.002850979433222396   inter pose : 0.01451558023862324   inter marker : 0.0547865911702102   inter angle : 0.006579737131915998   inter body : 0.0028439597993273327   
Evaluation : True
Valid, Epoch 17 : : total loss : 0.3329063003326072   marker : 0.08720802603081727   pose : 0.033503243634969766   angle : 0.03624694423423811   body : 0.013958131397866315   inter pose : 0.03195823849356477   inter marker : 0.082436157621108   inter angle : 0.03365252687933028   inter body : 0.013943031423415943   
Current LR:  [0.0001541245303561964]
Best Loss : 0.08720802603081727
Evaluation : False
Train , Epoch 18 : : total loss : 0.160364270415642   marker : 0.05670115538797189   pose : 0.014972918454392215   angle : 0.00754249685445364   body : 0.00282789655115347   inter pose : 0.01443765063129742   inter marker : 0.054534462376128294   inter angle : 0.006526038914228608   inter body : 0.0028216519092094114   
Evaluation : True
Valid, Epoch 18 : : total loss : 0.3337428699808415   marker : 0.0873958640570121   pose : 0.033467153779156496   angle : 0.03639835403859479   body : 0.014037601179277283   inter pose : 0.031929606041389516   inter marker : 0.08262140686860957   inter angle : 0.03387670301296306   inter body : 0.014016180673339127   
Current LR:  [0.00013891640349493958]
Evaluation : False
Train , Epoch 19 : : total loss : 0.1594724325637175   marker : 0.05641235537815605   pose : 0.014885856812765642   angle : 0.007482886354326289   body : 0.002807569472549931   inter pose : 0.014352659492327006   inter marker : 0.05425221713724764   inter angle : 0.00647771703421636   inter body : 0.0028011710785905536   
Evaluation : True
Valid, Epoch 19 : : total loss : 0.33447926807726963   marker : 0.08775329349480412   pose : 0.033569879814178014   angle : 0.03634773645880854   body : 0.013934453216463057   inter pose : 0.03206244770148292   inter marker : 0.08306119966633695   inter angle : 0.03381342386830116   inter body : 0.01393683399346493   
Current LR:  [0.0001252089275819358]
Evaluation : False
Train , Epoch 20 : : total loss : 0.15874707361092794   marker : 0.0561603047809411   pose : 0.014801018830006557   angle : 0.00743336218536174   body : 0.002786571546464839   inter pose : 0.01429071589437232   inter marker : 0.05406071981030073   inter angle : 0.006432571915473224   inter body : 0.0027818088758463015   
Evaluation : True
Valid, Epoch 20 : : total loss : 0.33396559772870793   marker : 0.08746797150667904   pose : 0.03361590041236713   angle : 0.03627776033270207   body : 0.014013881786487332   inter pose : 0.03208644338100315   inter marker : 0.08276931149812505   inter angle : 0.03371466542347882   inter body : 0.014019663133844971   
Current LR:  [0.00011285402696730145]
Evaluation : False
Train , Epoch 21 : : total loss : 0.15799525528461608   marker : 0.05591368893158564   pose : 0.014723719690981995   angle : 0.007383943317888752   body : 0.002768602253224524   inter pose : 0.014215380240054901   inter marker : 0.05383194913976408   inter angle : 0.00639199804240812   inter body : 0.002765973635548426   
Evaluation : True
Valid, Epoch 21 : : total loss : 0.3350658369549428   marker : 0.0877711125467276   pose : 0.033635408639492666   angle : 0.03636308594132833   body : 0.014100515307629319   inter pose : 0.03214779188363977   inter marker : 0.08312548331123543   inter angle : 0.0338046639575911   inter body : 0.01411777482648106   
Current LR:  [0.00010171823725909672]
Evaluation : False
Train , Epoch 22 : : total loss : 0.15739684311208096   marker : 0.055714417562733015   pose : 0.014660347163232234   angle : 0.0073375142361985874   body : 0.002751384255979752   inter pose : 0.01416110251509623   inter marker : 0.05366488065211185   inter angle : 0.006357177694800209   inter body : 0.0027500191798995595   
Evaluation : True
Valid, Epoch 22 : : total loss : 0.3333356016639959   marker : 0.0871722224695896   pose : 0.033518379248747655   angle : 0.03627884740867052   body : 0.014048220852142228   inter pose : 0.03206499421993127   inter marker : 0.08244613779092641   inter angle : 0.03373483552382963   inter body : 0.014071964158352808   
Current LR:  [9.168126356798713e-05]
Best Loss : 0.0871722224695896
Evaluation : False
Train , Epoch 23 : : total loss : 0.15679829577939616   marker : 0.05550460901915753   pose : 0.014595192772939596   angle : 0.007302688042509154   body : 0.0027380607833951756   inter pose : 0.014106758673365869   inter marker : 0.05349002142435376   inter angle : 0.006325198390919025   inter body : 0.002735767285674696   
Evaluation : True
Valid, Epoch 23 : : total loss : 0.33228424998057793   marker : 0.0871224902244528   pose : 0.033350505593738373   angle : 0.03613615432610248   body : 0.013832217776669382   inter pose : 0.031845000397436846   inter marker : 0.08249119145111317   inter angle : 0.03364482975696602   inter body : 0.013861860298408989   
Current LR:  [8.263468101607335e-05]
Best Loss : 0.0871224902244528
Evaluation : False
Train , Epoch 24 : : total loss : 0.15629134581611132   marker : 0.05532843700594413   pose : 0.014544094185334892   angle : 0.007266206574122811   body : 0.002722907626351048   inter pose : 0.0140603420939325   inter marker : 0.05334885347103999   inter angle : 0.006297368735964959   inter body : 0.002723135867057679   
Evaluation : True
Valid, Epoch 24 : : total loss : 0.33423606819066826   marker : 0.08756930969471827   pose : 0.033526630845627965   angle : 0.03633022633932675   body : 0.013997866142441815   inter pose : 0.03202880651438862   inter marker : 0.08293877990924736   inter angle : 0.03385110294094511   inter body : 0.013993347795164101   
Current LR:  [7.448076347207475e-05]
Evaluation : False
Train , Epoch 25 : : total loss : 0.15583950180737202   marker : 0.05518064727210889   pose : 0.014494800020243179   angle : 0.007234553166110337   body : 0.0027104642100997303   inter pose : 0.014021024667011833   inter marker : 0.053216513805376627   inter angle : 0.006270361065887383   inter body : 0.0027111377823772695   
Evaluation : True
Valid, Epoch 25 : : total loss : 0.33298573779334356   marker : 0.08730352911478483   pose : 0.03344895627515889   angle : 0.03616597797527354   body : 0.013956597994495057   inter pose : 0.03193404592915751   inter marker : 0.08257150831389477   inter angle : 0.03362997972760932   inter body : 0.0139751425776885   
Current LR:  [6.713142786022393e-05]
Evaluation : False
Train , Epoch 26 : : total loss : 0.15542362112363667   marker : 0.05503882605234477   pose : 0.014441378102288403   angle : 0.0072052290222420715   body : 0.002701005241641087   inter pose : 0.0139823975997077   inter marker : 0.0531075820383854   inter angle : 0.006246092892572808   inter body : 0.0027011109724252914   
Evaluation : True
Valid, Epoch 26 : : total loss : 0.3328937267079361   marker : 0.0871625933832017   pose : 0.03331442581133405   angle : 0.03639726220998763   body : 0.013823726141488845   inter pose : 0.03185195953880284   inter marker : 0.08260193872753328   inter angle : 0.03390252191394816   inter body : 0.01383929951426286   
Current LR:  [6.05072826387196e-05]
Evaluation : False
Train , Epoch 27 : : total loss : 0.15498239388418417   marker : 0.05487448467686202   pose : 0.014402203584178302   angle : 0.00717813060954099   body : 0.0026899431019188525   inter pose : 0.01394435217686762   inter marker : 0.052976289493064606   inter angle : 0.0062244714980810925   inter body : 0.0026925194920803695   
Evaluation : True
Valid, Epoch 27 : : total loss : 0.33312323724695836   marker : 0.08720179697123624   pose : 0.033419632822092156   angle : 0.03625373868301583   body : 0.01400437712909736   inter pose : 0.03191032490298943   inter marker : 0.08255400883595346   inter angle : 0.03377253726710649   inter body : 0.01400682111346266   
Current LR:  [5.453677016888176e-05]
Evaluation : False
Train , Epoch 28 : : total loss : 0.15464609703919058   marker : 0.05477351796275624   pose : 0.014360032194104347   angle : 0.0071552041048044265   body : 0.002680639930677017   inter pose : 0.01390988442755859   inter marker : 0.052878471670435544   inter angle : 0.006204681059525307   inter body : 0.0026836659453358573   
Evaluation : True
Valid, Epoch 28 : : total loss : 0.3334711723547897   marker : 0.08723357473063476   pose : 0.03355442936813107   angle : 0.03621269476401709   body : 0.014014925752745006   inter pose : 0.032092537946371534   inter marker : 0.08260902271580164   inter angle : 0.03373064671195555   inter body : 0.014023340362401639   
Current LR:  [4.915539371041189e-05]
Evaluation : False
Train , Epoch 29 : : total loss : 0.15430374124057442   marker : 0.05465178816346808   pose : 0.014322801244945749   angle : 0.007134624928019222   body : 0.0026715534834040023   inter pose : 0.013878532020720279   inter marker : 0.05278029506755094   inter angle : 0.006187672792416163   inter body : 0.0026764738588104706   
Evaluation : True
Valid, Epoch 29 : : total loss : 0.3333477662339699   marker : 0.08720688675230227   pose : 0.03342206868600063   angle : 0.036317336472983366   body : 0.014085966314232411   inter pose : 0.0319375349614155   inter marker : 0.08250071718126614   inter angle : 0.0337880707914632   inter body : 0.014089186781432318   
Current LR:  [4.430502069233822e-05]
Evaluation : False
Train , Epoch 30 : : total loss : 0.154055945289993   marker : 0.05456872058498914   pose : 0.014296122357408996   angle : 0.0071193350658710665   body : 0.0026646413003161527   inter pose : 0.013857450380430745   inter marker : 0.05270812523538449   inter angle : 0.0061723313474055   inter body : 0.0026692187375778396   
Evaluation : True
Valid, Epoch 30 : : total loss : 0.3332020688172757   marker : 0.08717475587731048   pose : 0.033477965715377034   angle : 0.03618844318494779   body : 0.014108264965771122   inter pose : 0.0319606776133039   inter marker : 0.08250789932518086   inter angle : 0.0336677090471163   inter body : 0.014116351083419508   
Current LR:  [3.993325473319803e-05]
Evaluation : False
Train , Epoch 31 : : total loss : 0.153780268262758   marker : 0.054473238331115996   pose : 0.014262934112678899   angle : 0.007097608329240478   body : 0.002657737193206984   inter pose : 0.013831807040876123   inter marker : 0.05263487303238733   inter angle : 0.00615849293865389   inter body : 0.0026635777980380136   
Evaluation : True
Valid, Epoch 31 : : total loss : 0.33323236080348334   marker : 0.08718554242242214   pose : 0.03348499797636271   angle : 0.036148380877040566   body : 0.014087408570733716   inter pose : 0.03202755447269175   inter marker : 0.08255744019739897   inter angle : 0.033626322118710035   inter body : 0.014114714905601866   
Current LR:  [3.5992869626675335e-05]
Evaluation : False
Train , Epoch 32 : : total loss : 0.15351458366212947   marker : 0.05437340719160406   pose : 0.014233034606138744   angle : 0.007086708958461812   body : 0.002650660145343217   inter pose : 0.013807598909343183   inter marker : 0.052559809465457616   inter angle : 0.006145700154138606   inter body : 0.002657664774676035   
Evaluation : True
Valid, Epoch 32 : : total loss : 0.3343878131489216   marker : 0.08748343499789982   pose : 0.03376509588040721   angle : 0.03616213566900097   body : 0.01414683947105607   inter pose : 0.032243694407771   inter marker : 0.08276422029673021   inter angle : 0.0336569829752351   inter body : 0.014165409060230767   
Current LR:  [3.244129917829765e-05]
Evaluation : False
Train , Epoch 33 : : total loss : 0.15330871077080416   marker : 0.05431036534184336   pose : 0.014214881139580634   angle : 0.0070707652722107415   body : 0.0026444782927963215   inter pose : 0.013787896480770698   inter marker : 0.052493832212449215   inter angle : 0.006134032926438048   inter body : 0.002652459514397232   
Evaluation : True
Valid, Epoch 33 : : total loss : 0.33294374282217387   marker : 0.08713100376274242   pose : 0.03349143978481102   angle : 0.03614741606953142   body : 0.013963784677999155   inter pose : 0.03203284157020626   inter marker : 0.0825485892108354   inter angle : 0.033634754217530836   inter body : 0.013993914421685686   
Current LR:  [2.9240177382128606e-05]
Evaluation : False
Train , Epoch 34 : : total loss : 0.15311489969628875   marker : 0.054245568070258335   pose : 0.014192110900218052   angle : 0.007057321484658473   body : 0.0026402469278009435   inter pose : 0.013769390920082971   inter marker : 0.0524394574645011   inter angle : 0.006122833691183677   inter body : 0.0026479705260384822   
Evaluation : True
Valid, Epoch 34 : : total loss : 0.3329400780242257   marker : 0.08709292424477902   pose : 0.03352424443101328   angle : 0.03616703133482116   body : 0.014005742237161688   inter pose : 0.03201312320543334   inter marker : 0.08245367527925808   inter angle : 0.03366451098014056   inter body : 0.014018828963809484   
Current LR:  [2.6354923970193805e-05]
Best Loss : 0.08709292424477902
Evaluation : False
Train , Epoch 35 : : total loss : 0.15293560680258694   marker : 0.054177284982357785   pose : 0.014172522682029108   angle : 0.00704404904548461   body : 0.002636409813900454   inter pose : 0.013755126725055083   inter marker : 0.052392715345754376   inter angle : 0.0061135106573129505   inter body : 0.0026439879650098897   
Evaluation : True
Valid, Epoch 35 : : total loss : 0.33280022047516755   marker : 0.08707838042738807   pose : 0.03337797008768228   angle : 0.03624799356223704   body : 0.014013039468681   inter pose : 0.03188261892037107   inter marker : 0.08243626370874446   inter angle : 0.03372439385640415   inter body : 0.014039559924693192   
Current LR:  [2.375437085751811e-05]
Best Loss : 0.08707838042738807
Evaluation : False
Train , Epoch 36 : : total loss : 0.1527805714247603   marker : 0.054135799795891205   pose : 0.014158170219584957   angle : 0.007032406068539638   body : 0.0026308100540076837   inter pose : 0.013738788165163482   inter marker : 0.052339872536442   inter angle : 0.006104213774637825   inter body : 0.0026405112779375513   
Evaluation : True
Valid, Epoch 36 : : total loss : 0.33324668593394   marker : 0.08704867040452179   pose : 0.03351449850619238   angle : 0.03626464587959707   body : 0.014083238168506134   inter pose : 0.03204167392861121   inter marker : 0.08242416005995083   inter angle : 0.03377834771208492   inter body : 0.014091451064157788   
Current LR:  [2.1410425447429443e-05]
Best Loss : 0.08704867040452179
Evaluation : False
Train , Epoch 37 : : total loss : 0.1526255695688414   marker : 0.05407940750373998   pose : 0.014133265507257733   angle : 0.007022767530249326   body : 0.002626848176041843   inter pose : 0.013726860212068006   inter marker : 0.05230270543493684   inter angle : 0.006096837508020092   inter body : 0.00263687791224358   
Evaluation : True
Valid, Epoch 37 : : total loss : 0.33291773332398816   marker : 0.08708694404865663   pose : 0.03337070108519806   angle : 0.036254662934674664   body : 0.014053363917389839   inter pose : 0.031862697978470286   inter marker : 0.08244847451588398   inter angle : 0.03375910815654213   inter body : 0.014081780165474855   
Current LR:  [1.929776715996886e-05]
Evaluation : False
Train , Epoch 38 : : total loss : 0.15247628672382185   marker : 0.05402384175252951   pose : 0.01412504943512711   angle : 0.0070149188498990645   body : 0.0026227089888052543   inter pose : 0.013710666497795633   inter marker : 0.05225551086171298   inter angle : 0.006089883373699409   inter body : 0.002633707666666936   
Evaluation : True
Valid, Epoch 38 : : total loss : 0.332150361396119   marker : 0.08679908264372725   pose : 0.03335216856933669   angle : 0.036235623459758726   body : 0.013999684766957853   inter pose : 0.03183728796829827   inter marker : 0.08216549336074438   inter angle : 0.03374694174014072   inter body : 0.014014080241930254   
Current LR:  [1.739357390514086e-05]
Best Loss : 0.08679908264372725
Evaluation : False
Train , Epoch 39 : : total loss : 0.15240473461096357   marker : 0.05400665692562896   pose : 0.014116723307195886   angle : 0.007008674580198791   body : 0.0026208831134265087   inter pose : 0.01370398962804634   inter marker : 0.05223166882695137   inter angle : 0.006085323455784852   inter body : 0.0026308148047511693   
Evaluation : True
Valid, Epoch 39 : : total loss : 0.3320634178690945   marker : 0.08682826887117977   pose : 0.03332273662500012   angle : 0.03619789337545931   body : 0.013967143477030913   inter pose : 0.031847457642756705   inter marker : 0.08222980580554089   inter angle : 0.03368632046770584   inter body : 0.013983789850861154   
Current LR:  [1.567727554621844e-05]
Evaluation : False
Train , Epoch 40 : : total loss : 0.1522532028544004   marker : 0.05394414865381868   pose : 0.01409817004225475   angle : 0.007000246684239524   body : 0.002618255432777871   inter pose : 0.013691212434270298   inter marker : 0.0521948145243238   inter angle : 0.006077341326037464   inter body : 0.0026290141107374733   
Evaluation : True
Valid, Epoch 40 : : total loss : 0.3330287888773136   marker : 0.0870717223848041   pose : 0.03341385613723698   angle : 0.036234122259611826   body : 0.01407277810782257   inter pose : 0.03193475270116158   inter marker : 0.08246780724499667   inter angle : 0.03374189628425915   inter body : 0.01409185470794847   
Current LR:  [1.4130331689878675e-05]
Evaluation : False
Train , Epoch 41 : : total loss : 0.15212082853726186   marker : 0.05388049201135613   pose : 0.014082389525715461   angle : 0.006991756882427252   body : 0.002614691918059773   inter pose : 0.013683416176113837   inter marker : 0.052168222067230145   inter angle : 0.006073600696727839   inter body : 0.0026262592525003194   
Evaluation : True
Valid, Epoch 41 : : total loss : 0.3324767962219669   marker : 0.0868989812301875   pose : 0.033379895966143255   angle : 0.03624811150415627   body : 0.01401262195210181   inter pose : 0.03188860628369114   inter marker : 0.08226202568052102   inter angle : 0.03375371498231675   inter body : 0.014032838879600912   
Current LR:  [1.2736031402736402e-05]
Evaluation : False
Train , Epoch 42 : : total loss : 0.1520524844413147   marker : 0.05386544749779686   pose : 0.0140739930593972   angle : 0.006988794796003363   body : 0.00261431616434334   inter pose : 0.013674310589662737   inter marker : 0.05214224700426617   inter angle : 0.006068522187597353   inter body : 0.0026248534000371717   
Evaluation : True
Valid, Epoch 42 : : total loss : 0.33310148051914557   marker : 0.08713198184486315   pose : 0.03344683427114052   angle : 0.0362004740036503   body : 0.014046514706742303   inter pose : 0.03197481524943213   inter marker : 0.08252949634248183   inter angle : 0.033711856373638424   inter body : 0.014059510892891291   
Current LR:  [1.1479312690704467e-05]
Evaluation : False
Train , Epoch 43 : : total loss : 0.15198156735068258   marker : 0.05384277037215087   pose : 0.014068912677638016   angle : 0.006986043910862476   body : 0.0026109604019483416   inter pose : 0.013667781607662919   inter marker : 0.05211866458173368   inter angle : 0.006063269941167617   inter body : 0.0026231640550503322   
Evaluation : True
Valid, Epoch 43 : : total loss : 0.33293943350086314   marker : 0.08715179261295072   pose : 0.03344531921732492   angle : 0.036161158624812846   body : 0.01401221253959104   inter pose : 0.0319563985832364   inter marker : 0.08251551355497067   inter angle : 0.03366718501133919   inter body : 0.01402985411596696   
Current LR:  [1.034659979109789e-05]
Evaluation : False
Train , Epoch 44 : : total loss : 0.151903256956505   marker : 0.053813879433762604   pose : 0.014060397335766011   angle : 0.0069787229338566705   body : 0.0026104751329692182   inter pose : 0.013660831820465066   inter marker : 0.052097385421189926   inter angle : 0.006060406328200336   inter body : 0.002621158502160202   
Evaluation : True
Valid, Epoch 44 : : total loss : 0.3328367851578275   marker : 0.08701036791678649   pose : 0.03340185949383074   angle : 0.03624913881705865   body : 0.01405055606663473   inter pose : 0.03192125131771202   inter marker : 0.08237843189653801   inter angle : 0.033742104537239456   inter body : 0.014083074068631995   
Current LR:  [9.325656519822294e-06]
Evaluation : False
Train , Epoch 45 : : total loss : 0.15183364140129382   marker : 0.05379372657737359   pose : 0.014051384557820115   angle : 0.006972908408910173   body : 0.00260853850864627   inter pose : 0.013653495503021874   inter marker : 0.052076990546438995   inter angle : 0.006056550418128007   inter body : 0.0026200472699566693   
Evaluation : True
Valid, Epoch 45 : : total loss : 0.33233674568300037   marker : 0.0869392710638444   pose : 0.03334867162147699   angle : 0.03615265884186146   body : 0.014034663868282577   inter pose : 0.03187199003175727   inter marker : 0.08230097389343559   inter angle : 0.03363527900717477   inter body : 0.014053238573372392   
Current LR:  [8.405454089422724e-06]
Evaluation : False
Train , Epoch 46 : : total loss : 0.15178752381348865   marker : 0.053778997561102805   pose : 0.01405002030003445   angle : 0.006972037581655597   body : 0.0026066207289866888   inter pose : 0.013646933436964227   inter marker : 0.052059657763330346   inter angle : 0.006054331975665291   inter body : 0.00261892509435633   
Evaluation : True
Valid, Epoch 46 : : total loss : 0.33187309424563166   marker : 0.08688300805943618   pose : 0.033261711258093296   angle : 0.03612908350318963   body : 0.013980633648077079   inter pose : 0.031766747201399145   inter marker : 0.08224185242267   inter angle : 0.03361353312848895   inter body : 0.013996525368433958   
Current LR:  [7.576051970091162e-06]
Evaluation : False
Train , Epoch 47 : : total loss : 0.1517368855374148   marker : 0.05376830160229896   pose : 0.014040220747052893   angle : 0.006966991119719984   body : 0.002604785584238505   inter pose : 0.013642671957303974   inter marker : 0.05204611738849928   inter angle : 0.006050519427002207   inter body : 0.0026172784286883485   
Evaluation : True
Valid, Epoch 47 : : total loss : 0.3326853514482444   marker : 0.08698060271960875   pose : 0.033411435623805254   angle : 0.036216257068853244   body : 0.014019976338198703   inter pose : 0.03193523188732512   inter marker : 0.08235234430211895   inter angle : 0.03372758273494505   inter body : 0.01404192232755679   
Current LR:  [6.828490506628192e-06]
Evaluation : False
Train , Epoch 48 : : total loss : 0.15167044242344807   marker : 0.0537383027694218   pose : 0.014030540466114627   angle : 0.006963575773003866   body : 0.0026036106259669043   inter pose : 0.013639617272029426   inter marker : 0.05203068052143269   inter angle : 0.006048108404716206   inter body : 0.00261600659432811   
Evaluation : True
Valid, Epoch 48 : : total loss : 0.3325843991089147   marker : 0.08695385814663602   pose : 0.033378590001116835   angle : 0.03622072895225907   body : 0.01403530078742323   inter pose : 0.03190300250706757   inter marker : 0.08232417660338141   inter angle : 0.03371091966132569   inter body : 0.014057824282475304   
Current LR:  [6.154694131348503e-06]
Evaluation : False
Train , Epoch 49 : : total loss : 0.15161980241308898   marker : 0.05371679802058667   pose : 0.0140250779454458   angle : 0.006958269485619039   body : 0.002601899107515949   inter pose : 0.013635048497279973   inter marker : 0.05202295033298262   inter angle : 0.006045261931364606   inter body : 0.0026144970142087153   
Evaluation : True
Valid, Epoch 49 : : total loss : 0.33236513224348185   marker : 0.086949290849911   pose : 0.0333351426399461   angle : 0.03619907694638196   body : 0.013991122642497337   inter pose : 0.03185078206436847   inter marker : 0.08232129112892546   inter angle : 0.033708032968664633   inter body : 0.014010391538755648   
Finished Training
Load  /tudelft.net/staff-bulk/ewi/insy/VisionLab/students/wyang/dataset/models/model_38_OS_TEMPORAL_LSTM_128.pt
Use LSTM, Receptive Field : 243
 OS Joint error : 0.03335217013955116 , SMPLH Joint error : 0.041146621108055115 , Marker error : 0.043215300887823105 , BonyLandmark : 0.04339953511953354
 OS Joint error : 0.028669729828834534 , SMPLH Joint error : 0.03539140522480011 , Marker error : 0.036110714077949524 , BonyLandmark : 0.03600693494081497
Traceback (most recent call last):
  File "/tudelft.net/staff-bulk/ewi/insy/VisionLab/students/wyang/videoMuscle/videoMuscle/models/utils_opensim_temporal4.py", line 586, in <module>
    trainingProgram.store_every_frame_prediction(train=True, valid=True, test=True)
  File "/tudelft.net/staff-bulk/ewi/insy/VisionLab/students/wyang/videoMuscle/videoMuscle/models/utils_opensim_temporal4.py", line 463, in store_every_frame_prediction
    self.save_prediction(dataset, datasetLoader, 'train')
  File "/tudelft.net/staff-bulk/ewi/insy/VisionLab/students/wyang/videoMuscle/videoMuscle/models/utils_opensim_temporal4.py", line 501, in save_prediction
    outputs, _ = self.model_forward(inf)
  File "/tudelft.net/staff-bulk/ewi/insy/VisionLab/students/wyang/videoMuscle/videoMuscle/models/utils_opensim_temporal4.py", line 276, in model_forward
    outputs = self.model(inf)
  File "/tudelft.net/staff-bulk/ewi/insy/VisionLab/students/wyang/miniconda/miniconda/lib/python3.8/site-packages/torch/nn/modules/module.py", line 1051, in _call_impl
    return forward_call(*input, **kwargs)
  File "/tudelft.net/staff-bulk/ewi/insy/VisionLab/students/wyang/videoMuscle/videoMuscle/models/OpenSimTemporalModel.py", line 66, in forward
    outputs = self.opensimTreeLayer(y)
  File "/tudelft.net/staff-bulk/ewi/insy/VisionLab/students/wyang/miniconda/miniconda/lib/python3.8/site-packages/torch/nn/modules/module.py", line 1051, in _call_impl
    return forward_call(*input, **kwargs)
  File "/tudelft.net/staff-bulk/ewi/insy/VisionLab/students/wyang/videoMuscle/videoMuscle/models/openSim/OpenSimTreeLayer.py", line 200, in forward
    jointPos, markerPos = node(C[0], C[1], C[2],
  File "/tudelft.net/staff-bulk/ewi/insy/VisionLab/students/wyang/miniconda/miniconda/lib/python3.8/site-packages/torch/nn/modules/module.py", line 1051, in _call_impl
    return forward_call(*input, **kwargs)
  File "/tudelft.net/staff-bulk/ewi/insy/VisionLab/students/wyang/videoMuscle/videoMuscle/models/openSim/OpenSimNode.py", line 128, in forward
    R1 = OpenSimNode.axangle2mat(rot1Axis.unsqueeze(0).repeat(B, 1), C1)
  File "/tudelft.net/staff-bulk/ewi/insy/VisionLab/students/wyang/videoMuscle/videoMuscle/models/openSim/OpenSimNode.py", line 233, in axangle2mat
    c = torch.cos(angle)
  File "/tudelft.net/staff-bulk/ewi/insy/VisionLab/students/wyang/miniconda/miniconda/lib/python3.8/site-packages/torch/utils/data/_utils/signal_handling.py", line 66, in handler
    _error_if_any_worker_fails()
RuntimeError: DataLoader worker (pid 235561) is killed by signal: Killed. 
slurmstepd: error: Detected 1 oom-kill event(s) in step 6590313.0 cgroup. Some of your processes may have been killed by the cgroup out-of-memory handler.
srun: error: influ3: task 0: Out Of Memory
slurmstepd: error: Detected 1 oom-kill event(s) in step 6590313.batch cgroup. Some of your processes may have been killed by the cgroup out-of-memory handler.
