/home/nfs/weitseyang/.bashrc: line 20: dirname: command not found
/home/nfs/weitseyang/.bashrc: line 21: dirname: command not found
              total        used        free      shared  buff/cache   available
Mem:         772433       26036      735198         365       11198      744191
Swap:          4090           0        4090
Sun Jul 25 03:58:10 2021       
+-----------------------------------------------------------------------------+
| NVIDIA-SMI 470.57.02    Driver Version: 470.57.02    CUDA Version: 11.4     |
|-------------------------------+----------------------+----------------------+
| GPU  Name        Persistence-M| Bus-Id        Disp.A | Volatile Uncorr. ECC |
| Fan  Temp  Perf  Pwr:Usage/Cap|         Memory-Usage | GPU-Util  Compute M. |
|                               |                      |               MIG M. |
|===============================+======================+======================|
|   0  NVIDIA GeForce ...  On   | 00000000:B1:00.0 Off |                  N/A |
| 30%   35C    P8    27W / 250W |      1MiB / 11019MiB |      0%      Default |
|                               |                      |                  N/A |
+-------------------------------+----------------------+----------------------+
                                                                               
+-----------------------------------------------------------------------------+
| Processes:                                                                  |
|  GPU   GI   CI        PID   Type   Process name                  GPU Memory |
|        ID   ID                                                   Usage      |
|=============================================================================|
|  No running processes found                                                 |
+-----------------------------------------------------------------------------+
BML_FOLDER: /tudelft.net/staff-bulk/ewi/insy/VisionLab/students/wyang/dataset/HDF5/BML/
DATASET:
  ANTIALIAS:
    TEST: 1
    TRAIN: 1
  BBOX:
    PARTIAL_VISUALBILITY: False
  COLOR:
    AUG: True
  DATASETPERIMG: 2000
  GEOM:
    AUG: True
    HFLIP: False
    ROT: 20
    SCALE_DOWN: 25
    SCALE_UP: 25
    SHIFT_AUG: 10
  INTERPOLATION:
    TEST: nearest
    TRAIN: nearest
  OCCLUSION:
    PROB: 0.7
    SCALE: 0.8
  TRAINING_USEDEACHFRAME: 1
  USEDEACHFRAME: 1
EVAL_WORKERS: 16
HYP:
  ANGLE: 0.01
  BODY: 0.1
  INTERMEDIATE_MARKER: 1.5
  INTERMEDIATE_POS: 1.5
  MARKER: 2.0
  POS: 1.0
  ROTMAT: 0.1
  SY_BODY: 0.05
LAYER:
  OS_TRANSIT:
    ACT_TYPE: 1
    BN: False
LOSS:
  ANGLE:
    BETA: 5
    EVAL_TYPE: 1
    H: 0.1
    MASKMINVALUE: 0
    TYPE: 3
    USE: True
    USEMASK: True
  BODY:
    BETA: 0.05
    EVAL_TYPE: 1
    H: 0.1
    TYPE: 3
    USE: True
  MARKER:
    BETA: 0.04
    TYPE: 2
    USE: True
  POS:
    BETA: 0.04
    TYPE: 2
    USE: True
  ROTMAT:
    BETA: 0.02
    EVAL_TYPE: 1
    TYPE: 1
    USE: False
  SY_BODY:
    EVAL_TYPE: 1
    TYPE: 1
    USE: False
LSTM:
  BIDIRECTIONAL: True
  DROPOUTPROB: 0.1
  HIDDEN_STATE: 512
  NUM_LAYERS: 3
MODEL:
  CAUSAL: False
  CONV_CHANNEL_SIZE: [2048]
  CONV_LAYER: 1
  FULLCONV: True
  IMGSIZE: (256, 256)
  INFEATURES: 222
  INTERMEDIATE_POSE_ESTIMATION: False
  METRIC_SCALE:
    BBOX_SIZE: 2.2
    DEPTH: 8
    EVAL_STRIDING: 4
    STRIDING: 32
  NUMPRED: 115
  NUM_PRED: 115
  OUTFEATURES: 126
  POS: False
  RECEPTIVE_FIELD: 243
  RESNET:
    CENTER_STRIDING: True
    NEXT: True
    PRETRAINED: True
  TYPE: 1
MODEL_FOLDER: /tudelft.net/staff-bulk/ewi/insy/VisionLab/students/wyang/dataset/models/
PASCAL_PATH: /tudelft.net/staff-bulk/ewi/insy/VisionLab/students/wyang/dataset/HDF5/PASCAL/pascal.hdf5
PCA_PATH: None
POSTFIX: OS_TEMPORAL_TRANSFORMER_NO_MARKER
PREDICTION:
  BODY: ['pelvis', 'lumbar5', 'lumbar4', 'lumbar3', 'lumbar2', 'lumbar1', 'thoracic12', 'thoracic11', 'thoracic10', 'thoracic9', 'thoracic8', 'thoracic7', 'thoracic6', 'thoracic5', 'thoracic4', 'thoracic3', 'thoracic2', 'thoracic1', 'head_neck', 'femur_r', 'tibia_r', 'talus_r', 'calcn_r', 'toes_r', 'femur_l', 'tibia_l', 'talus_l', 'calcn_l', 'toes_l', 'cerv6', 'cerv5', 'cerv4', 'cerv3', 'cerv2', 'cerv1', 'jaw', 'skull', 'thorax', 'clavicle', 'scapula', 'humerus', 'ulna', 'radius', 'clavicle_l', 'scapula_l', 'humerus_l', 'ulna_l', 'radius_l']
  BODY_AMPITUDE_VALUE: [0.38330534, 0.11688988, 0.27979052, 0.18767838, 0.12217734, 0.17559392, 0.25814359, 0.19320878, 0.09488225, 0.23721306, 0.3308586, 0.22396367, 0.08659548, 1e-06, 0.1634575, 0.18397586, 0.23942574, 0.23136499, 0.14410597, 0.14576365, 0.17185328, 0.18178275, 0.15676707, 0.19965802, 0.12167494, 0.14225374, 0.19253547, 0.08705724, 0.13519439, 0.09673029, 0.16227082, 0.25709417, 0.27539152, 0.21485549, 0.11401759, 0.22396367, 0.21485549, 0.1838405, 0.18214334, 0.43287996, 0.43287996, 0.13003099, 0.13036308, 0.2175328, 0.20085876, 0.30206298, 0.3034652, 0.2025831, 0.20302752, 0.1691131, 0.22653959]
  BODY_AVG_VALUE: [1.21267658, 1.19278473, 1.09221309, 0.82231784, 0.65399921, 0.86740023, 1.23414558, 1.13399419, 1.00263798, 1.01988775, 1.04674897, 0.92795962, 0.80902216, 0.94262153, 0.96230629, 0.95413619, 1.04046246, 1.03910667, 0.68939832, 0.71175453, 0.74281865, 0.76454479, 0.9076589, 1.02388528, 0.64942223, 0.89473501, 0.89226717, 0.61283192, 0.7215803, 0.68092433, 1.08504841, 1.17846495, 1.14104316, 1.14461103, 0.74801221, 0.92795962, 1.14461103, 0.89621243, 0.8843008, 1.13165459, 1.13165459, 0.73835266, 0.74087435, 1.07924646, 1.08077973, 1.01209745, 0.99989337, 1.0244289, 1.03203484, 0.82801554, 0.7559647]
  BODY_SCALE_MAPPING: [[0, 1, 2], [10, 3, 9], [10, 3, 9], [10, 3, 9], [10, 3, 9], [10, 3, 9], [10, 3, 9], [10, 4, 9], [10, 4, 9], [10, 5, 9], [10, 5, 9], [10, 6, 9], [10, 6, 9], [10, 6, 9], [10, 6, 9], [10, 6, 9], [10, 6, 9], [10, 6, 9], [11, 7, 9], [16, 14, 16], [20, 18, 20], [20, 18, 20], [22, 23, 24], [28, 30, 30], [17, 15, 17], [21, 19, 21], [21, 19, 21], [25, 26, 27], [29, 31, 31], [11, 7, 9], [11, 7, 9], [11, 7, 9], [11, 7, 9], [11, 7, 9], [11, 7, 9], [12, 8, 13], [12, 8, 13], [32, 33, 34], [37, 35, 41], [39, 36, 41], [45, 43, 45], [49, 47, 49], [49, 47, 49], [38, 35, 42], [40, 36, 42], [46, 44, 46], [50, 48, 50], [50, 48, 50]]
  BODY_SCALE_UNIQUE_NUMS: 51
  BODY_WEIGHTS: [[2.0, 2.0, 2.0], [1.0, 2.0, 1.0], [1.0, 2.0, 1.0], [1.0, 2.0, 1.0], [1.0, 2.0, 1.0], [1.0, 2.0, 1.0], [1.0, 2.0, 1.0], [1.0, 2.0, 1.0], [1.0, 2.0, 1.0], [1.0, 2.0, 1.0], [1.0, 2.0, 1.0], [1.0, 2.0, 1.0], [1.0, 2.0, 1.0], [1.0, 2.0, 1.0], [1.0, 2.0, 1.0], [1.0, 2.0, 1.0], [1.0, 2.0, 1.0], [1.0, 2.0, 1.0], [1.0, 2.0, 1.0], [1.0, 2.0, 1.0], [1.0, 2.0, 1.0], [1.0, 2.0, 1.0], [2.0, 1.0, 1.0], [2.0, 1.0, 1.0], [1.0, 2.0, 1.0], [1.0, 2.0, 1.0], [1.0, 2.0, 1.0], [2.0, 1.0, 1.0], [2.0, 1.0, 1.0], [1.0, 2.0, 1.0], [1.0, 2.0, 1.0], [1.0, 2.0, 1.0], [1.0, 2.0, 1.0], [1.0, 2.0, 1.0], [1.0, 2.0, 1.0], [1.0, 1.0, 2.0], [1.0, 1.0, 2.0], [2.0, 1.0, 1.0], [1.0, 1.0, 2.0], [1.0, 1.0, 2.0], [1.0, 2.0, 1.0], [1.0, 2.0, 1.0], [1.0, 2.0, 1.0], [1.0, 1.0, 2.0], [1.0, 1.0, 2.0], [1.0, 2.0, 1.0], [1.0, 2.0, 1.0], [1.0, 2.0, 1.0]]
  COORDINATES: ['L5_S1_FE', 'L5_S1_LB', 'L5_S1_AR', 'L4_L5_FE', 'L4_L5_LB', 'L4_L5_AR', 'T12_L1_FE', 'T12_L1_LB', 'T12_L1_AR', 'T11_T12_FE', 'T11_T12_LB', 'T11_T12_AR', 'T10_T11_FE', 'T10_T11_LB', 'T10_T11_AR', 'T9_T10_FE', 'T9_T10_LB', 'T9_T10_AR', 'T8_T9_FE', 'T8_T9_LB', 'T8_T9_AR', 'T1_T2_FE', 'T1_T2_LB', 'T1_T2_AR', 'T1_head_neck_FE', 'T1_head_neck_LB', 'T1_head_neck_AR', 'hip_flexion_r', 'hip_adduction_r', 'hip_rotation_r', 'knee_angle_r', 'knee_angle_y_r', 'knee_angle_x_r', 'ankle_angle_r', 'subtalar_angle_r', 'mtp_angle_r', 'hip_flexion_l', 'hip_adduction_l', 'hip_rotation_l', 'knee_angle_l', 'knee_angle_y_l', 'knee_angle_x_l', 'ankle_angle_l', 'subtalar_angle_l', 'mtp_angle_l', 'skull_z', 'skull_y', 'skull_x', 'sternoclavicular_r2', 'sternoclavicular_r3', 'acromioclavicular_r2', 'elv_angle', 'shoulder_elv', 'shoulder1_r2', 'shoulder_rot', 'elbow_flexion', 'elbow_x', 'pro_sup', 'sternoclavicular_r2_l', 'sternoclavicular_r3_l', 'acromioclavicular_r2_l', 'elv_angle_l', 'shoulder_elv_l', 'shoulder1_r2_l', 'shoulder_rot_l', 'elbow_flexion_l', 'elbow_x_l', 'pro_sup_l', 'ribs_bending']
  JOINTS: ['ground_pelvis', 'L5_S1_IVDjnt', 'L4_L5_IVDjnt', 'L3_L4_IVDjnt', 'L2_L3_IVDjnt', 'L1_L2_IVDjnt', 'T12_L1_IVDjnt', 'T11_T12_IVDjnt', 'T10_T11_IVDjnt', 'T9_T10_IVDjnt', 'T8_T9_IVDjnt', 'T7_T8_IVDjnt', 'T6_T7_IVDjnt', 'T5_T6_IVDjnt', 'T4_T5_IVDjnt', 'T3_T4_IVDjnt', 'T2_T3_IVDjnt', 'T1_T2_IVDjnt', 'T1_head_neck', 'hip_r', 'knee_r', 'ankle_r', 'subtalar_r', 'mtp_r', 'hip_l', 'knee_l', 'ankle_l', 'subtalar_l', 'mtp_l', 'C7_cerv6', 'C7_cerv5', 'C7_cerv4', 'C7_cerv3', 'C7_cerv2', 'C7_cerv1', 'skull_jaw', 'C7_skull', 'sternoclavicular', 'acromioclavicular', 'shoulder2', 'elbow', 'radioulnar', 'sternoclavicular_l', 'acromioclavicular_l', 'shoulder2_l', 'elbow_l', 'radioulnar_l', 'T1_rib']
  Joints_Inside_Cylinder_Body_LIST: [['ROOT', 'Torso'], ['RHIPJ', 'Torso'], ['LHIPJ', 'Torso'], ['Spine1', 'Torso'], ['Spine2', 'Torso'], ['Spine3', 'Torso'], ['LCOL', 'Torso'], ['RCOL', 'Torso'], ['NECK', 'Torso'], ['HEAD', 'HEAD'], ['RKNE', 'RightLeg'], ['RKNI', 'RightLeg'], ['LKNE', 'LeftLeg'], ['LKNI', 'LeftLeg'], ['LANK', 'LeftShrank'], ['RANK', 'RightShrank'], ['LANI', 'LeftShrank'], ['RANI', 'RightShrank'], ['RTOE', 'RightFOOT'], ['LTOE', 'LeftFOOT'], ['RMT1', 'RightFOOT'], ['LMT1', 'LeftFOOT'], ['RMT5', 'RightFOOT'], ['LMT5', 'LeftFOOT'], ['LELB', 'LeftArm'], ['RELB', 'RightArm'], ['LELBIN', 'LeftArm'], ['RELBIN', 'RightArm'], ['LIWR', 'LeftForearm'], ['RIWR', 'RightForearm'], ['LOWR', 'LeftForearm'], ['ROWR', 'RightForearm'], ['ground_pelvis', 'Torso'], ['L5_S1_IVDjnt', 'Torso'], ['L4_L5_IVDjnt', 'Torso'], ['L3_L4_IVDjnt', 'Torso'], ['L2_L3_IVDjnt', 'Torso'], ['L1_L2_IVDjnt', 'Torso'], ['T12_L1_IVDjnt', 'Torso'], ['T11_T12_IVDjnt', 'Torso'], ['T10_T11_IVDjnt', 'Torso'], ['T9_T10_IVDjnt', 'Torso'], ['T8_T9_IVDjnt', 'Torso'], ['T7_T8_IVDjnt', 'Torso'], ['T6_T7_IVDjnt', 'Torso'], ['T5_T6_IVDjnt', 'Torso'], ['T4_T5_IVDjnt', 'Torso'], ['T3_T4_IVDjnt', 'Torso'], ['T2_T3_IVDjnt', 'Torso'], ['T1_T2_IVDjnt', 'Torso'], ['T1_head_neck', 'HEAD'], ['hip_r', 'RightLeg'], ['knee_r', 'RightLeg'], ['ankle_r', 'RightShrank'], ['subtalar_r', 'RightShrank'], ['mtp_r', 'RightFOOT'], ['hip_l', 'LeftLeg'], ['knee_l', 'LeftLeg'], ['ankle_l', 'LeftShrank'], ['subtalar_l', 'LeftShrank'], ['mtp_l', 'LeftFOOT'], ['C7_cerv6', 'HEAD'], ['C7_cerv5', 'HEAD'], ['C7_cerv4', 'HEAD'], ['C7_cerv3', 'HEAD'], ['C7_cerv2', 'HEAD'], ['C7_cerv1', 'HEAD'], ['skull_jaw', 'HEAD'], ['C7_skull', 'HEAD'], ['sternoclavicular', 'RightArm'], ['acromioclavicular', 'RightArm'], ['shoulder2', 'RightArm'], ['elbow', 'RightArm'], ['radioulnar', 'RightForearm'], ['sternoclavicular_l', 'LeftArm'], ['acromioclavicular_l', 'LeftArm'], ['shoulder2_l', 'LeftArm'], ['elbow_l', 'LeftArm'], ['radioulnar_l', 'LeftForearm'], ['T1_rib', 'Torso'], ['radiocarpal', 'RightForearm'], ['radiocarpal_l', 'LeftForearm']]
  LEAFJOINTS: ['radiocarpal', 'radiocarpal_l']
  MARKER: ['ROOT', 'LHIPJ', 'RHIPJ', 'Spine1', 'LKJC', 'RKJC', 'Spine2', 'LAJC', 'RAJC', 'Spine3', 'LFOOT', 'RFOOT', 'NECK', 'LCOL', 'RCOL', 'HEAD', 'LSHOULDER', 'RSHOULDER', 'LELC', 'RELC', 'LWRIST', 'RWRIST', 'LPSI', 'RPSI', 'RASI', 'LASI', 'T12', 'T10', 'T8', 'T1', 'C7', 'RKNE', 'RKNI', 'LKNE', 'LKNI', 'LANK', 'RANK', 'LANI', 'RANI', 'LHEE', 'RHEE', 'RTOE', 'LTOE', 'RMT1', 'LMT1', 'RMT5', 'LMT5', 'LSHO', 'RSHO', 'STRN', 'CLAV', 'RCLAV', 'LCLAV', 'LELB', 'RELB', 'LELBIN', 'RELBIN', 'LIWR', 'RIWR', 'LOWR', 'ROWR', 'LFHD', 'RFHD', 'LBHD', 'RBHD']
  MIRROR_BONES: [0, 1, 2, 3, 4, 5, 6, 7, 8, 9, 10, 11, 12, 13, 14, 15, 16, 17, 18, 24, 25, 26, 27, 28, 19, 20, 21, 22, 23, 29, 30, 31, 32, 33, 34, 35, 36, 37, 43, 44, 45, 46, 47, 38, 39, 40, 41, 42]
  NUM_JOINTS: 50
  NUM_MARKERS: 65
  NUM_SMPL_JOINTS: 22
  POS_NAME: ['ground_pelvis', 'L5_S1_IVDjnt', 'L4_L5_IVDjnt', 'L3_L4_IVDjnt', 'L2_L3_IVDjnt', 'L1_L2_IVDjnt', 'T12_L1_IVDjnt', 'T11_T12_IVDjnt', 'T10_T11_IVDjnt', 'T9_T10_IVDjnt', 'T8_T9_IVDjnt', 'T7_T8_IVDjnt', 'T6_T7_IVDjnt', 'T5_T6_IVDjnt', 'T4_T5_IVDjnt', 'T3_T4_IVDjnt', 'T2_T3_IVDjnt', 'T1_T2_IVDjnt', 'T1_head_neck', 'hip_r', 'knee_r', 'ankle_r', 'subtalar_r', 'mtp_r', 'hip_l', 'knee_l', 'ankle_l', 'subtalar_l', 'mtp_l', 'C7_cerv6', 'C7_cerv5', 'C7_cerv4', 'C7_cerv3', 'C7_cerv2', 'C7_cerv1', 'skull_jaw', 'C7_skull', 'sternoclavicular', 'acromioclavicular', 'shoulder2', 'elbow', 'radioulnar', 'sternoclavicular_l', 'acromioclavicular_l', 'shoulder2_l', 'elbow_l', 'radioulnar_l', 'T1_rib', 'radiocarpal', 'radiocarpal_l', 'ROOT', 'LHIPJ', 'RHIPJ', 'Spine1', 'LKJC', 'RKJC', 'Spine2', 'LAJC', 'RAJC', 'Spine3', 'LFOOT', 'RFOOT', 'NECK', 'LCOL', 'RCOL', 'HEAD', 'LSHOULDER', 'RSHOULDER', 'LELC', 'RELC', 'LWRIST', 'RWRIST', 'LPSI', 'RPSI', 'RASI', 'LASI', 'T12', 'T10', 'T8', 'T1', 'C7', 'RKNE', 'RKNI', 'LKNE', 'LKNI', 'LANK', 'RANK', 'LANI', 'RANI', 'LHEE', 'RHEE', 'RTOE', 'LTOE', 'RMT1', 'LMT1', 'RMT5', 'LMT5', 'LSHO', 'RSHO', 'STRN', 'CLAV', 'RCLAV', 'LCLAV', 'LELB', 'RELB', 'LELBIN', 'RELBIN', 'LIWR', 'RIWR', 'LOWR', 'ROWR', 'LFHD', 'RFHD', 'LBHD', 'RBHD']
PROGRESSBAR: False
RESNETPATH: None
SEED: 100
STARTMODELPATH: None
TESTMODE: False
TEST_SUBJECTS: [2, 29, 19, 21, 51, 26, 7, 72, 77, 17, 65, 80, 6, 76, 10, 73, 13, 38]
TRAINING:
  AMSGRAD: False
  AWARED_OCCLUSION:
    GT: False
    USE: False
  BATCHSIZE: 128
  COORDINATE_MAX_WEIGHT: 2
  END_LR: [5e-06]
  END_MOMENTUM: 0.001
  EPOCH: [30]
  EVALUATION_BATCHSIZE: 128
  INITIAL_MOMENTUM: 0.1
  LOSS2D: False
  LOSSTYPE: 1
  MARKER_PREDICTION: True
  MARKER_TYPE: [10, 10, 10, 1, 1, 1, 1, 1, 1, 1, 20, 20, 10, 1, 1, 10, 0, 0, 1, 1, 1, 1, 20, 20, 20, 20, 10, 20, 10, 10, 20, 20, 20, 20, 20, 20, 20, 20, 20, 20, 20, 10, 10, 1, 1, 1, 1, 20, 20, 20, 20, 1, 1, 20, 20, 20, 20, 20, 20, 20, 20, 10, 10, 10, 10]
  MARKER_WEIGHT: [1.0, 1.0, 1.0, 0.1, 0.1, 0.1, 0.1, 0.1, 0.1, 0.1, 2.0, 2.0, 1.0, 0.1, 0.1, 1.0, 0.0, 0.0, 0.1, 0.1, 0.1, 0.1, 2.0, 2.0, 2.0, 2.0, 1.0, 2.0, 1.0, 1.0, 2.0, 2.0, 2.0, 2.0, 2.0, 2.0, 2.0, 2.0, 2.0, 2.0, 2.0, 1.0, 1.0, 0.1, 0.1, 0.1, 0.1, 2.0, 2.0, 2.0, 2.0, 0.1, 0.1, 2.0, 2.0, 2.0, 2.0, 2.0, 2.0, 2.0, 2.0, 1.0, 1.0, 1.0, 1.0]
  PCA: False
  PCA_COMPONENTS: 51
  START_LR: [0.001]
  TRAINING_STEPS: 1
  USE_BODY_WEIGHTS: False
  USE_OS_SIMULATION: False
  VALID_BATCHSIZE: 64
TRAINING_SUBJECTS: [78, 59, 79, 44, 56, 88, 75, 61, 53, 47, 40, 41, 32, 70, 28, 39, 69, 11, 3, 90, 71, 54, 20, 85, 37, 34, 33, 46, 67, 63, 55, 36, 42, 50, 24, 35, 84, 45, 60, 16, 74, 82, 27, 89, 57, 5, 49, 22, 4, 66, 31, 83, 43, 48, 52, 68, 25, 9, 18, 1, 81, 58, 23, 62, 64, 8, 87]
TRANSFORMER:
  BATCHNORM: False
  DROPOUT: False
  D_CHANNEL: 512
  D_MODEL: 256
  N1: 3
  N_HEADS: 8
  POS_ENCODNIG_EVERY_BLOCK: False
  STRIDES: [3, 9, 9]
VALID_SUBJECTS: [14, 86, 15, 30]
VALID_WORKERS: 16
WORKERS: 16
167028 training data, 21822 valid data, 100839 test data
Use Transformer, Receptive Field : 243
LR starts from 0.001, LR decay rate : 0.8428945115096403
Evaluation : False
Train , Epoch 0 : : total loss : 0.576055588646352   marker : 0.21499975002227933   pose : 0.06370574724717648   angle : 0.02508009891982756   body : 0.008452170634352276   inter pose : 0.053671569107786005   inter marker : 0.18094503246476315   inter angle : 0.021830572496008335   inter body : 0.007370649617696695   
Evaluation : True
Valid, Epoch 0 : : total loss : 0.39250469199023186   marker : 0.10939050621034113   pose : 0.04024273860182512   angle : 0.040008712061799075   body : 0.014388150579823811   inter pose : 0.03719049341988251   inter marker : 0.0991625393379861   inter angle : 0.03818967324677227   inter body : 0.013931880266241843   
Current LR:  [0.0008428945115096404]
Best Loss : 0.10939050621034113
Evaluation : False
Train , Epoch 1 : : total loss : 0.21080494946314512   marker : 0.0752026732451071   pose : 0.020993727192202685   angle : 0.00926333626280853   body : 0.003362666974072716   inter pose : 0.019510177828291533   inter marker : 0.0704833665902675   inter angle : 0.008827855006328846   inter body : 0.0031611463529960557   
Evaluation : True
Valid, Epoch 1 : : total loss : 0.36268616823957356   marker : 0.09793463936320541   pose : 0.03635235545550222   angle : 0.0365094496998207   body : 0.014775745564513984   inter pose : 0.03462805803487919   inter marker : 0.09242717302661693   inter angle : 0.035521682356949   inter body : 0.014537066420629496   
Current LR:  [0.0007104711575330752]
Best Loss : 0.09793463936320541
Evaluation : False
Train , Epoch 2 : : total loss : 0.18671611504503555   marker : 0.06645084264191108   pose : 0.018242645180252797   angle : 0.007940680559216056   body : 0.0028185271050929564   inter pose : 0.017334559930922703   inter marker : 0.06358857271175809   inter angle : 0.007679283767481523   inter body : 0.002661003321952021   
Evaluation : True
Valid, Epoch 2 : : total loss : 0.35188430298064133   marker : 0.09236147174060798   pose : 0.03546026647609878   angle : 0.036998298371180134   body : 0.014312021452744059   inter pose : 0.03414122671115607   inter marker : 0.08860258159754573   inter angle : 0.035993360050569564   inter body : 0.014015076105475109   
Current LR:  [0.0005988522392705301]
Best Loss : 0.09236147174060798
Evaluation : False
Train , Epoch 3 : : total loss : 0.17355408836041858   marker : 0.06172122842020875   pose : 0.01676019309574247   angle : 0.007127321030990295   body : 0.0024419359395357614   inter pose : 0.016189412312422154   inter marker : 0.05996396301737044   inter angle : 0.007002973179847139   inter body : 0.00234706162623604   
Evaluation : True
Valid, Epoch 3 : : total loss : 0.34721678400900613   marker : 0.09119489673470808   pose : 0.0348266031770284   angle : 0.03611944853882557   body : 0.014233883551897482   inter pose : 0.033550785143099414   inter marker : 0.08779557500092272   inter angle : 0.03546859022568262   inter body : 0.014027000885706383   
Current LR:  [0.0005047692656863878]
Best Loss : 0.09119489673470808
Evaluation : False
Train , Epoch 4 : : total loss : 0.16477198824515008   marker : 0.058633859886393594   pose : 0.015752300820770487   angle : 0.006507907512717726   body : 0.0022160235420655046   inter pose : 0.015404724603821666   inter marker : 0.05759614120106116   inter angle : 0.006505594376697451   inter body : 0.0021554366721160297   
Evaluation : True
Valid, Epoch 4 : : total loss : 0.34105923016079404   marker : 0.08892729087684847   pose : 0.03370743389582396   angle : 0.03600639344660196   body : 0.01428336444800021   inter pose : 0.0326136336756194   inter marker : 0.08603630193966073   inter angle : 0.035245652312854835   inter body : 0.01423915762608937   
Current LR:  [0.0004254672436258077]
Best Loss : 0.08892729087684847
Evaluation : False
Train , Epoch 5 : : total loss : 0.15721383170893222   marker : 0.05583644489203494   pose : 0.014871690175181793   angle : 0.005986281135333759   body : 0.002071666568224861   inter pose : 0.014751916941958107   inter marker : 0.05555683212423343   inter angle : 0.006105961976572871   inter body : 0.00203303788003706   
Evaluation : True
Valid, Epoch 5 : : total loss : 0.34046160395778446   marker : 0.08917760890516327   pose : 0.03404119611059578   angle : 0.036352468054800004   body : 0.01388158070900167   inter pose : 0.03248051715458732   inter marker : 0.08534432263829271   inter angle : 0.035522944570385274   inter body : 0.013660965336963156   
Current LR:  [0.0003586240044793283]
Evaluation : False
Train , Epoch 6 : : total loss : 0.15060358192840237   marker : 0.053297565784305334   pose : 0.0140378902419156   angle : 0.005547705189999124   body : 0.0019831955457889003   inter pose : 0.014170711467248256   inter marker : 0.05382156785451836   inter angle : 0.0057868540038474685   inter body : 0.001958092015759414   
Evaluation : True
Valid, Epoch 6 : : total loss : 0.3404668721977026   marker : 0.08903236184195784   pose : 0.03422476499985954   angle : 0.036073367489257206   body : 0.013824916371568489   inter pose : 0.03282793236198352   inter marker : 0.08550779879142335   inter angle : 0.03533824422534058   inter body : 0.013637487044988636   
Current LR:  [0.0003022822050712345]
Evaluation : False
Train , Epoch 7 : : total loss : 0.14548670023999696   marker : 0.05130508062972521   pose : 0.013402198311341412   angle : 0.005189622383124761   body : 0.0019275375070161775   inter pose : 0.013732271208970642   inter marker : 0.05248336684518705   inter angle : 0.005537235663355288   inter body : 0.0019093874846927913   
Evaluation : True
Valid, Epoch 7 : : total loss : 0.3356818194874877   marker : 0.0868720848349906   pose : 0.033256501371838   angle : 0.036213575182143735   body : 0.013818415436470676   inter pose : 0.03240883278263313   inter marker : 0.08409915874164096   inter angle : 0.03540493296764039   inter body : 0.013608318462390181   
Current LR:  [0.0002547920115815751]
Best Loss : 0.0868720848349906
Evaluation : False
Train , Epoch 8 : : total loss : 0.1409488924967548   marker : 0.04946711701998041   pose : 0.012804614130030471   angle : 0.004899633040957359   body : 0.0018904752343888765   inter pose : 0.013347618543954304   inter marker : 0.05132184440178648   inter angle : 0.00533960387253551   inter body : 0.0018779866731628502   
Evaluation : True
Valid, Epoch 8 : : total loss : 0.33857814202157005   marker : 0.08749388223738448   pose : 0.03396944020323482   angle : 0.03634384347957429   body : 0.014075503808944453   inter pose : 0.032572875395669866   inter marker : 0.08465388749655527   inter angle : 0.035629645810753514   inter body : 0.013839062461384537   
Current LR:  [0.00021476278813861038]
Evaluation : False
Train , Epoch 9 : : total loss : 0.1370556354522705   marker : 0.04785778255493271   pose : 0.01228242534558443   angle : 0.004665978235389718   body : 0.0018631970932874314   inter pose : 0.013021680323601318   inter marker : 0.05032803164509359   inter angle : 0.00518233717656323   inter body : 0.001854203172360884   
Evaluation : True
Valid, Epoch 9 : : total loss : 0.3355601493143902   marker : 0.0867743881733583   pose : 0.03317426739839441   angle : 0.035949011408827086   body : 0.013806710321015414   inter pose : 0.03256531107404931   inter marker : 0.08424859544706655   inter angle : 0.035417174989236896   inter body : 0.013624690062686597   
Current LR:  [0.0001810223753985424]
Best Loss : 0.0867743881733583
Evaluation : False
Train , Epoch 10 : : total loss : 0.13377461854962666   marker : 0.04647119079310835   pose : 0.011829691052728224   angle : 0.004477515149800153   body : 0.0018481245941833872   inter pose : 0.012743509780227041   inter marker : 0.049509958969714815   inter angle : 0.005055569000884982   inter body : 0.001839059493054516   
Evaluation : True
Valid, Epoch 10 : : total loss : 0.33748316299400716   marker : 0.08752507914785351   pose : 0.033593908549119894   angle : 0.03616572474157239   body : 0.013842827996153538   inter pose : 0.03280071549690477   inter marker : 0.08485464505211437   inter angle : 0.03510012766277197   inter body : 0.013600133716562974   
Current LR:  [0.00015258276668386913]
Evaluation : False
Train , Epoch 11 : : total loss : 0.13095634494639613   marker : 0.04525019500427451   pose : 0.011432397065032844   angle : 0.004320542462687208   body : 0.0018345679438950071   inter pose : 0.012518425517075587   inter marker : 0.048821468603300174   inter angle : 0.004951991923610491   inter body : 0.0018267563829538441   
Evaluation : True
Valid, Epoch 11 : : total loss : 0.33380435483504384   marker : 0.08610199092343708   pose : 0.033071599219920665   angle : 0.03636754259443908   body : 0.013728664258083384   inter pose : 0.03225303258896748   inter marker : 0.08359914682119274   inter angle : 0.035229251732387896   inter body : 0.013453126513611635   
Current LR:  [0.0001286111765887893]
Best Loss : 0.08610199092343708
Evaluation : False
Train , Epoch 12 : : total loss : 0.12854520187490373   marker : 0.04419810094076432   pose : 0.01108973305329589   angle : 0.004196170466434942   body : 0.001826051444970814   inter pose : 0.012316777005197446   inter marker : 0.048231299463773795   inter angle : 0.004869753272741165   inter body : 0.0018173165203706344   
Evaluation : True
Valid, Epoch 12 : : total loss : 0.3337004415690216   marker : 0.08614084637795477   pose : 0.032908174744907474   angle : 0.036142148933099486   body : 0.013555340727683812   inter pose : 0.03229911071047339   inter marker : 0.0837128628688907   inter angle : 0.035550081536505684   inter body : 0.013391875060403744   
Current LR:  [0.00010840565486548765]
Evaluation : False
Train , Epoch 13 : : total loss : 0.12657793900969386   marker : 0.0433331586969045   pose : 0.010802175961092023   angle : 0.0040967462261555935   body : 0.001820074639585229   inter pose : 0.012155583632561417   inter marker : 0.04775891570442933   inter angle : 0.004800675234020305   inter body : 0.00181060899913231   
Evaluation : True
Valid, Epoch 13 : : total loss : 0.3342062068481557   marker : 0.08609523105420307   pose : 0.033132343328946365   angle : 0.03611822164787423   body : 0.013628998187643482   inter pose : 0.03242044898004211   inter marker : 0.08389781673170231   inter angle : 0.035490419477669566   inter body : 0.01342272657148889   
Current LR:  [9.137453150272788e-05]
Best Loss : 0.08609523105420307
Evaluation : False
Train , Epoch 14 : : total loss : 0.12481019447094824   marker : 0.04253585380644886   pose : 0.01053963677080611   angle : 0.004010663479045205   body : 0.001815708693898243   inter pose : 0.012016589291953693   inter marker : 0.047342993544723176   inter angle : 0.004743205339139316   inter body : 0.0018055434054852196   
Evaluation : True
Valid, Epoch 14 : : total loss : 0.33473463270865467   marker : 0.08631489725054353   pose : 0.033068534521820146   angle : 0.03623310543529142   body : 0.013611133551359417   inter pose : 0.03259924744917267   inter marker : 0.08399937856690103   inter angle : 0.035466062947226845   inter body : 0.013442274537775674   
Current LR:  [7.701909109541406e-05]
Evaluation : False
Train , Epoch 15 : : total loss : 0.12340375625648381   marker : 0.04189830712197017   pose : 0.010332626742710776   angle : 0.003940802553712899   body : 0.0018130177224877696   inter pose : 0.01190845603394705   inter marker : 0.0470126611266308   inter angle : 0.004696287597926688   inter body : 0.0018015975189542375   
Evaluation : True
Valid, Epoch 15 : : total loss : 0.3336554609355869   marker : 0.08613861637431884   pose : 0.03290193577580159   angle : 0.036162155662860365   body : 0.013738153231765618   inter pose : 0.03215325682817245   inter marker : 0.0836137367883444   inter angle : 0.03537660363548432   inter body : 0.013571002860082823   
Current LR:  [6.491896916578553e-05]
Evaluation : False
Train , Epoch 16 : : total loss : 0.12214080380858636   marker : 0.041321570447937474   pose : 0.010140659203295785   angle : 0.00388371881327529   body : 0.0018106251347958585   inter pose : 0.011807256610349872   inter marker : 0.04672149977035409   inter angle : 0.0046573701954555295   inter body : 0.001798103684634456   
Evaluation : True
Valid, Epoch 16 : : total loss : 0.33411064957318126   marker : 0.08610395231011829   pose : 0.0331004856705895   angle : 0.03631297408600315   body : 0.013670465263565633   inter pose : 0.032404119880353924   inter marker : 0.08364103703764988   inter angle : 0.035347852935472865   inter body : 0.013529761586395982   
Current LR:  [5.4719842802704195e-05]
Evaluation : False
Train , Epoch 17 : : total loss : 0.12108517611867811   marker : 0.04083542272082867   pose : 0.00997865476225577   angle : 0.0038337855541970057   body : 0.001809012469142087   inter pose : 0.01172562052804314   inter marker : 0.04648315079190248   inter angle : 0.004624222714505358   inter body : 0.0017953065642337114   
Evaluation : True
Valid, Epoch 17 : : total loss : 0.33451841670950483   marker : 0.08616022162952691   pose : 0.03299319452396421   angle : 0.036450063741979566   body : 0.013692370038805628   inter pose : 0.032394948489462116   inter marker : 0.08375448158403309   inter angle : 0.0355602123922852   inter body : 0.013512922924627536   
Current LR:  [4.612305516906966e-05]
Evaluation : False
Train , Epoch 18 : : total loss : 0.12018921682211153   marker : 0.04041367404711393   pose : 0.009839777116223804   angle : 0.0037972788939586743   body : 0.001807604339852232   inter pose : 0.011658679683938439   inter marker : 0.04628247256602155   inter angle : 0.004596645228544741   inter body : 0.0017930849909173908   
Evaluation : True
Valid, Epoch 18 : : total loss : 0.3345021840556056   marker : 0.08618978253971939   pose : 0.03315716251511041   angle : 0.03640706606237275   body : 0.01366876668141662   inter pose : 0.03251918454118221   inter marker : 0.08359673713503678   inter angle : 0.03545803767427954   inter body : 0.013505447305272538   
Current LR:  [3.887687005606516e-05]
Evaluation : False
Train , Epoch 19 : : total loss : 0.11943011041844916   marker : 0.040057090608163114   pose : 0.009723694365831561   angle : 0.0037625967360678716   body : 0.001806253335310826   inter pose : 0.011602574555871815   inter marker : 0.04611317813396454   inter angle : 0.00457359201141256   inter body : 0.0017911305763020232   
Evaluation : True
Valid, Epoch 19 : : total loss : 0.3339296454044258   marker : 0.08605264754247713   pose : 0.03300944347340511   angle : 0.036362957685636826   body : 0.013641526181520196   inter pose : 0.03235562711792964   inter marker : 0.08362650305330453   inter angle : 0.03539028953057185   inter body : 0.01349065082231196   
Current LR:  [3.276910039493081e-05]
Best Loss : 0.08605264754247713
Evaluation : False
Train , Epoch 20 : : total loss : 0.11879901919925323   marker : 0.039756037126312406   pose : 0.009627574944063062   angle : 0.00373496525643102   body : 0.0018061363798719003   inter pose : 0.011556068007502866   inter marker : 0.04597433517612745   inter angle : 0.004554228499164645   inter body : 0.0017896739549419208   
Evaluation : True
Valid, Epoch 20 : : total loss : 0.33309419584934197   marker : 0.08590576200980815   pose : 0.03288865062102488   angle : 0.036225589765395395   body : 0.013571242671676718   inter pose : 0.03225595546177355   inter marker : 0.08347908791279926   inter angle : 0.03536321535391043   inter body : 0.013404691452045247   
Current LR:  [2.762089486999557e-05]
Best Loss : 0.08590576200980815
Evaluation : False
Train , Epoch 21 : : total loss : 0.11821677170099656   marker : 0.039479501748263285   pose : 0.00953423205771672   angle : 0.0037123327271332907   body : 0.0018054152310553058   inter pose : 0.01151209323884108   inter marker : 0.04584720167417102   inter angle : 0.004537679347498171   inter body : 0.0017883158074634756   
Evaluation : True
Valid, Epoch 21 : : total loss : 0.3337651942283442   marker : 0.08608924530787272   pose : 0.033018646575869   angle : 0.03633642480174755   body : 0.013599885115318868   inter pose : 0.03231747275410078   inter marker : 0.08351924840912965   inter angle : 0.03543763606033276   inter body : 0.01344663585677788   
Current LR:  [2.3281500688904046e-05]
Evaluation : False
Train , Epoch 22 : : total loss : 0.11775212480680891   marker : 0.03925790104649367   pose : 0.009463977433621106   angle : 0.003692236010119479   body : 0.0018053977894689603   inter pose : 0.01147783593134669   inter marker : 0.04574341110119516   inter angle : 0.004523966722997431   inter body : 0.001787398824685373   
Evaluation : True
Valid, Epoch 22 : : total loss : 0.33279030247204855   marker : 0.08572791986445351   pose : 0.03279979306982217   angle : 0.036301813907009706   body : 0.013596419051416569   inter pose : 0.03217873187847835   inter marker : 0.08327891402497604   inter angle : 0.03546222233442325   inter body : 0.01344449262430661   
Current LR:  [1.962384915038513e-05]
Best Loss : 0.08572791986445351
Evaluation : False
Train , Epoch 23 : : total loss : 0.11734668351138479   marker : 0.03906151139823023   pose : 0.009398812721654819   angle : 0.003674533414373037   body : 0.0018049114203599048   inter pose : 0.01144972405442111   inter marker : 0.045658946065860656   inter angle : 0.00451180275616756   inter body : 0.0017864417404891992   
Evaluation : True
Valid, Epoch 23 : : total loss : 0.3331222638191459   marker : 0.08583073963025085   pose : 0.03285124180417659   angle : 0.03642220320573551   body : 0.013550184584485547   inter pose : 0.03228945468154053   inter marker : 0.08335356995970046   inter angle : 0.03544643676725648   inter body : 0.01337843220815815   
Current LR:  [1.6540834743552744e-05]
Evaluation : False
Train , Epoch 24 : : total loss : 0.11700549614872852   marker : 0.03889801635469761   pose : 0.009345315964578257   angle : 0.003660975352102502   body : 0.0018049093605943332   inter pose : 0.01142403944624028   inter marker : 0.045585126553210745   inter angle : 0.004501469041923621   inter body : 0.0017856439876233004   
Evaluation : True
Valid, Epoch 24 : : total loss : 0.33443662797090346   marker : 0.08619924404915898   pose : 0.033071643097155275   angle : 0.036399407157779076   body : 0.013673435392350042   inter pose : 0.032418462535483014   inter marker : 0.08363388312550166   inter angle : 0.03551291566143747   inter body : 0.013527636594224311   
Current LR:  [1.3942178821128577e-05]
Evaluation : False
Train , Epoch 25 : : total loss : 0.11671242389279457   marker : 0.03875634625862621   pose : 0.009298070611009386   angle : 0.0036492367049013523   body : 0.0018044407360728522   inter pose : 0.011403050419354549   inter marker : 0.04552223483969006   inter angle : 0.004493641829906614   inter body : 0.0017854027575784665   
Evaluation : True
Valid, Epoch 25 : : total loss : 0.33326060760361   marker : 0.08595270730760596   pose : 0.03296235108963347   angle : 0.03633235413391642   body : 0.013605367573598337   inter pose : 0.03220853229981056   inter marker : 0.08332220446712735   inter angle : 0.03542925404449091   inter body : 0.01344783632141916   
Current LR:  [1.1751786006815225e-05]
Evaluation : False
Train , Epoch 26 : : total loss : 0.11646006675722774   marker : 0.038631587583525966   pose : 0.009257758518343826   angle : 0.0036388943752093937   body : 0.001804535465023589   inter pose : 0.0113858674542887   inter marker : 0.04547050384450361   inter angle : 0.004486389083222149   inter body : 0.0017845304645355104   
Evaluation : True
Valid, Epoch 26 : : total loss : 0.3336067753853779   marker : 0.08605545212374457   pose : 0.03298786347273584   angle : 0.036384643615521274   body : 0.01357870198456442   inter pose : 0.032266339802543155   inter marker : 0.08351398700864097   inter angle : 0.035393443261437514   inter body : 0.01342634608826206   
Current LR:  [9.905515925580347e-06]
Evaluation : False
Train , Epoch 27 : : total loss : 0.11624885643003909   marker : 0.038529004121736335   pose : 0.009224729903150876   angle : 0.0036295870502202265   body : 0.0018046022578681094   inter pose : 0.011370905023639553   inter marker : 0.045425832522975884   inter angle : 0.004479866184899869   inter body : 0.0017843295790953562   
Evaluation : True
Valid, Epoch 27 : : total loss : 0.3340442133216414   marker : 0.08605545640658223   pose : 0.033012850437971926   angle : 0.0364602800687766   body : 0.01362068529538083   inter pose : 0.032373454577107115   inter marker : 0.0835788743806884   inter angle : 0.0354858368195422   inter body : 0.013456775365637526   
Current LR:  [8.349305007343008e-06]
Evaluation : False
Train , Epoch 28 : : total loss : 0.11606267412290251   marker : 0.03843805218184013   pose : 0.009193948212942463   angle : 0.003622755967866218   body : 0.0018045272899718749   inter pose : 0.011357324552847976   inter marker : 0.04538716899768158   inter angle : 0.0044751400058372   inter body : 0.00178375720557831   
Evaluation : True
Valid, Epoch 28 : : total loss : 0.3338662171033877   marker : 0.08599024052340676   pose : 0.03296985622724509   angle : 0.036430768487696226   body : 0.013613264588122734   inter pose : 0.032378222205747924   inter marker : 0.08358622936769362   inter angle : 0.03544171690536609   inter body : 0.013455919235133522   
Current LR:  [7.037583365609379e-06]
Evaluation : False
Train , Epoch 29 : : total loss : 0.11590639578372788   marker : 0.03835929533683815   pose : 0.009169563310409388   angle : 0.0036163476731076814   body : 0.001804792648788393   inter pose : 0.011347216324012246   inter marker : 0.045354749276045644   inter angle : 0.004470629416344733   inter body : 0.001783801826392729   
Evaluation : True
Valid, Epoch 29 : : total loss : 0.33386430197572325   marker : 0.08606562744674144   pose : 0.03299360806908554   angle : 0.03645044513304176   body : 0.01359026803070941   inter pose : 0.032316146407355945   inter marker : 0.0835125558634812   inter angle : 0.03548967193676586   inter body : 0.013445980855758922   
Finished Training
Load  /tudelft.net/staff-bulk/ewi/insy/VisionLab/students/wyang/dataset/models/model_22_OS_TEMPORAL_TRANSFORMER_NO_MARKER.pt
Use Transformer, Receptive Field : 243
 OS Joint error : 0.03279979154467583 , SMPLH Joint error : 0.04108588770031929 , Marker error : 0.04266937077045441 , BonyLandmark : 0.042863961309194565
 OS Joint error : 0.028559653088450432 , SMPLH Joint error : 0.03560994565486908 , Marker error : 0.03612508997321129 , BonyLandmark : 0.036143504083156586
Traceback (most recent call last):
  File "/tudelft.net/staff-bulk/ewi/insy/VisionLab/students/wyang/videoMuscle/videoMuscle/models/utils_opensim_temporal4.py", line 485, in <module>
    trainingProgram.store_every_frame_prediction(train=True, valid=True, test=True)
  File "/tudelft.net/staff-bulk/ewi/insy/VisionLab/students/wyang/videoMuscle/videoMuscle/models/utils_opensim_temporal4.py", line 372, in store_every_frame_prediction
    self.save_prediction(dataset, datasetLoader, 'train')
  File "/tudelft.net/staff-bulk/ewi/insy/VisionLab/students/wyang/videoMuscle/videoMuscle/models/utils_opensim_temporal4.py", line 403, in save_prediction
    outputs, _ = self.model_forward(inf)
  File "/tudelft.net/staff-bulk/ewi/insy/VisionLab/students/wyang/videoMuscle/videoMuscle/models/utils_opensim_temporal4.py", line 232, in model_forward
    outputs = self.model(inf)
  File "/tudelft.net/staff-bulk/ewi/insy/VisionLab/students/wyang/miniconda/miniconda/lib/python3.8/site-packages/torch/nn/modules/module.py", line 1051, in _call_impl
    return forward_call(*input, **kwargs)
  File "/tudelft.net/staff-bulk/ewi/insy/VisionLab/students/wyang/videoMuscle/videoMuscle/models/OpenSimTemporalModel.py", line 51, in forward
    outputFeatures = self.temporalModel(inputFeatures)
  File "/tudelft.net/staff-bulk/ewi/insy/VisionLab/students/wyang/miniconda/miniconda/lib/python3.8/site-packages/torch/nn/modules/module.py", line 1051, in _call_impl
    return forward_call(*input, **kwargs)
  File "/tudelft.net/staff-bulk/ewi/insy/VisionLab/students/wyang/videoMuscle/videoMuscle/models/TemporalModel.py", line 103, in forward
    y = self.temporalModel(x)
  File "/tudelft.net/staff-bulk/ewi/insy/VisionLab/students/wyang/miniconda/miniconda/lib/python3.8/site-packages/torch/nn/modules/module.py", line 1051, in _call_impl
    return forward_call(*input, **kwargs)
  File "/tudelft.net/staff-bulk/ewi/insy/VisionLab/students/wyang/videoMuscle/videoMuscle/models/temporal/Transformer.py", line 227, in forward
    x = self.stridedEncoder(x)
  File "/tudelft.net/staff-bulk/ewi/insy/VisionLab/students/wyang/miniconda/miniconda/lib/python3.8/site-packages/torch/nn/modules/module.py", line 1051, in _call_impl
    return forward_call(*input, **kwargs)
  File "/tudelft.net/staff-bulk/ewi/insy/VisionLab/students/wyang/videoMuscle/videoMuscle/models/temporal/Transformer.py", line 126, in forward
    x = self.strideEncoderLayers[i](x)
  File "/tudelft.net/staff-bulk/ewi/insy/VisionLab/students/wyang/miniconda/miniconda/lib/python3.8/site-packages/torch/nn/modules/module.py", line 1051, in _call_impl
    return forward_call(*input, **kwargs)
  File "/tudelft.net/staff-bulk/ewi/insy/VisionLab/students/wyang/videoMuscle/videoMuscle/models/temporal/Transformer.py", line 285, in forward
    x = self.conv2(x)
  File "/tudelft.net/staff-bulk/ewi/insy/VisionLab/students/wyang/miniconda/miniconda/lib/python3.8/site-packages/torch/nn/modules/module.py", line 1051, in _call_impl
    return forward_call(*input, **kwargs)
  File "/tudelft.net/staff-bulk/ewi/insy/VisionLab/students/wyang/miniconda/miniconda/lib/python3.8/site-packages/torch/nn/modules/conv.py", line 298, in forward
    return self._conv_forward(input, self.weight, self.bias)
  File "/tudelft.net/staff-bulk/ewi/insy/VisionLab/students/wyang/miniconda/miniconda/lib/python3.8/site-packages/torch/nn/modules/conv.py", line 294, in _conv_forward
    return F.conv1d(input, weight, bias, self.stride,
  File "/tudelft.net/staff-bulk/ewi/insy/VisionLab/students/wyang/miniconda/miniconda/lib/python3.8/site-packages/torch/utils/data/_utils/signal_handling.py", line 66, in handler
    _error_if_any_worker_fails()
RuntimeError: DataLoader worker (pid 97748) is killed by signal: Killed. 
slurmstepd: error: Detected 1 oom-kill event(s) in step 6580993.0 cgroup. Some of your processes may have been killed by the cgroup out-of-memory handler.
srun: error: ewi4: task 0: Out Of Memory
slurmstepd: error: Detected 1 oom-kill event(s) in step 6580993.batch cgroup. Some of your processes may have been killed by the cgroup out-of-memory handler.
