/home/nfs/weitseyang/.bashrc: line 20: dirname: command not found
/home/nfs/weitseyang/.bashrc: line 21: dirname: command not found
              total        used        free      shared  buff/cache   available
Mem:         385423       28281      322373         481       34768      355548
Swap:         57080           0       57080
Tue Aug  3 18:59:40 2021       
+-----------------------------------------------------------------------------+
| NVIDIA-SMI 470.57.02    Driver Version: 470.57.02    CUDA Version: 11.4     |
|-------------------------------+----------------------+----------------------+
| GPU  Name        Persistence-M| Bus-Id        Disp.A | Volatile Uncorr. ECC |
| Fan  Temp  Perf  Pwr:Usage/Cap|         Memory-Usage | GPU-Util  Compute M. |
|                               |                      |               MIG M. |
|===============================+======================+======================|
|   0  NVIDIA GeForce ...  On   | 00000000:3D:00.0 Off |                  N/A |
| 32%   40C    P8    13W / 250W |      1MiB / 11019MiB |      0%      Default |
|                               |                      |                  N/A |
+-------------------------------+----------------------+----------------------+
                                                                               
+-----------------------------------------------------------------------------+
| Processes:                                                                  |
|  GPU   GI   CI        PID   Type   Process name                  GPU Memory |
|        ID   ID                                                   Usage      |
|=============================================================================|
|  No running processes found                                                 |
+-----------------------------------------------------------------------------+
BML_FOLDER: /tudelft.net/staff-bulk/ewi/insy/VisionLab/students/wyang/dataset/HDF5/BML/
DATASET:
  ANTIALIAS:
    TEST: 1
    TRAIN: 1
  BBOX:
    PARTIAL_VISUALBILITY: False
  COLOR:
    AUG: True
  DATASETPERIMG: 2000
  GEOM:
    AUG: True
    HFLIP: False
    ROT: 20
    SCALE_DOWN: 25
    SCALE_UP: 25
    SHIFT_AUG: 10
  INTERPOLATION:
    TEST: nearest
    TRAIN: nearest
  OCCLUSION:
    PROB: 0.7
    SCALE: 0.8
  TRAINING_USEDEACHFRAME: 2
  USEDEACHFRAME: 1
EVAL_WORKERS: 16
HYP:
  ANGLE: 0.01
  BODY: 0.1
  INTERMEDIATE_MARKER: 1.5
  INTERMEDIATE_POS: 1.5
  MARKER: 2.0
  POS: 1.0
  ROTMAT: 0.1
  SY_BODY: 0.05
LAYER:
  OS_TRANSIT:
    ACT_TYPE: 1
    BN: False
LOSS:
  ANGLE:
    BETA: 5
    EVAL_TYPE: 1
    H: 0.1
    MASKMINVALUE: 0
    TYPE: 3
    USE: True
    USEMASK: True
  BODY:
    BETA: 0.05
    EVAL_TYPE: 1
    H: 0.1
    TYPE: 3
    USE: True
  MARKER:
    BETA: 0.04
    TYPE: 2
    USE: True
  POS:
    BETA: 0.04
    TYPE: 2
    USE: True
  ROTMAT:
    BETA: 0.02
    EVAL_TYPE: 1
    TYPE: 1
    USE: False
  SY_BODY:
    EVAL_TYPE: 1
    TYPE: 1
    USE: False
LSTM:
  BIDIRECTIONAL: True
  DROPOUTPROB: 0.1
  HIDDEN_STATE: 512
  NUM_LAYERS: 3
MODEL:
  CAUSAL: False
  CONV_CHANNEL_SIZE: [2048]
  CONV_LAYER: 1
  FULLCONV: True
  IMGSIZE: (256, 256)
  INFEATURES: 567
  INTERMEDIATE_POSE_ESTIMATION: False
  METRIC_SCALE:
    BBOX_SIZE: 2.2
    DEPTH: 8
    EVAL_STRIDING: 4
    STRIDING: 32
  NUMPRED: 115
  NUM_PRED: 115
  OUTFEATURES: 126
  POS: True
  RECEPTIVE_FIELD: 243
  RESNET:
    CENTER_STRIDING: True
    NEXT: True
    PRETRAINED: True
  TYPE: 1
MODEL_FOLDER: /tudelft.net/staff-bulk/ewi/insy/VisionLab/students/wyang/dataset/models/
PASCAL_PATH: /tudelft.net/staff-bulk/ewi/insy/VisionLab/students/wyang/dataset/HDF5/PASCAL/pascal.hdf5
PCA_PATH: None
POSTFIX: OS_TEMPORAL_TRANSFORMER_512
PREDICTION:
  BODY: ['pelvis', 'lumbar5', 'lumbar4', 'lumbar3', 'lumbar2', 'lumbar1', 'thoracic12', 'thoracic11', 'thoracic10', 'thoracic9', 'thoracic8', 'thoracic7', 'thoracic6', 'thoracic5', 'thoracic4', 'thoracic3', 'thoracic2', 'thoracic1', 'head_neck', 'femur_r', 'tibia_r', 'talus_r', 'calcn_r', 'toes_r', 'femur_l', 'tibia_l', 'talus_l', 'calcn_l', 'toes_l', 'cerv6', 'cerv5', 'cerv4', 'cerv3', 'cerv2', 'cerv1', 'jaw', 'skull', 'thorax', 'clavicle', 'scapula', 'humerus', 'ulna', 'radius', 'clavicle_l', 'scapula_l', 'humerus_l', 'ulna_l', 'radius_l']
  BODY_AMPITUDE_VALUE: [0.38330534, 0.11688988, 0.27979052, 0.18767838, 0.12217734, 0.17559392, 0.25814359, 0.19320878, 0.09488225, 0.23721306, 0.3308586, 0.22396367, 0.08659548, 1e-06, 0.1634575, 0.18397586, 0.23942574, 0.23136499, 0.14410597, 0.14576365, 0.17185328, 0.18178275, 0.15676707, 0.19965802, 0.12167494, 0.14225374, 0.19253547, 0.08705724, 0.13519439, 0.09673029, 0.16227082, 0.25709417, 0.27539152, 0.21485549, 0.11401759, 0.22396367, 0.21485549, 0.1838405, 0.18214334, 0.43287996, 0.43287996, 0.13003099, 0.13036308, 0.2175328, 0.20085876, 0.30206298, 0.3034652, 0.2025831, 0.20302752, 0.1691131, 0.22653959]
  BODY_AVG_VALUE: [1.21267658, 1.19278473, 1.09221309, 0.82231784, 0.65399921, 0.86740023, 1.23414558, 1.13399419, 1.00263798, 1.01988775, 1.04674897, 0.92795962, 0.80902216, 0.94262153, 0.96230629, 0.95413619, 1.04046246, 1.03910667, 0.68939832, 0.71175453, 0.74281865, 0.76454479, 0.9076589, 1.02388528, 0.64942223, 0.89473501, 0.89226717, 0.61283192, 0.7215803, 0.68092433, 1.08504841, 1.17846495, 1.14104316, 1.14461103, 0.74801221, 0.92795962, 1.14461103, 0.89621243, 0.8843008, 1.13165459, 1.13165459, 0.73835266, 0.74087435, 1.07924646, 1.08077973, 1.01209745, 0.99989337, 1.0244289, 1.03203484, 0.82801554, 0.7559647]
  BODY_SCALE_MAPPING: [[0, 1, 2], [10, 3, 9], [10, 3, 9], [10, 3, 9], [10, 3, 9], [10, 3, 9], [10, 3, 9], [10, 4, 9], [10, 4, 9], [10, 5, 9], [10, 5, 9], [10, 6, 9], [10, 6, 9], [10, 6, 9], [10, 6, 9], [10, 6, 9], [10, 6, 9], [10, 6, 9], [11, 7, 9], [16, 14, 16], [20, 18, 20], [20, 18, 20], [22, 23, 24], [28, 30, 30], [17, 15, 17], [21, 19, 21], [21, 19, 21], [25, 26, 27], [29, 31, 31], [11, 7, 9], [11, 7, 9], [11, 7, 9], [11, 7, 9], [11, 7, 9], [11, 7, 9], [12, 8, 13], [12, 8, 13], [32, 33, 34], [37, 35, 41], [39, 36, 41], [45, 43, 45], [49, 47, 49], [49, 47, 49], [38, 35, 42], [40, 36, 42], [46, 44, 46], [50, 48, 50], [50, 48, 50]]
  BODY_SCALE_UNIQUE_NUMS: 51
  BODY_WEIGHTS: [[2.0, 2.0, 2.0], [1.0, 2.0, 1.0], [1.0, 2.0, 1.0], [1.0, 2.0, 1.0], [1.0, 2.0, 1.0], [1.0, 2.0, 1.0], [1.0, 2.0, 1.0], [1.0, 2.0, 1.0], [1.0, 2.0, 1.0], [1.0, 2.0, 1.0], [1.0, 2.0, 1.0], [1.0, 2.0, 1.0], [1.0, 2.0, 1.0], [1.0, 2.0, 1.0], [1.0, 2.0, 1.0], [1.0, 2.0, 1.0], [1.0, 2.0, 1.0], [1.0, 2.0, 1.0], [1.0, 2.0, 1.0], [1.0, 2.0, 1.0], [1.0, 2.0, 1.0], [1.0, 2.0, 1.0], [2.0, 1.0, 1.0], [2.0, 1.0, 1.0], [1.0, 2.0, 1.0], [1.0, 2.0, 1.0], [1.0, 2.0, 1.0], [2.0, 1.0, 1.0], [2.0, 1.0, 1.0], [1.0, 2.0, 1.0], [1.0, 2.0, 1.0], [1.0, 2.0, 1.0], [1.0, 2.0, 1.0], [1.0, 2.0, 1.0], [1.0, 2.0, 1.0], [1.0, 1.0, 2.0], [1.0, 1.0, 2.0], [2.0, 1.0, 1.0], [1.0, 1.0, 2.0], [1.0, 1.0, 2.0], [1.0, 2.0, 1.0], [1.0, 2.0, 1.0], [1.0, 2.0, 1.0], [1.0, 1.0, 2.0], [1.0, 1.0, 2.0], [1.0, 2.0, 1.0], [1.0, 2.0, 1.0], [1.0, 2.0, 1.0]]
  COORDINATES: ['L5_S1_FE', 'L5_S1_LB', 'L5_S1_AR', 'L4_L5_FE', 'L4_L5_LB', 'L4_L5_AR', 'T12_L1_FE', 'T12_L1_LB', 'T12_L1_AR', 'T11_T12_FE', 'T11_T12_LB', 'T11_T12_AR', 'T10_T11_FE', 'T10_T11_LB', 'T10_T11_AR', 'T9_T10_FE', 'T9_T10_LB', 'T9_T10_AR', 'T8_T9_FE', 'T8_T9_LB', 'T8_T9_AR', 'T1_T2_FE', 'T1_T2_LB', 'T1_T2_AR', 'T1_head_neck_FE', 'T1_head_neck_LB', 'T1_head_neck_AR', 'hip_flexion_r', 'hip_adduction_r', 'hip_rotation_r', 'knee_angle_r', 'knee_angle_y_r', 'knee_angle_x_r', 'ankle_angle_r', 'subtalar_angle_r', 'mtp_angle_r', 'hip_flexion_l', 'hip_adduction_l', 'hip_rotation_l', 'knee_angle_l', 'knee_angle_y_l', 'knee_angle_x_l', 'ankle_angle_l', 'subtalar_angle_l', 'mtp_angle_l', 'skull_z', 'skull_y', 'skull_x', 'sternoclavicular_r2', 'sternoclavicular_r3', 'acromioclavicular_r2', 'elv_angle', 'shoulder_elv', 'shoulder1_r2', 'shoulder_rot', 'elbow_flexion', 'elbow_x', 'pro_sup', 'sternoclavicular_r2_l', 'sternoclavicular_r3_l', 'acromioclavicular_r2_l', 'elv_angle_l', 'shoulder_elv_l', 'shoulder1_r2_l', 'shoulder_rot_l', 'elbow_flexion_l', 'elbow_x_l', 'pro_sup_l', 'ribs_bending']
  JOINTS: ['ground_pelvis', 'L5_S1_IVDjnt', 'L4_L5_IVDjnt', 'L3_L4_IVDjnt', 'L2_L3_IVDjnt', 'L1_L2_IVDjnt', 'T12_L1_IVDjnt', 'T11_T12_IVDjnt', 'T10_T11_IVDjnt', 'T9_T10_IVDjnt', 'T8_T9_IVDjnt', 'T7_T8_IVDjnt', 'T6_T7_IVDjnt', 'T5_T6_IVDjnt', 'T4_T5_IVDjnt', 'T3_T4_IVDjnt', 'T2_T3_IVDjnt', 'T1_T2_IVDjnt', 'T1_head_neck', 'hip_r', 'knee_r', 'ankle_r', 'subtalar_r', 'mtp_r', 'hip_l', 'knee_l', 'ankle_l', 'subtalar_l', 'mtp_l', 'C7_cerv6', 'C7_cerv5', 'C7_cerv4', 'C7_cerv3', 'C7_cerv2', 'C7_cerv1', 'skull_jaw', 'C7_skull', 'sternoclavicular', 'acromioclavicular', 'shoulder2', 'elbow', 'radioulnar', 'sternoclavicular_l', 'acromioclavicular_l', 'shoulder2_l', 'elbow_l', 'radioulnar_l', 'T1_rib']
  Joints_Inside_Cylinder_Body_LIST: [['ROOT', 'Torso'], ['RHIPJ', 'Torso'], ['LHIPJ', 'Torso'], ['Spine1', 'Torso'], ['Spine2', 'Torso'], ['Spine3', 'Torso'], ['LCOL', 'Torso'], ['RCOL', 'Torso'], ['NECK', 'Torso'], ['HEAD', 'HEAD'], ['RKNE', 'RightLeg'], ['RKNI', 'RightLeg'], ['LKNE', 'LeftLeg'], ['LKNI', 'LeftLeg'], ['LANK', 'LeftShrank'], ['RANK', 'RightShrank'], ['LANI', 'LeftShrank'], ['RANI', 'RightShrank'], ['RTOE', 'RightFOOT'], ['LTOE', 'LeftFOOT'], ['RMT1', 'RightFOOT'], ['LMT1', 'LeftFOOT'], ['RMT5', 'RightFOOT'], ['LMT5', 'LeftFOOT'], ['LELB', 'LeftArm'], ['RELB', 'RightArm'], ['LELBIN', 'LeftArm'], ['RELBIN', 'RightArm'], ['LIWR', 'LeftForearm'], ['RIWR', 'RightForearm'], ['LOWR', 'LeftForearm'], ['ROWR', 'RightForearm'], ['ground_pelvis', 'Torso'], ['L5_S1_IVDjnt', 'Torso'], ['L4_L5_IVDjnt', 'Torso'], ['L3_L4_IVDjnt', 'Torso'], ['L2_L3_IVDjnt', 'Torso'], ['L1_L2_IVDjnt', 'Torso'], ['T12_L1_IVDjnt', 'Torso'], ['T11_T12_IVDjnt', 'Torso'], ['T10_T11_IVDjnt', 'Torso'], ['T9_T10_IVDjnt', 'Torso'], ['T8_T9_IVDjnt', 'Torso'], ['T7_T8_IVDjnt', 'Torso'], ['T6_T7_IVDjnt', 'Torso'], ['T5_T6_IVDjnt', 'Torso'], ['T4_T5_IVDjnt', 'Torso'], ['T3_T4_IVDjnt', 'Torso'], ['T2_T3_IVDjnt', 'Torso'], ['T1_T2_IVDjnt', 'Torso'], ['T1_head_neck', 'HEAD'], ['hip_r', 'RightLeg'], ['knee_r', 'RightLeg'], ['ankle_r', 'RightShrank'], ['subtalar_r', 'RightShrank'], ['mtp_r', 'RightFOOT'], ['hip_l', 'LeftLeg'], ['knee_l', 'LeftLeg'], ['ankle_l', 'LeftShrank'], ['subtalar_l', 'LeftShrank'], ['mtp_l', 'LeftFOOT'], ['C7_cerv6', 'HEAD'], ['C7_cerv5', 'HEAD'], ['C7_cerv4', 'HEAD'], ['C7_cerv3', 'HEAD'], ['C7_cerv2', 'HEAD'], ['C7_cerv1', 'HEAD'], ['skull_jaw', 'HEAD'], ['C7_skull', 'HEAD'], ['sternoclavicular', 'RightArm'], ['acromioclavicular', 'RightArm'], ['shoulder2', 'RightArm'], ['elbow', 'RightArm'], ['radioulnar', 'RightForearm'], ['sternoclavicular_l', 'LeftArm'], ['acromioclavicular_l', 'LeftArm'], ['shoulder2_l', 'LeftArm'], ['elbow_l', 'LeftArm'], ['radioulnar_l', 'LeftForearm'], ['T1_rib', 'Torso'], ['radiocarpal', 'RightForearm'], ['radiocarpal_l', 'LeftForearm']]
  LEAFJOINTS: ['radiocarpal', 'radiocarpal_l']
  MARKER: ['ROOT', 'LHIPJ', 'RHIPJ', 'Spine1', 'LKJC', 'RKJC', 'Spine2', 'LAJC', 'RAJC', 'Spine3', 'LFOOT', 'RFOOT', 'NECK', 'LCOL', 'RCOL', 'HEAD', 'LSHOULDER', 'RSHOULDER', 'LELC', 'RELC', 'LWRIST', 'RWRIST', 'LPSI', 'RPSI', 'RASI', 'LASI', 'T12', 'T10', 'T8', 'T1', 'C7', 'RKNE', 'RKNI', 'LKNE', 'LKNI', 'LANK', 'RANK', 'LANI', 'RANI', 'LHEE', 'RHEE', 'RTOE', 'LTOE', 'RMT1', 'LMT1', 'RMT5', 'LMT5', 'LSHO', 'RSHO', 'STRN', 'CLAV', 'RCLAV', 'LCLAV', 'LELB', 'RELB', 'LELBIN', 'RELBIN', 'LIWR', 'RIWR', 'LOWR', 'ROWR', 'LFHD', 'RFHD', 'LBHD', 'RBHD']
  MIRROR_BONES: [0, 1, 2, 3, 4, 5, 6, 7, 8, 9, 10, 11, 12, 13, 14, 15, 16, 17, 18, 24, 25, 26, 27, 28, 19, 20, 21, 22, 23, 29, 30, 31, 32, 33, 34, 35, 36, 37, 43, 44, 45, 46, 47, 38, 39, 40, 41, 42]
  NUM_JOINTS: 50
  NUM_MARKERS: 65
  NUM_SMPL_JOINTS: 22
  POS_NAME: ['ground_pelvis', 'L5_S1_IVDjnt', 'L4_L5_IVDjnt', 'L3_L4_IVDjnt', 'L2_L3_IVDjnt', 'L1_L2_IVDjnt', 'T12_L1_IVDjnt', 'T11_T12_IVDjnt', 'T10_T11_IVDjnt', 'T9_T10_IVDjnt', 'T8_T9_IVDjnt', 'T7_T8_IVDjnt', 'T6_T7_IVDjnt', 'T5_T6_IVDjnt', 'T4_T5_IVDjnt', 'T3_T4_IVDjnt', 'T2_T3_IVDjnt', 'T1_T2_IVDjnt', 'T1_head_neck', 'hip_r', 'knee_r', 'ankle_r', 'subtalar_r', 'mtp_r', 'hip_l', 'knee_l', 'ankle_l', 'subtalar_l', 'mtp_l', 'C7_cerv6', 'C7_cerv5', 'C7_cerv4', 'C7_cerv3', 'C7_cerv2', 'C7_cerv1', 'skull_jaw', 'C7_skull', 'sternoclavicular', 'acromioclavicular', 'shoulder2', 'elbow', 'radioulnar', 'sternoclavicular_l', 'acromioclavicular_l', 'shoulder2_l', 'elbow_l', 'radioulnar_l', 'T1_rib', 'radiocarpal', 'radiocarpal_l', 'ROOT', 'LHIPJ', 'RHIPJ', 'Spine1', 'LKJC', 'RKJC', 'Spine2', 'LAJC', 'RAJC', 'Spine3', 'LFOOT', 'RFOOT', 'NECK', 'LCOL', 'RCOL', 'HEAD', 'LSHOULDER', 'RSHOULDER', 'LELC', 'RELC', 'LWRIST', 'RWRIST', 'LPSI', 'RPSI', 'RASI', 'LASI', 'T12', 'T10', 'T8', 'T1', 'C7', 'RKNE', 'RKNI', 'LKNE', 'LKNI', 'LANK', 'RANK', 'LANI', 'RANI', 'LHEE', 'RHEE', 'RTOE', 'LTOE', 'RMT1', 'LMT1', 'RMT5', 'LMT5', 'LSHO', 'RSHO', 'STRN', 'CLAV', 'RCLAV', 'LCLAV', 'LELB', 'RELB', 'LELBIN', 'RELBIN', 'LIWR', 'RIWR', 'LOWR', 'ROWR', 'LFHD', 'RFHD', 'LBHD', 'RBHD']
PROGRESSBAR: False
RESNETPATH: None
SEED: 100
STARTMODELPATH: /tudelft.net/staff-bulk/ewi/insy/VisionLab/students/wyang/dataset/models/OS_TEMPORAL_TRANSFORMER_512.pt
TESTMODE: False
TEST_SUBJECTS: [2, 29, 19, 21, 51, 26, 7, 72, 77, 17, 65, 80, 6, 76, 10, 73, 13, 38]
TRAINING:
  AMSGRAD: False
  AWARED_OCCLUSION:
    GT: False
    USE: False
  BATCHSIZE: 128
  COORDINATE_MAX_WEIGHT: 2
  END_LR: [5e-06]
  END_MOMENTUM: 0.001
  EPOCH: [22]
  EVALUATION_BATCHSIZE: 128
  INITIAL_MOMENTUM: 0.1
  LOSS2D: False
  LOSSTYPE: 1
  MARKER_PREDICTION: True
  MARKER_TYPE: [10, 10, 10, 1, 1, 1, 1, 1, 1, 1, 20, 20, 10, 1, 1, 10, 0, 0, 1, 1, 1, 1, 20, 20, 20, 20, 10, 20, 10, 10, 20, 20, 20, 20, 20, 20, 20, 20, 20, 20, 20, 10, 10, 1, 1, 1, 1, 20, 20, 20, 20, 1, 1, 20, 20, 20, 20, 20, 20, 20, 20, 10, 10, 10, 10]
  MARKER_WEIGHT: [1.0, 1.0, 1.0, 0.1, 0.1, 0.1, 0.1, 0.1, 0.1, 0.1, 2.0, 2.0, 1.0, 0.1, 0.1, 1.0, 0.0, 0.0, 0.1, 0.1, 0.1, 0.1, 2.0, 2.0, 2.0, 2.0, 1.0, 2.0, 1.0, 1.0, 2.0, 2.0, 2.0, 2.0, 2.0, 2.0, 2.0, 2.0, 2.0, 2.0, 2.0, 1.0, 1.0, 0.1, 0.1, 0.1, 0.1, 2.0, 2.0, 2.0, 2.0, 0.1, 0.1, 2.0, 2.0, 2.0, 2.0, 2.0, 2.0, 2.0, 2.0, 1.0, 1.0, 1.0, 1.0]
  PCA: False
  PCA_COMPONENTS: 51
  START_LR: [5.453677016888176e-05]
  TRAINING_STEPS: 1
  USE_BODY_WEIGHTS: False
  USE_OS_SIMULATION: False
  VALID_BATCHSIZE: 64
TRAINING_SUBJECTS: [78, 59, 79, 44, 56, 88, 75, 61, 53, 47, 40, 41, 32, 70, 28, 39, 69, 11, 3, 90, 71, 54, 20, 85, 37, 34, 33, 46, 67, 63, 55, 36, 42, 50, 24, 35, 84, 45, 60, 16, 74, 82, 27, 89, 57, 5, 49, 22, 4, 66, 31, 83, 43, 48, 52, 68, 25, 9, 18, 1, 81, 58, 23, 62, 64, 8, 87]
TRANSFORMER:
  BATCHNORM: False
  DROPOUT: False
  D_CHANNEL: 512
  D_MODEL: 256
  N1: 3
  N_HEADS: 8
  POS_ENCODNIG_EVERY_BLOCK: False
  STRIDES: [3, 9, 9]
VALID_SUBJECTS: [14, 86, 15, 30]
VALID_WORKERS: 16
WORKERS: 16
83696 training data, 21822 valid data, 100839 test data
Use Transformer, Receptive Field : 243
LR starts from 5.453677016888176e-05, LR decay rate : 0.9013257213104923
Evaluation : False
Train , Epoch 0 : : total loss : 0.12593709295230474   marker : 0.043690306960304154   pose : 0.010886673176601233   angle : 0.004583627143147391   body : 0.0019219925772943527   inter pose : 0.011723094494303098   inter marker : 0.046397371300329296   inter angle : 0.004804491003401931   inter body : 0.001929535986720135   
Evaluation : True
Valid, Epoch 0 : : total loss : 0.3311717454939821   marker : 0.08551591782792331   pose : 0.033468482321948184   angle : 0.03625085363465852   body : 0.013922861252048693   inter pose : 0.032126607537411624   inter marker : 0.08175253391746595   inter angle : 0.03428153293115956   inter body : 0.013852957549054511   
Current LR:  [4.9155393710411894e-05]
Best Loss : 0.08551591782792331
Evaluation : False
Train , Epoch 1 : : total loss : 0.1251174317727045   marker : 0.04330604108104662   pose : 0.010761507110781453   angle : 0.0045423065629541   body : 0.0019171917691590068   inter pose : 0.011666370067990758   inter marker : 0.046217146296778644   inter angle : 0.004781122292302104   inter body : 0.0019257464565573456   
Evaluation : True
Valid, Epoch 1 : : total loss : 0.33199307112457355   marker : 0.08578321118914625   pose : 0.03354365105000089   angle : 0.03622884217633651   body : 0.013881158661027296   inter pose : 0.032344458138360385   inter marker : 0.08207093826977802   inter angle : 0.03439359368396039   inter body : 0.013747217109229342   
Current LR:  [4.4305020692338234e-05]
Evaluation : False
Train , Epoch 2 : : total loss : 0.12452721685901352   marker : 0.04303980709422967   pose : 0.010672738959593484   angle : 0.004510732871090928   body : 0.0019142374076850563   inter pose : 0.011621146290284934   inter marker : 0.046084207880551745   inter angle : 0.004761815900453701   inter body : 0.0019225305670823839   
Evaluation : True
Valid, Epoch 2 : : total loss : 0.3321857931371155   marker : 0.0858266106688477   pose : 0.03352643581263119   angle : 0.036116012949170447   body : 0.01399606636459652   inter pose : 0.032422326102985295   inter marker : 0.08216842800042837   inter angle : 0.034236121238856734   inter body : 0.01389379158442622   
Current LR:  [3.993325473319804e-05]
Evaluation : False
Train , Epoch 3 : : total loss : 0.12399261540649131   marker : 0.04280095194305249   pose : 0.010592630647898725   angle : 0.00448117005798515   body : 0.0019115201983056038   inter pose : 0.011580011416597443   inter marker : 0.04596350490932808   inter angle : 0.004743564629336822   inter body : 0.0019192621197443097   
Evaluation : True
Valid, Epoch 3 : : total loss : 0.33327725053587426   marker : 0.08614105929616894   pose : 0.03370938003035888   angle : 0.03629205705658258   body : 0.01406036393964294   inter pose : 0.03240201275701123   inter marker : 0.08243832089114109   inter angle : 0.034281470469468764   inter body : 0.01395258817409641   
Current LR:  [3.5992869626675355e-05]
Evaluation : False
Train , Epoch 4 : : total loss : 0.12350013059140347   marker : 0.042567674230333495   pose : 0.010521942648357764   angle : 0.004455119035182489   body : 0.0019098236307553136   inter pose : 0.011545352863110774   inter marker : 0.045855478878499535   inter angle : 0.004727233046520313   inter body : 0.0019175064360300738   
Evaluation : True
Valid, Epoch 4 : : total loss : 0.33186826434103534   marker : 0.08586056784632531   pose : 0.03355600369336045   angle : 0.03623302322010456   body : 0.013877135817306025   inter pose : 0.032204912296847917   inter marker : 0.08201359260334626   inter angle : 0.03433348602427427   inter body : 0.013789545535363872   
Current LR:  [3.244129917829767e-05]
Evaluation : False
Train , Epoch 5 : : total loss : 0.12308933009688741   marker : 0.0423878352649818   pose : 0.010462776201550391   angle : 0.004431316400500183   body : 0.0019066947129744733   inter pose : 0.011512626360411575   inter marker : 0.045760861274202966   inter angle : 0.004713012054591093   inter body : 0.0019142077740133493   
Evaluation : True
Valid, Epoch 5 : : total loss : 0.3335264061015376   marker : 0.08604993419002169   pose : 0.033697930082437065   angle : 0.03655173914885501   body : 0.014024628395776834   inter pose : 0.0324313808357166   inter marker : 0.08226890697694264   inter angle : 0.034553909408828756   inter body : 0.013947977784049029   
Current LR:  [2.924017738212863e-05]
Evaluation : False
Train , Epoch 6 : : total loss : 0.12270493151628588   marker : 0.04221049671676039   pose : 0.010404332345536985   angle : 0.0044098988465628205   body : 0.0019049785582343   inter pose : 0.011485110233847342   inter marker : 0.04567753791147315   inter angle : 0.004699945422730895   inter body : 0.0019126311834162788   
Evaluation : True
Valid, Epoch 6 : : total loss : 0.33284313477054767   marker : 0.08593102076588756   pose : 0.033643558715639905   angle : 0.03639170829824343   body : 0.014027511076008997   inter pose : 0.03236744717622522   inter marker : 0.08217437815113363   inter angle : 0.0343823760581294   inter body : 0.013925134835196463   
Current LR:  [2.635492397019383e-05]
Evaluation : False
Train , Epoch 7 : : total loss : 0.12236575965996359   marker : 0.042051669986059984   pose : 0.010357695631682873   angle : 0.004391822853777415   body : 0.0019036340869529598   inter pose : 0.011460964272731479   inter marker : 0.04559965792238986   inter angle : 0.004689404275981427   inter body : 0.0019109106820881093   
Evaluation : True
Valid, Epoch 7 : : total loss : 0.33244366078118487   marker : 0.0856798335181925   pose : 0.0335415753159249   angle : 0.03638701577221983   body : 0.014012347779476329   inter pose : 0.032370262027562526   inter marker : 0.08215361106473293   inter angle : 0.03438121809682775   inter body : 0.013917795862398557   
Current LR:  [2.3754370857518136e-05]
Evaluation : False
Train , Epoch 8 : : total loss : 0.12203378012406699   marker : 0.04189769874054476   pose : 0.01030432724694837   angle : 0.004373672102388297   body : 0.0019017075390624848   inter pose : 0.011437278323639954   inter marker : 0.045530724460415964   inter angle : 0.004679270230938223   inter body : 0.0019091018179651195   
Evaluation : True
Valid, Epoch 8 : : total loss : 0.3326885856024975   marker : 0.08605635331144867   pose : 0.03364927465412446   angle : 0.036336509021783155   body : 0.013894708846428471   inter pose : 0.03229178621683513   inter marker : 0.08219824041807622   inter angle : 0.03444535600506476   inter body : 0.013816357197021654   
Current LR:  [2.141042544742947e-05]
Evaluation : False
Train , Epoch 9 : : total loss : 0.12174150820074184   marker : 0.04176220835784128   pose : 0.010262981506426794   angle : 0.004360101105870642   body : 0.0019007075499888697   inter pose : 0.011414171731353354   inter marker : 0.04546402688573185   inter angle : 0.004669878594748459   inter body : 0.0019074327577687058   
Evaluation : True
Valid, Epoch 9 : : total loss : 0.33232740175493497   marker : 0.08574412175184559   pose : 0.033551727946437626   angle : 0.036468975070460055   body : 0.013898682330992207   inter pose : 0.03233994867086913   inter marker : 0.08208989576987041   inter angle : 0.03443514617900343   inter body : 0.013798905354723485   
Current LR:  [1.9297767159968887e-05]
Evaluation : False
Train , Epoch 10 : : total loss : 0.12149011579899839   marker : 0.04164976493710763   pose : 0.010224927996911371   angle : 0.0043462586056463885   body : 0.0018994877563082082   inter pose : 0.011396086955896563   inter marker : 0.04540570784263187   inter angle : 0.004661497955922192   inter body : 0.0019063837560618247   
Evaluation : True
Valid, Epoch 10 : : total loss : 0.3330149427254339   marker : 0.08588041294266767   pose : 0.03364362575515972   angle : 0.03660321533925788   body : 0.01393629718019134   inter pose : 0.032394079390263515   inter marker : 0.08221791940150149   inter angle : 0.034474966189741336   inter body : 0.013864425114516367   
Current LR:  [1.7393573905140886e-05]
Evaluation : False
Train , Epoch 11 : : total loss : 0.12124532862790328   marker : 0.04153522114293681   pose : 0.010188692884026223   angle : 0.0043331611674039365   body : 0.0018987084423715268   inter pose : 0.011377245668396012   inter marker : 0.04535277356688863   inter angle : 0.004654209366978173   inter body : 0.0019053165766283596   
Evaluation : True
Valid, Epoch 11 : : total loss : 0.33337107798146587   marker : 0.08610131229033184   pose : 0.03373311204222402   angle : 0.03640477674362061   body : 0.014065680121121228   inter pose : 0.03246284977192949   inter marker : 0.08225906630526453   inter angle : 0.034360268962513284   inter body : 0.013984010509867332   
Current LR:  [1.5677275546218464e-05]
Evaluation : False
Train , Epoch 12 : : total loss : 0.12102898707753118   marker : 0.041433888979564217   pose : 0.010155012975140243   angle : 0.004321322713980015   body : 0.0018974755570480735   inter pose : 0.011361749256585951   inter marker : 0.04530849682015993   inter angle : 0.00464711542445225   inter body : 0.0019039252552219522   
Evaluation : True
Valid, Epoch 12 : : total loss : 0.3323335975351195   marker : 0.08572904336639312   pose : 0.03353130665547403   angle : 0.03636498187270264   body : 0.014005533295868188   inter pose : 0.03231278424870027   inter marker : 0.08205424101539957   inter angle : 0.034434449748085655   inter body : 0.013901257600173342   
Current LR:  [1.4130331689878699e-05]
Evaluation : False
Train , Epoch 13 : : total loss : 0.12083241600218082   marker : 0.04133954092540748   pose : 0.010124365956013364   angle : 0.004312103300085819   body : 0.0018967017050045235   inter pose : 0.011348716609442398   inter marker : 0.045266629246621184   inter angle : 0.0046413101435597605   inter body : 0.001903047983051145   
Evaluation : True
Valid, Epoch 13 : : total loss : 0.3332333075728166   marker : 0.08616996180747893   pose : 0.03374331086073708   angle : 0.036397368177442435   body : 0.013948679350001731   inter pose : 0.032439045787633326   inter marker : 0.08233148810647387   inter angle : 0.034363221831571256   inter body : 0.01384023156407314   
Current LR:  [1.2736031402736426e-05]
Evaluation : False
Train , Epoch 14 : : total loss : 0.12066302101654079   marker : 0.04126307518316995   pose : 0.010099522511305067   angle : 0.004302308355225607   body : 0.0018958479469459487   inter pose : 0.011335820264851883   inter marker : 0.045229117096520124   inter angle : 0.004635100256491903   inter body : 0.0019022292285661283   
Evaluation : True
Valid, Epoch 14 : : total loss : 0.3331599251704565   marker : 0.08607057316276376   pose : 0.03371327546785453   angle : 0.03642377325905286   body : 0.01398984283337223   inter pose : 0.032396691790117414   inter marker : 0.08219616542694146   inter angle : 0.034464223390757005   inter body : 0.013905380252038906   
Current LR:  [1.1479312690704489e-05]
Evaluation : False
Train , Epoch 15 : : total loss : 0.12050434641231987   marker : 0.04118509600324068   pose : 0.010074258087399725   angle : 0.004294663900866032   body : 0.001895062675147644   inter pose : 0.011325225527833285   inter marker : 0.045197910961522446   inter angle : 0.004630603016016129   inter body : 0.0019015260226168823   
Evaluation : True
Valid, Epoch 15 : : total loss : 0.33270325379698973   marker : 0.08590718021905015   pose : 0.0336785458281654   angle : 0.036313025392649995   body : 0.01401537203098259   inter pose : 0.03239244213354226   inter marker : 0.08214499639903207   inter angle : 0.03434976171413642   inter body : 0.013901930882462922   
Current LR:  [1.0346599791097911e-05]
Evaluation : False
Train , Epoch 16 : : total loss : 0.12034652740402207   marker : 0.04111309057446753   pose : 0.010051524092601597   angle : 0.004286186438008207   body : 0.001894986712456514   inter pose : 0.0113127186187011   inter marker : 0.04516135433982561   inter angle : 0.004625862803036321   inter body : 0.0019008037159975281   
Evaluation : True
Valid, Epoch 16 : : total loss : 0.3326728182920187   marker : 0.08585021985504764   pose : 0.033614687817571536   angle : 0.036436767355679654   body : 0.014009391976893085   inter pose : 0.03237050147314861   inter marker : 0.08215006810914541   inter angle : 0.03434754041820866   inter body : 0.013893641723348397   
Current LR:  [9.325656519822313e-06]
Evaluation : False
Train , Epoch 17 : : total loss : 0.12022997234672719   marker : 0.0410582600746184   pose : 0.010034797855782655   angle : 0.004280513351081455   body : 0.0018941583099402772   inter pose : 0.011304482834764498   inter marker : 0.04513598458233873   inter angle : 0.004621586168347466   inter body : 0.001900189186255255   
Evaluation : True
Valid, Epoch 17 : : total loss : 0.33287226628256417   marker : 0.08599162143262909   pose : 0.03368805686337801   angle : 0.03635275194575223   body : 0.013950475249256815   inter pose : 0.03240111644759033   inter marker : 0.08225382312868706   inter angle : 0.034364325350577075   inter body : 0.01387009766468719   
Current LR:  [8.40545408942274e-06]
Evaluation : False
Train , Epoch 18 : : total loss : 0.12010297398289714   marker : 0.0409993538105287   pose : 0.010013792138963163   angle : 0.004273530632788016   body : 0.0018936365411030686   inter pose : 0.011295638162682652   inter marker : 0.04510934372499562   inter angle : 0.004618073322283957   inter body : 0.0018996058904051005   
Evaluation : True
Valid, Epoch 18 : : total loss : 0.33298573700669987   marker : 0.08591892087550247   pose : 0.033705598940258014   angle : 0.03651308332701431   body : 0.013966055991352233   inter pose : 0.032424379548824586   inter marker : 0.08216439000562266   inter angle : 0.034419610786368064   inter body : 0.013873697979707415   
Current LR:  [7.576051970091178e-06]
Evaluation : False
Train , Epoch 19 : : total loss : 0.12000458766271291   marker : 0.04095147452552505   pose : 0.009999499493670775   angle : 0.004269046874383142   body : 0.0018935746366762845   inter pose : 0.011288602176089565   inter marker : 0.04508882261253608   inter angle : 0.004614507430767894   inter body : 0.0018990601548086424   
Evaluation : True
Valid, Epoch 19 : : total loss : 0.3327447586017616   marker : 0.08595402034696241   pose : 0.033565365135172595   angle : 0.036526508821203015   body : 0.013963073956388435   inter pose : 0.03230119942416958   inter marker : 0.08210184436246047   inter angle : 0.03444444993361469   inter body : 0.013888295764130334   
Current LR:  [6.828490506628207e-06]
Evaluation : False
Train , Epoch 20 : : total loss : 0.1198951571746223   marker : 0.040897866166203896   pose : 0.009982491128865465   angle : 0.004264183658008303   body : 0.0018928851048029948   inter pose : 0.011281355924527824   inter marker : 0.04506630298166691   inter angle : 0.004611591942562717   inter body : 0.0018984800963027897   
Evaluation : True
Valid, Epoch 20 : : total loss : 0.33275299869397856   marker : 0.0858715293540951   pose : 0.03366939184176431   angle : 0.036399084011123684   body : 0.01396054979173043   inter pose : 0.03243591241117206   inter marker : 0.08218531273820968   inter angle : 0.0343524988079342   inter body : 0.013878720964348378   
Current LR:  [6.154694131348517e-06]
Evaluation : False
Train , Epoch 21 : : total loss : 0.11981014633525568   marker : 0.04085823510178745   pose : 0.009968311685618087   angle : 0.004258902133035989   body : 0.0018925952119324897   inter pose : 0.011275275255258196   inter marker : 0.045049927432723284   inter angle : 0.004608590891770163   inter body : 0.0018983089390380529   
Evaluation : True
Valid, Epoch 21 : : total loss : 0.3326726427830803   marker : 0.08592156705733082   pose : 0.0336703951292586   angle : 0.03641762186960649   body : 0.013952967546652857   inter pose : 0.03237214490830019   inter marker : 0.0820879322636216   inter angle : 0.03439883834642032   inter body : 0.013851177139577654   
Finished Training
Load  /tudelft.net/staff-bulk/ewi/insy/VisionLab/students/wyang/dataset/models/model_0_OS_TEMPORAL_TRANSFORMER_512.pt
Use Transformer, Receptive Field : 243
 OS Joint error : 0.03346581012010574 , SMPLH Joint error : 0.04105164855718613 , Marker error : 0.0427914634346962 , BonyLandmark : 0.0427558459341526
 OS Joint error : 0.028553087264299393 , SMPLH Joint error : 0.035480745136737823 , Marker error : 0.03608202934265137 , BonyLandmark : 0.03602088242769241
Traceback (most recent call last):
  File "/tudelft.net/staff-bulk/ewi/insy/VisionLab/students/wyang/videoMuscle/videoMuscle/models/utils_opensim_temporal4.py", line 570, in <module>
    trainingProgram.store_every_frame_prediction(train=True, valid=True, test=True)
  File "/tudelft.net/staff-bulk/ewi/insy/VisionLab/students/wyang/videoMuscle/videoMuscle/models/utils_opensim_temporal4.py", line 447, in store_every_frame_prediction
    self.save_prediction(dataset, datasetLoader, 'train')
  File "/tudelft.net/staff-bulk/ewi/insy/VisionLab/students/wyang/videoMuscle/videoMuscle/models/utils_opensim_temporal4.py", line 485, in save_prediction
    outputs, _ = self.model_forward(inf)
  File "/tudelft.net/staff-bulk/ewi/insy/VisionLab/students/wyang/videoMuscle/videoMuscle/models/utils_opensim_temporal4.py", line 260, in model_forward
    outputs = self.model(inf)
  File "/tudelft.net/staff-bulk/ewi/insy/VisionLab/students/wyang/miniconda/miniconda/lib/python3.8/site-packages/torch/nn/modules/module.py", line 1051, in _call_impl
    return forward_call(*input, **kwargs)
  File "/tudelft.net/staff-bulk/ewi/insy/VisionLab/students/wyang/videoMuscle/videoMuscle/models/OpenSimTemporalModel.py", line 66, in forward
    outputs = self.opensimTreeLayer(y)
  File "/tudelft.net/staff-bulk/ewi/insy/VisionLab/students/wyang/miniconda/miniconda/lib/python3.8/site-packages/torch/nn/modules/module.py", line 1051, in _call_impl
    return forward_call(*input, **kwargs)
  File "/tudelft.net/staff-bulk/ewi/insy/VisionLab/students/wyang/videoMuscle/videoMuscle/models/openSim/OpenSimTreeLayer.py", line 200, in forward
    jointPos, markerPos = node(C[0], C[1], C[2],
  File "/tudelft.net/staff-bulk/ewi/insy/VisionLab/students/wyang/miniconda/miniconda/lib/python3.8/site-packages/torch/nn/modules/module.py", line 1051, in _call_impl
    return forward_call(*input, **kwargs)
  File "/tudelft.net/staff-bulk/ewi/insy/VisionLab/students/wyang/videoMuscle/videoMuscle/models/openSim/OpenSimNode.py", line 110, in forward
    self.get_frame_transform(B, bodyShapeRatio, parentBodyShapeRatio)
  File "/tudelft.net/staff-bulk/ewi/insy/VisionLab/students/wyang/videoMuscle/videoMuscle/models/openSim/OpenSimNode.py", line 325, in get_frame_transform
    childFrame = torch.inverse(childFrame)
  File "/tudelft.net/staff-bulk/ewi/insy/VisionLab/students/wyang/miniconda/miniconda/lib/python3.8/site-packages/torch/utils/data/_utils/signal_handling.py", line 66, in handler
    _error_if_any_worker_fails()
RuntimeError: DataLoader worker (pid 137855) is killed by signal: Killed. 
slurmstepd: error: Detected 24 oom-kill event(s) in step 6588078.0 cgroup. Some of your processes may have been killed by the cgroup out-of-memory handler.
srun: error: ewi3: task 0: Out Of Memory
slurmstepd: error: Detected 24 oom-kill event(s) in step 6588078.batch cgroup. Some of your processes may have been killed by the cgroup out-of-memory handler.
