/home/nfs/weitseyang/.bashrc: line 20: dirname: command not found
/home/nfs/weitseyang/.bashrc: line 21: dirname: command not found
              total        used        free      shared  buff/cache   available
Mem:         257670       19736      211172         452       26760      236618
Swap:        262143           0      262143
Fri Jul 30 13:47:20 2021       
+-----------------------------------------------------------------------------+
| NVIDIA-SMI 470.57.02    Driver Version: 470.57.02    CUDA Version: 11.4     |
|-------------------------------+----------------------+----------------------+
| GPU  Name        Persistence-M| Bus-Id        Disp.A | Volatile Uncorr. ECC |
| Fan  Temp  Perf  Pwr:Usage/Cap|         Memory-Usage | GPU-Util  Compute M. |
|                               |                      |               MIG M. |
|===============================+======================+======================|
|   0  NVIDIA GeForce ...  On   | 00000000:04:00.0 Off |                  N/A |
| 23%   25C    P8     9W / 250W |      1MiB / 11178MiB |      0%      Default |
|                               |                      |                  N/A |
+-------------------------------+----------------------+----------------------+
                                                                               
+-----------------------------------------------------------------------------+
| Processes:                                                                  |
|  GPU   GI   CI        PID   Type   Process name                  GPU Memory |
|        ID   ID                                                   Usage      |
|=============================================================================|
|  No running processes found                                                 |
+-----------------------------------------------------------------------------+
BML_FOLDER: /tudelft.net/staff-bulk/ewi/insy/VisionLab/students/wyang/dataset/HDF5/BML/
DATASET:
  ANTIALIAS:
    TEST: 1
    TRAIN: 1
  BBOX:
    PARTIAL_VISUALBILITY: False
  COLOR:
    AUG: True
  DATASETPERIMG: 2000
  GEOM:
    AUG: True
    HFLIP: False
    ROT: 20
    SCALE_DOWN: 25
    SCALE_UP: 25
    SHIFT_AUG: 10
  INTERPOLATION:
    TEST: nearest
    TRAIN: nearest
  OCCLUSION:
    PROB: 0.7
    SCALE: 0.8
  TRAINING_USEDEACHFRAME: 2
  USEDEACHFRAME: 1
EVAL_WORKERS: 16
HYP:
  ANGLE: 0.01
  BODY: 0.1
  INTERMEDIATE_MARKER: 1.5
  INTERMEDIATE_POS: 1.5
  MARKER: 2.0
  POS: 1.0
  ROTMAT: 0.1
  SY_BODY: 0.05
LAYER:
  OS_TRANSIT:
    ACT_TYPE: 1
    BN: False
LOSS:
  ANGLE:
    BETA: 5
    EVAL_TYPE: 1
    H: 0.1
    MASKMINVALUE: 0
    TYPE: 3
    USE: True
    USEMASK: True
  BODY:
    BETA: 0.05
    EVAL_TYPE: 1
    H: 0.1
    TYPE: 3
    USE: True
  MARKER:
    BETA: 0.04
    TYPE: 2
    USE: True
  POS:
    BETA: 0.04
    TYPE: 2
    USE: True
  ROTMAT:
    BETA: 0.02
    EVAL_TYPE: 1
    TYPE: 1
    USE: False
  SY_BODY:
    EVAL_TYPE: 1
    TYPE: 1
    USE: False
LSTM:
  BIDIRECTIONAL: True
  DROPOUTPROB: 0.1
  HIDDEN_STATE: 512
  NUM_LAYERS: 3
MODEL:
  CAUSAL: False
  CONV_CHANNEL_SIZE: [2048]
  CONV_LAYER: 1
  FULLCONV: True
  IMGSIZE: (256, 256)
  INFEATURES: 567
  INTERMEDIATE_POSE_ESTIMATION: False
  METRIC_SCALE:
    BBOX_SIZE: 2.2
    DEPTH: 8
    EVAL_STRIDING: 4
    STRIDING: 32
  NUMPRED: 115
  NUM_PRED: 115
  OUTFEATURES: 126
  POS: True
  RECEPTIVE_FIELD: 243
  RESNET:
    CENTER_STRIDING: True
    NEXT: True
    PRETRAINED: True
  TYPE: 0
MODEL_FOLDER: /tudelft.net/staff-bulk/ewi/insy/VisionLab/students/wyang/dataset/models/
PASCAL_PATH: /tudelft.net/staff-bulk/ewi/insy/VisionLab/students/wyang/dataset/HDF5/PASCAL/pascal.hdf5
PCA_PATH: None
POSTFIX: OS_TEMPORAL_TCN
PREDICTION:
  BODY: ['pelvis', 'lumbar5', 'lumbar4', 'lumbar3', 'lumbar2', 'lumbar1', 'thoracic12', 'thoracic11', 'thoracic10', 'thoracic9', 'thoracic8', 'thoracic7', 'thoracic6', 'thoracic5', 'thoracic4', 'thoracic3', 'thoracic2', 'thoracic1', 'head_neck', 'femur_r', 'tibia_r', 'talus_r', 'calcn_r', 'toes_r', 'femur_l', 'tibia_l', 'talus_l', 'calcn_l', 'toes_l', 'cerv6', 'cerv5', 'cerv4', 'cerv3', 'cerv2', 'cerv1', 'jaw', 'skull', 'thorax', 'clavicle', 'scapula', 'humerus', 'ulna', 'radius', 'clavicle_l', 'scapula_l', 'humerus_l', 'ulna_l', 'radius_l']
  BODY_AMPITUDE_VALUE: [0.38330534, 0.11688988, 0.27979052, 0.18767838, 0.12217734, 0.17559392, 0.25814359, 0.19320878, 0.09488225, 0.23721306, 0.3308586, 0.22396367, 0.08659548, 1e-06, 0.1634575, 0.18397586, 0.23942574, 0.23136499, 0.14410597, 0.14576365, 0.17185328, 0.18178275, 0.15676707, 0.19965802, 0.12167494, 0.14225374, 0.19253547, 0.08705724, 0.13519439, 0.09673029, 0.16227082, 0.25709417, 0.27539152, 0.21485549, 0.11401759, 0.22396367, 0.21485549, 0.1838405, 0.18214334, 0.43287996, 0.43287996, 0.13003099, 0.13036308, 0.2175328, 0.20085876, 0.30206298, 0.3034652, 0.2025831, 0.20302752, 0.1691131, 0.22653959]
  BODY_AVG_VALUE: [1.21267658, 1.19278473, 1.09221309, 0.82231784, 0.65399921, 0.86740023, 1.23414558, 1.13399419, 1.00263798, 1.01988775, 1.04674897, 0.92795962, 0.80902216, 0.94262153, 0.96230629, 0.95413619, 1.04046246, 1.03910667, 0.68939832, 0.71175453, 0.74281865, 0.76454479, 0.9076589, 1.02388528, 0.64942223, 0.89473501, 0.89226717, 0.61283192, 0.7215803, 0.68092433, 1.08504841, 1.17846495, 1.14104316, 1.14461103, 0.74801221, 0.92795962, 1.14461103, 0.89621243, 0.8843008, 1.13165459, 1.13165459, 0.73835266, 0.74087435, 1.07924646, 1.08077973, 1.01209745, 0.99989337, 1.0244289, 1.03203484, 0.82801554, 0.7559647]
  BODY_SCALE_MAPPING: [[0, 1, 2], [10, 3, 9], [10, 3, 9], [10, 3, 9], [10, 3, 9], [10, 3, 9], [10, 3, 9], [10, 4, 9], [10, 4, 9], [10, 5, 9], [10, 5, 9], [10, 6, 9], [10, 6, 9], [10, 6, 9], [10, 6, 9], [10, 6, 9], [10, 6, 9], [10, 6, 9], [11, 7, 9], [16, 14, 16], [20, 18, 20], [20, 18, 20], [22, 23, 24], [28, 30, 30], [17, 15, 17], [21, 19, 21], [21, 19, 21], [25, 26, 27], [29, 31, 31], [11, 7, 9], [11, 7, 9], [11, 7, 9], [11, 7, 9], [11, 7, 9], [11, 7, 9], [12, 8, 13], [12, 8, 13], [32, 33, 34], [37, 35, 41], [39, 36, 41], [45, 43, 45], [49, 47, 49], [49, 47, 49], [38, 35, 42], [40, 36, 42], [46, 44, 46], [50, 48, 50], [50, 48, 50]]
  BODY_SCALE_UNIQUE_NUMS: 51
  BODY_WEIGHTS: [[2.0, 2.0, 2.0], [1.0, 2.0, 1.0], [1.0, 2.0, 1.0], [1.0, 2.0, 1.0], [1.0, 2.0, 1.0], [1.0, 2.0, 1.0], [1.0, 2.0, 1.0], [1.0, 2.0, 1.0], [1.0, 2.0, 1.0], [1.0, 2.0, 1.0], [1.0, 2.0, 1.0], [1.0, 2.0, 1.0], [1.0, 2.0, 1.0], [1.0, 2.0, 1.0], [1.0, 2.0, 1.0], [1.0, 2.0, 1.0], [1.0, 2.0, 1.0], [1.0, 2.0, 1.0], [1.0, 2.0, 1.0], [1.0, 2.0, 1.0], [1.0, 2.0, 1.0], [1.0, 2.0, 1.0], [2.0, 1.0, 1.0], [2.0, 1.0, 1.0], [1.0, 2.0, 1.0], [1.0, 2.0, 1.0], [1.0, 2.0, 1.0], [2.0, 1.0, 1.0], [2.0, 1.0, 1.0], [1.0, 2.0, 1.0], [1.0, 2.0, 1.0], [1.0, 2.0, 1.0], [1.0, 2.0, 1.0], [1.0, 2.0, 1.0], [1.0, 2.0, 1.0], [1.0, 1.0, 2.0], [1.0, 1.0, 2.0], [2.0, 1.0, 1.0], [1.0, 1.0, 2.0], [1.0, 1.0, 2.0], [1.0, 2.0, 1.0], [1.0, 2.0, 1.0], [1.0, 2.0, 1.0], [1.0, 1.0, 2.0], [1.0, 1.0, 2.0], [1.0, 2.0, 1.0], [1.0, 2.0, 1.0], [1.0, 2.0, 1.0]]
  COORDINATES: ['L5_S1_FE', 'L5_S1_LB', 'L5_S1_AR', 'L4_L5_FE', 'L4_L5_LB', 'L4_L5_AR', 'T12_L1_FE', 'T12_L1_LB', 'T12_L1_AR', 'T11_T12_FE', 'T11_T12_LB', 'T11_T12_AR', 'T10_T11_FE', 'T10_T11_LB', 'T10_T11_AR', 'T9_T10_FE', 'T9_T10_LB', 'T9_T10_AR', 'T8_T9_FE', 'T8_T9_LB', 'T8_T9_AR', 'T1_T2_FE', 'T1_T2_LB', 'T1_T2_AR', 'T1_head_neck_FE', 'T1_head_neck_LB', 'T1_head_neck_AR', 'hip_flexion_r', 'hip_adduction_r', 'hip_rotation_r', 'knee_angle_r', 'knee_angle_y_r', 'knee_angle_x_r', 'ankle_angle_r', 'subtalar_angle_r', 'mtp_angle_r', 'hip_flexion_l', 'hip_adduction_l', 'hip_rotation_l', 'knee_angle_l', 'knee_angle_y_l', 'knee_angle_x_l', 'ankle_angle_l', 'subtalar_angle_l', 'mtp_angle_l', 'skull_z', 'skull_y', 'skull_x', 'sternoclavicular_r2', 'sternoclavicular_r3', 'acromioclavicular_r2', 'elv_angle', 'shoulder_elv', 'shoulder1_r2', 'shoulder_rot', 'elbow_flexion', 'elbow_x', 'pro_sup', 'sternoclavicular_r2_l', 'sternoclavicular_r3_l', 'acromioclavicular_r2_l', 'elv_angle_l', 'shoulder_elv_l', 'shoulder1_r2_l', 'shoulder_rot_l', 'elbow_flexion_l', 'elbow_x_l', 'pro_sup_l', 'ribs_bending']
  JOINTS: ['ground_pelvis', 'L5_S1_IVDjnt', 'L4_L5_IVDjnt', 'L3_L4_IVDjnt', 'L2_L3_IVDjnt', 'L1_L2_IVDjnt', 'T12_L1_IVDjnt', 'T11_T12_IVDjnt', 'T10_T11_IVDjnt', 'T9_T10_IVDjnt', 'T8_T9_IVDjnt', 'T7_T8_IVDjnt', 'T6_T7_IVDjnt', 'T5_T6_IVDjnt', 'T4_T5_IVDjnt', 'T3_T4_IVDjnt', 'T2_T3_IVDjnt', 'T1_T2_IVDjnt', 'T1_head_neck', 'hip_r', 'knee_r', 'ankle_r', 'subtalar_r', 'mtp_r', 'hip_l', 'knee_l', 'ankle_l', 'subtalar_l', 'mtp_l', 'C7_cerv6', 'C7_cerv5', 'C7_cerv4', 'C7_cerv3', 'C7_cerv2', 'C7_cerv1', 'skull_jaw', 'C7_skull', 'sternoclavicular', 'acromioclavicular', 'shoulder2', 'elbow', 'radioulnar', 'sternoclavicular_l', 'acromioclavicular_l', 'shoulder2_l', 'elbow_l', 'radioulnar_l', 'T1_rib']
  Joints_Inside_Cylinder_Body_LIST: [['ROOT', 'Torso'], ['RHIPJ', 'Torso'], ['LHIPJ', 'Torso'], ['Spine1', 'Torso'], ['Spine2', 'Torso'], ['Spine3', 'Torso'], ['LCOL', 'Torso'], ['RCOL', 'Torso'], ['NECK', 'Torso'], ['HEAD', 'HEAD'], ['RKNE', 'RightLeg'], ['RKNI', 'RightLeg'], ['LKNE', 'LeftLeg'], ['LKNI', 'LeftLeg'], ['LANK', 'LeftShrank'], ['RANK', 'RightShrank'], ['LANI', 'LeftShrank'], ['RANI', 'RightShrank'], ['RTOE', 'RightFOOT'], ['LTOE', 'LeftFOOT'], ['RMT1', 'RightFOOT'], ['LMT1', 'LeftFOOT'], ['RMT5', 'RightFOOT'], ['LMT5', 'LeftFOOT'], ['LELB', 'LeftArm'], ['RELB', 'RightArm'], ['LELBIN', 'LeftArm'], ['RELBIN', 'RightArm'], ['LIWR', 'LeftForearm'], ['RIWR', 'RightForearm'], ['LOWR', 'LeftForearm'], ['ROWR', 'RightForearm'], ['ground_pelvis', 'Torso'], ['L5_S1_IVDjnt', 'Torso'], ['L4_L5_IVDjnt', 'Torso'], ['L3_L4_IVDjnt', 'Torso'], ['L2_L3_IVDjnt', 'Torso'], ['L1_L2_IVDjnt', 'Torso'], ['T12_L1_IVDjnt', 'Torso'], ['T11_T12_IVDjnt', 'Torso'], ['T10_T11_IVDjnt', 'Torso'], ['T9_T10_IVDjnt', 'Torso'], ['T8_T9_IVDjnt', 'Torso'], ['T7_T8_IVDjnt', 'Torso'], ['T6_T7_IVDjnt', 'Torso'], ['T5_T6_IVDjnt', 'Torso'], ['T4_T5_IVDjnt', 'Torso'], ['T3_T4_IVDjnt', 'Torso'], ['T2_T3_IVDjnt', 'Torso'], ['T1_T2_IVDjnt', 'Torso'], ['T1_head_neck', 'HEAD'], ['hip_r', 'RightLeg'], ['knee_r', 'RightLeg'], ['ankle_r', 'RightShrank'], ['subtalar_r', 'RightShrank'], ['mtp_r', 'RightFOOT'], ['hip_l', 'LeftLeg'], ['knee_l', 'LeftLeg'], ['ankle_l', 'LeftShrank'], ['subtalar_l', 'LeftShrank'], ['mtp_l', 'LeftFOOT'], ['C7_cerv6', 'HEAD'], ['C7_cerv5', 'HEAD'], ['C7_cerv4', 'HEAD'], ['C7_cerv3', 'HEAD'], ['C7_cerv2', 'HEAD'], ['C7_cerv1', 'HEAD'], ['skull_jaw', 'HEAD'], ['C7_skull', 'HEAD'], ['sternoclavicular', 'RightArm'], ['acromioclavicular', 'RightArm'], ['shoulder2', 'RightArm'], ['elbow', 'RightArm'], ['radioulnar', 'RightForearm'], ['sternoclavicular_l', 'LeftArm'], ['acromioclavicular_l', 'LeftArm'], ['shoulder2_l', 'LeftArm'], ['elbow_l', 'LeftArm'], ['radioulnar_l', 'LeftForearm'], ['T1_rib', 'Torso'], ['radiocarpal', 'RightForearm'], ['radiocarpal_l', 'LeftForearm']]
  LEAFJOINTS: ['radiocarpal', 'radiocarpal_l']
  MARKER: ['ROOT', 'LHIPJ', 'RHIPJ', 'Spine1', 'LKJC', 'RKJC', 'Spine2', 'LAJC', 'RAJC', 'Spine3', 'LFOOT', 'RFOOT', 'NECK', 'LCOL', 'RCOL', 'HEAD', 'LSHOULDER', 'RSHOULDER', 'LELC', 'RELC', 'LWRIST', 'RWRIST', 'LPSI', 'RPSI', 'RASI', 'LASI', 'T12', 'T10', 'T8', 'T1', 'C7', 'RKNE', 'RKNI', 'LKNE', 'LKNI', 'LANK', 'RANK', 'LANI', 'RANI', 'LHEE', 'RHEE', 'RTOE', 'LTOE', 'RMT1', 'LMT1', 'RMT5', 'LMT5', 'LSHO', 'RSHO', 'STRN', 'CLAV', 'RCLAV', 'LCLAV', 'LELB', 'RELB', 'LELBIN', 'RELBIN', 'LIWR', 'RIWR', 'LOWR', 'ROWR', 'LFHD', 'RFHD', 'LBHD', 'RBHD']
  MIRROR_BONES: [0, 1, 2, 3, 4, 5, 6, 7, 8, 9, 10, 11, 12, 13, 14, 15, 16, 17, 18, 24, 25, 26, 27, 28, 19, 20, 21, 22, 23, 29, 30, 31, 32, 33, 34, 35, 36, 37, 43, 44, 45, 46, 47, 38, 39, 40, 41, 42]
  NUM_JOINTS: 50
  NUM_MARKERS: 65
  NUM_SMPL_JOINTS: 22
  POS_NAME: ['ground_pelvis', 'L5_S1_IVDjnt', 'L4_L5_IVDjnt', 'L3_L4_IVDjnt', 'L2_L3_IVDjnt', 'L1_L2_IVDjnt', 'T12_L1_IVDjnt', 'T11_T12_IVDjnt', 'T10_T11_IVDjnt', 'T9_T10_IVDjnt', 'T8_T9_IVDjnt', 'T7_T8_IVDjnt', 'T6_T7_IVDjnt', 'T5_T6_IVDjnt', 'T4_T5_IVDjnt', 'T3_T4_IVDjnt', 'T2_T3_IVDjnt', 'T1_T2_IVDjnt', 'T1_head_neck', 'hip_r', 'knee_r', 'ankle_r', 'subtalar_r', 'mtp_r', 'hip_l', 'knee_l', 'ankle_l', 'subtalar_l', 'mtp_l', 'C7_cerv6', 'C7_cerv5', 'C7_cerv4', 'C7_cerv3', 'C7_cerv2', 'C7_cerv1', 'skull_jaw', 'C7_skull', 'sternoclavicular', 'acromioclavicular', 'shoulder2', 'elbow', 'radioulnar', 'sternoclavicular_l', 'acromioclavicular_l', 'shoulder2_l', 'elbow_l', 'radioulnar_l', 'T1_rib', 'radiocarpal', 'radiocarpal_l', 'ROOT', 'LHIPJ', 'RHIPJ', 'Spine1', 'LKJC', 'RKJC', 'Spine2', 'LAJC', 'RAJC', 'Spine3', 'LFOOT', 'RFOOT', 'NECK', 'LCOL', 'RCOL', 'HEAD', 'LSHOULDER', 'RSHOULDER', 'LELC', 'RELC', 'LWRIST', 'RWRIST', 'LPSI', 'RPSI', 'RASI', 'LASI', 'T12', 'T10', 'T8', 'T1', 'C7', 'RKNE', 'RKNI', 'LKNE', 'LKNI', 'LANK', 'RANK', 'LANI', 'RANI', 'LHEE', 'RHEE', 'RTOE', 'LTOE', 'RMT1', 'LMT1', 'RMT5', 'LMT5', 'LSHO', 'RSHO', 'STRN', 'CLAV', 'RCLAV', 'LCLAV', 'LELB', 'RELB', 'LELBIN', 'RELBIN', 'LIWR', 'RIWR', 'LOWR', 'ROWR', 'LFHD', 'RFHD', 'LBHD', 'RBHD']
PROGRESSBAR: False
RESNETPATH: None
SEED: 100
STARTMODELPATH: None
TESTMODE: False
TEST_SUBJECTS: [2, 29, 19, 21, 51, 26, 7, 72, 77, 17, 65, 80, 6, 76, 10, 73, 13, 38]
TRAINING:
  AMSGRAD: True
  AWARED_OCCLUSION:
    GT: False
    USE: False
  BATCHSIZE: 128
  COORDINATE_MAX_WEIGHT: 2
  END_LR: [5e-06]
  END_MOMENTUM: 0.001
  EPOCH: [120]
  EVALUATION_BATCHSIZE: 128
  INITIAL_MOMENTUM: 0.1
  LOSS2D: False
  LOSSTYPE: 1
  MARKER_PREDICTION: True
  MARKER_TYPE: [10, 10, 10, 1, 1, 1, 1, 1, 1, 1, 20, 20, 10, 1, 1, 10, 0, 0, 1, 1, 1, 1, 20, 20, 20, 20, 10, 20, 10, 10, 20, 20, 20, 20, 20, 20, 20, 20, 20, 20, 20, 10, 10, 1, 1, 1, 1, 20, 20, 20, 20, 1, 1, 20, 20, 20, 20, 20, 20, 20, 20, 10, 10, 10, 10]
  MARKER_WEIGHT: [1.0, 1.0, 1.0, 0.1, 0.1, 0.1, 0.1, 0.1, 0.1, 0.1, 2.0, 2.0, 1.0, 0.1, 0.1, 1.0, 0.0, 0.0, 0.1, 0.1, 0.1, 0.1, 2.0, 2.0, 2.0, 2.0, 1.0, 2.0, 1.0, 1.0, 2.0, 2.0, 2.0, 2.0, 2.0, 2.0, 2.0, 2.0, 2.0, 2.0, 2.0, 1.0, 1.0, 0.1, 0.1, 0.1, 0.1, 2.0, 2.0, 2.0, 2.0, 0.1, 0.1, 2.0, 2.0, 2.0, 2.0, 2.0, 2.0, 2.0, 2.0, 1.0, 1.0, 1.0, 1.0]
  PCA: False
  PCA_COMPONENTS: 51
  START_LR: [0.001]
  TRAINING_STEPS: 1
  USE_BODY_WEIGHTS: False
  USE_OS_SIMULATION: False
  VALID_BATCHSIZE: 64
TRAINING_SUBJECTS: [78, 59, 79, 44, 56, 88, 75, 61, 53, 47, 40, 41, 32, 70, 28, 39, 69, 11, 3, 90, 71, 54, 20, 85, 37, 34, 33, 46, 67, 63, 55, 36, 42, 50, 24, 35, 84, 45, 60, 16, 74, 82, 27, 89, 57, 5, 49, 22, 4, 66, 31, 83, 43, 48, 52, 68, 25, 9, 18, 1, 81, 58, 23, 62, 64, 8, 87]
TRANSFORMER:
  BATCHNORM: False
  DROPOUT: False
  D_CHANNEL: 512
  D_MODEL: 256
  N1: 3
  N_HEADS: 8
  POS_ENCODNIG_EVERY_BLOCK: False
  STRIDES: [3, 9, 9]
VALID_SUBJECTS: [14, 86, 15, 30]
VALID_WORKERS: 16
WORKERS: 16
83696 training data, 21822 valid data, 100839 test data
Casual : False
Use Temporal Convolutional Network
Receptive Field: 243
Filter Widths: [3, 3, 3, 3, 3]
LR starts from 0.001, LR decay rate : 0.9571570955407175
Evaluation : False
Train , Epoch 0 : : total loss : 0.39315375594413665   marker : 0.24525499578913357   pose : 0.07103721266341428   angle : 0.06651168720793851   body : 0.010349860357100666   
Evaluation : True
Valid, Epoch 0 : : total loss : 0.47360573989662585   marker : 0.27006088344590407   pose : 0.09595814289634579   angle : 0.08812021284861193   body : 0.019466499137939602   
Current LR:  [0.0009571570955407175]
Best Loss : 0.27006088344590407
Evaluation : False
Train , Epoch 1 : : total loss : 0.2033671542979309   marker : 0.13450403381452808   pose : 0.03786160776343134   angle : 0.02550521381142311   body : 0.005496299370644104   
Evaluation : True
Valid, Epoch 1 : : total loss : 0.3482380382694122   marker : 0.20893655134901512   pose : 0.06797608677183453   angle : 0.05539641552060588   body : 0.01592898320762782   
Current LR:  [0.0009161497055439422]
Best Loss : 0.20893655134901512
Evaluation : False
Train , Epoch 2 : : total loss : 0.1754940686601957   marker : 0.11684577932629797   pose : 0.032648077693869106   angle : 0.021040655310289966   body : 0.004959556639228718   
Evaluation : True
Valid, Epoch 2 : : total loss : 0.22785166345434965   marker : 0.12245673388611461   pose : 0.04427916161704376   angle : 0.045973416275462836   body : 0.015142352765557658   
Current LR:  [0.0008768991912389232]
Best Loss : 0.12245673388611461
Evaluation : False
Train , Epoch 3 : : total loss : 0.159328659040822   marker : 0.10687537202654353   pose : 0.029786153646559663   angle : 0.018092892338075373   body : 0.004574240761513824   
Evaluation : True
Valid, Epoch 3 : : total loss : 0.26761686650044475   marker : 0.14519390462463339   pose : 0.050607497385535646   angle : 0.054075606615949144   body : 0.01773985820209474   
Current LR:  [0.0008393302829682519]
Evaluation : False
Train , Epoch 4 : : total loss : 0.1480643652368103   marker : 0.09955546284981563   pose : 0.027727129827802614   angle : 0.01639390041820625   body : 0.004387872282181728   
Evaluation : True
Valid, Epoch 4 : : total loss : 0.24100286719582933   marker : 0.13162007278094162   pose : 0.045839044178300266   angle : 0.047613606117744296   body : 0.01593014497650324   
Current LR:  [0.0008033709358452605]
Evaluation : False
Train , Epoch 5 : : total loss : 0.1409964895996894   marker : 0.0950804575022658   pose : 0.026427446010238727   angle : 0.015290138397257416   body : 0.004198447833975825   
Evaluation : True
Valid, Epoch 5 : : total loss : 0.2075325686885067   marker : 0.11163068606516757   pose : 0.04010241457308347   angle : 0.041365785162167656   body : 0.014433683994305625   
Current LR:  [0.0007689521915954776]
Best Loss : 0.11163068606516757
Evaluation : False
Train , Epoch 6 : : total loss : 0.1323426071480259   marker : 0.08966482385057403   pose : 0.02472205605831391   angle : 0.013934684115794314   body : 0.004021043089827434   
Evaluation : True
Valid, Epoch 6 : : total loss : 0.23643141673013518   marker : 0.12339707529191933   pose : 0.04648040587803083   angle : 0.04990562693618874   body : 0.0166483093724003   
Current LR:  [0.0007360080463171966]
Evaluation : False
Train , Epoch 7 : : total loss : 0.13121259116651818   marker : 0.08874923661693497   pose : 0.024485592843014832   angle : 0.013990913422216318   body : 0.003986848190221451   
Evaluation : True
Valid, Epoch 7 : : total loss : 0.19705209787994768   marker : 0.1030902979889839   pose : 0.0386165823839006   angle : 0.04009395898420928   body : 0.015251259219361296   
Current LR:  [0.0007044753239075658]
Best Loss : 0.1030902979889839
Evaluation : False
Train , Epoch 8 : : total loss : 0.12449427736298413   marker : 0.08468781273589565   pose : 0.02329649238820098   angle : 0.012708775637811122   body : 0.00380119663601881   
Evaluation : True
Valid, Epoch 8 : : total loss : 0.18999697764168277   marker : 0.09912894379807463   pose : 0.03811448349785317   angle : 0.03818790887062255   body : 0.014565642597738473   
Current LR:  [0.0006742935549114719]
Best Loss : 0.09912894379807463
Evaluation : False
Train , Epoch 9 : : total loss : 0.12119981897552748   marker : 0.08266122229568443   pose : 0.022695415032882055   angle : 0.012121496505316512   body : 0.0037216846742004063   
Evaluation : True
Valid, Epoch 9 : : total loss : 0.19447462592178694   marker : 0.10077137025398378   pose : 0.038878925582379494   angle : 0.04058915775994116   body : 0.014235171973131698   
Current LR:  [0.0006454048605608897]
Evaluation : False
Train , Epoch 10 : : total loss : 0.11873405594464283   marker : 0.08099581537394575   pose : 0.02220708217363445   angle : 0.011883138415116994   body : 0.0036480199548474313   
Evaluation : True
Valid, Epoch 10 : : total loss : 0.19074376039572308   marker : 0.10007049222115297   pose : 0.038102039363467066   angle : 0.038475062766069455   body : 0.014096166189797869   
Current LR:  [0.000617753841782323]
Evaluation : False
Train , Epoch 11 : : total loss : 0.11592640618224603   marker : 0.0791827914451932   pose : 0.02168909999132613   angle : 0.011500424025138158   body : 0.0035540907198754333   
Evaluation : True
Valid, Epoch 11 : : total loss : 0.1892341505037898   marker : 0.09802257941477394   pose : 0.037661964870834314   angle : 0.03903381861203445   body : 0.01451578747230843   
Current LR:  [0.0005912874729594882]
Best Loss : 0.09802257941477394
Evaluation : False
Train , Epoch 12 : : total loss : 0.11806542667093906   marker : 0.08028144754503624   pose : 0.021999129503508987   angle : 0.012167249893937917   body : 0.0036175998789222644   
Evaluation : True
Valid, Epoch 12 : : total loss : 1.9550434794656275   marker : 1.0981079226027006   pose : 0.39899031592162715   angle : 0.4091404381773778   body : 0.048804801900799145   
Current LR:  [0.0005659550002475143]
Evaluation : False
Train , Epoch 13 : : total loss : 0.11635207949608427   marker : 0.07919344695065325   pose : 0.021658648142040597   angle : 0.011929316828412447   body : 0.003570667688719141   
Evaluation : True
Valid, Epoch 13 : : total loss : 0.18349384590703421   marker : 0.09548035306898202   pose : 0.03639281667914402   angle : 0.037494263064685396   body : 0.01412641291668168   
Current LR:  [0.0005417078442436569]
Best Loss : 0.09548035306898202
Evaluation : False
Train , Epoch 14 : : total loss : 0.11302607798603738   marker : 0.07724273448972571   pose : 0.021055373524359867   angle : 0.011262895402485706   body : 0.003465074482823153   
Evaluation : True
Valid, Epoch 14 : : total loss : 0.18622275327917265   marker : 0.09680082756268335   pose : 0.03670733904338169   angle : 0.03860043234943568   body : 0.01411415413520522   
Current LR:  [0.0005184995068278819]
Evaluation : False
Train , Epoch 15 : : total loss : 0.11031509053880552   marker : 0.07551068398434024   pose : 0.02057039487256938   angle : 0.010848736288496629   body : 0.0033852752425763497   
Evaluation : True
Valid, Epoch 15 : : total loss : 0.1857803760511433   marker : 0.09692993038199517   pose : 0.03698337271477713   angle : 0.03790517687393299   body : 0.01396189600669019   
Current LR:  [0.0004962854819946698]
Evaluation : False
Train , Epoch 16 : : total loss : 0.10931416533624962   marker : 0.07485151448348397   pose : 0.020381693053665426   angle : 0.010726093511406623   body : 0.0033548645026964716   
Evaluation : True
Valid, Epoch 16 : : total loss : 0.20314943009254946   marker : 0.1054468424114164   pose : 0.042028028120884   angle : 0.03958638745107678   body : 0.01608817299141498   
Current LR:  [0.0004750231705050432]
Evaluation : False
Train , Epoch 17 : : total loss : 0.10902038707211043   marker : 0.07474889712348284   pose : 0.02039346926393498   angle : 0.010539970708694337   body : 0.003338049828740918   
Evaluation : True
Valid, Epoch 17 : : total loss : 0.184228484194216   marker : 0.09556885489337157   pose : 0.036275442640150556   angle : 0.037870383385001066   body : 0.014513804190712335   
Current LR:  [0.0004546717981951502]
Evaluation : False
Train , Epoch 18 : : total loss : 0.10681515317096461   marker : 0.07333104246243219   pose : 0.01996010544483092   angle : 0.01024742170406725   body : 0.003276583809223009   
Evaluation : True
Valid, Epoch 18 : : total loss : 0.1818761586072235   marker : 0.0943876921928461   pose : 0.035800741153899196   angle : 0.03798851999853241   body : 0.013699206105948871   
Current LR:  [0.0004351923377847452]
Best Loss : 0.0943876921928461
Evaluation : False
Train , Epoch 19 : : total loss : 0.1064191938108361   marker : 0.07304725503894126   pose : 0.01984312292331028   angle : 0.010272663912434947   body : 0.0032561518798138703   
Evaluation : True
Valid, Epoch 19 : : total loss : 0.18142855321439963   marker : 0.09481487043858143   pose : 0.035850370217610776   angle : 0.03696113406939922   body : 0.013802178166502829   
Current LR:  [0.00041654743403562154]
Evaluation : False
Train , Epoch 20 : : total loss : 0.10495776651144757   marker : 0.07210802188739295   pose : 0.019554388194500397   angle : 0.010077385690382712   body : 0.003217970924580307   
Evaluation : True
Valid, Epoch 20 : : total loss : 0.17823196421096965   marker : 0.09293369114557377   pose : 0.03486670241348466   angle : 0.0368109294249631   body : 0.013620640899179923   
Current LR:  [0.00039870133211647414]
Best Loss : 0.09293369114557377
Evaluation : False
Train , Epoch 21 : : total loss : 0.10368302348105503   marker : 0.07132031748022821   pose : 0.01933049998184806   angle : 0.009862386033931607   body : 0.0031698200848826407   
Evaluation : True
Valid, Epoch 21 : : total loss : 0.18056618633065735   marker : 0.0933626463537572   pose : 0.03540618990400886   angle : 0.03795754611246331   body : 0.0138398022041368   
Current LR:  [0.00038161980903681934]
Evaluation : False
Train , Epoch 22 : : total loss : 0.10279821297567435   marker : 0.07076237001563287   pose : 0.0191408748985204   angle : 0.009748482352171156   body : 0.0031464856426740725   
Evaluation : True
Valid, Epoch 22 : : total loss : 0.18106314474082585   marker : 0.09398825465130572   pose : 0.035968381405182624   angle : 0.03709704873105387   body : 0.01400945907377233   
Current LR:  [0.0003652701080184853]
Evaluation : False
Train , Epoch 23 : : total loss : 0.10186849927007696   marker : 0.07021181488475245   pose : 0.018993067248491927   angle : 0.00955051714682789   body : 0.003113099946861496   
Evaluation : True
Valid, Epoch 23 : : total loss : 0.18186806255819904   marker : 0.09443405876128202   pose : 0.036706114785501454   angle : 0.03652298522578972   body : 0.014204903487903084   
Current LR:  [0.0003496208756788175]
Evaluation : False
Train , Epoch 24 : : total loss : 0.10124056593473618   marker : 0.06980607544526937   pose : 0.018875390160001622   angle : 0.009476441957033703   body : 0.0030826583752839344   
Evaluation : True
Valid, Epoch 24 : : total loss : 0.17900446627909428   marker : 0.09298549298459587   pose : 0.03526241524105231   angle : 0.03707868393417371   body : 0.01367787481577977   
Current LR:  [0.00033464210190513923]
Evaluation : False
Train , Epoch 25 : : total loss : 0.10059148527305305   marker : 0.06938032922299313   pose : 0.018721414641527084   angle : 0.009429620823482048   body : 0.00306012047095307   
Evaluation : True
Valid, Epoch 25 : : total loss : 0.17492778158550595   marker : 0.09061482042038695   pose : 0.03452459216150636   angle : 0.036230620428006136   body : 0.013557748384408406   
Current LR:  [0.00032030506230516385]
Best Loss : 0.09061482042038695
Evaluation : False
Train , Epoch 26 : : total loss : 0.09988534764299714   marker : 0.06893112965692605   pose : 0.018634439732702547   angle : 0.009275176914645555   body : 0.003044601370456413   
Evaluation : True
Valid, Epoch 26 : : total loss : 0.1774390414418642   marker : 0.09164798184348424   pose : 0.03523112727658098   angle : 0.03671974742918423   body : 0.01384018440642526   
Current LR:  [0.0003065822631229992]
Evaluation : False
Train , Epoch 27 : : total loss : 0.10032364512703867   marker : 0.06921924040246338   pose : 0.018695720144837044   angle : 0.00936963728373759   body : 0.003039047139116305   
Evaluation : True
Valid, Epoch 27 : : total loss : 0.1766674638111337   marker : 0.09156883723269722   pose : 0.03460795471183365   angle : 0.03672323018468144   body : 0.013767441815760076   
Current LR:  [0.00029344738851510996]
Evaluation : False
Train , Epoch 28 : : total loss : 0.09911459711755399   marker : 0.0685235819969024   pose : 0.01847967612421622   angle : 0.009106610719097427   body : 0.0030047282381168642   
Evaluation : True
Valid, Epoch 28 : : total loss : 0.17796129922951603   marker : 0.09186467546643591   pose : 0.0349468049267977   angle : 0.03728693648838186   body : 0.013862881995549768   
Current LR:  [0.00028087525008513114]
Evaluation : False
Train , Epoch 29 : : total loss : 0.0984341318834613   marker : 0.0680891786449536   pose : 0.018364282955300022   angle : 0.009000302576937728   body : 0.0029803678007571063   
Evaluation : True
Valid, Epoch 29 : : total loss : 0.17612101437136274   marker : 0.0908625094637776   pose : 0.03491864310603631   angle : 0.03634472311105729   body : 0.013995138319020922   
Current LR:  [0.0002688417385807568]
Evaluation : False
Train , Epoch 30 : : total loss : 0.0975432102932134   marker : 0.06750750763036573   pose : 0.018180939629902155   angle : 0.008894102664302128   body : 0.0029606604417372396   
Evaluation : True
Valid, Epoch 30 : : total loss : 0.175158824681165   marker : 0.0907695343028766   pose : 0.03462725395396326   angle : 0.035894888096993725   body : 0.013867148515798138   
Current LR:  [0.00025732377766007403]
Evaluation : False
Train , Epoch 31 : : total loss : 0.09695291834074725   marker : 0.06715081286421232   pose : 0.018094382880634956   angle : 0.008776758025167867   body : 0.002930964333266248   
Evaluation : True
Valid, Epoch 31 : : total loss : 0.17385237704887038   marker : 0.08945517578873186   pose : 0.03443043594257214   angle : 0.03603498158451836   body : 0.01393178298191259   
Current LR:  [0.00024629927963868185]
Best Loss : 0.08945517578873186
Evaluation : False
Train , Epoch 32 : : total loss : 0.09739478633013107   marker : 0.06752205523697925   pose : 0.01818939158621645   angle : 0.008759872616335727   body : 0.0029234671601554977   
Evaluation : True
Valid, Epoch 32 : : total loss : 0.1753673227446707   marker : 0.09074689452386604   pose : 0.03464096359039312   angle : 0.03634811555549343   body : 0.013631348585997238   
Current LR:  [0.0002357471031327317]
Evaluation : False
Train , Epoch 33 : : total loss : 0.09636662196464962   marker : 0.06686407138820265   pose : 0.017981944799674233   angle : 0.008625256778332898   body : 0.002895348930694334   
Evaluation : True
Valid, Epoch 33 : : total loss : 0.1749853556408103   marker : 0.09044307264373978   pose : 0.03436338135634779   angle : 0.03656151691089246   body : 0.013617385082181067   
Current LR:  [0.00022564701251666345]
Evaluation : False
Train , Epoch 34 : : total loss : 0.09542012868440534   marker : 0.0662288404373626   pose : 0.017812129375375067   angle : 0.008509552750200216   body : 0.00286960604231217   
Evaluation : True
Valid, Epoch 34 : : total loss : 0.17374461901831414   marker : 0.09000711895108233   pose : 0.034409572743613455   angle : 0.03586213942267217   body : 0.01346578840079267   
Current LR:  [0.0002159796391178895]
Evaluation : False
Train , Epoch 35 : : total loss : 0.09508331207869429   marker : 0.06601167331588031   pose : 0.017737420495445477   angle : 0.008483763627998908   body : 0.002850454558788087   
Evaluation : True
Valid, Epoch 35 : : total loss : 0.17411424329000938   marker : 0.08994517152856353   pose : 0.03439194523941836   angle : 0.03615206849858016   body : 0.013625057818592223   
Current LR:  [0.00020672644407401146]
Evaluation : False
Train , Epoch 36 : : total loss : 0.09504205384398676   marker : 0.06598596442576389   pose : 0.01771143665266256   angle : 0.008489234021409867   body : 0.002855418855752254   
Evaluation : True
Valid, Epoch 36 : : total loss : 0.1743229196157063   marker : 0.0901776393669771   pose : 0.034430959672432274   angle : 0.036112293785405675   body : 0.013602026258267947   
Current LR:  [0.00019786968278134138]
Evaluation : False
Train , Epoch 37 : : total loss : 0.09406636673586292   marker : 0.06538252415531992   pose : 0.017552277251541796   angle : 0.00831454180203846   body : 0.00281702346777455   
Evaluation : True
Valid, Epoch 37 : : total loss : 0.17293432873073938   marker : 0.08920596684055644   pose : 0.03407861890129444   angle : 0.036046413625371566   body : 0.013603329699479324   
Current LR:  [0.00018939237086655183]
Best Loss : 0.08920596684055644
Evaluation : False
Train , Epoch 38 : : total loss : 0.09390732830826758   marker : 0.06528924184225238   pose : 0.017527321811371795   angle : 0.008286861080967267   body : 0.002803903635716776   
Evaluation : True
Valid, Epoch 38 : : total loss : 0.17144281483299625   marker : 0.08851358158736342   pose : 0.03369777779041186   angle : 0.035714882845490084   body : 0.013516572473160824   
Current LR:  [0.00018127825161619914]
Best Loss : 0.08851358158736342
Evaluation : False
Train , Epoch 39 : : total loss : 0.09366433360081902   marker : 0.06513068143272656   pose : 0.017491442719003783   angle : 0.008250549176043245   body : 0.002791660413171691   
Evaluation : True
Valid, Epoch 39 : : total loss : 0.17304489263178457   marker : 0.0896751670218576   pose : 0.034201632891181145   angle : 0.03547381554981952   body : 0.013694277537665526   
Current LR:  [0.00017351176480166056]
Evaluation : False
Train , Epoch 40 : : total loss : 0.09296555342480746   marker : 0.06466824586458995   pose : 0.0173431983043598   angle : 0.008177183579887401   body : 0.002776925803260567   
Evaluation : True
Valid, Epoch 40 : : total loss : 0.17315872355130643   marker : 0.08959374820243186   pose : 0.03428187633388891   angle : 0.0355002137045956   body : 0.01378288550158817   
Current LR:  [0.0001660780168397015]
Evaluation : False
Train , Epoch 41 : : total loss : 0.09255618791439632   marker : 0.06443411739369082   pose : 0.01726033177460682   angle : 0.008103748133825353   body : 0.0027579905955152297   
Evaluation : True
Valid, Epoch 41 : : total loss : 0.17319175428107836   marker : 0.08954174915621735   pose : 0.03431072787724585   angle : 0.03570804006183041   body : 0.01363123648654594   
Current LR:  [0.00015896275223145108]
Evaluation : False
Train , Epoch 42 : : total loss : 0.09237670670242076   marker : 0.06430633499602263   pose : 0.017250163456393693   angle : 0.008074300698108777   body : 0.0027459076987964544   
Evaluation : True
Valid, Epoch 42 : : total loss : 0.17195536504470507   marker : 0.08889846761988605   pose : 0.03389175786465972   angle : 0.03543316259271403   body : 0.013731976759858752   
Current LR:  [0.0001521523262250144]
Evaluation : False
Train , Epoch 43 : : total loss : 0.09204357755220685   marker : 0.06408622937353975   pose : 0.017168609928881685   angle : 0.008043759298520832   body : 0.002744978705954497   
Evaluation : True
Valid, Epoch 43 : : total loss : 0.17155763163552168   marker : 0.08821442181637303   pose : 0.033847249905727225   angle : 0.03582777345271194   body : 0.013668185824292923   
Current LR:  [0.00014563367864929853]
Best Loss : 0.08821442181637303
Evaluation : False
Train , Epoch 44 : : total loss : 0.09186726317927812   marker : 0.06401021198396661   pose : 0.01713380263048648   angle : 0.007999764888719934   body : 0.0027234836236914623   
Evaluation : True
Valid, Epoch 44 : : total loss : 0.1716503773586919   marker : 0.08857142911059163   pose : 0.033963937789335576   angle : 0.035452499593738765   body : 0.013662510960624982   
Current LR:  [0.0001393943088688728]
Evaluation : False
Train , Epoch 45 : : total loss : 0.09147915196181439   marker : 0.06372987795592633   pose : 0.017074156653814895   angle : 0.007955418187257753   body : 0.002719699156614645   
Evaluation : True
Valid, Epoch 45 : : total loss : 0.17139758723715837   marker : 0.08854868274136672   pose : 0.03375258889100847   angle : 0.03546510372270247   body : 0.013631210846879526   
Current LR:  [0.00013342225181183596]
Evaluation : False
Train , Epoch 46 : : total loss : 0.09127452890823665   marker : 0.06362420311383048   pose : 0.01701775685546044   angle : 0.007927556034422852   body : 0.002705012735159095   
Evaluation : True
Valid, Epoch 46 : : total loss : 0.17159974967271988   marker : 0.08862340816294674   pose : 0.03371138859380778   angle : 0.035740036584642434   body : 0.013524915929806898   
Current LR:  [0.00012770605502471913]
Evaluation : False
Train , Epoch 47 : : total loss : 0.09093778014502518   marker : 0.06339141944420465   pose : 0.016946853375259165   angle : 0.007900278824902102   body : 0.00269922872992435   
Evaluation : True
Valid, Epoch 47 : : total loss : 0.17151322957849036   marker : 0.08880293706894446   pose : 0.033763895374794906   angle : 0.035438053232755354   body : 0.013508344298048862   
Current LR:  [0.0001222347567104232]
Evaluation : False
Train , Epoch 48 : : total loss : 0.0908483902925189   marker : 0.06332273672336276   pose : 0.016948673466240464   angle : 0.00787984437821219   body : 0.0026971354555041967   
Evaluation : True
Valid, Epoch 48 : : total loss : 0.1723563001809423   marker : 0.08883070364497495   pose : 0.034124834150084105   angle : 0.03573718053284405   body : 0.013663582363811294   
Current LR:  [0.0001169978647070749]
Evaluation : False
Train , Epoch 49 : : total loss : 0.0904707188331515   marker : 0.06308755189020637   pose : 0.01686354584786556   angle : 0.007832130212564974   body : 0.002687490857199154   
Evaluation : True
Valid, Epoch 49 : : total loss : 0.17135439446992676   marker : 0.08831860280345029   pose : 0.033789496779736826   angle : 0.035663947636479586   body : 0.013582346398062781   
Current LR:  [0.00011198533636748963]
Evaluation : False
Train , Epoch 50 : : total loss : 0.0905018378659558   marker : 0.06311553343560028   pose : 0.016878655525480624   angle : 0.007827521223363797   body : 0.002680127903645085   
Evaluation : True
Valid, Epoch 50 : : total loss : 0.17098323646162927   marker : 0.08811926267048953   pose : 0.03361053495640475   angle : 0.03558022264009129   body : 0.013673216773700828   
Current LR:  [0.00010718755930065665]
Best Loss : 0.08811926267048953
Evaluation : False
Train , Epoch 51 : : total loss : 0.09010721747670751   marker : 0.06286773824947352   pose : 0.016781913448883874   angle : 0.007792763366359664   body : 0.0026648023898840226   
Evaluation : True
Valid, Epoch 51 : : total loss : 0.1717688554629715   marker : 0.08849046267681736   pose : 0.03390165319714578   angle : 0.03564901916127017   body : 0.013727721755199348   
Current LR:  [0.00010259533293831494]
Evaluation : False
Train , Epoch 52 : : total loss : 0.08991918078471106   marker : 0.06272683431256054   pose : 0.016765744870337464   angle : 0.007769622144704345   body : 0.002656979652501038   
Evaluation : True
Valid, Epoch 52 : : total loss : 0.17235814826908694   marker : 0.08898462299552849   pose : 0.0341649679988609   angle : 0.03556638639773646   body : 0.013642171797443405   
Current LR:  [9.819985089127043e-05]
Evaluation : False
Train , Epoch 53 : : total loss : 0.08972680428354883   marker : 0.0626090989144345   pose : 0.016714175042067334   angle : 0.007744065299059677   body : 0.002659464879303737   
Evaluation : True
Valid, Epoch 53 : : total loss : 0.17098633745459366   marker : 0.08823702184802812   pose : 0.03370887939723031   angle : 0.035500164397334694   body : 0.013540272273607405   
Current LR:  [9.399268406161995e-05]
Evaluation : False
Train , Epoch 54 : : total loss : 0.0896451924150242   marker : 0.06255201455690594   pose : 0.01671155980127831   angle : 0.007729582161932134   body : 0.002652035838215516   
Evaluation : True
Valid, Epoch 54 : : total loss : 0.17354029820739114   marker : 0.08955374560296268   pose : 0.034332167729701234   angle : 0.03582774376783982   body : 0.013826641593076887   
Current LR:  [8.996576447849644e-05]
Evaluation : False
Train , Epoch 55 : : total loss : 0.08937699086450691   marker : 0.06238022933829616   pose : 0.016637625115685405   angle : 0.007709674421657921   body : 0.002649462083711148   
Evaluation : True
Valid, Epoch 55 : : total loss : 0.17325858577734915   marker : 0.08933186581324683   pose : 0.03444213283104591   angle : 0.03570917222777576   body : 0.013775414268864075   
Current LR:  [8.61113698263379e-05]
Evaluation : False
Train , Epoch 56 : : total loss : 0.08915904843195657   marker : 0.06222595009741703   pose : 0.01660256548306889   angle : 0.007693053310905308   body : 0.00263747942789385   
Evaluation : True
Valid, Epoch 56 : : total loss : 0.17181951256067546   marker : 0.08857964549424308   pose : 0.03389117870919919   angle : 0.03563565456641058   body : 0.013713033919198496   
Current LR:  [8.242210863601017e-05]
Evaluation : False
Train , Epoch 57 : : total loss : 0.08898660879450954   marker : 0.06212175028201814   pose : 0.01655635300019662   angle : 0.007669601105239134   body : 0.002638904762184775   
Evaluation : True
Valid, Epoch 57 : : total loss : 0.17278795117320636   marker : 0.08912174783195696   pose : 0.03404853452345637   angle : 0.03574436980025402   body : 0.013873299408129423   
Current LR:  [7.889090611038498e-05]
Evaluation : False
Train , Epoch 58 : : total loss : 0.08894494876470901   marker : 0.06209531997488797   pose : 0.016559096797730256   angle : 0.007656196677118859   body : 0.0026343356233923076   
Evaluation : True
Valid, Epoch 58 : : total loss : 0.17192565499998758   marker : 0.08855726904419382   pose : 0.03408774527868859   angle : 0.0355819955928419   body : 0.01369864495861881   
Current LR:  [7.551099055719153e-05]
Evaluation : False
Train , Epoch 59 : : total loss : 0.088762010757171   marker : 0.06196351885042548   pose : 0.016526448956846188   angle : 0.007647718581018733   body : 0.0026243245172076165   
Evaluation : True
Valid, Epoch 59 : : total loss : 0.1715331487067405   marker : 0.08849085881744796   pose : 0.03395968338558451   angle : 0.035430127240791844   body : 0.013652478697516067   
Current LR:  [7.227588040312399e-05]
Evaluation : False
Train , Epoch 60 : : total loss : 0.08868596462067929   marker : 0.061935598444290585   pose : 0.01649900351096213   angle : 0.007626998703926802   body : 0.0026243641654494438   
Evaluation : True
Valid, Epoch 60 : : total loss : 0.1702484914094234   marker : 0.08796160066611781   pose : 0.033497293833883904   angle : 0.03533166620189662   body : 0.01345793045350474   
Current LR:  [6.917937176430242e-05]
Best Loss : 0.08796160066611781
Evaluation : False
Train , Epoch 61 : : total loss : 0.08851571490625876   marker : 0.06181481654597461   pose : 0.016461431128678882   angle : 0.007620629914401593   body : 0.0026188372758432516   
Evaluation : True
Valid, Epoch 61 : : total loss : 0.17199584690681705   marker : 0.08858235427979512   pose : 0.03395581304420637   angle : 0.0356245248480073   body : 0.0138331553302538   
Current LR:  [6.621552654925122e-05]
Evaluation : False
Train , Epoch 62 : : total loss : 0.08845100821114243   marker : 0.06176375662180585   pose : 0.01646502500836371   angle : 0.007611721717705451   body : 0.0026105047356206096   
Evaluation : True
Valid, Epoch 62 : : total loss : 0.17250419355708338   marker : 0.08887649432470661   pose : 0.03416420646225562   angle : 0.035628082476683996   body : 0.01383541017598689   
Current LR:  [6.337866107158058e-05]
Evaluation : False
Train , Epoch 63 : : total loss : 0.0883550077882149   marker : 0.06171007438421614   pose : 0.016429462578507057   angle : 0.007605053304022843   body : 0.0026104175410793943   
Evaluation : True
Valid, Epoch 63 : : total loss : 0.17116680307836693   marker : 0.08813004722714085   pose : 0.033839098955531485   angle : 0.0355966268587851   body : 0.01360103014616555   
Current LR:  [6.06633351505336e-05]
Evaluation : False
Train , Epoch 64 : : total loss : 0.08813535195032268   marker : 0.06154207520152672   pose : 0.016400114108293472   angle : 0.007584462221141386   body : 0.002608700578741353   
Evaluation : True
Valid, Epoch 64 : : total loss : 0.1713791390888283   marker : 0.08832958496061585   pose : 0.03374152834261822   angle : 0.03541792201663711   body : 0.013890103946498221   
Current LR:  [5.806434167849785e-05]
Evaluation : False
Train , Epoch 65 : : total loss : 0.08788330744592555   marker : 0.06139232562270135   pose : 0.016333361079268853   angle : 0.007558186422993542   body : 0.002599434452887288   
Evaluation : True
Valid, Epoch 65 : : total loss : 0.17124292850712897   marker : 0.08815723872296194   pose : 0.03378734109207446   angle : 0.035505200020170664   body : 0.013793148906822438   
Current LR:  [5.557669663547483e-05]
Evaluation : False
Train , Epoch 66 : : total loss : 0.08799453045471156   marker : 0.06146831493282756   pose : 0.01636767278712066   angle : 0.0075569391945180175   body : 0.002601603397979739   
Evaluation : True
Valid, Epoch 66 : : total loss : 0.17078773951991516   marker : 0.08793358966242479   pose : 0.0338340162870351   angle : 0.03554684295738206   body : 0.013473291033709063   
Current LR:  [5.319562953135865e-05]
Best Loss : 0.08793358966242479
Evaluation : False
Train , Epoch 67 : : total loss : 0.08783657419827594   marker : 0.06136488742202201   pose : 0.016328729060157608   angle : 0.007546308045353951   body : 0.0025966498483069368   
Evaluation : True
Valid, Epoch 67 : : total loss : 0.171134301104234   marker : 0.08803911502349716   pose : 0.033814059825988466   angle : 0.035547593207836105   body : 0.013733533096077484   
Current LR:  [5.091657425769526e-05]
Evaluation : False
Train , Epoch 68 : : total loss : 0.08774085722829444   marker : 0.06129946160325595   pose : 0.016305615224092514   angle : 0.007536754788685401   body : 0.0025990255106423067   
Evaluation : True
Valid, Epoch 68 : : total loss : 0.17067591493501857   marker : 0.08790162706362012   pose : 0.03367552056057776   angle : 0.03555206376924358   body : 0.013546703500606085   
Current LR:  [4.8735160331378857e-05]
Best Loss : 0.08790162706362012
Evaluation : False
Train , Epoch 69 : : total loss : 0.08763227611780167   marker : 0.06122713308399158   pose : 0.01628329382373582   angle : 0.0075358943200768596   body : 0.002585955032976102   
Evaluation : True
Valid, Epoch 69 : : total loss : 0.17098939369627497   marker : 0.08814194991033353   pose : 0.0336090147129262   angle : 0.035526723027415046   body : 0.01371170681312403   
Current LR:  [4.6647204513493775e-05]
Evaluation : False
Train , Epoch 70 : : total loss : 0.0875507997859492   marker : 0.06116982882023771   pose : 0.016271244727394572   angle : 0.007519581134803308   body : 0.0025901449084778246   
Evaluation : True
Valid, Epoch 70 : : total loss : 0.17066825398733654   marker : 0.08793507119648049   pose : 0.03366895857046094   angle : 0.03541799171107924   body : 0.013646232058634604   
Current LR:  [4.464870278722955e-05]
Evaluation : False
Train , Epoch 71 : : total loss : 0.08754940473604349   marker : 0.061168535796506114   pose : 0.016266999157234046   angle : 0.007519675060752979   body : 0.002594194605669854   
Evaluation : True
Valid, Epoch 71 : : total loss : 0.1705510214458693   marker : 0.08801388775501491   pose : 0.033562861734629225   angle : 0.03537149699620787   body : 0.013602775249545881   
Current LR:  [4.273582267948538e-05]
Evaluation : False
Train , Epoch 72 : : total loss : 0.08750768155315934   marker : 0.061150810791102524   pose : 0.016260906172542625   angle : 0.007508447446545178   body : 0.002587517235673405   
Evaluation : True
Valid, Epoch 72 : : total loss : 0.1712968133348296   marker : 0.08816721010859296   pose : 0.033822193945287814   angle : 0.03551382741420278   body : 0.0137935821617374   
Current LR:  [4.090489591143935e-05]
Evaluation : False
Train , Epoch 73 : : total loss : 0.08735496864567124   marker : 0.06104401740920124   pose : 0.01622669066189807   angle : 0.007507462561512751   body : 0.0025767981103987964   
Evaluation : True
Valid, Epoch 73 : : total loss : 0.17052108694549747   marker : 0.08775579607046423   pose : 0.03372093818548477   angle : 0.03544470610752758   body : 0.013599646377165785   
Current LR:  [3.9152411363988656e-05]
Best Loss : 0.08775579607046423
Evaluation : False
Train , Epoch 74 : : total loss : 0.08741198063672594   marker : 0.06107591090304563   pose : 0.016249654194194635   angle : 0.007491480300251457   body : 0.00259493522283266   
Evaluation : True
Valid, Epoch 74 : : total loss : 0.16938405180707247   marker : 0.08715774573542089   pose : 0.03341199403153955   angle : 0.03537130549218191   body : 0.013443006222893343   
Current LR:  [3.7475008344570765e-05]
Best Loss : 0.08715774573542089
Evaluation : False
Train , Epoch 75 : : total loss : 0.08713174108159122   marker : 0.06088719154732333   pose : 0.016183337437739143   angle : 0.007479531708306093   body : 0.0025816803340262423   
Evaluation : True
Valid, Epoch 75 : : total loss : 0.17151981216883772   marker : 0.08842538876096921   pose : 0.03387619981777984   angle : 0.035371306988989965   body : 0.013846916199582665   
Current LR:  [3.5869470142453504e-05]
Evaluation : False
Train , Epoch 76 : : total loss : 0.08713309919806754   marker : 0.06090667167219232   pose : 0.016187759672518346   angle : 0.007463608531118763   body : 0.0025750592644761387   
Evaluation : True
Valid, Epoch 76 : : total loss : 0.1711805122231445   marker : 0.08812872219146876   pose : 0.03379263119413068   angle : 0.03546040800640186   body : 0.013798751380154918   
Current LR:  [3.4332717860135284e-05]
Evaluation : False
Train , Epoch 77 : : total loss : 0.08703320199598032   marker : 0.0608240428450553   pose : 0.0161571315023335   angle : 0.0074761182327924515   body : 0.0025759093081193533   
Evaluation : True
Valid, Epoch 77 : : total loss : 0.17110943739622458   marker : 0.08821287352686327   pose : 0.03378126677185442   angle : 0.03540519473424   body : 0.013710102688303659   
Current LR:  [3.2861804509026003e-05]
Evaluation : False
Train , Epoch 78 : : total loss : 0.08694717827699451   marker : 0.06077082104878258   pose : 0.0161466097935555   angle : 0.007456317129666143   body : 0.002573430352768708   
Evaluation : True
Valid, Epoch 78 : : total loss : 0.17041876488476623   marker : 0.08774143193559329   pose : 0.03372092568659125   angle : 0.0354038544027192   body : 0.013552552507511691   
Current LR:  [3.1453909358086186e-05]
Evaluation : False
Train , Epoch 79 : : total loss : 0.0869322207173016   marker : 0.060742905303539214   pose : 0.016157770408160563   angle : 0.007454933802587241   body : 0.0025766112811001986   
Evaluation : True
Valid, Epoch 79 : : total loss : 0.17089383034666347   marker : 0.08807833097931794   pose : 0.03369082493126944   angle : 0.035397303616811565   body : 0.013727370767367878   
Current LR:  [3.0106332524586767e-05]
Evaluation : False
Train , Epoch 80 : : total loss : 0.08687304723637028   marker : 0.060710876849216125   pose : 0.016140741651241665   angle : 0.007451419155206103   body : 0.002570009624919245   
Evaluation : True
Valid, Epoch 80 : : total loss : 0.17059858659701085   marker : 0.08788487939849454   pose : 0.03363052943856106   angle : 0.035483740578103315   body : 0.013599436580943598   
Current LR:  [2.8816489796616507e-05]
Evaluation : False
Train , Epoch 81 : : total loss : 0.08679001105187681   marker : 0.06067271300150826   pose : 0.016108774813961745   angle : 0.007447474897136002   body : 0.0025610482690293927   
Evaluation : True
Valid, Epoch 81 : : total loss : 0.17123105945295225   marker : 0.08821540072883982   pose : 0.03382764444070627   angle : 0.03540961828276388   body : 0.013778396374844312   
Current LR:  [2.7581907677408176e-05]
Evaluation : False
Train , Epoch 82 : : total loss : 0.08683564523049554   marker : 0.060710019724383654   pose : 0.016125859455940004   angle : 0.007437297353409744   body : 0.0025624685227631336   
Evaluation : True
Valid, Epoch 82 : : total loss : 0.1713141415211165   marker : 0.08823638117047893   pose : 0.03383833793242969   angle : 0.035472878744639134   body : 0.013766543763704975   
Current LR:  [2.6400218641980227e-05]
Evaluation : False
Train , Epoch 83 : : total loss : 0.08672278050396015   marker : 0.06062788678872275   pose : 0.016101284495984157   angle : 0.007426560894909898   body : 0.002567048174946656   
Evaluation : True
Valid, Epoch 83 : : total loss : 0.170409683957894   marker : 0.08790798124324367   pose : 0.03361139002712495   angle : 0.03533682967617666   body : 0.013553483177964185   
Current LR:  [2.52691565969977e-05]
Evaluation : False
Train , Epoch 84 : : total loss : 0.08661918327280792   marker : 0.060552994727768907   pose : 0.016080518360114208   angle : 0.0074289534048421185   body : 0.0025567169733356917   
Evaluation : True
Valid, Epoch 84 : : total loss : 0.17045051478386886   marker : 0.08770760142959429   pose : 0.03367542382526022   angle : 0.035421812275395405   body : 0.01364567774800264   
Current LR:  [2.418655253514588e-05]
Evaluation : False
Train , Epoch 85 : : total loss : 0.0867294192565163   marker : 0.06063297469094738   pose : 0.016108676197882997   angle : 0.007431782585972347   body : 0.0025559859143521576   
Evaluation : True
Valid, Epoch 85 : : total loss : 0.1703613492507522   marker : 0.08774884203135634   pose : 0.03357499225495137   angle : 0.03548310727533832   body : 0.013554408227192276   
Current LR:  [2.3150330375683208e-05]
Evaluation : False
Train , Epoch 86 : : total loss : 0.08664529383821473   marker : 0.06057065842276693   pose : 0.016096311320435215   angle : 0.007415419152066408   body : 0.0025629048998029773   
Evaluation : True
Valid, Epoch 86 : : total loss : 0.1705437570102885   marker : 0.08778918725783683   pose : 0.03370346847982042   angle : 0.035503963634867505   body : 0.013547136982227375   
Current LR:  [2.2158502983196987e-05]
Evaluation : False
Train , Epoch 87 : : total loss : 0.08649413976789799   marker : 0.06047253547433142   pose : 0.016050865591302584   angle : 0.007416669653006937   body : 0.002554069052466047   
Evaluation : True
Valid, Epoch 87 : : total loss : 0.17090674157256702   marker : 0.08804905935732715   pose : 0.033728561975180024   angle : 0.03547011833559766   body : 0.013659001502946147   
Current LR:  [2.120916835692715e-05]
Evaluation : False
Train , Epoch 88 : : total loss : 0.08669571759918017   marker : 0.06062920933523733   pose : 0.01608647051970453   angle : 0.007410943950989938   body : 0.0025690936969784283   
Evaluation : True
Valid, Epoch 88 : : total loss : 0.17068065166604496   marker : 0.08783608162045839   pose : 0.033672085473500514   angle : 0.03551983225849282   body : 0.013652652619510203   
Current LR:  [2.0300505983350483e-05]
Evaluation : False
Train , Epoch 89 : : total loss : 0.08649320147395316   marker : 0.06047103342359136   pose : 0.016055241247117064   angle : 0.007403966661964816   body : 0.0025629602357671007   
Evaluation : True
Valid, Epoch 89 : : total loss : 0.1715321329749807   marker : 0.08835950296332229   pose : 0.03385389654197829   angle : 0.03538261720933373   body : 0.013936117227262564   
Current LR:  [1.9430773345030706e-05]
Evaluation : False
Train , Epoch 90 : : total loss : 0.0864639312918847   marker : 0.06045291727982108   pose : 0.016050440698554012   angle : 0.007402133054683301   body : 0.0025584402046298998   
Evaluation : True
Valid, Epoch 90 : : total loss : 0.17073307102033106   marker : 0.08802040297807427   pose : 0.033638804148561345   angle : 0.03534693683431627   body : 0.013726927663018904   
Current LR:  [1.8598302579039583e-05]
Evaluation : False
Train , Epoch 91 : : total loss : 0.08627262722934735   marker : 0.06031577488775458   pose : 0.016010038400636514   angle : 0.007391336648532434   body : 0.0025554770906134915   
Evaluation : True
Valid, Epoch 91 : : total loss : 0.17118380218539422   marker : 0.08822655850419989   pose : 0.03386365877326648   angle : 0.03539368607211032   body : 0.01369989970167183   
Current LR:  [1.780149727854096e-05]
Evaluation : False
Train , Epoch 92 : : total loss : 0.08639116954931256   marker : 0.06040084052254741   pose : 0.016032457925025573   angle : 0.00739990280453361   body : 0.0025579681866738095   
Evaluation : True
Valid, Epoch 92 : : total loss : 0.17048121333373542   marker : 0.0878796927728549   pose : 0.03367377739102973   angle : 0.03528528125659103   body : 0.013642461599148595   
Current LR:  [1.7038829431404254e-05]
Evaluation : False
Train , Epoch 93 : : total loss : 0.08640152142935106   marker : 0.0603986865117758   pose : 0.016047013846509854   angle : 0.007398343605102021   body : 0.002557477359353332   
Evaluation : True
Valid, Epoch 93 : : total loss : 0.1707255000122395   marker : 0.0880547200013186   pose : 0.03368304374729087   angle : 0.035410114163253736   body : 0.013577622381710633   
Current LR:  [1.630883648997659e-05]
Evaluation : False
Train , Epoch 94 : : total loss : 0.08624406617596905   marker : 0.060305003282167646   pose : 0.016010595150406016   angle : 0.00738070184610225   body : 0.0025477658377483967   
Evaluation : True
Valid, Epoch 94 : : total loss : 0.17065180194726426   marker : 0.08791108302285172   pose : 0.033718355689015114   angle : 0.03536465922740146   body : 0.013657704770056992   
Current LR:  [1.5610118566394463e-05]
Evaluation : False
Train , Epoch 95 : : total loss : 0.08632320425776939   marker : 0.06037927140548802   pose : 0.01600825693886185   angle : 0.007383806543256432   body : 0.0025518694671461356   
Evaluation : True
Valid, Epoch 95 : : total loss : 0.17093949120834193   marker : 0.08804017662095188   pose : 0.03374293593217096   angle : 0.0354395104682628   body : 0.013716868604860715   
Current LR:  [1.4941335748056352e-05]
Evaluation : False
Train , Epoch 96 : : total loss : 0.08628059113555078   marker : 0.060334819781196064   pose : 0.016013016176922034   angle : 0.007387800931582544   body : 0.0025449542922023425   
Evaluation : True
Valid, Epoch 96 : : total loss : 0.17070969306366132   marker : 0.0880069063144866   pose : 0.03366103759881349   angle : 0.03537060210165297   body : 0.013671146811076323   
Current LR:  [1.4301205528108312e-05]
Evaluation : False
Train , Epoch 97 : : total loss : 0.08627719432115555   marker : 0.06033848969987487   pose : 0.016011546592685933   angle : 0.007372292532381612   body : 0.002554865565741432   
Evaluation : True
Valid, Epoch 97 : : total loss : 0.17110486673441283   marker : 0.0882354493910774   pose : 0.03367122727805694   angle : 0.03544612020874163   body : 0.01375206928021114   
Current LR:  [1.3688500346015005e-05]
Evaluation : False
Train , Epoch 98 : : total loss : 0.08627053896738231   marker : 0.06032269942655498   pose : 0.0160163399316998   angle : 0.007377759364517734   body : 0.0025537401971879314   
Evaluation : True
Valid, Epoch 98 : : total loss : 0.17091090169379913   marker : 0.08791213572686299   pose : 0.0337951069583531   angle : 0.03544347966452609   body : 0.013760179464238645   
Current LR:  [1.3102045233499828e-05]
Evaluation : False
Train , Epoch 99 : : total loss : 0.08613934771801027   marker : 0.06022405374515659   pose : 0.015984873006414126   angle : 0.007380146315038935   body : 0.0025502746403474035   
Evaluation : True
Valid, Epoch 99 : : total loss : 0.1710233740360378   marker : 0.08809477637662164   pose : 0.03383642376075579   angle : 0.0353220977854001   body : 0.013770075804611884   
Current LR:  [1.2540715561339798e-05]
Evaluation : False
Train , Epoch 100 : : total loss : 0.08621718672890027   marker : 0.06028598691885906   pose : 0.016005251673585057   angle : 0.007387485607579966   body : 0.0025384627067973156   
Evaluation : True
Valid, Epoch 100 : : total loss : 0.17030673030971794   marker : 0.08769793322953609   pose : 0.033600111742328194   angle : 0.03534187399579519   body : 0.013666811473165726   
Current LR:  [1.2003434882694278e-05]
Evaluation : False
Train , Epoch 101 : : total loss : 0.0860769543083667   marker : 0.06019007770564253   pose : 0.01596779018999926   angle : 0.007381261125988517   body : 0.002537825228261318   
Evaluation : True
Valid, Epoch 101 : : total loss : 0.17064005569690155   marker : 0.08787224306084367   pose : 0.033697831473378057   angle : 0.03546375911926963   body : 0.013606222800008427   
Current LR:  [1.148917286883179e-05]
Evaluation : False
Train , Epoch 102 : : total loss : 0.08627819836961183   marker : 0.06033192011335177   pose : 0.016023842970146064   angle : 0.007370394618916475   body : 0.002552040706775158   
Evaluation : True
Valid, Epoch 102 : : total loss : 0.17014441277342532   marker : 0.0876956122374515   pose : 0.03354506220130127   angle : 0.03533597858237713   body : 0.013567759443647034   
Current LR:  [1.0996943333296247e-05]
Evaluation : False
Train , Epoch 103 : : total loss : 0.08613136954959283   marker : 0.06022728032576545   pose : 0.015976428253944124   angle : 0.007371202119088419   body : 0.00255645887682337   
Evaluation : True
Valid, Epoch 103 : : total loss : 0.17054593557617032   marker : 0.08780190158246494   pose : 0.0337835738774935   angle : 0.035323767075998824   body : 0.013636693269650776   
Current LR:  [1.0525802340723693e-05]
Evaluation : False
Train , Epoch 104 : : total loss : 0.08616810258917203   marker : 0.060254166732794656   pose : 0.015992739664285143   angle : 0.007371644127206908   body : 0.0025495518338374485   
Evaluation : True
Valid, Epoch 104 : : total loss : 0.17024097122725204   marker : 0.08765987982377157   pose : 0.033546611441338754   angle : 0.03548920601428828   body : 0.013545272658631887   
Current LR:  [1.0074846396682776e-05]
Evaluation : False
Train , Epoch 105 : : total loss : 0.08609951929878129   marker : 0.06020065852274026   pose : 0.015982774285967553   angle : 0.007364079755535534   body : 0.0025520069502539375   
Evaluation : True
Valid, Epoch 105 : : total loss : 0.17017103633438346   marker : 0.08771247588881279   pose : 0.03357822119769031   angle : 0.035366032281112916   body : 0.013514307578601406   
Current LR:  [9.643210715067749e-06]
Evaluation : False
Train , Epoch 106 : : total loss : 0.08598560000132273   marker : 0.06013070186100911   pose : 0.015952106240058567   angle : 0.007358977708047053   body : 0.00254381428384272   
Evaluation : True
Valid, Epoch 106 : : total loss : 0.17082807545963036   marker : 0.08802680708771829   pose : 0.03372168241046699   angle : 0.03546989731058368   body : 0.01360968807999848   
Current LR:  [9.230067559721372e-06]
Evaluation : False
Train , Epoch 107 : : total loss : 0.08602701168604321   marker : 0.0601547544688032   pose : 0.01596021638529954   angle : 0.00736317931778535   body : 0.002548861630392157   
Evaluation : True
Valid, Epoch 107 : : total loss : 0.1706474872068528   marker : 0.08790582457227675   pose : 0.03363654492439156   angle : 0.03534640276883265   body : 0.013758714214799034   
Current LR:  [8.834624657107505e-06]
Evaluation : False
Train , Epoch 108 : : total loss : 0.08595544208200566   marker : 0.060117742460318035   pose : 0.015946883244716645   angle : 0.007352528304209616   body : 0.0025382877900129667   
Evaluation : True
Valid, Epoch 108 : : total loss : 0.16987307158435105   marker : 0.08739726513490352   pose : 0.033479313388905224   angle : 0.03543932843673744   body : 0.013557164768569137   
Current LR:  [8.456123676989428e-06]
Evaluation : False
Train , Epoch 109 : : total loss : 0.08601344671174542   marker : 0.06014188319718491   pose : 0.0159611279775273   angle : 0.007366365561287445   body : 0.002544070033507727   
Evaluation : True
Valid, Epoch 109 : : total loss : 0.17071542367523504   marker : 0.08791180848310524   pose : 0.03366248485924245   angle : 0.035439883479385016   body : 0.013701246419209475   
Current LR:  [8.093838778200293e-06]
Evaluation : False
Train , Epoch 110 : : total loss : 0.08603902897051612   marker : 0.06017773700549993   pose : 0.015959312085341806   angle : 0.00735537825397588   body : 0.002546601642456596   
Evaluation : True
Valid, Epoch 110 : : total loss : 0.17023852987868923   marker : 0.08769575676137067   pose : 0.033556529772225924   angle : 0.03539877781978548   body : 0.013587465358691653   
Current LR:  [7.747075216717022e-06]
Evaluation : False
Train , Epoch 111 : : total loss : 0.08592633149981681   marker : 0.060082798039292486   pose : 0.01593860716146815   angle : 0.007356103474722112   body : 0.0025488226984700284   
Evaluation : True
Valid, Epoch 111 : : total loss : 0.17005670956714858   marker : 0.08752121508869895   pose : 0.03352958170983719   angle : 0.03541426145782415   body : 0.01359165129713129   
Current LR:  [7.4151680133683396e-06]
Evaluation : False
Train , Epoch 112 : : total loss : 0.08600459452062434   marker : 0.0601523098112248   pose : 0.015956995834754767   angle : 0.007349139955864612   body : 0.0025461489116490616   
Evaluation : True
Valid, Epoch 112 : : total loss : 0.17099560787518034   marker : 0.08816522496964381   pose : 0.033684822184695803   angle : 0.03534680948545008   body : 0.013798751483948178   
Current LR:  [7.097480678622072e-06]
Evaluation : False
Train , Epoch 113 : : total loss : 0.08608884354097737   marker : 0.06021241842559432   pose : 0.01597749415191766   angle : 0.00734504885332599   body : 0.002553882318367728   
Evaluation : True
Valid, Epoch 113 : : total loss : 0.17066560618851845   marker : 0.08793386981681968   pose : 0.033714854097772765   angle : 0.035328706979598626   body : 0.013688175474599874   
Current LR:  [6.793403992006263e-06]
Evaluation : False
Train , Epoch 114 : : total loss : 0.08590963520508996   marker : 0.06008809940692659   pose : 0.015931716839145373   angle : 0.00735309287609039   body : 0.00253672602694841   
Evaluation : True
Valid, Epoch 114 : : total loss : 0.17091103118408416   marker : 0.08790689180734429   pose : 0.03375134966504769   angle : 0.03553020419869936   body : 0.01372258608385575   
Current LR:  [6.50235483382343e-06]
Evaluation : False
Train , Epoch 115 : : total loss : 0.08598858589280801   marker : 0.06012818690212543   pose : 0.01595708145510411   angle : 0.007355970889615155   body : 0.0025473464491447663   
Evaluation : True
Valid, Epoch 115 : : total loss : 0.17026640691259867   marker : 0.08751044230985112   pose : 0.03354765551412109   angle : 0.03557543219878468   body : 0.013632877455241913   
Current LR:  [6.223775066917579e-06]
Evaluation : False
Train , Epoch 116 : : total loss : 0.08581483765729171   marker : 0.06001179356692761   pose : 0.01592069662320121   angle : 0.007345158797168212   body : 0.0025371884357378136   
Evaluation : True
Valid, Epoch 116 : : total loss : 0.17073199821320434   marker : 0.08788542292555315   pose : 0.03369586940384645   angle : 0.03547529175217937   body : 0.013675413604464849   
Current LR:  [5.957130466349565e-06]
Evaluation : False
Train , Epoch 117 : : total loss : 0.08593253917980705   marker : 0.06007734623382504   pose : 0.015948847083126695   angle : 0.007355970258512185   body : 0.0025503758457311033   
Evaluation : True
Valid, Epoch 117 : : total loss : 0.1707432275949876   marker : 0.08797467114365774   pose : 0.03368949599515593   angle : 0.03537318541754309   body : 0.013705874866552548   
Current LR:  [5.7019096949282696e-06]
Evaluation : False
Train , Epoch 118 : : total loss : 0.08588127179176848   marker : 0.06006920189920465   pose : 0.015925529027845466   angle : 0.007344945547118167   body : 0.0025415951970844865   
Evaluation : True
Valid, Epoch 118 : : total loss : 0.1702284459811653   marker : 0.08766132224415697   pose : 0.03356314846077626   angle : 0.03535593801518866   body : 0.013648037553303358   
Current LR:  [5.457623322633001e-06]
Evaluation : False
Train , Epoch 119 : : total loss : 0.08584222554658492   marker : 0.0600412921326814   pose : 0.0159201437784259   angle : 0.007345787542594018   body : 0.0025350021435144665   
Evaluation : True
Valid, Epoch 119 : : total loss : 0.1705075162062996   marker : 0.08776805748501179   pose : 0.03368338539099761   angle : 0.03542202825277932   body : 0.013634045080242274   
Finished Training
Load  /tudelft.net/staff-bulk/ewi/insy/VisionLab/students/wyang/dataset/models/model_74_OS_TEMPORAL_TCN.pt
Casual : False
Use Temporal Convolutional Network
Receptive Field: 243
Filter Widths: [3, 3, 3, 3, 3]
 OS Joint error : 0.033411990851163864 , SMPLH Joint error : 0.0413743294775486 , Marker error : 0.04335172474384308 , BonyLandmark : 0.043578874319791794
 OS Joint error : 0.028784751892089844 , SMPLH Joint error : 0.035623613744974136 , Marker error : 0.036400336772203445 , BonyLandmark : 0.03631060943007469
 OS Joint error : 0.01206608209758997 , SMPLH Joint error : 0.023899119347333908 , Marker error : 0.019679641351103783 , BonyLandmark : 0.01991051621735096
