/home/nfs/weitseyang/.bashrc: line 20: dirname: command not found
/home/nfs/weitseyang/.bashrc: line 21: dirname: command not found
              total        used        free      shared  buff/cache   available
Mem:         772433      156367      605365         111       10700      614114
Swap:          4090           0        4090
Sat Aug  7 19:58:05 2021       
+-----------------------------------------------------------------------------+
| NVIDIA-SMI 470.57.02    Driver Version: 470.57.02    CUDA Version: 11.4     |
|-------------------------------+----------------------+----------------------+
| GPU  Name        Persistence-M| Bus-Id        Disp.A | Volatile Uncorr. ECC |
| Fan  Temp  Perf  Pwr:Usage/Cap|         Memory-Usage | GPU-Util  Compute M. |
|                               |                      |               MIG M. |
|===============================+======================+======================|
|   0  NVIDIA GeForce ...  On   | 00000000:5E:00.0 Off |                  N/A |
| 30%   27C    P8    28W / 250W |      1MiB / 11019MiB |      0%      Default |
|                               |                      |                  N/A |
+-------------------------------+----------------------+----------------------+
                                                                               
+-----------------------------------------------------------------------------+
| Processes:                                                                  |
|  GPU   GI   CI        PID   Type   Process name                  GPU Memory |
|        ID   ID                                                   Usage      |
|=============================================================================|
|  No running processes found                                                 |
+-----------------------------------------------------------------------------+
BML_FOLDER: /tudelft.net/staff-bulk/ewi/insy/VisionLab/students/wyang/dataset/HDF5/BML/
DATASET:
  ANTIALIAS:
    TEST: 1
    TRAIN: 1
  BBOX:
    PARTIAL_VISUALBILITY: False
  COLOR:
    AUG: True
  DATASETPERIMG: 2000
  GEOM:
    AUG: True
    HFLIP: False
    ROT: 20
    SCALE_DOWN: 25
    SCALE_UP: 25
    SHIFT_AUG: 10
  INTERPOLATION:
    TEST: nearest
    TRAIN: nearest
  OCCLUSION:
    PROB: 0.7
    SCALE: 0.8
  TRAINING_USEDEACHFRAME: 2
  USEDEACHFRAME: 1
EVAL_WORKERS: 16
HYP:
  ANGLE: 0.06
  BODY: 0.1
  INTERMEDIATE_MARKER: 1.5
  INTERMEDIATE_POS: 1.5
  MARKER: 2.0
  POS: 1.0
  ROTMAT: 0.1
  SY_BODY: 0.05
LAYER:
  OS_TRANSIT:
    ACT_TYPE: 1
    BN: False
LOSS:
  ANGLE:
    BETA: 5
    EVAL_TYPE: 1
    H: 0.1
    MASKMINVALUE: 0
    TYPE: 2
    USE: True
    USEMASK: True
  BODY:
    BETA: 0.05
    EVAL_TYPE: 1
    H: 0.1
    TYPE: 2
    USE: True
  MARKER:
    BETA: 0.02
    TYPE: 2
    USE: True
  POS:
    BETA: 0.02
    TYPE: 2
    USE: True
  ROTMAT:
    BETA: 0.02
    EVAL_TYPE: 1
    TYPE: 1
    USE: False
  SY_BODY:
    EVAL_TYPE: 1
    TYPE: 1
    USE: False
LSTM:
  BIDIRECTIONAL: True
  DROPOUTPROB: 0.1
  HIDDEN_STATE: 512
  NUM_LAYERS: 3
MODEL:
  CAUSAL: False
  CONV_CHANNEL_SIZE: [2048]
  CONV_LAYER: 1
  FULLCONV: True
  IMGSIZE: (256, 256)
  INFEATURES: 567
  INTERMEDIATE_POSE_ESTIMATION: False
  METRIC_SCALE:
    BBOX_SIZE: 2.2
    DEPTH: 8
    EVAL_STRIDING: 4
    STRIDING: 32
  NUMPRED: 115
  NUM_PRED: 115
  OUTFEATURES: 126
  POS: True
  RECEPTIVE_FIELD: 243
  RESNET:
    CENTER_STRIDING: True
    NEXT: True
    PRETRAINED: True
  TYPE: 1
MODEL_FOLDER: /tudelft.net/staff-bulk/ewi/insy/VisionLab/students/wyang/dataset/models/
PASCAL_PATH: /tudelft.net/staff-bulk/ewi/insy/VisionLab/students/wyang/dataset/HDF5/PASCAL/pascal.hdf5
PCA_PATH: None
POSTFIX: OS_TEMPORAL_TRANSFORMER
PREDICTION:
  BODY: ['pelvis', 'lumbar5', 'lumbar4', 'lumbar3', 'lumbar2', 'lumbar1', 'thoracic12', 'thoracic11', 'thoracic10', 'thoracic9', 'thoracic8', 'thoracic7', 'thoracic6', 'thoracic5', 'thoracic4', 'thoracic3', 'thoracic2', 'thoracic1', 'head_neck', 'femur_r', 'tibia_r', 'talus_r', 'calcn_r', 'toes_r', 'femur_l', 'tibia_l', 'talus_l', 'calcn_l', 'toes_l', 'cerv6', 'cerv5', 'cerv4', 'cerv3', 'cerv2', 'cerv1', 'jaw', 'skull', 'thorax', 'clavicle', 'scapula', 'humerus', 'ulna', 'radius', 'clavicle_l', 'scapula_l', 'humerus_l', 'ulna_l', 'radius_l']
  BODY_AMPITUDE_VALUE: [0.38330534, 0.11688988, 0.27979052, 0.18767838, 0.12217734, 0.17559392, 0.25814359, 0.19320878, 0.09488225, 0.23721306, 0.3308586, 0.22396367, 0.08659548, 1e-06, 0.1634575, 0.18397586, 0.23942574, 0.23136499, 0.14410597, 0.14576365, 0.17185328, 0.18178275, 0.15676707, 0.19965802, 0.12167494, 0.14225374, 0.19253547, 0.08705724, 0.13519439, 0.09673029, 0.16227082, 0.25709417, 0.27539152, 0.21485549, 0.11401759, 0.22396367, 0.21485549, 0.1838405, 0.18214334, 0.43287996, 0.43287996, 0.13003099, 0.13036308, 0.2175328, 0.20085876, 0.30206298, 0.3034652, 0.2025831, 0.20302752, 0.1691131, 0.22653959]
  BODY_AVG_VALUE: [1.21267658, 1.19278473, 1.09221309, 0.82231784, 0.65399921, 0.86740023, 1.23414558, 1.13399419, 1.00263798, 1.01988775, 1.04674897, 0.92795962, 0.80902216, 0.94262153, 0.96230629, 0.95413619, 1.04046246, 1.03910667, 0.68939832, 0.71175453, 0.74281865, 0.76454479, 0.9076589, 1.02388528, 0.64942223, 0.89473501, 0.89226717, 0.61283192, 0.7215803, 0.68092433, 1.08504841, 1.17846495, 1.14104316, 1.14461103, 0.74801221, 0.92795962, 1.14461103, 0.89621243, 0.8843008, 1.13165459, 1.13165459, 0.73835266, 0.74087435, 1.07924646, 1.08077973, 1.01209745, 0.99989337, 1.0244289, 1.03203484, 0.82801554, 0.7559647]
  BODY_SCALE_MAPPING: [[0, 1, 2], [10, 3, 9], [10, 3, 9], [10, 3, 9], [10, 3, 9], [10, 3, 9], [10, 3, 9], [10, 4, 9], [10, 4, 9], [10, 5, 9], [10, 5, 9], [10, 6, 9], [10, 6, 9], [10, 6, 9], [10, 6, 9], [10, 6, 9], [10, 6, 9], [10, 6, 9], [11, 7, 9], [16, 14, 16], [20, 18, 20], [20, 18, 20], [22, 23, 24], [28, 30, 30], [17, 15, 17], [21, 19, 21], [21, 19, 21], [25, 26, 27], [29, 31, 31], [11, 7, 9], [11, 7, 9], [11, 7, 9], [11, 7, 9], [11, 7, 9], [11, 7, 9], [12, 8, 13], [12, 8, 13], [32, 33, 34], [37, 35, 41], [39, 36, 41], [45, 43, 45], [49, 47, 49], [49, 47, 49], [38, 35, 42], [40, 36, 42], [46, 44, 46], [50, 48, 50], [50, 48, 50]]
  BODY_SCALE_UNIQUE_NUMS: 51
  BODY_WEIGHTS: [[2.0, 2.0, 2.0], [1.0, 2.0, 1.0], [1.0, 2.0, 1.0], [1.0, 2.0, 1.0], [1.0, 2.0, 1.0], [1.0, 2.0, 1.0], [1.0, 2.0, 1.0], [1.0, 2.0, 1.0], [1.0, 2.0, 1.0], [1.0, 2.0, 1.0], [1.0, 2.0, 1.0], [1.0, 2.0, 1.0], [1.0, 2.0, 1.0], [1.0, 2.0, 1.0], [1.0, 2.0, 1.0], [1.0, 2.0, 1.0], [1.0, 2.0, 1.0], [1.0, 2.0, 1.0], [1.0, 2.0, 1.0], [1.0, 2.0, 1.0], [1.0, 2.0, 1.0], [1.0, 2.0, 1.0], [2.0, 1.0, 1.0], [2.0, 1.0, 1.0], [1.0, 2.0, 1.0], [1.0, 2.0, 1.0], [1.0, 2.0, 1.0], [2.0, 1.0, 1.0], [2.0, 1.0, 1.0], [1.0, 2.0, 1.0], [1.0, 2.0, 1.0], [1.0, 2.0, 1.0], [1.0, 2.0, 1.0], [1.0, 2.0, 1.0], [1.0, 2.0, 1.0], [1.0, 1.0, 2.0], [1.0, 1.0, 2.0], [2.0, 1.0, 1.0], [1.0, 1.0, 2.0], [1.0, 1.0, 2.0], [1.0, 2.0, 1.0], [1.0, 2.0, 1.0], [1.0, 2.0, 1.0], [1.0, 1.0, 2.0], [1.0, 1.0, 2.0], [1.0, 2.0, 1.0], [1.0, 2.0, 1.0], [1.0, 2.0, 1.0]]
  COORDINATES: ['L5_S1_FE', 'L5_S1_LB', 'L5_S1_AR', 'L4_L5_FE', 'L4_L5_LB', 'L4_L5_AR', 'T12_L1_FE', 'T12_L1_LB', 'T12_L1_AR', 'T11_T12_FE', 'T11_T12_LB', 'T11_T12_AR', 'T10_T11_FE', 'T10_T11_LB', 'T10_T11_AR', 'T9_T10_FE', 'T9_T10_LB', 'T9_T10_AR', 'T8_T9_FE', 'T8_T9_LB', 'T8_T9_AR', 'T1_T2_FE', 'T1_T2_LB', 'T1_T2_AR', 'T1_head_neck_FE', 'T1_head_neck_LB', 'T1_head_neck_AR', 'hip_flexion_r', 'hip_adduction_r', 'hip_rotation_r', 'knee_angle_r', 'knee_angle_y_r', 'knee_angle_x_r', 'ankle_angle_r', 'subtalar_angle_r', 'mtp_angle_r', 'hip_flexion_l', 'hip_adduction_l', 'hip_rotation_l', 'knee_angle_l', 'knee_angle_y_l', 'knee_angle_x_l', 'ankle_angle_l', 'subtalar_angle_l', 'mtp_angle_l', 'skull_z', 'skull_y', 'skull_x', 'sternoclavicular_r2', 'sternoclavicular_r3', 'acromioclavicular_r2', 'elv_angle', 'shoulder_elv', 'shoulder1_r2', 'shoulder_rot', 'elbow_flexion', 'elbow_x', 'pro_sup', 'sternoclavicular_r2_l', 'sternoclavicular_r3_l', 'acromioclavicular_r2_l', 'elv_angle_l', 'shoulder_elv_l', 'shoulder1_r2_l', 'shoulder_rot_l', 'elbow_flexion_l', 'elbow_x_l', 'pro_sup_l', 'ribs_bending']
  JOINTS: ['ground_pelvis', 'L5_S1_IVDjnt', 'L4_L5_IVDjnt', 'L3_L4_IVDjnt', 'L2_L3_IVDjnt', 'L1_L2_IVDjnt', 'T12_L1_IVDjnt', 'T11_T12_IVDjnt', 'T10_T11_IVDjnt', 'T9_T10_IVDjnt', 'T8_T9_IVDjnt', 'T7_T8_IVDjnt', 'T6_T7_IVDjnt', 'T5_T6_IVDjnt', 'T4_T5_IVDjnt', 'T3_T4_IVDjnt', 'T2_T3_IVDjnt', 'T1_T2_IVDjnt', 'T1_head_neck', 'hip_r', 'knee_r', 'ankle_r', 'subtalar_r', 'mtp_r', 'hip_l', 'knee_l', 'ankle_l', 'subtalar_l', 'mtp_l', 'C7_cerv6', 'C7_cerv5', 'C7_cerv4', 'C7_cerv3', 'C7_cerv2', 'C7_cerv1', 'skull_jaw', 'C7_skull', 'sternoclavicular', 'acromioclavicular', 'shoulder2', 'elbow', 'radioulnar', 'sternoclavicular_l', 'acromioclavicular_l', 'shoulder2_l', 'elbow_l', 'radioulnar_l', 'T1_rib']
  Joints_Inside_Cylinder_Body_LIST: [['ROOT', 'Torso'], ['RHIPJ', 'Torso'], ['LHIPJ', 'Torso'], ['Spine1', 'Torso'], ['Spine2', 'Torso'], ['Spine3', 'Torso'], ['LCOL', 'Torso'], ['RCOL', 'Torso'], ['NECK', 'Torso'], ['HEAD', 'HEAD'], ['RKNE', 'RightLeg'], ['RKNI', 'RightLeg'], ['LKNE', 'LeftLeg'], ['LKNI', 'LeftLeg'], ['LANK', 'LeftShrank'], ['RANK', 'RightShrank'], ['LANI', 'LeftShrank'], ['RANI', 'RightShrank'], ['RTOE', 'RightFOOT'], ['LTOE', 'LeftFOOT'], ['RMT1', 'RightFOOT'], ['LMT1', 'LeftFOOT'], ['RMT5', 'RightFOOT'], ['LMT5', 'LeftFOOT'], ['LELB', 'LeftArm'], ['RELB', 'RightArm'], ['LELBIN', 'LeftArm'], ['RELBIN', 'RightArm'], ['LIWR', 'LeftForearm'], ['RIWR', 'RightForearm'], ['LOWR', 'LeftForearm'], ['ROWR', 'RightForearm'], ['ground_pelvis', 'Torso'], ['L5_S1_IVDjnt', 'Torso'], ['L4_L5_IVDjnt', 'Torso'], ['L3_L4_IVDjnt', 'Torso'], ['L2_L3_IVDjnt', 'Torso'], ['L1_L2_IVDjnt', 'Torso'], ['T12_L1_IVDjnt', 'Torso'], ['T11_T12_IVDjnt', 'Torso'], ['T10_T11_IVDjnt', 'Torso'], ['T9_T10_IVDjnt', 'Torso'], ['T8_T9_IVDjnt', 'Torso'], ['T7_T8_IVDjnt', 'Torso'], ['T6_T7_IVDjnt', 'Torso'], ['T5_T6_IVDjnt', 'Torso'], ['T4_T5_IVDjnt', 'Torso'], ['T3_T4_IVDjnt', 'Torso'], ['T2_T3_IVDjnt', 'Torso'], ['T1_T2_IVDjnt', 'Torso'], ['T1_head_neck', 'HEAD'], ['hip_r', 'RightLeg'], ['knee_r', 'RightLeg'], ['ankle_r', 'RightShrank'], ['subtalar_r', 'RightShrank'], ['mtp_r', 'RightFOOT'], ['hip_l', 'LeftLeg'], ['knee_l', 'LeftLeg'], ['ankle_l', 'LeftShrank'], ['subtalar_l', 'LeftShrank'], ['mtp_l', 'LeftFOOT'], ['C7_cerv6', 'HEAD'], ['C7_cerv5', 'HEAD'], ['C7_cerv4', 'HEAD'], ['C7_cerv3', 'HEAD'], ['C7_cerv2', 'HEAD'], ['C7_cerv1', 'HEAD'], ['skull_jaw', 'HEAD'], ['C7_skull', 'HEAD'], ['sternoclavicular', 'RightArm'], ['acromioclavicular', 'RightArm'], ['shoulder2', 'RightArm'], ['elbow', 'RightArm'], ['radioulnar', 'RightForearm'], ['sternoclavicular_l', 'LeftArm'], ['acromioclavicular_l', 'LeftArm'], ['shoulder2_l', 'LeftArm'], ['elbow_l', 'LeftArm'], ['radioulnar_l', 'LeftForearm'], ['T1_rib', 'Torso'], ['radiocarpal', 'RightForearm'], ['radiocarpal_l', 'LeftForearm']]
  LEAFJOINTS: ['radiocarpal', 'radiocarpal_l']
  MARKER: ['ROOT', 'LHIPJ', 'RHIPJ', 'Spine1', 'LKJC', 'RKJC', 'Spine2', 'LAJC', 'RAJC', 'Spine3', 'LFOOT', 'RFOOT', 'NECK', 'LCOL', 'RCOL', 'HEAD', 'LSHOULDER', 'RSHOULDER', 'LELC', 'RELC', 'LWRIST', 'RWRIST', 'LPSI', 'RPSI', 'RASI', 'LASI', 'T12', 'T10', 'T8', 'T1', 'C7', 'RKNE', 'RKNI', 'LKNE', 'LKNI', 'LANK', 'RANK', 'LANI', 'RANI', 'LHEE', 'RHEE', 'RTOE', 'LTOE', 'RMT1', 'LMT1', 'RMT5', 'LMT5', 'LSHO', 'RSHO', 'STRN', 'CLAV', 'RCLAV', 'LCLAV', 'LELB', 'RELB', 'LELBIN', 'RELBIN', 'LIWR', 'RIWR', 'LOWR', 'ROWR', 'LFHD', 'RFHD', 'LBHD', 'RBHD']
  MIRROR_BONES: [0, 1, 2, 3, 4, 5, 6, 7, 8, 9, 10, 11, 12, 13, 14, 15, 16, 17, 18, 24, 25, 26, 27, 28, 19, 20, 21, 22, 23, 29, 30, 31, 32, 33, 34, 35, 36, 37, 43, 44, 45, 46, 47, 38, 39, 40, 41, 42]
  NUM_JOINTS: 50
  NUM_MARKERS: 65
  NUM_SMPL_JOINTS: 22
  POS_NAME: ['ground_pelvis', 'L5_S1_IVDjnt', 'L4_L5_IVDjnt', 'L3_L4_IVDjnt', 'L2_L3_IVDjnt', 'L1_L2_IVDjnt', 'T12_L1_IVDjnt', 'T11_T12_IVDjnt', 'T10_T11_IVDjnt', 'T9_T10_IVDjnt', 'T8_T9_IVDjnt', 'T7_T8_IVDjnt', 'T6_T7_IVDjnt', 'T5_T6_IVDjnt', 'T4_T5_IVDjnt', 'T3_T4_IVDjnt', 'T2_T3_IVDjnt', 'T1_T2_IVDjnt', 'T1_head_neck', 'hip_r', 'knee_r', 'ankle_r', 'subtalar_r', 'mtp_r', 'hip_l', 'knee_l', 'ankle_l', 'subtalar_l', 'mtp_l', 'C7_cerv6', 'C7_cerv5', 'C7_cerv4', 'C7_cerv3', 'C7_cerv2', 'C7_cerv1', 'skull_jaw', 'C7_skull', 'sternoclavicular', 'acromioclavicular', 'shoulder2', 'elbow', 'radioulnar', 'sternoclavicular_l', 'acromioclavicular_l', 'shoulder2_l', 'elbow_l', 'radioulnar_l', 'T1_rib', 'radiocarpal', 'radiocarpal_l', 'ROOT', 'LHIPJ', 'RHIPJ', 'Spine1', 'LKJC', 'RKJC', 'Spine2', 'LAJC', 'RAJC', 'Spine3', 'LFOOT', 'RFOOT', 'NECK', 'LCOL', 'RCOL', 'HEAD', 'LSHOULDER', 'RSHOULDER', 'LELC', 'RELC', 'LWRIST', 'RWRIST', 'LPSI', 'RPSI', 'RASI', 'LASI', 'T12', 'T10', 'T8', 'T1', 'C7', 'RKNE', 'RKNI', 'LKNE', 'LKNI', 'LANK', 'RANK', 'LANI', 'RANI', 'LHEE', 'RHEE', 'RTOE', 'LTOE', 'RMT1', 'LMT1', 'RMT5', 'LMT5', 'LSHO', 'RSHO', 'STRN', 'CLAV', 'RCLAV', 'LCLAV', 'LELB', 'RELB', 'LELBIN', 'RELBIN', 'LIWR', 'RIWR', 'LOWR', 'ROWR', 'LFHD', 'RFHD', 'LBHD', 'RBHD']
PROGRESSBAR: False
RESNETPATH: None
SEED: 100
STARTMODELPATH: None
TESTMODE: False
TEST_SUBJECTS: [2, 29, 19, 21, 51, 26, 7, 72, 77, 17, 65, 80, 6, 76, 10, 73, 13, 38]
TRAINING:
  AMSGRAD: False
  AWARED_OCCLUSION:
    GT: False
    USE: False
  BATCHSIZE: 128
  COORDINATE_MAX_WEIGHT: 2
  END_LR: [5e-06]
  END_MOMENTUM: 0.001
  EPOCH: [50]
  EVALUATION_BATCHSIZE: 128
  INITIAL_MOMENTUM: 0.1
  LOSS2D: False
  LOSSTYPE: 1
  MARKER_PREDICTION: True
  MARKER_TYPE: [10, 10, 10, 1, 1, 1, 1, 1, 1, 1, 20, 20, 10, 1, 1, 10, 0, 0, 1, 1, 1, 1, 20, 20, 20, 20, 10, 20, 10, 10, 20, 20, 20, 20, 20, 20, 20, 20, 20, 20, 20, 10, 10, 1, 1, 1, 1, 20, 20, 20, 20, 1, 1, 20, 20, 20, 20, 20, 20, 20, 20, 10, 10, 10, 10]
  MARKER_WEIGHT: [1.0, 1.0, 1.0, 0.1, 0.1, 0.1, 0.1, 0.1, 0.1, 0.1, 2.0, 2.0, 1.0, 0.1, 0.1, 1.0, 0.0, 0.0, 0.1, 0.1, 0.1, 0.1, 2.0, 2.0, 2.0, 2.0, 1.0, 2.0, 1.0, 1.0, 2.0, 2.0, 2.0, 2.0, 2.0, 2.0, 2.0, 2.0, 2.0, 2.0, 2.0, 1.0, 1.0, 0.1, 0.1, 0.1, 0.1, 2.0, 2.0, 2.0, 2.0, 0.1, 0.1, 2.0, 2.0, 2.0, 2.0, 2.0, 2.0, 2.0, 2.0, 1.0, 1.0, 1.0, 1.0]
  PCA: False
  PCA_COMPONENTS: 51
  START_LR: [0.001]
  TRAINING_STEPS: 1
  USE_BODY_WEIGHTS: False
  USE_OS_SIMULATION: False
  VALID_BATCHSIZE: 64
TRAINING_SUBJECTS: [78, 59, 79, 44, 56, 88, 75, 61, 53, 47, 40, 41, 32, 70, 28, 39, 69, 11, 3, 90, 71, 54, 20, 85, 37, 34, 33, 46, 67, 63, 55, 36, 42, 50, 24, 35, 84, 45, 60, 16, 74, 82, 27, 89, 57, 5, 49, 22, 4, 66, 31, 83, 43, 48, 52, 68, 25, 9, 18, 1, 81, 58, 23, 62, 64, 8, 87]
TRANSFORMER:
  BATCHNORM: False
  DROPOUT: False
  D_CHANNEL: 512
  D_MODEL: 256
  N1: 3
  N_HEADS: 8
  POS_ENCODNIG_EVERY_BLOCK: False
  STRIDES: [3, 9, 9]
VALID_SUBJECTS: [14, 86, 15, 30]
VALID_WORKERS: 16
WORKERS: 16
83696 training data, 21822 valid data, 100839 test data
Use Transformer, Receptive Field : 243
LR starts from 0.001, LR decay rate : 0.9013257213104922
Evaluation : False
Train , Epoch 0 : : total loss : 0.9060755110991859   marker : 0.27366874563246735   pose : 0.08180348704045619   angle : 0.1400453751909605   body : 0.0023257723921385077   inter pose : 0.06677326143563798   inter marker : 0.22467610137294663   inter angle : 0.11469958961055618   inter body : 0.0020831793685376666   
Evaluation : True
Valid, Epoch 0 : : total loss : 0.7840769871510788   marker : 0.11187186939077629   pose : 0.04098106604013136   angle : 0.23388752615230024   body : 0.01588797681262366   inter pose : 0.038893050752391016   inter marker : 0.1066517822028583   inter angle : 0.22016452862377095   inter body : 0.01573919209821252   
Current LR:  [0.0009013257213104922]
Best Loss : 0.23388752615230024
Evaluation : False
Train , Epoch 1 : : total loss : 0.2716782248220984   marker : 0.08849334562764964   pose : 0.024628434752386526   angle : 0.028539023742901237   body : 0.0007421100787764236   inter pose : 0.022246843295180414   inter marker : 0.0804511494078826   inter angle : 0.025883694514518128   inter body : 0.0006936223803809736   
Evaluation : True
Valid, Epoch 1 : : total loss : 0.7345401827546746   marker : 0.10426739581771234   pose : 0.037302414117337104   angle : 0.22113868718448387   body : 0.01568742456832538   inter pose : 0.03572322823869987   inter marker : 0.0985441786505848   inter angle : 0.20632701055145475   inter body : 0.01554984187251673   
Current LR:  [0.000812388055895879]
Best Loss : 0.22113868718448387
Evaluation : False
Train , Epoch 2 : : total loss : 0.22429170070435697   marker : 0.07487065505926678   pose : 0.02076157473974717   angle : 0.020343667147238988   body : 0.0006075231314730898   inter pose : 0.018990197434313995   inter marker : 0.06909084940759913   inter angle : 0.019047087494848697   inter body : 0.0005801464435444776   
Evaluation : True
Valid, Epoch 2 : : total loss : 0.7318283899513701   marker : 0.10538258503167529   pose : 0.03961145467035341   angle : 0.21739784928948444   body : 0.017813471041878578   inter pose : 0.03612768622740916   inter marker : 0.09603158960682412   inter angle : 0.2019662286739019   inter body : 0.01749752877492995   
Current LR:  [0.0007322262504643815]
Best Loss : 0.21739784928948444
Evaluation : False
Train , Epoch 3 : : total loss : 0.20410160060863583   marker : 0.06881896108046608   pose : 0.018963805760669125   angle : 0.01746266128446844   body : 0.0005638969475246544   inter pose : 0.01744593757491382   inter marker : 0.06387922316105041   inter angle : 0.016429467379168294   inter body : 0.0005376473530306186   
Evaluation : True
Valid, Epoch 3 : : total loss : 0.7035760060533158   marker : 0.09819944544461698   pose : 0.03616189924980781   angle : 0.21381142211325305   body : 0.01579046862862438   inter pose : 0.033839829976918576   inter marker : 0.09037024711952912   inter angle : 0.19982689944101117   inter body : 0.015575799271949171   
Current LR:  [0.0006599743533622857]
Best Loss : 0.21381142211325305
Evaluation : False
Train , Epoch 4 : : total loss : 0.19348870295386583   marker : 0.0654659653011179   pose : 0.01800989471147747   angle : 0.016075999001083842   body : 0.000533747924932109   inter pose : 0.01662893347002874   inter marker : 0.06103825079673647   inter angle : 0.015221812059192891   inter body : 0.000514099665897489   
Evaluation : True
Valid, Epoch 4 : : total loss : 0.6962523699440448   marker : 0.09676017036644263   pose : 0.03659010147613562   angle : 0.21071073711983673   body : 0.01599407185665596   inter pose : 0.03394225434502654   inter marker : 0.09021796193375027   inter angle : 0.19628767075257628   inter body : 0.015749403363722467   
Current LR:  [0.0005948518600906879]
Best Loss : 0.21071073711983673
Evaluation : False
Train , Epoch 5 : : total loss : 0.18463725458608105   marker : 0.06250076314825194   pose : 0.017134463860957128   angle : 0.015022343384019267   body : 0.000516922814378609   inter pose : 0.015951008056711184   inter marker : 0.058670525272215675   inter angle : 0.014345183276826627   inter body : 0.0004960445869107165   
Evaluation : True
Valid, Epoch 5 : : total loss : 0.6906552047736485   marker : 0.09452894430813437   pose : 0.035838801781489425   angle : 0.21313633178880154   body : 0.015787721018930608   inter pose : 0.03305537353655822   inter marker : 0.08731454667091457   inter angle : 0.19543367148472685   inter body : 0.015559816055102938   
Current LR:  [0.0005361552818691272]
Evaluation : False
Train , Epoch 6 : : total loss : 0.17809514003088428   marker : 0.060361044432905145   pose : 0.01648653862544351   angle : 0.014260773050668685   body : 0.0005027979045784013   inter pose : 0.01543341542253268   inter marker : 0.056900888846853424   inter angle : 0.01366738421959406   inter body : 0.0004822978274137278   
Evaluation : True
Valid, Epoch 6 : : total loss : 0.6868109029609597   marker : 0.09532867128258392   pose : 0.03602094072741009   angle : 0.20951845516763876   body : 0.015711802846187305   inter pose : 0.03330768360880531   inter marker : 0.08769122530063408   inter angle : 0.19352783683502053   inter body : 0.015704286886762713   
Current LR:  [0.0004832505461651213]
Best Loss : 0.20951845516763876
Evaluation : False
Train , Epoch 7 : : total loss : 0.17224376537989694   marker : 0.058395629500539524   pose : 0.015872800330507354   angle : 0.013530532478613017   body : 0.0004908938534828088   inter pose : 0.014963163570664927   inter marker : 0.05541683508120306   inter angle : 0.013103630885789898   inter body : 0.0004702797108743437   
Evaluation : True
Valid, Epoch 7 : : total loss : 0.6781080983843422   marker : 0.09346950953346093   pose : 0.03510659596035258   angle : 0.20689408631211578   body : 0.015773900312787834   inter pose : 0.03279604178477509   inter marker : 0.08726782687762931   inter angle : 0.19094294140815474   inter body : 0.01585719411373794   
Current LR:  [0.0004355661470959672]
Best Loss : 0.20689408631211578
Evaluation : False
Train , Epoch 8 : : total loss : 0.1674926742158294   marker : 0.0567839809537938   pose : 0.015360654604152004   angle : 0.012910631656429942   body : 0.0004828039081720849   inter pose : 0.014601343461122665   inter marker : 0.05426071014877118   inter angle : 0.012631861963644509   inter body : 0.0004606878703262566   
Evaluation : True
Valid, Epoch 8 : : total loss : 0.6768532185645842   marker : 0.09173526428281392   pose : 0.03399447148819256   angle : 0.20752988339300804   body : 0.015291160819795105   inter pose : 0.032490288028030036   inter marker : 0.08633705796357222   inter angle : 0.1939070928589516   inter body : 0.015567997771805819   
Current LR:  [0.00039258697170970456]
Evaluation : False
Train , Epoch 9 : : total loss : 0.16341320882803814   marker : 0.05538341297467124   pose : 0.014950022288237287   angle : 0.012365081035182633   body : 0.00047482801792047815   inter pose : 0.014295362222762878   inter marker : 0.0532352325562131   inter angle : 0.012255800461502115   inter body : 0.00045346974674754907   
Evaluation : True
Valid, Epoch 9 : : total loss : 0.6782374684002799   marker : 0.09194663368304111   pose : 0.034473221250245094   angle : 0.2091265767908328   body : 0.015369777641859273   inter pose : 0.03278266512804623   inter marker : 0.08675250846692178   inter angle : 0.1923484981426036   inter body : 0.015437588845434705   
Current LR:  [0.00035384873545335125]
Evaluation : False
Train , Epoch 10 : : total loss : 0.15908840791554765   marker : 0.053939814583767794   pose : 0.014482570213093144   angle : 0.0117165006891144   body : 0.0004657521670713456   inter pose : 0.013983304070374411   inter marker : 0.052261190508901614   inter angle : 0.011793579842045241   inter body : 0.0004456957826600517   
Evaluation : True
Valid, Epoch 10 : : total loss : 0.6805581376113591   marker : 0.09345616434247801   pose : 0.034992388402407246   angle : 0.2070831535782673   body : 0.01568858295845708   inter pose : 0.033068979521761806   inter marker : 0.08793855972069779   inter angle : 0.19276026627963017   inter body : 0.015570042031941672   
Current LR:  [0.0003189329667172973]
Evaluation : False
Train , Epoch 11 : : total loss : 0.15533713412230085   marker : 0.052549965246074234   pose : 0.01407539816559   angle : 0.011227490501635198   body : 0.0004578094475205195   inter pose : 0.013719312256204954   inter marker : 0.051405825462494656   inter angle : 0.011461138347332091   inter body : 0.00044019433100505305   
Evaluation : True
Valid, Epoch 11 : : total loss : 0.6735715328549041   marker : 0.09251350592150936   pose : 0.034735162949083534   angle : 0.2062879197812301   body : 0.01527837493244619   inter pose : 0.03225543438137293   inter marker : 0.08574060309480631   inter angle : 0.19149099887865031   inter body : 0.01526953454645206   
Current LR:  [0.0002874624862761632]
Best Loss : 0.2062879197812301
Evaluation : False
Train , Epoch 12 : : total loss : 0.15217760134528277   marker : 0.05141997755509423   pose : 0.013740286757316651   angle : 0.01083607101673189   body : 0.0004515147086583751   inter pose : 0.013488831456356994   inter marker : 0.05064256347225234   inter angle : 0.011162846103869663   inter body : 0.0004355103964988673   
Evaluation : True
Valid, Epoch 12 : : total loss : 0.6745549433500779   marker : 0.09227104032305135   pose : 0.03506054844146972   angle : 0.2058825773865479   body : 0.015696272711499933   inter pose : 0.03284432061836663   inter marker : 0.08621179805144132   inter angle : 0.19091880460257885   inter body : 0.015669583607830013   
Current LR:  [0.00025909733279257026]
Best Loss : 0.2058825773865479
Evaluation : False
Train , Epoch 13 : : total loss : 0.14877062517961354   marker : 0.05015559070051903   pose : 0.013325904217900945   angle : 0.01043950084163301   body : 0.0004463535241028907   inter pose : 0.013229987536989164   inter marker : 0.04984852068616822   inter angle : 0.01089343906681169   inter body : 0.0004313282648890863   
Evaluation : True
Valid, Epoch 13 : : total loss : 0.6773378992592007   marker : 0.09277670030119264   pose : 0.03482619164221862   angle : 0.20697235381523485   body : 0.01565554005482841   inter pose : 0.03280402257411664   inter marker : 0.08597340211019586   inter angle : 0.19262964169818053   inter body : 0.015700051537268913   
Current LR:  [0.00023353109036888803]
Evaluation : False
Train , Epoch 14 : : total loss : 0.1464395474009273   marker : 0.0492932996776805   pose : 0.013066107585489933   angle : 0.010113434913136054   body : 0.00044316883576152473   inter pose : 0.013072504261209077   inter marker : 0.04934420363598176   inter angle : 0.010678259471850684   inter body : 0.00042856879786204596   
Evaluation : True
Valid, Epoch 14 : : total loss : 0.6738615458176167   marker : 0.09161190846348517   pose : 0.03452578850446269   angle : 0.20646392128970356   body : 0.015531327976619779   inter pose : 0.03271710964425239   inter marker : 0.0862112359508521   inter angle : 0.19122229539313398   inter body : 0.0155779624327262   
Current LR:  [0.00021048757847516372]
Evaluation : False
Train , Epoch 15 : : total loss : 0.1438365648022837   marker : 0.04829432260798459   pose : 0.012750639785566063   angle : 0.009808134927969158   body : 0.00043974374666072677   inter pose : 0.01289353928147925   inter marker : 0.04876535047547376   inter angle : 0.010458597221667058   inter body : 0.0004262364072622489   
Evaluation : True
Valid, Epoch 15 : : total loss : 0.6717875266247759   marker : 0.09010383156521294   pose : 0.03396873770860559   angle : 0.2080703446391129   body : 0.015410146896479252   inter pose : 0.03218362986052706   inter marker : 0.08458982734585778   inter angle : 0.19219151837678716   inter body : 0.01526948691627171   
Current LR:  [0.00018971786849602577]
Evaluation : False
Train , Epoch 16 : : total loss : 0.14178563136419148   marker : 0.047565179313625715   pose : 0.012517939504253098   angle : 0.009538584917207544   body : 0.00043634202650956423   inter pose : 0.012740110092800664   inter marker : 0.048286331358264455   inter angle : 0.010276884586474706   inter body : 0.0004242601816736413   
Evaluation : True
Valid, Epoch 16 : : total loss : 0.6760177510915062   marker : 0.0924979051172695   pose : 0.03481519501955041   angle : 0.20687857588449066   body : 0.01550141096541211   inter pose : 0.03287621672393181   inter marker : 0.08646851723948645   inter angle : 0.19161154275285303   inter body : 0.015368383378814727   
Current LR:  [0.00017099759466766953]
Evaluation : False
Train , Epoch 17 : : total loss : 0.13948335221313957   marker : 0.04664966406423319   pose : 0.012221767652671425   angle : 0.009282234401526257   body : 0.00043478165311948506   inter pose : 0.012579086566112856   inter marker : 0.04778330910602901   inter angle : 0.010109903868487473   inter body : 0.0004226048359776466   
Evaluation : True
Valid, Epoch 17 : : total loss : 0.6709420462269119   marker : 0.09092568887950585   pose : 0.03431148697744094   angle : 0.2055635738521391   body : 0.0157747800589897   inter pose : 0.03243200865929007   inter marker : 0.08501682357099336   inter angle : 0.1912344807654622   inter body : 0.01568320397113139   
Current LR:  [0.0001541245303561964]
Best Loss : 0.2055635738521391
Evaluation : False
Train , Epoch 18 : : total loss : 0.13771130146878055   marker : 0.04596782379297348   pose : 0.012006725148963891   angle : 0.009069273090004283   body : 0.00043360964703704493   inter pose : 0.01245557265085201   inter marker : 0.047392049550462466   inter angle : 0.009964465712743368   inter body : 0.0004217822519098915   
Evaluation : True
Valid, Epoch 18 : : total loss : 0.6686661232294603   marker : 0.09049258600528141   pose : 0.03404071917510712   angle : 0.20503224942830794   body : 0.015772933298306223   inter pose : 0.03223626583134502   inter marker : 0.08493180415248162   inter angle : 0.19062834622475155   inter body : 0.0155312188926358   
Current LR:  [0.00013891640349493958]
Best Loss : 0.20503224942830794
Evaluation : False
Train , Epoch 19 : : total loss : 0.1361263378496192   marker : 0.045345898244136325   pose : 0.01181259164572401   angle : 0.00887588541569676   body : 0.00043221603293516666   inter pose : 0.012348314705853897   inter marker : 0.047057645540872724   inter angle : 0.009832962210736542   inter body : 0.00042082372928754205   
Evaluation : True
Valid, Epoch 19 : : total loss : 0.6716079575562497   marker : 0.09117027623069329   pose : 0.034211617999373584   angle : 0.20617930924747116   body : 0.015527013711472195   inter pose : 0.03246971836733387   inter marker : 0.08568887668616962   inter angle : 0.19087767441499331   inter body : 0.01548347193667524   
Current LR:  [0.0001252089275819358]
Evaluation : False
Train , Epoch 20 : : total loss : 0.13453652775899191   marker : 0.04469561580266193   pose : 0.011611337695059697   angle : 0.00871041161329079   body : 0.00043145090678156243   inter pose : 0.012236879585142522   inter marker : 0.046713350200954296   inter angle : 0.009716974164874137   inter body : 0.0004205080238153094   
Evaluation : True
Valid, Epoch 20 : : total loss : 0.6659430777509799   marker : 0.08977002728685714   pose : 0.03376547124053477   angle : 0.20307093302059234   body : 0.01572485595201334   inter pose : 0.03231035932132363   inter marker : 0.0851166386639708   inter angle : 0.19046666167438134   inter body : 0.015718127447463405   
Current LR:  [0.00011285402696730145]
Best Loss : 0.20307093302059234
Evaluation : False
Train , Epoch 21 : : total loss : 0.13320273523765172   marker : 0.04416678229184282   pose : 0.01145144012024994   angle : 0.008545979438848782   body : 0.00042922585846244386   inter pose : 0.01214709464078384   inter marker : 0.046427024491302454   inter angle : 0.009615325458792779   inter body : 0.0004198632527864431   
Evaluation : True
Valid, Epoch 21 : : total loss : 0.6712034662662926   marker : 0.09071989422615394   pose : 0.03417515664563456   angle : 0.2060270535389779   body : 0.015696960666878677   inter pose : 0.03245118088032168   inter marker : 0.08544033066007768   inter angle : 0.19114315235563425   inter body : 0.01554973845072818   
Current LR:  [0.00010171823725909672]
Evaluation : False
Train , Epoch 22 : : total loss : 0.13187575586722053   marker : 0.04362447890716892   pose : 0.011281721572039412   angle : 0.00839853428081705   body : 0.0004286847092820243   inter pose : 0.012057136063953179   inter marker : 0.04614891828954859   inter angle : 0.009516768836363534   inter body : 0.00041951378321618835   
Evaluation : True
Valid, Epoch 22 : : total loss : 0.6681303458344476   marker : 0.09044087847609228   pose : 0.03402628444989435   angle : 0.20466936048693513   body : 0.015591969600727661   inter pose : 0.03240309756591639   inter marker : 0.08521647995655199   inter angle : 0.1903558857728729   inter body : 0.015426388910891603   
Current LR:  [9.168126356798713e-05]
Evaluation : False
Train , Epoch 23 : : total loss : 0.13069262799406126   marker : 0.04313685903596659   pose : 0.01112203502665298   angle : 0.008281399933036537   body : 0.0004284795828108001   inter pose : 0.011974873440554094   inter marker : 0.04589299511900357   inter angle : 0.009436774886231784   inter body : 0.0004192106431110507   
Evaluation : True
Valid, Epoch 23 : : total loss : 0.6695774873054036   marker : 0.08986845725332825   pose : 0.03402573093683164   angle : 0.20570576961203726   body : 0.015583979224166647   inter pose : 0.03239048782665388   inter marker : 0.08499489229569546   inter angle : 0.19147710242527957   inter body : 0.01553106864916176   
Current LR:  [8.263468101607335e-05]
Evaluation : False
Train , Epoch 24 : : total loss : 0.1296589709875412   marker : 0.042714803018942364   pose : 0.01098617409308873   angle : 0.008164224090770594   body : 0.00042777890056032246   inter pose : 0.011902137180279718   inter marker : 0.04568130267957998   inter angle : 0.009363738655941319   inter body : 0.00041881285908747505   
Evaluation : True
Valid, Epoch 24 : : total loss : 0.6709036431580457   marker : 0.09011387783494904   pose : 0.034029254991120396   angle : 0.20688125973780927   body : 0.015568413876250404   inter pose : 0.03232463897940722   inter marker : 0.08473758528818405   inter angle : 0.19179087005956463   inter body : 0.015457748935198808   
Current LR:  [7.448076347207475e-05]
Evaluation : False
Train , Epoch 25 : : total loss : 0.12872951874826075   marker : 0.042327066087613247   pose : 0.010866986359448199   angle : 0.008058821914395229   body : 0.00042796302012739786   inter pose : 0.011840584937477368   inter marker : 0.04549420610138687   inter angle : 0.009295133525822284   inter body : 0.00041875664506123257   
Evaluation : True
Valid, Epoch 25 : : total loss : 0.6693897399398892   marker : 0.08987954989022398   pose : 0.034068004084861464   angle : 0.2056490657157153   body : 0.01563884989389981   inter pose : 0.03244816721572785   inter marker : 0.08457418170292998   inter angle : 0.19157922520295323   inter body : 0.015552699516722224   
Current LR:  [6.713142786022393e-05]
Evaluation : False
Train , Epoch 26 : : total loss : 0.12786920075440297   marker : 0.04196178068222897   pose : 0.01074947274017617   angle : 0.007976385727695904   body : 0.0004278772132104665   inter pose : 0.011784519153043833   inter marker : 0.045315365451081425   inter angle : 0.009235179370517342   inter body : 0.0004186207332037201   
Evaluation : True
Valid, Epoch 26 : : total loss : 0.6707828372441033   marker : 0.09010568826273528   pose : 0.03386555095169505   angle : 0.20702536813433367   body : 0.015687851893367563   inter pose : 0.03230950958229927   inter marker : 0.08498240360668714   inter angle : 0.19124912190815344   inter body : 0.01555734286659219   
Current LR:  [6.05072826387196e-05]
Evaluation : False
Train , Epoch 27 : : total loss : 0.12708274684675255   marker : 0.0416333523805711   pose : 0.01065201666576939   angle : 0.007883651772511133   body : 0.00042827661965002417   inter pose : 0.011732578987846147   inter marker : 0.045152062028190075   inter angle : 0.009182182234778978   inter body : 0.00041862659385944124   
Evaluation : True
Valid, Epoch 27 : : total loss : 0.6681085308076   marker : 0.08963158687633158   pose : 0.03376732153565186   angle : 0.205662758515786   body : 0.015639643142077175   inter pose : 0.03210628299815398   inter marker : 0.08440572115713096   inter angle : 0.19143303901833889   inter body : 0.015462184359856655   
Current LR:  [5.453677016888176e-05]
Evaluation : False
Train , Epoch 28 : : total loss : 0.12638991345490286   marker : 0.04134590409205482   pose : 0.010554676983864895   angle : 0.007808696035050415   body : 0.00042829100242430834   inter pose : 0.011685561424386539   inter marker : 0.045018011661300615   inter angle : 0.009130404864196846   inter body : 0.0004183675709271812   
Evaluation : True
Valid, Epoch 28 : : total loss : 0.6702767019802398   marker : 0.09007506815872143   pose : 0.0340511020736967   angle : 0.20604214083972505   body : 0.015684966773993808   inter pose : 0.032351827186620837   inter marker : 0.08482262454759669   inter angle : 0.19172677957938425   inter body : 0.015522196259335586   
Current LR:  [4.915539371041189e-05]
Evaluation : False
Train , Epoch 29 : : total loss : 0.12576575593232744   marker : 0.041084357952359624   pose : 0.010471255748117683   angle : 0.007736669359143944   body : 0.00042821540734174434   inter pose : 0.011646764909144017   inter marker : 0.04489051210045084   inter angle : 0.009089614818040938   inter body : 0.00041836587684357374   
Evaluation : True
Valid, Epoch 29 : : total loss : 0.6707786126180919   marker : 0.0900344644323976   pose : 0.034187335817681234   angle : 0.20602193782052267   body : 0.01580105223879457   inter pose : 0.03258880783576116   inter marker : 0.08526175820350035   inter angle : 0.1912186944444286   inter body : 0.015664559085409972   
Current LR:  [4.430502069233822e-05]
Evaluation : False
Train , Epoch 30 : : total loss : 0.12518749042638044   marker : 0.04084398780605694   pose : 0.01039339490177803   angle : 0.007682483547736547   body : 0.00042853216202266424   inter pose : 0.011605143129175235   inter marker : 0.04476684088865794   inter angle : 0.00904882453941094   inter body : 0.0004182834452578647   
Evaluation : True
Valid, Epoch 30 : : total loss : 0.6679551585458527   marker : 0.08947722226362181   pose : 0.0337833579219608   angle : 0.20569627875641935   body : 0.015642448499062662   inter pose : 0.03236811532074847   inter marker : 0.08480062599241564   inter angle : 0.19067775793445285   inter body : 0.015509350852015344   
Current LR:  [3.993325473319803e-05]
Evaluation : False
Train , Epoch 31 : : total loss : 0.12462844313970933   marker : 0.0406090174423699   pose : 0.01031542863770977   angle : 0.007622851093783176   body : 0.00042889603241781773   inter pose : 0.011567121599822278   inter marker : 0.04465280676326197   inter angle : 0.009014070519655486   inter body : 0.00041825096819094837   
Evaluation : True
Valid, Epoch 31 : : total loss : 0.6694513245230251   marker : 0.08964480235851736   pose : 0.03391432631038721   angle : 0.2062105349796894   body : 0.015733198463594472   inter pose : 0.03245312991014225   inter marker : 0.08470114118051446   inter angle : 0.19122558775901707   inter body : 0.015568604085592026   
Current LR:  [3.5992869626675335e-05]
Evaluation : False
Train , Epoch 32 : : total loss : 0.12413921263097438   marker : 0.04038750130974133   pose : 0.010251204123803247   angle : 0.007569587752394162   body : 0.0004292910623632993   inter pose : 0.011539802502892101   inter marker : 0.04456129105359453   inter angle : 0.008982261210668599   inter body : 0.0004182733450253219   
Evaluation : True
Valid, Epoch 32 : : total loss : 0.6707404908180324   marker : 0.09038200055894073   pose : 0.033931722038771796   angle : 0.2061483303902512   body : 0.015734620524112664   inter pose : 0.032380453717117515   inter marker : 0.0850225461631721   inter angle : 0.19153284727188682   inter body : 0.015607975256037684   
Current LR:  [3.244129917829765e-05]
Evaluation : False
Train , Epoch 33 : : total loss : 0.1237369273970357   marker : 0.040224717105603325   pose : 0.01019247777896946   angle : 0.007528310692277245   body : 0.00042904564865849126   inter pose : 0.01151064118287693   inter marker : 0.04447942599083709   inter angle : 0.008954188814258366   inter body : 0.00041812011884000567   
Evaluation : True
Valid, Epoch 33 : : total loss : 0.6677293449697633   marker : 0.08965419925392171   pose : 0.033954459350669146   angle : 0.20520775539498534   body : 0.015703269193856617   inter pose : 0.03241773255202851   inter marker : 0.08477530211972312   inter angle : 0.19041630564268258   inter body : 0.01560032694108785   
Current LR:  [2.9240177382128606e-05]
Evaluation : False
Train , Epoch 34 : : total loss : 0.1233386583341026   marker : 0.04005389478610997   pose : 0.010141022400688066   angle : 0.007485830518852058   body : 0.00042977765545528526   inter pose : 0.011484325864847185   inter marker : 0.044397446710565   inter angle : 0.008927985164372515   inter body : 0.00041837512736014773   
Evaluation : True
Valid, Epoch 34 : : total loss : 0.6697480970272036   marker : 0.08970041592304019   pose : 0.03390994111074119   angle : 0.20600332976501984   body : 0.015748370727318453   inter pose : 0.03239641196349071   inter marker : 0.08498861173280665   inter angle : 0.1913725874205687   inter body : 0.01562842622094779   
Current LR:  [2.6354923970193805e-05]
Evaluation : False
Train , Epoch 35 : : total loss : 0.12300360533672672   marker : 0.03991353627048992   pose : 0.010093256585859047   angle : 0.007451570159962449   body : 0.0004299357157289001   inter pose : 0.01146114734821535   inter marker : 0.04432957627985963   inter angle : 0.008906221928596953   inter body : 0.00041836089086269595   
Evaluation : True
Valid, Epoch 35 : : total loss : 0.6690882311417086   marker : 0.08983180774426157   pose : 0.03399293370911601   angle : 0.20588712645936172   body : 0.0157220755955463   inter pose : 0.03235803456979912   inter marker : 0.08481395151730736   inter angle : 0.19082883769809658   inter body : 0.015653467246083484   
Current LR:  [2.375437085751811e-05]
Evaluation : False
Train , Epoch 36 : : total loss : 0.12265113636189544   marker : 0.03975526180694516   pose : 0.010043300547070836   angle : 0.007415845967361427   body : 0.0004300145123665225   inter pose : 0.01143991342028332   inter marker : 0.04426436235765951   inter angle : 0.008884114451466803   inter body : 0.0004183233088591232   
Evaluation : True
Valid, Epoch 36 : : total loss : 0.6702131981614114   marker : 0.08977838935254201   pose : 0.03396597771473716   angle : 0.20638372196459376   body : 0.01583948876459847   inter pose : 0.03241630432400561   inter marker : 0.08481094234313769   inter angle : 0.19133780260656813   inter body : 0.015680569878486324   
Current LR:  [2.1410425447429443e-05]
Evaluation : False
Train , Epoch 37 : : total loss : 0.12239683345302506   marker : 0.03965174978966918   pose : 0.010008149274024445   angle : 0.007389118841451351   body : 0.0004302054784202928   inter pose : 0.011422795183659969   inter marker : 0.0442101357598856   inter angle : 0.008866345910654955   inter body : 0.00041833316043887866   
Evaluation : True
Valid, Epoch 37 : : total loss : 0.6693836458989499   marker : 0.08990693876804719   pose : 0.0339420737556812   angle : 0.20589813925192715   body : 0.01568298061076907   inter pose : 0.03241934199761912   inter marker : 0.08491659411347412   inter angle : 0.19104077090330757   inter body : 0.015576803400715138   
Current LR:  [1.929776715996886e-05]
Evaluation : False
Train , Epoch 38 : : total loss : 0.12213676965939506   marker : 0.03954177649312326   pose : 0.009971754119131046   angle : 0.00735944124069892   body : 0.0004302499979658831   inter pose : 0.011405550451181933   inter marker : 0.04416120341575346   inter angle : 0.008848558687055868   inter body : 0.0004182350965306608   
Evaluation : True
Valid, Epoch 38 : : total loss : 0.6695562159367218   marker : 0.08973457384760664   pose : 0.03386833827050466   angle : 0.2064274758272588   body : 0.015723727427026265   inter pose : 0.032261520801701866   inter marker : 0.0846537047330143   inter angle : 0.19131614045080284   inter body : 0.015570732093231017   
Current LR:  [1.739357390514086e-05]
Evaluation : False
Train , Epoch 39 : : total loss : 0.12187337080105158   marker : 0.03942287240354245   pose : 0.009935000345145122   angle : 0.007331959433300252   body : 0.00043060810357413524   inter pose : 0.011390165371640627   inter marker : 0.0441109821839318   inter angle : 0.008833482440783547   inter body : 0.00041830047242490326   
Evaluation : True
Valid, Epoch 39 : : total loss : 0.6700221552834394   marker : 0.09000368568858133   pose : 0.033899466622794604   angle : 0.20609430073271442   body : 0.015678851302477915   inter pose : 0.03241946443542531   inter marker : 0.08492903289431318   inter angle : 0.19144687428831475   inter body : 0.015550479622003455   
Current LR:  [1.567727554621844e-05]
Evaluation : False
Train , Epoch 40 : : total loss : 0.12164479178044187   marker : 0.03932596765355896   pose : 0.009903726605826826   angle : 0.00730833479604052   body : 0.0004307767512686094   inter pose : 0.011374498783093042   inter marker : 0.044064598354820454   inter angle : 0.008818691078670449   inter body : 0.0004181981016846108   
Evaluation : True
Valid, Epoch 40 : : total loss : 0.6698592595640652   marker : 0.08988495011146538   pose : 0.034013507521542544   angle : 0.20620899451291372   body : 0.015748985915428317   inter pose : 0.03239873391702865   inter marker : 0.08491541585239609   inter angle : 0.19107338908218832   inter body : 0.015615282782209465   
Current LR:  [1.4130331689878675e-05]
Evaluation : False
Train , Epoch 41 : : total loss : 0.12144771349512234   marker : 0.039239897713589995   pose : 0.009874453013662996   angle : 0.007286918728225857   body : 0.0004309741717764671   inter pose : 0.011362818115395116   inter marker : 0.04402739673305252   inter angle : 0.008806899992198573   inter body : 0.00041835522689181987   
Evaluation : True
Valid, Epoch 41 : : total loss : 0.6698139420723392   marker : 0.08984848692768731   pose : 0.03398824136882772   angle : 0.20634842727440172   body : 0.015723408276411343   inter pose : 0.03240935597713856   inter marker : 0.08485323816180043   inter angle : 0.19106823503670645   inter body : 0.015574550813851135   
Current LR:  [1.2736031402736402e-05]
Evaluation : False
Train , Epoch 42 : : total loss : 0.12127701837746327   marker : 0.03916736816556676   pose : 0.009852362542796828   angle : 0.00726776263729354   body : 0.0004310788251841113   inter pose : 0.011351075733670961   inter marker : 0.04399354259553401   inter angle : 0.008795479449456356   inter body : 0.0004183486465291244   
Evaluation : True
Valid, Epoch 42 : : total loss : 0.6703307428255973   marker : 0.08967309412843923   pose : 0.033870611419359584   angle : 0.20680534709615414   body : 0.015740658377390516   inter pose : 0.0323707384713989   inter marker : 0.08469192451391044   inter angle : 0.19158014767373824   inter body : 0.01559822414974803   
Current LR:  [1.1479312690704467e-05]
Evaluation : False
Train , Epoch 43 : : total loss : 0.12111448437249314   marker : 0.039096752709351125   pose : 0.009830588918424584   angle : 0.007251268829636926   body : 0.000431224894902425   inter pose : 0.011341600604697629   inter marker : 0.0439609328590071   inter angle : 0.008783873050811644   inter body : 0.00041824251885424623   
Evaluation : True
Valid, Epoch 43 : : total loss : 0.6702760751126569   marker : 0.08995100750668372   pose : 0.03404780887746754   angle : 0.20631270381971892   body : 0.015774942850522493   inter pose : 0.0324155322332647   inter marker : 0.08486821920010142   inter angle : 0.19127585682289025   inter body : 0.015630005910649832   
Current LR:  [1.034659979109789e-05]
Evaluation : False
Train , Epoch 44 : : total loss : 0.12095366377286487   marker : 0.03902481519153618   pose : 0.009807306046599086   angle : 0.0072353411020902175   body : 0.0004313813174281777   inter pose : 0.01133081393250782   inter marker : 0.043931868623308896   inter angle : 0.008773772862481715   inter body : 0.0004183647630537987   
Evaluation : True
Valid, Epoch 44 : : total loss : 0.668294309466277   marker : 0.08948548291782969   pose : 0.03384938818889888   angle : 0.20579538436237957   body : 0.015740919242627615   inter pose : 0.032332239300900296   inter marker : 0.0846742841175   inter angle : 0.19082873517220775   inter body : 0.015587875795193941   
Current LR:  [9.325656519822294e-06]
Evaluation : False
Train , Epoch 45 : : total loss : 0.12081256503122324   marker : 0.03896130069200332   pose : 0.00978627561478894   angle : 0.007221640819315706   body : 0.0004313852849978366   inter pose : 0.011322147379790476   inter marker : 0.04390585990722475   inter angle : 0.008765596487084446   inter body : 0.0004183588719125951   
Evaluation : True
Valid, Epoch 45 : : total loss : 0.6700493088237045   marker : 0.0896323411364831   pose : 0.033878137577837586   angle : 0.20649118784443943   body : 0.015762250967089563   inter pose : 0.03241216096265344   inter marker : 0.08480491796386372   inter angle : 0.19146096250792602   inter body : 0.01560735024580782   
Current LR:  [8.405454089422724e-06]
Evaluation : False
Train , Epoch 46 : : total loss : 0.12070231308524496   marker : 0.03891268909365441   pose : 0.009771721105263847   angle : 0.007210240864792516   body : 0.0004317212158494599   inter pose : 0.01131557499074233   inter marker : 0.04388296763322803   inter angle : 0.00875903103232475   inter body : 0.0004183667382367303   
Evaluation : True
Valid, Epoch 46 : : total loss : 0.6703454728153184   marker : 0.08988159369967857   pose : 0.034016642263704586   angle : 0.20623624987982883   body : 0.01586601465609976   inter pose : 0.03246954705382823   inter marker : 0.08491546488651684   inter angle : 0.19122610934745837   inter body : 0.015733847930793878   
Current LR:  [7.576051970091162e-06]
Evaluation : False
Train , Epoch 47 : : total loss : 0.12058017826189855   marker : 0.03885971763346681   pose : 0.00975427107962496   angle : 0.007195633193577824   body : 0.0004315632042902198   inter pose : 0.011308753848714813   inter marker : 0.04386120913108129   inter angle : 0.00875069438957625   inter body : 0.00041833583036991   
Evaluation : True
Valid, Epoch 47 : : total loss : 0.6704245179156839   marker : 0.0895900076681813   pose : 0.03383663314453634   angle : 0.20682794977180594   body : 0.015792652938643664   inter pose : 0.032401033380206175   inter marker : 0.08482203209567339   inter angle : 0.1915169198357232   inter body : 0.015637289654508255   
Current LR:  [6.828490506628192e-06]
Evaluation : False
Train , Epoch 48 : : total loss : 0.1204798000352671   marker : 0.038815992355209765   pose : 0.009739387476642774   angle : 0.007185021972292279   body : 0.0004320010114290037   inter pose : 0.011301082322177167   inter marker : 0.04384332455432251   inter angle : 0.008744659186818653   inter body : 0.0004183316346493965   
Evaluation : True
Valid, Epoch 48 : : total loss : 0.6708338755580597   marker : 0.08982538403407997   pose : 0.0340508831245479   angle : 0.2066724066358036   body : 0.015822086502701362   inter pose : 0.03246921294878978   inter marker : 0.08492858778511546   inter angle : 0.1913843971268524   inter body : 0.015680919740980348   
Current LR:  [6.154694131348503e-06]
Evaluation : False
Train , Epoch 49 : : total loss : 0.12039046075086682   marker : 0.03877708638745829   pose : 0.009727851061255972   angle : 0.00717554304029958   body : 0.0004318826815832241   inter pose : 0.011295606720205653   inter marker : 0.043825321230369904   inter angle : 0.008738813031133932   inter body : 0.00041835651022366393   
Evaluation : True
Valid, Epoch 49 : : total loss : 0.6700346415906656   marker : 0.08977801720454269   pose : 0.0339461124388001   angle : 0.20632811180886007   body : 0.015715879269081516   inter pose : 0.032417750907046974   inter marker : 0.08492569868335824   inter angle : 0.19135811352705762   inter body : 0.01556496038498947   
Finished Training
Load  /tudelft.net/staff-bulk/ewi/insy/VisionLab/students/wyang/dataset/models/model_best_OS_TEMPORAL_TRANSFORMER.pt
Use Transformer, Receptive Field : 243
 OS Joint error : 0.03376547992229462 , SMPLH Joint error : 0.04196268320083618 , Marker error : 0.04454278200864792 , BonyLandmark : 0.04488500952720642
 OS Joint error : 0.030560661107301712 , SMPLH Joint error : 0.03677644208073616 , Marker error : 0.038154490292072296 , BonyLandmark : 0.03804974630475044
 OS Joint error : 0.011873931623995304 , SMPLH Joint error : 0.022877631708979607 , Marker error : 0.018167490139603615 , BonyLandmark : 0.018575424328446388
