/home/nfs/weitseyang/.bashrc: line 20: dirname: command not found
/home/nfs/weitseyang/.bashrc: line 21: dirname: command not found
              total        used        free      shared  buff/cache   available
Mem:         385423       27413      329849        9243       28160      347654
Swap:         57080           0       57080
Fri Jul 30 11:07:07 2021       
+-----------------------------------------------------------------------------+
| NVIDIA-SMI 470.57.02    Driver Version: 470.57.02    CUDA Version: 11.4     |
|-------------------------------+----------------------+----------------------+
| GPU  Name        Persistence-M| Bus-Id        Disp.A | Volatile Uncorr. ECC |
| Fan  Temp  Perf  Pwr:Usage/Cap|         Memory-Usage | GPU-Util  Compute M. |
|                               |                      |               MIG M. |
|===============================+======================+======================|
|   0  NVIDIA GeForce ...  On   | 00000000:1A:00.0 Off |                  N/A |
| 27%   29C    P8     1W / 250W |      1MiB / 11019MiB |      0%      Default |
|                               |                      |                  N/A |
+-------------------------------+----------------------+----------------------+
                                                                               
+-----------------------------------------------------------------------------+
| Processes:                                                                  |
|  GPU   GI   CI        PID   Type   Process name                  GPU Memory |
|        ID   ID                                                   Usage      |
|=============================================================================|
|  No running processes found                                                 |
+-----------------------------------------------------------------------------+
BML_FOLDER: /tudelft.net/staff-bulk/ewi/insy/VisionLab/students/wyang/dataset/HDF5/BML/
DATASET:
  ANTIALIAS:
    TEST: 1
    TRAIN: 1
  BBOX:
    PARTIAL_VISUALBILITY: False
  COLOR:
    AUG: True
  DATASETPERIMG: 2000
  GEOM:
    AUG: True
    HFLIP: False
    ROT: 20
    SCALE_DOWN: 25
    SCALE_UP: 25
    SHIFT_AUG: 10
  INTERPOLATION:
    TEST: nearest
    TRAIN: nearest
  OCCLUSION:
    PROB: 0.7
    SCALE: 0.8
  TRAINING_USEDEACHFRAME: 2
  USEDEACHFRAME: 1
EVAL_WORKERS: 16
HYP:
  ANGLE: 0.01
  BODY: 0.1
  INTERMEDIATE_MARKER: 1.5
  INTERMEDIATE_POS: 1.5
  MARKER: 2.0
  POS: 1.0
  ROTMAT: 0.1
  SY_BODY: 0.05
LAYER:
  OS_TRANSIT:
    ACT_TYPE: 1
    BN: False
LOSS:
  ANGLE:
    BETA: 5
    EVAL_TYPE: 1
    H: 0.1
    MASKMINVALUE: 0
    TYPE: 3
    USE: True
    USEMASK: True
  BODY:
    BETA: 0.05
    EVAL_TYPE: 1
    H: 0.1
    TYPE: 3
    USE: True
  MARKER:
    BETA: 0.04
    TYPE: 2
    USE: True
  POS:
    BETA: 0.04
    TYPE: 2
    USE: True
  ROTMAT:
    BETA: 0.02
    EVAL_TYPE: 1
    TYPE: 1
    USE: False
  SY_BODY:
    EVAL_TYPE: 1
    TYPE: 1
    USE: False
LSTM:
  BIDIRECTIONAL: True
  DROPOUTPROB: 0.1
  HIDDEN_STATE: 512
  NUM_LAYERS: 3
MODEL:
  CAUSAL: False
  CONV_CHANNEL_SIZE: [2048]
  CONV_LAYER: 1
  FULLCONV: True
  IMGSIZE: (256, 256)
  INFEATURES: 567
  INTERMEDIATE_POSE_ESTIMATION: False
  METRIC_SCALE:
    BBOX_SIZE: 2.2
    DEPTH: 8
    EVAL_STRIDING: 4
    STRIDING: 32
  NUMPRED: 115
  NUM_PRED: 115
  OUTFEATURES: 126
  POS: True
  RECEPTIVE_FIELD: 243
  RESNET:
    CENTER_STRIDING: True
    NEXT: True
    PRETRAINED: True
  TYPE: 1
MODEL_FOLDER: /tudelft.net/staff-bulk/ewi/insy/VisionLab/students/wyang/dataset/models/
PASCAL_PATH: /tudelft.net/staff-bulk/ewi/insy/VisionLab/students/wyang/dataset/HDF5/PASCAL/pascal.hdf5
PCA_PATH: None
POSTFIX: OS_TEMPORAL_TRANSFORMER
PREDICTION:
  BODY: ['pelvis', 'lumbar5', 'lumbar4', 'lumbar3', 'lumbar2', 'lumbar1', 'thoracic12', 'thoracic11', 'thoracic10', 'thoracic9', 'thoracic8', 'thoracic7', 'thoracic6', 'thoracic5', 'thoracic4', 'thoracic3', 'thoracic2', 'thoracic1', 'head_neck', 'femur_r', 'tibia_r', 'talus_r', 'calcn_r', 'toes_r', 'femur_l', 'tibia_l', 'talus_l', 'calcn_l', 'toes_l', 'cerv6', 'cerv5', 'cerv4', 'cerv3', 'cerv2', 'cerv1', 'jaw', 'skull', 'thorax', 'clavicle', 'scapula', 'humerus', 'ulna', 'radius', 'clavicle_l', 'scapula_l', 'humerus_l', 'ulna_l', 'radius_l']
  BODY_AMPITUDE_VALUE: [0.38330534, 0.11688988, 0.27979052, 0.18767838, 0.12217734, 0.17559392, 0.25814359, 0.19320878, 0.09488225, 0.23721306, 0.3308586, 0.22396367, 0.08659548, 1e-06, 0.1634575, 0.18397586, 0.23942574, 0.23136499, 0.14410597, 0.14576365, 0.17185328, 0.18178275, 0.15676707, 0.19965802, 0.12167494, 0.14225374, 0.19253547, 0.08705724, 0.13519439, 0.09673029, 0.16227082, 0.25709417, 0.27539152, 0.21485549, 0.11401759, 0.22396367, 0.21485549, 0.1838405, 0.18214334, 0.43287996, 0.43287996, 0.13003099, 0.13036308, 0.2175328, 0.20085876, 0.30206298, 0.3034652, 0.2025831, 0.20302752, 0.1691131, 0.22653959]
  BODY_AVG_VALUE: [1.21267658, 1.19278473, 1.09221309, 0.82231784, 0.65399921, 0.86740023, 1.23414558, 1.13399419, 1.00263798, 1.01988775, 1.04674897, 0.92795962, 0.80902216, 0.94262153, 0.96230629, 0.95413619, 1.04046246, 1.03910667, 0.68939832, 0.71175453, 0.74281865, 0.76454479, 0.9076589, 1.02388528, 0.64942223, 0.89473501, 0.89226717, 0.61283192, 0.7215803, 0.68092433, 1.08504841, 1.17846495, 1.14104316, 1.14461103, 0.74801221, 0.92795962, 1.14461103, 0.89621243, 0.8843008, 1.13165459, 1.13165459, 0.73835266, 0.74087435, 1.07924646, 1.08077973, 1.01209745, 0.99989337, 1.0244289, 1.03203484, 0.82801554, 0.7559647]
  BODY_SCALE_MAPPING: [[0, 1, 2], [10, 3, 9], [10, 3, 9], [10, 3, 9], [10, 3, 9], [10, 3, 9], [10, 3, 9], [10, 4, 9], [10, 4, 9], [10, 5, 9], [10, 5, 9], [10, 6, 9], [10, 6, 9], [10, 6, 9], [10, 6, 9], [10, 6, 9], [10, 6, 9], [10, 6, 9], [11, 7, 9], [16, 14, 16], [20, 18, 20], [20, 18, 20], [22, 23, 24], [28, 30, 30], [17, 15, 17], [21, 19, 21], [21, 19, 21], [25, 26, 27], [29, 31, 31], [11, 7, 9], [11, 7, 9], [11, 7, 9], [11, 7, 9], [11, 7, 9], [11, 7, 9], [12, 8, 13], [12, 8, 13], [32, 33, 34], [37, 35, 41], [39, 36, 41], [45, 43, 45], [49, 47, 49], [49, 47, 49], [38, 35, 42], [40, 36, 42], [46, 44, 46], [50, 48, 50], [50, 48, 50]]
  BODY_SCALE_UNIQUE_NUMS: 51
  BODY_WEIGHTS: [[2.0, 2.0, 2.0], [1.0, 2.0, 1.0], [1.0, 2.0, 1.0], [1.0, 2.0, 1.0], [1.0, 2.0, 1.0], [1.0, 2.0, 1.0], [1.0, 2.0, 1.0], [1.0, 2.0, 1.0], [1.0, 2.0, 1.0], [1.0, 2.0, 1.0], [1.0, 2.0, 1.0], [1.0, 2.0, 1.0], [1.0, 2.0, 1.0], [1.0, 2.0, 1.0], [1.0, 2.0, 1.0], [1.0, 2.0, 1.0], [1.0, 2.0, 1.0], [1.0, 2.0, 1.0], [1.0, 2.0, 1.0], [1.0, 2.0, 1.0], [1.0, 2.0, 1.0], [1.0, 2.0, 1.0], [2.0, 1.0, 1.0], [2.0, 1.0, 1.0], [1.0, 2.0, 1.0], [1.0, 2.0, 1.0], [1.0, 2.0, 1.0], [2.0, 1.0, 1.0], [2.0, 1.0, 1.0], [1.0, 2.0, 1.0], [1.0, 2.0, 1.0], [1.0, 2.0, 1.0], [1.0, 2.0, 1.0], [1.0, 2.0, 1.0], [1.0, 2.0, 1.0], [1.0, 1.0, 2.0], [1.0, 1.0, 2.0], [2.0, 1.0, 1.0], [1.0, 1.0, 2.0], [1.0, 1.0, 2.0], [1.0, 2.0, 1.0], [1.0, 2.0, 1.0], [1.0, 2.0, 1.0], [1.0, 1.0, 2.0], [1.0, 1.0, 2.0], [1.0, 2.0, 1.0], [1.0, 2.0, 1.0], [1.0, 2.0, 1.0]]
  COORDINATES: ['L5_S1_FE', 'L5_S1_LB', 'L5_S1_AR', 'L4_L5_FE', 'L4_L5_LB', 'L4_L5_AR', 'T12_L1_FE', 'T12_L1_LB', 'T12_L1_AR', 'T11_T12_FE', 'T11_T12_LB', 'T11_T12_AR', 'T10_T11_FE', 'T10_T11_LB', 'T10_T11_AR', 'T9_T10_FE', 'T9_T10_LB', 'T9_T10_AR', 'T8_T9_FE', 'T8_T9_LB', 'T8_T9_AR', 'T1_T2_FE', 'T1_T2_LB', 'T1_T2_AR', 'T1_head_neck_FE', 'T1_head_neck_LB', 'T1_head_neck_AR', 'hip_flexion_r', 'hip_adduction_r', 'hip_rotation_r', 'knee_angle_r', 'knee_angle_y_r', 'knee_angle_x_r', 'ankle_angle_r', 'subtalar_angle_r', 'mtp_angle_r', 'hip_flexion_l', 'hip_adduction_l', 'hip_rotation_l', 'knee_angle_l', 'knee_angle_y_l', 'knee_angle_x_l', 'ankle_angle_l', 'subtalar_angle_l', 'mtp_angle_l', 'skull_z', 'skull_y', 'skull_x', 'sternoclavicular_r2', 'sternoclavicular_r3', 'acromioclavicular_r2', 'elv_angle', 'shoulder_elv', 'shoulder1_r2', 'shoulder_rot', 'elbow_flexion', 'elbow_x', 'pro_sup', 'sternoclavicular_r2_l', 'sternoclavicular_r3_l', 'acromioclavicular_r2_l', 'elv_angle_l', 'shoulder_elv_l', 'shoulder1_r2_l', 'shoulder_rot_l', 'elbow_flexion_l', 'elbow_x_l', 'pro_sup_l', 'ribs_bending']
  JOINTS: ['ground_pelvis', 'L5_S1_IVDjnt', 'L4_L5_IVDjnt', 'L3_L4_IVDjnt', 'L2_L3_IVDjnt', 'L1_L2_IVDjnt', 'T12_L1_IVDjnt', 'T11_T12_IVDjnt', 'T10_T11_IVDjnt', 'T9_T10_IVDjnt', 'T8_T9_IVDjnt', 'T7_T8_IVDjnt', 'T6_T7_IVDjnt', 'T5_T6_IVDjnt', 'T4_T5_IVDjnt', 'T3_T4_IVDjnt', 'T2_T3_IVDjnt', 'T1_T2_IVDjnt', 'T1_head_neck', 'hip_r', 'knee_r', 'ankle_r', 'subtalar_r', 'mtp_r', 'hip_l', 'knee_l', 'ankle_l', 'subtalar_l', 'mtp_l', 'C7_cerv6', 'C7_cerv5', 'C7_cerv4', 'C7_cerv3', 'C7_cerv2', 'C7_cerv1', 'skull_jaw', 'C7_skull', 'sternoclavicular', 'acromioclavicular', 'shoulder2', 'elbow', 'radioulnar', 'sternoclavicular_l', 'acromioclavicular_l', 'shoulder2_l', 'elbow_l', 'radioulnar_l', 'T1_rib']
  Joints_Inside_Cylinder_Body_LIST: [['ROOT', 'Torso'], ['RHIPJ', 'Torso'], ['LHIPJ', 'Torso'], ['Spine1', 'Torso'], ['Spine2', 'Torso'], ['Spine3', 'Torso'], ['LCOL', 'Torso'], ['RCOL', 'Torso'], ['NECK', 'Torso'], ['HEAD', 'HEAD'], ['RKNE', 'RightLeg'], ['RKNI', 'RightLeg'], ['LKNE', 'LeftLeg'], ['LKNI', 'LeftLeg'], ['LANK', 'LeftShrank'], ['RANK', 'RightShrank'], ['LANI', 'LeftShrank'], ['RANI', 'RightShrank'], ['RTOE', 'RightFOOT'], ['LTOE', 'LeftFOOT'], ['RMT1', 'RightFOOT'], ['LMT1', 'LeftFOOT'], ['RMT5', 'RightFOOT'], ['LMT5', 'LeftFOOT'], ['LELB', 'LeftArm'], ['RELB', 'RightArm'], ['LELBIN', 'LeftArm'], ['RELBIN', 'RightArm'], ['LIWR', 'LeftForearm'], ['RIWR', 'RightForearm'], ['LOWR', 'LeftForearm'], ['ROWR', 'RightForearm'], ['ground_pelvis', 'Torso'], ['L5_S1_IVDjnt', 'Torso'], ['L4_L5_IVDjnt', 'Torso'], ['L3_L4_IVDjnt', 'Torso'], ['L2_L3_IVDjnt', 'Torso'], ['L1_L2_IVDjnt', 'Torso'], ['T12_L1_IVDjnt', 'Torso'], ['T11_T12_IVDjnt', 'Torso'], ['T10_T11_IVDjnt', 'Torso'], ['T9_T10_IVDjnt', 'Torso'], ['T8_T9_IVDjnt', 'Torso'], ['T7_T8_IVDjnt', 'Torso'], ['T6_T7_IVDjnt', 'Torso'], ['T5_T6_IVDjnt', 'Torso'], ['T4_T5_IVDjnt', 'Torso'], ['T3_T4_IVDjnt', 'Torso'], ['T2_T3_IVDjnt', 'Torso'], ['T1_T2_IVDjnt', 'Torso'], ['T1_head_neck', 'HEAD'], ['hip_r', 'RightLeg'], ['knee_r', 'RightLeg'], ['ankle_r', 'RightShrank'], ['subtalar_r', 'RightShrank'], ['mtp_r', 'RightFOOT'], ['hip_l', 'LeftLeg'], ['knee_l', 'LeftLeg'], ['ankle_l', 'LeftShrank'], ['subtalar_l', 'LeftShrank'], ['mtp_l', 'LeftFOOT'], ['C7_cerv6', 'HEAD'], ['C7_cerv5', 'HEAD'], ['C7_cerv4', 'HEAD'], ['C7_cerv3', 'HEAD'], ['C7_cerv2', 'HEAD'], ['C7_cerv1', 'HEAD'], ['skull_jaw', 'HEAD'], ['C7_skull', 'HEAD'], ['sternoclavicular', 'RightArm'], ['acromioclavicular', 'RightArm'], ['shoulder2', 'RightArm'], ['elbow', 'RightArm'], ['radioulnar', 'RightForearm'], ['sternoclavicular_l', 'LeftArm'], ['acromioclavicular_l', 'LeftArm'], ['shoulder2_l', 'LeftArm'], ['elbow_l', 'LeftArm'], ['radioulnar_l', 'LeftForearm'], ['T1_rib', 'Torso'], ['radiocarpal', 'RightForearm'], ['radiocarpal_l', 'LeftForearm']]
  LEAFJOINTS: ['radiocarpal', 'radiocarpal_l']
  MARKER: ['ROOT', 'LHIPJ', 'RHIPJ', 'Spine1', 'LKJC', 'RKJC', 'Spine2', 'LAJC', 'RAJC', 'Spine3', 'LFOOT', 'RFOOT', 'NECK', 'LCOL', 'RCOL', 'HEAD', 'LSHOULDER', 'RSHOULDER', 'LELC', 'RELC', 'LWRIST', 'RWRIST', 'LPSI', 'RPSI', 'RASI', 'LASI', 'T12', 'T10', 'T8', 'T1', 'C7', 'RKNE', 'RKNI', 'LKNE', 'LKNI', 'LANK', 'RANK', 'LANI', 'RANI', 'LHEE', 'RHEE', 'RTOE', 'LTOE', 'RMT1', 'LMT1', 'RMT5', 'LMT5', 'LSHO', 'RSHO', 'STRN', 'CLAV', 'RCLAV', 'LCLAV', 'LELB', 'RELB', 'LELBIN', 'RELBIN', 'LIWR', 'RIWR', 'LOWR', 'ROWR', 'LFHD', 'RFHD', 'LBHD', 'RBHD']
  MIRROR_BONES: [0, 1, 2, 3, 4, 5, 6, 7, 8, 9, 10, 11, 12, 13, 14, 15, 16, 17, 18, 24, 25, 26, 27, 28, 19, 20, 21, 22, 23, 29, 30, 31, 32, 33, 34, 35, 36, 37, 43, 44, 45, 46, 47, 38, 39, 40, 41, 42]
  NUM_JOINTS: 50
  NUM_MARKERS: 65
  NUM_SMPL_JOINTS: 22
  POS_NAME: ['ground_pelvis', 'L5_S1_IVDjnt', 'L4_L5_IVDjnt', 'L3_L4_IVDjnt', 'L2_L3_IVDjnt', 'L1_L2_IVDjnt', 'T12_L1_IVDjnt', 'T11_T12_IVDjnt', 'T10_T11_IVDjnt', 'T9_T10_IVDjnt', 'T8_T9_IVDjnt', 'T7_T8_IVDjnt', 'T6_T7_IVDjnt', 'T5_T6_IVDjnt', 'T4_T5_IVDjnt', 'T3_T4_IVDjnt', 'T2_T3_IVDjnt', 'T1_T2_IVDjnt', 'T1_head_neck', 'hip_r', 'knee_r', 'ankle_r', 'subtalar_r', 'mtp_r', 'hip_l', 'knee_l', 'ankle_l', 'subtalar_l', 'mtp_l', 'C7_cerv6', 'C7_cerv5', 'C7_cerv4', 'C7_cerv3', 'C7_cerv2', 'C7_cerv1', 'skull_jaw', 'C7_skull', 'sternoclavicular', 'acromioclavicular', 'shoulder2', 'elbow', 'radioulnar', 'sternoclavicular_l', 'acromioclavicular_l', 'shoulder2_l', 'elbow_l', 'radioulnar_l', 'T1_rib', 'radiocarpal', 'radiocarpal_l', 'ROOT', 'LHIPJ', 'RHIPJ', 'Spine1', 'LKJC', 'RKJC', 'Spine2', 'LAJC', 'RAJC', 'Spine3', 'LFOOT', 'RFOOT', 'NECK', 'LCOL', 'RCOL', 'HEAD', 'LSHOULDER', 'RSHOULDER', 'LELC', 'RELC', 'LWRIST', 'RWRIST', 'LPSI', 'RPSI', 'RASI', 'LASI', 'T12', 'T10', 'T8', 'T1', 'C7', 'RKNE', 'RKNI', 'LKNE', 'LKNI', 'LANK', 'RANK', 'LANI', 'RANI', 'LHEE', 'RHEE', 'RTOE', 'LTOE', 'RMT1', 'LMT1', 'RMT5', 'LMT5', 'LSHO', 'RSHO', 'STRN', 'CLAV', 'RCLAV', 'LCLAV', 'LELB', 'RELB', 'LELBIN', 'RELBIN', 'LIWR', 'RIWR', 'LOWR', 'ROWR', 'LFHD', 'RFHD', 'LBHD', 'RBHD']
PROGRESSBAR: False
RESNETPATH: None
SEED: 100
STARTMODELPATH: None
TESTMODE: False
TEST_SUBJECTS: [2, 29, 19, 21, 51, 26, 7, 72, 77, 17, 65, 80, 6, 76, 10, 73, 13, 38]
TRAINING:
  AMSGRAD: False
  AWARED_OCCLUSION:
    GT: False
    USE: False
  BATCHSIZE: 128
  COORDINATE_MAX_WEIGHT: 2
  END_LR: [5e-06]
  END_MOMENTUM: 0.001
  EPOCH: [50]
  EVALUATION_BATCHSIZE: 128
  INITIAL_MOMENTUM: 0.1
  LOSS2D: False
  LOSSTYPE: 1
  MARKER_PREDICTION: True
  MARKER_TYPE: [10, 10, 10, 1, 1, 1, 1, 1, 1, 1, 20, 20, 10, 1, 1, 10, 0, 0, 1, 1, 1, 1, 20, 20, 20, 20, 10, 20, 10, 10, 20, 20, 20, 20, 20, 20, 20, 20, 20, 20, 20, 10, 10, 1, 1, 1, 1, 20, 20, 20, 20, 1, 1, 20, 20, 20, 20, 20, 20, 20, 20, 10, 10, 10, 10]
  MARKER_WEIGHT: [1.0, 1.0, 1.0, 0.1, 0.1, 0.1, 0.1, 0.1, 0.1, 0.1, 2.0, 2.0, 1.0, 0.1, 0.1, 1.0, 0.0, 0.0, 0.1, 0.1, 0.1, 0.1, 2.0, 2.0, 2.0, 2.0, 1.0, 2.0, 1.0, 1.0, 2.0, 2.0, 2.0, 2.0, 2.0, 2.0, 2.0, 2.0, 2.0, 2.0, 2.0, 1.0, 1.0, 0.1, 0.1, 0.1, 0.1, 2.0, 2.0, 2.0, 2.0, 0.1, 0.1, 2.0, 2.0, 2.0, 2.0, 2.0, 2.0, 2.0, 2.0, 1.0, 1.0, 1.0, 1.0]
  PCA: False
  PCA_COMPONENTS: 51
  START_LR: [0.001]
  TRAINING_STEPS: 1
  USE_BODY_WEIGHTS: False
  USE_OS_SIMULATION: False
  VALID_BATCHSIZE: 64
TRAINING_SUBJECTS: [78, 59, 79, 44, 56, 88, 75, 61, 53, 47, 40, 41, 32, 70, 28, 39, 69, 11, 3, 90, 71, 54, 20, 85, 37, 34, 33, 46, 67, 63, 55, 36, 42, 50, 24, 35, 84, 45, 60, 16, 74, 82, 27, 89, 57, 5, 49, 22, 4, 66, 31, 83, 43, 48, 52, 68, 25, 9, 18, 1, 81, 58, 23, 62, 64, 8, 87]
TRANSFORMER:
  BATCHNORM: False
  DROPOUT: False
  D_CHANNEL: 512
  D_MODEL: 256
  N1: 3
  N_HEADS: 8
  POS_ENCODNIG_EVERY_BLOCK: False
  STRIDES: [3, 9, 9]
VALID_SUBJECTS: [14, 86, 15, 30]
VALID_WORKERS: 16
WORKERS: 16
83696 training data, 21822 valid data, 100839 test data
Use Transformer, Receptive Field : 243
LR starts from 0.001, LR decay rate : 0.9013257213104922
Evaluation : False
Train , Epoch 0 : : total loss : 0.9657320913275387   marker : 0.3073403506010634   pose : 0.08843286956159846   angle : 0.10161667653740274   body : 0.012608775130942305   inter pose : 0.07538282958531088   inter marker : 0.2662439472277351   inter angle : 0.10192945042759134   inter body : 0.012177190456716244   
Evaluation : True
Valid, Epoch 0 : : total loss : 0.6588159555388506   marker : 0.15464334345445133   pose : 0.05275088927232534   angle : 0.11001729936803385   body : 0.016656727229693382   inter pose : 0.05097441979851319   inter marker : 0.14766672378433754   inter angle : 0.10895151353846023   inter body : 0.017155044823516225   
Current LR:  [0.0009013257213104922]
Best Loss : 0.15464334345445133
Evaluation : False
Train , Epoch 1 : : total loss : 0.5377207373769506   marker : 0.14559167322301939   pose : 0.03878515611928966   angle : 0.08229803868140141   body : 0.006717626419728465   inter pose : 0.034329038743745495   inter marker : 0.12996233000233198   inter angle : 0.09349682392013384   inter body : 0.006540050978271738   
Evaluation : True
Valid, Epoch 1 : : total loss : 0.6915814752222997   marker : 0.19660602425711696   pose : 0.07160472118191338   angle : 0.05453986326634922   body : 0.018261585742762345   inter pose : 0.057269296619022664   inter marker : 0.16515355166544585   inter angle : 0.10918999240505696   inter body : 0.018956438828187667   
Current LR:  [0.000812388055895879]
Evaluation : False
Train , Epoch 2 : : total loss : 0.36826510697740145   marker : 0.08749957018707284   pose : 0.023910220022132167   angle : 0.012374905820873212   body : 0.004286780237444145   inter pose : 0.030165901524549604   inter marker : 0.11491318926740021   inter angle : 0.08962386689087516   inter body : 0.005490675140714207   
Evaluation : True
Valid, Epoch 2 : : total loss : 0.47575198250351813   marker : 0.11061828432090996   pose : 0.03950210412343343   angle : 0.03815236899890118   body : 0.014481436434920511   inter pose : 0.04637844252680325   inter marker : 0.1376900727540629   inter angle : 0.07405847636056682   inter body : 0.014870796260098665   
Current LR:  [0.0007322262504643815]
Best Loss : 0.11061828432090996
Evaluation : False
Train , Epoch 3 : : total loss : 0.21484688460644316   marker : 0.07371269503057824   pose : 0.020122703147701246   angle : 0.009967463826946058   body : 0.003702295756903099   inter pose : 0.019870133693993184   inter marker : 0.07408721359934413   inter angle : 0.009821041870097792   inter body : 0.0035633372376811267   
Evaluation : True
Valid, Epoch 3 : : total loss : 0.35830706551885444   marker : 0.09776827113655265   pose : 0.03674408530961712   angle : 0.03681591470260557   body : 0.013761958961427382   inter pose : 0.034687328181294316   inter marker : 0.08949709047854695   inter angle : 0.0354126661554308   inter body : 0.013619752549063153   
Current LR:  [0.0006599743533622857]
Best Loss : 0.09776827113655265
Evaluation : False
Train , Epoch 4 : : total loss : 0.1900758509842214   marker : 0.06772599370998957   pose : 0.018362657436573306   angle : 0.009053562529624696   body : 0.003394602325489633   inter pose : 0.01699096148984812   inter marker : 0.06336899666517835   inter angle : 0.008001542650876284   inter body : 0.003177534338161007   
Evaluation : True
Valid, Epoch 4 : : total loss : 0.3489621065132953   marker : 0.0927283026844102   pose : 0.03632747413541556   angle : 0.037724310750212244   body : 0.013930006765137124   inter pose : 0.033449536643361706   inter marker : 0.08573051600700535   inter angle : 0.03530623564065929   inter body : 0.013765726867052934   
Current LR:  [0.0005948518600906879]
Best Loss : 0.0927283026844102
Evaluation : False
Train , Epoch 5 : : total loss : 0.1803465704640422   marker : 0.06442075748721089   pose : 0.017405873347090907   angle : 0.008463703930965563   body : 0.0031366824877703675   inter pose : 0.016122208799807438   inter marker : 0.06038582934263472   inter angle : 0.007465512103117306   inter body : 0.0029460036336297415   
Evaluation : True
Valid, Epoch 5 : : total loss : 0.3441196050426283   marker : 0.0908718618919646   pose : 0.03492787273040931   angle : 0.03699825658073631   body : 0.01412269673560741   inter pose : 0.033121935749412315   inter marker : 0.08538716672572717   inter angle : 0.03480079749602684   inter body : 0.013889016236844612   
Current LR:  [0.0005361552818691272]
Best Loss : 0.0908718618919646
Evaluation : False
Train , Epoch 6 : : total loss : 0.17461620688803528   marker : 0.06261689964379505   pose : 0.01684986160437692   angle : 0.007994954635433362   body : 0.002926391425327174   inter pose : 0.01563377569003136   inter marker : 0.0587404240464726   inter angle : 0.007083649720688555   inter body : 0.0027702500641482897   
Evaluation : True
Valid, Epoch 6 : : total loss : 0.34691350797216697   marker : 0.09235912741142849   pose : 0.03571922182982176   angle : 0.036669965559943944   body : 0.014787296746371702   inter pose : 0.03311135781782596   inter marker : 0.08547358486219939   inter angle : 0.034488538240011975   inter body : 0.014304415908811204   
Current LR:  [0.0004832505461651213]
Evaluation : False
Train , Epoch 7 : : total loss : 0.16816261878513816   marker : 0.06028347249623462   pose : 0.016127083484785115   angle : 0.007556402926000939   body : 0.0027167492383551907   inter pose : 0.0151083567415066   inter marker : 0.05702552488601408   inter angle : 0.006752620505348738   inter body : 0.002592408506892861   
Evaluation : True
Valid, Epoch 7 : : total loss : 0.337470218073534   marker : 0.0892271825979025   pose : 0.033854182836563884   angle : 0.0362337348594662   body : 0.014128413223103679   inter pose : 0.03215848452316591   inter marker : 0.08370171197666255   inter angle : 0.03408056191110598   inter body : 0.01408594609912949   
Current LR:  [0.0004355661470959672]
Best Loss : 0.0892271825979025
Evaluation : False
Train , Epoch 8 : : total loss : 0.16323997345032773   marker : 0.05855909942051718   pose : 0.015590343189355881   angle : 0.007193125581160575   body : 0.002546611044108069   inter pose : 0.014705862315117765   inter marker : 0.055700285357364654   inter angle : 0.006489588521067253   inter body : 0.002455058272294757   
Evaluation : True
Valid, Epoch 8 : : total loss : 0.3355581003699007   marker : 0.08859281146158143   pose : 0.03397827058410505   angle : 0.03639678618132429   body : 0.013788117618720742   inter pose : 0.03189526277483903   inter marker : 0.08274457046282235   inter angle : 0.034387883765484864   inter body : 0.013774400096734583   
Current LR:  [0.00039258697170970456]
Best Loss : 0.08859281146158143
Evaluation : False
Train , Epoch 9 : : total loss : 0.15891537576868195   marker : 0.05705306167852641   pose : 0.015111008921429903   angle : 0.00686372370939776   body : 0.0024134922287017565   inter pose : 0.014340135260309687   inter marker : 0.05453693191841769   inter angle : 0.006253681064313806   inter body : 0.0023433413801523663   
Evaluation : True
Valid, Epoch 9 : : total loss : 0.33894430514861723   marker : 0.08872565219299831   pose : 0.034703606788293324   angle : 0.03570724561729917   body : 0.01425063697208614   inter pose : 0.03302784724738549   inter marker : 0.08425919483654354   inter angle : 0.03400294185941198   inter body : 0.014267178908046449   
Current LR:  [0.00035384873545335125]
Evaluation : False
Train , Epoch 10 : : total loss : 0.15513623276494365   marker : 0.05564893944157576   pose : 0.01468321730797771   angle : 0.006564623157095854   body : 0.0023062828304973443   inter pose : 0.014040328634996966   inter marker : 0.053585980418402054   inter angle : 0.006052237987421327   inter body : 0.002254623272934013   
Evaluation : True
Valid, Epoch 10 : : total loss : 0.3349786590081111   marker : 0.08851856927956486   pose : 0.034367536189586496   angle : 0.035156740100844165   body : 0.013942274898932513   inter pose : 0.03247467386177377   inter marker : 0.08316070445024631   inter angle : 0.03344982847722966   inter body : 0.013908333817604274   
Current LR:  [0.0003189329667172973]
Best Loss : 0.08851856927956486
Evaluation : False
Train , Epoch 11 : : total loss : 0.15141030283470797   marker : 0.054191899667016215   pose : 0.014229374475617413   angle : 0.00630137634964212   body : 0.0022274271758333146   inter pose : 0.01374570324383733   inter marker : 0.05265704723813815   inter angle : 0.005870388989774639   inter body : 0.002187086628667246   
Evaluation : True
Valid, Epoch 11 : : total loss : 0.3334865037772824   marker : 0.08742465724670617   pose : 0.03391432221328488   angle : 0.03564891920289879   body : 0.013949304444905043   inter pose : 0.03200192082628585   inter marker : 0.08233214189475054   inter angle : 0.03425134790117412   inter body : 0.01396388982330209   
Current LR:  [0.0002874624862761632]
Best Loss : 0.08742465724670617
Evaluation : False
Train , Epoch 12 : : total loss : 0.14869274105448818   marker : 0.0532095598750056   pose : 0.013924804414874927   angle : 0.00606968839528755   body : 0.002164829513100853   inter pose : 0.01352530949610709   inter marker : 0.0519476585306946   inter angle : 0.00571545049302839   inter body : 0.0021354407289566023   
Evaluation : True
Valid, Epoch 12 : : total loss : 0.3360449612036862   marker : 0.08798957751636577   pose : 0.03409397922201561   angle : 0.035603844674804146   body : 0.014247877587320256   inter pose : 0.032502946195042154   inter marker : 0.08338381133850002   inter angle : 0.03404052412025914   inter body : 0.01418239794089064   
Current LR:  [0.00025909733279257026]
Evaluation : False
Train , Epoch 13 : : total loss : 0.14567857946498836   marker : 0.05201806814322793   pose : 0.013548744270495306   angle : 0.005859801197028041   body : 0.002113919283347532   inter pose : 0.013278303506739928   inter marker : 0.05118342097648983   inter angle : 0.005583406833911836   inter body : 0.002092915096863602   
Evaluation : True
Valid, Epoch 13 : : total loss : 0.3329743676460496   marker : 0.08740600395919357   pose : 0.03335241730168807   angle : 0.035991124802642646   body : 0.01418817161847271   inter pose : 0.03182729851171455   inter marker : 0.08221309736334166   inter angle : 0.0340472511034184   inter body : 0.013949002928218573   
Current LR:  [0.00023353109036888803]
Best Loss : 0.08740600395919357
Evaluation : False
Train , Epoch 14 : : total loss : 0.14292125517978785   marker : 0.0508923799735116   pose : 0.013192281335204338   angle : 0.005670723355564918   body : 0.0020770281963307085   inter pose : 0.013058651268630535   inter marker : 0.050505138899429286   inter angle : 0.005462646984978711   inter body : 0.002062405179508578   
Evaluation : True
Valid, Epoch 14 : : total loss : 0.33442130126827263   marker : 0.08762973799909596   pose : 0.03414467325919424   angle : 0.03549914786800566   body : 0.013933061403485707   inter pose : 0.0326594886416181   inter marker : 0.08297332971345799   inter angle : 0.033726825940052864   inter body : 0.013855038879772295   
Current LR:  [0.00021048757847516372]
Evaluation : False
Train , Epoch 15 : : total loss : 0.14067318230000242   marker : 0.05002189832090601   pose : 0.012910061106542168   angle : 0.005504395754987896   body : 0.0020422799889622954   inter pose : 0.012872488501768382   inter marker : 0.049931165595377754   inter angle : 0.005357420989019856   inter body : 0.002033472439462453   
Evaluation : True
Valid, Epoch 15 : : total loss : 0.3350523864848183   marker : 0.08735449483901353   pose : 0.034144117812299236   angle : 0.035856909826623234   body : 0.014176781267001467   inter pose : 0.03266118778097303   inter marker : 0.08277389072561207   inter angle : 0.034081845385771976   inter body : 0.014003159355564412   
Current LR:  [0.00018971786849602577]
Best Loss : 0.08735449483901353
Evaluation : False
Train , Epoch 16 : : total loss : 0.13855059143686368   marker : 0.04914884045035514   pose : 0.012642203935722936   angle : 0.005361166125902219   body : 0.0020187685072171014   inter pose : 0.012700582978531012   inter marker : 0.04939618869292426   inter angle : 0.005268589844485063   inter body : 0.002014250515754781   
Evaluation : True
Valid, Epoch 16 : : total loss : 0.33607168750904537   marker : 0.08787160028557807   pose : 0.03410079041974768   angle : 0.03570231844203062   body : 0.014322814004207748   inter pose : 0.03246490545751806   inter marker : 0.08324488036825484   inter angle : 0.034107091937949224   inter body : 0.014257286880556271   
Current LR:  [0.00017099759466766953]
Evaluation : False
Train , Epoch 17 : : total loss : 0.13652570454395202   marker : 0.04829886702287252   pose : 0.012357388369191386   angle : 0.005229959939000344   body : 0.00199516015544471   inter pose : 0.012539702233720064   inter marker : 0.048920963318935765   inter angle : 0.005188687540488075   inter body : 0.00199497633297738   
Evaluation : True
Valid, Epoch 17 : : total loss : 0.333846802912955   marker : 0.08669142119553008   pose : 0.03380701710373483   angle : 0.0359841304917502   body : 0.01431173658121868   inter pose : 0.03228357061982734   inter marker : 0.082332482380343   inter angle : 0.034107079286097214   inter body : 0.014329367455963297   
Current LR:  [0.0001541245303561964]
Best Loss : 0.08669142119553008
Evaluation : False
Train , Epoch 18 : : total loss : 0.1347787916249557   marker : 0.04757286730874187   pose : 0.012131051892046723   angle : 0.0051193955692407   body : 0.0019788648111312146   inter pose : 0.012397775504949173   inter marker : 0.04847918028670832   inter angle : 0.005118596549381204   inter body : 0.00198105977228479   
Evaluation : True
Valid, Epoch 18 : : total loss : 0.3343675732448726   marker : 0.08710568729761092   pose : 0.033955809034508885   angle : 0.036013113426447634   body : 0.014137058152733797   inter pose : 0.03222939864534384   inter marker : 0.08258279361293074   inter angle : 0.03417033608789438   inter body : 0.014173375812899716   
Current LR:  [0.00013891640349493958]
Evaluation : False
Train , Epoch 19 : : total loss : 0.13330461185248668   marker : 0.04695224348929173   pose : 0.011945763003839833   angle : 0.005019865717573425   body : 0.0019639390292556054   inter pose : 0.012279417350100979   inter marker : 0.04811526801876416   inter angle : 0.005058721923747116   inter body : 0.0019693934956956285   
Evaluation : True
Valid, Epoch 19 : : total loss : 0.33351818899679614   marker : 0.08717298905382496   pose : 0.033838454727160266   angle : 0.035771046437807236   body : 0.013811337042112702   inter pose : 0.032307094619075515   inter marker : 0.0827156767794022   inter angle : 0.034095932501897006   inter body : 0.01380565852929228   
Current LR:  [0.0001252089275819358]
Evaluation : False
Train , Epoch 20 : : total loss : 0.13172318277506878   marker : 0.046257242081176264   pose : 0.011720499344694943   angle : 0.004928628953279297   body : 0.0019523529942000533   inter pose : 0.01215650891574245   inter marker : 0.04774409639798846   inter angle : 0.005004663361239305   inter body : 0.0019591906891314238   
Evaluation : True
Valid, Epoch 20 : : total loss : 0.3336013262174206   marker : 0.08660782453131254   pose : 0.03365894724627636   angle : 0.03605148433032913   body : 0.014286074749480114   inter pose : 0.03230130515126104   inter marker : 0.08229081500255049   inter angle : 0.03414661342834817   inter body : 0.014258263184534575   
Current LR:  [0.00011285402696730145]
Best Loss : 0.08660782453131254
Evaluation : False
Train , Epoch 21 : : total loss : 0.13050494573519753   marker : 0.045760203478073455   pose : 0.01155911592815134   angle : 0.004849125010034164   body : 0.0019413883028377937   inter pose : 0.012058183373983202   inter marker : 0.04743060368650905   inter angle : 0.004956401968702879   inter body : 0.0019499240849583566   
Evaluation : True
Valid, Epoch 21 : : total loss : 0.3333008750179229   marker : 0.08649692114983062   pose : 0.03388742604752573   angle : 0.03603185167147427   body : 0.014038926212217967   inter pose : 0.0323639637051008   inter marker : 0.08242327027857965   inter angle : 0.03400694485950094   inter body : 0.014051573388070214   
Current LR:  [0.00010171823725909672]
Best Loss : 0.08649692114983062
Evaluation : False
Train , Epoch 22 : : total loss : 0.12935174613689027   marker : 0.04524718882775599   pose : 0.011393690535978373   angle : 0.004781925259229327   body : 0.0019330894196574301   inter pose : 0.01197189696070383   inter marker : 0.04716587238367447   inter angle : 0.004915171844819147   inter body : 0.0019429105724055452   
Evaluation : True
Valid, Epoch 22 : : total loss : 0.3341518569392492   marker : 0.08670470048325624   pose : 0.03376897228549681   angle : 0.035743877940387254   body : 0.0141893794688238   inter pose : 0.03259394175081355   inter marker : 0.08291252307718784   inter angle : 0.03404334158281633   inter body : 0.014195119722245015   
Current LR:  [9.168126356798713e-05]
Evaluation : False
Train , Epoch 23 : : total loss : 0.12821838465072843   marker : 0.044745805475056445   pose : 0.011240848628190813   angle : 0.0047184260897937405   body : 0.0019254918922606006   inter pose : 0.011883525320458558   inter marker : 0.04689105683409967   inter angle : 0.004877026304089183   inter body : 0.0019362045752931425   
Evaluation : True
Valid, Epoch 23 : : total loss : 0.3338398502941759   marker : 0.08682834445452364   pose : 0.03382270993435594   angle : 0.0359343968372102   body : 0.014010990841034058   inter pose : 0.03242933993793607   inter marker : 0.08267157202996754   inter angle : 0.034138470617729066   inter body : 0.014004025835348917   
Current LR:  [8.263468101607335e-05]
Evaluation : False
Train , Epoch 24 : : total loss : 0.12724524100880164   marker : 0.04431867015307019   pose : 0.011097084193178104   angle : 0.0046616961928526626   body : 0.0019191723824286146   inter pose : 0.011806630268464775   inter marker : 0.04666748487748559   inter angle : 0.004844136545391808   inter body : 0.00193036655637979   
Evaluation : True
Valid, Epoch 24 : : total loss : 0.33282178281459435   marker : 0.08636471051997613   pose : 0.03364612711807753   angle : 0.036166728400537286   body : 0.014058244464902413   inter pose : 0.032244143723327116   inter marker : 0.08202215261916478   inter angle : 0.03425155987432335   inter body : 0.014068114127676643   
Current LR:  [7.448076347207475e-05]
Best Loss : 0.08636471051997613
Evaluation : False
Train , Epoch 25 : : total loss : 0.12639229380701072   marker : 0.04393641532585595   pose : 0.010982397497327824   angle : 0.004610924631753683   body : 0.0019142432731988441   inter pose : 0.011742019284214214   inter marker : 0.04646642782239052   inter angle : 0.004813755041624421   inter body : 0.001926110615450347   
Evaluation : True
Valid, Epoch 25 : : total loss : 0.33490359380017737   marker : 0.08714062264461411   pose : 0.03427143662214694   angle : 0.03557900480646751   body : 0.014296160638195797   inter pose : 0.03275414982022095   inter marker : 0.08262545106915961   inter angle : 0.03391368351327041   inter body : 0.014323084483978324   
Current LR:  [6.713142786022393e-05]
Evaluation : False
Train , Epoch 26 : : total loss : 0.12562024438180383   marker : 0.04359432701221104   pose : 0.010868902507867054   angle : 0.0045697000548015326   body : 0.0019104216580463154   inter pose : 0.011681405184177217   inter marker : 0.0462863651114255   inter angle : 0.004787202955866846   inter body : 0.0019219199824467826   
Evaluation : True
Valid, Epoch 26 : : total loss : 0.3331070689230286   marker : 0.0863990914798681   pose : 0.03353428539090475   angle : 0.03623620740063478   body : 0.01403176137446352   inter pose : 0.03239728586995605   inter marker : 0.08230966580317248   inter angle : 0.03415638792362935   inter body : 0.014042384243068287   
Current LR:  [6.05072826387196e-05]
Evaluation : False
Train , Epoch 27 : : total loss : 0.12491384774994156   marker : 0.043288702958165046   pose : 0.01076913761063429   angle : 0.0045286453015971105   body : 0.0019066898923461393   inter pose : 0.011623381550037296   inter marker : 0.04611487994127398   inter angle : 0.004763670100946019   inter body : 0.0019187402587375428   
Evaluation : True
Valid, Epoch 27 : : total loss : 0.3339876677155025   marker : 0.08693052489754698   pose : 0.033860577539260944   angle : 0.035859802129583083   body : 0.014062374619928052   inter pose : 0.03239280673741049   inter marker : 0.08259634040319977   inter angle : 0.03422340953637411   inter body : 0.014061834832158166   
Current LR:  [5.453677016888176e-05]
Evaluation : False
Train , Epoch 28 : : total loss : 0.12425413906893723   marker : 0.042977821692299516   pose : 0.010673571258190032   angle : 0.00449489120352631   body : 0.0019025529490906466   inter pose : 0.011577336716638225   inter marker : 0.045969842803332196   inter angle : 0.0047433060290117905   inter body : 0.0019148159852382623   
Evaluation : True
Valid, Epoch 28 : : total loss : 0.3334813672564729   marker : 0.08659607670766253   pose : 0.0338012815647127   angle : 0.03589006598235466   body : 0.014188855312865024   inter pose : 0.032304423821856325   inter marker : 0.08232913101618629   inter angle : 0.034179265378277784   inter body : 0.014192265912927307   
Current LR:  [4.915539371041189e-05]
Evaluation : False
Train , Epoch 29 : : total loss : 0.12361542265548457   marker : 0.04268704354763031   pose : 0.01057449892693831   angle : 0.00446155472126594   body : 0.0018993265729662812   inter pose : 0.011530168191922022   inter marker : 0.04582681691139982   inter angle : 0.004723758316936847   inter body : 0.0019122557001470788   
Evaluation : True
Valid, Epoch 29 : : total loss : 0.33509363667926256   marker : 0.0868636081815476   pose : 0.033936465489046025   angle : 0.036021653776174944   body : 0.014126897877028113   inter pose : 0.03278958480612253   inter marker : 0.08309537275564484   inter angle : 0.034119046911093305   inter body : 0.014141007396108714   
Current LR:  [4.430502069233822e-05]
Evaluation : False
Train , Epoch 30 : : total loss : 0.12315856642553306   marker : 0.0424805899217702   pose : 0.010508069132453267   angle : 0.004434698101583794   body : 0.001897498244665004   inter pose : 0.01149690927506908   inter marker : 0.045723037751445726   inter angle : 0.004708210306575845   inter body : 0.0019095538483196684   
Evaluation : True
Valid, Epoch 30 : : total loss : 0.33436711192207524   marker : 0.0866450443570243   pose : 0.03386196452312034   angle : 0.03600486040923851   body : 0.014201700501673142   inter pose : 0.032541743437929864   inter marker : 0.08269369817437812   inter angle : 0.034241402665981614   inter body : 0.014176698680343991   
Current LR:  [3.993325473319803e-05]
Evaluation : False
Train , Epoch 31 : : total loss : 0.12264629459125524   marker : 0.04224894252843915   pose : 0.010432959441523457   angle : 0.004407913480766951   body : 0.0018952346512417424   inter pose : 0.011456355224342112   inter marker : 0.04560575735217579   inter angle : 0.004691897890748738   inter body : 0.0019072342494996135   
Evaluation : True
Valid, Epoch 31 : : total loss : 0.3338383976255719   marker : 0.08638758766870758   pose : 0.033684490603472395   angle : 0.036003385255736854   body : 0.014271899668567942   inter pose : 0.032547092516408506   inter marker : 0.08250747901710928   inter angle : 0.03416223664100639   inter body : 0.014274226175352279   
Current LR:  [3.5992869626675335e-05]
Evaluation : False
Train , Epoch 32 : : total loss : 0.12220828867250709   marker : 0.042046305522391116   pose : 0.01036960062404002   angle : 0.004384538690754959   body : 0.0018932049415483615   inter pose : 0.01142290451636632   inter marker : 0.04550814432353009   inter angle : 0.004678377311870706   inter body : 0.0019052126878090945   
Evaluation : True
Valid, Epoch 32 : : total loss : 0.33343897406880746   marker : 0.08642633391086542   pose : 0.033596573135131945   angle : 0.036275824763228375   body : 0.014117874050105419   inter pose : 0.03220553918628205   inter marker : 0.08234077314552166   inter angle : 0.034352289691831   inter body : 0.014123766325143089   
Current LR:  [3.244129917829765e-05]
Evaluation : False
Train , Epoch 33 : : total loss : 0.12181352300264203   marker : 0.041864450484696794   pose : 0.010311450215932239   angle : 0.004363535933701427   body : 0.0018907752416451756   inter pose : 0.011395219027436985   inter marker : 0.04541844692064098   inter angle : 0.00466614081288986   inter body : 0.0019035045115297139   
Evaluation : True
Valid, Epoch 33 : : total loss : 0.33465576538975367   marker : 0.08682695972133914   pose : 0.03394743975792389   angle : 0.035944163225691564   body : 0.014291798611760588   inter pose : 0.03259762340697214   inter marker : 0.0826856147990569   inter angle : 0.0341190932028869   inter body : 0.01424307183923932   
Current LR:  [2.9240177382128606e-05]
Evaluation : False
Train , Epoch 34 : : total loss : 0.12146421635999796   marker : 0.041701911938637724   pose : 0.010259680658190941   angle : 0.004345492108626602   body : 0.0018899887238642   inter pose : 0.011369235792224385   inter marker : 0.04534193534535252   inter angle : 0.0046545876240697195   inter body : 0.0019013843134367927   
Evaluation : True
Valid, Epoch 34 : : total loss : 0.3345167568914067   marker : 0.08667638590066858   pose : 0.03395942019865609   angle : 0.036052431001331944   body : 0.014232771745819339   inter pose : 0.03258024913101539   inter marker : 0.08259433402487211   inter angle : 0.0342125634467085   inter body : 0.014208601827462383   
Current LR:  [2.6354923970193805e-05]
Evaluation : False
Train , Epoch 35 : : total loss : 0.12112078247492018   marker : 0.04154556820234698   pose : 0.010209276108427763   angle : 0.0043273099835756685   body : 0.0018880931695475377   inter pose : 0.011341818782342613   inter marker : 0.045264384910395826   inter angle : 0.004644340260387904   inter body : 0.0018999909389846791   
Evaluation : True
Valid, Epoch 35 : : total loss : 0.33361546316523566   marker : 0.08659018142535176   pose : 0.033853253417093304   angle : 0.03614543435029701   body : 0.014096684923924553   inter pose : 0.03240355664896447   inter marker : 0.08229854495636146   inter angle : 0.03415653179201216   inter body : 0.014071275331656969   
Current LR:  [2.375437085751811e-05]
Evaluation : False
Train , Epoch 36 : : total loss : 0.12083325068399332   marker : 0.041409064437994365   pose : 0.010160648419449012   angle : 0.00431316676385598   body : 0.0018873888222646156   inter pose : 0.011322437484633137   inter marker : 0.04520614926701848   inter angle : 0.004635432930121264   inter body : 0.001898962530488602   
Evaluation : True
Valid, Epoch 36 : : total loss : 0.33415582817860084   marker : 0.08659272682938826   pose : 0.03375086277633176   angle : 0.03612522045465364   body : 0.014208419744040393   inter pose : 0.032506852252227054   inter marker : 0.08251908094021372   inter angle : 0.034201979079940076   inter body : 0.01425068546538938   
Current LR:  [2.1410425447429443e-05]
Evaluation : False
Train , Epoch 37 : : total loss : 0.12056629611878081   marker : 0.04128648509566671   pose : 0.010124009767202104   angle : 0.004297959740568882   body : 0.001886198897047359   inter pose : 0.011302828211137657   inter marker : 0.04514436074069046   inter angle : 0.00462681362384026   inter body : 0.0018976402629785822   
Evaluation : True
Valid, Epoch 37 : : total loss : 0.33366041565430876   marker : 0.0867001105049727   pose : 0.03375469961980121   angle : 0.036061304145024946   body : 0.01408733745596278   inter pose : 0.0323535621838154   inter marker : 0.08241843451785841   inter angle : 0.03419280091517241   inter body : 0.0140921656315819   
Current LR:  [1.929776715996886e-05]
Evaluation : False
Train , Epoch 38 : : total loss : 0.12032481909345887   marker : 0.041174080239959734   pose : 0.010086375822072098   angle : 0.004287051162104854   body : 0.0018857046984960461   inter pose : 0.011285728636621334   inter marker : 0.045089672155575584   inter angle : 0.004619252184123531   inter body : 0.001896954505243674   
Evaluation : True
Valid, Epoch 38 : : total loss : 0.33523200537410885   marker : 0.08693722102679424   pose : 0.033966915546924534   angle : 0.0362058437096735   body : 0.014257824734493853   inter pose : 0.03261399531318553   inter marker : 0.0827343683065366   inter angle : 0.03425981678104829   inter body : 0.014256020553629248   
Current LR:  [1.739357390514086e-05]
Evaluation : False
Train , Epoch 39 : : total loss : 0.12010108159247437   marker : 0.041069571567759214   pose : 0.010052132240537937   angle : 0.004275262516967462   body : 0.0018849666750951346   inter pose : 0.011268834947147742   inter marker : 0.04504173887953459   inter angle : 0.004612732615898068   inter body : 0.0018958422654147215   
Evaluation : True
Valid, Epoch 39 : : total loss : 0.3342782343879387   marker : 0.08678162300054623   pose : 0.0337934222626496   angle : 0.03621662157985382   body : 0.014158796864221933   inter pose : 0.03248245352709308   inter marker : 0.08248477416518803   inter angle : 0.03421059933955133   inter body : 0.014149943146256803   
Current LR:  [1.567727554621844e-05]
Evaluation : False
Train , Epoch 40 : : total loss : 0.11989198352394206   marker : 0.04097129641868071   pose : 0.010020809286597768   angle : 0.004264914859613977   body : 0.001884179480215549   inter pose : 0.01125332397361718   inter marker : 0.04499535911800668   inter angle : 0.0046070447886165855   inter body : 0.0018950554151458817   
Evaluation : True
Valid, Epoch 40 : : total loss : 0.3345878697394363   marker : 0.08675477653536981   pose : 0.033897863814509786   angle : 0.036197531617711505   body : 0.014167713942508979   inter pose : 0.03252952822777104   inter marker : 0.08259189942833396   inter angle : 0.03426893815451479   inter body : 0.014179619275161167   
Current LR:  [1.4130331689878675e-05]
Evaluation : False
Train , Epoch 41 : : total loss : 0.11970928328462618   marker : 0.04088279610046201   pose : 0.009992784583744283   angle : 0.004256106377900171   body : 0.0018837744297722147   inter pose : 0.011240814689826363   inter marker : 0.04495719581226295   inter angle : 0.004601407848914677   inter body : 0.0018944034107231961   
Evaluation : True
Valid, Epoch 41 : : total loss : 0.3344814552962316   marker : 0.08684018149667411   pose : 0.03375368707285564   angle : 0.03622767605360701   body : 0.014142140493461994   inter pose : 0.03243506744663762   inter marker : 0.08266594084141049   inter angle : 0.03428362353498564   inter body : 0.014133138629739219   
Current LR:  [1.2736031402736402e-05]
Evaluation : False
Train , Epoch 42 : : total loss : 0.11955678674062944   marker : 0.04081237276767881   pose : 0.00996899335669385   angle : 0.004248007145035686   body : 0.0018829409155002004   inter pose : 0.011229871883474941   inter marker : 0.044924382804957134   inter angle : 0.004596572059490483   inter body : 0.0018936459197567213   
Evaluation : True
Valid, Epoch 42 : : total loss : 0.33428990651898877   marker : 0.08666996260566001   pose : 0.03379010127167819   angle : 0.036182631232235696   body : 0.014154872954596456   inter pose : 0.03247540357755092   inter marker : 0.08257935482207299   inter angle : 0.034286712274882655   inter body : 0.014150868670748764   
Current LR:  [1.1479312690704467e-05]
Evaluation : False
Train , Epoch 43 : : total loss : 0.11939765501533496   marker : 0.040735716527901235   pose : 0.009945012733146297   angle : 0.0042401603947195355   body : 0.0018826225809225239   inter pose : 0.011218557276892808   inter marker : 0.044890766783658796   inter angle : 0.004591704182580661   inter body : 0.0018931145665334226   
Evaluation : True
Valid, Epoch 43 : : total loss : 0.3350848714587079   marker : 0.08695064193222833   pose : 0.03396974181552034   angle : 0.036148303589302114   body : 0.014212710483626368   inter pose : 0.032632313053479675   inter marker : 0.08275135696868435   inter angle : 0.03419971121907857   inter body : 0.014220090244443723   
Current LR:  [1.034659979109789e-05]
Evaluation : False
Train , Epoch 44 : : total loss : 0.11926301622372491   marker : 0.040671928193859445   pose : 0.009925686685827662   angle : 0.004232845720186099   body : 0.0018820917841038491   inter pose : 0.011209419319494578   inter marker : 0.04486122018847312   inter angle : 0.004587367779588124   inter body : 0.0018924564528913675   
Evaluation : True
Valid, Epoch 44 : : total loss : 0.3341397845813918   marker : 0.08650677908396658   pose : 0.03373178602871018   angle : 0.03623768532924042   body : 0.014182268510696464   inter pose : 0.032436729875955625   inter marker : 0.08249928741273276   inter angle : 0.03437577534220131   inter body : 0.014169470490461833   
Current LR:  [9.325656519822294e-06]
Evaluation : False
Train , Epoch 45 : : total loss : 0.11913029576835735   marker : 0.040609412790942157   pose : 0.009901933778493821   angle : 0.004227658668832474   body : 0.001881763375589587   inter pose : 0.011199250392284912   inter marker : 0.04483477079850061   inter angle : 0.004583783818916581   inter body : 0.0018917221153813884   
Evaluation : True
Valid, Epoch 45 : : total loss : 0.33395281179765657   marker : 0.08648096482636412   pose : 0.03373564039138921   angle : 0.03623682819358064   body : 0.014190764890321507   inter pose : 0.03244909248346806   inter marker : 0.08241402345730245   inter angle : 0.03427262338334661   inter body : 0.01417287376217374   
Current LR:  [8.405454089422724e-06]
Evaluation : False
Train , Epoch 46 : : total loss : 0.11902673469477007   marker : 0.040562281553358254   pose : 0.00988719840983291   angle : 0.004221492105378993   body : 0.0018811217381919849   inter pose : 0.011191306457459744   inter marker : 0.04481075595134433   inter angle : 0.004580886134589704   inter body : 0.0018916925095209987   
Evaluation : True
Valid, Epoch 46 : : total loss : 0.3342109275840946   marker : 0.08661951082194827   pose : 0.033823217100997026   angle : 0.036144112526753154   body : 0.014170011537407837   inter pose : 0.0324881229224951   inter marker : 0.08252014612126729   inter angle : 0.03427710094806768   inter body : 0.014168707118354702   
Current LR:  [7.576051970091162e-06]
Evaluation : False
Train , Epoch 47 : : total loss : 0.11892055827342715   marker : 0.040509619001316256   pose : 0.009870502337596591   angle : 0.0042164783645278646   body : 0.001880554021849578   inter pose : 0.011184309115761728   inter marker : 0.044790860938669894   inter angle : 0.004577456385889882   inter body : 0.0018907783292362304   
Evaluation : True
Valid, Epoch 47 : : total loss : 0.3341160716456351   marker : 0.08658847069392861   pose : 0.03374600146061755   angle : 0.036218006258410304   body : 0.01414054353857071   inter pose : 0.032510758888469084   inter marker : 0.0825484662322117   inter angle : 0.034212543365444256   inter body : 0.01415128121344572   
Current LR:  [6.828490506628192e-06]
Evaluation : False
Train , Epoch 48 : : total loss : 0.11882922298647178   marker : 0.04046360136310685   pose : 0.0098563013940616   angle : 0.004212402970391749   body : 0.001880958478093421   inter pose : 0.011178338850290724   inter marker : 0.044771955672303534   inter angle : 0.004574976667510788   inter body : 0.0018906875131623235   
Evaluation : True
Valid, Epoch 48 : : total loss : 0.33479181497171967   marker : 0.08679052662668062   pose : 0.03391634260916533   angle : 0.036244488343693426   body : 0.01420222613805156   inter pose : 0.03247952447585668   inter marker : 0.08265930703182114   inter angle : 0.03431320419867418   inter body : 0.01418619799511252   
Current LR:  [6.154694131348503e-06]
Evaluation : False
Train , Epoch 49 : : total loss : 0.11874656662185196   marker : 0.0404258731803978   pose : 0.009843540375062463   angle : 0.0042074840775424265   body : 0.0018804487454951676   inter pose : 0.011172832249397066   inter marker : 0.044754044961463804   inter angle : 0.004572314322907564   inter body : 0.0018900287218868253   
Evaluation : True
Valid, Epoch 49 : : total loss : 0.3344381852631127   marker : 0.08678531441327118   pose : 0.03386457389658132   angle : 0.03620865527240333   body : 0.01414283924333969   inter pose : 0.032462880429180566   inter marker : 0.08257495239274594   inter angle : 0.03427695381292861   inter body : 0.014122016010248588   
Finished Training
Load  /tudelft.net/staff-bulk/ewi/insy/VisionLab/students/wyang/dataset/models/model_24_OS_TEMPORAL_TRANSFORMER.pt
Use Transformer, Receptive Field : 243
 OS Joint error : 0.03364613279700279 , SMPLH Joint error : 0.04124954342842102 , Marker error : 0.043127141892910004 , BonyLandmark : 0.04318234696984291
 OS Joint error : 0.02868013083934784 , SMPLH Joint error : 0.03534763306379318 , Marker error : 0.03618409112095833 , BonyLandmark : 0.036065053194761276
 OS Joint error : 0.011166873387992382 , SMPLH Joint error : 0.022850627079606056 , Marker error : 0.018293781206011772 , BonyLandmark : 0.01854776404798031
