/home/nfs/weitseyang/.bashrc: line 20: dirname: command not found
/home/nfs/weitseyang/.bashrc: line 21: dirname: command not found
              total        used        free      shared  buff/cache   available
Mem:         772433      170408      523881         149       78143      600035
Swap:          4090           0        4090
Mon Jul 12 18:30:45 2021       
+-----------------------------------------------------------------------------+
| NVIDIA-SMI 465.19.01    Driver Version: 465.19.01    CUDA Version: 11.3     |
|-------------------------------+----------------------+----------------------+
| GPU  Name        Persistence-M| Bus-Id        Disp.A | Volatile Uncorr. ECC |
| Fan  Temp  Perf  Pwr:Usage/Cap|         Memory-Usage | GPU-Util  Compute M. |
|                               |                      |               MIG M. |
|===============================+======================+======================|
|   0  NVIDIA GeForce ...  On   | 00000000:5E:00.0 Off |                  N/A |
| 44%   50C    P8    16W / 250W |      1MiB / 11019MiB |      0%      Default |
|                               |                      |                  N/A |
+-------------------------------+----------------------+----------------------+
                                                                               
+-----------------------------------------------------------------------------+
| Processes:                                                                  |
|  GPU   GI   CI        PID   Type   Process name                  GPU Memory |
|        ID   ID                                                   Usage      |
|=============================================================================|
|  No running processes found                                                 |
+-----------------------------------------------------------------------------+
BML_FOLDER: /tudelft.net/staff-bulk/ewi/insy/VisionLab/students/wyang/dataset/HDF5/BML/
DATASET:
  ANTIALIAS:
    TEST: 1
    TRAIN: 1
  BBOX:
    PARTIAL_VISUALBILITY: False
  COLOR:
    AUG: True
  DATASETPERIMG: 2000
  GEOM:
    AUG: True
    HFLIP: False
    ROT: 20
    SCALE_DOWN: 25
    SCALE_UP: 25
    SHIFT_AUG: 10
  INTERPOLATION:
    TEST: nearest
    TRAIN: nearest
  OCCLUSION:
    PROB: 0.7
    SCALE: 0.8
  TRAINING_USEDEACHFRAME: 2
  USEDEACHFRAME: 1
EVAL_WORKERS: 16
HYP:
  ANGLE: 0.015
  BODY: 0.1
  INTERMEDIATE_MARKER: 1.5
  INTERMEDIATE_POS: 1.5
  MARKER: 1.5
  POS: 1.0
  ROTMAT: 0.1
  SY_BODY: 0.05
LAYER:
  OS_TRANSIT:
    ACT_TYPE: 1
    BN: False
LOSS:
  ANGLE:
    BETA: 5
    EVAL_TYPE: 1
    H: 0.1
    MASKMINVALUE: 0
    TYPE: 3
    USE: True
    USEMASK: True
  BODY:
    BETA: 0.05
    EVAL_TYPE: 1
    H: 0.1
    TYPE: 3
    USE: True
  MARKER:
    BETA: 0.04
    TYPE: 1
    USE: True
  POS:
    BETA: 0.04
    TYPE: 1
    USE: True
  ROTMAT:
    BETA: 0.02
    EVAL_TYPE: 1
    TYPE: 1
    USE: True
  SY_BODY:
    EVAL_TYPE: 1
    TYPE: 1
    USE: False
MODEL:
  CONV_CHANNEL_SIZE: [2048]
  CONV_LAYER: 1
  FULLCONV: True
  IMGSIZE: (256, 256)
  INTERMEDIATE_POSE_ESTIMATION: False
  METRIC_SCALE:
    BBOX_SIZE: 2.2
    DEPTH: 8
    EVAL_STRIDING: 4
    STRIDING: 32
  NUMPRED: 115
  NUM_PRED: 115
  RESNET:
    CENTER_STRIDING: True
    NEXT: True
    PRETRAINED: True
MODEL_FOLDER: /tudelft.net/staff-bulk/ewi/insy/VisionLab/students/wyang/dataset/models/
PASCAL_PATH: /tudelft.net/staff-bulk/ewi/insy/VisionLab/students/wyang/dataset/HDF5/PASCAL/pascal.hdf5
PCA_PATH: None
POSTFIX: OS_BETAANGLEBODY_NEW_MARKER15_BODY01
PREDICTION:
  BODY: ['pelvis', 'lumbar5', 'lumbar4', 'lumbar3', 'lumbar2', 'lumbar1', 'thoracic12', 'thoracic11', 'thoracic10', 'thoracic9', 'thoracic8', 'thoracic7', 'thoracic6', 'thoracic5', 'thoracic4', 'thoracic3', 'thoracic2', 'thoracic1', 'head_neck', 'femur_r', 'tibia_r', 'talus_r', 'calcn_r', 'toes_r', 'femur_l', 'tibia_l', 'talus_l', 'calcn_l', 'toes_l', 'cerv6', 'cerv5', 'cerv4', 'cerv3', 'cerv2', 'cerv1', 'jaw', 'skull', 'thorax', 'clavicle', 'scapula', 'humerus', 'ulna', 'radius', 'clavicle_l', 'scapula_l', 'humerus_l', 'ulna_l', 'radius_l']
  BODY_AMPITUDE_VALUE: [0.38330534, 0.11688988, 0.27979052, 0.18767838, 0.12217734, 0.17559392, 0.25814359, 0.19320878, 0.09488225, 0.23721306, 0.3308586, 0.22396367, 0.08659548, 1e-06, 0.1634575, 0.18397586, 0.23942574, 0.23136499, 0.14410597, 0.14576365, 0.17185328, 0.18178275, 0.15676707, 0.19965802, 0.12167494, 0.14225374, 0.19253547, 0.08705724, 0.13519439, 0.09673029, 0.16227082, 0.25709417, 0.27539152, 0.21485549, 0.11401759, 0.22396367, 0.21485549, 0.1838405, 0.18214334, 0.43287996, 0.43287996, 0.13003099, 0.13036308, 0.2175328, 0.20085876, 0.30206298, 0.3034652, 0.2025831, 0.20302752, 0.1691131, 0.22653959]
  BODY_AVG_VALUE: [1.21267658, 1.19278473, 1.09221309, 0.82231784, 0.65399921, 0.86740023, 1.23414558, 1.13399419, 1.00263798, 1.01988775, 1.04674897, 0.92795962, 0.80902216, 0.94262153, 0.96230629, 0.95413619, 1.04046246, 1.03910667, 0.68939832, 0.71175453, 0.74281865, 0.76454479, 0.9076589, 1.02388528, 0.64942223, 0.89473501, 0.89226717, 0.61283192, 0.7215803, 0.68092433, 1.08504841, 1.17846495, 1.14104316, 1.14461103, 0.74801221, 0.92795962, 1.14461103, 0.89621243, 0.8843008, 1.13165459, 1.13165459, 0.73835266, 0.74087435, 1.07924646, 1.08077973, 1.01209745, 0.99989337, 1.0244289, 1.03203484, 0.82801554, 0.7559647]
  BODY_SCALE_MAPPING: [[0, 1, 2], [10, 3, 9], [10, 3, 9], [10, 3, 9], [10, 3, 9], [10, 3, 9], [10, 3, 9], [10, 4, 9], [10, 4, 9], [10, 5, 9], [10, 5, 9], [10, 6, 9], [10, 6, 9], [10, 6, 9], [10, 6, 9], [10, 6, 9], [10, 6, 9], [10, 6, 9], [11, 7, 9], [16, 14, 16], [20, 18, 20], [20, 18, 20], [22, 23, 24], [28, 30, 30], [17, 15, 17], [21, 19, 21], [21, 19, 21], [25, 26, 27], [29, 31, 31], [11, 7, 9], [11, 7, 9], [11, 7, 9], [11, 7, 9], [11, 7, 9], [11, 7, 9], [12, 8, 13], [12, 8, 13], [32, 33, 34], [37, 35, 41], [39, 36, 41], [45, 43, 45], [49, 47, 49], [49, 47, 49], [38, 35, 42], [40, 36, 42], [46, 44, 46], [50, 48, 50], [50, 48, 50]]
  BODY_SCALE_UNIQUE_NUMS: 51
  BODY_WEIGHTS: [[2.0, 2.0, 2.0], [1.0, 2.0, 1.0], [1.0, 2.0, 1.0], [1.0, 2.0, 1.0], [1.0, 2.0, 1.0], [1.0, 2.0, 1.0], [1.0, 2.0, 1.0], [1.0, 2.0, 1.0], [1.0, 2.0, 1.0], [1.0, 2.0, 1.0], [1.0, 2.0, 1.0], [1.0, 2.0, 1.0], [1.0, 2.0, 1.0], [1.0, 2.0, 1.0], [1.0, 2.0, 1.0], [1.0, 2.0, 1.0], [1.0, 2.0, 1.0], [1.0, 2.0, 1.0], [1.0, 2.0, 1.0], [1.0, 2.0, 1.0], [1.0, 2.0, 1.0], [1.0, 2.0, 1.0], [2.0, 1.0, 1.0], [2.0, 1.0, 1.0], [1.0, 2.0, 1.0], [1.0, 2.0, 1.0], [1.0, 2.0, 1.0], [2.0, 1.0, 1.0], [2.0, 1.0, 1.0], [1.0, 2.0, 1.0], [1.0, 2.0, 1.0], [1.0, 2.0, 1.0], [1.0, 2.0, 1.0], [1.0, 2.0, 1.0], [1.0, 2.0, 1.0], [1.0, 1.0, 2.0], [1.0, 1.0, 2.0], [2.0, 1.0, 1.0], [1.0, 1.0, 2.0], [1.0, 1.0, 2.0], [1.0, 2.0, 1.0], [1.0, 2.0, 1.0], [1.0, 2.0, 1.0], [1.0, 1.0, 2.0], [1.0, 1.0, 2.0], [1.0, 2.0, 1.0], [1.0, 2.0, 1.0], [1.0, 2.0, 1.0]]
  COORDINATES: ['L5_S1_FE', 'L5_S1_LB', 'L5_S1_AR', 'L4_L5_FE', 'L4_L5_LB', 'L4_L5_AR', 'T12_L1_FE', 'T12_L1_LB', 'T12_L1_AR', 'T11_T12_FE', 'T11_T12_LB', 'T11_T12_AR', 'T10_T11_FE', 'T10_T11_LB', 'T10_T11_AR', 'T9_T10_FE', 'T9_T10_LB', 'T9_T10_AR', 'T8_T9_FE', 'T8_T9_LB', 'T8_T9_AR', 'T1_T2_FE', 'T1_T2_LB', 'T1_T2_AR', 'T1_head_neck_FE', 'T1_head_neck_LB', 'T1_head_neck_AR', 'hip_flexion_r', 'hip_adduction_r', 'hip_rotation_r', 'knee_angle_r', 'knee_angle_y_r', 'knee_angle_x_r', 'ankle_angle_r', 'subtalar_angle_r', 'mtp_angle_r', 'hip_flexion_l', 'hip_adduction_l', 'hip_rotation_l', 'knee_angle_l', 'knee_angle_y_l', 'knee_angle_x_l', 'ankle_angle_l', 'subtalar_angle_l', 'mtp_angle_l', 'skull_z', 'skull_y', 'skull_x', 'sternoclavicular_r2', 'sternoclavicular_r3', 'acromioclavicular_r2', 'elv_angle', 'shoulder_elv', 'shoulder1_r2', 'shoulder_rot', 'elbow_flexion', 'elbow_x', 'pro_sup', 'sternoclavicular_r2_l', 'sternoclavicular_r3_l', 'acromioclavicular_r2_l', 'elv_angle_l', 'shoulder_elv_l', 'shoulder1_r2_l', 'shoulder_rot_l', 'elbow_flexion_l', 'elbow_x_l', 'pro_sup_l', 'ribs_bending']
  JOINTS: ['ground_pelvis', 'L5_S1_IVDjnt', 'L4_L5_IVDjnt', 'L3_L4_IVDjnt', 'L2_L3_IVDjnt', 'L1_L2_IVDjnt', 'T12_L1_IVDjnt', 'T11_T12_IVDjnt', 'T10_T11_IVDjnt', 'T9_T10_IVDjnt', 'T8_T9_IVDjnt', 'T7_T8_IVDjnt', 'T6_T7_IVDjnt', 'T5_T6_IVDjnt', 'T4_T5_IVDjnt', 'T3_T4_IVDjnt', 'T2_T3_IVDjnt', 'T1_T2_IVDjnt', 'T1_head_neck', 'hip_r', 'knee_r', 'ankle_r', 'subtalar_r', 'mtp_r', 'hip_l', 'knee_l', 'ankle_l', 'subtalar_l', 'mtp_l', 'C7_cerv6', 'C7_cerv5', 'C7_cerv4', 'C7_cerv3', 'C7_cerv2', 'C7_cerv1', 'skull_jaw', 'C7_skull', 'sternoclavicular', 'acromioclavicular', 'shoulder2', 'elbow', 'radioulnar', 'sternoclavicular_l', 'acromioclavicular_l', 'shoulder2_l', 'elbow_l', 'radioulnar_l', 'T1_rib']
  Joints_Inside_Cylinder_Body_LIST: [['ROOT', 'Torso'], ['RHIPJ', 'Torso'], ['LHIPJ', 'Torso'], ['Spine1', 'Torso'], ['Spine2', 'Torso'], ['Spine3', 'Torso'], ['LCOL', 'Torso'], ['RCOL', 'Torso'], ['NECK', 'Torso'], ['HEAD', 'HEAD'], ['RKNE', 'RightLeg'], ['RKNI', 'RightLeg'], ['LKNE', 'LeftLeg'], ['LKNI', 'LeftLeg'], ['LANK', 'LeftShrank'], ['RANK', 'RightShrank'], ['LANI', 'LeftShrank'], ['RANI', 'RightShrank'], ['RTOE', 'RightFOOT'], ['LTOE', 'LeftFOOT'], ['RMT1', 'RightFOOT'], ['LMT1', 'LeftFOOT'], ['RMT5', 'RightFOOT'], ['LMT5', 'LeftFOOT'], ['LELB', 'LeftArm'], ['RELB', 'RightArm'], ['LELBIN', 'LeftArm'], ['RELBIN', 'RightArm'], ['LIWR', 'LeftForearm'], ['RIWR', 'RightForearm'], ['LOWR', 'LeftForearm'], ['ROWR', 'RightForearm'], ['ground_pelvis', 'Torso'], ['L5_S1_IVDjnt', 'Torso'], ['L4_L5_IVDjnt', 'Torso'], ['L3_L4_IVDjnt', 'Torso'], ['L2_L3_IVDjnt', 'Torso'], ['L1_L2_IVDjnt', 'Torso'], ['T12_L1_IVDjnt', 'Torso'], ['T11_T12_IVDjnt', 'Torso'], ['T10_T11_IVDjnt', 'Torso'], ['T9_T10_IVDjnt', 'Torso'], ['T8_T9_IVDjnt', 'Torso'], ['T7_T8_IVDjnt', 'Torso'], ['T6_T7_IVDjnt', 'Torso'], ['T5_T6_IVDjnt', 'Torso'], ['T4_T5_IVDjnt', 'Torso'], ['T3_T4_IVDjnt', 'Torso'], ['T2_T3_IVDjnt', 'Torso'], ['T1_T2_IVDjnt', 'Torso'], ['T1_head_neck', 'HEAD'], ['hip_r', 'RightLeg'], ['knee_r', 'RightLeg'], ['ankle_r', 'RightShrank'], ['subtalar_r', 'RightShrank'], ['mtp_r', 'RightFOOT'], ['hip_l', 'LeftLeg'], ['knee_l', 'LeftLeg'], ['ankle_l', 'LeftShrank'], ['subtalar_l', 'LeftShrank'], ['mtp_l', 'LeftFOOT'], ['C7_cerv6', 'HEAD'], ['C7_cerv5', 'HEAD'], ['C7_cerv4', 'HEAD'], ['C7_cerv3', 'HEAD'], ['C7_cerv2', 'HEAD'], ['C7_cerv1', 'HEAD'], ['skull_jaw', 'HEAD'], ['C7_skull', 'HEAD'], ['sternoclavicular', 'RightArm'], ['acromioclavicular', 'RightArm'], ['shoulder2', 'RightArm'], ['elbow', 'RightArm'], ['radioulnar', 'RightForearm'], ['sternoclavicular_l', 'LeftArm'], ['acromioclavicular_l', 'LeftArm'], ['shoulder2_l', 'LeftArm'], ['elbow_l', 'LeftArm'], ['radioulnar_l', 'LeftForearm'], ['T1_rib', 'Torso'], ['radiocarpal', 'RightForearm'], ['radiocarpal_l', 'LeftForearm']]
  LEAFJOINTS: ['radiocarpal', 'radiocarpal_l']
  MARKER: ['ROOT', 'LHIPJ', 'RHIPJ', 'Spine1', 'LKJC', 'RKJC', 'Spine2', 'LAJC', 'RAJC', 'Spine3', 'LFOOT', 'RFOOT', 'NECK', 'LCOL', 'RCOL', 'HEAD', 'LSHOULDER', 'RSHOULDER', 'LELC', 'RELC', 'LWRIST', 'RWRIST', 'LPSI', 'RPSI', 'RASI', 'LASI', 'T12', 'T10', 'T8', 'T1', 'C7', 'RKNE', 'RKNI', 'LKNE', 'LKNI', 'LANK', 'RANK', 'LANI', 'RANI', 'LHEE', 'RHEE', 'RTOE', 'LTOE', 'RMT1', 'LMT1', 'RMT5', 'LMT5', 'LSHO', 'RSHO', 'STRN', 'CLAV', 'RCLAV', 'LCLAV', 'LELB', 'RELB', 'LELBIN', 'RELBIN', 'LIWR', 'RIWR', 'LOWR', 'ROWR', 'LFHD', 'RFHD', 'LBHD', 'RBHD']
  MIRROR_BONES: [0, 1, 2, 3, 4, 5, 6, 7, 8, 9, 10, 11, 12, 13, 14, 15, 16, 17, 18, 24, 25, 26, 27, 28, 19, 20, 21, 22, 23, 29, 30, 31, 32, 33, 34, 35, 36, 37, 43, 44, 45, 46, 47, 38, 39, 40, 41, 42]
  NUM_JOINTS: 50
  NUM_MARKERS: 65
  NUM_SMPL_JOINTS: 22
  POS_NAME: ['ground_pelvis', 'L5_S1_IVDjnt', 'L4_L5_IVDjnt', 'L3_L4_IVDjnt', 'L2_L3_IVDjnt', 'L1_L2_IVDjnt', 'T12_L1_IVDjnt', 'T11_T12_IVDjnt', 'T10_T11_IVDjnt', 'T9_T10_IVDjnt', 'T8_T9_IVDjnt', 'T7_T8_IVDjnt', 'T6_T7_IVDjnt', 'T5_T6_IVDjnt', 'T4_T5_IVDjnt', 'T3_T4_IVDjnt', 'T2_T3_IVDjnt', 'T1_T2_IVDjnt', 'T1_head_neck', 'hip_r', 'knee_r', 'ankle_r', 'subtalar_r', 'mtp_r', 'hip_l', 'knee_l', 'ankle_l', 'subtalar_l', 'mtp_l', 'C7_cerv6', 'C7_cerv5', 'C7_cerv4', 'C7_cerv3', 'C7_cerv2', 'C7_cerv1', 'skull_jaw', 'C7_skull', 'sternoclavicular', 'acromioclavicular', 'shoulder2', 'elbow', 'radioulnar', 'sternoclavicular_l', 'acromioclavicular_l', 'shoulder2_l', 'elbow_l', 'radioulnar_l', 'T1_rib', 'radiocarpal', 'radiocarpal_l', 'ROOT', 'LHIPJ', 'RHIPJ', 'Spine1', 'LKJC', 'RKJC', 'Spine2', 'LAJC', 'RAJC', 'Spine3', 'LFOOT', 'RFOOT', 'NECK', 'LCOL', 'RCOL', 'HEAD', 'LSHOULDER', 'RSHOULDER', 'LELC', 'RELC', 'LWRIST', 'RWRIST', 'LPSI', 'RPSI', 'RASI', 'LASI', 'T12', 'T10', 'T8', 'T1', 'C7', 'RKNE', 'RKNI', 'LKNE', 'LKNI', 'LANK', 'RANK', 'LANI', 'RANI', 'LHEE', 'RHEE', 'RTOE', 'LTOE', 'RMT1', 'LMT1', 'RMT5', 'LMT5', 'LSHO', 'RSHO', 'STRN', 'CLAV', 'RCLAV', 'LCLAV', 'LELB', 'RELB', 'LELBIN', 'RELBIN', 'LIWR', 'RIWR', 'LOWR', 'ROWR', 'LFHD', 'RFHD', 'LBHD', 'RBHD']
PROGRESSBAR: False
RESNETPATH: None
SEED: 100
STARTMODELPATH: None
TESTMODE: False
TEST_SUBJECTS: [2, 29, 19, 21, 51, 26, 7, 72, 77, 17, 65, 80, 6, 76, 10, 73, 13, 38]
TRAINING:
  AWARED_OCCLUSION:
    GT: False
    USE: False
  BATCHSIZE: 64
  COORDINATE_MAX_WEIGHT: 2
  END_LR: [3.33e-05, 1e-06]
  EPOCH: [28, 2]
  EVALUATION_BATCHSIZE: 32
  LOSS2D: False
  LOSSTYPE: 1
  MARKER_PREDICTION: True
  MARKER_TYPE: [10, 10, 10, 1, 1, 1, 1, 1, 1, 1, 20, 20, 10, 1, 1, 10, 0, 0, 1, 1, 1, 1, 20, 20, 20, 20, 10, 20, 10, 10, 20, 20, 20, 20, 20, 20, 20, 20, 20, 20, 20, 10, 10, 1, 1, 1, 1, 20, 20, 20, 20, 1, 1, 20, 20, 20, 20, 20, 20, 20, 20, 10, 10, 10, 10]
  MARKER_WEIGHT: [1.0, 1.0, 1.0, 0.1, 0.1, 0.1, 0.1, 0.1, 0.1, 0.1, 2.0, 2.0, 1.0, 0.1, 0.1, 1.0, 0.0, 0.0, 0.1, 0.1, 0.1, 0.1, 2.0, 2.0, 2.0, 2.0, 1.0, 2.0, 1.0, 1.0, 2.0, 2.0, 2.0, 2.0, 2.0, 2.0, 2.0, 2.0, 2.0, 2.0, 2.0, 1.0, 1.0, 0.1, 0.1, 0.1, 0.1, 2.0, 2.0, 2.0, 2.0, 0.1, 0.1, 2.0, 2.0, 2.0, 2.0, 2.0, 2.0, 2.0, 2.0, 1.0, 1.0, 1.0, 1.0]
  PCA: False
  PCA_COMPONENTS: 51
  START_LR: [0.0005, 3.33e-06]
  TRAINING_STEPS: 2
  USE_BODY_WEIGHTS: False
  USE_OS_SIMULATION: False
  VALID_BATCHSIZE: 64
TRAINING_SUBJECTS: [78, 59, 79, 44, 56, 88, 75, 61, 53, 47, 40, 41, 32, 70, 28, 39, 69, 11, 3, 90, 71, 54, 20, 85, 37, 34, 33, 46, 67, 63, 55, 36, 42, 50, 24, 35, 84, 45, 60, 16, 74, 82, 27, 89, 57, 5, 49, 22, 4, 66, 31, 83, 43, 48, 52, 68, 25, 9, 18, 1, 81, 58, 23, 62, 64, 8, 87]
VALID_SUBJECTS: [14, 86, 15, 30]
VALID_WORKERS: 16
WORKERS: 16
84900 training data, 21822 valid data, 100839 test data
layer3 uses center striding.
Use ResNet50 Next with center striding and Petrained model
Image size : (256, 256)
Training with lr from 0.0005 to 3.33e-05 in 28 epochs.
LR decay rate : 0.904534157262606
Evaluation : False
Train , Epoch 0 : : total loss : 0.5513580054674033   Marker : 0.3239301523112244   Joint : 0.12875679848353247   Angle : 0.049888892374584395   body : 0.012958636481404799   rootMat : 0.03582352537066194   
Evaluation : True
/tudelft.net/staff-bulk/ewi/insy/VisionLab/students/wyang/miniconda/miniconda/lib/python3.8/site-packages/torch/nn/functional.py:718: UserWarning: Named tensors and all their associated APIs are an experimental feature and subject to change. Please do not use them for anything important until they are released as stable. (Triggered internally at  /opt/conda/conda-bld/pytorch_1623448278899/work/c10/core/TensorImpl.h:1156.)
  return torch.max_pool2d(input, kernel_size, stride, padding, dilation, ceil_mode)
Valid, Epoch 0 : : total loss : 0.3350491843207402   Marker : 0.1491858582155327   Joint : 0.06923106405892564   Angle : 0.07825244907585076   body : 0.01690490497408489   rootMat : 0.021474908029123007   
Current LR:  [0.00045226707863130303]
Best Loss : 0.1491858582155327
Evaluation : False
Train , Epoch 1 : : total loss : 0.3932508986280335   Marker : 0.23239998289048222   Joint : 0.0907409349976172   Angle : 0.037739026481018796   body : 0.01048126228176181   rootMat : 0.021889692614189327   
Evaluation : True
Valid, Epoch 1 : : total loss : 0.2719546505013173   Marker : 0.11444812177814186   Joint : 0.05250639478332803   Angle : 0.07218933673053994   body : 0.0165867838749428   rootMat : 0.01622401318140618   
Current LR:  [0.00040909102082738646]
Best Loss : 0.11444812177814186
Evaluation : False
Train , Epoch 2 : : total loss : 0.3410915625625786   Marker : 0.20112120173590575   Joint : 0.07839255976921922   Angle : 0.03382429418043089   body : 0.008587251640687701   rootMat : 0.019166255615606656   
Evaluation : True
Valid, Epoch 2 : : total loss : 0.25547074126602914   Marker : 0.10560494617082472   Joint : 0.05054219163924895   Angle : 0.06857853487097106   body : 0.015297619319838331   rootMat : 0.015447449699438915   
Current LR:  [0.0003700368017677992]
Best Loss : 0.10560494617082472
Evaluation : False
Train , Epoch 3 : : total loss : 0.2973929322008633   Marker : 0.17517707814907776   Joint : 0.06768779241975796   Angle : 0.030581435809532802   body : 0.007389249783683552   rootMat : 0.016557376430725305   
Evaluation : True
Valid, Epoch 3 : : total loss : 0.23763374460244985   Marker : 0.09781822445040586   Joint : 0.045325383531676894   Angle : 0.06549259585690055   body : 0.014008738594229549   rootMat : 0.014988802828870482   
Current LR:  [0.00033471092664318623]
Best Loss : 0.09781822445040586
Evaluation : False
Train , Epoch 4 : : total loss : 0.27334117197163327   Marker : 0.16094302643388286   Joint : 0.062049793529002556   Angle : 0.028306630794043185   body : 0.006747797853910388   rootMat : 0.015293923011372711   
Evaluation : True
Valid, Epoch 4 : : total loss : 0.22630237326833091   Marker : 0.09142758733530702   Joint : 0.04425937149835194   Angle : 0.0626820526773339   body : 0.014406269310200512   rootMat : 0.013527092740763207   
Current LR:  [0.0003027574659577804]
Best Loss : 0.09142758733530702
Evaluation : False
Train , Epoch 5 : : total loss : 0.25114349724210766   Marker : 0.1478575646068176   Joint : 0.05664487109487233   Angle : 0.02637839141030702   body : 0.006165035890041658   rootMat : 0.01409763460740065   
Evaluation : True
Valid, Epoch 5 : : total loss : 0.22081416580375704   Marker : 0.08870742391156797   Joint : 0.04350981409374248   Angle : 0.06154586241603848   body : 0.013620441180463782   rootMat : 0.013430624576146351   
Current LR:  [0.000273854469325083]
Best Loss : 0.08870742391156797
Evaluation : False
Train , Epoch 6 : : total loss : 0.23156467274528103   Marker : 0.13638190114322832   Joint : 0.05201689964427218   Angle : 0.024559767957535176   body : 0.005673541869338866   rootMat : 0.012932562319839972   
Evaluation : True
Valid, Epoch 6 : : total loss : 0.2148050164752478   Marker : 0.08518718457136765   Joint : 0.04141096156607757   Angle : 0.061736021352375846   body : 0.013925824262800646   rootMat : 0.012545025242958089   
Current LR:  [0.0002477107216235621]
Best Loss : 0.08518718457136765
Evaluation : False
Train , Epoch 7 : : total loss : 0.21883492690945103   Marker : 0.12911431386864564   Joint : 0.04895869275585918   Angle : 0.023256728692516843   body : 0.005343576526581162   rootMat : 0.012161615188057966   
Evaluation : True
Valid, Epoch 7 : : total loss : 0.21514178943747658   Marker : 0.08572239425002944   Joint : 0.0426497096135214   Angle : 0.06034890723790031   body : 0.013691746011880324   rootMat : 0.012729032834917211   
Current LR:  [0.00022406280882868076]
Evaluation : False
Train , Epoch 8 : : total loss : 0.20863858776709254   Marker : 0.12321707516976071   Joint : 0.04658563997523457   Angle : 0.022190710042250733   body : 0.005120286482722017   rootMat : 0.01152487631555686   
Evaluation : True
Valid, Epoch 8 : : total loss : 0.20481657907578435   Marker : 0.0809391640620406   Joint : 0.0400624281380487   Angle : 0.0586050420346722   body : 0.013524227149544885   rootMat : 0.011685718184495953   
Current LR:  [0.00020267246395774314]
Best Loss : 0.0809391640620406
Evaluation : False
Train , Epoch 9 : : total loss : 0.20111494714767864   Marker : 0.11877479490179282   Joint : 0.04478893595077603   Angle : 0.02129856567565762   body : 0.004933886614882388   rootMat : 0.01131876357191918   
Evaluation : True
Valid, Epoch 9 : : total loss : 0.20115970485796686   Marker : 0.07856128966051175   Joint : 0.039823033164832586   Angle : 0.05740831054193313   body : 0.013424334442426496   rootMat : 0.01194273741700212   
Current LR:  [0.00018332416638635308]
Best Loss : 0.07856128966051175
Evaluation : False
Train , Epoch 10 : : total loss : 0.18946084830780735   Marker : 0.11211022791954187   Joint : 0.04205434185875577   Angle : 0.020207090696620546   body : 0.0046729342158614105   rootMat : 0.010416253532042802   
Evaluation : True
Valid, Epoch 10 : : total loss : 0.19527795751594557   Marker : 0.07592765442141362   Joint : 0.036957759608510936   Angle : 0.05724365749342524   body : 0.01326428703815578   rootMat : 0.011884598514684321   
Current LR:  [0.00016582297034814964]
Best Loss : 0.07592765442141362
Evaluation : False
Train , Epoch 11 : : total loss : 0.1830948093852666   Marker : 0.10848622462890627   Joint : 0.04062222611569261   Angle : 0.0194420119372462   body : 0.004511044374744367   rootMat : 0.010033302118673045   
Evaluation : True
Valid, Epoch 11 : : total loss : 0.19435279512042666   Marker : 0.07526885845868532   Joint : 0.03736977409337533   Angle : 0.05689698900751228   body : 0.013249883168220695   rootMat : 0.011567290691721506   
Current LR:  [0.00014999254073864564]
Best Loss : 0.07526885845868532
Evaluation : False
Train , Epoch 12 : : total loss : 0.1780712725327745   Marker : 0.10559645151300848   Joint : 0.03948033402419648   Angle : 0.018805645123197167   body : 0.0043674113829781725   rootMat : 0.009821430108191089   
Evaluation : True
Valid, Epoch 12 : : total loss : 0.19263198084862265   Marker : 0.07446763327770498   Joint : 0.03654315888515675   Angle : 0.05685745827405047   body : 0.013504682040304129   rootMat : 0.011259048356383632   
Current LR:  [0.00013567337643270792]
Best Loss : 0.07446763327770498
Evaluation : False
Train , Epoch 13 : : total loss : 0.17153733829387532   Marker : 0.1018269515819679   Joint : 0.03795335638627612   Angle : 0.018163852656307895   body : 0.004218225872887195   rootMat : 0.009374951641742551   
Evaluation : True
Valid, Epoch 13 : : total loss : 0.19420986808785246   Marker : 0.07523996606448669   Joint : 0.037738798677664546   Angle : 0.056530436426305536   body : 0.013352595622713674   rootMat : 0.01134807130009627   
Current LR:  [0.00012272120321453177]
Evaluation : False
Train , Epoch 14 : : total loss : 0.1662345413978283   Marker : 0.09878535662548754   Joint : 0.03671801903988846   Angle : 0.017596994275943592   body : 0.004098697657680046   rootMat : 0.009035474288545628   
Evaluation : True
Valid, Epoch 14 : : total loss : 0.1893066936666331   Marker : 0.0731247146115842   Joint : 0.036100543473448855   Angle : 0.055500223633131   body : 0.013690511964656902   rootMat : 0.010890700739044698   
Current LR:  [0.0001110055201279095]
Best Loss : 0.0731247146115842
Evaluation : False
Train , Epoch 15 : : total loss : 0.16242904326180346   Marker : 0.0966243621293416   Joint : 0.035840868369745   Angle : 0.017126562014126625   body : 0.00400277447158423   rootMat : 0.008834476486834534   
Evaluation : True
Valid, Epoch 15 : : total loss : 0.19009668437449767   Marker : 0.07302544886901348   Joint : 0.03696574504669794   Angle : 0.05570339906905074   body : 0.013268454292443067   rootMat : 0.011133637963829594   
Current LR:  [0.00010040828460039587]
Best Loss : 0.07302544886901348
Evaluation : False
Train , Epoch 16 : : total loss : 0.158123066837072   Marker : 0.09415048547931926   Joint : 0.03480210333225369   Angle : 0.016710721277301714   body : 0.003907067581117828   rootMat : 0.008552688779379628   
Evaluation : True
Valid, Epoch 16 : : total loss : 0.18884868270458677   Marker : 0.07182642346330485   Joint : 0.036696253803121366   Angle : 0.05554479453994378   body : 0.013555052981358293   rootMat : 0.01122615824804091   
Current LR:  [9.082272309320297e-05]
Best Loss : 0.07182642346330485
Evaluation : False
Train , Epoch 17 : : total loss : 0.15553048720546797   Marker : 0.09269201544255333   Joint : 0.03421049964154872   Angle : 0.016352286711222807   body : 0.003836136044222204   rootMat : 0.00843954952658459   
Evaluation : True
Valid, Epoch 17 : : total loss : 0.18756107785351914   Marker : 0.07153398894376513   Joint : 0.035660613889862906   Angle : 0.05540572052073625   body : 0.01395698484972607   rootMat : 0.011003769863843809   
Current LR:  [8.215225529340538e-05]
Best Loss : 0.07153398894376513
Evaluation : False
Train , Epoch 18 : : total loss : 0.15178130545722235   Marker : 0.09053852820985278   Joint : 0.033318777401477866   Angle : 0.01596858413387118   body : 0.0037542304928733393   rootMat : 0.008201185217391289   
Evaluation : True
Valid, Epoch 18 : : total loss : 0.1879297718316953   Marker : 0.07227338847903368   Joint : 0.03638068722406848   Angle : 0.054917223703062575   body : 0.01385866966767399   rootMat : 0.010499803147081297   
Current LR:  [7.43095210090429e-05]
Evaluation : False
Train , Epoch 19 : : total loss : 0.1486018670113198   Marker : 0.08866805349494897   Joint : 0.03259735530576645   Angle : 0.015630354821052666   body : 0.003683576798965511   rootMat : 0.008022526700153586   
Evaluation : True
Valid, Epoch 19 : : total loss : 0.1853427125885161   Marker : 0.07074521637544133   Joint : 0.035541027177976386   Angle : 0.05473941820219122   body : 0.013615128462402665   rootMat : 0.010701923484916309   
Current LR:  [6.721549996250254e-05]
Best Loss : 0.07074521637544133
Evaluation : False
Train , Epoch 20 : : total loss : 0.14627031803265955   Marker : 0.08735883287624716   Joint : 0.03204837143786397   Angle : 0.015377951384877412   body : 0.003615166049915595   rootMat : 0.007869996554688811   
Evaluation : True
Valid, Epoch 20 : : total loss : 0.18496938088715714   Marker : 0.07051690240881311   Joint : 0.03525047949970659   Angle : 0.055026727716510425   body : 0.013529639014751115   rootMat : 0.010645632480910735   
Current LR:  [6.0798715613566956e-05]
Best Loss : 0.07051690240881311
Evaluation : False
Train , Epoch 21 : : total loss : 0.14411019555786075   Marker : 0.08612414387646124   Joint : 0.03151321911630902   Angle : 0.015146011223968787   body : 0.0035705073521687435   rootMat : 0.007756313817929561   
Evaluation : True
Valid, Epoch 21 : : total loss : 0.1864236858192411   Marker : 0.07052741756186609   Joint : 0.03575128491142692   Angle : 0.05526590447259336   body : 0.013830195746045099   rootMat : 0.0110488832502227   
Current LR:  [5.499451499016663e-05]
Evaluation : False
Train , Epoch 22 : : total loss : 0.1422847315028512   Marker : 0.08511107049736322   Joint : 0.031107310188841497   Angle : 0.014908417660411486   body : 0.003521051641861272   rootMat : 0.0076368817512429184   
Evaluation : True
Valid, Epoch 22 : : total loss : 0.1847533377748003   Marker : 0.07045877199432567   Joint : 0.03551911026711928   Angle : 0.05458827941842263   body : 0.013637784695376201   rootMat : 0.010549391793561194   
Current LR:  [4.974441727069613e-05]
Best Loss : 0.07045877199432567
Evaluation : False
Train , Epoch 23 : : total loss : 0.13987709900440135   Marker : 0.08368819365966194   Joint : 0.03050909259638905   Angle : 0.01470294747878074   body : 0.003479324186748936   rootMat : 0.007497541032251123   
Evaluation : True
Valid, Epoch 23 : : total loss : 0.18370615025508874   Marker : 0.06941430529472142   Joint : 0.035304566284506934   Angle : 0.05478470293348688   body : 0.013797065145306644   rootMat : 0.010405510713834285   
Current LR:  [4.4995524554468545e-05]
Best Loss : 0.06941430529472142
Evaluation : False
Train , Epoch 24 : : total loss : 0.13816892307920334   Marker : 0.08273419539470837   Joint : 0.030118774881145352   Angle : 0.014493385212549302   body : 0.0034274971749995967   rootMat : 0.007395070491830621   
Evaluation : True
Valid, Epoch 24 : : total loss : 0.1848285370399224   Marker : 0.0702125469111531   Joint : 0.03544346906941945   Angle : 0.054617490414224465   body : 0.013794546189431408   rootMat : 0.010760484346437931   
Current LR:  [4.06999888834651e-05]
Evaluation : False
Train , Epoch 25 : : total loss : 0.13664093447306935   Marker : 0.08184755746370707   Joint : 0.029746683610836395   Angle : 0.014331155542992224   body : 0.003399299175322595   rootMat : 0.007316238839996819   
Evaluation : True
Valid, Epoch 25 : : total loss : 0.18462266822355541   Marker : 0.07005687006211894   Joint : 0.03542492301126916   Angle : 0.054506903607645804   body : 0.013889894962867997   rootMat : 0.010744076707346522   
Current LR:  [3.681453014530254e-05]
Evaluation : False
Train , Epoch 26 : : total loss : 0.1350079709790411   Marker : 0.08092882952808794   Joint : 0.029358484067281268   Angle : 0.014165306509490692   body : 0.0033533670463659665   rootMat : 0.007201984084701534   
Evaluation : True
Valid, Epoch 26 : : total loss : 0.18359472028123788   Marker : 0.06919996862548725   Joint : 0.03513773389439919   Angle : 0.05467669202977452   body : 0.013822464281769068   rootMat : 0.010757862319759243   
Current LR:  [3.330000000000004e-05]
Best Loss : 0.06919996862548725
Evaluation : False
Train , Epoch 27 : : total loss : 0.13373879873127778   Marker : 0.08020265756644095   Joint : 0.029071322149213624   Angle : 0.014012150264866257   body : 0.00332583687837105   rootMat : 0.007126831937704916   
Evaluation : True
Valid, Epoch 27 : : total loss : 0.1834164489562194   Marker : 0.06938012876384757   Joint : 0.03506041140432221   Angle : 0.05417123747488153   body : 0.013914171759602174   rootMat : 0.010890499950984846   
Training with lr from 3.33e-06 to 1e-06 in 2 epochs.
LR decay rate : 0.3003003003003003
Evaluation : False
Train , Epoch 28 : : total loss : 0.13043362538851405   Marker : 0.07819440988978289   Joint : 0.02816466879110845   Angle : 0.01381710722345752   body : 0.003290685088279605   rootMat : 0.006966754534600659   
Evaluation : True
Valid, Epoch 28 : : total loss : 0.18205829897347298   Marker : 0.06861380023137316   Joint : 0.0347835469170524   Angle : 0.05426184704537331   body : 0.013776196442573822   rootMat : 0.010622908704473799   
Current LR:  [1e-06]
Best Loss : 0.06861380023137316
Evaluation : False
Train , Epoch 29 : : total loss : 0.13013282823369335   Marker : 0.07796331851281012   Joint : 0.028110666621931537   Angle : 0.013798734950685529   body : 0.0032915681248339703   rootMat : 0.0069685399400275395   
Evaluation : True
Valid, Epoch 29 : : total loss : 0.1821379612831855   Marker : 0.06860815123954075   Joint : 0.0347621523075324   Angle : 0.054292758857610625   body : 0.013843553672187784   rootMat : 0.01063134545077435   
Best Loss : 0.06860815123954075
Finished Training
Load  /tudelft.net/staff-bulk/ewi/insy/VisionLab/students/wyang/dataset/models/model_29_OS_BETAANGLEBODY_NEW_MARKER15_BODY01.pt
layer3 uses center striding.
Use ResNet50 Next with center striding and Petrained model
Image size : (256, 256)
Load Pose Estimation Model : /tudelft.net/staff-bulk/ewi/insy/VisionLab/students/wyang/dataset/models/model_29_OS_BETAANGLEBODY_NEW_MARKER15_BODY01.pt
 OS Joint error : 0.03476214408874512 , SMPLH Joint error : 0.04274461418390274 , Marker error : 0.04551192745566368 , BonyLandmark : 0.045738764107227325
 OS Joint error : 0.029444901272654533 , SMPLH Joint error : 0.03629689663648605 , Marker error : 0.03751502186059952 , BonyLandmark : 0.03741180896759033
slurmstepd: error: *** JOB 6561219 ON insy15 CANCELLED AT 2021-07-13T18:30:55 DUE TO TIME LIMIT ***
srun: Job step aborted: Waiting up to 32 seconds for job step to finish.
slurmstepd: error: *** STEP 6561219.0 ON insy15 CANCELLED AT 2021-07-13T18:30:55 DUE TO TIME LIMIT ***
