/home/nfs/weitseyang/.bashrc: line 20: dirname: command not found
/home/nfs/weitseyang/.bashrc: line 21: dirname: command not found
              total        used        free      shared  buff/cache   available
Mem:         385423       39820      246649         540       98953      343950
Swap:         57080           0       57080
Thu Jul 15 12:03:32 2021       
+-----------------------------------------------------------------------------+
| NVIDIA-SMI 465.19.01    Driver Version: 465.19.01    CUDA Version: 11.3     |
|-------------------------------+----------------------+----------------------+
| GPU  Name        Persistence-M| Bus-Id        Disp.A | Volatile Uncorr. ECC |
| Fan  Temp  Perf  Pwr:Usage/Cap|         Memory-Usage | GPU-Util  Compute M. |
|                               |                      |               MIG M. |
|===============================+======================+======================|
|   0  NVIDIA GeForce ...  On   | 00000000:88:00.0 Off |                  N/A |
| 27%   26C    P8    14W / 250W |      1MiB / 11019MiB |      0%      Default |
|                               |                      |                  N/A |
+-------------------------------+----------------------+----------------------+
                                                                               
+-----------------------------------------------------------------------------+
| Processes:                                                                  |
|  GPU   GI   CI        PID   Type   Process name                  GPU Memory |
|        ID   ID                                                   Usage      |
|=============================================================================|
|  No running processes found                                                 |
+-----------------------------------------------------------------------------+
BML_FOLDER: /tudelft.net/staff-bulk/ewi/insy/VisionLab/students/wyang/dataset/HDF5/BML/
DATASET:
  ANTIALIAS:
    TEST: 1
    TRAIN: 1
  BBOX:
    PARTIAL_VISUALBILITY: False
  COLOR:
    AUG: True
  DATASETPERIMG: 2000
  GEOM:
    AUG: True
    HFLIP: False
    ROT: 20
    SCALE_DOWN: 25
    SCALE_UP: 25
    SHIFT_AUG: 10
  INTERPOLATION:
    TEST: nearest
    TRAIN: nearest
  OCCLUSION:
    PROB: 0.7
    SCALE: 0.8
  TRAINING_USEDEACHFRAME: 2
  USEDEACHFRAME: 1
EVAL_WORKERS: 16
HYP:
  ANGLE: 0.015
  BODY: 0.01
  INTERMEDIATE_MARKER: 1.5
  INTERMEDIATE_POS: 1.5
  MARKER: 1.5
  POS: 1.0
  ROTMAT: 0.1
  SY_BODY: 0.05
LAYER:
  OS_TRANSIT:
    ACT_TYPE: 1
    BN: False
LOSS:
  ANGLE:
    BETA: 5
    EVAL_TYPE: 1
    H: 0.1
    MASKMINVALUE: 0
    TYPE: 3
    USE: True
    USEMASK: True
  BODY:
    BETA: 0.05
    EVAL_TYPE: 1
    H: 0.1
    TYPE: 3
    USE: True
  MARKER:
    BETA: 0.04
    TYPE: 1
    USE: True
  POS:
    BETA: 0.04
    TYPE: 1
    USE: True
  ROTMAT:
    BETA: 0.02
    EVAL_TYPE: 1
    TYPE: 1
    USE: True
  SY_BODY:
    EVAL_TYPE: 1
    TYPE: 1
    USE: False
MODEL:
  CONV_CHANNEL_SIZE: [2048]
  CONV_LAYER: 1
  FULLCONV: True
  IMGSIZE: (256, 256)
  INTERMEDIATE_POSE_ESTIMATION: False
  METRIC_SCALE:
    BBOX_SIZE: 2.2
    DEPTH: 8
    EVAL_STRIDING: 4
    STRIDING: 32
  NUMPRED: 115
  NUM_PRED: 115
  RESNET:
    CENTER_STRIDING: True
    NEXT: True
    PRETRAINED: True
MODEL_FOLDER: /tudelft.net/staff-bulk/ewi/insy/VisionLab/students/wyang/dataset/models/
PASCAL_PATH: /tudelft.net/staff-bulk/ewi/insy/VisionLab/students/wyang/dataset/HDF5/PASCAL/pascal.hdf5
PCA_PATH: None
POSTFIX: OS_BETAANGLEBODY_NEW_MARKER15_BODY001
PREDICTION:
  BODY: ['pelvis', 'lumbar5', 'lumbar4', 'lumbar3', 'lumbar2', 'lumbar1', 'thoracic12', 'thoracic11', 'thoracic10', 'thoracic9', 'thoracic8', 'thoracic7', 'thoracic6', 'thoracic5', 'thoracic4', 'thoracic3', 'thoracic2', 'thoracic1', 'head_neck', 'femur_r', 'tibia_r', 'talus_r', 'calcn_r', 'toes_r', 'femur_l', 'tibia_l', 'talus_l', 'calcn_l', 'toes_l', 'cerv6', 'cerv5', 'cerv4', 'cerv3', 'cerv2', 'cerv1', 'jaw', 'skull', 'thorax', 'clavicle', 'scapula', 'humerus', 'ulna', 'radius', 'clavicle_l', 'scapula_l', 'humerus_l', 'ulna_l', 'radius_l']
  BODY_AMPITUDE_VALUE: [0.38330534, 0.11688988, 0.27979052, 0.18767838, 0.12217734, 0.17559392, 0.25814359, 0.19320878, 0.09488225, 0.23721306, 0.3308586, 0.22396367, 0.08659548, 1e-06, 0.1634575, 0.18397586, 0.23942574, 0.23136499, 0.14410597, 0.14576365, 0.17185328, 0.18178275, 0.15676707, 0.19965802, 0.12167494, 0.14225374, 0.19253547, 0.08705724, 0.13519439, 0.09673029, 0.16227082, 0.25709417, 0.27539152, 0.21485549, 0.11401759, 0.22396367, 0.21485549, 0.1838405, 0.18214334, 0.43287996, 0.43287996, 0.13003099, 0.13036308, 0.2175328, 0.20085876, 0.30206298, 0.3034652, 0.2025831, 0.20302752, 0.1691131, 0.22653959]
  BODY_AVG_VALUE: [1.21267658, 1.19278473, 1.09221309, 0.82231784, 0.65399921, 0.86740023, 1.23414558, 1.13399419, 1.00263798, 1.01988775, 1.04674897, 0.92795962, 0.80902216, 0.94262153, 0.96230629, 0.95413619, 1.04046246, 1.03910667, 0.68939832, 0.71175453, 0.74281865, 0.76454479, 0.9076589, 1.02388528, 0.64942223, 0.89473501, 0.89226717, 0.61283192, 0.7215803, 0.68092433, 1.08504841, 1.17846495, 1.14104316, 1.14461103, 0.74801221, 0.92795962, 1.14461103, 0.89621243, 0.8843008, 1.13165459, 1.13165459, 0.73835266, 0.74087435, 1.07924646, 1.08077973, 1.01209745, 0.99989337, 1.0244289, 1.03203484, 0.82801554, 0.7559647]
  BODY_SCALE_MAPPING: [[0, 1, 2], [10, 3, 9], [10, 3, 9], [10, 3, 9], [10, 3, 9], [10, 3, 9], [10, 3, 9], [10, 4, 9], [10, 4, 9], [10, 5, 9], [10, 5, 9], [10, 6, 9], [10, 6, 9], [10, 6, 9], [10, 6, 9], [10, 6, 9], [10, 6, 9], [10, 6, 9], [11, 7, 9], [16, 14, 16], [20, 18, 20], [20, 18, 20], [22, 23, 24], [28, 30, 30], [17, 15, 17], [21, 19, 21], [21, 19, 21], [25, 26, 27], [29, 31, 31], [11, 7, 9], [11, 7, 9], [11, 7, 9], [11, 7, 9], [11, 7, 9], [11, 7, 9], [12, 8, 13], [12, 8, 13], [32, 33, 34], [37, 35, 41], [39, 36, 41], [45, 43, 45], [49, 47, 49], [49, 47, 49], [38, 35, 42], [40, 36, 42], [46, 44, 46], [50, 48, 50], [50, 48, 50]]
  BODY_SCALE_UNIQUE_NUMS: 51
  BODY_WEIGHTS: [[2.0, 2.0, 2.0], [1.0, 2.0, 1.0], [1.0, 2.0, 1.0], [1.0, 2.0, 1.0], [1.0, 2.0, 1.0], [1.0, 2.0, 1.0], [1.0, 2.0, 1.0], [1.0, 2.0, 1.0], [1.0, 2.0, 1.0], [1.0, 2.0, 1.0], [1.0, 2.0, 1.0], [1.0, 2.0, 1.0], [1.0, 2.0, 1.0], [1.0, 2.0, 1.0], [1.0, 2.0, 1.0], [1.0, 2.0, 1.0], [1.0, 2.0, 1.0], [1.0, 2.0, 1.0], [1.0, 2.0, 1.0], [1.0, 2.0, 1.0], [1.0, 2.0, 1.0], [1.0, 2.0, 1.0], [2.0, 1.0, 1.0], [2.0, 1.0, 1.0], [1.0, 2.0, 1.0], [1.0, 2.0, 1.0], [1.0, 2.0, 1.0], [2.0, 1.0, 1.0], [2.0, 1.0, 1.0], [1.0, 2.0, 1.0], [1.0, 2.0, 1.0], [1.0, 2.0, 1.0], [1.0, 2.0, 1.0], [1.0, 2.0, 1.0], [1.0, 2.0, 1.0], [1.0, 1.0, 2.0], [1.0, 1.0, 2.0], [2.0, 1.0, 1.0], [1.0, 1.0, 2.0], [1.0, 1.0, 2.0], [1.0, 2.0, 1.0], [1.0, 2.0, 1.0], [1.0, 2.0, 1.0], [1.0, 1.0, 2.0], [1.0, 1.0, 2.0], [1.0, 2.0, 1.0], [1.0, 2.0, 1.0], [1.0, 2.0, 1.0]]
  COORDINATES: ['L5_S1_FE', 'L5_S1_LB', 'L5_S1_AR', 'L4_L5_FE', 'L4_L5_LB', 'L4_L5_AR', 'T12_L1_FE', 'T12_L1_LB', 'T12_L1_AR', 'T11_T12_FE', 'T11_T12_LB', 'T11_T12_AR', 'T10_T11_FE', 'T10_T11_LB', 'T10_T11_AR', 'T9_T10_FE', 'T9_T10_LB', 'T9_T10_AR', 'T8_T9_FE', 'T8_T9_LB', 'T8_T9_AR', 'T1_T2_FE', 'T1_T2_LB', 'T1_T2_AR', 'T1_head_neck_FE', 'T1_head_neck_LB', 'T1_head_neck_AR', 'hip_flexion_r', 'hip_adduction_r', 'hip_rotation_r', 'knee_angle_r', 'knee_angle_y_r', 'knee_angle_x_r', 'ankle_angle_r', 'subtalar_angle_r', 'mtp_angle_r', 'hip_flexion_l', 'hip_adduction_l', 'hip_rotation_l', 'knee_angle_l', 'knee_angle_y_l', 'knee_angle_x_l', 'ankle_angle_l', 'subtalar_angle_l', 'mtp_angle_l', 'skull_z', 'skull_y', 'skull_x', 'sternoclavicular_r2', 'sternoclavicular_r3', 'acromioclavicular_r2', 'elv_angle', 'shoulder_elv', 'shoulder1_r2', 'shoulder_rot', 'elbow_flexion', 'elbow_x', 'pro_sup', 'sternoclavicular_r2_l', 'sternoclavicular_r3_l', 'acromioclavicular_r2_l', 'elv_angle_l', 'shoulder_elv_l', 'shoulder1_r2_l', 'shoulder_rot_l', 'elbow_flexion_l', 'elbow_x_l', 'pro_sup_l', 'ribs_bending']
  JOINTS: ['ground_pelvis', 'L5_S1_IVDjnt', 'L4_L5_IVDjnt', 'L3_L4_IVDjnt', 'L2_L3_IVDjnt', 'L1_L2_IVDjnt', 'T12_L1_IVDjnt', 'T11_T12_IVDjnt', 'T10_T11_IVDjnt', 'T9_T10_IVDjnt', 'T8_T9_IVDjnt', 'T7_T8_IVDjnt', 'T6_T7_IVDjnt', 'T5_T6_IVDjnt', 'T4_T5_IVDjnt', 'T3_T4_IVDjnt', 'T2_T3_IVDjnt', 'T1_T2_IVDjnt', 'T1_head_neck', 'hip_r', 'knee_r', 'ankle_r', 'subtalar_r', 'mtp_r', 'hip_l', 'knee_l', 'ankle_l', 'subtalar_l', 'mtp_l', 'C7_cerv6', 'C7_cerv5', 'C7_cerv4', 'C7_cerv3', 'C7_cerv2', 'C7_cerv1', 'skull_jaw', 'C7_skull', 'sternoclavicular', 'acromioclavicular', 'shoulder2', 'elbow', 'radioulnar', 'sternoclavicular_l', 'acromioclavicular_l', 'shoulder2_l', 'elbow_l', 'radioulnar_l', 'T1_rib']
  Joints_Inside_Cylinder_Body_LIST: [['ROOT', 'Torso'], ['RHIPJ', 'Torso'], ['LHIPJ', 'Torso'], ['Spine1', 'Torso'], ['Spine2', 'Torso'], ['Spine3', 'Torso'], ['LCOL', 'Torso'], ['RCOL', 'Torso'], ['NECK', 'Torso'], ['HEAD', 'HEAD'], ['RKNE', 'RightLeg'], ['RKNI', 'RightLeg'], ['LKNE', 'LeftLeg'], ['LKNI', 'LeftLeg'], ['LANK', 'LeftShrank'], ['RANK', 'RightShrank'], ['LANI', 'LeftShrank'], ['RANI', 'RightShrank'], ['RTOE', 'RightFOOT'], ['LTOE', 'LeftFOOT'], ['RMT1', 'RightFOOT'], ['LMT1', 'LeftFOOT'], ['RMT5', 'RightFOOT'], ['LMT5', 'LeftFOOT'], ['LELB', 'LeftArm'], ['RELB', 'RightArm'], ['LELBIN', 'LeftArm'], ['RELBIN', 'RightArm'], ['LIWR', 'LeftForearm'], ['RIWR', 'RightForearm'], ['LOWR', 'LeftForearm'], ['ROWR', 'RightForearm'], ['ground_pelvis', 'Torso'], ['L5_S1_IVDjnt', 'Torso'], ['L4_L5_IVDjnt', 'Torso'], ['L3_L4_IVDjnt', 'Torso'], ['L2_L3_IVDjnt', 'Torso'], ['L1_L2_IVDjnt', 'Torso'], ['T12_L1_IVDjnt', 'Torso'], ['T11_T12_IVDjnt', 'Torso'], ['T10_T11_IVDjnt', 'Torso'], ['T9_T10_IVDjnt', 'Torso'], ['T8_T9_IVDjnt', 'Torso'], ['T7_T8_IVDjnt', 'Torso'], ['T6_T7_IVDjnt', 'Torso'], ['T5_T6_IVDjnt', 'Torso'], ['T4_T5_IVDjnt', 'Torso'], ['T3_T4_IVDjnt', 'Torso'], ['T2_T3_IVDjnt', 'Torso'], ['T1_T2_IVDjnt', 'Torso'], ['T1_head_neck', 'HEAD'], ['hip_r', 'RightLeg'], ['knee_r', 'RightLeg'], ['ankle_r', 'RightShrank'], ['subtalar_r', 'RightShrank'], ['mtp_r', 'RightFOOT'], ['hip_l', 'LeftLeg'], ['knee_l', 'LeftLeg'], ['ankle_l', 'LeftShrank'], ['subtalar_l', 'LeftShrank'], ['mtp_l', 'LeftFOOT'], ['C7_cerv6', 'HEAD'], ['C7_cerv5', 'HEAD'], ['C7_cerv4', 'HEAD'], ['C7_cerv3', 'HEAD'], ['C7_cerv2', 'HEAD'], ['C7_cerv1', 'HEAD'], ['skull_jaw', 'HEAD'], ['C7_skull', 'HEAD'], ['sternoclavicular', 'RightArm'], ['acromioclavicular', 'RightArm'], ['shoulder2', 'RightArm'], ['elbow', 'RightArm'], ['radioulnar', 'RightForearm'], ['sternoclavicular_l', 'LeftArm'], ['acromioclavicular_l', 'LeftArm'], ['shoulder2_l', 'LeftArm'], ['elbow_l', 'LeftArm'], ['radioulnar_l', 'LeftForearm'], ['T1_rib', 'Torso'], ['radiocarpal', 'RightForearm'], ['radiocarpal_l', 'LeftForearm']]
  LEAFJOINTS: ['radiocarpal', 'radiocarpal_l']
  MARKER: ['ROOT', 'LHIPJ', 'RHIPJ', 'Spine1', 'LKJC', 'RKJC', 'Spine2', 'LAJC', 'RAJC', 'Spine3', 'LFOOT', 'RFOOT', 'NECK', 'LCOL', 'RCOL', 'HEAD', 'LSHOULDER', 'RSHOULDER', 'LELC', 'RELC', 'LWRIST', 'RWRIST', 'LPSI', 'RPSI', 'RASI', 'LASI', 'T12', 'T10', 'T8', 'T1', 'C7', 'RKNE', 'RKNI', 'LKNE', 'LKNI', 'LANK', 'RANK', 'LANI', 'RANI', 'LHEE', 'RHEE', 'RTOE', 'LTOE', 'RMT1', 'LMT1', 'RMT5', 'LMT5', 'LSHO', 'RSHO', 'STRN', 'CLAV', 'RCLAV', 'LCLAV', 'LELB', 'RELB', 'LELBIN', 'RELBIN', 'LIWR', 'RIWR', 'LOWR', 'ROWR', 'LFHD', 'RFHD', 'LBHD', 'RBHD']
  MIRROR_BONES: [0, 1, 2, 3, 4, 5, 6, 7, 8, 9, 10, 11, 12, 13, 14, 15, 16, 17, 18, 24, 25, 26, 27, 28, 19, 20, 21, 22, 23, 29, 30, 31, 32, 33, 34, 35, 36, 37, 43, 44, 45, 46, 47, 38, 39, 40, 41, 42]
  NUM_JOINTS: 50
  NUM_MARKERS: 65
  NUM_SMPL_JOINTS: 22
  POS_NAME: ['ground_pelvis', 'L5_S1_IVDjnt', 'L4_L5_IVDjnt', 'L3_L4_IVDjnt', 'L2_L3_IVDjnt', 'L1_L2_IVDjnt', 'T12_L1_IVDjnt', 'T11_T12_IVDjnt', 'T10_T11_IVDjnt', 'T9_T10_IVDjnt', 'T8_T9_IVDjnt', 'T7_T8_IVDjnt', 'T6_T7_IVDjnt', 'T5_T6_IVDjnt', 'T4_T5_IVDjnt', 'T3_T4_IVDjnt', 'T2_T3_IVDjnt', 'T1_T2_IVDjnt', 'T1_head_neck', 'hip_r', 'knee_r', 'ankle_r', 'subtalar_r', 'mtp_r', 'hip_l', 'knee_l', 'ankle_l', 'subtalar_l', 'mtp_l', 'C7_cerv6', 'C7_cerv5', 'C7_cerv4', 'C7_cerv3', 'C7_cerv2', 'C7_cerv1', 'skull_jaw', 'C7_skull', 'sternoclavicular', 'acromioclavicular', 'shoulder2', 'elbow', 'radioulnar', 'sternoclavicular_l', 'acromioclavicular_l', 'shoulder2_l', 'elbow_l', 'radioulnar_l', 'T1_rib', 'radiocarpal', 'radiocarpal_l', 'ROOT', 'LHIPJ', 'RHIPJ', 'Spine1', 'LKJC', 'RKJC', 'Spine2', 'LAJC', 'RAJC', 'Spine3', 'LFOOT', 'RFOOT', 'NECK', 'LCOL', 'RCOL', 'HEAD', 'LSHOULDER', 'RSHOULDER', 'LELC', 'RELC', 'LWRIST', 'RWRIST', 'LPSI', 'RPSI', 'RASI', 'LASI', 'T12', 'T10', 'T8', 'T1', 'C7', 'RKNE', 'RKNI', 'LKNE', 'LKNI', 'LANK', 'RANK', 'LANI', 'RANI', 'LHEE', 'RHEE', 'RTOE', 'LTOE', 'RMT1', 'LMT1', 'RMT5', 'LMT5', 'LSHO', 'RSHO', 'STRN', 'CLAV', 'RCLAV', 'LCLAV', 'LELB', 'RELB', 'LELBIN', 'RELBIN', 'LIWR', 'RIWR', 'LOWR', 'ROWR', 'LFHD', 'RFHD', 'LBHD', 'RBHD']
PROGRESSBAR: False
RESNETPATH: None
SEED: 100
STARTMODELPATH: None
TESTMODE: False
TEST_SUBJECTS: [2, 29, 19, 21, 51, 26, 7, 72, 77, 17, 65, 80, 6, 76, 10, 73, 13, 38]
TRAINING:
  AWARED_OCCLUSION:
    GT: False
    USE: False
  BATCHSIZE: 64
  COORDINATE_MAX_WEIGHT: 2
  END_LR: [3.33e-05, 1e-06]
  EPOCH: [28, 2]
  EVALUATION_BATCHSIZE: 32
  LOSS2D: False
  LOSSTYPE: 1
  MARKER_PREDICTION: True
  MARKER_TYPE: [10, 10, 10, 1, 1, 1, 1, 1, 1, 1, 20, 20, 10, 1, 1, 10, 0, 0, 1, 1, 1, 1, 20, 20, 20, 20, 10, 20, 10, 10, 20, 20, 20, 20, 20, 20, 20, 20, 20, 20, 20, 10, 10, 1, 1, 1, 1, 20, 20, 20, 20, 1, 1, 20, 20, 20, 20, 20, 20, 20, 20, 10, 10, 10, 10]
  MARKER_WEIGHT: [1.0, 1.0, 1.0, 0.1, 0.1, 0.1, 0.1, 0.1, 0.1, 0.1, 2.0, 2.0, 1.0, 0.1, 0.1, 1.0, 0.0, 0.0, 0.1, 0.1, 0.1, 0.1, 2.0, 2.0, 2.0, 2.0, 1.0, 2.0, 1.0, 1.0, 2.0, 2.0, 2.0, 2.0, 2.0, 2.0, 2.0, 2.0, 2.0, 2.0, 2.0, 1.0, 1.0, 0.1, 0.1, 0.1, 0.1, 2.0, 2.0, 2.0, 2.0, 0.1, 0.1, 2.0, 2.0, 2.0, 2.0, 2.0, 2.0, 2.0, 2.0, 1.0, 1.0, 1.0, 1.0]
  PCA: False
  PCA_COMPONENTS: 51
  START_LR: [0.0005, 3.33e-06]
  TRAINING_STEPS: 2
  USE_BODY_WEIGHTS: False
  USE_OS_SIMULATION: False
  VALID_BATCHSIZE: 64
TRAINING_SUBJECTS: [78, 59, 79, 44, 56, 88, 75, 61, 53, 47, 40, 41, 32, 70, 28, 39, 69, 11, 3, 90, 71, 54, 20, 85, 37, 34, 33, 46, 67, 63, 55, 36, 42, 50, 24, 35, 84, 45, 60, 16, 74, 82, 27, 89, 57, 5, 49, 22, 4, 66, 31, 83, 43, 48, 52, 68, 25, 9, 18, 1, 81, 58, 23, 62, 64, 8, 87]
VALID_SUBJECTS: [14, 86, 15, 30]
VALID_WORKERS: 16
WORKERS: 16
84900 training data, 21822 valid data, 100839 test data
layer3 uses center striding.
Use ResNet50 Next with center striding and Petrained model
Image size : (256, 256)
Training with lr from 0.0005 to 3.33e-05 in 28 epochs.
LR decay rate : 0.904534157262606
Evaluation : False
Train , Epoch 0 : : total loss : 0.5182569149437714   Marker : 0.31082544823038094   Joint : 0.1231930884694172   Angle : 0.04899323874660297   body : 0.0014907048880312237   rootMat : 0.033754434082572816   
Evaluation : True
/tudelft.net/staff-bulk/ewi/insy/VisionLab/students/wyang/miniconda/miniconda/lib/python3.8/site-packages/torch/nn/functional.py:718: UserWarning: Named tensors and all their associated APIs are an experimental feature and subject to change. Please do not use them for anything important until they are released as stable. (Triggered internally at  /opt/conda/conda-bld/pytorch_1623448278899/work/c10/core/TensorImpl.h:1156.)
  return torch.max_pool2d(input, kernel_size, stride, padding, dilation, ceil_mode)
Valid, Epoch 0 : : total loss : 0.31335632384353285   Marker : 0.14401531632470338   Joint : 0.07007434281056463   Angle : 0.07720339480705915   body : 0.001871086745476397   rootMat : 0.020192183635431713   
Current LR:  [0.00045226707863130303]
Best Loss : 0.14401531632470338
Evaluation : False
Train , Epoch 1 : : total loss : 0.3999905281926352   Marker : 0.24144877867596182   Joint : 0.09512899209201606   Angle : 0.03856349847986058   body : 0.0012637296444659163   rootMat : 0.023585530413036567   
Evaluation : True
Valid, Epoch 1 : : total loss : 0.26784142596989763   Marker : 0.11946488758589212   Joint : 0.05642507184099161   Angle : 0.07311050922030894   body : 0.0017680092727957151   rootMat : 0.017072948367946823   
Current LR:  [0.00040909102082738646]
Best Loss : 0.11946488758589212
Evaluation : False
Train , Epoch 2 : : total loss : 0.32845382138434936   Marker : 0.1978917152341315   Joint : 0.07718015740011702   Angle : 0.03376996858525869   body : 0.0011482795491129115   rootMat : 0.018463701759163027   
Evaluation : True
Valid, Epoch 2 : : total loss : 0.2377853642002973   Marker : 0.1027558681213411   Joint : 0.04954050923123629   Angle : 0.06759942940880753   body : 0.0016468967127653584   rootMat : 0.01624266114132005   
Current LR:  [0.0003700368017677992]
Best Loss : 0.1027558681213411
Evaluation : False
Train , Epoch 3 : : total loss : 0.2957331265574307   Marker : 0.17787296716039536   Joint : 0.06905916722022211   Angle : 0.030969127169831308   body : 0.001010565538374429   rootMat : 0.016821299500476856   
Evaluation : True
Valid, Epoch 3 : : total loss : 0.2241633675644918   Marker : 0.097046269318129   Joint : 0.045220276484752964   Angle : 0.06574960334984283   body : 0.001618630055007986   rootMat : 0.014528587550654134   
Current LR:  [0.00033471092664318623]
Best Loss : 0.097046269318129
Evaluation : False
Train , Epoch 4 : : total loss : 0.26403777228266584   Marker : 0.15860047392535892   Joint : 0.06126167856404055   Angle : 0.02826700707389039   body : 0.0008984646254846317   rootMat : 0.015010147862597108   
Evaluation : True
Valid, Epoch 4 : : total loss : 0.21532204085381415   Marker : 0.09182996312198144   Joint : 0.04592442111542459   Angle : 0.06272451813788454   body : 0.0015940455465978972   rootMat : 0.01324909312534306   
Current LR:  [0.0003027574659577804]
Best Loss : 0.09182996312198144
Evaluation : False
Train , Epoch 5 : : total loss : 0.24607861074611972   Marker : 0.14780838383561165   Joint : 0.05688711449076867   Angle : 0.026418164340135827   body : 0.0008209215613278008   rootMat : 0.0141440272088223   
Evaluation : True
Valid, Epoch 5 : : total loss : 0.20493987506649342   Marker : 0.08618828373228025   Joint : 0.042682324481943486   Angle : 0.061554734663831774   body : 0.0015770329126458089   rootMat : 0.012937499109005886   
Current LR:  [0.000273854469325083]
Best Loss : 0.08618828373228025
Evaluation : False
Train , Epoch 6 : : total loss : 0.23160883215667616   Marker : 0.13918024639783041   Joint : 0.05337190678340367   Angle : 0.024970984658111185   body : 0.0007707656313841502   rootMat : 0.013314928990110282   
Evaluation : True
Valid, Epoch 6 : : total loss : 0.20387135064631398   Marker : 0.08597659893165248   Joint : 0.04155258014258713   Angle : 0.06208847937165691   body : 0.0015371549714415728   rootMat : 0.012716537800863086   
Current LR:  [0.0002477107216235621]
Best Loss : 0.08597659893165248
Evaluation : False
Train , Epoch 7 : : total loss : 0.2207015461624118   Marker : 0.13274724388756365   Joint : 0.050759147217730415   Angle : 0.023811684941049793   body : 0.0007327586348954487   rootMat : 0.012650711485079376   
Evaluation : True
Valid, Epoch 7 : : total loss : 0.20124086887040415   Marker : 0.08420853091033566   Joint : 0.04297480498735982   Angle : 0.05923626439489001   body : 0.001510389922175636   rootMat : 0.013310878971802763   
Current LR:  [0.00022406280882868076]
Best Loss : 0.08420853091033566
Evaluation : False
Train , Epoch 8 : : total loss : 0.20554328822217555   Marker : 0.12378080060556643   Joint : 0.047039040924804244   Angle : 0.02240271669311019   body : 0.0006955454610537479   rootMat : 0.01162518453285615   
Evaluation : True
Valid, Epoch 8 : : total loss : 0.19300009489562026   Marker : 0.08077648851548311   Joint : 0.0405700924678177   Angle : 0.05868322603338286   body : 0.0015016193397089821   rootMat : 0.011468669023197825   
Current LR:  [0.00020267246395774314]
Best Loss : 0.08077648851548311
Evaluation : False
Train , Epoch 9 : : total loss : 0.19855389621552658   Marker : 0.11965639294767091   Joint : 0.04539788319682913   Angle : 0.021538326218949005   body : 0.0006729677161672413   rootMat : 0.011288326434498909   
Evaluation : True
Valid, Epoch 9 : : total loss : 0.2060113138921341   Marker : 0.08703012717064071   Joint : 0.04212012876348571   Angle : 0.06172112955442654   body : 0.0015814199399408941   rootMat : 0.013558508855767084   
Current LR:  [0.00018332416638635308]
Evaluation : False
Train , Epoch 10 : : total loss : 0.1946069345013049   Marker : 0.11728625063016045   Joint : 0.04449061327649008   Angle : 0.02107528111438069   body : 0.0006616894101044851   rootMat : 0.01109310000401614   
Evaluation : True
Valid, Epoch 10 : : total loss : 0.18464241592904385   Marker : 0.07727754352597724   Joint : 0.03766364523726635   Angle : 0.05667523387896349   body : 0.00151898652204518   rootMat : 0.011507006494724262   
Current LR:  [0.00016582297034814964]
Best Loss : 0.07727754352597724
Evaluation : False
Train , Epoch 11 : : total loss : 0.1819272719402299   Marker : 0.10978455087493089   Joint : 0.041441869943052934   Angle : 0.01987977101373434   body : 0.0006334109909250928   rootMat : 0.01018766896570239   
Evaluation : True
Valid, Epoch 11 : : total loss : 0.18156375728555085   Marker : 0.07461402563943444   Joint : 0.037243876210514164   Angle : 0.05680784793136515   body : 0.0014936432692050476   rootMat : 0.011404364742560584   
Current LR:  [0.00014999254073864564]
Best Loss : 0.07461402563943444
Evaluation : False
Train , Epoch 12 : : total loss : 0.1766197176405747   Marker : 0.1066365572616885   Joint : 0.04020554665897497   Angle : 0.019229396095367352   body : 0.0006171012112289965   rootMat : 0.00993111667358127   
Evaluation : True
Valid, Epoch 12 : : total loss : 0.17985178383949663   Marker : 0.07433930134731737   Joint : 0.03658274888456955   Angle : 0.056337937225114196   body : 0.0014786451838855268   rootMat : 0.011113151092597473   
Current LR:  [0.00013567337643270792]
Best Loss : 0.07433930134731737
Evaluation : False
Train , Epoch 13 : : total loss : 0.1707188882843941   Marker : 0.10317153521837333   Joint : 0.03880910612755142   Angle : 0.018598756976959438   body : 0.0006037943831523445   rootMat : 0.009535695890773813   
Evaluation : True
Valid, Epoch 13 : : total loss : 0.18089262181204166   Marker : 0.07474999318648604   Joint : 0.0370161414293919   Angle : 0.05635742157432732   body : 0.0014909125100396182   rootMat : 0.011278152888504703   
Current LR:  [0.00012272120321453177]
Evaluation : False
Train , Epoch 14 : : total loss : 0.16850938937917553   Marker : 0.10185634573502958   Joint : 0.03826239646087944   Angle : 0.018260310300054143   body : 0.0005972298738315946   rootMat : 0.00953310718626447   
Evaluation : True
Valid, Epoch 14 : : total loss : 0.17795041013666432   Marker : 0.07324245746080428   Joint : 0.03633142345253832   Angle : 0.05601360803672652   body : 0.0015247567297229953   rootMat : 0.010838164727280965   
Current LR:  [0.0001110055201279095]
Best Loss : 0.07324245746080428
Evaluation : False
Train , Epoch 15 : : total loss : 0.16293332774085337   Marker : 0.09861572121085983   Joint : 0.03688794994926246   Angle : 0.017701986487421065   body : 0.0005846680931256716   rootMat : 0.009143002005715379   
Evaluation : True
Valid, Epoch 15 : : total loss : 0.17804448166029907   Marker : 0.07280663706054281   Joint : 0.036852527326825625   Angle : 0.05576755730984093   body : 0.0015102697358978909   rootMat : 0.011107490249213722   
Current LR:  [0.00010040828460039587]
Best Loss : 0.07280663706054281
Evaluation : False
Train , Epoch 16 : : total loss : 0.15847714717301847   Marker : 0.0959681988852506   Joint : 0.03585668133507127   Angle : 0.017249434536005488   body : 0.000573467169429153   rootMat : 0.00882936517081503   
Evaluation : True
Valid, Epoch 16 : : total loss : 0.17668738945104517   Marker : 0.07230585221900762   Joint : 0.03639663939580462   Angle : 0.05555087938698541   body : 0.001531022172084913   rootMat : 0.01090299650847819   
Current LR:  [9.082272309320297e-05]
Best Loss : 0.07230585221900762
Evaluation : False
Train , Epoch 17 : : total loss : 0.15510977763081388   Marker : 0.09403011224163783   Joint : 0.035062599928591676   Angle : 0.01683316595759664   body : 0.0005676547956007124   rootMat : 0.008616244698892914   
Evaluation : True
Valid, Epoch 17 : : total loss : 0.1736072045659158   Marker : 0.07070889970404277   Joint : 0.03586621768926244   Angle : 0.05475302589725218   body : 0.0015295953454417166   rootMat : 0.010749466402449165   
Current LR:  [8.215225529340538e-05]
Best Loss : 0.07070889970404277
Evaluation : False
Train , Epoch 18 : : total loss : 0.15196464972101364   Marker : 0.09216741116248285   Joint : 0.034310592370751125   Angle : 0.016463627927791928   body : 0.0005612833282561217   rootMat : 0.00846173533492723   
Evaluation : True
Valid, Epoch 18 : : total loss : 0.17490471662560345   Marker : 0.07172517445006364   Joint : 0.036071951260281336   Angle : 0.05505897894251763   body : 0.0015530144151676784   rootMat : 0.010495597931775172   
Current LR:  [7.43095210090429e-05]
Evaluation : False
Train , Epoch 19 : : total loss : 0.1488124077934575   Marker : 0.09028796899956995   Joint : 0.03358761949371968   Angle : 0.016130119991990235   body : 0.000555435455721862   rootMat : 0.008251264637622695   
Evaluation : True
Valid, Epoch 19 : : total loss : 0.17485880388499903   Marker : 0.07109869259020637   Joint : 0.03604369596822726   Angle : 0.05513801367994561   body : 0.0015288109372747817   rootMat : 0.011049590907200875   
Current LR:  [6.721549996250254e-05]
Evaluation : False
Train , Epoch 20 : : total loss : 0.14620683634959913   Marker : 0.08880089747622542   Joint : 0.0329396314638053   Angle : 0.01585532265517237   body : 0.0005487180693351789   rootMat : 0.008062266611225824   
Evaluation : True
Valid, Epoch 20 : : total loss : 0.17158080773069073   Marker : 0.0692696829686057   Joint : 0.035074559927817044   Angle : 0.05495314995884819   body : 0.0015004233197408858   rootMat : 0.010782991579407984   
Current LR:  [6.0798715613566956e-05]
Best Loss : 0.0692696829686057
Evaluation : False
Train , Epoch 21 : : total loss : 0.14404066098603907   Marker : 0.0875201803290736   Joint : 0.032427611883004866   Angle : 0.015621422596140954   body : 0.0005452903459055088   rootMat : 0.007926155769141168   
Evaluation : True
Valid, Epoch 21 : : total loss : 0.17180862298709706   Marker : 0.06956783833768997   Joint : 0.03535772894875571   Angle : 0.05481586777183883   body : 0.001527467978657816   rootMat : 0.010539719839874409   
Current LR:  [5.499451499016663e-05]
Evaluation : False
Train , Epoch 22 : : total loss : 0.14201993046280664   Marker : 0.08632956955969603   Joint : 0.03196379708527934   Angle : 0.015379251793538239   body : 0.0005416995041319247   rootMat : 0.0078056123561392994   
Evaluation : True
Valid, Epoch 22 : : total loss : 0.17079164623263646   Marker : 0.06917605360971779   Joint : 0.035000932311150784   Angle : 0.05464181520031829   body : 0.0015204100858585042   rootMat : 0.010452434985985755   
Current LR:  [4.974441727069613e-05]
Best Loss : 0.06917605360971779
Evaluation : False
Train , Epoch 23 : : total loss : 0.13969236564559814   Marker : 0.08494121300935925   Joint : 0.031383421888707   Angle : 0.015138648601380903   body : 0.0005382052575107059   rootMat : 0.007690877156742311   
Evaluation : True
Valid, Epoch 23 : : total loss : 0.17204674069685433   Marker : 0.06946772529250508   Joint : 0.03560881446813119   Angle : 0.05495969169835386   body : 0.0015326945930405264   rootMat : 0.01047781463321522   
Current LR:  [4.4995524554468545e-05]
Evaluation : False
Train , Epoch 24 : : total loss : 0.1380179376590036   Marker : 0.08397606789481406   Joint : 0.03096809240302484   Angle : 0.01494702804401   body : 0.0005339065349894698   rootMat : 0.007592842374755516   
Evaluation : True
Valid, Epoch 24 : : total loss : 0.1717075547270853   Marker : 0.06956984761130328   Joint : 0.035327690209906254   Angle : 0.05468000791302502   body : 0.0015346810212112153   rootMat : 0.010595327925888562   
Current LR:  [4.06999888834651e-05]
Evaluation : False
Train , Epoch 25 : : total loss : 0.13666449888956314   Marker : 0.08317821500415536   Joint : 0.03066081877483187   Angle : 0.014777722492460078   body : 0.0005325668505777508   rootMat : 0.007515175767779507   
Evaluation : True
Valid, Epoch 25 : : total loss : 0.17167748437772562   Marker : 0.06944994153575253   Joint : 0.0352698134743384   Angle : 0.054707881647401396   body : 0.0015437778672038685   rootMat : 0.010706069716971514   
Current LR:  [3.681453014530254e-05]
Evaluation : False
Train , Epoch 26 : : total loss : 0.1348646378501418   Marker : 0.0821263302752515   Joint : 0.030225651359767125   Angle : 0.014586685552664921   body : 0.0005277440570276245   rootMat : 0.007398226850793934   
Evaluation : True
Valid, Epoch 26 : : total loss : 0.17058830439973385   Marker : 0.06842491421556617   Joint : 0.035387233010287594   Angle : 0.05463978303755994   body : 0.001530931315767799   rootMat : 0.010605442533243064   
Current LR:  [3.330000000000004e-05]
Best Loss : 0.06842491421556617
Evaluation : False
Train , Epoch 27 : : total loss : 0.1338801452016309   Marker : 0.08155618981650692   Joint : 0.029972922621606703   Angle : 0.014482051259128666   body : 0.0005270901520112825   rootMat : 0.007341891556323631   
Evaluation : True
Valid, Epoch 27 : : total loss : 0.1701286724491939   Marker : 0.06848887415660333   Joint : 0.034959168848114286   Angle : 0.05428908669034105   body : 0.0015486393642148574   rootMat : 0.010842903293126357   
Training with lr from 3.33e-06 to 1e-06 in 2 epochs.
LR decay rate : 0.3003003003003003
Evaluation : False
Train , Epoch 28 : : total loss : 0.13047606648587892   Marker : 0.07948173705606439   Joint : 0.029058560401729418   Angle : 0.014259479326079424   body : 0.0005238897430836567   rootMat : 0.0071523999345810526   
Evaluation : True
Valid, Epoch 28 : : total loss : 0.16844682017841955   Marker : 0.06763337317510351   Joint : 0.03452501364954341   Angle : 0.05432007415147588   body : 0.0015302718323481727   rootMat : 0.010438087742784896   
Current LR:  [1e-06]
Best Loss : 0.06763337317510351
Evaluation : False
Train , Epoch 29 : : total loss : 0.13017156274025615   Marker : 0.07925043702912186   Joint : 0.02902496506939017   Angle : 0.014239081460420678   body : 0.000524239823995453   rootMat : 0.007132839650648953   
Evaluation : True
Valid, Epoch 29 : : total loss : 0.16862950737126073   Marker : 0.06770017156132462   Joint : 0.034555985910428584   Angle : 0.054335752980932614   body : 0.001542649432523759   rootMat : 0.010494947217008107   
Finished Training
Load  /tudelft.net/staff-bulk/ewi/insy/VisionLab/students/wyang/dataset/models/model_28_OS_BETAANGLEBODY_NEW_MARKER15_BODY001.pt
layer3 uses center striding.
Use ResNet50 Next with center striding and Petrained model
Image size : (256, 256)
Load Pose Estimation Model : /tudelft.net/staff-bulk/ewi/insy/VisionLab/students/wyang/dataset/models/model_28_OS_BETAANGLEBODY_NEW_MARKER15_BODY001.pt
 OS Joint error : 0.03452502191066742 , SMPLH Joint error : 0.042331110686063766 , Marker error : 0.04478801414370537 , BonyLandmark : 0.04508892074227333
 OS Joint error : 0.029523754492402077 , SMPLH Joint error : 0.03647667542099953 , Marker error : 0.037481002509593964 , BonyLandmark : 0.037449125200510025
srun: Job step aborted: Waiting up to 32 seconds for job step to finish.
slurmstepd: error: *** STEP 6565023.0 ON ewi3 CANCELLED AT 2021-07-16T14:33:42 DUE TO TIME LIMIT ***
slurmstepd: error: *** JOB 6565023 ON ewi3 CANCELLED AT 2021-07-16T14:33:42 DUE TO TIME LIMIT ***
